[0.842s] Invoking command in '/home/temur/INS-GPS-ROS2/src/ht_strap_package': AMENT_PREFIX_PATH=/home/temur/INS-GPS-ROS2/install/ht_nav_variables:${AMENT_PREFIX_PATH} CMAKE_PREFIX_PATH=/home/temur/INS-GPS-ROS2/install/ht_nav_variables:${CMAKE_PREFIX_PATH} LD_LIBRARY_PATH=/home/temur/INS-GPS-ROS2/install/ht_nav_variables/lib:${LD_LIBRARY_PATH} PYTHONPATH=/home/temur/INS-GPS-ROS2/install/ht_strap_package/lib/python3.8/site-packages:/home/temur/INS-GPS-ROS2/install/ht_nav_variables/lib/python3.8/site-packages:${PYTHONPATH} /usr/bin/python3 setup.py egg_info --egg-base ../../build/ht_strap_package build --build-base /home/temur/INS-GPS-ROS2/build/ht_strap_package/build install --prefix /home/temur/INS-GPS-ROS2/install/ht_strap_package --record /home/temur/INS-GPS-ROS2/build/ht_strap_package/install.log --single-version-externally-managed
[1.147s] running egg_info
[1.148s] writing ../../build/ht_strap_package/ht_strap_package.egg-info/PKG-INFO
[1.149s] writing dependency_links to ../../build/ht_strap_package/ht_strap_package.egg-info/dependency_links.txt
[1.149s] writing entry points to ../../build/ht_strap_package/ht_strap_package.egg-info/entry_points.txt
[1.149s] writing requirements to ../../build/ht_strap_package/ht_strap_package.egg-info/requires.txt
[1.150s] writing top-level names to ../../build/ht_strap_package/ht_strap_package.egg-info/top_level.txt
[1.198s] reading manifest file '../../build/ht_strap_package/ht_strap_package.egg-info/SOURCES.txt'
[1.200s] writing manifest file '../../build/ht_strap_package/ht_strap_package.egg-info/SOURCES.txt'
[1.201s] running build
[1.201s] running build_py
[1.202s] running install
[1.203s] running install_lib
[1.206s] running install_data
[1.207s] running install_egg_info
[1.209s] removing '/home/temur/INS-GPS-ROS2/install/ht_strap_package/lib/python3.8/site-packages/ht_strap_package-0.0.0-py3.8.egg-info' (and everything under it)
[1.209s] Copying ../../build/ht_strap_package/ht_strap_package.egg-info to /home/temur/INS-GPS-ROS2/install/ht_strap_package/lib/python3.8/site-packages/ht_strap_package-0.0.0-py3.8.egg-info
[1.210s] running install_scripts
[1.233s] Installing gps_data_converter_node script to /home/temur/INS-GPS-ROS2/install/ht_strap_package/lib/ht_strap_package
[1.234s] Installing gps_data_publisher_node script to /home/temur/INS-GPS-ROS2/install/ht_strap_package/lib/ht_strap_package
[1.234s] Installing ideal_gps_data_converter_node script to /home/temur/INS-GPS-ROS2/install/ht_strap_package/lib/ht_strap_package
[1.234s] Installing imu_data_converter_node script to /home/temur/INS-GPS-ROS2/install/ht_strap_package/lib/ht_strap_package
[1.235s] Installing imu_data_publisher_node script to /home/temur/INS-GPS-ROS2/install/ht_strap_package/lib/ht_strap_package
[1.235s] Installing ins_gps_node script to /home/temur/INS-GPS-ROS2/install/ht_strap_package/lib/ht_strap_package
[1.235s] Installing joint_listener_node script to /home/temur/INS-GPS-ROS2/install/ht_strap_package/lib/ht_strap_package
[1.235s] Installing listener script to /home/temur/INS-GPS-ROS2/install/ht_strap_package/lib/ht_strap_package
[1.236s] Installing my_teleop script to /home/temur/INS-GPS-ROS2/install/ht_strap_package/lib/ht_strap_package
[1.236s] Installing pseudo_controller script to /home/temur/INS-GPS-ROS2/install/ht_strap_package/lib/ht_strap_package
[1.236s] Installing strap_ins_gps_node script to /home/temur/INS-GPS-ROS2/install/ht_strap_package/lib/ht_strap_package
[1.236s] Installing strap_node script to /home/temur/INS-GPS-ROS2/install/ht_strap_package/lib/ht_strap_package
[1.236s] Installing strap_w_kalman_node script to /home/temur/INS-GPS-ROS2/install/ht_strap_package/lib/ht_strap_package
[1.237s] writing list of installed files to '/home/temur/INS-GPS-ROS2/build/ht_strap_package/install.log'
[1.274s] Invoked command in '/home/temur/INS-GPS-ROS2/src/ht_strap_package' returned '0': AMENT_PREFIX_PATH=/home/temur/INS-GPS-ROS2/install/ht_nav_variables:${AMENT_PREFIX_PATH} CMAKE_PREFIX_PATH=/home/temur/INS-GPS-ROS2/install/ht_nav_variables:${CMAKE_PREFIX_PATH} LD_LIBRARY_PATH=/home/temur/INS-GPS-ROS2/install/ht_nav_variables/lib:${LD_LIBRARY_PATH} PYTHONPATH=/home/temur/INS-GPS-ROS2/install/ht_strap_package/lib/python3.8/site-packages:/home/temur/INS-GPS-ROS2/install/ht_nav_variables/lib/python3.8/site-packages:${PYTHONPATH} /usr/bin/python3 setup.py egg_info --egg-base ../../build/ht_strap_package build --build-base /home/temur/INS-GPS-ROS2/build/ht_strap_package/build install --prefix /home/temur/INS-GPS-ROS2/install/ht_strap_package --record /home/temur/INS-GPS-ROS2/build/ht_strap_package/install.log --single-version-externally-managed
