[0.249s] Invoking command in '/home/temurtas/INS-GPS-ROS2/src/ht_strap_package': PYTHONPATH=/home/temurtas/INS-GPS-ROS2/install/ht_strap_package/lib/python3.8/site-packages:${PYTHONPATH} /usr/bin/python3 setup.py egg_info --egg-base ../../build/ht_strap_package build --build-base /home/temurtas/INS-GPS-ROS2/build/ht_strap_package/build install --prefix /home/temurtas/INS-GPS-ROS2/install/ht_strap_package --record /home/temurtas/INS-GPS-ROS2/build/ht_strap_package/install.log --single-version-externally-managed
[0.428s] running egg_info
[0.429s] writing ../../build/ht_strap_package/ht_strap_package.egg-info/PKG-INFO
[0.429s] writing dependency_links to ../../build/ht_strap_package/ht_strap_package.egg-info/dependency_links.txt
[0.429s] writing entry points to ../../build/ht_strap_package/ht_strap_package.egg-info/entry_points.txt
[0.430s] writing requirements to ../../build/ht_strap_package/ht_strap_package.egg-info/requires.txt
[0.430s] writing top-level names to ../../build/ht_strap_package/ht_strap_package.egg-info/top_level.txt
[0.459s] reading manifest file '../../build/ht_strap_package/ht_strap_package.egg-info/SOURCES.txt'
[0.460s] writing manifest file '../../build/ht_strap_package/ht_strap_package.egg-info/SOURCES.txt'
[0.460s] running build
[0.461s] running build_py
[0.461s] copying ht_strap_package/ht_pub_sub_deneme.py -> /home/temurtas/INS-GPS-ROS2/build/ht_strap_package/build/lib/ht_strap_package
[0.461s] running install
[0.461s] running install_lib
[0.462s] copying /home/temurtas/INS-GPS-ROS2/build/ht_strap_package/build/lib/ht_strap_package/ht_pub_sub_deneme.py -> /home/temurtas/INS-GPS-ROS2/install/ht_strap_package/lib/python3.8/site-packages/ht_strap_package
[0.462s] byte-compiling /home/temurtas/INS-GPS-ROS2/install/ht_strap_package/lib/python3.8/site-packages/ht_strap_package/ht_pub_sub_deneme.py to ht_pub_sub_deneme.cpython-38.pyc
[0.464s] running install_data
[0.464s] running install_egg_info
[0.465s] removing '/home/temurtas/INS-GPS-ROS2/install/ht_strap_package/lib/python3.8/site-packages/ht_strap_package-0.0.0-py3.8.egg-info' (and everything under it)
[0.465s] Copying ../../build/ht_strap_package/ht_strap_package.egg-info to /home/temurtas/INS-GPS-ROS2/install/ht_strap_package/lib/python3.8/site-packages/ht_strap_package-0.0.0-py3.8.egg-info
[0.466s] running install_scripts
[0.480s] Installing listener script to /home/temurtas/INS-GPS-ROS2/install/ht_strap_package/lib/ht_strap_package
[0.480s] Installing middle_man script to /home/temurtas/INS-GPS-ROS2/install/ht_strap_package/lib/ht_strap_package
[0.481s] Installing talker script to /home/temurtas/INS-GPS-ROS2/install/ht_strap_package/lib/ht_strap_package
[0.481s] writing list of installed files to '/home/temurtas/INS-GPS-ROS2/build/ht_strap_package/install.log'
[0.507s] Invoked command in '/home/temurtas/INS-GPS-ROS2/src/ht_strap_package' returned '0': PYTHONPATH=/home/temurtas/INS-GPS-ROS2/install/ht_strap_package/lib/python3.8/site-packages:${PYTHONPATH} /usr/bin/python3 setup.py egg_info --egg-base ../../build/ht_strap_package build --build-base /home/temurtas/INS-GPS-ROS2/build/ht_strap_package/build install --prefix /home/temurtas/INS-GPS-ROS2/install/ht_strap_package --record /home/temurtas/INS-GPS-ROS2/build/ht_strap_package/install.log --single-version-externally-managed
