[0.020s] Invoking command in '/home/temurtas/INS-GPS-ROS2/build/ht_nav_variables': CMAKE_PREFIX_PATH=/opt/ros/foxy /usr/bin/cmake --build /home/temurtas/INS-GPS-ROS2/build/ht_nav_variables -- -j12 -l12
[0.093s] -- Found ament_cmake: 0.9.8 (/opt/ros/foxy/share/ament_cmake/cmake)
[0.114s] -- Found PythonInterp: /usr/bin/python3 (found suitable version "3.8.10", minimum required is "3") 
[0.114s] -- Using PYTHON_EXECUTABLE: /usr/bin/python3
[0.281s] -- Found rosidl_default_generators: 1.0.1 (/opt/ros/foxy/share/rosidl_default_generators/cmake)
[0.284s] -- Using all available rosidl_typesupport_c: rosidl_typesupport_fastrtps_c;rosidl_typesupport_introspection_c
[0.288s] -- Found rosidl_adapter: 1.2.1 (/opt/ros/foxy/share/rosidl_adapter/cmake)
[0.460s] -- Using all available rosidl_typesupport_cpp: rosidl_typesupport_fastrtps_cpp;rosidl_typesupport_introspection_cpp
[0.525s] -- Found PythonInterp: /usr/bin/python3 (found version "3.8.10") 
[0.698s] -- Found ament_cmake_ros: 0.9.1 (/opt/ros/foxy/share/ament_cmake_ros/cmake)
[0.823s] -- Using all available rosidl_typesupport_c: rosidl_typesupport_fastrtps_c;rosidl_typesupport_introspection_c
[0.833s] -- Using all available rosidl_typesupport_cpp: rosidl_typesupport_fastrtps_cpp;rosidl_typesupport_introspection_cpp
[0.858s] -- Found PythonInterp: /usr/bin/python3 (found suitable version "3.8.10", minimum required is "3.5") 
[0.859s] -- Found python_cmake_module: 0.8.1 (/opt/ros/foxy/share/python_cmake_module/cmake)
[0.889s] -- Using PYTHON_EXECUTABLE: /usr/bin/python3
[0.889s] -- Using PYTHON_INCLUDE_DIRS: /usr/include/python3.8
[0.889s] -- Using PYTHON_LIBRARIES: /usr/lib/x86_64-linux-gnu/libpython3.8.so
[0.905s] -- Found ament_lint_auto: 0.9.6 (/opt/ros/foxy/share/ament_lint_auto/cmake)
[0.920s] -- Added test 'copyright' to check source files copyright and LICENSE
[0.922s] -- Added test 'lint_cmake' to check CMake code style
[0.924s] -- Added test 'xmllint' to check XML markup files
[0.928s] -- Configuring done
[1.004s] -- Generating done
[1.007s] -- Build files have been written to: /home/temurtas/INS-GPS-ROS2/build/ht_nav_variables
[1.045s] [  1%] [34m[1mGenerating C code for ROS interfaces[0m
[1.057s] [  1%] [34m[1mGenerating C++ code for ROS interfaces[0m
[1.673s] [35m[1mScanning dependencies of target ht_nav_variables__rosidl_generator_c[0m
[1.690s] [  6%] [32mBuilding C object CMakeFiles/ht_nav_variables__rosidl_generator_c.dir/rosidl_generator_c/ht_nav_variables/msg/detail/ht_nav_gps_data__functions.c.o[0m
[1.690s] [  6%] [32mBuilding C object CMakeFiles/ht_nav_variables__rosidl_generator_c.dir/rosidl_generator_c/ht_nav_variables/msg/detail/ht_nav_imu_data__functions.c.o[0m
[1.690s] [  6%] [32mBuilding C object CMakeFiles/ht_nav_variables__rosidl_generator_c.dir/rosidl_generator_c/ht_nav_variables/msg/detail/ht_nav_error_vector__functions.c.o[0m
[1.690s] [  6%] [32mBuilding C object CMakeFiles/ht_nav_variables__rosidl_generator_c.dir/rosidl_generator_c/ht_nav_variables/msg/detail/ht_nav_strap_out__functions.c.o[0m
[1.690s] [  6%] [32mBuilding C object CMakeFiles/ht_nav_variables__rosidl_generator_c.dir/rosidl_generator_c/ht_nav_variables/msg/detail/ht_nav_kalman_out__functions.c.o[0m
[1.691s] [  7%] [32mBuilding C object CMakeFiles/ht_nav_variables__rosidl_generator_c.dir/rosidl_generator_c/ht_nav_variables/msg/detail/ht_nav_euler__functions.c.o[0m
[1.693s] [  9%] [32mBuilding C object CMakeFiles/ht_nav_variables__rosidl_generator_c.dir/rosidl_generator_c/ht_nav_variables/msg/detail/ht_nav_vector3__functions.c.o[0m
[1.693s] [  9%] [32mBuilding C object CMakeFiles/ht_nav_variables__rosidl_generator_c.dir/rosidl_generator_c/ht_nav_variables/msg/detail/ht_nav_deneme__functions.c.o[0m
[1.693s] [ 10%] [32mBuilding C object CMakeFiles/ht_nav_variables__rosidl_generator_c.dir/rosidl_generator_c/ht_nav_variables/msg/detail/ht_nav_quaternion__functions.c.o[0m
[1.697s] [ 11%] [32mBuilding C object CMakeFiles/ht_nav_variables__rosidl_generator_c.dir/rosidl_generator_c/ht_nav_variables/msg/detail/ht_nav_point__functions.c.o[0m
[1.697s] [ 11%] Built target ht_nav_variables__cpp
[1.709s] [ 12%] [34m[1mGenerating C++ type support for eProsima Fast-RTPS[0m
[1.710s] [ 13%] [34m[1mGenerating C++ type support dispatch for ROS interfaces[0m
[1.793s] [ 14%] [34m[1mGenerating C++ introspection for ROS interfaces[0m
[1.799s] [ 15%] [32m[1mLinking C shared library libht_nav_variables__rosidl_generator_c.so[0m
[1.850s] [ 15%] Built target ht_nav_variables__rosidl_generator_c
[1.860s] [ 16%] [34m[1mGenerating C type support dispatch for ROS interfaces[0m
[1.865s] [ 17%] [34m[1mGenerating C introspection for ROS interfaces[0m
[2.141s] [35m[1mScanning dependencies of target ht_nav_variables__rosidl_typesupport_cpp[0m
[2.159s] [ 21%] [32mBuilding CXX object CMakeFiles/ht_nav_variables__rosidl_typesupport_cpp.dir/rosidl_typesupport_cpp/ht_nav_variables/msg/ht_nav_strap_out__type_support.cpp.o[0m
[2.159s] [ 21%] [32mBuilding CXX object CMakeFiles/ht_nav_variables__rosidl_typesupport_cpp.dir/rosidl_typesupport_cpp/ht_nav_variables/msg/ht_nav_error_vector__type_support.cpp.o[0m
[2.159s] [ 21%] [32mBuilding CXX object CMakeFiles/ht_nav_variables__rosidl_typesupport_cpp.dir/rosidl_typesupport_cpp/ht_nav_variables/msg/ht_nav_gps_data__type_support.cpp.o[0m
[2.159s] [ 21%] [32mBuilding CXX object CMakeFiles/ht_nav_variables__rosidl_typesupport_cpp.dir/rosidl_typesupport_cpp/ht_nav_variables/msg/ht_nav_kalman_out__type_support.cpp.o[0m
[2.159s] [ 22%] [32mBuilding CXX object CMakeFiles/ht_nav_variables__rosidl_typesupport_cpp.dir/rosidl_typesupport_cpp/ht_nav_variables/msg/ht_nav_point__type_support.cpp.o[0m
[2.160s] [ 23%] [32mBuilding CXX object CMakeFiles/ht_nav_variables__rosidl_typesupport_cpp.dir/rosidl_typesupport_cpp/ht_nav_variables/msg/ht_nav_imu_data__type_support.cpp.o[0m
[2.161s] [ 24%] [32mBuilding CXX object CMakeFiles/ht_nav_variables__rosidl_typesupport_cpp.dir/rosidl_typesupport_cpp/ht_nav_variables/msg/ht_nav_euler__type_support.cpp.o[0m
[2.163s] [ 25%] [32mBuilding CXX object CMakeFiles/ht_nav_variables__rosidl_typesupport_cpp.dir/rosidl_typesupport_cpp/ht_nav_variables/msg/ht_nav_vector3__type_support.cpp.o[0m
[2.397s] [35m[1mScanning dependencies of target ht_nav_variables__rosidl_typesupport_c[0m
[2.422s] [ 26%] [32mBuilding CXX object CMakeFiles/ht_nav_variables__rosidl_typesupport_c.dir/rosidl_typesupport_c/ht_nav_variables/msg/ht_nav_error_vector__type_support.cpp.o[0m
[2.471s] [ 27%] [32mBuilding CXX object CMakeFiles/ht_nav_variables__rosidl_typesupport_c.dir/rosidl_typesupport_c/ht_nav_variables/msg/ht_nav_euler__type_support.cpp.o[0m
[2.510s] [ 28%] [32mBuilding CXX object CMakeFiles/ht_nav_variables__rosidl_typesupport_c.dir/rosidl_typesupport_c/ht_nav_variables/msg/ht_nav_gps_data__type_support.cpp.o[0m
[2.512s] [35m[1mScanning dependencies of target ht_nav_variables__rosidl_typesupport_introspection_cpp[0m
[2.533s] [35m[1mScanning dependencies of target ht_nav_variables__rosidl_typesupport_fastrtps_cpp[0m
[2.538s] [ 29%] [32mBuilding CXX object CMakeFiles/ht_nav_variables__rosidl_typesupport_introspection_cpp.dir/rosidl_typesupport_introspection_cpp/ht_nav_variables/msg/detail/ht_nav_error_vector__type_support.cpp.o[0m
[2.558s] [ 30%] [32mBuilding CXX object CMakeFiles/ht_nav_variables__rosidl_typesupport_c.dir/rosidl_typesupport_c/ht_nav_variables/msg/ht_nav_imu_data__type_support.cpp.o[0m
[2.559s] [ 31%] [32mBuilding CXX object CMakeFiles/ht_nav_variables__rosidl_typesupport_fastrtps_cpp.dir/rosidl_typesupport_fastrtps_cpp/ht_nav_variables/msg/detail/dds_fastrtps/ht_nav_error_vector__type_support.cpp.o[0m
[2.567s] [ 32%] [32mBuilding CXX object CMakeFiles/ht_nav_variables__rosidl_typesupport_fastrtps_cpp.dir/rosidl_typesupport_fastrtps_cpp/ht_nav_variables/msg/detail/dds_fastrtps/ht_nav_euler__type_support.cpp.o[0m
[2.571s] [ 33%] [32mBuilding CXX object CMakeFiles/ht_nav_variables__rosidl_typesupport_introspection_cpp.dir/rosidl_typesupport_introspection_cpp/ht_nav_variables/msg/detail/ht_nav_euler__type_support.cpp.o[0m
[2.573s] [ 34%] [32mBuilding CXX object CMakeFiles/ht_nav_variables__rosidl_typesupport_cpp.dir/rosidl_typesupport_cpp/ht_nav_variables/msg/ht_nav_quaternion__type_support.cpp.o[0m
[2.587s] [ 36%] [32mBuilding CXX object CMakeFiles/ht_nav_variables__rosidl_typesupport_cpp.dir/rosidl_typesupport_cpp/ht_nav_variables/msg/ht_nav_deneme__type_support.cpp.o[0m
[2.587s] [ 36%] [32mBuilding CXX object CMakeFiles/ht_nav_variables__rosidl_typesupport_introspection_cpp.dir/rosidl_typesupport_introspection_cpp/ht_nav_variables/msg/detail/ht_nav_gps_data__type_support.cpp.o[0m
[2.594s] [ 37%] [32mBuilding CXX object CMakeFiles/ht_nav_variables__rosidl_typesupport_introspection_cpp.dir/rosidl_typesupport_introspection_cpp/ht_nav_variables/msg/detail/ht_nav_imu_data__type_support.cpp.o[0m
[2.600s] [ 40%] [32mBuilding CXX object CMakeFiles/ht_nav_variables__rosidl_typesupport_introspection_cpp.dir/rosidl_typesupport_introspection_cpp/ht_nav_variables/msg/detail/ht_nav_strap_out__type_support.cpp.o[0m
[2.600s] [ 40%] [32mBuilding CXX object CMakeFiles/ht_nav_variables__rosidl_typesupport_introspection_cpp.dir/rosidl_typesupport_introspection_cpp/ht_nav_variables/msg/detail/ht_nav_kalman_out__type_support.cpp.o[0m
[2.600s] [ 40%] [32mBuilding CXX object CMakeFiles/ht_nav_variables__rosidl_typesupport_c.dir/rosidl_typesupport_c/ht_nav_variables/msg/ht_nav_kalman_out__type_support.cpp.o[0m
[2.640s] [ 41%] [32mBuilding CXX object CMakeFiles/ht_nav_variables__rosidl_typesupport_c.dir/rosidl_typesupport_c/ht_nav_variables/msg/ht_nav_strap_out__type_support.cpp.o[0m
[2.682s] [ 42%] [32mBuilding CXX object CMakeFiles/ht_nav_variables__rosidl_typesupport_c.dir/rosidl_typesupport_c/ht_nav_variables/msg/ht_nav_point__type_support.cpp.o[0m
[2.715s] [35m[1mScanning dependencies of target ht_nav_variables__rosidl_typesupport_introspection_c[0m
[2.725s] [ 43%] [32mBuilding CXX object CMakeFiles/ht_nav_variables__rosidl_typesupport_c.dir/rosidl_typesupport_c/ht_nav_variables/msg/ht_nav_vector3__type_support.cpp.o[0m
[2.757s] [ 44%] [32mBuilding C object CMakeFiles/ht_nav_variables__rosidl_typesupport_introspection_c.dir/rosidl_typesupport_introspection_c/ht_nav_variables/msg/detail/ht_nav_error_vector__type_support.c.o[0m
[2.766s] [ 44%] [32mBuilding CXX object CMakeFiles/ht_nav_variables__rosidl_typesupport_c.dir/rosidl_typesupport_c/ht_nav_variables/msg/ht_nav_quaternion__type_support.cpp.o[0m
[2.807s] [ 45%] [32mBuilding CXX object CMakeFiles/ht_nav_variables__rosidl_typesupport_c.dir/rosidl_typesupport_c/ht_nav_variables/msg/ht_nav_deneme__type_support.cpp.o[0m
[2.813s] [ 46%] [32mBuilding C object CMakeFiles/ht_nav_variables__rosidl_typesupport_introspection_c.dir/rosidl_typesupport_introspection_c/ht_nav_variables/msg/detail/ht_nav_euler__type_support.c.o[0m
[2.849s] [ 47%] [32m[1mLinking CXX shared library libht_nav_variables__rosidl_typesupport_c.so[0m
[2.855s] [ 48%] [32mBuilding C object CMakeFiles/ht_nav_variables__rosidl_typesupport_introspection_c.dir/rosidl_typesupport_introspection_c/ht_nav_variables/msg/detail/ht_nav_gps_data__type_support.c.o[0m
[2.892s] [ 49%] [32mBuilding CXX object CMakeFiles/ht_nav_variables__rosidl_typesupport_introspection_cpp.dir/rosidl_typesupport_introspection_cpp/ht_nav_variables/msg/detail/ht_nav_point__type_support.cpp.o[0m
[2.899s] [ 50%] [32mBuilding C object CMakeFiles/ht_nav_variables__rosidl_typesupport_introspection_c.dir/rosidl_typesupport_introspection_c/ht_nav_variables/msg/detail/ht_nav_imu_data__type_support.c.o[0m
[2.906s] [ 50%] Built target ht_nav_variables__rosidl_typesupport_c
[2.919s] [ 51%] [32mBuilding C object CMakeFiles/ht_nav_variables__rosidl_typesupport_introspection_c.dir/rosidl_typesupport_introspection_c/ht_nav_variables/msg/detail/ht_nav_kalman_out__type_support.c.o[0m
[2.937s] [ 52%] [32mBuilding C object CMakeFiles/ht_nav_variables__rosidl_typesupport_introspection_c.dir/rosidl_typesupport_introspection_c/ht_nav_variables/msg/detail/ht_nav_strap_out__type_support.c.o[0m
[2.951s] [ 53%] [32m[1mLinking CXX shared library libht_nav_variables__rosidl_typesupport_cpp.so[0m
[2.952s] [ 54%] [32mBuilding CXX object CMakeFiles/ht_nav_variables__rosidl_typesupport_introspection_cpp.dir/rosidl_typesupport_introspection_cpp/ht_nav_variables/msg/detail/ht_nav_vector3__type_support.cpp.o[0m
[2.962s] [ 56%] [32mBuilding CXX object CMakeFiles/ht_nav_variables__rosidl_typesupport_introspection_cpp.dir/rosidl_typesupport_introspection_cpp/ht_nav_variables/msg/detail/ht_nav_quaternion__type_support.cpp.o[0m
[2.962s] [ 56%] [32mBuilding C object CMakeFiles/ht_nav_variables__rosidl_typesupport_introspection_c.dir/rosidl_typesupport_introspection_c/ht_nav_variables/msg/detail/ht_nav_point__type_support.c.o[0m
[2.968s] [ 57%] [32mBuilding C object CMakeFiles/ht_nav_variables__rosidl_typesupport_introspection_c.dir/rosidl_typesupport_introspection_c/ht_nav_variables/msg/detail/ht_nav_vector3__type_support.c.o[0m
[2.977s] [ 58%] [32mBuilding CXX object CMakeFiles/ht_nav_variables__rosidl_typesupport_introspection_cpp.dir/rosidl_typesupport_introspection_cpp/ht_nav_variables/msg/detail/ht_nav_deneme__type_support.cpp.o[0m
[2.985s] [ 59%] [32mBuilding C object CMakeFiles/ht_nav_variables__rosidl_typesupport_introspection_c.dir/rosidl_typesupport_introspection_c/ht_nav_variables/msg/detail/ht_nav_deneme__type_support.c.o[0m
[2.985s] [ 60%] [32mBuilding C object CMakeFiles/ht_nav_variables__rosidl_typesupport_introspection_c.dir/rosidl_typesupport_introspection_c/ht_nav_variables/msg/detail/ht_nav_quaternion__type_support.c.o[0m
[3.002s] [ 60%] [32mBuilding CXX object CMakeFiles/ht_nav_variables__rosidl_typesupport_fastrtps_cpp.dir/rosidl_typesupport_fastrtps_cpp/ht_nav_variables/msg/detail/dds_fastrtps/ht_nav_gps_data__type_support.cpp.o[0m
[3.008s] [ 61%] [32mBuilding CXX object CMakeFiles/ht_nav_variables__rosidl_typesupport_fastrtps_cpp.dir/rosidl_typesupport_fastrtps_cpp/ht_nav_variables/msg/detail/dds_fastrtps/ht_nav_imu_data__type_support.cpp.o[0m
[3.015s] [ 62%] [32mBuilding CXX object CMakeFiles/ht_nav_variables__rosidl_typesupport_fastrtps_cpp.dir/rosidl_typesupport_fastrtps_cpp/ht_nav_variables/msg/detail/dds_fastrtps/ht_nav_kalman_out__type_support.cpp.o[0m
[3.017s] [ 62%] Built target ht_nav_variables__rosidl_typesupport_cpp
[3.029s] [ 65%] [32mBuilding CXX object CMakeFiles/ht_nav_variables__rosidl_typesupport_fastrtps_cpp.dir/rosidl_typesupport_fastrtps_cpp/ht_nav_variables/msg/detail/dds_fastrtps/ht_nav_strap_out__type_support.cpp.o[0m
[3.029s] [ 65%] [32m[1mLinking C shared library libht_nav_variables__rosidl_typesupport_introspection_c.so[0m
[3.029s] [ 65%] [32mBuilding CXX object CMakeFiles/ht_nav_variables__rosidl_typesupport_fastrtps_cpp.dir/rosidl_typesupport_fastrtps_cpp/ht_nav_variables/msg/detail/dds_fastrtps/ht_nav_point__type_support.cpp.o[0m
[3.086s] [ 65%] Built target ht_nav_variables__rosidl_typesupport_introspection_c
[3.102s] [ 66%] [32mBuilding CXX object CMakeFiles/ht_nav_variables__rosidl_typesupport_fastrtps_cpp.dir/rosidl_typesupport_fastrtps_cpp/ht_nav_variables/msg/detail/dds_fastrtps/ht_nav_vector3__type_support.cpp.o[0m
[3.123s] [ 67%] [32mBuilding CXX object CMakeFiles/ht_nav_variables__rosidl_typesupport_fastrtps_cpp.dir/rosidl_typesupport_fastrtps_cpp/ht_nav_variables/msg/detail/dds_fastrtps/ht_nav_quaternion__type_support.cpp.o[0m
[3.129s] [ 68%] [32mBuilding CXX object CMakeFiles/ht_nav_variables__rosidl_typesupport_fastrtps_cpp.dir/rosidl_typesupport_fastrtps_cpp/ht_nav_variables/msg/detail/dds_fastrtps/ht_nav_deneme__type_support.cpp.o[0m
[3.352s] [ 69%] [32m[1mLinking CXX shared library libht_nav_variables__rosidl_typesupport_introspection_cpp.so[0m
[3.475s] [ 69%] Built target ht_nav_variables__rosidl_typesupport_introspection_cpp
[3.632s] [ 70%] [32m[1mLinking CXX shared library libht_nav_variables__rosidl_typesupport_fastrtps_cpp.so[0m
[3.744s] [ 70%] Built target ht_nav_variables__rosidl_typesupport_fastrtps_cpp
[3.760s] [ 71%] [34m[1mGenerating C type support for eProsima Fast-RTPS[0m
[4.270s] [35m[1mScanning dependencies of target ht_nav_variables__rosidl_typesupport_fastrtps_c[0m
[4.295s] [ 72%] [32mBuilding CXX object CMakeFiles/ht_nav_variables__rosidl_typesupport_fastrtps_c.dir/rosidl_typesupport_fastrtps_c/ht_nav_variables/msg/detail/ht_nav_euler__type_support_c.cpp.o[0m
[4.296s] [ 73%] [32mBuilding CXX object CMakeFiles/ht_nav_variables__rosidl_typesupport_fastrtps_c.dir/rosidl_typesupport_fastrtps_c/ht_nav_variables/msg/detail/ht_nav_quaternion__type_support_c.cpp.o[0m
[4.299s] [ 76%] [32mBuilding CXX object CMakeFiles/ht_nav_variables__rosidl_typesupport_fastrtps_c.dir/rosidl_typesupport_fastrtps_c/ht_nav_variables/msg/detail/ht_nav_vector3__type_support_c.cpp.o[0m
[4.299s] [ 76%] [32mBuilding CXX object CMakeFiles/ht_nav_variables__rosidl_typesupport_fastrtps_c.dir/rosidl_typesupport_fastrtps_c/ht_nav_variables/msg/detail/ht_nav_imu_data__type_support_c.cpp.o[0m
[4.299s] [ 76%] [32mBuilding CXX object CMakeFiles/ht_nav_variables__rosidl_typesupport_fastrtps_c.dir/rosidl_typesupport_fastrtps_c/ht_nav_variables/msg/detail/ht_nav_gps_data__type_support_c.cpp.o[0m
[4.299s] [ 77%] [32mBuilding CXX object CMakeFiles/ht_nav_variables__rosidl_typesupport_fastrtps_c.dir/rosidl_typesupport_fastrtps_c/ht_nav_variables/msg/detail/ht_nav_error_vector__type_support_c.cpp.o[0m
[4.299s] [ 78%] [32mBuilding CXX object CMakeFiles/ht_nav_variables__rosidl_typesupport_fastrtps_c.dir/rosidl_typesupport_fastrtps_c/ht_nav_variables/msg/detail/ht_nav_point__type_support_c.cpp.o[0m
[4.301s] [ 79%] [32mBuilding CXX object CMakeFiles/ht_nav_variables__rosidl_typesupport_fastrtps_c.dir/rosidl_typesupport_fastrtps_c/ht_nav_variables/msg/detail/ht_nav_deneme__type_support_c.cpp.o[0m
[4.302s] [ 81%] [32mBuilding CXX object CMakeFiles/ht_nav_variables__rosidl_typesupport_fastrtps_c.dir/rosidl_typesupport_fastrtps_c/ht_nav_variables/msg/detail/ht_nav_kalman_out__type_support_c.cpp.o[0m
[4.302s] [ 81%] [32mBuilding CXX object CMakeFiles/ht_nav_variables__rosidl_typesupport_fastrtps_c.dir/rosidl_typesupport_fastrtps_c/ht_nav_variables/msg/detail/ht_nav_strap_out__type_support_c.cpp.o[0m
[4.791s] [ 82%] [32m[1mLinking CXX shared library libht_nav_variables__rosidl_typesupport_fastrtps_c.so[0m
[4.909s] [ 82%] Built target ht_nav_variables__rosidl_typesupport_fastrtps_c
[4.937s] [ 82%] Built target ht_nav_variables
[4.964s] [ 83%] [34m[1mGenerating Python code for ROS interfaces[0m
[6.117s] [ 83%] Built target ht_nav_variables__py
[6.135s] [35m[1mScanning dependencies of target ht_nav_variables__python[0m
[6.173s] [ 84%] [32mBuilding C object CMakeFiles/ht_nav_variables__python.dir/rosidl_generator_py/ht_nav_variables/msg/_ht_nav_error_vector_s.c.o[0m
[6.176s] [ 85%] [32mBuilding C object CMakeFiles/ht_nav_variables__python.dir/rosidl_generator_py/ht_nav_variables/msg/_ht_nav_point_s.c.o[0m
[6.176s] [ 86%] [32mBuilding C object CMakeFiles/ht_nav_variables__python.dir/rosidl_generator_py/ht_nav_variables/msg/_ht_nav_euler_s.c.o[0m
[6.179s] [ 90%] [32mBuilding C object CMakeFiles/ht_nav_variables__python.dir/rosidl_generator_py/ht_nav_variables/msg/_ht_nav_imu_data_s.c.o[0m
[6.179s] [ 90%] [32mBuilding C object CMakeFiles/ht_nav_variables__python.dir/rosidl_generator_py/ht_nav_variables/msg/_ht_nav_gps_data_s.c.o[0m
[6.179s] [ 90%] [32mBuilding C object CMakeFiles/ht_nav_variables__python.dir/rosidl_generator_py/ht_nav_variables/msg/_ht_nav_quaternion_s.c.o[0m
[6.179s] [ 90%] [32mBuilding C object CMakeFiles/ht_nav_variables__python.dir/rosidl_generator_py/ht_nav_variables/msg/_ht_nav_deneme_s.c.o[0m
[6.180s] [ 91%] [32mBuilding C object CMakeFiles/ht_nav_variables__python.dir/rosidl_generator_py/ht_nav_variables/msg/_ht_nav_kalman_out_s.c.o[0m
[6.183s] [ 93%] [32mBuilding C object CMakeFiles/ht_nav_variables__python.dir/rosidl_generator_py/ht_nav_variables/msg/_ht_nav_vector3_s.c.o[0m
[6.183s] [ 93%] [32mBuilding C object CMakeFiles/ht_nav_variables__python.dir/rosidl_generator_py/ht_nav_variables/msg/_ht_nav_strap_out_s.c.o[0m
[6.298s] [ 94%] [32m[1mLinking C shared library rosidl_generator_py/ht_nav_variables/libht_nav_variables__python.so[0m
[6.355s] [ 94%] Built target ht_nav_variables__python
[6.367s] [35m[1mScanning dependencies of target ht_nav_variables__rosidl_typesupport_introspection_c__pyext[0m
[6.370s] [35m[1mScanning dependencies of target ht_nav_variables__rosidl_typesupport_c__pyext[0m
[6.372s] [35m[1mScanning dependencies of target ht_nav_variables__rosidl_typesupport_fastrtps_c__pyext[0m
[6.386s] [ 95%] [32mBuilding C object CMakeFiles/ht_nav_variables__rosidl_typesupport_introspection_c__pyext.dir/rosidl_generator_py/ht_nav_variables/_ht_nav_variables_s.ep.rosidl_typesupport_introspection_c.c.o[0m
[6.387s] [ 96%] [32mBuilding C object CMakeFiles/ht_nav_variables__rosidl_typesupport_fastrtps_c__pyext.dir/rosidl_generator_py/ht_nav_variables/_ht_nav_variables_s.ep.rosidl_typesupport_fastrtps_c.c.o[0m
[6.389s] [ 97%] [32mBuilding C object CMakeFiles/ht_nav_variables__rosidl_typesupport_c__pyext.dir/rosidl_generator_py/ht_nav_variables/_ht_nav_variables_s.ep.rosidl_typesupport_c.c.o[0m
[6.489s] [ 98%] [32m[1mLinking CXX shared library rosidl_generator_py/ht_nav_variables/ht_nav_variables_s__rosidl_typesupport_fastrtps_c.cpython-38-x86_64-linux-gnu.so[0m
[6.494s] [ 99%] [32m[1mLinking C shared library rosidl_generator_py/ht_nav_variables/ht_nav_variables_s__rosidl_typesupport_c.cpython-38-x86_64-linux-gnu.so[0m
[6.499s] [100%] [32m[1mLinking C shared library rosidl_generator_py/ht_nav_variables/ht_nav_variables_s__rosidl_typesupport_introspection_c.cpython-38-x86_64-linux-gnu.so[0m
[6.536s] [100%] Built target ht_nav_variables__rosidl_typesupport_introspection_c__pyext
[6.539s] [100%] Built target ht_nav_variables__rosidl_typesupport_c__pyext
[6.552s] [100%] Built target ht_nav_variables__rosidl_typesupport_fastrtps_c__pyext
[6.565s] Invoked command in '/home/temurtas/INS-GPS-ROS2/build/ht_nav_variables' returned '0': CMAKE_PREFIX_PATH=/opt/ros/foxy /usr/bin/cmake --build /home/temurtas/INS-GPS-ROS2/build/ht_nav_variables -- -j12 -l12
[6.743s] Invoking command in '/home/temurtas/INS-GPS-ROS2/build/ht_nav_variables': CMAKE_PREFIX_PATH=/opt/ros/foxy /usr/bin/cmake --install /home/temurtas/INS-GPS-ROS2/build/ht_nav_variables
[6.758s] -- Install configuration: ""
[6.758s] -- Up-to-date: /home/temurtas/INS-GPS-ROS2/install/ht_nav_variables/share/ament_index/resource_index/rosidl_interfaces/ht_nav_variables
[6.758s] -- Up-to-date: /home/temurtas/INS-GPS-ROS2/install/ht_nav_variables/include/ht_nav_variables
[6.758s] -- Up-to-date: /home/temurtas/INS-GPS-ROS2/install/ht_nav_variables/include/ht_nav_variables/msg
[6.759s] -- Installing: /home/temurtas/INS-GPS-ROS2/install/ht_nav_variables/include/ht_nav_variables/msg/ht_nav_point.h
[6.759s] -- Installing: /home/temurtas/INS-GPS-ROS2/install/ht_nav_variables/include/ht_nav_variables/msg/ht_nav_kalman_out.h
[6.759s] -- Installing: /home/temurtas/INS-GPS-ROS2/install/ht_nav_variables/include/ht_nav_variables/msg/ht_nav_strap_out.h
[6.759s] -- Installing: /home/temurtas/INS-GPS-ROS2/install/ht_nav_variables/include/ht_nav_variables/msg/ht_nav_euler.h
[6.760s] -- Installing: /home/temurtas/INS-GPS-ROS2/install/ht_nav_variables/include/ht_nav_variables/msg/ht_nav_quaternion.h
[6.761s] -- Installing: /home/temurtas/INS-GPS-ROS2/install/ht_nav_variables/include/ht_nav_variables/msg/ht_nav_deneme.h
[6.761s] -- Installing: /home/temurtas/INS-GPS-ROS2/install/ht_nav_variables/include/ht_nav_variables/msg/ht_nav_vector3.h
[6.762s] -- Installing: /home/temurtas/INS-GPS-ROS2/install/ht_nav_variables/include/ht_nav_variables/msg/ht_nav_gps_data.h
[6.762s] -- Installing: /home/temurtas/INS-GPS-ROS2/install/ht_nav_variables/include/ht_nav_variables/msg/ht_nav_imu_data.h
[6.762s] -- Up-to-date: /home/temurtas/INS-GPS-ROS2/install/ht_nav_variables/include/ht_nav_variables/msg/rosidl_generator_c__visibility_control.h
[6.762s] -- Installing: /home/temurtas/INS-GPS-ROS2/install/ht_nav_variables/include/ht_nav_variables/msg/ht_nav_error_vector.h
[6.762s] -- Up-to-date: /home/temurtas/INS-GPS-ROS2/install/ht_nav_variables/include/ht_nav_variables/msg/detail
[6.763s] -- Installing: /home/temurtas/INS-GPS-ROS2/install/ht_nav_variables/include/ht_nav_variables/msg/detail/ht_nav_gps_data__functions.h
[6.763s] -- Installing: /home/temurtas/INS-GPS-ROS2/install/ht_nav_variables/include/ht_nav_variables/msg/detail/ht_nav_euler__functions.c
[6.763s] -- Installing: /home/temurtas/INS-GPS-ROS2/install/ht_nav_variables/include/ht_nav_variables/msg/detail/ht_nav_kalman_out__type_support.h
[6.763s] -- Installing: /home/temurtas/INS-GPS-ROS2/install/ht_nav_variables/include/ht_nav_variables/msg/detail/ht_nav_imu_data__type_support.h
[6.763s] -- Installing: /home/temurtas/INS-GPS-ROS2/install/ht_nav_variables/include/ht_nav_variables/msg/detail/ht_nav_point__type_support.h
[6.764s] -- Installing: /home/temurtas/INS-GPS-ROS2/install/ht_nav_variables/include/ht_nav_variables/msg/detail/ht_nav_strap_out__type_support.h
[6.764s] -- Installing: /home/temurtas/INS-GPS-ROS2/install/ht_nav_variables/include/ht_nav_variables/msg/detail/ht_nav_vector3__type_support.h
[6.764s] -- Installing: /home/temurtas/INS-GPS-ROS2/install/ht_nav_variables/include/ht_nav_variables/msg/detail/ht_nav_quaternion__type_support.h
[6.764s] -- Installing: /home/temurtas/INS-GPS-ROS2/install/ht_nav_variables/include/ht_nav_variables/msg/detail/ht_nav_euler__functions.h
[6.764s] -- Installing: /home/temurtas/INS-GPS-ROS2/install/ht_nav_variables/include/ht_nav_variables/msg/detail/ht_nav_euler__struct.h
[6.764s] -- Installing: /home/temurtas/INS-GPS-ROS2/install/ht_nav_variables/include/ht_nav_variables/msg/detail/ht_nav_strap_out__struct.h
[6.765s] -- Installing: /home/temurtas/INS-GPS-ROS2/install/ht_nav_variables/include/ht_nav_variables/msg/detail/ht_nav_gps_data__type_support.h
[6.765s] -- Installing: /home/temurtas/INS-GPS-ROS2/install/ht_nav_variables/include/ht_nav_variables/msg/detail/ht_nav_strap_out__functions.h
[6.765s] -- Installing: /home/temurtas/INS-GPS-ROS2/install/ht_nav_variables/include/ht_nav_variables/msg/detail/ht_nav_deneme__functions.c
[6.765s] -- Installing: /home/temurtas/INS-GPS-ROS2/install/ht_nav_variables/include/ht_nav_variables/msg/detail/ht_nav_error_vector__functions.c
[6.765s] -- Installing: /home/temurtas/INS-GPS-ROS2/install/ht_nav_variables/include/ht_nav_variables/msg/detail/ht_nav_vector3__functions.h
[6.765s] -- Installing: /home/temurtas/INS-GPS-ROS2/install/ht_nav_variables/include/ht_nav_variables/msg/detail/ht_nav_point__struct.h
[6.766s] -- Installing: /home/temurtas/INS-GPS-ROS2/install/ht_nav_variables/include/ht_nav_variables/msg/detail/ht_nav_vector3__functions.c
[6.766s] -- Installing: /home/temurtas/INS-GPS-ROS2/install/ht_nav_variables/include/ht_nav_variables/msg/detail/ht_nav_deneme__functions.h
[6.766s] -- Installing: /home/temurtas/INS-GPS-ROS2/install/ht_nav_variables/include/ht_nav_variables/msg/detail/ht_nav_imu_data__functions.c
[6.766s] -- Installing: /home/temurtas/INS-GPS-ROS2/install/ht_nav_variables/include/ht_nav_variables/msg/detail/ht_nav_strap_out__functions.c
[6.766s] -- Installing: /home/temurtas/INS-GPS-ROS2/install/ht_nav_variables/include/ht_nav_variables/msg/detail/ht_nav_deneme__struct.h
[6.766s] -- Installing: /home/temurtas/INS-GPS-ROS2/install/ht_nav_variables/include/ht_nav_variables/msg/detail/ht_nav_error_vector__type_support.h
[6.766s] -- Installing: /home/temurtas/INS-GPS-ROS2/install/ht_nav_variables/include/ht_nav_variables/msg/detail/ht_nav_deneme__type_support.h
[6.767s] -- Installing: /home/temurtas/INS-GPS-ROS2/install/ht_nav_variables/include/ht_nav_variables/msg/detail/ht_nav_quaternion__functions.h
[6.767s] -- Installing: /home/temurtas/INS-GPS-ROS2/install/ht_nav_variables/include/ht_nav_variables/msg/detail/ht_nav_imu_data__struct.h
[6.767s] -- Installing: /home/temurtas/INS-GPS-ROS2/install/ht_nav_variables/include/ht_nav_variables/msg/detail/ht_nav_quaternion__functions.c
[6.767s] -- Installing: /home/temurtas/INS-GPS-ROS2/install/ht_nav_variables/include/ht_nav_variables/msg/detail/ht_nav_kalman_out__functions.h
[6.767s] -- Installing: /home/temurtas/INS-GPS-ROS2/install/ht_nav_variables/include/ht_nav_variables/msg/detail/ht_nav_point__functions.h
[6.767s] -- Installing: /home/temurtas/INS-GPS-ROS2/install/ht_nav_variables/include/ht_nav_variables/msg/detail/ht_nav_point__functions.c
[6.768s] -- Installing: /home/temurtas/INS-GPS-ROS2/install/ht_nav_variables/include/ht_nav_variables/msg/detail/ht_nav_gps_data__struct.h
[6.768s] -- Installing: /home/temurtas/INS-GPS-ROS2/install/ht_nav_variables/include/ht_nav_variables/msg/detail/ht_nav_gps_data__functions.c
[6.768s] -- Installing: /home/temurtas/INS-GPS-ROS2/install/ht_nav_variables/include/ht_nav_variables/msg/detail/ht_nav_kalman_out__struct.h
[6.768s] -- Installing: /home/temurtas/INS-GPS-ROS2/install/ht_nav_variables/include/ht_nav_variables/msg/detail/ht_nav_imu_data__functions.h
[6.768s] -- Installing: /home/temurtas/INS-GPS-ROS2/install/ht_nav_variables/include/ht_nav_variables/msg/detail/ht_nav_error_vector__functions.h
[6.768s] -- Installing: /home/temurtas/INS-GPS-ROS2/install/ht_nav_variables/include/ht_nav_variables/msg/detail/ht_nav_error_vector__struct.h
[6.768s] -- Installing: /home/temurtas/INS-GPS-ROS2/install/ht_nav_variables/include/ht_nav_variables/msg/detail/ht_nav_quaternion__struct.h
[6.769s] -- Installing: /home/temurtas/INS-GPS-ROS2/install/ht_nav_variables/include/ht_nav_variables/msg/detail/ht_nav_kalman_out__functions.c
[6.769s] -- Installing: /home/temurtas/INS-GPS-ROS2/install/ht_nav_variables/include/ht_nav_variables/msg/detail/ht_nav_euler__type_support.h
[6.769s] -- Installing: /home/temurtas/INS-GPS-ROS2/install/ht_nav_variables/include/ht_nav_variables/msg/detail/ht_nav_vector3__struct.h
[6.769s] -- Up-to-date: /home/temurtas/INS-GPS-ROS2/install/ht_nav_variables/share/ht_nav_variables/environment/library_path.sh
[6.769s] -- Installing: /home/temurtas/INS-GPS-ROS2/install/ht_nav_variables/share/ht_nav_variables/environment/library_path.dsv
[6.769s] -- Installing: /home/temurtas/INS-GPS-ROS2/install/ht_nav_variables/lib/libht_nav_variables__rosidl_generator_c.so
[6.770s] -- Set runtime path of "/home/temurtas/INS-GPS-ROS2/install/ht_nav_variables/lib/libht_nav_variables__rosidl_generator_c.so" to ""
[6.770s] -- Up-to-date: /home/temurtas/INS-GPS-ROS2/install/ht_nav_variables/include/ht_nav_variables
[6.770s] -- Up-to-date: /home/temurtas/INS-GPS-ROS2/install/ht_nav_variables/include/ht_nav_variables/msg
[6.770s] -- Up-to-date: /home/temurtas/INS-GPS-ROS2/install/ht_nav_variables/include/ht_nav_variables/msg/rosidl_typesupport_fastrtps_c__visibility_control.h
[6.770s] -- Up-to-date: /home/temurtas/INS-GPS-ROS2/install/ht_nav_variables/include/ht_nav_variables/msg/detail
[6.770s] -- Installing: /home/temurtas/INS-GPS-ROS2/install/ht_nav_variables/include/ht_nav_variables/msg/detail/ht_nav_strap_out__rosidl_typesupport_fastrtps_c.h
[6.770s] -- Installing: /home/temurtas/INS-GPS-ROS2/install/ht_nav_variables/include/ht_nav_variables/msg/detail/ht_nav_gps_data__rosidl_typesupport_fastrtps_c.h
[6.770s] -- Installing: /home/temurtas/INS-GPS-ROS2/install/ht_nav_variables/include/ht_nav_variables/msg/detail/ht_nav_error_vector__rosidl_typesupport_fastrtps_c.h
[6.770s] -- Installing: /home/temurtas/INS-GPS-ROS2/install/ht_nav_variables/include/ht_nav_variables/msg/detail/ht_nav_vector3__rosidl_typesupport_fastrtps_c.h
[6.770s] -- Installing: /home/temurtas/INS-GPS-ROS2/install/ht_nav_variables/include/ht_nav_variables/msg/detail/ht_nav_kalman_out__rosidl_typesupport_fastrtps_c.h
[6.770s] -- Installing: /home/temurtas/INS-GPS-ROS2/install/ht_nav_variables/include/ht_nav_variables/msg/detail/ht_nav_quaternion__rosidl_typesupport_fastrtps_c.h
[6.770s] -- Installing: /home/temurtas/INS-GPS-ROS2/install/ht_nav_variables/include/ht_nav_variables/msg/detail/ht_nav_deneme__rosidl_typesupport_fastrtps_c.h
[6.770s] -- Installing: /home/temurtas/INS-GPS-ROS2/install/ht_nav_variables/include/ht_nav_variables/msg/detail/ht_nav_point__rosidl_typesupport_fastrtps_c.h
[6.771s] -- Installing: /home/temurtas/INS-GPS-ROS2/install/ht_nav_variables/include/ht_nav_variables/msg/detail/ht_nav_euler__rosidl_typesupport_fastrtps_c.h
[6.771s] -- Installing: /home/temurtas/INS-GPS-ROS2/install/ht_nav_variables/include/ht_nav_variables/msg/detail/ht_nav_imu_data__rosidl_typesupport_fastrtps_c.h
[6.771s] -- Installing: /home/temurtas/INS-GPS-ROS2/install/ht_nav_variables/lib/libht_nav_variables__rosidl_typesupport_fastrtps_c.so
[6.771s] -- Set runtime path of "/home/temurtas/INS-GPS-ROS2/install/ht_nav_variables/lib/libht_nav_variables__rosidl_typesupport_fastrtps_c.so" to ""
[6.771s] -- Up-to-date: /home/temurtas/INS-GPS-ROS2/install/ht_nav_variables/include/ht_nav_variables
[6.771s] -- Up-to-date: /home/temurtas/INS-GPS-ROS2/install/ht_nav_variables/include/ht_nav_variables/msg
[6.771s] -- Up-to-date: /home/temurtas/INS-GPS-ROS2/install/ht_nav_variables/include/ht_nav_variables/msg/rosidl_typesupport_fastrtps_cpp__visibility_control.h
[6.771s] -- Up-to-date: /home/temurtas/INS-GPS-ROS2/install/ht_nav_variables/include/ht_nav_variables/msg/detail
[6.771s] -- Installing: /home/temurtas/INS-GPS-ROS2/install/ht_nav_variables/include/ht_nav_variables/msg/detail/ht_nav_deneme__rosidl_typesupport_fastrtps_cpp.hpp
[6.771s] -- Installing: /home/temurtas/INS-GPS-ROS2/install/ht_nav_variables/include/ht_nav_variables/msg/detail/ht_nav_point__rosidl_typesupport_fastrtps_cpp.hpp
[6.771s] -- Installing: /home/temurtas/INS-GPS-ROS2/install/ht_nav_variables/include/ht_nav_variables/msg/detail/ht_nav_vector3__rosidl_typesupport_fastrtps_cpp.hpp
[6.772s] -- Installing: /home/temurtas/INS-GPS-ROS2/install/ht_nav_variables/include/ht_nav_variables/msg/detail/ht_nav_error_vector__rosidl_typesupport_fastrtps_cpp.hpp
[6.772s] -- Installing: /home/temurtas/INS-GPS-ROS2/install/ht_nav_variables/include/ht_nav_variables/msg/detail/ht_nav_gps_data__rosidl_typesupport_fastrtps_cpp.hpp
[6.772s] -- Installing: /home/temurtas/INS-GPS-ROS2/install/ht_nav_variables/include/ht_nav_variables/msg/detail/ht_nav_kalman_out__rosidl_typesupport_fastrtps_cpp.hpp
[6.772s] -- Installing: /home/temurtas/INS-GPS-ROS2/install/ht_nav_variables/include/ht_nav_variables/msg/detail/ht_nav_imu_data__rosidl_typesupport_fastrtps_cpp.hpp
[6.772s] -- Installing: /home/temurtas/INS-GPS-ROS2/install/ht_nav_variables/include/ht_nav_variables/msg/detail/ht_nav_strap_out__rosidl_typesupport_fastrtps_cpp.hpp
[6.772s] -- Installing: /home/temurtas/INS-GPS-ROS2/install/ht_nav_variables/include/ht_nav_variables/msg/detail/ht_nav_quaternion__rosidl_typesupport_fastrtps_cpp.hpp
[6.772s] -- Installing: /home/temurtas/INS-GPS-ROS2/install/ht_nav_variables/include/ht_nav_variables/msg/detail/ht_nav_euler__rosidl_typesupport_fastrtps_cpp.hpp
[6.772s] -- Up-to-date: /home/temurtas/INS-GPS-ROS2/install/ht_nav_variables/include/ht_nav_variables/msg/detail/dds_fastrtps
[6.772s] -- Installing: /home/temurtas/INS-GPS-ROS2/install/ht_nav_variables/lib/libht_nav_variables__rosidl_typesupport_fastrtps_cpp.so
[6.772s] -- Set runtime path of "/home/temurtas/INS-GPS-ROS2/install/ht_nav_variables/lib/libht_nav_variables__rosidl_typesupport_fastrtps_cpp.so" to ""
[6.772s] -- Up-to-date: /home/temurtas/INS-GPS-ROS2/install/ht_nav_variables/include/ht_nav_variables
[6.772s] -- Up-to-date: /home/temurtas/INS-GPS-ROS2/install/ht_nav_variables/include/ht_nav_variables/msg
[6.772s] -- Up-to-date: /home/temurtas/INS-GPS-ROS2/install/ht_nav_variables/include/ht_nav_variables/msg/rosidl_typesupport_introspection_c__visibility_control.h
[6.772s] -- Up-to-date: /home/temurtas/INS-GPS-ROS2/install/ht_nav_variables/include/ht_nav_variables/msg/detail
[6.772s] -- Installing: /home/temurtas/INS-GPS-ROS2/install/ht_nav_variables/include/ht_nav_variables/msg/detail/ht_nav_imu_data__rosidl_typesupport_introspection_c.h
[6.773s] -- Installing: /home/temurtas/INS-GPS-ROS2/install/ht_nav_variables/include/ht_nav_variables/msg/detail/ht_nav_error_vector__rosidl_typesupport_introspection_c.h
[6.773s] -- Installing: /home/temurtas/INS-GPS-ROS2/install/ht_nav_variables/include/ht_nav_variables/msg/detail/ht_nav_vector3__rosidl_typesupport_introspection_c.h
[6.773s] -- Installing: /home/temurtas/INS-GPS-ROS2/install/ht_nav_variables/include/ht_nav_variables/msg/detail/ht_nav_euler__rosidl_typesupport_introspection_c.h
[6.773s] -- Installing: /home/temurtas/INS-GPS-ROS2/install/ht_nav_variables/include/ht_nav_variables/msg/detail/ht_nav_deneme__type_support.c
[6.773s] -- Installing: /home/temurtas/INS-GPS-ROS2/install/ht_nav_variables/include/ht_nav_variables/msg/detail/ht_nav_euler__type_support.c
[6.773s] -- Installing: /home/temurtas/INS-GPS-ROS2/install/ht_nav_variables/include/ht_nav_variables/msg/detail/ht_nav_imu_data__type_support.c
[6.773s] -- Installing: /home/temurtas/INS-GPS-ROS2/install/ht_nav_variables/include/ht_nav_variables/msg/detail/ht_nav_strap_out__type_support.c
[6.773s] -- Installing: /home/temurtas/INS-GPS-ROS2/install/ht_nav_variables/include/ht_nav_variables/msg/detail/ht_nav_point__rosidl_typesupport_introspection_c.h
[6.773s] -- Installing: /home/temurtas/INS-GPS-ROS2/install/ht_nav_variables/include/ht_nav_variables/msg/detail/ht_nav_error_vector__type_support.c
[6.773s] -- Installing: /home/temurtas/INS-GPS-ROS2/install/ht_nav_variables/include/ht_nav_variables/msg/detail/ht_nav_deneme__rosidl_typesupport_introspection_c.h
[6.773s] -- Installing: /home/temurtas/INS-GPS-ROS2/install/ht_nav_variables/include/ht_nav_variables/msg/detail/ht_nav_quaternion__rosidl_typesupport_introspection_c.h
[6.773s] -- Installing: /home/temurtas/INS-GPS-ROS2/install/ht_nav_variables/include/ht_nav_variables/msg/detail/ht_nav_gps_data__type_support.c
[6.773s] -- Installing: /home/temurtas/INS-GPS-ROS2/install/ht_nav_variables/include/ht_nav_variables/msg/detail/ht_nav_strap_out__rosidl_typesupport_introspection_c.h
[6.774s] -- Installing: /home/temurtas/INS-GPS-ROS2/install/ht_nav_variables/include/ht_nav_variables/msg/detail/ht_nav_point__type_support.c
[6.774s] -- Installing: /home/temurtas/INS-GPS-ROS2/install/ht_nav_variables/include/ht_nav_variables/msg/detail/ht_nav_gps_data__rosidl_typesupport_introspection_c.h
[6.774s] -- Installing: /home/temurtas/INS-GPS-ROS2/install/ht_nav_variables/include/ht_nav_variables/msg/detail/ht_nav_kalman_out__type_support.c
[6.774s] -- Installing: /home/temurtas/INS-GPS-ROS2/install/ht_nav_variables/include/ht_nav_variables/msg/detail/ht_nav_quaternion__type_support.c
[6.774s] -- Installing: /home/temurtas/INS-GPS-ROS2/install/ht_nav_variables/include/ht_nav_variables/msg/detail/ht_nav_kalman_out__rosidl_typesupport_introspection_c.h
[6.774s] -- Installing: /home/temurtas/INS-GPS-ROS2/install/ht_nav_variables/include/ht_nav_variables/msg/detail/ht_nav_vector3__type_support.c
[6.774s] -- Installing: /home/temurtas/INS-GPS-ROS2/install/ht_nav_variables/lib/libht_nav_variables__rosidl_typesupport_introspection_c.so
[6.774s] -- Set runtime path of "/home/temurtas/INS-GPS-ROS2/install/ht_nav_variables/lib/libht_nav_variables__rosidl_typesupport_introspection_c.so" to ""
[6.774s] -- Installing: /home/temurtas/INS-GPS-ROS2/install/ht_nav_variables/lib/libht_nav_variables__rosidl_typesupport_c.so
[6.774s] -- Set runtime path of "/home/temurtas/INS-GPS-ROS2/install/ht_nav_variables/lib/libht_nav_variables__rosidl_typesupport_c.so" to ""
[6.774s] -- Up-to-date: /home/temurtas/INS-GPS-ROS2/install/ht_nav_variables/include/ht_nav_variables
[6.774s] -- Up-to-date: /home/temurtas/INS-GPS-ROS2/install/ht_nav_variables/include/ht_nav_variables/msg
[6.774s] -- Installing: /home/temurtas/INS-GPS-ROS2/install/ht_nav_variables/include/ht_nav_variables/msg/ht_nav_euler.hpp
[6.774s] -- Installing: /home/temurtas/INS-GPS-ROS2/install/ht_nav_variables/include/ht_nav_variables/msg/ht_nav_error_vector.hpp
[6.774s] -- Installing: /home/temurtas/INS-GPS-ROS2/install/ht_nav_variables/include/ht_nav_variables/msg/ht_nav_deneme.hpp
[6.775s] -- Installing: /home/temurtas/INS-GPS-ROS2/install/ht_nav_variables/include/ht_nav_variables/msg/ht_nav_strap_out.hpp
[6.775s] -- Installing: /home/temurtas/INS-GPS-ROS2/install/ht_nav_variables/include/ht_nav_variables/msg/ht_nav_vector3.hpp
[6.775s] -- Installing: /home/temurtas/INS-GPS-ROS2/install/ht_nav_variables/include/ht_nav_variables/msg/ht_nav_kalman_out.hpp
[6.775s] -- Installing: /home/temurtas/INS-GPS-ROS2/install/ht_nav_variables/include/ht_nav_variables/msg/ht_nav_point.hpp
[6.775s] -- Installing: /home/temurtas/INS-GPS-ROS2/install/ht_nav_variables/include/ht_nav_variables/msg/ht_nav_imu_data.hpp
[6.775s] -- Installing: /home/temurtas/INS-GPS-ROS2/install/ht_nav_variables/include/ht_nav_variables/msg/ht_nav_gps_data.hpp
[6.775s] -- Installing: /home/temurtas/INS-GPS-ROS2/install/ht_nav_variables/include/ht_nav_variables/msg/ht_nav_quaternion.hpp
[6.775s] -- Up-to-date: /home/temurtas/INS-GPS-ROS2/install/ht_nav_variables/include/ht_nav_variables/msg/detail
[6.775s] -- Installing: /home/temurtas/INS-GPS-ROS2/install/ht_nav_variables/include/ht_nav_variables/msg/detail/ht_nav_deneme__builder.hpp
[6.775s] -- Installing: /home/temurtas/INS-GPS-ROS2/install/ht_nav_variables/include/ht_nav_variables/msg/detail/ht_nav_vector3__builder.hpp
[6.775s] -- Installing: /home/temurtas/INS-GPS-ROS2/install/ht_nav_variables/include/ht_nav_variables/msg/detail/ht_nav_deneme__traits.hpp
[6.775s] -- Installing: /home/temurtas/INS-GPS-ROS2/install/ht_nav_variables/include/ht_nav_variables/msg/detail/ht_nav_imu_data__builder.hpp
[6.775s] -- Installing: /home/temurtas/INS-GPS-ROS2/install/ht_nav_variables/include/ht_nav_variables/msg/detail/ht_nav_vector3__traits.hpp
[6.775s] -- Installing: /home/temurtas/INS-GPS-ROS2/install/ht_nav_variables/include/ht_nav_variables/msg/detail/ht_nav_deneme__struct.hpp
[6.776s] -- Installing: /home/temurtas/INS-GPS-ROS2/install/ht_nav_variables/include/ht_nav_variables/msg/detail/ht_nav_quaternion__struct.hpp
[6.776s] -- Installing: /home/temurtas/INS-GPS-ROS2/install/ht_nav_variables/include/ht_nav_variables/msg/detail/ht_nav_gps_data__struct.hpp
[6.776s] -- Installing: /home/temurtas/INS-GPS-ROS2/install/ht_nav_variables/include/ht_nav_variables/msg/detail/ht_nav_strap_out__struct.hpp
[6.776s] -- Installing: /home/temurtas/INS-GPS-ROS2/install/ht_nav_variables/include/ht_nav_variables/msg/detail/ht_nav_point__builder.hpp
[6.776s] -- Installing: /home/temurtas/INS-GPS-ROS2/install/ht_nav_variables/include/ht_nav_variables/msg/detail/ht_nav_quaternion__traits.hpp
[6.776s] -- Installing: /home/temurtas/INS-GPS-ROS2/install/ht_nav_variables/include/ht_nav_variables/msg/detail/ht_nav_strap_out__builder.hpp
[6.776s] -- Installing: /home/temurtas/INS-GPS-ROS2/install/ht_nav_variables/include/ht_nav_variables/msg/detail/ht_nav_euler__struct.hpp
[6.776s] -- Installing: /home/temurtas/INS-GPS-ROS2/install/ht_nav_variables/include/ht_nav_variables/msg/detail/ht_nav_imu_data__struct.hpp
[6.776s] -- Installing: /home/temurtas/INS-GPS-ROS2/install/ht_nav_variables/include/ht_nav_variables/msg/detail/ht_nav_error_vector__traits.hpp
[6.776s] -- Installing: /home/temurtas/INS-GPS-ROS2/install/ht_nav_variables/include/ht_nav_variables/msg/detail/ht_nav_error_vector__builder.hpp
[6.776s] -- Installing: /home/temurtas/INS-GPS-ROS2/install/ht_nav_variables/include/ht_nav_variables/msg/detail/ht_nav_vector3__struct.hpp
[6.776s] -- Installing: /home/temurtas/INS-GPS-ROS2/install/ht_nav_variables/include/ht_nav_variables/msg/detail/ht_nav_kalman_out__struct.hpp
[6.776s] -- Installing: /home/temurtas/INS-GPS-ROS2/install/ht_nav_variables/include/ht_nav_variables/msg/detail/ht_nav_euler__builder.hpp
[6.776s] -- Installing: /home/temurtas/INS-GPS-ROS2/install/ht_nav_variables/include/ht_nav_variables/msg/detail/ht_nav_gps_data__traits.hpp
[6.777s] -- Installing: /home/temurtas/INS-GPS-ROS2/install/ht_nav_variables/include/ht_nav_variables/msg/detail/ht_nav_point__struct.hpp
[6.777s] -- Installing: /home/temurtas/INS-GPS-ROS2/install/ht_nav_variables/include/ht_nav_variables/msg/detail/ht_nav_kalman_out__traits.hpp
[6.777s] -- Installing: /home/temurtas/INS-GPS-ROS2/install/ht_nav_variables/include/ht_nav_variables/msg/detail/ht_nav_quaternion__builder.hpp
[6.777s] -- Installing: /home/temurtas/INS-GPS-ROS2/install/ht_nav_variables/include/ht_nav_variables/msg/detail/ht_nav_error_vector__struct.hpp
[6.777s] -- Installing: /home/temurtas/INS-GPS-ROS2/install/ht_nav_variables/include/ht_nav_variables/msg/detail/ht_nav_kalman_out__builder.hpp
[6.777s] -- Installing: /home/temurtas/INS-GPS-ROS2/install/ht_nav_variables/include/ht_nav_variables/msg/detail/ht_nav_point__traits.hpp
[6.777s] -- Installing: /home/temurtas/INS-GPS-ROS2/install/ht_nav_variables/include/ht_nav_variables/msg/detail/ht_nav_strap_out__traits.hpp
[6.777s] -- Installing: /home/temurtas/INS-GPS-ROS2/install/ht_nav_variables/include/ht_nav_variables/msg/detail/ht_nav_gps_data__builder.hpp
[6.777s] -- Installing: /home/temurtas/INS-GPS-ROS2/install/ht_nav_variables/include/ht_nav_variables/msg/detail/ht_nav_imu_data__traits.hpp
[6.777s] -- Installing: /home/temurtas/INS-GPS-ROS2/install/ht_nav_variables/include/ht_nav_variables/msg/detail/ht_nav_euler__traits.hpp
[6.777s] -- Up-to-date: /home/temurtas/INS-GPS-ROS2/install/ht_nav_variables/include/ht_nav_variables
[6.777s] -- Up-to-date: /home/temurtas/INS-GPS-ROS2/install/ht_nav_variables/include/ht_nav_variables/msg
[6.777s] -- Up-to-date: /home/temurtas/INS-GPS-ROS2/install/ht_nav_variables/include/ht_nav_variables/msg/detail
[6.777s] -- Installing: /home/temurtas/INS-GPS-ROS2/install/ht_nav_variables/include/ht_nav_variables/msg/detail/ht_nav_gps_data__type_support.cpp
[6.778s] -- Installing: /home/temurtas/INS-GPS-ROS2/install/ht_nav_variables/include/ht_nav_variables/msg/detail/ht_nav_quaternion__rosidl_typesupport_introspection_cpp.hpp
[6.778s] -- Installing: /home/temurtas/INS-GPS-ROS2/install/ht_nav_variables/include/ht_nav_variables/msg/detail/ht_nav_strap_out__rosidl_typesupport_introspection_cpp.hpp
[6.778s] -- Installing: /home/temurtas/INS-GPS-ROS2/install/ht_nav_variables/include/ht_nav_variables/msg/detail/ht_nav_imu_data__rosidl_typesupport_introspection_cpp.hpp
[6.778s] -- Installing: /home/temurtas/INS-GPS-ROS2/install/ht_nav_variables/include/ht_nav_variables/msg/detail/ht_nav_imu_data__type_support.cpp
[6.778s] -- Installing: /home/temurtas/INS-GPS-ROS2/install/ht_nav_variables/include/ht_nav_variables/msg/detail/ht_nav_deneme__type_support.cpp
[6.778s] -- Installing: /home/temurtas/INS-GPS-ROS2/install/ht_nav_variables/include/ht_nav_variables/msg/detail/ht_nav_quaternion__type_support.cpp
[6.778s] -- Installing: /home/temurtas/INS-GPS-ROS2/install/ht_nav_variables/include/ht_nav_variables/msg/detail/ht_nav_kalman_out__type_support.cpp
[6.778s] -- Installing: /home/temurtas/INS-GPS-ROS2/install/ht_nav_variables/include/ht_nav_variables/msg/detail/ht_nav_vector3__type_support.cpp
[6.778s] -- Installing: /home/temurtas/INS-GPS-ROS2/install/ht_nav_variables/include/ht_nav_variables/msg/detail/ht_nav_deneme__rosidl_typesupport_introspection_cpp.hpp
[6.778s] -- Installing: /home/temurtas/INS-GPS-ROS2/install/ht_nav_variables/include/ht_nav_variables/msg/detail/ht_nav_error_vector__type_support.cpp
[6.778s] -- Installing: /home/temurtas/INS-GPS-ROS2/install/ht_nav_variables/include/ht_nav_variables/msg/detail/ht_nav_euler__type_support.cpp
[6.778s] -- Installing: /home/temurtas/INS-GPS-ROS2/install/ht_nav_variables/include/ht_nav_variables/msg/detail/ht_nav_gps_data__rosidl_typesupport_introspection_cpp.hpp
[6.778s] -- Installing: /home/temurtas/INS-GPS-ROS2/install/ht_nav_variables/include/ht_nav_variables/msg/detail/ht_nav_euler__rosidl_typesupport_introspection_cpp.hpp
[6.778s] -- Installing: /home/temurtas/INS-GPS-ROS2/install/ht_nav_variables/include/ht_nav_variables/msg/detail/ht_nav_strap_out__type_support.cpp
[6.778s] -- Installing: /home/temurtas/INS-GPS-ROS2/install/ht_nav_variables/include/ht_nav_variables/msg/detail/ht_nav_error_vector__rosidl_typesupport_introspection_cpp.hpp
[6.778s] -- Installing: /home/temurtas/INS-GPS-ROS2/install/ht_nav_variables/include/ht_nav_variables/msg/detail/ht_nav_kalman_out__rosidl_typesupport_introspection_cpp.hpp
[6.778s] -- Installing: /home/temurtas/INS-GPS-ROS2/install/ht_nav_variables/include/ht_nav_variables/msg/detail/ht_nav_point__rosidl_typesupport_introspection_cpp.hpp
[6.778s] -- Installing: /home/temurtas/INS-GPS-ROS2/install/ht_nav_variables/include/ht_nav_variables/msg/detail/ht_nav_vector3__rosidl_typesupport_introspection_cpp.hpp
[6.779s] -- Installing: /home/temurtas/INS-GPS-ROS2/install/ht_nav_variables/include/ht_nav_variables/msg/detail/ht_nav_point__type_support.cpp
[6.779s] -- Installing: /home/temurtas/INS-GPS-ROS2/install/ht_nav_variables/lib/libht_nav_variables__rosidl_typesupport_introspection_cpp.so
[6.779s] -- Set runtime path of "/home/temurtas/INS-GPS-ROS2/install/ht_nav_variables/lib/libht_nav_variables__rosidl_typesupport_introspection_cpp.so" to ""
[6.780s] -- Installing: /home/temurtas/INS-GPS-ROS2/install/ht_nav_variables/lib/libht_nav_variables__rosidl_typesupport_cpp.so
[6.780s] -- Set runtime path of "/home/temurtas/INS-GPS-ROS2/install/ht_nav_variables/lib/libht_nav_variables__rosidl_typesupport_cpp.so" to ""
[6.780s] -- Up-to-date: /home/temurtas/INS-GPS-ROS2/install/ht_nav_variables/share/ht_nav_variables/environment/pythonpath.sh
[6.781s] -- Installing: /home/temurtas/INS-GPS-ROS2/install/ht_nav_variables/share/ht_nav_variables/environment/pythonpath.dsv
[6.781s] -- Installing: /home/temurtas/INS-GPS-ROS2/install/ht_nav_variables/lib/python3.8/site-packages/ht_nav_variables/__init__.py
[6.805s] Compiling '/home/temurtas/INS-GPS-ROS2/install/ht_nav_variables/lib/python3.8/site-packages/ht_nav_variables/__init__.py'...
[6.810s] -- Up-to-date: /home/temurtas/INS-GPS-ROS2/install/ht_nav_variables/lib/python3.8/site-packages/ht_nav_variables/msg
[6.810s] -- Installing: /home/temurtas/INS-GPS-ROS2/install/ht_nav_variables/lib/python3.8/site-packages/ht_nav_variables/msg/_ht_nav_imu_data_s.c
[6.810s] -- Installing: /home/temurtas/INS-GPS-ROS2/install/ht_nav_variables/lib/python3.8/site-packages/ht_nav_variables/msg/_ht_nav_vector3.py
[6.810s] -- Installing: /home/temurtas/INS-GPS-ROS2/install/ht_nav_variables/lib/python3.8/site-packages/ht_nav_variables/msg/_ht_nav_vector3_s.c
[6.810s] -- Installing: /home/temurtas/INS-GPS-ROS2/install/ht_nav_variables/lib/python3.8/site-packages/ht_nav_variables/msg/_ht_nav_point_s.c
[6.811s] -- Installing: /home/temurtas/INS-GPS-ROS2/install/ht_nav_variables/lib/python3.8/site-packages/ht_nav_variables/msg/_ht_nav_gps_data_s.c
[6.811s] -- Installing: /home/temurtas/INS-GPS-ROS2/install/ht_nav_variables/lib/python3.8/site-packages/ht_nav_variables/msg/_ht_nav_gps_data.py
[6.811s] -- Installing: /home/temurtas/INS-GPS-ROS2/install/ht_nav_variables/lib/python3.8/site-packages/ht_nav_variables/msg/_ht_nav_deneme.py
[6.811s] -- Installing: /home/temurtas/INS-GPS-ROS2/install/ht_nav_variables/lib/python3.8/site-packages/ht_nav_variables/msg/_ht_nav_imu_data.py
[6.811s] -- Installing: /home/temurtas/INS-GPS-ROS2/install/ht_nav_variables/lib/python3.8/site-packages/ht_nav_variables/msg/__init__.py
[6.811s] -- Installing: /home/temurtas/INS-GPS-ROS2/install/ht_nav_variables/lib/python3.8/site-packages/ht_nav_variables/msg/_ht_nav_point.py
[6.811s] -- Installing: /home/temurtas/INS-GPS-ROS2/install/ht_nav_variables/lib/python3.8/site-packages/ht_nav_variables/msg/_ht_nav_strap_out.py
[6.811s] -- Installing: /home/temurtas/INS-GPS-ROS2/install/ht_nav_variables/lib/python3.8/site-packages/ht_nav_variables/msg/_ht_nav_quaternion.py
[6.812s] -- Installing: /home/temurtas/INS-GPS-ROS2/install/ht_nav_variables/lib/python3.8/site-packages/ht_nav_variables/msg/_ht_nav_quaternion_s.c
[6.812s] -- Installing: /home/temurtas/INS-GPS-ROS2/install/ht_nav_variables/lib/python3.8/site-packages/ht_nav_variables/msg/_ht_nav_euler_s.c
[6.812s] -- Installing: /home/temurtas/INS-GPS-ROS2/install/ht_nav_variables/lib/python3.8/site-packages/ht_nav_variables/msg/_ht_nav_strap_out_s.c
[6.812s] -- Installing: /home/temurtas/INS-GPS-ROS2/install/ht_nav_variables/lib/python3.8/site-packages/ht_nav_variables/msg/_ht_nav_deneme_s.c
[6.812s] -- Installing: /home/temurtas/INS-GPS-ROS2/install/ht_nav_variables/lib/python3.8/site-packages/ht_nav_variables/msg/_ht_nav_euler.py
[6.812s] -- Installing: /home/temurtas/INS-GPS-ROS2/install/ht_nav_variables/lib/python3.8/site-packages/ht_nav_variables/msg/_ht_nav_kalman_out.py
[6.812s] -- Installing: /home/temurtas/INS-GPS-ROS2/install/ht_nav_variables/lib/python3.8/site-packages/ht_nav_variables/msg/_ht_nav_error_vector_s.c
[6.813s] -- Installing: /home/temurtas/INS-GPS-ROS2/install/ht_nav_variables/lib/python3.8/site-packages/ht_nav_variables/msg/_ht_nav_error_vector.py
[6.813s] -- Installing: /home/temurtas/INS-GPS-ROS2/install/ht_nav_variables/lib/python3.8/site-packages/ht_nav_variables/msg/_ht_nav_kalman_out_s.c
[6.814s] -- Installing: /home/temurtas/INS-GPS-ROS2/install/ht_nav_variables/lib/python3.8/site-packages/ht_nav_variables/ht_nav_variables_s__rosidl_typesupport_fastrtps_c.cpython-38-x86_64-linux-gnu.so
[6.815s] -- Set runtime path of "/home/temurtas/INS-GPS-ROS2/install/ht_nav_variables/lib/python3.8/site-packages/ht_nav_variables/ht_nav_variables_s__rosidl_typesupport_fastrtps_c.cpython-38-x86_64-linux-gnu.so" to ""
[6.816s] -- Installing: /home/temurtas/INS-GPS-ROS2/install/ht_nav_variables/lib/python3.8/site-packages/ht_nav_variables/ht_nav_variables_s__rosidl_typesupport_introspection_c.cpython-38-x86_64-linux-gnu.so
[6.817s] -- Set runtime path of "/home/temurtas/INS-GPS-ROS2/install/ht_nav_variables/lib/python3.8/site-packages/ht_nav_variables/ht_nav_variables_s__rosidl_typesupport_introspection_c.cpython-38-x86_64-linux-gnu.so" to ""
[6.818s] -- Installing: /home/temurtas/INS-GPS-ROS2/install/ht_nav_variables/lib/python3.8/site-packages/ht_nav_variables/ht_nav_variables_s__rosidl_typesupport_c.cpython-38-x86_64-linux-gnu.so
[6.819s] -- Set runtime path of "/home/temurtas/INS-GPS-ROS2/install/ht_nav_variables/lib/python3.8/site-packages/ht_nav_variables/ht_nav_variables_s__rosidl_typesupport_c.cpython-38-x86_64-linux-gnu.so" to ""
[6.820s] -- Installing: /home/temurtas/INS-GPS-ROS2/install/ht_nav_variables/lib/libht_nav_variables__python.so
[6.821s] -- Set runtime path of "/home/temurtas/INS-GPS-ROS2/install/ht_nav_variables/lib/libht_nav_variables__python.so" to ""
[6.821s] -- Up-to-date: /home/temurtas/INS-GPS-ROS2/install/ht_nav_variables/share/ht_nav_variables/msg/HtNavErrorVector.idl
[6.821s] -- Up-to-date: /home/temurtas/INS-GPS-ROS2/install/ht_nav_variables/share/ht_nav_variables/msg/HtNavEuler.idl
[6.822s] -- Up-to-date: /home/temurtas/INS-GPS-ROS2/install/ht_nav_variables/share/ht_nav_variables/msg/HtNavGpsData.idl
[6.822s] -- Up-to-date: /home/temurtas/INS-GPS-ROS2/install/ht_nav_variables/share/ht_nav_variables/msg/HtNavImuData.idl
[6.822s] -- Up-to-date: /home/temurtas/INS-GPS-ROS2/install/ht_nav_variables/share/ht_nav_variables/msg/HtNavKalmanOut.idl
[6.822s] -- Up-to-date: /home/temurtas/INS-GPS-ROS2/install/ht_nav_variables/share/ht_nav_variables/msg/HtNavStrapOut.idl
[6.822s] -- Installing: /home/temurtas/INS-GPS-ROS2/install/ht_nav_variables/share/ht_nav_variables/msg/HtNavPoint.idl
[6.822s] -- Up-to-date: /home/temurtas/INS-GPS-ROS2/install/ht_nav_variables/share/ht_nav_variables/msg/HtNavVector3.idl
[6.822s] -- Up-to-date: /home/temurtas/INS-GPS-ROS2/install/ht_nav_variables/share/ht_nav_variables/msg/HtNavQuaternion.idl
[6.823s] -- Up-to-date: /home/temurtas/INS-GPS-ROS2/install/ht_nav_variables/share/ht_nav_variables/msg/HtNavDeneme.idl
[6.823s] -- Up-to-date: /home/temurtas/INS-GPS-ROS2/install/ht_nav_variables/share/ht_nav_variables/msg/HtNavErrorVector.msg
[6.823s] -- Up-to-date: /home/temurtas/INS-GPS-ROS2/install/ht_nav_variables/share/ht_nav_variables/msg/HtNavEuler.msg
[6.823s] -- Up-to-date: /home/temurtas/INS-GPS-ROS2/install/ht_nav_variables/share/ht_nav_variables/msg/HtNavGpsData.msg
[6.823s] -- Up-to-date: /home/temurtas/INS-GPS-ROS2/install/ht_nav_variables/share/ht_nav_variables/msg/HtNavImuData.msg
[6.823s] -- Up-to-date: /home/temurtas/INS-GPS-ROS2/install/ht_nav_variables/share/ht_nav_variables/msg/HtNavKalmanOut.msg
[6.824s] -- Up-to-date: /home/temurtas/INS-GPS-ROS2/install/ht_nav_variables/share/ht_nav_variables/msg/HtNavStrapOut.msg
[6.824s] -- Installing: /home/temurtas/INS-GPS-ROS2/install/ht_nav_variables/share/ht_nav_variables/msg/HtNavPoint.msg
[6.824s] -- Up-to-date: /home/temurtas/INS-GPS-ROS2/install/ht_nav_variables/share/ht_nav_variables/msg/HtNavVector3.msg
[6.824s] -- Up-to-date: /home/temurtas/INS-GPS-ROS2/install/ht_nav_variables/share/ht_nav_variables/msg/HtNavQuaternion.msg
[6.824s] -- Up-to-date: /home/temurtas/INS-GPS-ROS2/install/ht_nav_variables/share/ht_nav_variables/msg/HtNavDeneme.msg
[6.824s] -- Up-to-date: /home/temurtas/INS-GPS-ROS2/install/ht_nav_variables/share/ament_index/resource_index/package_run_dependencies/ht_nav_variables
[6.824s] -- Installing: /home/temurtas/INS-GPS-ROS2/install/ht_nav_variables/share/ament_index/resource_index/parent_prefix_path/ht_nav_variables
[6.825s] -- Up-to-date: /home/temurtas/INS-GPS-ROS2/install/ht_nav_variables/share/ht_nav_variables/environment/ament_prefix_path.sh
[6.825s] -- Installing: /home/temurtas/INS-GPS-ROS2/install/ht_nav_variables/share/ht_nav_variables/environment/ament_prefix_path.dsv
[6.825s] -- Up-to-date: /home/temurtas/INS-GPS-ROS2/install/ht_nav_variables/share/ht_nav_variables/environment/path.sh
[6.825s] -- Installing: /home/temurtas/INS-GPS-ROS2/install/ht_nav_variables/share/ht_nav_variables/environment/path.dsv
[6.825s] -- Up-to-date: /home/temurtas/INS-GPS-ROS2/install/ht_nav_variables/share/ht_nav_variables/local_setup.bash
[6.825s] -- Up-to-date: /home/temurtas/INS-GPS-ROS2/install/ht_nav_variables/share/ht_nav_variables/local_setup.sh
[6.825s] -- Up-to-date: /home/temurtas/INS-GPS-ROS2/install/ht_nav_variables/share/ht_nav_variables/local_setup.zsh
[6.826s] -- Installing: /home/temurtas/INS-GPS-ROS2/install/ht_nav_variables/share/ht_nav_variables/local_setup.dsv
[6.826s] -- Installing: /home/temurtas/INS-GPS-ROS2/install/ht_nav_variables/share/ht_nav_variables/package.dsv
[6.826s] -- Up-to-date: /home/temurtas/INS-GPS-ROS2/install/ht_nav_variables/share/ament_index/resource_index/packages/ht_nav_variables
[6.826s] -- Up-to-date: /home/temurtas/INS-GPS-ROS2/install/ht_nav_variables/share/ht_nav_variables/cmake/ht_nav_variables__rosidl_generator_cExport.cmake
[6.826s] -- Installing: /home/temurtas/INS-GPS-ROS2/install/ht_nav_variables/share/ht_nav_variables/cmake/ht_nav_variables__rosidl_generator_cExport-noconfig.cmake
[6.826s] -- Up-to-date: /home/temurtas/INS-GPS-ROS2/install/ht_nav_variables/share/ht_nav_variables/cmake/ht_nav_variables__rosidl_typesupport_introspection_cExport.cmake
[6.826s] -- Installing: /home/temurtas/INS-GPS-ROS2/install/ht_nav_variables/share/ht_nav_variables/cmake/ht_nav_variables__rosidl_typesupport_introspection_cExport-noconfig.cmake
[6.826s] -- Up-to-date: /home/temurtas/INS-GPS-ROS2/install/ht_nav_variables/share/ht_nav_variables/cmake/ht_nav_variables__rosidl_typesupport_cExport.cmake
[6.827s] -- Installing: /home/temurtas/INS-GPS-ROS2/install/ht_nav_variables/share/ht_nav_variables/cmake/ht_nav_variables__rosidl_typesupport_cExport-noconfig.cmake
[6.827s] -- Up-to-date: /home/temurtas/INS-GPS-ROS2/install/ht_nav_variables/share/ht_nav_variables/cmake/ht_nav_variables__rosidl_generator_cppExport.cmake
[6.827s] -- Up-to-date: /home/temurtas/INS-GPS-ROS2/install/ht_nav_variables/share/ht_nav_variables/cmake/ht_nav_variables__rosidl_typesupport_introspection_cppExport.cmake
[6.827s] -- Installing: /home/temurtas/INS-GPS-ROS2/install/ht_nav_variables/share/ht_nav_variables/cmake/ht_nav_variables__rosidl_typesupport_introspection_cppExport-noconfig.cmake
[6.827s] -- Up-to-date: /home/temurtas/INS-GPS-ROS2/install/ht_nav_variables/share/ht_nav_variables/cmake/ht_nav_variables__rosidl_typesupport_cppExport.cmake
[6.827s] -- Installing: /home/temurtas/INS-GPS-ROS2/install/ht_nav_variables/share/ht_nav_variables/cmake/ht_nav_variables__rosidl_typesupport_cppExport-noconfig.cmake
[6.828s] -- Up-to-date: /home/temurtas/INS-GPS-ROS2/install/ht_nav_variables/share/ht_nav_variables/cmake/rosidl_cmake-extras.cmake
[6.828s] -- Up-to-date: /home/temurtas/INS-GPS-ROS2/install/ht_nav_variables/share/ht_nav_variables/cmake/ament_cmake_export_dependencies-extras.cmake
[6.828s] -- Up-to-date: /home/temurtas/INS-GPS-ROS2/install/ht_nav_variables/share/ht_nav_variables/cmake/ament_cmake_export_libraries-extras.cmake
[6.828s] -- Up-to-date: /home/temurtas/INS-GPS-ROS2/install/ht_nav_variables/share/ht_nav_variables/cmake/ament_cmake_export_targets-extras.cmake
[6.828s] -- Up-to-date: /home/temurtas/INS-GPS-ROS2/install/ht_nav_variables/share/ht_nav_variables/cmake/ament_cmake_export_include_directories-extras.cmake
[6.828s] -- Up-to-date: /home/temurtas/INS-GPS-ROS2/install/ht_nav_variables/share/ht_nav_variables/cmake/rosidl_cmake_export_typesupport_libraries-extras.cmake
[6.828s] -- Up-to-date: /home/temurtas/INS-GPS-ROS2/install/ht_nav_variables/share/ht_nav_variables/cmake/rosidl_cmake_export_typesupport_targets-extras.cmake
[6.829s] -- Up-to-date: /home/temurtas/INS-GPS-ROS2/install/ht_nav_variables/share/ht_nav_variables/cmake/ht_nav_variablesConfig.cmake
[6.829s] -- Up-to-date: /home/temurtas/INS-GPS-ROS2/install/ht_nav_variables/share/ht_nav_variables/cmake/ht_nav_variablesConfig-version.cmake
[6.829s] -- Up-to-date: /home/temurtas/INS-GPS-ROS2/install/ht_nav_variables/share/ht_nav_variables/package.xml
[6.830s] Invoked command in '/home/temurtas/INS-GPS-ROS2/build/ht_nav_variables' returned '0': CMAKE_PREFIX_PATH=/opt/ros/foxy /usr/bin/cmake --install /home/temurtas/INS-GPS-ROS2/build/ht_nav_variables
