[0.016s] Invoking command in '/home/temurtas/INS-GPS-ROS2/build/ht_nav_variables': CMAKE_PREFIX_PATH=${CMAKE_PREFIX_PATH}:/home/temurtas/ws/install/opencv_tests:/opt/ros/foxy /usr/bin/cmake --build /home/temurtas/INS-GPS-ROS2/build/ht_nav_variables -- -j12 -l12
[0.062s] -- Found ament_cmake: 0.9.9 (/opt/ros/foxy/share/ament_cmake/cmake)
[0.091s] -- Found PythonInterp: /usr/bin/python3 (found suitable version "3.8.10", minimum required is "3") 
[0.091s] -- Using PYTHON_EXECUTABLE: /usr/bin/python3
[0.267s] -- Found rosidl_default_generators: 1.0.1 (/opt/ros/foxy/share/rosidl_default_generators/cmake)
[0.271s] -- Using all available rosidl_typesupport_c: rosidl_typesupport_fastrtps_c;rosidl_typesupport_introspection_c
[0.275s] -- Found rosidl_adapter: 1.2.1 (/opt/ros/foxy/share/rosidl_adapter/cmake)
[0.425s] -- Using all available rosidl_typesupport_cpp: rosidl_typesupport_fastrtps_cpp;rosidl_typesupport_introspection_cpp
[0.449s] -- Found rclcpp: 2.4.0 (/opt/ros/foxy/share/rclcpp/cmake)
[0.509s] -- Found rmw_implementation_cmake: 1.0.3 (/opt/ros/foxy/share/rmw_implementation_cmake/cmake)
[0.511s] -- Using RMW implementation 'rmw_cyclonedds_cpp' as default
[0.513s] -- Looking for pthread.h
[0.669s] -- Looking for pthread.h - found
[0.670s] -- Performing Test CMAKE_HAVE_LIBC_PTHREAD
[0.778s] -- Performing Test CMAKE_HAVE_LIBC_PTHREAD - Failed
[0.778s] -- Looking for pthread_create in pthreads
[0.866s] -- Looking for pthread_create in pthreads - not found
[0.866s] -- Looking for pthread_create in pthread
[0.954s] -- Looking for pthread_create in pthread - found
[0.956s] -- Found Threads: TRUE  
[1.150s] -- Found PythonInterp: /usr/bin/python3 (found version "3.8.10") 
[1.307s] -- Found ament_cmake_ros: 0.9.2 (/opt/ros/foxy/share/ament_cmake_ros/cmake)
[1.437s] -- Using all available rosidl_typesupport_c: rosidl_typesupport_fastrtps_c;rosidl_typesupport_introspection_c
[1.446s] -- Using all available rosidl_typesupport_cpp: rosidl_typesupport_fastrtps_cpp;rosidl_typesupport_introspection_cpp
[1.479s] -- Found PythonInterp: /usr/bin/python3 (found suitable version "3.8.10", minimum required is "3.5") 
[1.479s] -- Found python_cmake_module: 0.8.1 (/opt/ros/foxy/share/python_cmake_module/cmake)
[1.511s] -- Using PYTHON_EXECUTABLE: /usr/bin/python3
[1.512s] -- Using PYTHON_INCLUDE_DIRS: /usr/include/python3.8
[1.512s] -- Using PYTHON_LIBRARIES: /usr/lib/x86_64-linux-gnu/libpython3.8.so
[1.539s] -- Found ament_lint_auto: 0.9.6 (/opt/ros/foxy/share/ament_lint_auto/cmake)
[1.548s] -- Added test 'copyright' to check source files copyright and LICENSE
[1.550s] -- Added test 'lint_cmake' to check CMake code style
[1.550s] -- Added test 'xmllint' to check XML markup files
[1.555s] -- Configuring done
[1.609s] -- Generating done
[1.612s] -- Build files have been written to: /home/temurtas/INS-GPS-ROS2/build/ht_nav_variables
[1.655s] [  0%] Built target ht_nav_variables__cpp
[1.659s] [ 12%] Built target ht_nav_variables__rosidl_generator_c
[1.681s] [ 34%] Built target ht_nav_variables__rosidl_typesupport_c
[1.682s] [ 35%] Built target ht_nav_variables__rosidl_typesupport_introspection_cpp
[1.685s] [ 47%] Built target ht_nav_variables__rosidl_typesupport_cpp
[1.690s] [ 48%] [32m[1mLinking CXX shared library libht_nav_variables__rosidl_typesupport_fastrtps_cpp.so[0m
[1.694s] [ 60%] Built target ht_nav_variables__rosidl_typesupport_introspection_c
[1.819s] [ 70%] Built target ht_nav_variables__rosidl_typesupport_fastrtps_cpp
[1.862s] [ 71%] [32m[1mLinking CXX shared library libht_nav_variables__rosidl_typesupport_fastrtps_c.so[0m
[1.988s] [ 82%] Built target ht_nav_variables__rosidl_typesupport_fastrtps_c
[2.022s] [ 82%] Built target ht_nav_variables
[2.056s] [ 83%] Built target ht_nav_variables__py
[2.111s] [ 94%] Built target ht_nav_variables__python
[2.138s] [ 95%] [32m[1mLinking CXX shared library rosidl_generator_py/ht_nav_variables/ht_nav_variables_s__rosidl_typesupport_fastrtps_c.cpython-38-x86_64-linux-gnu.so[0m
[2.140s] [ 98%] Built target ht_nav_variables__rosidl_typesupport_introspection_c__pyext
[2.140s] [ 99%] Built target ht_nav_variables__rosidl_typesupport_c__pyext
[2.216s] [100%] Built target ht_nav_variables__rosidl_typesupport_fastrtps_c__pyext
[2.230s] Invoked command in '/home/temurtas/INS-GPS-ROS2/build/ht_nav_variables' returned '0': CMAKE_PREFIX_PATH=${CMAKE_PREFIX_PATH}:/home/temurtas/ws/install/opencv_tests:/opt/ros/foxy /usr/bin/cmake --build /home/temurtas/INS-GPS-ROS2/build/ht_nav_variables -- -j12 -l12
[2.498s] Invoking command in '/home/temurtas/INS-GPS-ROS2/build/ht_nav_variables': CMAKE_PREFIX_PATH=${CMAKE_PREFIX_PATH}:/home/temurtas/ws/install/opencv_tests:/opt/ros/foxy /usr/bin/cmake --install /home/temurtas/INS-GPS-ROS2/build/ht_nav_variables
[2.510s] -- Install configuration: ""
[2.510s] -- Up-to-date: /home/temurtas/INS-GPS-ROS2/install/ht_nav_variables/share/ament_index/resource_index/rosidl_interfaces/ht_nav_variables
[2.510s] -- Up-to-date: /home/temurtas/INS-GPS-ROS2/install/ht_nav_variables/include/ht_nav_variables
[2.510s] -- Up-to-date: /home/temurtas/INS-GPS-ROS2/install/ht_nav_variables/include/ht_nav_variables/msg
[2.510s] -- Up-to-date: /home/temurtas/INS-GPS-ROS2/install/ht_nav_variables/include/ht_nav_variables/msg/ht_nav_point.h
[2.511s] -- Up-to-date: /home/temurtas/INS-GPS-ROS2/install/ht_nav_variables/include/ht_nav_variables/msg/ht_nav_kalman_out.h
[2.511s] -- Up-to-date: /home/temurtas/INS-GPS-ROS2/install/ht_nav_variables/include/ht_nav_variables/msg/ht_nav_strap_out.h
[2.511s] -- Up-to-date: /home/temurtas/INS-GPS-ROS2/install/ht_nav_variables/include/ht_nav_variables/msg/ht_nav_euler.h
[2.511s] -- Up-to-date: /home/temurtas/INS-GPS-ROS2/install/ht_nav_variables/include/ht_nav_variables/msg/ht_nav_quaternion.h
[2.511s] -- Up-to-date: /home/temurtas/INS-GPS-ROS2/install/ht_nav_variables/include/ht_nav_variables/msg/ht_nav_deneme.h
[2.511s] -- Up-to-date: /home/temurtas/INS-GPS-ROS2/install/ht_nav_variables/include/ht_nav_variables/msg/ht_nav_vector3.h
[2.511s] -- Up-to-date: /home/temurtas/INS-GPS-ROS2/install/ht_nav_variables/include/ht_nav_variables/msg/ht_nav_gps_data.h
[2.511s] -- Up-to-date: /home/temurtas/INS-GPS-ROS2/install/ht_nav_variables/include/ht_nav_variables/msg/ht_nav_imu_data.h
[2.511s] -- Up-to-date: /home/temurtas/INS-GPS-ROS2/install/ht_nav_variables/include/ht_nav_variables/msg/rosidl_generator_c__visibility_control.h
[2.511s] -- Up-to-date: /home/temurtas/INS-GPS-ROS2/install/ht_nav_variables/include/ht_nav_variables/msg/ht_nav_error_vector.h
[2.512s] -- Up-to-date: /home/temurtas/INS-GPS-ROS2/install/ht_nav_variables/include/ht_nav_variables/msg/detail
[2.512s] -- Up-to-date: /home/temurtas/INS-GPS-ROS2/install/ht_nav_variables/include/ht_nav_variables/msg/detail/ht_nav_gps_data__functions.h
[2.512s] -- Up-to-date: /home/temurtas/INS-GPS-ROS2/install/ht_nav_variables/include/ht_nav_variables/msg/detail/ht_nav_euler__functions.c
[2.512s] -- Up-to-date: /home/temurtas/INS-GPS-ROS2/install/ht_nav_variables/include/ht_nav_variables/msg/detail/ht_nav_kalman_out__type_support.h
[2.512s] -- Up-to-date: /home/temurtas/INS-GPS-ROS2/install/ht_nav_variables/include/ht_nav_variables/msg/detail/ht_nav_imu_data__type_support.h
[2.512s] -- Up-to-date: /home/temurtas/INS-GPS-ROS2/install/ht_nav_variables/include/ht_nav_variables/msg/detail/ht_nav_point__type_support.h
[2.512s] -- Up-to-date: /home/temurtas/INS-GPS-ROS2/install/ht_nav_variables/include/ht_nav_variables/msg/detail/ht_nav_strap_out__type_support.h
[2.513s] -- Up-to-date: /home/temurtas/INS-GPS-ROS2/install/ht_nav_variables/include/ht_nav_variables/msg/detail/ht_nav_vector3__type_support.h
[2.513s] -- Up-to-date: /home/temurtas/INS-GPS-ROS2/install/ht_nav_variables/include/ht_nav_variables/msg/detail/ht_nav_quaternion__type_support.h
[2.513s] -- Up-to-date: /home/temurtas/INS-GPS-ROS2/install/ht_nav_variables/include/ht_nav_variables/msg/detail/ht_nav_euler__functions.h
[2.513s] -- Up-to-date: /home/temurtas/INS-GPS-ROS2/install/ht_nav_variables/include/ht_nav_variables/msg/detail/ht_nav_euler__struct.h
[2.513s] -- Up-to-date: /home/temurtas/INS-GPS-ROS2/install/ht_nav_variables/include/ht_nav_variables/msg/detail/ht_nav_strap_out__struct.h
[2.513s] -- Up-to-date: /home/temurtas/INS-GPS-ROS2/install/ht_nav_variables/include/ht_nav_variables/msg/detail/ht_nav_gps_data__type_support.h
[2.513s] -- Up-to-date: /home/temurtas/INS-GPS-ROS2/install/ht_nav_variables/include/ht_nav_variables/msg/detail/ht_nav_strap_out__functions.h
[2.513s] -- Up-to-date: /home/temurtas/INS-GPS-ROS2/install/ht_nav_variables/include/ht_nav_variables/msg/detail/ht_nav_deneme__functions.c
[2.513s] -- Up-to-date: /home/temurtas/INS-GPS-ROS2/install/ht_nav_variables/include/ht_nav_variables/msg/detail/ht_nav_error_vector__functions.c
[2.513s] -- Up-to-date: /home/temurtas/INS-GPS-ROS2/install/ht_nav_variables/include/ht_nav_variables/msg/detail/ht_nav_vector3__functions.h
[2.513s] -- Up-to-date: /home/temurtas/INS-GPS-ROS2/install/ht_nav_variables/include/ht_nav_variables/msg/detail/ht_nav_point__struct.h
[2.513s] -- Up-to-date: /home/temurtas/INS-GPS-ROS2/install/ht_nav_variables/include/ht_nav_variables/msg/detail/ht_nav_vector3__functions.c
[2.514s] -- Up-to-date: /home/temurtas/INS-GPS-ROS2/install/ht_nav_variables/include/ht_nav_variables/msg/detail/ht_nav_deneme__functions.h
[2.514s] -- Up-to-date: /home/temurtas/INS-GPS-ROS2/install/ht_nav_variables/include/ht_nav_variables/msg/detail/ht_nav_imu_data__functions.c
[2.514s] -- Up-to-date: /home/temurtas/INS-GPS-ROS2/install/ht_nav_variables/include/ht_nav_variables/msg/detail/ht_nav_strap_out__functions.c
[2.514s] -- Up-to-date: /home/temurtas/INS-GPS-ROS2/install/ht_nav_variables/include/ht_nav_variables/msg/detail/ht_nav_deneme__struct.h
[2.514s] -- Up-to-date: /home/temurtas/INS-GPS-ROS2/install/ht_nav_variables/include/ht_nav_variables/msg/detail/ht_nav_error_vector__type_support.h
[2.514s] -- Up-to-date: /home/temurtas/INS-GPS-ROS2/install/ht_nav_variables/include/ht_nav_variables/msg/detail/ht_nav_deneme__type_support.h
[2.514s] -- Up-to-date: /home/temurtas/INS-GPS-ROS2/install/ht_nav_variables/include/ht_nav_variables/msg/detail/ht_nav_quaternion__functions.h
[2.514s] -- Up-to-date: /home/temurtas/INS-GPS-ROS2/install/ht_nav_variables/include/ht_nav_variables/msg/detail/ht_nav_imu_data__struct.h
[2.514s] -- Up-to-date: /home/temurtas/INS-GPS-ROS2/install/ht_nav_variables/include/ht_nav_variables/msg/detail/ht_nav_quaternion__functions.c
[2.514s] -- Up-to-date: /home/temurtas/INS-GPS-ROS2/install/ht_nav_variables/include/ht_nav_variables/msg/detail/ht_nav_kalman_out__functions.h
[2.514s] -- Up-to-date: /home/temurtas/INS-GPS-ROS2/install/ht_nav_variables/include/ht_nav_variables/msg/detail/ht_nav_point__functions.h
[2.515s] -- Up-to-date: /home/temurtas/INS-GPS-ROS2/install/ht_nav_variables/include/ht_nav_variables/msg/detail/ht_nav_point__functions.c
[2.515s] -- Up-to-date: /home/temurtas/INS-GPS-ROS2/install/ht_nav_variables/include/ht_nav_variables/msg/detail/ht_nav_gps_data__struct.h
[2.515s] -- Up-to-date: /home/temurtas/INS-GPS-ROS2/install/ht_nav_variables/include/ht_nav_variables/msg/detail/ht_nav_gps_data__functions.c
[2.515s] -- Up-to-date: /home/temurtas/INS-GPS-ROS2/install/ht_nav_variables/include/ht_nav_variables/msg/detail/ht_nav_kalman_out__struct.h
[2.515s] -- Up-to-date: /home/temurtas/INS-GPS-ROS2/install/ht_nav_variables/include/ht_nav_variables/msg/detail/ht_nav_imu_data__functions.h
[2.515s] -- Up-to-date: /home/temurtas/INS-GPS-ROS2/install/ht_nav_variables/include/ht_nav_variables/msg/detail/ht_nav_error_vector__functions.h
[2.515s] -- Up-to-date: /home/temurtas/INS-GPS-ROS2/install/ht_nav_variables/include/ht_nav_variables/msg/detail/ht_nav_error_vector__struct.h
[2.515s] -- Up-to-date: /home/temurtas/INS-GPS-ROS2/install/ht_nav_variables/include/ht_nav_variables/msg/detail/ht_nav_quaternion__struct.h
[2.515s] -- Up-to-date: /home/temurtas/INS-GPS-ROS2/install/ht_nav_variables/include/ht_nav_variables/msg/detail/ht_nav_kalman_out__functions.c
[2.515s] -- Up-to-date: /home/temurtas/INS-GPS-ROS2/install/ht_nav_variables/include/ht_nav_variables/msg/detail/ht_nav_euler__type_support.h
[2.515s] -- Up-to-date: /home/temurtas/INS-GPS-ROS2/install/ht_nav_variables/include/ht_nav_variables/msg/detail/ht_nav_vector3__struct.h
[2.516s] -- Up-to-date: /home/temurtas/INS-GPS-ROS2/install/ht_nav_variables/share/ht_nav_variables/environment/library_path.sh
[2.516s] -- Installing: /home/temurtas/INS-GPS-ROS2/install/ht_nav_variables/share/ht_nav_variables/environment/library_path.dsv
[2.516s] -- Up-to-date: /home/temurtas/INS-GPS-ROS2/install/ht_nav_variables/lib/libht_nav_variables__rosidl_generator_c.so
[2.516s] -- Up-to-date: /home/temurtas/INS-GPS-ROS2/install/ht_nav_variables/include/ht_nav_variables
[2.516s] -- Up-to-date: /home/temurtas/INS-GPS-ROS2/install/ht_nav_variables/include/ht_nav_variables/msg
[2.516s] -- Up-to-date: /home/temurtas/INS-GPS-ROS2/install/ht_nav_variables/include/ht_nav_variables/msg/rosidl_typesupport_fastrtps_c__visibility_control.h
[2.516s] -- Up-to-date: /home/temurtas/INS-GPS-ROS2/install/ht_nav_variables/include/ht_nav_variables/msg/detail
[2.517s] -- Up-to-date: /home/temurtas/INS-GPS-ROS2/install/ht_nav_variables/include/ht_nav_variables/msg/detail/ht_nav_strap_out__rosidl_typesupport_fastrtps_c.h
[2.517s] -- Up-to-date: /home/temurtas/INS-GPS-ROS2/install/ht_nav_variables/include/ht_nav_variables/msg/detail/ht_nav_gps_data__rosidl_typesupport_fastrtps_c.h
[2.517s] -- Up-to-date: /home/temurtas/INS-GPS-ROS2/install/ht_nav_variables/include/ht_nav_variables/msg/detail/ht_nav_error_vector__rosidl_typesupport_fastrtps_c.h
[2.517s] -- Up-to-date: /home/temurtas/INS-GPS-ROS2/install/ht_nav_variables/include/ht_nav_variables/msg/detail/ht_nav_vector3__rosidl_typesupport_fastrtps_c.h
[2.517s] -- Up-to-date: /home/temurtas/INS-GPS-ROS2/install/ht_nav_variables/include/ht_nav_variables/msg/detail/ht_nav_kalman_out__rosidl_typesupport_fastrtps_c.h
[2.517s] -- Up-to-date: /home/temurtas/INS-GPS-ROS2/install/ht_nav_variables/include/ht_nav_variables/msg/detail/ht_nav_quaternion__rosidl_typesupport_fastrtps_c.h
[2.517s] -- Up-to-date: /home/temurtas/INS-GPS-ROS2/install/ht_nav_variables/include/ht_nav_variables/msg/detail/ht_nav_deneme__rosidl_typesupport_fastrtps_c.h
[2.517s] -- Up-to-date: /home/temurtas/INS-GPS-ROS2/install/ht_nav_variables/include/ht_nav_variables/msg/detail/ht_nav_point__rosidl_typesupport_fastrtps_c.h
[2.518s] -- Up-to-date: /home/temurtas/INS-GPS-ROS2/install/ht_nav_variables/include/ht_nav_variables/msg/detail/ht_nav_euler__rosidl_typesupport_fastrtps_c.h
[2.518s] -- Up-to-date: /home/temurtas/INS-GPS-ROS2/install/ht_nav_variables/include/ht_nav_variables/msg/detail/ht_nav_imu_data__rosidl_typesupport_fastrtps_c.h
[2.518s] -- Installing: /home/temurtas/INS-GPS-ROS2/install/ht_nav_variables/lib/libht_nav_variables__rosidl_typesupport_fastrtps_c.so
[2.518s] -- Set runtime path of "/home/temurtas/INS-GPS-ROS2/install/ht_nav_variables/lib/libht_nav_variables__rosidl_typesupport_fastrtps_c.so" to ""
[2.518s] -- Up-to-date: /home/temurtas/INS-GPS-ROS2/install/ht_nav_variables/include/ht_nav_variables
[2.519s] -- Up-to-date: /home/temurtas/INS-GPS-ROS2/install/ht_nav_variables/include/ht_nav_variables/msg
[2.519s] -- Up-to-date: /home/temurtas/INS-GPS-ROS2/install/ht_nav_variables/include/ht_nav_variables/msg/rosidl_typesupport_fastrtps_cpp__visibility_control.h
[2.519s] -- Up-to-date: /home/temurtas/INS-GPS-ROS2/install/ht_nav_variables/include/ht_nav_variables/msg/detail
[2.519s] -- Up-to-date: /home/temurtas/INS-GPS-ROS2/install/ht_nav_variables/include/ht_nav_variables/msg/detail/ht_nav_deneme__rosidl_typesupport_fastrtps_cpp.hpp
[2.519s] -- Up-to-date: /home/temurtas/INS-GPS-ROS2/install/ht_nav_variables/include/ht_nav_variables/msg/detail/ht_nav_point__rosidl_typesupport_fastrtps_cpp.hpp
[2.519s] -- Up-to-date: /home/temurtas/INS-GPS-ROS2/install/ht_nav_variables/include/ht_nav_variables/msg/detail/ht_nav_vector3__rosidl_typesupport_fastrtps_cpp.hpp
[2.519s] -- Up-to-date: /home/temurtas/INS-GPS-ROS2/install/ht_nav_variables/include/ht_nav_variables/msg/detail/ht_nav_error_vector__rosidl_typesupport_fastrtps_cpp.hpp
[2.519s] -- Up-to-date: /home/temurtas/INS-GPS-ROS2/install/ht_nav_variables/include/ht_nav_variables/msg/detail/ht_nav_gps_data__rosidl_typesupport_fastrtps_cpp.hpp
[2.519s] -- Up-to-date: /home/temurtas/INS-GPS-ROS2/install/ht_nav_variables/include/ht_nav_variables/msg/detail/ht_nav_kalman_out__rosidl_typesupport_fastrtps_cpp.hpp
[2.519s] -- Up-to-date: /home/temurtas/INS-GPS-ROS2/install/ht_nav_variables/include/ht_nav_variables/msg/detail/ht_nav_imu_data__rosidl_typesupport_fastrtps_cpp.hpp
[2.519s] -- Up-to-date: /home/temurtas/INS-GPS-ROS2/install/ht_nav_variables/include/ht_nav_variables/msg/detail/ht_nav_strap_out__rosidl_typesupport_fastrtps_cpp.hpp
[2.520s] -- Up-to-date: /home/temurtas/INS-GPS-ROS2/install/ht_nav_variables/include/ht_nav_variables/msg/detail/ht_nav_quaternion__rosidl_typesupport_fastrtps_cpp.hpp
[2.520s] -- Up-to-date: /home/temurtas/INS-GPS-ROS2/install/ht_nav_variables/include/ht_nav_variables/msg/detail/ht_nav_euler__rosidl_typesupport_fastrtps_cpp.hpp
[2.520s] -- Up-to-date: /home/temurtas/INS-GPS-ROS2/install/ht_nav_variables/include/ht_nav_variables/msg/detail/dds_fastrtps
[2.520s] -- Installing: /home/temurtas/INS-GPS-ROS2/install/ht_nav_variables/lib/libht_nav_variables__rosidl_typesupport_fastrtps_cpp.so
[2.520s] -- Set runtime path of "/home/temurtas/INS-GPS-ROS2/install/ht_nav_variables/lib/libht_nav_variables__rosidl_typesupport_fastrtps_cpp.so" to ""
[2.520s] -- Up-to-date: /home/temurtas/INS-GPS-ROS2/install/ht_nav_variables/include/ht_nav_variables
[2.520s] -- Up-to-date: /home/temurtas/INS-GPS-ROS2/install/ht_nav_variables/include/ht_nav_variables/msg
[2.520s] -- Up-to-date: /home/temurtas/INS-GPS-ROS2/install/ht_nav_variables/include/ht_nav_variables/msg/rosidl_typesupport_introspection_c__visibility_control.h
[2.520s] -- Up-to-date: /home/temurtas/INS-GPS-ROS2/install/ht_nav_variables/include/ht_nav_variables/msg/detail
[2.520s] -- Up-to-date: /home/temurtas/INS-GPS-ROS2/install/ht_nav_variables/include/ht_nav_variables/msg/detail/ht_nav_imu_data__rosidl_typesupport_introspection_c.h
[2.520s] -- Up-to-date: /home/temurtas/INS-GPS-ROS2/install/ht_nav_variables/include/ht_nav_variables/msg/detail/ht_nav_error_vector__rosidl_typesupport_introspection_c.h
[2.520s] -- Up-to-date: /home/temurtas/INS-GPS-ROS2/install/ht_nav_variables/include/ht_nav_variables/msg/detail/ht_nav_vector3__rosidl_typesupport_introspection_c.h
[2.521s] -- Up-to-date: /home/temurtas/INS-GPS-ROS2/install/ht_nav_variables/include/ht_nav_variables/msg/detail/ht_nav_euler__rosidl_typesupport_introspection_c.h
[2.521s] -- Up-to-date: /home/temurtas/INS-GPS-ROS2/install/ht_nav_variables/include/ht_nav_variables/msg/detail/ht_nav_deneme__type_support.c
[2.521s] -- Up-to-date: /home/temurtas/INS-GPS-ROS2/install/ht_nav_variables/include/ht_nav_variables/msg/detail/ht_nav_euler__type_support.c
[2.521s] -- Up-to-date: /home/temurtas/INS-GPS-ROS2/install/ht_nav_variables/include/ht_nav_variables/msg/detail/ht_nav_imu_data__type_support.c
[2.521s] -- Up-to-date: /home/temurtas/INS-GPS-ROS2/install/ht_nav_variables/include/ht_nav_variables/msg/detail/ht_nav_strap_out__type_support.c
[2.521s] -- Up-to-date: /home/temurtas/INS-GPS-ROS2/install/ht_nav_variables/include/ht_nav_variables/msg/detail/ht_nav_point__rosidl_typesupport_introspection_c.h
[2.521s] -- Up-to-date: /home/temurtas/INS-GPS-ROS2/install/ht_nav_variables/include/ht_nav_variables/msg/detail/ht_nav_error_vector__type_support.c
[2.521s] -- Up-to-date: /home/temurtas/INS-GPS-ROS2/install/ht_nav_variables/include/ht_nav_variables/msg/detail/ht_nav_deneme__rosidl_typesupport_introspection_c.h
[2.521s] -- Up-to-date: /home/temurtas/INS-GPS-ROS2/install/ht_nav_variables/include/ht_nav_variables/msg/detail/ht_nav_quaternion__rosidl_typesupport_introspection_c.h
[2.521s] -- Up-to-date: /home/temurtas/INS-GPS-ROS2/install/ht_nav_variables/include/ht_nav_variables/msg/detail/ht_nav_gps_data__type_support.c
[2.521s] -- Up-to-date: /home/temurtas/INS-GPS-ROS2/install/ht_nav_variables/include/ht_nav_variables/msg/detail/ht_nav_strap_out__rosidl_typesupport_introspection_c.h
[2.521s] -- Up-to-date: /home/temurtas/INS-GPS-ROS2/install/ht_nav_variables/include/ht_nav_variables/msg/detail/ht_nav_point__type_support.c
[2.521s] -- Up-to-date: /home/temurtas/INS-GPS-ROS2/install/ht_nav_variables/include/ht_nav_variables/msg/detail/ht_nav_gps_data__rosidl_typesupport_introspection_c.h
[2.521s] -- Up-to-date: /home/temurtas/INS-GPS-ROS2/install/ht_nav_variables/include/ht_nav_variables/msg/detail/ht_nav_kalman_out__type_support.c
[2.521s] -- Up-to-date: /home/temurtas/INS-GPS-ROS2/install/ht_nav_variables/include/ht_nav_variables/msg/detail/ht_nav_quaternion__type_support.c
[2.521s] -- Up-to-date: /home/temurtas/INS-GPS-ROS2/install/ht_nav_variables/include/ht_nav_variables/msg/detail/ht_nav_kalman_out__rosidl_typesupport_introspection_c.h
[2.521s] -- Up-to-date: /home/temurtas/INS-GPS-ROS2/install/ht_nav_variables/include/ht_nav_variables/msg/detail/ht_nav_vector3__type_support.c
[2.522s] -- Up-to-date: /home/temurtas/INS-GPS-ROS2/install/ht_nav_variables/lib/libht_nav_variables__rosidl_typesupport_introspection_c.so
[2.522s] -- Up-to-date: /home/temurtas/INS-GPS-ROS2/install/ht_nav_variables/lib/libht_nav_variables__rosidl_typesupport_c.so
[2.522s] -- Up-to-date: /home/temurtas/INS-GPS-ROS2/install/ht_nav_variables/include/ht_nav_variables
[2.522s] -- Up-to-date: /home/temurtas/INS-GPS-ROS2/install/ht_nav_variables/include/ht_nav_variables/msg
[2.522s] -- Up-to-date: /home/temurtas/INS-GPS-ROS2/install/ht_nav_variables/include/ht_nav_variables/msg/ht_nav_euler.hpp
[2.522s] -- Up-to-date: /home/temurtas/INS-GPS-ROS2/install/ht_nav_variables/include/ht_nav_variables/msg/ht_nav_error_vector.hpp
[2.522s] -- Up-to-date: /home/temurtas/INS-GPS-ROS2/install/ht_nav_variables/include/ht_nav_variables/msg/ht_nav_deneme.hpp
[2.522s] -- Up-to-date: /home/temurtas/INS-GPS-ROS2/install/ht_nav_variables/include/ht_nav_variables/msg/ht_nav_strap_out.hpp
[2.522s] -- Up-to-date: /home/temurtas/INS-GPS-ROS2/install/ht_nav_variables/include/ht_nav_variables/msg/ht_nav_vector3.hpp
[2.522s] -- Up-to-date: /home/temurtas/INS-GPS-ROS2/install/ht_nav_variables/include/ht_nav_variables/msg/ht_nav_kalman_out.hpp
[2.522s] -- Up-to-date: /home/temurtas/INS-GPS-ROS2/install/ht_nav_variables/include/ht_nav_variables/msg/ht_nav_point.hpp
[2.522s] -- Up-to-date: /home/temurtas/INS-GPS-ROS2/install/ht_nav_variables/include/ht_nav_variables/msg/ht_nav_imu_data.hpp
[2.522s] -- Up-to-date: /home/temurtas/INS-GPS-ROS2/install/ht_nav_variables/include/ht_nav_variables/msg/ht_nav_gps_data.hpp
[2.522s] -- Up-to-date: /home/temurtas/INS-GPS-ROS2/install/ht_nav_variables/include/ht_nav_variables/msg/ht_nav_quaternion.hpp
[2.522s] -- Up-to-date: /home/temurtas/INS-GPS-ROS2/install/ht_nav_variables/include/ht_nav_variables/msg/detail
[2.522s] -- Up-to-date: /home/temurtas/INS-GPS-ROS2/install/ht_nav_variables/include/ht_nav_variables/msg/detail/ht_nav_deneme__builder.hpp
[2.522s] -- Up-to-date: /home/temurtas/INS-GPS-ROS2/install/ht_nav_variables/include/ht_nav_variables/msg/detail/ht_nav_vector3__builder.hpp
[2.522s] -- Up-to-date: /home/temurtas/INS-GPS-ROS2/install/ht_nav_variables/include/ht_nav_variables/msg/detail/ht_nav_deneme__traits.hpp
[2.523s] -- Up-to-date: /home/temurtas/INS-GPS-ROS2/install/ht_nav_variables/include/ht_nav_variables/msg/detail/ht_nav_imu_data__builder.hpp
[2.523s] -- Up-to-date: /home/temurtas/INS-GPS-ROS2/install/ht_nav_variables/include/ht_nav_variables/msg/detail/ht_nav_vector3__traits.hpp
[2.523s] -- Up-to-date: /home/temurtas/INS-GPS-ROS2/install/ht_nav_variables/include/ht_nav_variables/msg/detail/ht_nav_deneme__struct.hpp
[2.523s] -- Up-to-date: /home/temurtas/INS-GPS-ROS2/install/ht_nav_variables/include/ht_nav_variables/msg/detail/ht_nav_quaternion__struct.hpp
[2.523s] -- Up-to-date: /home/temurtas/INS-GPS-ROS2/install/ht_nav_variables/include/ht_nav_variables/msg/detail/ht_nav_gps_data__struct.hpp
[2.523s] -- Up-to-date: /home/temurtas/INS-GPS-ROS2/install/ht_nav_variables/include/ht_nav_variables/msg/detail/ht_nav_strap_out__struct.hpp
[2.523s] -- Up-to-date: /home/temurtas/INS-GPS-ROS2/install/ht_nav_variables/include/ht_nav_variables/msg/detail/ht_nav_point__builder.hpp
[2.523s] -- Up-to-date: /home/temurtas/INS-GPS-ROS2/install/ht_nav_variables/include/ht_nav_variables/msg/detail/ht_nav_quaternion__traits.hpp
[2.523s] -- Up-to-date: /home/temurtas/INS-GPS-ROS2/install/ht_nav_variables/include/ht_nav_variables/msg/detail/ht_nav_strap_out__builder.hpp
[2.523s] -- Up-to-date: /home/temurtas/INS-GPS-ROS2/install/ht_nav_variables/include/ht_nav_variables/msg/detail/ht_nav_euler__struct.hpp
[2.523s] -- Up-to-date: /home/temurtas/INS-GPS-ROS2/install/ht_nav_variables/include/ht_nav_variables/msg/detail/ht_nav_imu_data__struct.hpp
[2.523s] -- Up-to-date: /home/temurtas/INS-GPS-ROS2/install/ht_nav_variables/include/ht_nav_variables/msg/detail/ht_nav_error_vector__traits.hpp
[2.523s] -- Up-to-date: /home/temurtas/INS-GPS-ROS2/install/ht_nav_variables/include/ht_nav_variables/msg/detail/ht_nav_error_vector__builder.hpp
[2.523s] -- Up-to-date: /home/temurtas/INS-GPS-ROS2/install/ht_nav_variables/include/ht_nav_variables/msg/detail/ht_nav_vector3__struct.hpp
[2.523s] -- Up-to-date: /home/temurtas/INS-GPS-ROS2/install/ht_nav_variables/include/ht_nav_variables/msg/detail/ht_nav_kalman_out__struct.hpp
[2.523s] -- Up-to-date: /home/temurtas/INS-GPS-ROS2/install/ht_nav_variables/include/ht_nav_variables/msg/detail/ht_nav_euler__builder.hpp
[2.523s] -- Up-to-date: /home/temurtas/INS-GPS-ROS2/install/ht_nav_variables/include/ht_nav_variables/msg/detail/ht_nav_gps_data__traits.hpp
[2.523s] -- Up-to-date: /home/temurtas/INS-GPS-ROS2/install/ht_nav_variables/include/ht_nav_variables/msg/detail/ht_nav_point__struct.hpp
[2.523s] -- Up-to-date: /home/temurtas/INS-GPS-ROS2/install/ht_nav_variables/include/ht_nav_variables/msg/detail/ht_nav_kalman_out__traits.hpp
[2.524s] -- Up-to-date: /home/temurtas/INS-GPS-ROS2/install/ht_nav_variables/include/ht_nav_variables/msg/detail/ht_nav_quaternion__builder.hpp
[2.524s] -- Up-to-date: /home/temurtas/INS-GPS-ROS2/install/ht_nav_variables/include/ht_nav_variables/msg/detail/ht_nav_error_vector__struct.hpp
[2.524s] -- Up-to-date: /home/temurtas/INS-GPS-ROS2/install/ht_nav_variables/include/ht_nav_variables/msg/detail/ht_nav_kalman_out__builder.hpp
[2.524s] -- Up-to-date: /home/temurtas/INS-GPS-ROS2/install/ht_nav_variables/include/ht_nav_variables/msg/detail/ht_nav_point__traits.hpp
[2.524s] -- Up-to-date: /home/temurtas/INS-GPS-ROS2/install/ht_nav_variables/include/ht_nav_variables/msg/detail/ht_nav_strap_out__traits.hpp
[2.524s] -- Up-to-date: /home/temurtas/INS-GPS-ROS2/install/ht_nav_variables/include/ht_nav_variables/msg/detail/ht_nav_gps_data__builder.hpp
[2.524s] -- Up-to-date: /home/temurtas/INS-GPS-ROS2/install/ht_nav_variables/include/ht_nav_variables/msg/detail/ht_nav_imu_data__traits.hpp
[2.524s] -- Up-to-date: /home/temurtas/INS-GPS-ROS2/install/ht_nav_variables/include/ht_nav_variables/msg/detail/ht_nav_euler__traits.hpp
[2.524s] -- Up-to-date: /home/temurtas/INS-GPS-ROS2/install/ht_nav_variables/include/ht_nav_variables
[2.524s] -- Up-to-date: /home/temurtas/INS-GPS-ROS2/install/ht_nav_variables/include/ht_nav_variables/msg
[2.524s] -- Up-to-date: /home/temurtas/INS-GPS-ROS2/install/ht_nav_variables/include/ht_nav_variables/msg/detail
[2.525s] -- Up-to-date: /home/temurtas/INS-GPS-ROS2/install/ht_nav_variables/include/ht_nav_variables/msg/detail/ht_nav_gps_data__type_support.cpp
[2.525s] -- Up-to-date: /home/temurtas/INS-GPS-ROS2/install/ht_nav_variables/include/ht_nav_variables/msg/detail/ht_nav_quaternion__rosidl_typesupport_introspection_cpp.hpp
[2.525s] -- Up-to-date: /home/temurtas/INS-GPS-ROS2/install/ht_nav_variables/include/ht_nav_variables/msg/detail/ht_nav_strap_out__rosidl_typesupport_introspection_cpp.hpp
[2.525s] -- Up-to-date: /home/temurtas/INS-GPS-ROS2/install/ht_nav_variables/include/ht_nav_variables/msg/detail/ht_nav_imu_data__rosidl_typesupport_introspection_cpp.hpp
[2.525s] -- Up-to-date: /home/temurtas/INS-GPS-ROS2/install/ht_nav_variables/include/ht_nav_variables/msg/detail/ht_nav_imu_data__type_support.cpp
[2.525s] -- Up-to-date: /home/temurtas/INS-GPS-ROS2/install/ht_nav_variables/include/ht_nav_variables/msg/detail/ht_nav_deneme__type_support.cpp
[2.525s] -- Up-to-date: /home/temurtas/INS-GPS-ROS2/install/ht_nav_variables/include/ht_nav_variables/msg/detail/ht_nav_quaternion__type_support.cpp
[2.525s] -- Up-to-date: /home/temurtas/INS-GPS-ROS2/install/ht_nav_variables/include/ht_nav_variables/msg/detail/ht_nav_kalman_out__type_support.cpp
[2.525s] -- Up-to-date: /home/temurtas/INS-GPS-ROS2/install/ht_nav_variables/include/ht_nav_variables/msg/detail/ht_nav_vector3__type_support.cpp
[2.525s] -- Up-to-date: /home/temurtas/INS-GPS-ROS2/install/ht_nav_variables/include/ht_nav_variables/msg/detail/ht_nav_deneme__rosidl_typesupport_introspection_cpp.hpp
[2.525s] -- Up-to-date: /home/temurtas/INS-GPS-ROS2/install/ht_nav_variables/include/ht_nav_variables/msg/detail/ht_nav_error_vector__type_support.cpp
[2.525s] -- Up-to-date: /home/temurtas/INS-GPS-ROS2/install/ht_nav_variables/include/ht_nav_variables/msg/detail/ht_nav_euler__type_support.cpp
[2.525s] -- Up-to-date: /home/temurtas/INS-GPS-ROS2/install/ht_nav_variables/include/ht_nav_variables/msg/detail/ht_nav_gps_data__rosidl_typesupport_introspection_cpp.hpp
[2.526s] -- Up-to-date: /home/temurtas/INS-GPS-ROS2/install/ht_nav_variables/include/ht_nav_variables/msg/detail/ht_nav_euler__rosidl_typesupport_introspection_cpp.hpp
[2.526s] -- Up-to-date: /home/temurtas/INS-GPS-ROS2/install/ht_nav_variables/include/ht_nav_variables/msg/detail/ht_nav_strap_out__type_support.cpp
[2.526s] -- Up-to-date: /home/temurtas/INS-GPS-ROS2/install/ht_nav_variables/include/ht_nav_variables/msg/detail/ht_nav_error_vector__rosidl_typesupport_introspection_cpp.hpp
[2.526s] -- Up-to-date: /home/temurtas/INS-GPS-ROS2/install/ht_nav_variables/include/ht_nav_variables/msg/detail/ht_nav_kalman_out__rosidl_typesupport_introspection_cpp.hpp
[2.526s] -- Up-to-date: /home/temurtas/INS-GPS-ROS2/install/ht_nav_variables/include/ht_nav_variables/msg/detail/ht_nav_point__rosidl_typesupport_introspection_cpp.hpp
[2.526s] -- Up-to-date: /home/temurtas/INS-GPS-ROS2/install/ht_nav_variables/include/ht_nav_variables/msg/detail/ht_nav_vector3__rosidl_typesupport_introspection_cpp.hpp
[2.526s] -- Up-to-date: /home/temurtas/INS-GPS-ROS2/install/ht_nav_variables/include/ht_nav_variables/msg/detail/ht_nav_point__type_support.cpp
[2.526s] -- Up-to-date: /home/temurtas/INS-GPS-ROS2/install/ht_nav_variables/lib/libht_nav_variables__rosidl_typesupport_introspection_cpp.so
[2.526s] -- Up-to-date: /home/temurtas/INS-GPS-ROS2/install/ht_nav_variables/lib/libht_nav_variables__rosidl_typesupport_cpp.so
[2.526s] -- Up-to-date: /home/temurtas/INS-GPS-ROS2/install/ht_nav_variables/share/ht_nav_variables/environment/pythonpath.sh
[2.526s] -- Installing: /home/temurtas/INS-GPS-ROS2/install/ht_nav_variables/share/ht_nav_variables/environment/pythonpath.dsv
[2.526s] -- Installing: /home/temurtas/INS-GPS-ROS2/install/ht_nav_variables/lib/python3.8/site-packages/ht_nav_variables/__init__.py
[2.558s] Compiling '/home/temurtas/INS-GPS-ROS2/install/ht_nav_variables/lib/python3.8/site-packages/ht_nav_variables/__init__.py'...
[2.565s] -- Up-to-date: /home/temurtas/INS-GPS-ROS2/install/ht_nav_variables/lib/python3.8/site-packages/ht_nav_variables/msg
[2.566s] -- Up-to-date: /home/temurtas/INS-GPS-ROS2/install/ht_nav_variables/lib/python3.8/site-packages/ht_nav_variables/msg/_ht_nav_imu_data_s.c
[2.566s] -- Up-to-date: /home/temurtas/INS-GPS-ROS2/install/ht_nav_variables/lib/python3.8/site-packages/ht_nav_variables/msg/_ht_nav_vector3.py
[2.566s] -- Up-to-date: /home/temurtas/INS-GPS-ROS2/install/ht_nav_variables/lib/python3.8/site-packages/ht_nav_variables/msg/_ht_nav_vector3_s.c
[2.566s] -- Up-to-date: /home/temurtas/INS-GPS-ROS2/install/ht_nav_variables/lib/python3.8/site-packages/ht_nav_variables/msg/_ht_nav_point_s.c
[2.567s] -- Up-to-date: /home/temurtas/INS-GPS-ROS2/install/ht_nav_variables/lib/python3.8/site-packages/ht_nav_variables/msg/_ht_nav_gps_data_s.c
[2.567s] -- Up-to-date: /home/temurtas/INS-GPS-ROS2/install/ht_nav_variables/lib/python3.8/site-packages/ht_nav_variables/msg/_ht_nav_gps_data.py
[2.567s] -- Up-to-date: /home/temurtas/INS-GPS-ROS2/install/ht_nav_variables/lib/python3.8/site-packages/ht_nav_variables/msg/_ht_nav_deneme.py
[2.567s] -- Up-to-date: /home/temurtas/INS-GPS-ROS2/install/ht_nav_variables/lib/python3.8/site-packages/ht_nav_variables/msg/_ht_nav_imu_data.py
[2.567s] -- Up-to-date: /home/temurtas/INS-GPS-ROS2/install/ht_nav_variables/lib/python3.8/site-packages/ht_nav_variables/msg/__init__.py
[2.567s] -- Up-to-date: /home/temurtas/INS-GPS-ROS2/install/ht_nav_variables/lib/python3.8/site-packages/ht_nav_variables/msg/_ht_nav_point.py
[2.567s] -- Up-to-date: /home/temurtas/INS-GPS-ROS2/install/ht_nav_variables/lib/python3.8/site-packages/ht_nav_variables/msg/_ht_nav_strap_out.py
[2.567s] -- Up-to-date: /home/temurtas/INS-GPS-ROS2/install/ht_nav_variables/lib/python3.8/site-packages/ht_nav_variables/msg/_ht_nav_quaternion.py
[2.567s] -- Up-to-date: /home/temurtas/INS-GPS-ROS2/install/ht_nav_variables/lib/python3.8/site-packages/ht_nav_variables/msg/_ht_nav_quaternion_s.c
[2.568s] -- Up-to-date: /home/temurtas/INS-GPS-ROS2/install/ht_nav_variables/lib/python3.8/site-packages/ht_nav_variables/msg/_ht_nav_euler_s.c
[2.568s] -- Up-to-date: /home/temurtas/INS-GPS-ROS2/install/ht_nav_variables/lib/python3.8/site-packages/ht_nav_variables/msg/_ht_nav_strap_out_s.c
[2.568s] -- Up-to-date: /home/temurtas/INS-GPS-ROS2/install/ht_nav_variables/lib/python3.8/site-packages/ht_nav_variables/msg/_ht_nav_deneme_s.c
[2.568s] -- Up-to-date: /home/temurtas/INS-GPS-ROS2/install/ht_nav_variables/lib/python3.8/site-packages/ht_nav_variables/msg/_ht_nav_euler.py
[2.568s] -- Up-to-date: /home/temurtas/INS-GPS-ROS2/install/ht_nav_variables/lib/python3.8/site-packages/ht_nav_variables/msg/_ht_nav_kalman_out.py
[2.568s] -- Up-to-date: /home/temurtas/INS-GPS-ROS2/install/ht_nav_variables/lib/python3.8/site-packages/ht_nav_variables/msg/_ht_nav_error_vector_s.c
[2.569s] -- Up-to-date: /home/temurtas/INS-GPS-ROS2/install/ht_nav_variables/lib/python3.8/site-packages/ht_nav_variables/msg/_ht_nav_error_vector.py
[2.569s] -- Up-to-date: /home/temurtas/INS-GPS-ROS2/install/ht_nav_variables/lib/python3.8/site-packages/ht_nav_variables/msg/_ht_nav_kalman_out_s.c
[2.569s] -- Installing: /home/temurtas/INS-GPS-ROS2/install/ht_nav_variables/lib/python3.8/site-packages/ht_nav_variables/ht_nav_variables_s__rosidl_typesupport_fastrtps_c.cpython-38-x86_64-linux-gnu.so
[2.569s] -- Set runtime path of "/home/temurtas/INS-GPS-ROS2/install/ht_nav_variables/lib/python3.8/site-packages/ht_nav_variables/ht_nav_variables_s__rosidl_typesupport_fastrtps_c.cpython-38-x86_64-linux-gnu.so" to ""
[2.570s] -- Up-to-date: /home/temurtas/INS-GPS-ROS2/install/ht_nav_variables/lib/python3.8/site-packages/ht_nav_variables/ht_nav_variables_s__rosidl_typesupport_introspection_c.cpython-38-x86_64-linux-gnu.so
[2.570s] -- Up-to-date: /home/temurtas/INS-GPS-ROS2/install/ht_nav_variables/lib/python3.8/site-packages/ht_nav_variables/ht_nav_variables_s__rosidl_typesupport_c.cpython-38-x86_64-linux-gnu.so
[2.570s] -- Up-to-date: /home/temurtas/INS-GPS-ROS2/install/ht_nav_variables/lib/libht_nav_variables__python.so
[2.570s] -- Up-to-date: /home/temurtas/INS-GPS-ROS2/install/ht_nav_variables/share/ht_nav_variables/msg/HtNavErrorVector.idl
[2.571s] -- Up-to-date: /home/temurtas/INS-GPS-ROS2/install/ht_nav_variables/share/ht_nav_variables/msg/HtNavEuler.idl
[2.571s] -- Up-to-date: /home/temurtas/INS-GPS-ROS2/install/ht_nav_variables/share/ht_nav_variables/msg/HtNavGpsData.idl
[2.571s] -- Up-to-date: /home/temurtas/INS-GPS-ROS2/install/ht_nav_variables/share/ht_nav_variables/msg/HtNavImuData.idl
[2.571s] -- Up-to-date: /home/temurtas/INS-GPS-ROS2/install/ht_nav_variables/share/ht_nav_variables/msg/HtNavKalmanOut.idl
[2.571s] -- Up-to-date: /home/temurtas/INS-GPS-ROS2/install/ht_nav_variables/share/ht_nav_variables/msg/HtNavStrapOut.idl
[2.571s] -- Up-to-date: /home/temurtas/INS-GPS-ROS2/install/ht_nav_variables/share/ht_nav_variables/msg/HtNavPoint.idl
[2.572s] -- Up-to-date: /home/temurtas/INS-GPS-ROS2/install/ht_nav_variables/share/ht_nav_variables/msg/HtNavVector3.idl
[2.572s] -- Up-to-date: /home/temurtas/INS-GPS-ROS2/install/ht_nav_variables/share/ht_nav_variables/msg/HtNavQuaternion.idl
[2.572s] -- Up-to-date: /home/temurtas/INS-GPS-ROS2/install/ht_nav_variables/share/ht_nav_variables/msg/HtNavDeneme.idl
[2.572s] -- Up-to-date: /home/temurtas/INS-GPS-ROS2/install/ht_nav_variables/share/ht_nav_variables/msg/HtNavErrorVector.msg
[2.572s] -- Up-to-date: /home/temurtas/INS-GPS-ROS2/install/ht_nav_variables/share/ht_nav_variables/msg/HtNavEuler.msg
[2.572s] -- Up-to-date: /home/temurtas/INS-GPS-ROS2/install/ht_nav_variables/share/ht_nav_variables/msg/HtNavGpsData.msg
[2.573s] -- Up-to-date: /home/temurtas/INS-GPS-ROS2/install/ht_nav_variables/share/ht_nav_variables/msg/HtNavImuData.msg
[2.573s] -- Up-to-date: /home/temurtas/INS-GPS-ROS2/install/ht_nav_variables/share/ht_nav_variables/msg/HtNavKalmanOut.msg
[2.573s] -- Up-to-date: /home/temurtas/INS-GPS-ROS2/install/ht_nav_variables/share/ht_nav_variables/msg/HtNavStrapOut.msg
[2.573s] -- Up-to-date: /home/temurtas/INS-GPS-ROS2/install/ht_nav_variables/share/ht_nav_variables/msg/HtNavPoint.msg
[2.573s] -- Up-to-date: /home/temurtas/INS-GPS-ROS2/install/ht_nav_variables/share/ht_nav_variables/msg/HtNavVector3.msg
[2.573s] -- Up-to-date: /home/temurtas/INS-GPS-ROS2/install/ht_nav_variables/share/ht_nav_variables/msg/HtNavQuaternion.msg
[2.574s] -- Up-to-date: /home/temurtas/INS-GPS-ROS2/install/ht_nav_variables/share/ht_nav_variables/msg/HtNavDeneme.msg
[2.574s] -- Up-to-date: /home/temurtas/INS-GPS-ROS2/install/ht_nav_variables/share/ament_index/resource_index/package_run_dependencies/ht_nav_variables
[2.574s] -- Installing: /home/temurtas/INS-GPS-ROS2/install/ht_nav_variables/share/ament_index/resource_index/parent_prefix_path/ht_nav_variables
[2.574s] -- Installing: /home/temurtas/INS-GPS-ROS2/install/ht_nav_variables/share/ht_nav_variables/environment/ament_prefix_path.sh
[2.574s] -- Installing: /home/temurtas/INS-GPS-ROS2/install/ht_nav_variables/share/ht_nav_variables/environment/ament_prefix_path.dsv
[2.574s] -- Installing: /home/temurtas/INS-GPS-ROS2/install/ht_nav_variables/share/ht_nav_variables/environment/path.sh
[2.575s] -- Installing: /home/temurtas/INS-GPS-ROS2/install/ht_nav_variables/share/ht_nav_variables/environment/path.dsv
[2.575s] -- Up-to-date: /home/temurtas/INS-GPS-ROS2/install/ht_nav_variables/share/ht_nav_variables/local_setup.bash
[2.575s] -- Up-to-date: /home/temurtas/INS-GPS-ROS2/install/ht_nav_variables/share/ht_nav_variables/local_setup.sh
[2.575s] -- Up-to-date: /home/temurtas/INS-GPS-ROS2/install/ht_nav_variables/share/ht_nav_variables/local_setup.zsh
[2.575s] -- Installing: /home/temurtas/INS-GPS-ROS2/install/ht_nav_variables/share/ht_nav_variables/local_setup.dsv
[2.575s] -- Installing: /home/temurtas/INS-GPS-ROS2/install/ht_nav_variables/share/ht_nav_variables/package.dsv
[2.575s] -- Up-to-date: /home/temurtas/INS-GPS-ROS2/install/ht_nav_variables/share/ament_index/resource_index/packages/ht_nav_variables
[2.575s] -- Up-to-date: /home/temurtas/INS-GPS-ROS2/install/ht_nav_variables/share/ht_nav_variables/cmake/ht_nav_variables__rosidl_generator_cExport.cmake
[2.576s] -- Installing: /home/temurtas/INS-GPS-ROS2/install/ht_nav_variables/share/ht_nav_variables/cmake/ht_nav_variables__rosidl_generator_cExport-noconfig.cmake
[2.576s] -- Up-to-date: /home/temurtas/INS-GPS-ROS2/install/ht_nav_variables/share/ht_nav_variables/cmake/ht_nav_variables__rosidl_typesupport_introspection_cExport.cmake
[2.576s] -- Installing: /home/temurtas/INS-GPS-ROS2/install/ht_nav_variables/share/ht_nav_variables/cmake/ht_nav_variables__rosidl_typesupport_introspection_cExport-noconfig.cmake
[2.576s] -- Up-to-date: /home/temurtas/INS-GPS-ROS2/install/ht_nav_variables/share/ht_nav_variables/cmake/ht_nav_variables__rosidl_typesupport_cExport.cmake
[2.576s] -- Installing: /home/temurtas/INS-GPS-ROS2/install/ht_nav_variables/share/ht_nav_variables/cmake/ht_nav_variables__rosidl_typesupport_cExport-noconfig.cmake
[2.576s] -- Up-to-date: /home/temurtas/INS-GPS-ROS2/install/ht_nav_variables/share/ht_nav_variables/cmake/ht_nav_variables__rosidl_generator_cppExport.cmake
[2.576s] -- Up-to-date: /home/temurtas/INS-GPS-ROS2/install/ht_nav_variables/share/ht_nav_variables/cmake/ht_nav_variables__rosidl_typesupport_introspection_cppExport.cmake
[2.577s] -- Installing: /home/temurtas/INS-GPS-ROS2/install/ht_nav_variables/share/ht_nav_variables/cmake/ht_nav_variables__rosidl_typesupport_introspection_cppExport-noconfig.cmake
[2.577s] -- Up-to-date: /home/temurtas/INS-GPS-ROS2/install/ht_nav_variables/share/ht_nav_variables/cmake/ht_nav_variables__rosidl_typesupport_cppExport.cmake
[2.577s] -- Installing: /home/temurtas/INS-GPS-ROS2/install/ht_nav_variables/share/ht_nav_variables/cmake/ht_nav_variables__rosidl_typesupport_cppExport-noconfig.cmake
[2.577s] -- Up-to-date: /home/temurtas/INS-GPS-ROS2/install/ht_nav_variables/share/ht_nav_variables/cmake/rosidl_cmake-extras.cmake
[2.577s] -- Installing: /home/temurtas/INS-GPS-ROS2/install/ht_nav_variables/share/ht_nav_variables/cmake/ament_cmake_export_dependencies-extras.cmake
[2.577s] -- Up-to-date: /home/temurtas/INS-GPS-ROS2/install/ht_nav_variables/share/ht_nav_variables/cmake/ament_cmake_export_libraries-extras.cmake
[2.577s] -- Up-to-date: /home/temurtas/INS-GPS-ROS2/install/ht_nav_variables/share/ht_nav_variables/cmake/ament_cmake_export_targets-extras.cmake
[2.577s] -- Up-to-date: /home/temurtas/INS-GPS-ROS2/install/ht_nav_variables/share/ht_nav_variables/cmake/ament_cmake_export_include_directories-extras.cmake
[2.577s] -- Up-to-date: /home/temurtas/INS-GPS-ROS2/install/ht_nav_variables/share/ht_nav_variables/cmake/rosidl_cmake_export_typesupport_libraries-extras.cmake
[2.577s] -- Up-to-date: /home/temurtas/INS-GPS-ROS2/install/ht_nav_variables/share/ht_nav_variables/cmake/rosidl_cmake_export_typesupport_targets-extras.cmake
[2.577s] -- Up-to-date: /home/temurtas/INS-GPS-ROS2/install/ht_nav_variables/share/ht_nav_variables/cmake/ht_nav_variablesConfig.cmake
[2.577s] -- Up-to-date: /home/temurtas/INS-GPS-ROS2/install/ht_nav_variables/share/ht_nav_variables/cmake/ht_nav_variablesConfig-version.cmake
[2.577s] -- Up-to-date: /home/temurtas/INS-GPS-ROS2/install/ht_nav_variables/share/ht_nav_variables/package.xml
[2.579s] Invoked command in '/home/temurtas/INS-GPS-ROS2/build/ht_nav_variables' returned '0': CMAKE_PREFIX_PATH=${CMAKE_PREFIX_PATH}:/home/temurtas/ws/install/opencv_tests:/opt/ros/foxy /usr/bin/cmake --install /home/temurtas/INS-GPS-ROS2/build/ht_nav_variables
