[0.017s] Invoking command in '/home/temurtas/INS-GPS-ROS2/build/ht_nav_variables': CMAKE_PREFIX_PATH=${CMAKE_PREFIX_PATH}:/home/temurtas/INS-GPS-ROS2/install/ht_strap_package:/opt/ros/foxy /usr/bin/cmake --build /home/temurtas/INS-GPS-ROS2/build/ht_nav_variables -- -j12 -l12
[0.057s] -- Found ament_cmake: 0.9.8 (/opt/ros/foxy/share/ament_cmake/cmake)
[0.082s] -- Found PythonInterp: /usr/bin/python3 (found suitable version "3.8.10", minimum required is "3") 
[0.082s] -- Using PYTHON_EXECUTABLE: /usr/bin/python3
[0.242s] -- Found rosidl_default_generators: 1.0.1 (/opt/ros/foxy/share/rosidl_default_generators/cmake)
[0.244s] -- Using all available rosidl_typesupport_c: rosidl_typesupport_fastrtps_c;rosidl_typesupport_introspection_c
[0.247s] -- Found rosidl_adapter: 1.2.1 (/opt/ros/foxy/share/rosidl_adapter/cmake)
[0.401s] -- Using all available rosidl_typesupport_cpp: rosidl_typesupport_fastrtps_cpp;rosidl_typesupport_introspection_cpp
[0.449s] -- Found PythonInterp: /usr/bin/python3 (found version "3.8.10") 
[0.596s] -- Found ament_cmake_ros: 0.9.1 (/opt/ros/foxy/share/ament_cmake_ros/cmake)
[0.722s] -- Using all available rosidl_typesupport_c: rosidl_typesupport_fastrtps_c;rosidl_typesupport_introspection_c
[0.731s] -- Using all available rosidl_typesupport_cpp: rosidl_typesupport_fastrtps_cpp;rosidl_typesupport_introspection_cpp
[0.765s] -- Found PythonInterp: /usr/bin/python3 (found suitable version "3.8.10", minimum required is "3.5") 
[0.765s] -- Found python_cmake_module: 0.8.1 (/opt/ros/foxy/share/python_cmake_module/cmake)
[0.794s] -- Using PYTHON_EXECUTABLE: /usr/bin/python3
[0.794s] -- Using PYTHON_INCLUDE_DIRS: /usr/include/python3.8
[0.794s] -- Using PYTHON_LIBRARIES: /usr/lib/x86_64-linux-gnu/libpython3.8.so
[0.811s] -- Found ament_lint_auto: 0.9.6 (/opt/ros/foxy/share/ament_lint_auto/cmake)
[0.819s] -- Added test 'copyright' to check source files copyright and LICENSE
[0.820s] -- Added test 'lint_cmake' to check CMake code style
[0.821s] -- Added test 'xmllint' to check XML markup files
[0.824s] -- Configuring done
[0.869s] -- Generating done
[0.872s] -- Build files have been written to: /home/temurtas/INS-GPS-ROS2/build/ht_nav_variables
[0.907s] [  1%] [34m[1mGenerating C code for ROS interfaces[0m
[0.926s] [  1%] [34m[1mGenerating C++ code for ROS interfaces[0m
[1.593s] [35m[1mScanning dependencies of target ht_nav_variables__rosidl_generator_c[0m
[1.620s] [  2%] [32mBuilding C object CMakeFiles/ht_nav_variables__rosidl_generator_c.dir/rosidl_generator_c/ht_nav_variables/msg/detail/ht_nav_error_vector__functions.c.o[0m
[1.621s] [  4%] [32mBuilding C object CMakeFiles/ht_nav_variables__rosidl_generator_c.dir/rosidl_generator_c/ht_nav_variables/msg/detail/ht_nav_euler__functions.c.o[0m
[1.621s] [  4%] [32mBuilding C object CMakeFiles/ht_nav_variables__rosidl_generator_c.dir/rosidl_generator_c/ht_nav_variables/msg/detail/ht_nav_gps_data__functions.c.o[0m
[1.624s] [  5%] [32mBuilding C object CMakeFiles/ht_nav_variables__rosidl_generator_c.dir/rosidl_generator_c/ht_nav_variables/msg/detail/ht_nav_imu_data__functions.c.o[0m
[1.633s] [  7%] [32mBuilding C object CMakeFiles/ht_nav_variables__rosidl_generator_c.dir/rosidl_generator_c/ht_nav_variables/msg/detail/ht_nav_strap_out__functions.c.o[0m
[1.637s] [  7%] [32mBuilding C object CMakeFiles/ht_nav_variables__rosidl_generator_c.dir/rosidl_generator_c/ht_nav_variables/msg/detail/ht_nav_kalman_out__functions.c.o[0m
[1.639s] [  8%] [32mBuilding C object CMakeFiles/ht_nav_variables__rosidl_generator_c.dir/rosidl_generator_c/ht_nav_variables/msg/detail/ht_nav_point__functions.c.o[0m
[1.644s] [  9%] [32mBuilding C object CMakeFiles/ht_nav_variables__rosidl_generator_c.dir/rosidl_generator_c/ht_nav_variables/msg/detail/ht_nav_vector3__functions.c.o[0m
[1.667s] [ 10%] [32mBuilding C object CMakeFiles/ht_nav_variables__rosidl_generator_c.dir/rosidl_generator_c/ht_nav_variables/msg/detail/ht_nav_quaternion__functions.c.o[0m
[1.673s] [ 11%] [32mBuilding C object CMakeFiles/ht_nav_variables__rosidl_generator_c.dir/rosidl_generator_c/ht_nav_variables/msg/detail/ht_nav_deneme__functions.c.o[0m
[1.691s] [ 11%] Built target ht_nav_variables__cpp
[1.702s] [ 12%] [34m[1mGenerating C++ type support for eProsima Fast-RTPS[0m
[1.706s] [ 14%] [34m[1mGenerating C++ type support dispatch for ROS interfaces[0m
[1.706s] [ 14%] [34m[1mGenerating C++ introspection for ROS interfaces[0m
[1.716s] [ 15%] [32m[1mLinking C shared library libht_nav_variables__rosidl_generator_c.so[0m
[1.758s] [ 15%] Built target ht_nav_variables__rosidl_generator_c
[1.772s] [ 16%] [34m[1mGenerating C type support dispatch for ROS interfaces[0m
[1.773s] [ 17%] [34m[1mGenerating C introspection for ROS interfaces[0m
[2.387s] [35m[1mScanning dependencies of target ht_nav_variables__rosidl_typesupport_cpp[0m
[2.393s] [35m[1mScanning dependencies of target ht_nav_variables__rosidl_typesupport_introspection_c[0m
[2.405s] [ 18%] [32mBuilding CXX object CMakeFiles/ht_nav_variables__rosidl_typesupport_cpp.dir/rosidl_typesupport_cpp/ht_nav_variables/msg/ht_nav_error_vector__type_support.cpp.o[0m
[2.409s] [ 19%] [32mBuilding CXX object CMakeFiles/ht_nav_variables__rosidl_typesupport_cpp.dir/rosidl_typesupport_cpp/ht_nav_variables/msg/ht_nav_euler__type_support.cpp.o[0m
[2.410s] [ 20%] [32mBuilding CXX object CMakeFiles/ht_nav_variables__rosidl_typesupport_cpp.dir/rosidl_typesupport_cpp/ht_nav_variables/msg/ht_nav_gps_data__type_support.cpp.o[0m
[2.422s] [35m[1mScanning dependencies of target ht_nav_variables__rosidl_typesupport_fastrtps_cpp[0m
[2.425s] [ 21%] [32mBuilding C object CMakeFiles/ht_nav_variables__rosidl_typesupport_introspection_c.dir/rosidl_typesupport_introspection_c/ht_nav_variables/msg/detail/ht_nav_error_vector__type_support.c.o[0m
[2.426s] [ 22%] [32mBuilding C object CMakeFiles/ht_nav_variables__rosidl_typesupport_introspection_c.dir/rosidl_typesupport_introspection_c/ht_nav_variables/msg/detail/ht_nav_euler__type_support.c.o[0m
[2.448s] [ 23%] [32mBuilding CXX object CMakeFiles/ht_nav_variables__rosidl_typesupport_cpp.dir/rosidl_typesupport_cpp/ht_nav_variables/msg/ht_nav_imu_data__type_support.cpp.o[0m
[2.456s] [ 24%] [32mBuilding C object CMakeFiles/ht_nav_variables__rosidl_typesupport_introspection_c.dir/rosidl_typesupport_introspection_c/ht_nav_variables/msg/detail/ht_nav_gps_data__type_support.c.o[0m
[2.464s] [35m[1mScanning dependencies of target ht_nav_variables__rosidl_typesupport_c[0m
[2.476s] [ 25%] [32mBuilding CXX object CMakeFiles/ht_nav_variables__rosidl_typesupport_cpp.dir/rosidl_typesupport_cpp/ht_nav_variables/msg/ht_nav_kalman_out__type_support.cpp.o[0m
[2.479s] [ 26%] [32mBuilding CXX object CMakeFiles/ht_nav_variables__rosidl_typesupport_fastrtps_cpp.dir/rosidl_typesupport_fastrtps_cpp/ht_nav_variables/msg/detail/dds_fastrtps/ht_nav_error_vector__type_support.cpp.o[0m
[2.487s] [ 27%] [32mBuilding CXX object CMakeFiles/ht_nav_variables__rosidl_typesupport_c.dir/rosidl_typesupport_c/ht_nav_variables/msg/ht_nav_error_vector__type_support.cpp.o[0m
[2.490s] [ 28%] [32mBuilding C object CMakeFiles/ht_nav_variables__rosidl_typesupport_introspection_c.dir/rosidl_typesupport_introspection_c/ht_nav_variables/msg/detail/ht_nav_imu_data__type_support.c.o[0m
[2.503s] [35m[1mScanning dependencies of target ht_nav_variables__rosidl_typesupport_introspection_cpp[0m
[2.504s] [ 29%] [32mBuilding C object CMakeFiles/ht_nav_variables__rosidl_typesupport_introspection_c.dir/rosidl_typesupport_introspection_c/ht_nav_variables/msg/detail/ht_nav_kalman_out__type_support.c.o[0m
[2.512s] [ 30%] [32mBuilding CXX object CMakeFiles/ht_nav_variables__rosidl_typesupport_cpp.dir/rosidl_typesupport_cpp/ht_nav_variables/msg/ht_nav_strap_out__type_support.cpp.o[0m
[2.551s] [ 31%] [32mBuilding CXX object CMakeFiles/ht_nav_variables__rosidl_typesupport_introspection_cpp.dir/rosidl_typesupport_introspection_cpp/ht_nav_variables/msg/detail/ht_nav_error_vector__type_support.cpp.o[0m
[2.573s] [ 32%] [32mBuilding CXX object CMakeFiles/ht_nav_variables__rosidl_typesupport_cpp.dir/rosidl_typesupport_cpp/ht_nav_variables/msg/ht_nav_point__type_support.cpp.o[0m
[2.586s] [ 33%] [32mBuilding C object CMakeFiles/ht_nav_variables__rosidl_typesupport_introspection_c.dir/rosidl_typesupport_introspection_c/ht_nav_variables/msg/detail/ht_nav_strap_out__type_support.c.o[0m
[2.602s] [ 34%] [32mBuilding CXX object CMakeFiles/ht_nav_variables__rosidl_typesupport_c.dir/rosidl_typesupport_c/ht_nav_variables/msg/ht_nav_euler__type_support.cpp.o[0m
[2.631s] [ 35%] [32mBuilding CXX object CMakeFiles/ht_nav_variables__rosidl_typesupport_introspection_cpp.dir/rosidl_typesupport_introspection_cpp/ht_nav_variables/msg/detail/ht_nav_euler__type_support.cpp.o[0m
[2.716s] [ 36%] [32mBuilding C object CMakeFiles/ht_nav_variables__rosidl_typesupport_introspection_c.dir/rosidl_typesupport_introspection_c/ht_nav_variables/msg/detail/ht_nav_point__type_support.c.o[0m
[2.748s] [ 37%] [32mBuilding CXX object CMakeFiles/ht_nav_variables__rosidl_typesupport_c.dir/rosidl_typesupport_c/ht_nav_variables/msg/ht_nav_gps_data__type_support.cpp.o[0m
[2.768s] [ 38%] [32mBuilding C object CMakeFiles/ht_nav_variables__rosidl_typesupport_introspection_c.dir/rosidl_typesupport_introspection_c/ht_nav_variables/msg/detail/ht_nav_vector3__type_support.c.o[0m
[2.806s] [ 39%] [32mBuilding CXX object CMakeFiles/ht_nav_variables__rosidl_typesupport_c.dir/rosidl_typesupport_c/ht_nav_variables/msg/ht_nav_imu_data__type_support.cpp.o[0m
[2.814s] [ 40%] [32mBuilding CXX object CMakeFiles/ht_nav_variables__rosidl_typesupport_introspection_cpp.dir/rosidl_typesupport_introspection_cpp/ht_nav_variables/msg/detail/ht_nav_gps_data__type_support.cpp.o[0m
[2.819s] [ 41%] [32mBuilding CXX object CMakeFiles/ht_nav_variables__rosidl_typesupport_fastrtps_cpp.dir/rosidl_typesupport_fastrtps_cpp/ht_nav_variables/msg/detail/dds_fastrtps/ht_nav_euler__type_support.cpp.o[0m
[2.828s] [ 42%] [32mBuilding C object CMakeFiles/ht_nav_variables__rosidl_typesupport_introspection_c.dir/rosidl_typesupport_introspection_c/ht_nav_variables/msg/detail/ht_nav_quaternion__type_support.c.o[0m
[2.850s] [ 43%] [32mBuilding CXX object CMakeFiles/ht_nav_variables__rosidl_typesupport_cpp.dir/rosidl_typesupport_cpp/ht_nav_variables/msg/ht_nav_vector3__type_support.cpp.o[0m
[2.854s] [ 44%] [32mBuilding CXX object CMakeFiles/ht_nav_variables__rosidl_typesupport_c.dir/rosidl_typesupport_c/ht_nav_variables/msg/ht_nav_kalman_out__type_support.cpp.o[0m
[2.889s] [ 45%] [32mBuilding CXX object CMakeFiles/ht_nav_variables__rosidl_typesupport_cpp.dir/rosidl_typesupport_cpp/ht_nav_variables/msg/ht_nav_quaternion__type_support.cpp.o[0m
[2.895s] [ 46%] [32mBuilding CXX object CMakeFiles/ht_nav_variables__rosidl_typesupport_introspection_cpp.dir/rosidl_typesupport_introspection_cpp/ht_nav_variables/msg/detail/ht_nav_imu_data__type_support.cpp.o[0m
[2.899s] [ 47%] [32mBuilding CXX object CMakeFiles/ht_nav_variables__rosidl_typesupport_c.dir/rosidl_typesupport_c/ht_nav_variables/msg/ht_nav_strap_out__type_support.cpp.o[0m
[2.904s] [ 48%] [32mBuilding C object CMakeFiles/ht_nav_variables__rosidl_typesupport_introspection_c.dir/rosidl_typesupport_introspection_c/ht_nav_variables/msg/detail/ht_nav_deneme__type_support.c.o[0m
[2.949s] [ 49%] [32mBuilding CXX object CMakeFiles/ht_nav_variables__rosidl_typesupport_c.dir/rosidl_typesupport_c/ht_nav_variables/msg/ht_nav_point__type_support.cpp.o[0m
[2.956s] [ 49%] [32mBuilding CXX object CMakeFiles/ht_nav_variables__rosidl_typesupport_fastrtps_cpp.dir/rosidl_typesupport_fastrtps_cpp/ht_nav_variables/msg/detail/dds_fastrtps/ht_nav_gps_data__type_support.cpp.o[0m
[2.971s] [ 50%] [32mBuilding CXX object CMakeFiles/ht_nav_variables__rosidl_typesupport_introspection_cpp.dir/rosidl_typesupport_introspection_cpp/ht_nav_variables/msg/detail/ht_nav_kalman_out__type_support.cpp.o[0m
[2.984s] [ 51%] [32m[1mLinking C shared library libht_nav_variables__rosidl_typesupport_introspection_c.so[0m
[3.019s] [ 52%] [32mBuilding CXX object CMakeFiles/ht_nav_variables__rosidl_typesupport_c.dir/rosidl_typesupport_c/ht_nav_variables/msg/ht_nav_vector3__type_support.cpp.o[0m
[3.029s] [ 53%] [32mBuilding CXX object CMakeFiles/ht_nav_variables__rosidl_typesupport_cpp.dir/rosidl_typesupport_cpp/ht_nav_variables/msg/ht_nav_deneme__type_support.cpp.o[0m
[3.054s] [ 53%] Built target ht_nav_variables__rosidl_typesupport_introspection_c
[3.068s] [ 54%] [32mBuilding CXX object CMakeFiles/ht_nav_variables__rosidl_typesupport_introspection_cpp.dir/rosidl_typesupport_introspection_cpp/ht_nav_variables/msg/detail/ht_nav_strap_out__type_support.cpp.o[0m
[3.082s] [ 55%] [32mBuilding CXX object CMakeFiles/ht_nav_variables__rosidl_typesupport_fastrtps_cpp.dir/rosidl_typesupport_fastrtps_cpp/ht_nav_variables/msg/detail/dds_fastrtps/ht_nav_imu_data__type_support.cpp.o[0m
[3.098s] [ 56%] [32mBuilding CXX object CMakeFiles/ht_nav_variables__rosidl_typesupport_fastrtps_cpp.dir/rosidl_typesupport_fastrtps_cpp/ht_nav_variables/msg/detail/dds_fastrtps/ht_nav_kalman_out__type_support.cpp.o[0m
[3.104s] [ 56%] [32mBuilding CXX object CMakeFiles/ht_nav_variables__rosidl_typesupport_c.dir/rosidl_typesupport_c/ht_nav_variables/msg/ht_nav_quaternion__type_support.cpp.o[0m
[3.247s] [ 57%] [32mBuilding CXX object CMakeFiles/ht_nav_variables__rosidl_typesupport_c.dir/rosidl_typesupport_c/ht_nav_variables/msg/ht_nav_deneme__type_support.cpp.o[0m
[3.285s] [ 58%] [32mBuilding CXX object CMakeFiles/ht_nav_variables__rosidl_typesupport_fastrtps_cpp.dir/rosidl_typesupport_fastrtps_cpp/ht_nav_variables/msg/detail/dds_fastrtps/ht_nav_strap_out__type_support.cpp.o[0m
[3.293s] [ 59%] [32m[1mLinking CXX shared library libht_nav_variables__rosidl_typesupport_c.so[0m
[3.299s] [ 60%] [32mBuilding CXX object CMakeFiles/ht_nav_variables__rosidl_typesupport_fastrtps_cpp.dir/rosidl_typesupport_fastrtps_cpp/ht_nav_variables/msg/detail/dds_fastrtps/ht_nav_point__type_support.cpp.o[0m
[3.318s] [ 61%] [32mBuilding CXX object CMakeFiles/ht_nav_variables__rosidl_typesupport_fastrtps_cpp.dir/rosidl_typesupport_fastrtps_cpp/ht_nav_variables/msg/detail/dds_fastrtps/ht_nav_vector3__type_support.cpp.o[0m
[3.351s] [ 62%] [32mBuilding CXX object CMakeFiles/ht_nav_variables__rosidl_typesupport_introspection_cpp.dir/rosidl_typesupport_introspection_cpp/ht_nav_variables/msg/detail/ht_nav_point__type_support.cpp.o[0m
[3.363s] [ 63%] [32mBuilding CXX object CMakeFiles/ht_nav_variables__rosidl_typesupport_introspection_cpp.dir/rosidl_typesupport_introspection_cpp/ht_nav_variables/msg/detail/ht_nav_vector3__type_support.cpp.o[0m
[3.375s] [ 63%] Built target ht_nav_variables__rosidl_typesupport_c
[3.402s] [ 64%] [32mBuilding CXX object CMakeFiles/ht_nav_variables__rosidl_typesupport_fastrtps_cpp.dir/rosidl_typesupport_fastrtps_cpp/ht_nav_variables/msg/detail/dds_fastrtps/ht_nav_deneme__type_support.cpp.o[0m
[3.410s] [ 65%] [32mBuilding CXX object CMakeFiles/ht_nav_variables__rosidl_typesupport_fastrtps_cpp.dir/rosidl_typesupport_fastrtps_cpp/ht_nav_variables/msg/detail/dds_fastrtps/ht_nav_quaternion__type_support.cpp.o[0m
[3.503s] [ 66%] [32m[1mLinking CXX shared library libht_nav_variables__rosidl_typesupport_cpp.so[0m
[3.590s] [ 67%] [32mBuilding CXX object CMakeFiles/ht_nav_variables__rosidl_typesupport_introspection_cpp.dir/rosidl_typesupport_introspection_cpp/ht_nav_variables/msg/detail/ht_nav_quaternion__type_support.cpp.o[0m
[3.594s] [ 67%] Built target ht_nav_variables__rosidl_typesupport_cpp
[3.651s] [ 68%] [32mBuilding CXX object CMakeFiles/ht_nav_variables__rosidl_typesupport_introspection_cpp.dir/rosidl_typesupport_introspection_cpp/ht_nav_variables/msg/detail/ht_nav_deneme__type_support.cpp.o[0m
[4.015s] [ 69%] [32m[1mLinking CXX shared library libht_nav_variables__rosidl_typesupport_fastrtps_cpp.so[0m
[4.028s] [ 70%] [32m[1mLinking CXX shared library libht_nav_variables__rosidl_typesupport_introspection_cpp.so[0m
[4.136s] [ 70%] Built target ht_nav_variables__rosidl_typesupport_fastrtps_cpp
[4.139s] [ 70%] Built target ht_nav_variables__rosidl_typesupport_introspection_cpp
[4.148s] [ 71%] [34m[1mGenerating C type support for eProsima Fast-RTPS[0m
[4.697s] [35m[1mScanning dependencies of target ht_nav_variables__rosidl_typesupport_fastrtps_c[0m
[4.719s] [ 73%] [32mBuilding CXX object CMakeFiles/ht_nav_variables__rosidl_typesupport_fastrtps_c.dir/rosidl_typesupport_fastrtps_c/ht_nav_variables/msg/detail/ht_nav_euler__type_support_c.cpp.o[0m
[4.720s] [ 73%] [32mBuilding CXX object CMakeFiles/ht_nav_variables__rosidl_typesupport_fastrtps_c.dir/rosidl_typesupport_fastrtps_c/ht_nav_variables/msg/detail/ht_nav_quaternion__type_support_c.cpp.o[0m
[4.722s] [ 75%] [32mBuilding CXX object CMakeFiles/ht_nav_variables__rosidl_typesupport_fastrtps_c.dir/rosidl_typesupport_fastrtps_c/ht_nav_variables/msg/detail/ht_nav_vector3__type_support_c.cpp.o[0m
[4.722s] [ 75%] [32mBuilding CXX object CMakeFiles/ht_nav_variables__rosidl_typesupport_fastrtps_c.dir/rosidl_typesupport_fastrtps_c/ht_nav_variables/msg/detail/ht_nav_imu_data__type_support_c.cpp.o[0m
[4.723s] [ 76%] [32mBuilding CXX object CMakeFiles/ht_nav_variables__rosidl_typesupport_fastrtps_c.dir/rosidl_typesupport_fastrtps_c/ht_nav_variables/msg/detail/ht_nav_error_vector__type_support_c.cpp.o[0m
[4.724s] [ 78%] [32mBuilding CXX object CMakeFiles/ht_nav_variables__rosidl_typesupport_fastrtps_c.dir/rosidl_typesupport_fastrtps_c/ht_nav_variables/msg/detail/ht_nav_gps_data__type_support_c.cpp.o[0m
[4.724s] [ 78%] [32mBuilding CXX object CMakeFiles/ht_nav_variables__rosidl_typesupport_fastrtps_c.dir/rosidl_typesupport_fastrtps_c/ht_nav_variables/msg/detail/ht_nav_strap_out__type_support_c.cpp.o[0m
[4.725s] [ 79%] [32mBuilding CXX object CMakeFiles/ht_nav_variables__rosidl_typesupport_fastrtps_c.dir/rosidl_typesupport_fastrtps_c/ht_nav_variables/msg/detail/ht_nav_point__type_support_c.cpp.o[0m
[4.727s] [ 80%] [32mBuilding CXX object CMakeFiles/ht_nav_variables__rosidl_typesupport_fastrtps_c.dir/rosidl_typesupport_fastrtps_c/ht_nav_variables/msg/detail/ht_nav_kalman_out__type_support_c.cpp.o[0m
[4.733s] [ 81%] [32mBuilding CXX object CMakeFiles/ht_nav_variables__rosidl_typesupport_fastrtps_c.dir/rosidl_typesupport_fastrtps_c/ht_nav_variables/msg/detail/ht_nav_deneme__type_support_c.cpp.o[0m
[5.185s] [ 82%] [32m[1mLinking CXX shared library libht_nav_variables__rosidl_typesupport_fastrtps_c.so[0m
[5.292s] [ 82%] Built target ht_nav_variables__rosidl_typesupport_fastrtps_c
[5.313s] [ 82%] Built target ht_nav_variables
[5.346s] [ 83%] [34m[1mGenerating Python code for ROS interfaces[0m
[6.438s] [ 83%] Built target ht_nav_variables__py
[6.456s] [35m[1mScanning dependencies of target ht_nav_variables__python[0m
[6.499s] [ 84%] [32mBuilding C object CMakeFiles/ht_nav_variables__python.dir/rosidl_generator_py/ht_nav_variables/msg/_ht_nav_vector3_s.c.o[0m
[6.500s] [ 85%] [32mBuilding C object CMakeFiles/ht_nav_variables__python.dir/rosidl_generator_py/ht_nav_variables/msg/_ht_nav_point_s.c.o[0m
[6.500s] [ 87%] [32mBuilding C object CMakeFiles/ht_nav_variables__python.dir/rosidl_generator_py/ht_nav_variables/msg/_ht_nav_imu_data_s.c.o[0m
[6.500s] [ 86%] [32mBuilding C object CMakeFiles/ht_nav_variables__python.dir/rosidl_generator_py/ht_nav_variables/msg/_ht_nav_euler_s.c.o[0m
[6.502s] [ 88%] [32mBuilding C object CMakeFiles/ht_nav_variables__python.dir/rosidl_generator_py/ht_nav_variables/msg/_ht_nav_error_vector_s.c.o[0m
[6.502s] [ 89%] [32mBuilding C object CMakeFiles/ht_nav_variables__python.dir/rosidl_generator_py/ht_nav_variables/msg/_ht_nav_quaternion_s.c.o[0m
[6.502s] [ 90%] [32mBuilding C object CMakeFiles/ht_nav_variables__python.dir/rosidl_generator_py/ht_nav_variables/msg/_ht_nav_strap_out_s.c.o[0m
[6.505s] [ 91%] [32mBuilding C object CMakeFiles/ht_nav_variables__python.dir/rosidl_generator_py/ht_nav_variables/msg/_ht_nav_gps_data_s.c.o[0m
[6.505s] [ 92%] [32mBuilding C object CMakeFiles/ht_nav_variables__python.dir/rosidl_generator_py/ht_nav_variables/msg/_ht_nav_kalman_out_s.c.o[0m
[6.508s] [ 93%] [32mBuilding C object CMakeFiles/ht_nav_variables__python.dir/rosidl_generator_py/ht_nav_variables/msg/_ht_nav_deneme_s.c.o[0m
[6.637s] [ 94%] [32m[1mLinking C shared library rosidl_generator_py/ht_nav_variables/libht_nav_variables__python.so[0m
[6.690s] [ 94%] Built target ht_nav_variables__python
[6.705s] [35m[1mScanning dependencies of target ht_nav_variables__rosidl_typesupport_introspection_c__pyext[0m
[6.705s] [35m[1mScanning dependencies of target ht_nav_variables__rosidl_typesupport_c__pyext[0m
[6.706s] [35m[1mScanning dependencies of target ht_nav_variables__rosidl_typesupport_fastrtps_c__pyext[0m
[6.722s] [ 96%] [32mBuilding C object CMakeFiles/ht_nav_variables__rosidl_typesupport_c__pyext.dir/rosidl_generator_py/ht_nav_variables/_ht_nav_variables_s.ep.rosidl_typesupport_c.c.o[0m
[6.722s] [ 96%] [32mBuilding C object CMakeFiles/ht_nav_variables__rosidl_typesupport_introspection_c__pyext.dir/rosidl_generator_py/ht_nav_variables/_ht_nav_variables_s.ep.rosidl_typesupport_introspection_c.c.o[0m
[6.727s] [ 97%] [32mBuilding C object CMakeFiles/ht_nav_variables__rosidl_typesupport_fastrtps_c__pyext.dir/rosidl_generator_py/ht_nav_variables/_ht_nav_variables_s.ep.rosidl_typesupport_fastrtps_c.c.o[0m
[6.823s] [ 98%] [32m[1mLinking C shared library rosidl_generator_py/ht_nav_variables/ht_nav_variables_s__rosidl_typesupport_introspection_c.cpython-38-x86_64-linux-gnu.so[0m
[6.829s] [100%] [32m[1mLinking CXX shared library rosidl_generator_py/ht_nav_variables/ht_nav_variables_s__rosidl_typesupport_fastrtps_c.cpython-38-x86_64-linux-gnu.so[0m
[6.829s] [100%] [32m[1mLinking C shared library rosidl_generator_py/ht_nav_variables/ht_nav_variables_s__rosidl_typesupport_c.cpython-38-x86_64-linux-gnu.so[0m
[6.860s] [100%] Built target ht_nav_variables__rosidl_typesupport_c__pyext
[6.865s] [100%] Built target ht_nav_variables__rosidl_typesupport_introspection_c__pyext
[6.893s] [100%] Built target ht_nav_variables__rosidl_typesupport_fastrtps_c__pyext
[6.912s] Invoked command in '/home/temurtas/INS-GPS-ROS2/build/ht_nav_variables' returned '0': CMAKE_PREFIX_PATH=${CMAKE_PREFIX_PATH}:/home/temurtas/INS-GPS-ROS2/install/ht_strap_package:/opt/ros/foxy /usr/bin/cmake --build /home/temurtas/INS-GPS-ROS2/build/ht_nav_variables -- -j12 -l12
[7.109s] Invoking command in '/home/temurtas/INS-GPS-ROS2/build/ht_nav_variables': CMAKE_PREFIX_PATH=${CMAKE_PREFIX_PATH}:/home/temurtas/INS-GPS-ROS2/install/ht_strap_package:/opt/ros/foxy /usr/bin/cmake --install /home/temurtas/INS-GPS-ROS2/build/ht_nav_variables
[7.116s] -- Install configuration: ""
[7.117s] -- Up-to-date: /home/temurtas/INS-GPS-ROS2/install/ht_nav_variables/share/ament_index/resource_index/rosidl_interfaces/ht_nav_variables
[7.117s] -- Up-to-date: /home/temurtas/INS-GPS-ROS2/install/ht_nav_variables/include/ht_nav_variables
[7.117s] -- Up-to-date: /home/temurtas/INS-GPS-ROS2/install/ht_nav_variables/include/ht_nav_variables/msg
[7.117s] -- Installing: /home/temurtas/INS-GPS-ROS2/install/ht_nav_variables/include/ht_nav_variables/msg/ht_nav_point.h
[7.117s] -- Installing: /home/temurtas/INS-GPS-ROS2/install/ht_nav_variables/include/ht_nav_variables/msg/ht_nav_kalman_out.h
[7.117s] -- Installing: /home/temurtas/INS-GPS-ROS2/install/ht_nav_variables/include/ht_nav_variables/msg/ht_nav_strap_out.h
[7.118s] -- Installing: /home/temurtas/INS-GPS-ROS2/install/ht_nav_variables/include/ht_nav_variables/msg/ht_nav_euler.h
[7.118s] -- Installing: /home/temurtas/INS-GPS-ROS2/install/ht_nav_variables/include/ht_nav_variables/msg/ht_nav_quaternion.h
[7.118s] -- Installing: /home/temurtas/INS-GPS-ROS2/install/ht_nav_variables/include/ht_nav_variables/msg/ht_nav_deneme.h
[7.119s] -- Installing: /home/temurtas/INS-GPS-ROS2/install/ht_nav_variables/include/ht_nav_variables/msg/ht_nav_vector3.h
[7.119s] -- Installing: /home/temurtas/INS-GPS-ROS2/install/ht_nav_variables/include/ht_nav_variables/msg/ht_nav_gps_data.h
[7.119s] -- Installing: /home/temurtas/INS-GPS-ROS2/install/ht_nav_variables/include/ht_nav_variables/msg/ht_nav_imu_data.h
[7.119s] -- Up-to-date: /home/temurtas/INS-GPS-ROS2/install/ht_nav_variables/include/ht_nav_variables/msg/rosidl_generator_c__visibility_control.h
[7.119s] -- Installing: /home/temurtas/INS-GPS-ROS2/install/ht_nav_variables/include/ht_nav_variables/msg/ht_nav_error_vector.h
[7.119s] -- Up-to-date: /home/temurtas/INS-GPS-ROS2/install/ht_nav_variables/include/ht_nav_variables/msg/detail
[7.120s] -- Installing: /home/temurtas/INS-GPS-ROS2/install/ht_nav_variables/include/ht_nav_variables/msg/detail/ht_nav_gps_data__functions.h
[7.120s] -- Installing: /home/temurtas/INS-GPS-ROS2/install/ht_nav_variables/include/ht_nav_variables/msg/detail/ht_nav_euler__functions.c
[7.120s] -- Installing: /home/temurtas/INS-GPS-ROS2/install/ht_nav_variables/include/ht_nav_variables/msg/detail/ht_nav_kalman_out__type_support.h
[7.120s] -- Installing: /home/temurtas/INS-GPS-ROS2/install/ht_nav_variables/include/ht_nav_variables/msg/detail/ht_nav_imu_data__type_support.h
[7.120s] -- Installing: /home/temurtas/INS-GPS-ROS2/install/ht_nav_variables/include/ht_nav_variables/msg/detail/ht_nav_point__type_support.h
[7.120s] -- Installing: /home/temurtas/INS-GPS-ROS2/install/ht_nav_variables/include/ht_nav_variables/msg/detail/ht_nav_strap_out__type_support.h
[7.120s] -- Installing: /home/temurtas/INS-GPS-ROS2/install/ht_nav_variables/include/ht_nav_variables/msg/detail/ht_nav_vector3__type_support.h
[7.120s] -- Installing: /home/temurtas/INS-GPS-ROS2/install/ht_nav_variables/include/ht_nav_variables/msg/detail/ht_nav_quaternion__type_support.h
[7.121s] -- Installing: /home/temurtas/INS-GPS-ROS2/install/ht_nav_variables/include/ht_nav_variables/msg/detail/ht_nav_euler__functions.h
[7.121s] -- Installing: /home/temurtas/INS-GPS-ROS2/install/ht_nav_variables/include/ht_nav_variables/msg/detail/ht_nav_euler__struct.h
[7.121s] -- Installing: /home/temurtas/INS-GPS-ROS2/install/ht_nav_variables/include/ht_nav_variables/msg/detail/ht_nav_strap_out__struct.h
[7.121s] -- Installing: /home/temurtas/INS-GPS-ROS2/install/ht_nav_variables/include/ht_nav_variables/msg/detail/ht_nav_gps_data__type_support.h
[7.121s] -- Installing: /home/temurtas/INS-GPS-ROS2/install/ht_nav_variables/include/ht_nav_variables/msg/detail/ht_nav_strap_out__functions.h
[7.121s] -- Installing: /home/temurtas/INS-GPS-ROS2/install/ht_nav_variables/include/ht_nav_variables/msg/detail/ht_nav_deneme__functions.c
[7.121s] -- Installing: /home/temurtas/INS-GPS-ROS2/install/ht_nav_variables/include/ht_nav_variables/msg/detail/ht_nav_error_vector__functions.c
[7.121s] -- Installing: /home/temurtas/INS-GPS-ROS2/install/ht_nav_variables/include/ht_nav_variables/msg/detail/ht_nav_vector3__functions.h
[7.122s] -- Installing: /home/temurtas/INS-GPS-ROS2/install/ht_nav_variables/include/ht_nav_variables/msg/detail/ht_nav_point__struct.h
[7.122s] -- Installing: /home/temurtas/INS-GPS-ROS2/install/ht_nav_variables/include/ht_nav_variables/msg/detail/ht_nav_vector3__functions.c
[7.122s] -- Installing: /home/temurtas/INS-GPS-ROS2/install/ht_nav_variables/include/ht_nav_variables/msg/detail/ht_nav_deneme__functions.h
[7.122s] -- Installing: /home/temurtas/INS-GPS-ROS2/install/ht_nav_variables/include/ht_nav_variables/msg/detail/ht_nav_imu_data__functions.c
[7.122s] -- Installing: /home/temurtas/INS-GPS-ROS2/install/ht_nav_variables/include/ht_nav_variables/msg/detail/ht_nav_strap_out__functions.c
[7.122s] -- Installing: /home/temurtas/INS-GPS-ROS2/install/ht_nav_variables/include/ht_nav_variables/msg/detail/ht_nav_deneme__struct.h
[7.122s] -- Installing: /home/temurtas/INS-GPS-ROS2/install/ht_nav_variables/include/ht_nav_variables/msg/detail/ht_nav_error_vector__type_support.h
[7.123s] -- Installing: /home/temurtas/INS-GPS-ROS2/install/ht_nav_variables/include/ht_nav_variables/msg/detail/ht_nav_deneme__type_support.h
[7.123s] -- Installing: /home/temurtas/INS-GPS-ROS2/install/ht_nav_variables/include/ht_nav_variables/msg/detail/ht_nav_quaternion__functions.h
[7.123s] -- Installing: /home/temurtas/INS-GPS-ROS2/install/ht_nav_variables/include/ht_nav_variables/msg/detail/ht_nav_imu_data__struct.h
[7.123s] -- Installing: /home/temurtas/INS-GPS-ROS2/install/ht_nav_variables/include/ht_nav_variables/msg/detail/ht_nav_quaternion__functions.c
[7.123s] -- Installing: /home/temurtas/INS-GPS-ROS2/install/ht_nav_variables/include/ht_nav_variables/msg/detail/ht_nav_kalman_out__functions.h
[7.124s] -- Installing: /home/temurtas/INS-GPS-ROS2/install/ht_nav_variables/include/ht_nav_variables/msg/detail/ht_nav_point__functions.h
[7.124s] -- Installing: /home/temurtas/INS-GPS-ROS2/install/ht_nav_variables/include/ht_nav_variables/msg/detail/ht_nav_point__functions.c
[7.124s] -- Installing: /home/temurtas/INS-GPS-ROS2/install/ht_nav_variables/include/ht_nav_variables/msg/detail/ht_nav_gps_data__struct.h
[7.124s] -- Installing: /home/temurtas/INS-GPS-ROS2/install/ht_nav_variables/include/ht_nav_variables/msg/detail/ht_nav_gps_data__functions.c
[7.124s] -- Installing: /home/temurtas/INS-GPS-ROS2/install/ht_nav_variables/include/ht_nav_variables/msg/detail/ht_nav_kalman_out__struct.h
[7.124s] -- Installing: /home/temurtas/INS-GPS-ROS2/install/ht_nav_variables/include/ht_nav_variables/msg/detail/ht_nav_imu_data__functions.h
[7.124s] -- Installing: /home/temurtas/INS-GPS-ROS2/install/ht_nav_variables/include/ht_nav_variables/msg/detail/ht_nav_error_vector__functions.h
[7.125s] -- Installing: /home/temurtas/INS-GPS-ROS2/install/ht_nav_variables/include/ht_nav_variables/msg/detail/ht_nav_error_vector__struct.h
[7.125s] -- Installing: /home/temurtas/INS-GPS-ROS2/install/ht_nav_variables/include/ht_nav_variables/msg/detail/ht_nav_quaternion__struct.h
[7.125s] -- Installing: /home/temurtas/INS-GPS-ROS2/install/ht_nav_variables/include/ht_nav_variables/msg/detail/ht_nav_kalman_out__functions.c
[7.125s] -- Installing: /home/temurtas/INS-GPS-ROS2/install/ht_nav_variables/include/ht_nav_variables/msg/detail/ht_nav_euler__type_support.h
[7.125s] -- Installing: /home/temurtas/INS-GPS-ROS2/install/ht_nav_variables/include/ht_nav_variables/msg/detail/ht_nav_vector3__struct.h
[7.125s] -- Up-to-date: /home/temurtas/INS-GPS-ROS2/install/ht_nav_variables/share/ht_nav_variables/environment/library_path.sh
[7.125s] -- Installing: /home/temurtas/INS-GPS-ROS2/install/ht_nav_variables/share/ht_nav_variables/environment/library_path.dsv
[7.126s] -- Installing: /home/temurtas/INS-GPS-ROS2/install/ht_nav_variables/lib/libht_nav_variables__rosidl_generator_c.so
[7.126s] -- Set runtime path of "/home/temurtas/INS-GPS-ROS2/install/ht_nav_variables/lib/libht_nav_variables__rosidl_generator_c.so" to ""
[7.126s] -- Up-to-date: /home/temurtas/INS-GPS-ROS2/install/ht_nav_variables/include/ht_nav_variables
[7.126s] -- Up-to-date: /home/temurtas/INS-GPS-ROS2/install/ht_nav_variables/include/ht_nav_variables/msg
[7.126s] -- Up-to-date: /home/temurtas/INS-GPS-ROS2/install/ht_nav_variables/include/ht_nav_variables/msg/rosidl_typesupport_fastrtps_c__visibility_control.h
[7.126s] -- Up-to-date: /home/temurtas/INS-GPS-ROS2/install/ht_nav_variables/include/ht_nav_variables/msg/detail
[7.126s] -- Installing: /home/temurtas/INS-GPS-ROS2/install/ht_nav_variables/include/ht_nav_variables/msg/detail/ht_nav_strap_out__rosidl_typesupport_fastrtps_c.h
[7.126s] -- Installing: /home/temurtas/INS-GPS-ROS2/install/ht_nav_variables/include/ht_nav_variables/msg/detail/ht_nav_gps_data__rosidl_typesupport_fastrtps_c.h
[7.126s] -- Installing: /home/temurtas/INS-GPS-ROS2/install/ht_nav_variables/include/ht_nav_variables/msg/detail/ht_nav_error_vector__rosidl_typesupport_fastrtps_c.h
[7.126s] -- Installing: /home/temurtas/INS-GPS-ROS2/install/ht_nav_variables/include/ht_nav_variables/msg/detail/ht_nav_vector3__rosidl_typesupport_fastrtps_c.h
[7.126s] -- Installing: /home/temurtas/INS-GPS-ROS2/install/ht_nav_variables/include/ht_nav_variables/msg/detail/ht_nav_kalman_out__rosidl_typesupport_fastrtps_c.h
[7.126s] -- Installing: /home/temurtas/INS-GPS-ROS2/install/ht_nav_variables/include/ht_nav_variables/msg/detail/ht_nav_quaternion__rosidl_typesupport_fastrtps_c.h
[7.126s] -- Installing: /home/temurtas/INS-GPS-ROS2/install/ht_nav_variables/include/ht_nav_variables/msg/detail/ht_nav_deneme__rosidl_typesupport_fastrtps_c.h
[7.127s] -- Installing: /home/temurtas/INS-GPS-ROS2/install/ht_nav_variables/include/ht_nav_variables/msg/detail/ht_nav_point__rosidl_typesupport_fastrtps_c.h
[7.127s] -- Installing: /home/temurtas/INS-GPS-ROS2/install/ht_nav_variables/include/ht_nav_variables/msg/detail/ht_nav_euler__rosidl_typesupport_fastrtps_c.h
[7.127s] -- Installing: /home/temurtas/INS-GPS-ROS2/install/ht_nav_variables/include/ht_nav_variables/msg/detail/ht_nav_imu_data__rosidl_typesupport_fastrtps_c.h
[7.127s] -- Installing: /home/temurtas/INS-GPS-ROS2/install/ht_nav_variables/lib/libht_nav_variables__rosidl_typesupport_fastrtps_c.so
[7.127s] -- Set runtime path of "/home/temurtas/INS-GPS-ROS2/install/ht_nav_variables/lib/libht_nav_variables__rosidl_typesupport_fastrtps_c.so" to ""
[7.127s] -- Up-to-date: /home/temurtas/INS-GPS-ROS2/install/ht_nav_variables/include/ht_nav_variables
[7.127s] -- Up-to-date: /home/temurtas/INS-GPS-ROS2/install/ht_nav_variables/include/ht_nav_variables/msg
[7.127s] -- Up-to-date: /home/temurtas/INS-GPS-ROS2/install/ht_nav_variables/include/ht_nav_variables/msg/rosidl_typesupport_fastrtps_cpp__visibility_control.h
[7.127s] -- Up-to-date: /home/temurtas/INS-GPS-ROS2/install/ht_nav_variables/include/ht_nav_variables/msg/detail
[7.128s] -- Installing: /home/temurtas/INS-GPS-ROS2/install/ht_nav_variables/include/ht_nav_variables/msg/detail/ht_nav_deneme__rosidl_typesupport_fastrtps_cpp.hpp
[7.128s] -- Installing: /home/temurtas/INS-GPS-ROS2/install/ht_nav_variables/include/ht_nav_variables/msg/detail/ht_nav_point__rosidl_typesupport_fastrtps_cpp.hpp
[7.128s] -- Installing: /home/temurtas/INS-GPS-ROS2/install/ht_nav_variables/include/ht_nav_variables/msg/detail/ht_nav_vector3__rosidl_typesupport_fastrtps_cpp.hpp
[7.128s] -- Installing: /home/temurtas/INS-GPS-ROS2/install/ht_nav_variables/include/ht_nav_variables/msg/detail/ht_nav_error_vector__rosidl_typesupport_fastrtps_cpp.hpp
[7.128s] -- Installing: /home/temurtas/INS-GPS-ROS2/install/ht_nav_variables/include/ht_nav_variables/msg/detail/ht_nav_gps_data__rosidl_typesupport_fastrtps_cpp.hpp
[7.128s] -- Installing: /home/temurtas/INS-GPS-ROS2/install/ht_nav_variables/include/ht_nav_variables/msg/detail/ht_nav_kalman_out__rosidl_typesupport_fastrtps_cpp.hpp
[7.128s] -- Installing: /home/temurtas/INS-GPS-ROS2/install/ht_nav_variables/include/ht_nav_variables/msg/detail/ht_nav_imu_data__rosidl_typesupport_fastrtps_cpp.hpp
[7.128s] -- Installing: /home/temurtas/INS-GPS-ROS2/install/ht_nav_variables/include/ht_nav_variables/msg/detail/ht_nav_strap_out__rosidl_typesupport_fastrtps_cpp.hpp
[7.128s] -- Installing: /home/temurtas/INS-GPS-ROS2/install/ht_nav_variables/include/ht_nav_variables/msg/detail/ht_nav_quaternion__rosidl_typesupport_fastrtps_cpp.hpp
[7.128s] -- Installing: /home/temurtas/INS-GPS-ROS2/install/ht_nav_variables/include/ht_nav_variables/msg/detail/ht_nav_euler__rosidl_typesupport_fastrtps_cpp.hpp
[7.128s] -- Up-to-date: /home/temurtas/INS-GPS-ROS2/install/ht_nav_variables/include/ht_nav_variables/msg/detail/dds_fastrtps
[7.128s] -- Installing: /home/temurtas/INS-GPS-ROS2/install/ht_nav_variables/lib/libht_nav_variables__rosidl_typesupport_fastrtps_cpp.so
[7.129s] -- Set runtime path of "/home/temurtas/INS-GPS-ROS2/install/ht_nav_variables/lib/libht_nav_variables__rosidl_typesupport_fastrtps_cpp.so" to ""
[7.129s] -- Up-to-date: /home/temurtas/INS-GPS-ROS2/install/ht_nav_variables/include/ht_nav_variables
[7.129s] -- Up-to-date: /home/temurtas/INS-GPS-ROS2/install/ht_nav_variables/include/ht_nav_variables/msg
[7.129s] -- Up-to-date: /home/temurtas/INS-GPS-ROS2/install/ht_nav_variables/include/ht_nav_variables/msg/rosidl_typesupport_introspection_c__visibility_control.h
[7.129s] -- Up-to-date: /home/temurtas/INS-GPS-ROS2/install/ht_nav_variables/include/ht_nav_variables/msg/detail
[7.129s] -- Installing: /home/temurtas/INS-GPS-ROS2/install/ht_nav_variables/include/ht_nav_variables/msg/detail/ht_nav_imu_data__rosidl_typesupport_introspection_c.h
[7.129s] -- Installing: /home/temurtas/INS-GPS-ROS2/install/ht_nav_variables/include/ht_nav_variables/msg/detail/ht_nav_error_vector__rosidl_typesupport_introspection_c.h
[7.129s] -- Installing: /home/temurtas/INS-GPS-ROS2/install/ht_nav_variables/include/ht_nav_variables/msg/detail/ht_nav_vector3__rosidl_typesupport_introspection_c.h
[7.129s] -- Installing: /home/temurtas/INS-GPS-ROS2/install/ht_nav_variables/include/ht_nav_variables/msg/detail/ht_nav_euler__rosidl_typesupport_introspection_c.h
[7.129s] -- Installing: /home/temurtas/INS-GPS-ROS2/install/ht_nav_variables/include/ht_nav_variables/msg/detail/ht_nav_deneme__type_support.c
[7.129s] -- Installing: /home/temurtas/INS-GPS-ROS2/install/ht_nav_variables/include/ht_nav_variables/msg/detail/ht_nav_euler__type_support.c
[7.129s] -- Installing: /home/temurtas/INS-GPS-ROS2/install/ht_nav_variables/include/ht_nav_variables/msg/detail/ht_nav_imu_data__type_support.c
[7.129s] -- Installing: /home/temurtas/INS-GPS-ROS2/install/ht_nav_variables/include/ht_nav_variables/msg/detail/ht_nav_strap_out__type_support.c
[7.130s] -- Installing: /home/temurtas/INS-GPS-ROS2/install/ht_nav_variables/include/ht_nav_variables/msg/detail/ht_nav_point__rosidl_typesupport_introspection_c.h
[7.130s] -- Installing: /home/temurtas/INS-GPS-ROS2/install/ht_nav_variables/include/ht_nav_variables/msg/detail/ht_nav_error_vector__type_support.c
[7.130s] -- Installing: /home/temurtas/INS-GPS-ROS2/install/ht_nav_variables/include/ht_nav_variables/msg/detail/ht_nav_deneme__rosidl_typesupport_introspection_c.h
[7.130s] -- Installing: /home/temurtas/INS-GPS-ROS2/install/ht_nav_variables/include/ht_nav_variables/msg/detail/ht_nav_quaternion__rosidl_typesupport_introspection_c.h
[7.130s] -- Installing: /home/temurtas/INS-GPS-ROS2/install/ht_nav_variables/include/ht_nav_variables/msg/detail/ht_nav_gps_data__type_support.c
[7.130s] -- Installing: /home/temurtas/INS-GPS-ROS2/install/ht_nav_variables/include/ht_nav_variables/msg/detail/ht_nav_strap_out__rosidl_typesupport_introspection_c.h
[7.130s] -- Installing: /home/temurtas/INS-GPS-ROS2/install/ht_nav_variables/include/ht_nav_variables/msg/detail/ht_nav_point__type_support.c
[7.130s] -- Installing: /home/temurtas/INS-GPS-ROS2/install/ht_nav_variables/include/ht_nav_variables/msg/detail/ht_nav_gps_data__rosidl_typesupport_introspection_c.h
[7.130s] -- Installing: /home/temurtas/INS-GPS-ROS2/install/ht_nav_variables/include/ht_nav_variables/msg/detail/ht_nav_kalman_out__type_support.c
[7.130s] -- Installing: /home/temurtas/INS-GPS-ROS2/install/ht_nav_variables/include/ht_nav_variables/msg/detail/ht_nav_quaternion__type_support.c
[7.130s] -- Installing: /home/temurtas/INS-GPS-ROS2/install/ht_nav_variables/include/ht_nav_variables/msg/detail/ht_nav_kalman_out__rosidl_typesupport_introspection_c.h
[7.130s] -- Installing: /home/temurtas/INS-GPS-ROS2/install/ht_nav_variables/include/ht_nav_variables/msg/detail/ht_nav_vector3__type_support.c
[7.130s] -- Installing: /home/temurtas/INS-GPS-ROS2/install/ht_nav_variables/lib/libht_nav_variables__rosidl_typesupport_introspection_c.so
[7.131s] -- Set runtime path of "/home/temurtas/INS-GPS-ROS2/install/ht_nav_variables/lib/libht_nav_variables__rosidl_typesupport_introspection_c.so" to ""
[7.131s] -- Installing: /home/temurtas/INS-GPS-ROS2/install/ht_nav_variables/lib/libht_nav_variables__rosidl_typesupport_c.so
[7.131s] -- Set runtime path of "/home/temurtas/INS-GPS-ROS2/install/ht_nav_variables/lib/libht_nav_variables__rosidl_typesupport_c.so" to ""
[7.131s] -- Up-to-date: /home/temurtas/INS-GPS-ROS2/install/ht_nav_variables/include/ht_nav_variables
[7.131s] -- Up-to-date: /home/temurtas/INS-GPS-ROS2/install/ht_nav_variables/include/ht_nav_variables/msg
[7.131s] -- Installing: /home/temurtas/INS-GPS-ROS2/install/ht_nav_variables/include/ht_nav_variables/msg/ht_nav_euler.hpp
[7.131s] -- Installing: /home/temurtas/INS-GPS-ROS2/install/ht_nav_variables/include/ht_nav_variables/msg/ht_nav_error_vector.hpp
[7.131s] -- Installing: /home/temurtas/INS-GPS-ROS2/install/ht_nav_variables/include/ht_nav_variables/msg/ht_nav_deneme.hpp
[7.131s] -- Installing: /home/temurtas/INS-GPS-ROS2/install/ht_nav_variables/include/ht_nav_variables/msg/ht_nav_strap_out.hpp
[7.131s] -- Installing: /home/temurtas/INS-GPS-ROS2/install/ht_nav_variables/include/ht_nav_variables/msg/ht_nav_vector3.hpp
[7.131s] -- Installing: /home/temurtas/INS-GPS-ROS2/install/ht_nav_variables/include/ht_nav_variables/msg/ht_nav_kalman_out.hpp
[7.131s] -- Installing: /home/temurtas/INS-GPS-ROS2/install/ht_nav_variables/include/ht_nav_variables/msg/ht_nav_point.hpp
[7.132s] -- Installing: /home/temurtas/INS-GPS-ROS2/install/ht_nav_variables/include/ht_nav_variables/msg/ht_nav_imu_data.hpp
[7.132s] -- Installing: /home/temurtas/INS-GPS-ROS2/install/ht_nav_variables/include/ht_nav_variables/msg/ht_nav_gps_data.hpp
[7.132s] -- Installing: /home/temurtas/INS-GPS-ROS2/install/ht_nav_variables/include/ht_nav_variables/msg/ht_nav_quaternion.hpp
[7.132s] -- Up-to-date: /home/temurtas/INS-GPS-ROS2/install/ht_nav_variables/include/ht_nav_variables/msg/detail
[7.132s] -- Installing: /home/temurtas/INS-GPS-ROS2/install/ht_nav_variables/include/ht_nav_variables/msg/detail/ht_nav_deneme__builder.hpp
[7.132s] -- Installing: /home/temurtas/INS-GPS-ROS2/install/ht_nav_variables/include/ht_nav_variables/msg/detail/ht_nav_vector3__builder.hpp
[7.132s] -- Installing: /home/temurtas/INS-GPS-ROS2/install/ht_nav_variables/include/ht_nav_variables/msg/detail/ht_nav_deneme__traits.hpp
[7.132s] -- Installing: /home/temurtas/INS-GPS-ROS2/install/ht_nav_variables/include/ht_nav_variables/msg/detail/ht_nav_imu_data__builder.hpp
[7.132s] -- Installing: /home/temurtas/INS-GPS-ROS2/install/ht_nav_variables/include/ht_nav_variables/msg/detail/ht_nav_vector3__traits.hpp
[7.132s] -- Installing: /home/temurtas/INS-GPS-ROS2/install/ht_nav_variables/include/ht_nav_variables/msg/detail/ht_nav_deneme__struct.hpp
[7.132s] -- Installing: /home/temurtas/INS-GPS-ROS2/install/ht_nav_variables/include/ht_nav_variables/msg/detail/ht_nav_quaternion__struct.hpp
[7.132s] -- Installing: /home/temurtas/INS-GPS-ROS2/install/ht_nav_variables/include/ht_nav_variables/msg/detail/ht_nav_gps_data__struct.hpp
[7.132s] -- Installing: /home/temurtas/INS-GPS-ROS2/install/ht_nav_variables/include/ht_nav_variables/msg/detail/ht_nav_strap_out__struct.hpp
[7.132s] -- Installing: /home/temurtas/INS-GPS-ROS2/install/ht_nav_variables/include/ht_nav_variables/msg/detail/ht_nav_point__builder.hpp
[7.133s] -- Installing: /home/temurtas/INS-GPS-ROS2/install/ht_nav_variables/include/ht_nav_variables/msg/detail/ht_nav_quaternion__traits.hpp
[7.133s] -- Installing: /home/temurtas/INS-GPS-ROS2/install/ht_nav_variables/include/ht_nav_variables/msg/detail/ht_nav_strap_out__builder.hpp
[7.133s] -- Installing: /home/temurtas/INS-GPS-ROS2/install/ht_nav_variables/include/ht_nav_variables/msg/detail/ht_nav_euler__struct.hpp
[7.133s] -- Installing: /home/temurtas/INS-GPS-ROS2/install/ht_nav_variables/include/ht_nav_variables/msg/detail/ht_nav_imu_data__struct.hpp
[7.133s] -- Installing: /home/temurtas/INS-GPS-ROS2/install/ht_nav_variables/include/ht_nav_variables/msg/detail/ht_nav_error_vector__traits.hpp
[7.133s] -- Installing: /home/temurtas/INS-GPS-ROS2/install/ht_nav_variables/include/ht_nav_variables/msg/detail/ht_nav_error_vector__builder.hpp
[7.133s] -- Installing: /home/temurtas/INS-GPS-ROS2/install/ht_nav_variables/include/ht_nav_variables/msg/detail/ht_nav_vector3__struct.hpp
[7.133s] -- Installing: /home/temurtas/INS-GPS-ROS2/install/ht_nav_variables/include/ht_nav_variables/msg/detail/ht_nav_kalman_out__struct.hpp
[7.133s] -- Installing: /home/temurtas/INS-GPS-ROS2/install/ht_nav_variables/include/ht_nav_variables/msg/detail/ht_nav_euler__builder.hpp
[7.133s] -- Installing: /home/temurtas/INS-GPS-ROS2/install/ht_nav_variables/include/ht_nav_variables/msg/detail/ht_nav_gps_data__traits.hpp
[7.133s] -- Installing: /home/temurtas/INS-GPS-ROS2/install/ht_nav_variables/include/ht_nav_variables/msg/detail/ht_nav_point__struct.hpp
[7.133s] -- Installing: /home/temurtas/INS-GPS-ROS2/install/ht_nav_variables/include/ht_nav_variables/msg/detail/ht_nav_kalman_out__traits.hpp
[7.133s] -- Installing: /home/temurtas/INS-GPS-ROS2/install/ht_nav_variables/include/ht_nav_variables/msg/detail/ht_nav_quaternion__builder.hpp
[7.133s] -- Installing: /home/temurtas/INS-GPS-ROS2/install/ht_nav_variables/include/ht_nav_variables/msg/detail/ht_nav_error_vector__struct.hpp
[7.133s] -- Installing: /home/temurtas/INS-GPS-ROS2/install/ht_nav_variables/include/ht_nav_variables/msg/detail/ht_nav_kalman_out__builder.hpp
[7.134s] -- Installing: /home/temurtas/INS-GPS-ROS2/install/ht_nav_variables/include/ht_nav_variables/msg/detail/ht_nav_point__traits.hpp
[7.134s] -- Installing: /home/temurtas/INS-GPS-ROS2/install/ht_nav_variables/include/ht_nav_variables/msg/detail/ht_nav_strap_out__traits.hpp
[7.134s] -- Installing: /home/temurtas/INS-GPS-ROS2/install/ht_nav_variables/include/ht_nav_variables/msg/detail/ht_nav_gps_data__builder.hpp
[7.134s] -- Installing: /home/temurtas/INS-GPS-ROS2/install/ht_nav_variables/include/ht_nav_variables/msg/detail/ht_nav_imu_data__traits.hpp
[7.134s] -- Installing: /home/temurtas/INS-GPS-ROS2/install/ht_nav_variables/include/ht_nav_variables/msg/detail/ht_nav_euler__traits.hpp
[7.134s] -- Up-to-date: /home/temurtas/INS-GPS-ROS2/install/ht_nav_variables/include/ht_nav_variables
[7.134s] -- Up-to-date: /home/temurtas/INS-GPS-ROS2/install/ht_nav_variables/include/ht_nav_variables/msg
[7.134s] -- Up-to-date: /home/temurtas/INS-GPS-ROS2/install/ht_nav_variables/include/ht_nav_variables/msg/detail
[7.134s] -- Installing: /home/temurtas/INS-GPS-ROS2/install/ht_nav_variables/include/ht_nav_variables/msg/detail/ht_nav_gps_data__type_support.cpp
[7.134s] -- Installing: /home/temurtas/INS-GPS-ROS2/install/ht_nav_variables/include/ht_nav_variables/msg/detail/ht_nav_quaternion__rosidl_typesupport_introspection_cpp.hpp
[7.134s] -- Installing: /home/temurtas/INS-GPS-ROS2/install/ht_nav_variables/include/ht_nav_variables/msg/detail/ht_nav_strap_out__rosidl_typesupport_introspection_cpp.hpp
[7.134s] -- Installing: /home/temurtas/INS-GPS-ROS2/install/ht_nav_variables/include/ht_nav_variables/msg/detail/ht_nav_imu_data__rosidl_typesupport_introspection_cpp.hpp
[7.134s] -- Installing: /home/temurtas/INS-GPS-ROS2/install/ht_nav_variables/include/ht_nav_variables/msg/detail/ht_nav_imu_data__type_support.cpp
[7.134s] -- Installing: /home/temurtas/INS-GPS-ROS2/install/ht_nav_variables/include/ht_nav_variables/msg/detail/ht_nav_deneme__type_support.cpp
[7.134s] -- Installing: /home/temurtas/INS-GPS-ROS2/install/ht_nav_variables/include/ht_nav_variables/msg/detail/ht_nav_quaternion__type_support.cpp
[7.134s] -- Installing: /home/temurtas/INS-GPS-ROS2/install/ht_nav_variables/include/ht_nav_variables/msg/detail/ht_nav_kalman_out__type_support.cpp
[7.134s] -- Installing: /home/temurtas/INS-GPS-ROS2/install/ht_nav_variables/include/ht_nav_variables/msg/detail/ht_nav_vector3__type_support.cpp
[7.134s] -- Installing: /home/temurtas/INS-GPS-ROS2/install/ht_nav_variables/include/ht_nav_variables/msg/detail/ht_nav_deneme__rosidl_typesupport_introspection_cpp.hpp
[7.134s] -- Installing: /home/temurtas/INS-GPS-ROS2/install/ht_nav_variables/include/ht_nav_variables/msg/detail/ht_nav_error_vector__type_support.cpp
[7.135s] -- Installing: /home/temurtas/INS-GPS-ROS2/install/ht_nav_variables/include/ht_nav_variables/msg/detail/ht_nav_euler__type_support.cpp
[7.135s] -- Installing: /home/temurtas/INS-GPS-ROS2/install/ht_nav_variables/include/ht_nav_variables/msg/detail/ht_nav_gps_data__rosidl_typesupport_introspection_cpp.hpp
[7.135s] -- Installing: /home/temurtas/INS-GPS-ROS2/install/ht_nav_variables/include/ht_nav_variables/msg/detail/ht_nav_euler__rosidl_typesupport_introspection_cpp.hpp
[7.135s] -- Installing: /home/temurtas/INS-GPS-ROS2/install/ht_nav_variables/include/ht_nav_variables/msg/detail/ht_nav_strap_out__type_support.cpp
[7.135s] -- Installing: /home/temurtas/INS-GPS-ROS2/install/ht_nav_variables/include/ht_nav_variables/msg/detail/ht_nav_error_vector__rosidl_typesupport_introspection_cpp.hpp
[7.135s] -- Installing: /home/temurtas/INS-GPS-ROS2/install/ht_nav_variables/include/ht_nav_variables/msg/detail/ht_nav_kalman_out__rosidl_typesupport_introspection_cpp.hpp
[7.135s] -- Installing: /home/temurtas/INS-GPS-ROS2/install/ht_nav_variables/include/ht_nav_variables/msg/detail/ht_nav_point__rosidl_typesupport_introspection_cpp.hpp
[7.135s] -- Installing: /home/temurtas/INS-GPS-ROS2/install/ht_nav_variables/include/ht_nav_variables/msg/detail/ht_nav_vector3__rosidl_typesupport_introspection_cpp.hpp
[7.135s] -- Installing: /home/temurtas/INS-GPS-ROS2/install/ht_nav_variables/include/ht_nav_variables/msg/detail/ht_nav_point__type_support.cpp
[7.135s] -- Installing: /home/temurtas/INS-GPS-ROS2/install/ht_nav_variables/lib/libht_nav_variables__rosidl_typesupport_introspection_cpp.so
[7.135s] -- Set runtime path of "/home/temurtas/INS-GPS-ROS2/install/ht_nav_variables/lib/libht_nav_variables__rosidl_typesupport_introspection_cpp.so" to ""
[7.135s] -- Installing: /home/temurtas/INS-GPS-ROS2/install/ht_nav_variables/lib/libht_nav_variables__rosidl_typesupport_cpp.so
[7.135s] -- Set runtime path of "/home/temurtas/INS-GPS-ROS2/install/ht_nav_variables/lib/libht_nav_variables__rosidl_typesupport_cpp.so" to ""
[7.136s] -- Up-to-date: /home/temurtas/INS-GPS-ROS2/install/ht_nav_variables/share/ht_nav_variables/environment/pythonpath.sh
[7.136s] -- Installing: /home/temurtas/INS-GPS-ROS2/install/ht_nav_variables/share/ht_nav_variables/environment/pythonpath.dsv
[7.136s] -- Installing: /home/temurtas/INS-GPS-ROS2/install/ht_nav_variables/lib/python3.8/site-packages/ht_nav_variables/__init__.py
[7.158s] Compiling '/home/temurtas/INS-GPS-ROS2/install/ht_nav_variables/lib/python3.8/site-packages/ht_nav_variables/__init__.py'...
[7.163s] -- Up-to-date: /home/temurtas/INS-GPS-ROS2/install/ht_nav_variables/lib/python3.8/site-packages/ht_nav_variables/msg
[7.163s] -- Installing: /home/temurtas/INS-GPS-ROS2/install/ht_nav_variables/lib/python3.8/site-packages/ht_nav_variables/msg/_ht_nav_imu_data_s.c
[7.164s] -- Installing: /home/temurtas/INS-GPS-ROS2/install/ht_nav_variables/lib/python3.8/site-packages/ht_nav_variables/msg/_ht_nav_vector3.py
[7.164s] -- Installing: /home/temurtas/INS-GPS-ROS2/install/ht_nav_variables/lib/python3.8/site-packages/ht_nav_variables/msg/_ht_nav_vector3_s.c
[7.164s] -- Installing: /home/temurtas/INS-GPS-ROS2/install/ht_nav_variables/lib/python3.8/site-packages/ht_nav_variables/msg/_ht_nav_point_s.c
[7.165s] -- Installing: /home/temurtas/INS-GPS-ROS2/install/ht_nav_variables/lib/python3.8/site-packages/ht_nav_variables/msg/_ht_nav_gps_data_s.c
[7.165s] -- Installing: /home/temurtas/INS-GPS-ROS2/install/ht_nav_variables/lib/python3.8/site-packages/ht_nav_variables/msg/_ht_nav_gps_data.py
[7.165s] -- Installing: /home/temurtas/INS-GPS-ROS2/install/ht_nav_variables/lib/python3.8/site-packages/ht_nav_variables/msg/_ht_nav_deneme.py
[7.166s] -- Installing: /home/temurtas/INS-GPS-ROS2/install/ht_nav_variables/lib/python3.8/site-packages/ht_nav_variables/msg/_ht_nav_imu_data.py
[7.166s] -- Installing: /home/temurtas/INS-GPS-ROS2/install/ht_nav_variables/lib/python3.8/site-packages/ht_nav_variables/msg/__init__.py
[7.166s] -- Installing: /home/temurtas/INS-GPS-ROS2/install/ht_nav_variables/lib/python3.8/site-packages/ht_nav_variables/msg/_ht_nav_point.py
[7.166s] -- Installing: /home/temurtas/INS-GPS-ROS2/install/ht_nav_variables/lib/python3.8/site-packages/ht_nav_variables/msg/_ht_nav_strap_out.py
[7.166s] -- Installing: /home/temurtas/INS-GPS-ROS2/install/ht_nav_variables/lib/python3.8/site-packages/ht_nav_variables/msg/_ht_nav_quaternion.py
[7.167s] -- Installing: /home/temurtas/INS-GPS-ROS2/install/ht_nav_variables/lib/python3.8/site-packages/ht_nav_variables/msg/_ht_nav_quaternion_s.c
[7.167s] -- Installing: /home/temurtas/INS-GPS-ROS2/install/ht_nav_variables/lib/python3.8/site-packages/ht_nav_variables/msg/_ht_nav_euler_s.c
[7.167s] -- Installing: /home/temurtas/INS-GPS-ROS2/install/ht_nav_variables/lib/python3.8/site-packages/ht_nav_variables/msg/_ht_nav_strap_out_s.c
[7.167s] -- Installing: /home/temurtas/INS-GPS-ROS2/install/ht_nav_variables/lib/python3.8/site-packages/ht_nav_variables/msg/_ht_nav_deneme_s.c
[7.168s] -- Installing: /home/temurtas/INS-GPS-ROS2/install/ht_nav_variables/lib/python3.8/site-packages/ht_nav_variables/msg/_ht_nav_euler.py
[7.168s] -- Installing: /home/temurtas/INS-GPS-ROS2/install/ht_nav_variables/lib/python3.8/site-packages/ht_nav_variables/msg/_ht_nav_kalman_out.py
[7.168s] -- Installing: /home/temurtas/INS-GPS-ROS2/install/ht_nav_variables/lib/python3.8/site-packages/ht_nav_variables/msg/_ht_nav_error_vector_s.c
[7.168s] -- Installing: /home/temurtas/INS-GPS-ROS2/install/ht_nav_variables/lib/python3.8/site-packages/ht_nav_variables/msg/_ht_nav_error_vector.py
[7.168s] -- Installing: /home/temurtas/INS-GPS-ROS2/install/ht_nav_variables/lib/python3.8/site-packages/ht_nav_variables/msg/_ht_nav_kalman_out_s.c
[7.168s] -- Installing: /home/temurtas/INS-GPS-ROS2/install/ht_nav_variables/lib/python3.8/site-packages/ht_nav_variables/ht_nav_variables_s__rosidl_typesupport_fastrtps_c.cpython-38-x86_64-linux-gnu.so
[7.168s] -- Set runtime path of "/home/temurtas/INS-GPS-ROS2/install/ht_nav_variables/lib/python3.8/site-packages/ht_nav_variables/ht_nav_variables_s__rosidl_typesupport_fastrtps_c.cpython-38-x86_64-linux-gnu.so" to ""
[7.169s] -- Installing: /home/temurtas/INS-GPS-ROS2/install/ht_nav_variables/lib/python3.8/site-packages/ht_nav_variables/ht_nav_variables_s__rosidl_typesupport_introspection_c.cpython-38-x86_64-linux-gnu.so
[7.170s] -- Set runtime path of "/home/temurtas/INS-GPS-ROS2/install/ht_nav_variables/lib/python3.8/site-packages/ht_nav_variables/ht_nav_variables_s__rosidl_typesupport_introspection_c.cpython-38-x86_64-linux-gnu.so" to ""
[7.170s] -- Installing: /home/temurtas/INS-GPS-ROS2/install/ht_nav_variables/lib/python3.8/site-packages/ht_nav_variables/ht_nav_variables_s__rosidl_typesupport_c.cpython-38-x86_64-linux-gnu.so
[7.171s] -- Set runtime path of "/home/temurtas/INS-GPS-ROS2/install/ht_nav_variables/lib/python3.8/site-packages/ht_nav_variables/ht_nav_variables_s__rosidl_typesupport_c.cpython-38-x86_64-linux-gnu.so" to ""
[7.172s] -- Installing: /home/temurtas/INS-GPS-ROS2/install/ht_nav_variables/lib/libht_nav_variables__python.so
[7.172s] -- Set runtime path of "/home/temurtas/INS-GPS-ROS2/install/ht_nav_variables/lib/libht_nav_variables__python.so" to ""
[7.172s] -- Installing: /home/temurtas/INS-GPS-ROS2/install/ht_nav_variables/share/ht_nav_variables/msg/HtNavErrorVector.idl
[7.172s] -- Installing: /home/temurtas/INS-GPS-ROS2/install/ht_nav_variables/share/ht_nav_variables/msg/HtNavEuler.idl
[7.172s] -- Up-to-date: /home/temurtas/INS-GPS-ROS2/install/ht_nav_variables/share/ht_nav_variables/msg/HtNavGpsData.idl
[7.172s] -- Up-to-date: /home/temurtas/INS-GPS-ROS2/install/ht_nav_variables/share/ht_nav_variables/msg/HtNavImuData.idl
[7.173s] -- Up-to-date: /home/temurtas/INS-GPS-ROS2/install/ht_nav_variables/share/ht_nav_variables/msg/HtNavKalmanOut.idl
[7.173s] -- Up-to-date: /home/temurtas/INS-GPS-ROS2/install/ht_nav_variables/share/ht_nav_variables/msg/HtNavStrapOut.idl
[7.173s] -- Installing: /home/temurtas/INS-GPS-ROS2/install/ht_nav_variables/share/ht_nav_variables/msg/HtNavPoint.idl
[7.173s] -- Installing: /home/temurtas/INS-GPS-ROS2/install/ht_nav_variables/share/ht_nav_variables/msg/HtNavVector3.idl
[7.173s] -- Installing: /home/temurtas/INS-GPS-ROS2/install/ht_nav_variables/share/ht_nav_variables/msg/HtNavQuaternion.idl
[7.173s] -- Up-to-date: /home/temurtas/INS-GPS-ROS2/install/ht_nav_variables/share/ht_nav_variables/msg/HtNavDeneme.idl
[7.173s] -- Installing: /home/temurtas/INS-GPS-ROS2/install/ht_nav_variables/share/ht_nav_variables/msg/HtNavErrorVector.msg
[7.173s] -- Installing: /home/temurtas/INS-GPS-ROS2/install/ht_nav_variables/share/ht_nav_variables/msg/HtNavEuler.msg
[7.173s] -- Up-to-date: /home/temurtas/INS-GPS-ROS2/install/ht_nav_variables/share/ht_nav_variables/msg/HtNavGpsData.msg
[7.174s] -- Up-to-date: /home/temurtas/INS-GPS-ROS2/install/ht_nav_variables/share/ht_nav_variables/msg/HtNavImuData.msg
[7.174s] -- Up-to-date: /home/temurtas/INS-GPS-ROS2/install/ht_nav_variables/share/ht_nav_variables/msg/HtNavKalmanOut.msg
[7.174s] -- Up-to-date: /home/temurtas/INS-GPS-ROS2/install/ht_nav_variables/share/ht_nav_variables/msg/HtNavStrapOut.msg
[7.174s] -- Installing: /home/temurtas/INS-GPS-ROS2/install/ht_nav_variables/share/ht_nav_variables/msg/HtNavPoint.msg
[7.174s] -- Installing: /home/temurtas/INS-GPS-ROS2/install/ht_nav_variables/share/ht_nav_variables/msg/HtNavVector3.msg
[7.174s] -- Installing: /home/temurtas/INS-GPS-ROS2/install/ht_nav_variables/share/ht_nav_variables/msg/HtNavQuaternion.msg
[7.174s] -- Up-to-date: /home/temurtas/INS-GPS-ROS2/install/ht_nav_variables/share/ht_nav_variables/msg/HtNavDeneme.msg
[7.174s] -- Up-to-date: /home/temurtas/INS-GPS-ROS2/install/ht_nav_variables/share/ament_index/resource_index/package_run_dependencies/ht_nav_variables
[7.174s] -- Up-to-date: /home/temurtas/INS-GPS-ROS2/install/ht_nav_variables/share/ament_index/resource_index/parent_prefix_path/ht_nav_variables
[7.175s] -- Up-to-date: /home/temurtas/INS-GPS-ROS2/install/ht_nav_variables/share/ht_nav_variables/environment/ament_prefix_path.sh
[7.175s] -- Installing: /home/temurtas/INS-GPS-ROS2/install/ht_nav_variables/share/ht_nav_variables/environment/ament_prefix_path.dsv
[7.175s] -- Up-to-date: /home/temurtas/INS-GPS-ROS2/install/ht_nav_variables/share/ht_nav_variables/environment/path.sh
[7.175s] -- Installing: /home/temurtas/INS-GPS-ROS2/install/ht_nav_variables/share/ht_nav_variables/environment/path.dsv
[7.175s] -- Up-to-date: /home/temurtas/INS-GPS-ROS2/install/ht_nav_variables/share/ht_nav_variables/local_setup.bash
[7.175s] -- Up-to-date: /home/temurtas/INS-GPS-ROS2/install/ht_nav_variables/share/ht_nav_variables/local_setup.sh
[7.175s] -- Up-to-date: /home/temurtas/INS-GPS-ROS2/install/ht_nav_variables/share/ht_nav_variables/local_setup.zsh
[7.176s] -- Installing: /home/temurtas/INS-GPS-ROS2/install/ht_nav_variables/share/ht_nav_variables/local_setup.dsv
[7.176s] -- Installing: /home/temurtas/INS-GPS-ROS2/install/ht_nav_variables/share/ht_nav_variables/package.dsv
[7.176s] -- Up-to-date: /home/temurtas/INS-GPS-ROS2/install/ht_nav_variables/share/ament_index/resource_index/packages/ht_nav_variables
[7.176s] -- Up-to-date: /home/temurtas/INS-GPS-ROS2/install/ht_nav_variables/share/ht_nav_variables/cmake/ht_nav_variables__rosidl_generator_cExport.cmake
[7.176s] -- Installing: /home/temurtas/INS-GPS-ROS2/install/ht_nav_variables/share/ht_nav_variables/cmake/ht_nav_variables__rosidl_generator_cExport-noconfig.cmake
[7.176s] -- Up-to-date: /home/temurtas/INS-GPS-ROS2/install/ht_nav_variables/share/ht_nav_variables/cmake/ht_nav_variables__rosidl_typesupport_introspection_cExport.cmake
[7.177s] -- Installing: /home/temurtas/INS-GPS-ROS2/install/ht_nav_variables/share/ht_nav_variables/cmake/ht_nav_variables__rosidl_typesupport_introspection_cExport-noconfig.cmake
[7.177s] -- Up-to-date: /home/temurtas/INS-GPS-ROS2/install/ht_nav_variables/share/ht_nav_variables/cmake/ht_nav_variables__rosidl_typesupport_cExport.cmake
[7.177s] -- Installing: /home/temurtas/INS-GPS-ROS2/install/ht_nav_variables/share/ht_nav_variables/cmake/ht_nav_variables__rosidl_typesupport_cExport-noconfig.cmake
[7.177s] -- Up-to-date: /home/temurtas/INS-GPS-ROS2/install/ht_nav_variables/share/ht_nav_variables/cmake/ht_nav_variables__rosidl_generator_cppExport.cmake
[7.177s] -- Up-to-date: /home/temurtas/INS-GPS-ROS2/install/ht_nav_variables/share/ht_nav_variables/cmake/ht_nav_variables__rosidl_typesupport_introspection_cppExport.cmake
[7.177s] -- Installing: /home/temurtas/INS-GPS-ROS2/install/ht_nav_variables/share/ht_nav_variables/cmake/ht_nav_variables__rosidl_typesupport_introspection_cppExport-noconfig.cmake
[7.177s] -- Up-to-date: /home/temurtas/INS-GPS-ROS2/install/ht_nav_variables/share/ht_nav_variables/cmake/ht_nav_variables__rosidl_typesupport_cppExport.cmake
[7.177s] -- Installing: /home/temurtas/INS-GPS-ROS2/install/ht_nav_variables/share/ht_nav_variables/cmake/ht_nav_variables__rosidl_typesupport_cppExport-noconfig.cmake
[7.178s] -- Up-to-date: /home/temurtas/INS-GPS-ROS2/install/ht_nav_variables/share/ht_nav_variables/cmake/rosidl_cmake-extras.cmake
[7.178s] -- Up-to-date: /home/temurtas/INS-GPS-ROS2/install/ht_nav_variables/share/ht_nav_variables/cmake/ament_cmake_export_dependencies-extras.cmake
[7.178s] -- Up-to-date: /home/temurtas/INS-GPS-ROS2/install/ht_nav_variables/share/ht_nav_variables/cmake/ament_cmake_export_libraries-extras.cmake
[7.178s] -- Up-to-date: /home/temurtas/INS-GPS-ROS2/install/ht_nav_variables/share/ht_nav_variables/cmake/ament_cmake_export_targets-extras.cmake
[7.179s] -- Up-to-date: /home/temurtas/INS-GPS-ROS2/install/ht_nav_variables/share/ht_nav_variables/cmake/ament_cmake_export_include_directories-extras.cmake
[7.180s] -- Up-to-date: /home/temurtas/INS-GPS-ROS2/install/ht_nav_variables/share/ht_nav_variables/cmake/rosidl_cmake_export_typesupport_libraries-extras.cmake
[7.180s] -- Up-to-date: /home/temurtas/INS-GPS-ROS2/install/ht_nav_variables/share/ht_nav_variables/cmake/rosidl_cmake_export_typesupport_targets-extras.cmake
[7.180s] -- Up-to-date: /home/temurtas/INS-GPS-ROS2/install/ht_nav_variables/share/ht_nav_variables/cmake/ht_nav_variablesConfig.cmake
[7.180s] -- Up-to-date: /home/temurtas/INS-GPS-ROS2/install/ht_nav_variables/share/ht_nav_variables/cmake/ht_nav_variablesConfig-version.cmake
[7.181s] -- Up-to-date: /home/temurtas/INS-GPS-ROS2/install/ht_nav_variables/share/ht_nav_variables/package.xml
[7.181s] Invoked command in '/home/temurtas/INS-GPS-ROS2/build/ht_nav_variables' returned '0': CMAKE_PREFIX_PATH=${CMAKE_PREFIX_PATH}:/home/temurtas/INS-GPS-ROS2/install/ht_strap_package:/opt/ros/foxy /usr/bin/cmake --install /home/temurtas/INS-GPS-ROS2/build/ht_nav_variables
