[0.021s] Invoking command in '/home/temur/INS-GPS-ROS2/build/ht_nav_variables': CMAKE_PREFIX_PATH=${CMAKE_PREFIX_PATH}:/home/temur/INS-GPS-ROS2/install/ht_strap_package:/opt/ros/foxy /usr/bin/cmake --build /home/temur/INS-GPS-ROS2/build/ht_nav_variables -- -j12 -l12
[0.100s] [ 12%] Built target ht_nav_variables__rosidl_generator_c
[0.105s] [ 12%] Built target ht_nav_variables__cpp
[0.130s] [ 35%] Built target ht_nav_variables__rosidl_typesupport_introspection_cpp
[0.130s] [ 36%] Built target ht_nav_variables__rosidl_typesupport_introspection_c
[0.132s] [ 48%] Built target ht_nav_variables__rosidl_typesupport_c
[0.140s] [ 60%] Built target ht_nav_variables__rosidl_typesupport_cpp
[0.142s] [ 72%] Built target ht_nav_variables__rosidl_typesupport_fastrtps_cpp
[0.181s] [ 84%] Built target ht_nav_variables__rosidl_typesupport_fastrtps_c
[0.210s] [ 84%] Built target ht_nav_variables
[0.242s] [ 85%] Built target ht_nav_variables__py
[0.286s] [ 96%] Built target ht_nav_variables__python
[0.319s] [ 98%] Built target ht_nav_variables__rosidl_typesupport_introspection_c__pyext
[0.321s] [ 99%] Built target ht_nav_variables__rosidl_typesupport_c__pyext
[0.324s] [100%] Built target ht_nav_variables__rosidl_typesupport_fastrtps_c__pyext
[0.345s] Invoked command in '/home/temur/INS-GPS-ROS2/build/ht_nav_variables' returned '0': CMAKE_PREFIX_PATH=${CMAKE_PREFIX_PATH}:/home/temur/INS-GPS-ROS2/install/ht_strap_package:/opt/ros/foxy /usr/bin/cmake --build /home/temur/INS-GPS-ROS2/build/ht_nav_variables -- -j12 -l12
[0.603s] Invoking command in '/home/temur/INS-GPS-ROS2/build/ht_nav_variables': CMAKE_PREFIX_PATH=${CMAKE_PREFIX_PATH}:/home/temur/INS-GPS-ROS2/install/ht_strap_package:/opt/ros/foxy /usr/bin/cmake --install /home/temur/INS-GPS-ROS2/build/ht_nav_variables
[0.615s] -- Install configuration: ""
[0.615s] -- Up-to-date: /home/temur/INS-GPS-ROS2/install/ht_nav_variables/share/ament_index/resource_index/rosidl_interfaces/ht_nav_variables
[0.615s] -- Up-to-date: /home/temur/INS-GPS-ROS2/install/ht_nav_variables/include/ht_nav_variables
[0.615s] -- Up-to-date: /home/temur/INS-GPS-ROS2/install/ht_nav_variables/include/ht_nav_variables/msg
[0.615s] -- Up-to-date: /home/temur/INS-GPS-ROS2/install/ht_nav_variables/include/ht_nav_variables/msg/ht_nav_imu_data.h
[0.615s] -- Up-to-date: /home/temur/INS-GPS-ROS2/install/ht_nav_variables/include/ht_nav_variables/msg/ht_nav_vector3.h
[0.616s] -- Up-to-date: /home/temur/INS-GPS-ROS2/install/ht_nav_variables/include/ht_nav_variables/msg/detail
[0.617s] -- Up-to-date: /home/temur/INS-GPS-ROS2/install/ht_nav_variables/include/ht_nav_variables/msg/detail/ht_nav_strap_out__functions.h
[0.617s] -- Up-to-date: /home/temur/INS-GPS-ROS2/install/ht_nav_variables/include/ht_nav_variables/msg/detail/ht_nav_imu_data__struct.h
[0.617s] -- Up-to-date: /home/temur/INS-GPS-ROS2/install/ht_nav_variables/include/ht_nav_variables/msg/detail/ht_nav_error_vector__functions.h
[0.617s] -- Up-to-date: /home/temur/INS-GPS-ROS2/install/ht_nav_variables/include/ht_nav_variables/msg/detail/ht_nav_tire_out__functions.c
[0.617s] -- Up-to-date: /home/temur/INS-GPS-ROS2/install/ht_nav_variables/include/ht_nav_variables/msg/detail/ht_nav_error_vector__type_support.h
[0.618s] -- Up-to-date: /home/temur/INS-GPS-ROS2/install/ht_nav_variables/include/ht_nav_variables/msg/detail/ht_nav_wheel_vector__functions.c
[0.618s] -- Up-to-date: /home/temur/INS-GPS-ROS2/install/ht_nav_variables/include/ht_nav_variables/msg/detail/ht_nav_vehicle_debug__functions.h
[0.619s] -- Up-to-date: /home/temur/INS-GPS-ROS2/install/ht_nav_variables/include/ht_nav_variables/msg/detail/ht_nav_point__struct.h
[0.619s] -- Up-to-date: /home/temur/INS-GPS-ROS2/install/ht_nav_variables/include/ht_nav_variables/msg/detail/ht_nav_quaternion__functions.c
[0.620s] -- Up-to-date: /home/temur/INS-GPS-ROS2/install/ht_nav_variables/include/ht_nav_variables/msg/detail/ht_nav_deneme__type_support.h
[0.620s] -- Up-to-date: /home/temur/INS-GPS-ROS2/install/ht_nav_variables/include/ht_nav_variables/msg/detail/ht_nav_joint_state__functions.c
[0.620s] -- Up-to-date: /home/temur/INS-GPS-ROS2/install/ht_nav_variables/include/ht_nav_variables/msg/detail/ht_nav_gps_data__functions.h
[0.620s] -- Up-to-date: /home/temur/INS-GPS-ROS2/install/ht_nav_variables/include/ht_nav_variables/msg/detail/ht_nav_gps_data__functions.c
[0.620s] -- Up-to-date: /home/temur/INS-GPS-ROS2/install/ht_nav_variables/include/ht_nav_variables/msg/detail/ht_nav_kalman_out__type_support.h
[0.621s] -- Up-to-date: /home/temur/INS-GPS-ROS2/install/ht_nav_variables/include/ht_nav_variables/msg/detail/ht_nav_wheel_vector__functions.h
[0.621s] -- Up-to-date: /home/temur/INS-GPS-ROS2/install/ht_nav_variables/include/ht_nav_variables/msg/detail/ht_nav_vehicle_debug__type_support.h
[0.621s] -- Up-to-date: /home/temur/INS-GPS-ROS2/install/ht_nav_variables/include/ht_nav_variables/msg/detail/ht_nav_strap_car_out__struct.h
[0.621s] -- Up-to-date: /home/temur/INS-GPS-ROS2/install/ht_nav_variables/include/ht_nav_variables/msg/detail/ht_nav_kalman_out__functions.h
[0.621s] -- Up-to-date: /home/temur/INS-GPS-ROS2/install/ht_nav_variables/include/ht_nav_variables/msg/detail/ht_nav_strap_out__type_support.h
[0.621s] -- Up-to-date: /home/temur/INS-GPS-ROS2/install/ht_nav_variables/include/ht_nav_variables/msg/detail/ht_nav_tire_out__functions.h
[0.621s] -- Up-to-date: /home/temur/INS-GPS-ROS2/install/ht_nav_variables/include/ht_nav_variables/msg/detail/ht_nav_deneme__functions.c
[0.622s] -- Up-to-date: /home/temur/INS-GPS-ROS2/install/ht_nav_variables/include/ht_nav_variables/msg/detail/ht_nav_euler__type_support.h
[0.622s] -- Up-to-date: /home/temur/INS-GPS-ROS2/install/ht_nav_variables/include/ht_nav_variables/msg/detail/ht_nav_joint_state__functions.h
[0.622s] -- Up-to-date: /home/temur/INS-GPS-ROS2/install/ht_nav_variables/include/ht_nav_variables/msg/detail/ht_nav_strap_car_out__functions.c
[0.622s] -- Up-to-date: /home/temur/INS-GPS-ROS2/install/ht_nav_variables/include/ht_nav_variables/msg/detail/ht_nav_joint_state__struct.h
[0.622s] -- Up-to-date: /home/temur/INS-GPS-ROS2/install/ht_nav_variables/include/ht_nav_variables/msg/detail/ht_nav_error_vector__struct.h
[0.622s] -- Up-to-date: /home/temur/INS-GPS-ROS2/install/ht_nav_variables/include/ht_nav_variables/msg/detail/ht_nav_imu_data__functions.h
[0.622s] -- Up-to-date: /home/temur/INS-GPS-ROS2/install/ht_nav_variables/include/ht_nav_variables/msg/detail/ht_nav_deneme__functions.h
[0.622s] -- Up-to-date: /home/temur/INS-GPS-ROS2/install/ht_nav_variables/include/ht_nav_variables/msg/detail/ht_nav_vector3__type_support.h
[0.623s] -- Up-to-date: /home/temur/INS-GPS-ROS2/install/ht_nav_variables/include/ht_nav_variables/msg/detail/ht_nav_vehicle_debug__struct.h
[0.623s] -- Up-to-date: /home/temur/INS-GPS-ROS2/install/ht_nav_variables/include/ht_nav_variables/msg/detail/ht_nav_point__type_support.h
[0.623s] -- Up-to-date: /home/temur/INS-GPS-ROS2/install/ht_nav_variables/include/ht_nav_variables/msg/detail/ht_nav_tire_out__type_support.h
[0.623s] -- Up-to-date: /home/temur/INS-GPS-ROS2/install/ht_nav_variables/include/ht_nav_variables/msg/detail/ht_nav_euler__functions.c
[0.623s] -- Up-to-date: /home/temur/INS-GPS-ROS2/install/ht_nav_variables/include/ht_nav_variables/msg/detail/ht_nav_kalman_out__functions.c
[0.623s] -- Up-to-date: /home/temur/INS-GPS-ROS2/install/ht_nav_variables/include/ht_nav_variables/msg/detail/ht_nav_quaternion__struct.h
[0.623s] -- Up-to-date: /home/temur/INS-GPS-ROS2/install/ht_nav_variables/include/ht_nav_variables/msg/detail/ht_nav_point__functions.h
[0.624s] -- Up-to-date: /home/temur/INS-GPS-ROS2/install/ht_nav_variables/include/ht_nav_variables/msg/detail/ht_nav_vector3__functions.c
[0.624s] -- Up-to-date: /home/temur/INS-GPS-ROS2/install/ht_nav_variables/include/ht_nav_variables/msg/detail/ht_nav_joint_state__type_support.h
[0.624s] -- Up-to-date: /home/temur/INS-GPS-ROS2/install/ht_nav_variables/include/ht_nav_variables/msg/detail/ht_nav_strap_out__functions.c
[0.624s] -- Up-to-date: /home/temur/INS-GPS-ROS2/install/ht_nav_variables/include/ht_nav_variables/msg/detail/ht_nav_gps_data__struct.h
[0.624s] -- Up-to-date: /home/temur/INS-GPS-ROS2/install/ht_nav_variables/include/ht_nav_variables/msg/detail/ht_nav_vector3__struct.h
[0.624s] -- Up-to-date: /home/temur/INS-GPS-ROS2/install/ht_nav_variables/include/ht_nav_variables/msg/detail/ht_nav_tire_out__struct.h
[0.625s] -- Up-to-date: /home/temur/INS-GPS-ROS2/install/ht_nav_variables/include/ht_nav_variables/msg/detail/ht_nav_euler__functions.h
[0.625s] -- Up-to-date: /home/temur/INS-GPS-ROS2/install/ht_nav_variables/include/ht_nav_variables/msg/detail/ht_nav_strap_car_out__type_support.h
[0.625s] -- Up-to-date: /home/temur/INS-GPS-ROS2/install/ht_nav_variables/include/ht_nav_variables/msg/detail/ht_nav_strap_out__struct.h
[0.625s] -- Up-to-date: /home/temur/INS-GPS-ROS2/install/ht_nav_variables/include/ht_nav_variables/msg/detail/ht_nav_point__functions.c
[0.625s] -- Up-to-date: /home/temur/INS-GPS-ROS2/install/ht_nav_variables/include/ht_nav_variables/msg/detail/ht_nav_strap_car_out__functions.h
[0.625s] -- Up-to-date: /home/temur/INS-GPS-ROS2/install/ht_nav_variables/include/ht_nav_variables/msg/detail/ht_nav_vector3__functions.h
[0.625s] -- Up-to-date: /home/temur/INS-GPS-ROS2/install/ht_nav_variables/include/ht_nav_variables/msg/detail/ht_nav_quaternion__functions.h
[0.625s] -- Up-to-date: /home/temur/INS-GPS-ROS2/install/ht_nav_variables/include/ht_nav_variables/msg/detail/ht_nav_error_vector__functions.c
[0.626s] -- Up-to-date: /home/temur/INS-GPS-ROS2/install/ht_nav_variables/include/ht_nav_variables/msg/detail/ht_nav_deneme__struct.h
[0.626s] -- Up-to-date: /home/temur/INS-GPS-ROS2/install/ht_nav_variables/include/ht_nav_variables/msg/detail/ht_nav_euler__struct.h
[0.626s] -- Up-to-date: /home/temur/INS-GPS-ROS2/install/ht_nav_variables/include/ht_nav_variables/msg/detail/ht_nav_imu_data__functions.c
[0.626s] -- Up-to-date: /home/temur/INS-GPS-ROS2/install/ht_nav_variables/include/ht_nav_variables/msg/detail/ht_nav_wheel_vector__struct.h
[0.626s] -- Up-to-date: /home/temur/INS-GPS-ROS2/install/ht_nav_variables/include/ht_nav_variables/msg/detail/ht_nav_wheel_vector__type_support.h
[0.626s] -- Up-to-date: /home/temur/INS-GPS-ROS2/install/ht_nav_variables/include/ht_nav_variables/msg/detail/ht_nav_imu_data__type_support.h
[0.627s] -- Up-to-date: /home/temur/INS-GPS-ROS2/install/ht_nav_variables/include/ht_nav_variables/msg/detail/ht_nav_kalman_out__struct.h
[0.627s] -- Up-to-date: /home/temur/INS-GPS-ROS2/install/ht_nav_variables/include/ht_nav_variables/msg/detail/ht_nav_gps_data__type_support.h
[0.627s] -- Up-to-date: /home/temur/INS-GPS-ROS2/install/ht_nav_variables/include/ht_nav_variables/msg/detail/ht_nav_quaternion__type_support.h
[0.627s] -- Up-to-date: /home/temur/INS-GPS-ROS2/install/ht_nav_variables/include/ht_nav_variables/msg/detail/ht_nav_vehicle_debug__functions.c
[0.627s] -- Up-to-date: /home/temur/INS-GPS-ROS2/install/ht_nav_variables/include/ht_nav_variables/msg/ht_nav_wheel_vector.h
[0.627s] -- Up-to-date: /home/temur/INS-GPS-ROS2/install/ht_nav_variables/include/ht_nav_variables/msg/ht_nav_strap_car_out.h
[0.627s] -- Up-to-date: /home/temur/INS-GPS-ROS2/install/ht_nav_variables/include/ht_nav_variables/msg/ht_nav_quaternion.h
[0.627s] -- Up-to-date: /home/temur/INS-GPS-ROS2/install/ht_nav_variables/include/ht_nav_variables/msg/ht_nav_strap_out.h
[0.627s] -- Up-to-date: /home/temur/INS-GPS-ROS2/install/ht_nav_variables/include/ht_nav_variables/msg/ht_nav_kalman_out.h
[0.627s] -- Up-to-date: /home/temur/INS-GPS-ROS2/install/ht_nav_variables/include/ht_nav_variables/msg/ht_nav_error_vector.h
[0.627s] -- Up-to-date: /home/temur/INS-GPS-ROS2/install/ht_nav_variables/include/ht_nav_variables/msg/ht_nav_deneme.h
[0.627s] -- Up-to-date: /home/temur/INS-GPS-ROS2/install/ht_nav_variables/include/ht_nav_variables/msg/ht_nav_gps_data.h
[0.627s] -- Up-to-date: /home/temur/INS-GPS-ROS2/install/ht_nav_variables/include/ht_nav_variables/msg/rosidl_generator_c__visibility_control.h
[0.627s] -- Up-to-date: /home/temur/INS-GPS-ROS2/install/ht_nav_variables/include/ht_nav_variables/msg/ht_nav_point.h
[0.627s] -- Up-to-date: /home/temur/INS-GPS-ROS2/install/ht_nav_variables/include/ht_nav_variables/msg/ht_nav_vehicle_debug.h
[0.628s] -- Up-to-date: /home/temur/INS-GPS-ROS2/install/ht_nav_variables/include/ht_nav_variables/msg/ht_nav_euler.h
[0.628s] -- Up-to-date: /home/temur/INS-GPS-ROS2/install/ht_nav_variables/include/ht_nav_variables/msg/ht_nav_joint_state.h
[0.628s] -- Up-to-date: /home/temur/INS-GPS-ROS2/install/ht_nav_variables/include/ht_nav_variables/msg/ht_nav_tire_out.h
[0.628s] -- Up-to-date: /home/temur/INS-GPS-ROS2/install/ht_nav_variables/share/ht_nav_variables/environment/library_path.sh
[0.628s] -- Up-to-date: /home/temur/INS-GPS-ROS2/install/ht_nav_variables/share/ht_nav_variables/environment/library_path.dsv
[0.628s] -- Up-to-date: /home/temur/INS-GPS-ROS2/install/ht_nav_variables/lib/libht_nav_variables__rosidl_generator_c.so
[0.628s] -- Up-to-date: /home/temur/INS-GPS-ROS2/install/ht_nav_variables/include/ht_nav_variables
[0.628s] -- Up-to-date: /home/temur/INS-GPS-ROS2/install/ht_nav_variables/include/ht_nav_variables/msg
[0.628s] -- Up-to-date: /home/temur/INS-GPS-ROS2/install/ht_nav_variables/include/ht_nav_variables/msg/detail
[0.628s] -- Up-to-date: /home/temur/INS-GPS-ROS2/install/ht_nav_variables/include/ht_nav_variables/msg/detail/ht_nav_point__rosidl_typesupport_fastrtps_c.h
[0.628s] -- Up-to-date: /home/temur/INS-GPS-ROS2/install/ht_nav_variables/include/ht_nav_variables/msg/detail/ht_nav_strap_out__rosidl_typesupport_fastrtps_c.h
[0.628s] -- Up-to-date: /home/temur/INS-GPS-ROS2/install/ht_nav_variables/include/ht_nav_variables/msg/detail/ht_nav_vehicle_debug__rosidl_typesupport_fastrtps_c.h
[0.628s] -- Up-to-date: /home/temur/INS-GPS-ROS2/install/ht_nav_variables/include/ht_nav_variables/msg/detail/ht_nav_quaternion__rosidl_typesupport_fastrtps_c.h
[0.628s] -- Up-to-date: /home/temur/INS-GPS-ROS2/install/ht_nav_variables/include/ht_nav_variables/msg/detail/ht_nav_imu_data__rosidl_typesupport_fastrtps_c.h
[0.628s] -- Up-to-date: /home/temur/INS-GPS-ROS2/install/ht_nav_variables/include/ht_nav_variables/msg/detail/ht_nav_gps_data__rosidl_typesupport_fastrtps_c.h
[0.628s] -- Up-to-date: /home/temur/INS-GPS-ROS2/install/ht_nav_variables/include/ht_nav_variables/msg/detail/ht_nav_joint_state__rosidl_typesupport_fastrtps_c.h
[0.628s] -- Up-to-date: /home/temur/INS-GPS-ROS2/install/ht_nav_variables/include/ht_nav_variables/msg/detail/ht_nav_kalman_out__rosidl_typesupport_fastrtps_c.h
[0.628s] -- Up-to-date: /home/temur/INS-GPS-ROS2/install/ht_nav_variables/include/ht_nav_variables/msg/detail/ht_nav_euler__rosidl_typesupport_fastrtps_c.h
[0.629s] -- Up-to-date: /home/temur/INS-GPS-ROS2/install/ht_nav_variables/include/ht_nav_variables/msg/detail/ht_nav_tire_out__rosidl_typesupport_fastrtps_c.h
[0.629s] -- Up-to-date: /home/temur/INS-GPS-ROS2/install/ht_nav_variables/include/ht_nav_variables/msg/detail/ht_nav_wheel_vector__rosidl_typesupport_fastrtps_c.h
[0.629s] -- Up-to-date: /home/temur/INS-GPS-ROS2/install/ht_nav_variables/include/ht_nav_variables/msg/detail/ht_nav_error_vector__rosidl_typesupport_fastrtps_c.h
[0.629s] -- Up-to-date: /home/temur/INS-GPS-ROS2/install/ht_nav_variables/include/ht_nav_variables/msg/detail/ht_nav_strap_car_out__rosidl_typesupport_fastrtps_c.h
[0.629s] -- Up-to-date: /home/temur/INS-GPS-ROS2/install/ht_nav_variables/include/ht_nav_variables/msg/detail/ht_nav_deneme__rosidl_typesupport_fastrtps_c.h
[0.629s] -- Up-to-date: /home/temur/INS-GPS-ROS2/install/ht_nav_variables/include/ht_nav_variables/msg/detail/ht_nav_vector3__rosidl_typesupport_fastrtps_c.h
[0.629s] -- Up-to-date: /home/temur/INS-GPS-ROS2/install/ht_nav_variables/include/ht_nav_variables/msg/rosidl_typesupport_fastrtps_c__visibility_control.h
[0.629s] -- Up-to-date: /home/temur/INS-GPS-ROS2/install/ht_nav_variables/lib/libht_nav_variables__rosidl_typesupport_fastrtps_c.so
[0.629s] -- Up-to-date: /home/temur/INS-GPS-ROS2/install/ht_nav_variables/include/ht_nav_variables
[0.629s] -- Up-to-date: /home/temur/INS-GPS-ROS2/install/ht_nav_variables/include/ht_nav_variables/msg
[0.629s] -- Up-to-date: /home/temur/INS-GPS-ROS2/install/ht_nav_variables/include/ht_nav_variables/msg/detail
[0.629s] -- Up-to-date: /home/temur/INS-GPS-ROS2/install/ht_nav_variables/include/ht_nav_variables/msg/detail/ht_nav_error_vector__rosidl_typesupport_fastrtps_cpp.hpp
[0.629s] -- Up-to-date: /home/temur/INS-GPS-ROS2/install/ht_nav_variables/include/ht_nav_variables/msg/detail/ht_nav_kalman_out__rosidl_typesupport_fastrtps_cpp.hpp
[0.629s] -- Up-to-date: /home/temur/INS-GPS-ROS2/install/ht_nav_variables/include/ht_nav_variables/msg/detail/ht_nav_wheel_vector__rosidl_typesupport_fastrtps_cpp.hpp
[0.629s] -- Up-to-date: /home/temur/INS-GPS-ROS2/install/ht_nav_variables/include/ht_nav_variables/msg/detail/ht_nav_quaternion__rosidl_typesupport_fastrtps_cpp.hpp
[0.629s] -- Up-to-date: /home/temur/INS-GPS-ROS2/install/ht_nav_variables/include/ht_nav_variables/msg/detail/dds_fastrtps
[0.629s] -- Up-to-date: /home/temur/INS-GPS-ROS2/install/ht_nav_variables/include/ht_nav_variables/msg/detail/ht_nav_imu_data__rosidl_typesupport_fastrtps_cpp.hpp
[0.629s] -- Up-to-date: /home/temur/INS-GPS-ROS2/install/ht_nav_variables/include/ht_nav_variables/msg/detail/ht_nav_vehicle_debug__rosidl_typesupport_fastrtps_cpp.hpp
[0.630s] -- Up-to-date: /home/temur/INS-GPS-ROS2/install/ht_nav_variables/include/ht_nav_variables/msg/detail/ht_nav_strap_out__rosidl_typesupport_fastrtps_cpp.hpp
[0.630s] -- Up-to-date: /home/temur/INS-GPS-ROS2/install/ht_nav_variables/include/ht_nav_variables/msg/detail/ht_nav_vector3__rosidl_typesupport_fastrtps_cpp.hpp
[0.630s] -- Up-to-date: /home/temur/INS-GPS-ROS2/install/ht_nav_variables/include/ht_nav_variables/msg/detail/ht_nav_euler__rosidl_typesupport_fastrtps_cpp.hpp
[0.630s] -- Up-to-date: /home/temur/INS-GPS-ROS2/install/ht_nav_variables/include/ht_nav_variables/msg/detail/ht_nav_strap_car_out__rosidl_typesupport_fastrtps_cpp.hpp
[0.630s] -- Up-to-date: /home/temur/INS-GPS-ROS2/install/ht_nav_variables/include/ht_nav_variables/msg/detail/ht_nav_gps_data__rosidl_typesupport_fastrtps_cpp.hpp
[0.630s] -- Up-to-date: /home/temur/INS-GPS-ROS2/install/ht_nav_variables/include/ht_nav_variables/msg/detail/ht_nav_joint_state__rosidl_typesupport_fastrtps_cpp.hpp
[0.630s] -- Up-to-date: /home/temur/INS-GPS-ROS2/install/ht_nav_variables/include/ht_nav_variables/msg/detail/ht_nav_tire_out__rosidl_typesupport_fastrtps_cpp.hpp
[0.630s] -- Up-to-date: /home/temur/INS-GPS-ROS2/install/ht_nav_variables/include/ht_nav_variables/msg/detail/ht_nav_point__rosidl_typesupport_fastrtps_cpp.hpp
[0.630s] -- Up-to-date: /home/temur/INS-GPS-ROS2/install/ht_nav_variables/include/ht_nav_variables/msg/detail/ht_nav_deneme__rosidl_typesupport_fastrtps_cpp.hpp
[0.630s] -- Up-to-date: /home/temur/INS-GPS-ROS2/install/ht_nav_variables/include/ht_nav_variables/msg/rosidl_typesupport_fastrtps_cpp__visibility_control.h
[0.630s] -- Up-to-date: /home/temur/INS-GPS-ROS2/install/ht_nav_variables/lib/libht_nav_variables__rosidl_typesupport_fastrtps_cpp.so
[0.630s] -- Up-to-date: /home/temur/INS-GPS-ROS2/install/ht_nav_variables/include/ht_nav_variables
[0.630s] -- Up-to-date: /home/temur/INS-GPS-ROS2/install/ht_nav_variables/include/ht_nav_variables/msg
[0.630s] -- Up-to-date: /home/temur/INS-GPS-ROS2/install/ht_nav_variables/include/ht_nav_variables/msg/detail
[0.630s] -- Up-to-date: /home/temur/INS-GPS-ROS2/install/ht_nav_variables/include/ht_nav_variables/msg/detail/ht_nav_tire_out__type_support.c
[0.630s] -- Up-to-date: /home/temur/INS-GPS-ROS2/install/ht_nav_variables/include/ht_nav_variables/msg/detail/ht_nav_gps_data__rosidl_typesupport_introspection_c.h
[0.630s] -- Up-to-date: /home/temur/INS-GPS-ROS2/install/ht_nav_variables/include/ht_nav_variables/msg/detail/ht_nav_gps_data__type_support.c
[0.631s] -- Up-to-date: /home/temur/INS-GPS-ROS2/install/ht_nav_variables/include/ht_nav_variables/msg/detail/ht_nav_joint_state__rosidl_typesupport_introspection_c.h
[0.631s] -- Up-to-date: /home/temur/INS-GPS-ROS2/install/ht_nav_variables/include/ht_nav_variables/msg/detail/ht_nav_joint_state__type_support.c
[0.631s] -- Up-to-date: /home/temur/INS-GPS-ROS2/install/ht_nav_variables/include/ht_nav_variables/msg/detail/ht_nav_vector3__rosidl_typesupport_introspection_c.h
[0.631s] -- Up-to-date: /home/temur/INS-GPS-ROS2/install/ht_nav_variables/include/ht_nav_variables/msg/detail/ht_nav_kalman_out__type_support.c
[0.631s] -- Up-to-date: /home/temur/INS-GPS-ROS2/install/ht_nav_variables/include/ht_nav_variables/msg/detail/ht_nav_imu_data__type_support.c
[0.631s] -- Up-to-date: /home/temur/INS-GPS-ROS2/install/ht_nav_variables/include/ht_nav_variables/msg/detail/ht_nav_kalman_out__rosidl_typesupport_introspection_c.h
[0.631s] -- Up-to-date: /home/temur/INS-GPS-ROS2/install/ht_nav_variables/include/ht_nav_variables/msg/detail/ht_nav_error_vector__type_support.c
[0.631s] -- Up-to-date: /home/temur/INS-GPS-ROS2/install/ht_nav_variables/include/ht_nav_variables/msg/detail/ht_nav_vehicle_debug__rosidl_typesupport_introspection_c.h
[0.631s] -- Up-to-date: /home/temur/INS-GPS-ROS2/install/ht_nav_variables/include/ht_nav_variables/msg/detail/ht_nav_vector3__type_support.c
[0.631s] -- Up-to-date: /home/temur/INS-GPS-ROS2/install/ht_nav_variables/include/ht_nav_variables/msg/detail/ht_nav_strap_out__type_support.c
[0.631s] -- Up-to-date: /home/temur/INS-GPS-ROS2/install/ht_nav_variables/include/ht_nav_variables/msg/detail/ht_nav_wheel_vector__rosidl_typesupport_introspection_c.h
[0.631s] -- Up-to-date: /home/temur/INS-GPS-ROS2/install/ht_nav_variables/include/ht_nav_variables/msg/detail/ht_nav_strap_out__rosidl_typesupport_introspection_c.h
[0.631s] -- Up-to-date: /home/temur/INS-GPS-ROS2/install/ht_nav_variables/include/ht_nav_variables/msg/detail/ht_nav_euler__type_support.c
[0.631s] -- Up-to-date: /home/temur/INS-GPS-ROS2/install/ht_nav_variables/include/ht_nav_variables/msg/detail/ht_nav_strap_car_out__type_support.c
[0.631s] -- Up-to-date: /home/temur/INS-GPS-ROS2/install/ht_nav_variables/include/ht_nav_variables/msg/detail/ht_nav_deneme__rosidl_typesupport_introspection_c.h
[0.631s] -- Up-to-date: /home/temur/INS-GPS-ROS2/install/ht_nav_variables/include/ht_nav_variables/msg/detail/ht_nav_tire_out__rosidl_typesupport_introspection_c.h
[0.631s] -- Up-to-date: /home/temur/INS-GPS-ROS2/install/ht_nav_variables/include/ht_nav_variables/msg/detail/ht_nav_euler__rosidl_typesupport_introspection_c.h
[0.632s] -- Up-to-date: /home/temur/INS-GPS-ROS2/install/ht_nav_variables/include/ht_nav_variables/msg/detail/ht_nav_vehicle_debug__type_support.c
[0.632s] -- Up-to-date: /home/temur/INS-GPS-ROS2/install/ht_nav_variables/include/ht_nav_variables/msg/detail/ht_nav_point__rosidl_typesupport_introspection_c.h
[0.632s] -- Up-to-date: /home/temur/INS-GPS-ROS2/install/ht_nav_variables/include/ht_nav_variables/msg/detail/ht_nav_wheel_vector__type_support.c
[0.632s] -- Up-to-date: /home/temur/INS-GPS-ROS2/install/ht_nav_variables/include/ht_nav_variables/msg/detail/ht_nav_quaternion__rosidl_typesupport_introspection_c.h
[0.632s] -- Up-to-date: /home/temur/INS-GPS-ROS2/install/ht_nav_variables/include/ht_nav_variables/msg/detail/ht_nav_error_vector__rosidl_typesupport_introspection_c.h
[0.632s] -- Up-to-date: /home/temur/INS-GPS-ROS2/install/ht_nav_variables/include/ht_nav_variables/msg/detail/ht_nav_point__type_support.c
[0.632s] -- Up-to-date: /home/temur/INS-GPS-ROS2/install/ht_nav_variables/include/ht_nav_variables/msg/detail/ht_nav_imu_data__rosidl_typesupport_introspection_c.h
[0.632s] -- Up-to-date: /home/temur/INS-GPS-ROS2/install/ht_nav_variables/include/ht_nav_variables/msg/detail/ht_nav_strap_car_out__rosidl_typesupport_introspection_c.h
[0.632s] -- Up-to-date: /home/temur/INS-GPS-ROS2/install/ht_nav_variables/include/ht_nav_variables/msg/detail/ht_nav_deneme__type_support.c
[0.632s] -- Up-to-date: /home/temur/INS-GPS-ROS2/install/ht_nav_variables/include/ht_nav_variables/msg/detail/ht_nav_quaternion__type_support.c
[0.632s] -- Up-to-date: /home/temur/INS-GPS-ROS2/install/ht_nav_variables/include/ht_nav_variables/msg/rosidl_typesupport_introspection_c__visibility_control.h
[0.632s] -- Up-to-date: /home/temur/INS-GPS-ROS2/install/ht_nav_variables/lib/libht_nav_variables__rosidl_typesupport_introspection_c.so
[0.632s] -- Up-to-date: /home/temur/INS-GPS-ROS2/install/ht_nav_variables/lib/libht_nav_variables__rosidl_typesupport_c.so
[0.632s] -- Up-to-date: /home/temur/INS-GPS-ROS2/install/ht_nav_variables/include/ht_nav_variables
[0.632s] -- Up-to-date: /home/temur/INS-GPS-ROS2/install/ht_nav_variables/include/ht_nav_variables/msg
[0.632s] -- Up-to-date: /home/temur/INS-GPS-ROS2/install/ht_nav_variables/include/ht_nav_variables/msg/ht_nav_wheel_vector.hpp
[0.632s] -- Up-to-date: /home/temur/INS-GPS-ROS2/install/ht_nav_variables/include/ht_nav_variables/msg/detail
[0.632s] -- Up-to-date: /home/temur/INS-GPS-ROS2/install/ht_nav_variables/include/ht_nav_variables/msg/detail/ht_nav_point__builder.hpp
[0.633s] -- Up-to-date: /home/temur/INS-GPS-ROS2/install/ht_nav_variables/include/ht_nav_variables/msg/detail/ht_nav_kalman_out__traits.hpp
[0.633s] -- Up-to-date: /home/temur/INS-GPS-ROS2/install/ht_nav_variables/include/ht_nav_variables/msg/detail/ht_nav_wheel_vector__struct.hpp
[0.633s] -- Up-to-date: /home/temur/INS-GPS-ROS2/install/ht_nav_variables/include/ht_nav_variables/msg/detail/ht_nav_strap_car_out__builder.hpp
[0.633s] -- Up-to-date: /home/temur/INS-GPS-ROS2/install/ht_nav_variables/include/ht_nav_variables/msg/detail/ht_nav_gps_data__traits.hpp
[0.633s] -- Up-to-date: /home/temur/INS-GPS-ROS2/install/ht_nav_variables/include/ht_nav_variables/msg/detail/ht_nav_point__traits.hpp
[0.633s] -- Up-to-date: /home/temur/INS-GPS-ROS2/install/ht_nav_variables/include/ht_nav_variables/msg/detail/ht_nav_point__struct.hpp
[0.633s] -- Up-to-date: /home/temur/INS-GPS-ROS2/install/ht_nav_variables/include/ht_nav_variables/msg/detail/ht_nav_strap_out__builder.hpp
[0.633s] -- Up-to-date: /home/temur/INS-GPS-ROS2/install/ht_nav_variables/include/ht_nav_variables/msg/detail/ht_nav_imu_data__traits.hpp
[0.633s] -- Up-to-date: /home/temur/INS-GPS-ROS2/install/ht_nav_variables/include/ht_nav_variables/msg/detail/ht_nav_deneme__builder.hpp
[0.633s] -- Up-to-date: /home/temur/INS-GPS-ROS2/install/ht_nav_variables/include/ht_nav_variables/msg/detail/ht_nav_strap_out__traits.hpp
[0.633s] -- Up-to-date: /home/temur/INS-GPS-ROS2/install/ht_nav_variables/include/ht_nav_variables/msg/detail/ht_nav_euler__struct.hpp
[0.633s] -- Up-to-date: /home/temur/INS-GPS-ROS2/install/ht_nav_variables/include/ht_nav_variables/msg/detail/ht_nav_strap_car_out__traits.hpp
[0.633s] -- Up-to-date: /home/temur/INS-GPS-ROS2/install/ht_nav_variables/include/ht_nav_variables/msg/detail/ht_nav_tire_out__builder.hpp
[0.633s] -- Up-to-date: /home/temur/INS-GPS-ROS2/install/ht_nav_variables/include/ht_nav_variables/msg/detail/ht_nav_strap_out__struct.hpp
[0.634s] -- Up-to-date: /home/temur/INS-GPS-ROS2/install/ht_nav_variables/include/ht_nav_variables/msg/detail/ht_nav_joint_state__struct.hpp
[0.634s] -- Up-to-date: /home/temur/INS-GPS-ROS2/install/ht_nav_variables/include/ht_nav_variables/msg/detail/ht_nav_gps_data__builder.hpp
[0.634s] -- Up-to-date: /home/temur/INS-GPS-ROS2/install/ht_nav_variables/include/ht_nav_variables/msg/detail/ht_nav_euler__builder.hpp
[0.634s] -- Up-to-date: /home/temur/INS-GPS-ROS2/install/ht_nav_variables/include/ht_nav_variables/msg/detail/ht_nav_gps_data__struct.hpp
[0.634s] -- Up-to-date: /home/temur/INS-GPS-ROS2/install/ht_nav_variables/include/ht_nav_variables/msg/detail/ht_nav_joint_state__traits.hpp
[0.634s] -- Up-to-date: /home/temur/INS-GPS-ROS2/install/ht_nav_variables/include/ht_nav_variables/msg/detail/ht_nav_error_vector__struct.hpp
[0.634s] -- Up-to-date: /home/temur/INS-GPS-ROS2/install/ht_nav_variables/include/ht_nav_variables/msg/detail/ht_nav_tire_out__traits.hpp
[0.634s] -- Up-to-date: /home/temur/INS-GPS-ROS2/install/ht_nav_variables/include/ht_nav_variables/msg/detail/ht_nav_wheel_vector__traits.hpp
[0.634s] -- Up-to-date: /home/temur/INS-GPS-ROS2/install/ht_nav_variables/include/ht_nav_variables/msg/detail/ht_nav_deneme__struct.hpp
[0.634s] -- Up-to-date: /home/temur/INS-GPS-ROS2/install/ht_nav_variables/include/ht_nav_variables/msg/detail/ht_nav_imu_data__builder.hpp
[0.635s] -- Up-to-date: /home/temur/INS-GPS-ROS2/install/ht_nav_variables/include/ht_nav_variables/msg/detail/ht_nav_quaternion__builder.hpp
[0.635s] -- Up-to-date: /home/temur/INS-GPS-ROS2/install/ht_nav_variables/include/ht_nav_variables/msg/detail/ht_nav_vehicle_debug__struct.hpp
[0.635s] -- Up-to-date: /home/temur/INS-GPS-ROS2/install/ht_nav_variables/include/ht_nav_variables/msg/detail/ht_nav_vector3__traits.hpp
[0.635s] -- Up-to-date: /home/temur/INS-GPS-ROS2/install/ht_nav_variables/include/ht_nav_variables/msg/detail/ht_nav_kalman_out__struct.hpp
[0.635s] -- Up-to-date: /home/temur/INS-GPS-ROS2/install/ht_nav_variables/include/ht_nav_variables/msg/detail/ht_nav_strap_car_out__struct.hpp
[0.635s] -- Up-to-date: /home/temur/INS-GPS-ROS2/install/ht_nav_variables/include/ht_nav_variables/msg/detail/ht_nav_vector3__struct.hpp
[0.635s] -- Up-to-date: /home/temur/INS-GPS-ROS2/install/ht_nav_variables/include/ht_nav_variables/msg/detail/ht_nav_imu_data__struct.hpp
[0.635s] -- Up-to-date: /home/temur/INS-GPS-ROS2/install/ht_nav_variables/include/ht_nav_variables/msg/detail/ht_nav_quaternion__struct.hpp
[0.635s] -- Up-to-date: /home/temur/INS-GPS-ROS2/install/ht_nav_variables/include/ht_nav_variables/msg/detail/ht_nav_vehicle_debug__traits.hpp
[0.635s] -- Up-to-date: /home/temur/INS-GPS-ROS2/install/ht_nav_variables/include/ht_nav_variables/msg/detail/ht_nav_tire_out__struct.hpp
[0.636s] -- Up-to-date: /home/temur/INS-GPS-ROS2/install/ht_nav_variables/include/ht_nav_variables/msg/detail/ht_nav_deneme__traits.hpp
[0.636s] -- Up-to-date: /home/temur/INS-GPS-ROS2/install/ht_nav_variables/include/ht_nav_variables/msg/detail/ht_nav_kalman_out__builder.hpp
[0.636s] -- Up-to-date: /home/temur/INS-GPS-ROS2/install/ht_nav_variables/include/ht_nav_variables/msg/detail/ht_nav_vector3__builder.hpp
[0.636s] -- Up-to-date: /home/temur/INS-GPS-ROS2/install/ht_nav_variables/include/ht_nav_variables/msg/detail/ht_nav_euler__traits.hpp
[0.636s] -- Up-to-date: /home/temur/INS-GPS-ROS2/install/ht_nav_variables/include/ht_nav_variables/msg/detail/ht_nav_quaternion__traits.hpp
[0.636s] -- Up-to-date: /home/temur/INS-GPS-ROS2/install/ht_nav_variables/include/ht_nav_variables/msg/detail/ht_nav_wheel_vector__builder.hpp
[0.636s] -- Up-to-date: /home/temur/INS-GPS-ROS2/install/ht_nav_variables/include/ht_nav_variables/msg/detail/ht_nav_vehicle_debug__builder.hpp
[0.636s] -- Up-to-date: /home/temur/INS-GPS-ROS2/install/ht_nav_variables/include/ht_nav_variables/msg/detail/ht_nav_error_vector__builder.hpp
[0.636s] -- Up-to-date: /home/temur/INS-GPS-ROS2/install/ht_nav_variables/include/ht_nav_variables/msg/detail/ht_nav_error_vector__traits.hpp
[0.636s] -- Up-to-date: /home/temur/INS-GPS-ROS2/install/ht_nav_variables/include/ht_nav_variables/msg/detail/ht_nav_joint_state__builder.hpp
[0.636s] -- Up-to-date: /home/temur/INS-GPS-ROS2/install/ht_nav_variables/include/ht_nav_variables/msg/ht_nav_imu_data.hpp
[0.636s] -- Up-to-date: /home/temur/INS-GPS-ROS2/install/ht_nav_variables/include/ht_nav_variables/msg/ht_nav_deneme.hpp
[0.636s] -- Up-to-date: /home/temur/INS-GPS-ROS2/install/ht_nav_variables/include/ht_nav_variables/msg/ht_nav_gps_data.hpp
[0.636s] -- Up-to-date: /home/temur/INS-GPS-ROS2/install/ht_nav_variables/include/ht_nav_variables/msg/ht_nav_kalman_out.hpp
[0.636s] -- Up-to-date: /home/temur/INS-GPS-ROS2/install/ht_nav_variables/include/ht_nav_variables/msg/ht_nav_euler.hpp
[0.637s] -- Up-to-date: /home/temur/INS-GPS-ROS2/install/ht_nav_variables/include/ht_nav_variables/msg/ht_nav_tire_out.hpp
[0.637s] -- Up-to-date: /home/temur/INS-GPS-ROS2/install/ht_nav_variables/include/ht_nav_variables/msg/ht_nav_vehicle_debug.hpp
[0.637s] -- Up-to-date: /home/temur/INS-GPS-ROS2/install/ht_nav_variables/include/ht_nav_variables/msg/ht_nav_strap_car_out.hpp
[0.637s] -- Up-to-date: /home/temur/INS-GPS-ROS2/install/ht_nav_variables/include/ht_nav_variables/msg/ht_nav_joint_state.hpp
[0.637s] -- Up-to-date: /home/temur/INS-GPS-ROS2/install/ht_nav_variables/include/ht_nav_variables/msg/ht_nav_strap_out.hpp
[0.637s] -- Up-to-date: /home/temur/INS-GPS-ROS2/install/ht_nav_variables/include/ht_nav_variables/msg/ht_nav_point.hpp
[0.637s] -- Up-to-date: /home/temur/INS-GPS-ROS2/install/ht_nav_variables/include/ht_nav_variables/msg/ht_nav_error_vector.hpp
[0.637s] -- Up-to-date: /home/temur/INS-GPS-ROS2/install/ht_nav_variables/include/ht_nav_variables/msg/ht_nav_quaternion.hpp
[0.637s] -- Up-to-date: /home/temur/INS-GPS-ROS2/install/ht_nav_variables/include/ht_nav_variables/msg/ht_nav_vector3.hpp
[0.637s] -- Up-to-date: /home/temur/INS-GPS-ROS2/install/ht_nav_variables/include/ht_nav_variables
[0.637s] -- Up-to-date: /home/temur/INS-GPS-ROS2/install/ht_nav_variables/include/ht_nav_variables/msg
[0.637s] -- Up-to-date: /home/temur/INS-GPS-ROS2/install/ht_nav_variables/include/ht_nav_variables/msg/detail
[0.637s] -- Up-to-date: /home/temur/INS-GPS-ROS2/install/ht_nav_variables/include/ht_nav_variables/msg/detail/ht_nav_quaternion__type_support.cpp
[0.637s] -- Up-to-date: /home/temur/INS-GPS-ROS2/install/ht_nav_variables/include/ht_nav_variables/msg/detail/ht_nav_euler__type_support.cpp
[0.637s] -- Up-to-date: /home/temur/INS-GPS-ROS2/install/ht_nav_variables/include/ht_nav_variables/msg/detail/ht_nav_joint_state__rosidl_typesupport_introspection_cpp.hpp
[0.637s] -- Up-to-date: /home/temur/INS-GPS-ROS2/install/ht_nav_variables/include/ht_nav_variables/msg/detail/ht_nav_deneme__rosidl_typesupport_introspection_cpp.hpp
[0.637s] -- Up-to-date: /home/temur/INS-GPS-ROS2/install/ht_nav_variables/include/ht_nav_variables/msg/detail/ht_nav_vector3__type_support.cpp
[0.638s] -- Up-to-date: /home/temur/INS-GPS-ROS2/install/ht_nav_variables/include/ht_nav_variables/msg/detail/ht_nav_strap_car_out__rosidl_typesupport_introspection_cpp.hpp
[0.638s] -- Up-to-date: /home/temur/INS-GPS-ROS2/install/ht_nav_variables/include/ht_nav_variables/msg/detail/ht_nav_tire_out__type_support.cpp
[0.638s] -- Up-to-date: /home/temur/INS-GPS-ROS2/install/ht_nav_variables/include/ht_nav_variables/msg/detail/ht_nav_vehicle_debug__rosidl_typesupport_introspection_cpp.hpp
[0.638s] -- Up-to-date: /home/temur/INS-GPS-ROS2/install/ht_nav_variables/include/ht_nav_variables/msg/detail/ht_nav_quaternion__rosidl_typesupport_introspection_cpp.hpp
[0.638s] -- Up-to-date: /home/temur/INS-GPS-ROS2/install/ht_nav_variables/include/ht_nav_variables/msg/detail/ht_nav_tire_out__rosidl_typesupport_introspection_cpp.hpp
[0.638s] -- Up-to-date: /home/temur/INS-GPS-ROS2/install/ht_nav_variables/include/ht_nav_variables/msg/detail/ht_nav_gps_data__rosidl_typesupport_introspection_cpp.hpp
[0.638s] -- Up-to-date: /home/temur/INS-GPS-ROS2/install/ht_nav_variables/include/ht_nav_variables/msg/detail/ht_nav_vehicle_debug__type_support.cpp
[0.638s] -- Up-to-date: /home/temur/INS-GPS-ROS2/install/ht_nav_variables/include/ht_nav_variables/msg/detail/ht_nav_point__rosidl_typesupport_introspection_cpp.hpp
[0.638s] -- Up-to-date: /home/temur/INS-GPS-ROS2/install/ht_nav_variables/include/ht_nav_variables/msg/detail/ht_nav_strap_out__rosidl_typesupport_introspection_cpp.hpp
[0.638s] -- Up-to-date: /home/temur/INS-GPS-ROS2/install/ht_nav_variables/include/ht_nav_variables/msg/detail/ht_nav_kalman_out__rosidl_typesupport_introspection_cpp.hpp
[0.638s] -- Up-to-date: /home/temur/INS-GPS-ROS2/install/ht_nav_variables/include/ht_nav_variables/msg/detail/ht_nav_gps_data__type_support.cpp
[0.638s] -- Up-to-date: /home/temur/INS-GPS-ROS2/install/ht_nav_variables/include/ht_nav_variables/msg/detail/ht_nav_error_vector__rosidl_typesupport_introspection_cpp.hpp
[0.638s] -- Up-to-date: /home/temur/INS-GPS-ROS2/install/ht_nav_variables/include/ht_nav_variables/msg/detail/ht_nav_point__type_support.cpp
[0.638s] -- Up-to-date: /home/temur/INS-GPS-ROS2/install/ht_nav_variables/include/ht_nav_variables/msg/detail/ht_nav_deneme__type_support.cpp
[0.638s] -- Up-to-date: /home/temur/INS-GPS-ROS2/install/ht_nav_variables/include/ht_nav_variables/msg/detail/ht_nav_strap_car_out__type_support.cpp
[0.639s] -- Up-to-date: /home/temur/INS-GPS-ROS2/install/ht_nav_variables/include/ht_nav_variables/msg/detail/ht_nav_wheel_vector__rosidl_typesupport_introspection_cpp.hpp
[0.639s] -- Up-to-date: /home/temur/INS-GPS-ROS2/install/ht_nav_variables/include/ht_nav_variables/msg/detail/ht_nav_imu_data__rosidl_typesupport_introspection_cpp.hpp
[0.639s] -- Up-to-date: /home/temur/INS-GPS-ROS2/install/ht_nav_variables/include/ht_nav_variables/msg/detail/ht_nav_joint_state__type_support.cpp
[0.639s] -- Up-to-date: /home/temur/INS-GPS-ROS2/install/ht_nav_variables/include/ht_nav_variables/msg/detail/ht_nav_wheel_vector__type_support.cpp
[0.639s] -- Up-to-date: /home/temur/INS-GPS-ROS2/install/ht_nav_variables/include/ht_nav_variables/msg/detail/ht_nav_kalman_out__type_support.cpp
[0.639s] -- Up-to-date: /home/temur/INS-GPS-ROS2/install/ht_nav_variables/include/ht_nav_variables/msg/detail/ht_nav_euler__rosidl_typesupport_introspection_cpp.hpp
[0.639s] -- Up-to-date: /home/temur/INS-GPS-ROS2/install/ht_nav_variables/include/ht_nav_variables/msg/detail/ht_nav_vector3__rosidl_typesupport_introspection_cpp.hpp
[0.639s] -- Up-to-date: /home/temur/INS-GPS-ROS2/install/ht_nav_variables/include/ht_nav_variables/msg/detail/ht_nav_strap_out__type_support.cpp
[0.639s] -- Up-to-date: /home/temur/INS-GPS-ROS2/install/ht_nav_variables/include/ht_nav_variables/msg/detail/ht_nav_imu_data__type_support.cpp
[0.639s] -- Up-to-date: /home/temur/INS-GPS-ROS2/install/ht_nav_variables/include/ht_nav_variables/msg/detail/ht_nav_error_vector__type_support.cpp
[0.639s] -- Up-to-date: /home/temur/INS-GPS-ROS2/install/ht_nav_variables/lib/libht_nav_variables__rosidl_typesupport_introspection_cpp.so
[0.639s] -- Up-to-date: /home/temur/INS-GPS-ROS2/install/ht_nav_variables/lib/libht_nav_variables__rosidl_typesupport_cpp.so
[0.639s] -- Up-to-date: /home/temur/INS-GPS-ROS2/install/ht_nav_variables/share/ht_nav_variables/environment/pythonpath.sh
[0.639s] -- Up-to-date: /home/temur/INS-GPS-ROS2/install/ht_nav_variables/share/ht_nav_variables/environment/pythonpath.dsv
[0.639s] -- Up-to-date: /home/temur/INS-GPS-ROS2/install/ht_nav_variables/lib/python3.8/site-packages/ht_nav_variables/__init__.py
[0.651s] -- Up-to-date: /home/temur/INS-GPS-ROS2/install/ht_nav_variables/lib/python3.8/site-packages/ht_nav_variables/msg
[0.651s] -- Up-to-date: /home/temur/INS-GPS-ROS2/install/ht_nav_variables/lib/python3.8/site-packages/ht_nav_variables/msg/_ht_nav_deneme.py
[0.651s] -- Up-to-date: /home/temur/INS-GPS-ROS2/install/ht_nav_variables/lib/python3.8/site-packages/ht_nav_variables/msg/_ht_nav_kalman_out.py
[0.651s] -- Up-to-date: /home/temur/INS-GPS-ROS2/install/ht_nav_variables/lib/python3.8/site-packages/ht_nav_variables/msg/_ht_nav_imu_data_s.c
[0.651s] -- Up-to-date: /home/temur/INS-GPS-ROS2/install/ht_nav_variables/lib/python3.8/site-packages/ht_nav_variables/msg/_ht_nav_wheel_vector.py
[0.651s] -- Up-to-date: /home/temur/INS-GPS-ROS2/install/ht_nav_variables/lib/python3.8/site-packages/ht_nav_variables/msg/_ht_nav_joint_state_s.c
[0.652s] -- Up-to-date: /home/temur/INS-GPS-ROS2/install/ht_nav_variables/lib/python3.8/site-packages/ht_nav_variables/msg/_ht_nav_tire_out.py
[0.652s] -- Up-to-date: /home/temur/INS-GPS-ROS2/install/ht_nav_variables/lib/python3.8/site-packages/ht_nav_variables/msg/_ht_nav_imu_data.py
[0.652s] -- Up-to-date: /home/temur/INS-GPS-ROS2/install/ht_nav_variables/lib/python3.8/site-packages/ht_nav_variables/msg/_ht_nav_strap_out_s.c
[0.652s] -- Up-to-date: /home/temur/INS-GPS-ROS2/install/ht_nav_variables/lib/python3.8/site-packages/ht_nav_variables/msg/_ht_nav_point.py
[0.652s] -- Up-to-date: /home/temur/INS-GPS-ROS2/install/ht_nav_variables/lib/python3.8/site-packages/ht_nav_variables/msg/_ht_nav_vector3.py
[0.652s] -- Up-to-date: /home/temur/INS-GPS-ROS2/install/ht_nav_variables/lib/python3.8/site-packages/ht_nav_variables/msg/_ht_nav_wheel_vector_s.c
[0.652s] -- Up-to-date: /home/temur/INS-GPS-ROS2/install/ht_nav_variables/lib/python3.8/site-packages/ht_nav_variables/msg/_ht_nav_gps_data.py
[0.652s] -- Up-to-date: /home/temur/INS-GPS-ROS2/install/ht_nav_variables/lib/python3.8/site-packages/ht_nav_variables/msg/_ht_nav_strap_car_out_s.c
[0.652s] -- Up-to-date: /home/temur/INS-GPS-ROS2/install/ht_nav_variables/lib/python3.8/site-packages/ht_nav_variables/msg/_ht_nav_euler.py
[0.652s] -- Up-to-date: /home/temur/INS-GPS-ROS2/install/ht_nav_variables/lib/python3.8/site-packages/ht_nav_variables/msg/_ht_nav_vehicle_debug.py
[0.652s] -- Up-to-date: /home/temur/INS-GPS-ROS2/install/ht_nav_variables/lib/python3.8/site-packages/ht_nav_variables/msg/_ht_nav_kalman_out_s.c
[0.652s] -- Up-to-date: /home/temur/INS-GPS-ROS2/install/ht_nav_variables/lib/python3.8/site-packages/ht_nav_variables/msg/_ht_nav_quaternion_s.c
[0.653s] -- Up-to-date: /home/temur/INS-GPS-ROS2/install/ht_nav_variables/lib/python3.8/site-packages/ht_nav_variables/msg/_ht_nav_strap_car_out.py
[0.653s] -- Up-to-date: /home/temur/INS-GPS-ROS2/install/ht_nav_variables/lib/python3.8/site-packages/ht_nav_variables/msg/_ht_nav_vehicle_debug_s.c
[0.653s] -- Up-to-date: /home/temur/INS-GPS-ROS2/install/ht_nav_variables/lib/python3.8/site-packages/ht_nav_variables/msg/_ht_nav_vector3_s.c
[0.653s] -- Up-to-date: /home/temur/INS-GPS-ROS2/install/ht_nav_variables/lib/python3.8/site-packages/ht_nav_variables/msg/_ht_nav_strap_out.py
[0.653s] -- Up-to-date: /home/temur/INS-GPS-ROS2/install/ht_nav_variables/lib/python3.8/site-packages/ht_nav_variables/msg/_ht_nav_error_vector.py
[0.653s] -- Up-to-date: /home/temur/INS-GPS-ROS2/install/ht_nav_variables/lib/python3.8/site-packages/ht_nav_variables/msg/_ht_nav_gps_data_s.c
[0.653s] -- Up-to-date: /home/temur/INS-GPS-ROS2/install/ht_nav_variables/lib/python3.8/site-packages/ht_nav_variables/msg/_ht_nav_joint_state.py
[0.654s] -- Up-to-date: /home/temur/INS-GPS-ROS2/install/ht_nav_variables/lib/python3.8/site-packages/ht_nav_variables/msg/_ht_nav_error_vector_s.c
[0.654s] -- Up-to-date: /home/temur/INS-GPS-ROS2/install/ht_nav_variables/lib/python3.8/site-packages/ht_nav_variables/msg/_ht_nav_euler_s.c
[0.654s] -- Up-to-date: /home/temur/INS-GPS-ROS2/install/ht_nav_variables/lib/python3.8/site-packages/ht_nav_variables/msg/_ht_nav_quaternion.py
[0.654s] -- Up-to-date: /home/temur/INS-GPS-ROS2/install/ht_nav_variables/lib/python3.8/site-packages/ht_nav_variables/msg/_ht_nav_tire_out_s.c
[0.654s] -- Up-to-date: /home/temur/INS-GPS-ROS2/install/ht_nav_variables/lib/python3.8/site-packages/ht_nav_variables/msg/_ht_nav_deneme_s.c
[0.655s] -- Up-to-date: /home/temur/INS-GPS-ROS2/install/ht_nav_variables/lib/python3.8/site-packages/ht_nav_variables/msg/_ht_nav_point_s.c
[0.655s] -- Up-to-date: /home/temur/INS-GPS-ROS2/install/ht_nav_variables/lib/python3.8/site-packages/ht_nav_variables/msg/__init__.py
[0.655s] -- Up-to-date: /home/temur/INS-GPS-ROS2/install/ht_nav_variables/lib/python3.8/site-packages/ht_nav_variables/ht_nav_variables_s__rosidl_typesupport_fastrtps_c.cpython-38-x86_64-linux-gnu.so
[0.655s] -- Up-to-date: /home/temur/INS-GPS-ROS2/install/ht_nav_variables/lib/python3.8/site-packages/ht_nav_variables/ht_nav_variables_s__rosidl_typesupport_introspection_c.cpython-38-x86_64-linux-gnu.so
[0.656s] -- Up-to-date: /home/temur/INS-GPS-ROS2/install/ht_nav_variables/lib/python3.8/site-packages/ht_nav_variables/ht_nav_variables_s__rosidl_typesupport_c.cpython-38-x86_64-linux-gnu.so
[0.657s] -- Up-to-date: /home/temur/INS-GPS-ROS2/install/ht_nav_variables/lib/libht_nav_variables__python.so
[0.657s] -- Up-to-date: /home/temur/INS-GPS-ROS2/install/ht_nav_variables/share/ht_nav_variables/msg/HtNavErrorVector.idl
[0.658s] -- Up-to-date: /home/temur/INS-GPS-ROS2/install/ht_nav_variables/share/ht_nav_variables/msg/HtNavEuler.idl
[0.658s] -- Up-to-date: /home/temur/INS-GPS-ROS2/install/ht_nav_variables/share/ht_nav_variables/msg/HtNavGpsData.idl
[0.658s] -- Up-to-date: /home/temur/INS-GPS-ROS2/install/ht_nav_variables/share/ht_nav_variables/msg/HtNavImuData.idl
[0.659s] -- Up-to-date: /home/temur/INS-GPS-ROS2/install/ht_nav_variables/share/ht_nav_variables/msg/HtNavKalmanOut.idl
[0.659s] -- Up-to-date: /home/temur/INS-GPS-ROS2/install/ht_nav_variables/share/ht_nav_variables/msg/HtNavStrapOut.idl
[0.659s] -- Up-to-date: /home/temur/INS-GPS-ROS2/install/ht_nav_variables/share/ht_nav_variables/msg/HtNavStrapCarOut.idl
[0.660s] -- Up-to-date: /home/temur/INS-GPS-ROS2/install/ht_nav_variables/share/ht_nav_variables/msg/HtNavPoint.idl
[0.660s] -- Up-to-date: /home/temur/INS-GPS-ROS2/install/ht_nav_variables/share/ht_nav_variables/msg/HtNavVector3.idl
[0.660s] -- Up-to-date: /home/temur/INS-GPS-ROS2/install/ht_nav_variables/share/ht_nav_variables/msg/HtNavQuaternion.idl
[0.660s] -- Up-to-date: /home/temur/INS-GPS-ROS2/install/ht_nav_variables/share/ht_nav_variables/msg/HtNavDeneme.idl
[0.660s] -- Up-to-date: /home/temur/INS-GPS-ROS2/install/ht_nav_variables/share/ht_nav_variables/msg/HtNavWheelVector.idl
[0.660s] -- Up-to-date: /home/temur/INS-GPS-ROS2/install/ht_nav_variables/share/ht_nav_variables/msg/HtNavJointState.idl
[0.660s] -- Up-to-date: /home/temur/INS-GPS-ROS2/install/ht_nav_variables/share/ht_nav_variables/msg/HtNavTireOut.idl
[0.660s] -- Up-to-date: /home/temur/INS-GPS-ROS2/install/ht_nav_variables/share/ht_nav_variables/msg/HtNavVehicleDebug.idl
[0.661s] -- Up-to-date: /home/temur/INS-GPS-ROS2/install/ht_nav_variables/share/ht_nav_variables/msg/HtNavErrorVector.msg
[0.661s] -- Up-to-date: /home/temur/INS-GPS-ROS2/install/ht_nav_variables/share/ht_nav_variables/msg/HtNavEuler.msg
[0.661s] -- Up-to-date: /home/temur/INS-GPS-ROS2/install/ht_nav_variables/share/ht_nav_variables/msg/HtNavGpsData.msg
[0.661s] -- Up-to-date: /home/temur/INS-GPS-ROS2/install/ht_nav_variables/share/ht_nav_variables/msg/HtNavImuData.msg
[0.661s] -- Up-to-date: /home/temur/INS-GPS-ROS2/install/ht_nav_variables/share/ht_nav_variables/msg/HtNavKalmanOut.msg
[0.661s] -- Up-to-date: /home/temur/INS-GPS-ROS2/install/ht_nav_variables/share/ht_nav_variables/msg/HtNavStrapOut.msg
[0.661s] -- Up-to-date: /home/temur/INS-GPS-ROS2/install/ht_nav_variables/share/ht_nav_variables/msg/HtNavStrapCarOut.msg
[0.661s] -- Up-to-date: /home/temur/INS-GPS-ROS2/install/ht_nav_variables/share/ht_nav_variables/msg/HtNavPoint.msg
[0.661s] -- Up-to-date: /home/temur/INS-GPS-ROS2/install/ht_nav_variables/share/ht_nav_variables/msg/HtNavVector3.msg
[0.661s] -- Up-to-date: /home/temur/INS-GPS-ROS2/install/ht_nav_variables/share/ht_nav_variables/msg/HtNavQuaternion.msg
[0.661s] -- Up-to-date: /home/temur/INS-GPS-ROS2/install/ht_nav_variables/share/ht_nav_variables/msg/HtNavDeneme.msg
[0.661s] -- Up-to-date: /home/temur/INS-GPS-ROS2/install/ht_nav_variables/share/ht_nav_variables/msg/HtNavWheelVector.msg
[0.661s] -- Up-to-date: /home/temur/INS-GPS-ROS2/install/ht_nav_variables/share/ht_nav_variables/msg/HtNavJointState.msg
[0.661s] -- Up-to-date: /home/temur/INS-GPS-ROS2/install/ht_nav_variables/share/ht_nav_variables/msg/HtNavTireOut.msg
[0.661s] -- Up-to-date: /home/temur/INS-GPS-ROS2/install/ht_nav_variables/share/ht_nav_variables/msg/HtNavVehicleDebug.msg
[0.662s] -- Up-to-date: /home/temur/INS-GPS-ROS2/install/ht_nav_variables/share/ament_index/resource_index/package_run_dependencies/ht_nav_variables
[0.662s] -- Up-to-date: /home/temur/INS-GPS-ROS2/install/ht_nav_variables/share/ament_index/resource_index/parent_prefix_path/ht_nav_variables
[0.662s] -- Up-to-date: /home/temur/INS-GPS-ROS2/install/ht_nav_variables/share/ht_nav_variables/environment/ament_prefix_path.sh
[0.662s] -- Up-to-date: /home/temur/INS-GPS-ROS2/install/ht_nav_variables/share/ht_nav_variables/environment/ament_prefix_path.dsv
[0.662s] -- Up-to-date: /home/temur/INS-GPS-ROS2/install/ht_nav_variables/share/ht_nav_variables/environment/path.sh
[0.662s] -- Up-to-date: /home/temur/INS-GPS-ROS2/install/ht_nav_variables/share/ht_nav_variables/environment/path.dsv
[0.662s] -- Up-to-date: /home/temur/INS-GPS-ROS2/install/ht_nav_variables/share/ht_nav_variables/local_setup.bash
[0.662s] -- Up-to-date: /home/temur/INS-GPS-ROS2/install/ht_nav_variables/share/ht_nav_variables/local_setup.sh
[0.662s] -- Up-to-date: /home/temur/INS-GPS-ROS2/install/ht_nav_variables/share/ht_nav_variables/local_setup.zsh
[0.662s] -- Up-to-date: /home/temur/INS-GPS-ROS2/install/ht_nav_variables/share/ht_nav_variables/local_setup.dsv
[0.662s] -- Installing: /home/temur/INS-GPS-ROS2/install/ht_nav_variables/share/ht_nav_variables/package.dsv
[0.662s] -- Up-to-date: /home/temur/INS-GPS-ROS2/install/ht_nav_variables/share/ament_index/resource_index/packages/ht_nav_variables
[0.662s] -- Up-to-date: /home/temur/INS-GPS-ROS2/install/ht_nav_variables/share/ht_nav_variables/cmake/ht_nav_variables__rosidl_generator_cExport.cmake
[0.663s] -- Up-to-date: /home/temur/INS-GPS-ROS2/install/ht_nav_variables/share/ht_nav_variables/cmake/ht_nav_variables__rosidl_generator_cExport-noconfig.cmake
[0.663s] -- Up-to-date: /home/temur/INS-GPS-ROS2/install/ht_nav_variables/share/ht_nav_variables/cmake/ht_nav_variables__rosidl_typesupport_introspection_cExport.cmake
[0.663s] -- Up-to-date: /home/temur/INS-GPS-ROS2/install/ht_nav_variables/share/ht_nav_variables/cmake/ht_nav_variables__rosidl_typesupport_introspection_cExport-noconfig.cmake
[0.663s] -- Up-to-date: /home/temur/INS-GPS-ROS2/install/ht_nav_variables/share/ht_nav_variables/cmake/ht_nav_variables__rosidl_typesupport_cExport.cmake
[0.663s] -- Up-to-date: /home/temur/INS-GPS-ROS2/install/ht_nav_variables/share/ht_nav_variables/cmake/ht_nav_variables__rosidl_typesupport_cExport-noconfig.cmake
[0.663s] -- Up-to-date: /home/temur/INS-GPS-ROS2/install/ht_nav_variables/share/ht_nav_variables/cmake/ht_nav_variables__rosidl_generator_cppExport.cmake
[0.663s] -- Up-to-date: /home/temur/INS-GPS-ROS2/install/ht_nav_variables/share/ht_nav_variables/cmake/ht_nav_variables__rosidl_typesupport_introspection_cppExport.cmake
[0.663s] -- Up-to-date: /home/temur/INS-GPS-ROS2/install/ht_nav_variables/share/ht_nav_variables/cmake/ht_nav_variables__rosidl_typesupport_introspection_cppExport-noconfig.cmake
[0.663s] -- Up-to-date: /home/temur/INS-GPS-ROS2/install/ht_nav_variables/share/ht_nav_variables/cmake/ht_nav_variables__rosidl_typesupport_cppExport.cmake
[0.663s] -- Up-to-date: /home/temur/INS-GPS-ROS2/install/ht_nav_variables/share/ht_nav_variables/cmake/ht_nav_variables__rosidl_typesupport_cppExport-noconfig.cmake
[0.663s] -- Up-to-date: /home/temur/INS-GPS-ROS2/install/ht_nav_variables/share/ht_nav_variables/cmake/rosidl_cmake-extras.cmake
[0.663s] -- Up-to-date: /home/temur/INS-GPS-ROS2/install/ht_nav_variables/share/ht_nav_variables/cmake/ament_cmake_export_dependencies-extras.cmake
[0.663s] -- Up-to-date: /home/temur/INS-GPS-ROS2/install/ht_nav_variables/share/ht_nav_variables/cmake/ament_cmake_export_libraries-extras.cmake
[0.663s] -- Up-to-date: /home/temur/INS-GPS-ROS2/install/ht_nav_variables/share/ht_nav_variables/cmake/ament_cmake_export_targets-extras.cmake
[0.663s] -- Up-to-date: /home/temur/INS-GPS-ROS2/install/ht_nav_variables/share/ht_nav_variables/cmake/ament_cmake_export_include_directories-extras.cmake
[0.664s] -- Up-to-date: /home/temur/INS-GPS-ROS2/install/ht_nav_variables/share/ht_nav_variables/cmake/rosidl_cmake_export_typesupport_libraries-extras.cmake
[0.664s] -- Up-to-date: /home/temur/INS-GPS-ROS2/install/ht_nav_variables/share/ht_nav_variables/cmake/rosidl_cmake_export_typesupport_targets-extras.cmake
[0.664s] -- Up-to-date: /home/temur/INS-GPS-ROS2/install/ht_nav_variables/share/ht_nav_variables/cmake/ht_nav_variablesConfig.cmake
[0.664s] -- Up-to-date: /home/temur/INS-GPS-ROS2/install/ht_nav_variables/share/ht_nav_variables/cmake/ht_nav_variablesConfig-version.cmake
[0.664s] -- Up-to-date: /home/temur/INS-GPS-ROS2/install/ht_nav_variables/share/ht_nav_variables/package.xml
[0.666s] Invoked command in '/home/temur/INS-GPS-ROS2/build/ht_nav_variables' returned '0': CMAKE_PREFIX_PATH=${CMAKE_PREFIX_PATH}:/home/temur/INS-GPS-ROS2/install/ht_strap_package:/opt/ros/foxy /usr/bin/cmake --install /home/temur/INS-GPS-ROS2/build/ht_nav_variables
