[0.259s] Invoking command in '/home/temur/INS-GPS-ROS2/src/ht_strap_package': CMAKE_PREFIX_PATH=/home/temur/INS-GPS-ROS2/install/ht_nav_variables:/home/temur/ws/install/dolly_ignition:/home/temur/ws/install/vision_opencv:/home/temur/ws/install/image_common:/home/temur/ws/install/dolly:/home/temur/ws/install/dolly_gazebo:/home/temur/ws/install/gazebo_ros_pkgs:/home/temur/ws/install/gazebo_plugins:/home/temur/ws/install/image_transport:/home/temur/ws/install/image_geometry:/home/temur/ws/install/gazebo_ros:/home/temur/ws/install/gazebo_msgs:/home/temur/ws/install/gazebo_dev:/home/temur/ws/install/dolly_follow:/home/temur/ws/install/cv_bridge:/home/temur/ws/install/camera_info_manager:/home/temur/ws/install/camera_calibration_parsers PYTHONPATH=/home/temur/INS-GPS-ROS2/install/ht_strap_package/lib/python3.8/site-packages:/home/temur/INS-GPS-ROS2/install/ht_nav_variables/lib/python3.8/site-packages:/home/temur/INS-GPS-ROS2/install/ht_strap_package/lib/python3.8/site-packages:/home/temur/ws/build/opencv_tests:/home/temur/ws/install/opencv_tests/lib/python3.8/site-packages:/home/temur/ws/install/image_geometry/lib/python3.8/site-packages:/home/temur/ws/install/gazebo_ros/lib/python3.8/site-packages:/home/temur/ws/install/gazebo_msgs/lib/python3.8/site-packages:/home/temur/ws/install/cv_bridge/lib/python3.8/site-packages:/opt/ros/foxy/lib/python3.8/site-packages /usr/bin/python3 setup.py egg_info --egg-base ../../build/ht_strap_package build --build-base /home/temur/INS-GPS-ROS2/build/ht_strap_package/build install --prefix /home/temur/INS-GPS-ROS2/install/ht_strap_package --record /home/temur/INS-GPS-ROS2/build/ht_strap_package/install.log --single-version-externally-managed
[0.457s] running egg_info
[0.457s] writing ../../build/ht_strap_package/ht_strap_package.egg-info/PKG-INFO
[0.458s] writing dependency_links to ../../build/ht_strap_package/ht_strap_package.egg-info/dependency_links.txt
[0.459s] writing entry points to ../../build/ht_strap_package/ht_strap_package.egg-info/entry_points.txt
[0.459s] writing requirements to ../../build/ht_strap_package/ht_strap_package.egg-info/requires.txt
[0.460s] writing top-level names to ../../build/ht_strap_package/ht_strap_package.egg-info/top_level.txt
[0.494s] reading manifest file '../../build/ht_strap_package/ht_strap_package.egg-info/SOURCES.txt'
[0.495s] writing manifest file '../../build/ht_strap_package/ht_strap_package.egg-info/SOURCES.txt'
[0.495s] running build
[0.496s] running build_py
[0.496s] running install
[0.497s] running install_lib
[0.499s] running install_data
[0.499s] running install_egg_info
[0.501s] removing '/home/temur/INS-GPS-ROS2/install/ht_strap_package/lib/python3.8/site-packages/ht_strap_package-0.0.0-py3.8.egg-info' (and everything under it)
[0.501s] Copying ../../build/ht_strap_package/ht_strap_package.egg-info to /home/temur/INS-GPS-ROS2/install/ht_strap_package/lib/python3.8/site-packages/ht_strap_package-0.0.0-py3.8.egg-info
[0.501s] running install_scripts
[0.517s] Installing gps_data_converter_node script to /home/temur/INS-GPS-ROS2/install/ht_strap_package/lib/ht_strap_package
[0.518s] Installing gps_data_publisher_node script to /home/temur/INS-GPS-ROS2/install/ht_strap_package/lib/ht_strap_package
[0.518s] Installing ideal_gps_data_converter_node script to /home/temur/INS-GPS-ROS2/install/ht_strap_package/lib/ht_strap_package
[0.519s] Installing imu_data_converter_node script to /home/temur/INS-GPS-ROS2/install/ht_strap_package/lib/ht_strap_package
[0.519s] Installing imu_data_publisher_node script to /home/temur/INS-GPS-ROS2/install/ht_strap_package/lib/ht_strap_package
[0.519s] Installing ins_gps_node script to /home/temur/INS-GPS-ROS2/install/ht_strap_package/lib/ht_strap_package
[0.520s] Installing listener script to /home/temur/INS-GPS-ROS2/install/ht_strap_package/lib/ht_strap_package
[0.520s] Installing my_teleop script to /home/temur/INS-GPS-ROS2/install/ht_strap_package/lib/ht_strap_package
[0.520s] Installing pseudo_controller script to /home/temur/INS-GPS-ROS2/install/ht_strap_package/lib/ht_strap_package
[0.520s] Installing strap_ins_gps_node script to /home/temur/INS-GPS-ROS2/install/ht_strap_package/lib/ht_strap_package
[0.520s] Installing strap_node script to /home/temur/INS-GPS-ROS2/install/ht_strap_package/lib/ht_strap_package
[0.520s] Installing strap_w_kalman_node script to /home/temur/INS-GPS-ROS2/install/ht_strap_package/lib/ht_strap_package
[0.521s] writing list of installed files to '/home/temur/INS-GPS-ROS2/build/ht_strap_package/install.log'
[0.547s] Invoked command in '/home/temur/INS-GPS-ROS2/src/ht_strap_package' returned '0': CMAKE_PREFIX_PATH=/home/temur/INS-GPS-ROS2/install/ht_nav_variables:/home/temur/ws/install/dolly_ignition:/home/temur/ws/install/vision_opencv:/home/temur/ws/install/image_common:/home/temur/ws/install/dolly:/home/temur/ws/install/dolly_gazebo:/home/temur/ws/install/gazebo_ros_pkgs:/home/temur/ws/install/gazebo_plugins:/home/temur/ws/install/image_transport:/home/temur/ws/install/image_geometry:/home/temur/ws/install/gazebo_ros:/home/temur/ws/install/gazebo_msgs:/home/temur/ws/install/gazebo_dev:/home/temur/ws/install/dolly_follow:/home/temur/ws/install/cv_bridge:/home/temur/ws/install/camera_info_manager:/home/temur/ws/install/camera_calibration_parsers PYTHONPATH=/home/temur/INS-GPS-ROS2/install/ht_strap_package/lib/python3.8/site-packages:/home/temur/INS-GPS-ROS2/install/ht_nav_variables/lib/python3.8/site-packages:/home/temur/INS-GPS-ROS2/install/ht_strap_package/lib/python3.8/site-packages:/home/temur/ws/build/opencv_tests:/home/temur/ws/install/opencv_tests/lib/python3.8/site-packages:/home/temur/ws/install/image_geometry/lib/python3.8/site-packages:/home/temur/ws/install/gazebo_ros/lib/python3.8/site-packages:/home/temur/ws/install/gazebo_msgs/lib/python3.8/site-packages:/home/temur/ws/install/cv_bridge/lib/python3.8/site-packages:/opt/ros/foxy/lib/python3.8/site-packages /usr/bin/python3 setup.py egg_info --egg-base ../../build/ht_strap_package build --build-base /home/temur/INS-GPS-ROS2/build/ht_strap_package/build install --prefix /home/temur/INS-GPS-ROS2/install/ht_strap_package --record /home/temur/INS-GPS-ROS2/build/ht_strap_package/install.log --single-version-externally-managed
