[0.028s] Invoking command in '/home/temur/INS-GPS-ROS2/build/ht_nav_variables': CMAKE_PREFIX_PATH=${CMAKE_PREFIX_PATH}:/home/temur/INS-GPS-ROS2/install/ht_strap_package:/opt/ros/foxy /usr/bin/cmake --build /home/temur/INS-GPS-ROS2/build/ht_nav_variables -- -j12 -l12
[0.137s] [  0%] Built target ht_nav_variables__cpp
[0.142s] [ 12%] Built target ht_nav_variables__rosidl_generator_c
[0.181s] [ 24%] Built target ht_nav_variables__rosidl_typesupport_cpp
[0.183s] [ 48%] Built target ht_nav_variables__rosidl_typesupport_introspection_cpp
[0.184s] [ 48%] Built target ht_nav_variables__rosidl_typesupport_introspection_c
[0.187s] [ 59%] Built target ht_nav_variables__rosidl_typesupport_c
[0.192s] [ 70%] Built target ht_nav_variables__rosidl_typesupport_fastrtps_cpp
[0.249s] [ 82%] Built target ht_nav_variables__rosidl_typesupport_fastrtps_c
[0.287s] [ 82%] Built target ht_nav_variables
[0.329s] [ 83%] Built target ht_nav_variables__py
[0.385s] [ 94%] Built target ht_nav_variables__python
[0.433s] [ 96%] Built target ht_nav_variables__rosidl_typesupport_c__pyext
[0.437s] [ 98%] Built target ht_nav_variables__rosidl_typesupport_fastrtps_c__pyext
[0.441s] [100%] Built target ht_nav_variables__rosidl_typesupport_introspection_c__pyext
[0.466s] Invoked command in '/home/temur/INS-GPS-ROS2/build/ht_nav_variables' returned '0': CMAKE_PREFIX_PATH=${CMAKE_PREFIX_PATH}:/home/temur/INS-GPS-ROS2/install/ht_strap_package:/opt/ros/foxy /usr/bin/cmake --build /home/temur/INS-GPS-ROS2/build/ht_nav_variables -- -j12 -l12
[0.835s] Invoking command in '/home/temur/INS-GPS-ROS2/build/ht_nav_variables': CMAKE_PREFIX_PATH=${CMAKE_PREFIX_PATH}:/home/temur/INS-GPS-ROS2/install/ht_strap_package:/opt/ros/foxy /usr/bin/cmake --install /home/temur/INS-GPS-ROS2/build/ht_nav_variables
[0.851s] -- Install configuration: ""
[0.851s] -- Up-to-date: /home/temur/INS-GPS-ROS2/install/ht_nav_variables/share/ament_index/resource_index/rosidl_interfaces/ht_nav_variables
[0.852s] -- Up-to-date: /home/temur/INS-GPS-ROS2/install/ht_nav_variables/include/ht_nav_variables
[0.852s] -- Up-to-date: /home/temur/INS-GPS-ROS2/install/ht_nav_variables/include/ht_nav_variables/msg
[0.853s] -- Up-to-date: /home/temur/INS-GPS-ROS2/install/ht_nav_variables/include/ht_nav_variables/msg/ht_nav_imu_data.h
[0.853s] -- Up-to-date: /home/temur/INS-GPS-ROS2/install/ht_nav_variables/include/ht_nav_variables/msg/ht_nav_vector3.h
[0.853s] -- Up-to-date: /home/temur/INS-GPS-ROS2/install/ht_nav_variables/include/ht_nav_variables/msg/detail
[0.853s] -- Up-to-date: /home/temur/INS-GPS-ROS2/install/ht_nav_variables/include/ht_nav_variables/msg/detail/ht_nav_strap_out__functions.h
[0.854s] -- Up-to-date: /home/temur/INS-GPS-ROS2/install/ht_nav_variables/include/ht_nav_variables/msg/detail/ht_nav_imu_data__struct.h
[0.854s] -- Up-to-date: /home/temur/INS-GPS-ROS2/install/ht_nav_variables/include/ht_nav_variables/msg/detail/ht_nav_error_vector__functions.h
[0.854s] -- Up-to-date: /home/temur/INS-GPS-ROS2/install/ht_nav_variables/include/ht_nav_variables/msg/detail/ht_nav_error_vector__type_support.h
[0.854s] -- Up-to-date: /home/temur/INS-GPS-ROS2/install/ht_nav_variables/include/ht_nav_variables/msg/detail/ht_nav_point__struct.h
[0.855s] -- Up-to-date: /home/temur/INS-GPS-ROS2/install/ht_nav_variables/include/ht_nav_variables/msg/detail/ht_nav_quaternion__functions.c
[0.855s] -- Up-to-date: /home/temur/INS-GPS-ROS2/install/ht_nav_variables/include/ht_nav_variables/msg/detail/ht_nav_deneme__type_support.h
[0.855s] -- Up-to-date: /home/temur/INS-GPS-ROS2/install/ht_nav_variables/include/ht_nav_variables/msg/detail/ht_nav_gps_data__functions.h
[0.856s] -- Up-to-date: /home/temur/INS-GPS-ROS2/install/ht_nav_variables/include/ht_nav_variables/msg/detail/ht_nav_gps_data__functions.c
[0.856s] -- Up-to-date: /home/temur/INS-GPS-ROS2/install/ht_nav_variables/include/ht_nav_variables/msg/detail/ht_nav_kalman_out__type_support.h
[0.856s] -- Up-to-date: /home/temur/INS-GPS-ROS2/install/ht_nav_variables/include/ht_nav_variables/msg/detail/ht_nav_kalman_out__functions.h
[0.857s] -- Up-to-date: /home/temur/INS-GPS-ROS2/install/ht_nav_variables/include/ht_nav_variables/msg/detail/ht_nav_strap_out__type_support.h
[0.857s] -- Up-to-date: /home/temur/INS-GPS-ROS2/install/ht_nav_variables/include/ht_nav_variables/msg/detail/ht_nav_deneme__functions.c
[0.857s] -- Up-to-date: /home/temur/INS-GPS-ROS2/install/ht_nav_variables/include/ht_nav_variables/msg/detail/ht_nav_euler__type_support.h
[0.857s] -- Up-to-date: /home/temur/INS-GPS-ROS2/install/ht_nav_variables/include/ht_nav_variables/msg/detail/ht_nav_error_vector__struct.h
[0.858s] -- Up-to-date: /home/temur/INS-GPS-ROS2/install/ht_nav_variables/include/ht_nav_variables/msg/detail/ht_nav_imu_data__functions.h
[0.858s] -- Up-to-date: /home/temur/INS-GPS-ROS2/install/ht_nav_variables/include/ht_nav_variables/msg/detail/ht_nav_deneme__functions.h
[0.858s] -- Up-to-date: /home/temur/INS-GPS-ROS2/install/ht_nav_variables/include/ht_nav_variables/msg/detail/ht_nav_vector3__type_support.h
[0.858s] -- Up-to-date: /home/temur/INS-GPS-ROS2/install/ht_nav_variables/include/ht_nav_variables/msg/detail/ht_nav_point__type_support.h
[0.858s] -- Up-to-date: /home/temur/INS-GPS-ROS2/install/ht_nav_variables/include/ht_nav_variables/msg/detail/ht_nav_euler__functions.c
[0.859s] -- Up-to-date: /home/temur/INS-GPS-ROS2/install/ht_nav_variables/include/ht_nav_variables/msg/detail/ht_nav_kalman_out__functions.c
[0.859s] -- Up-to-date: /home/temur/INS-GPS-ROS2/install/ht_nav_variables/include/ht_nav_variables/msg/detail/ht_nav_quaternion__struct.h
[0.859s] -- Up-to-date: /home/temur/INS-GPS-ROS2/install/ht_nav_variables/include/ht_nav_variables/msg/detail/ht_nav_point__functions.h
[0.859s] -- Up-to-date: /home/temur/INS-GPS-ROS2/install/ht_nav_variables/include/ht_nav_variables/msg/detail/ht_nav_vector3__functions.c
[0.859s] -- Up-to-date: /home/temur/INS-GPS-ROS2/install/ht_nav_variables/include/ht_nav_variables/msg/detail/ht_nav_strap_out__functions.c
[0.859s] -- Up-to-date: /home/temur/INS-GPS-ROS2/install/ht_nav_variables/include/ht_nav_variables/msg/detail/ht_nav_gps_data__struct.h
[0.860s] -- Up-to-date: /home/temur/INS-GPS-ROS2/install/ht_nav_variables/include/ht_nav_variables/msg/detail/ht_nav_vector3__struct.h
[0.860s] -- Up-to-date: /home/temur/INS-GPS-ROS2/install/ht_nav_variables/include/ht_nav_variables/msg/detail/ht_nav_euler__functions.h
[0.860s] -- Up-to-date: /home/temur/INS-GPS-ROS2/install/ht_nav_variables/include/ht_nav_variables/msg/detail/ht_nav_strap_out__struct.h
[0.860s] -- Up-to-date: /home/temur/INS-GPS-ROS2/install/ht_nav_variables/include/ht_nav_variables/msg/detail/ht_nav_point__functions.c
[0.860s] -- Up-to-date: /home/temur/INS-GPS-ROS2/install/ht_nav_variables/include/ht_nav_variables/msg/detail/ht_nav_vector3__functions.h
[0.860s] -- Up-to-date: /home/temur/INS-GPS-ROS2/install/ht_nav_variables/include/ht_nav_variables/msg/detail/ht_nav_quaternion__functions.h
[0.860s] -- Up-to-date: /home/temur/INS-GPS-ROS2/install/ht_nav_variables/include/ht_nav_variables/msg/detail/ht_nav_error_vector__functions.c
[0.860s] -- Up-to-date: /home/temur/INS-GPS-ROS2/install/ht_nav_variables/include/ht_nav_variables/msg/detail/ht_nav_deneme__struct.h
[0.861s] -- Up-to-date: /home/temur/INS-GPS-ROS2/install/ht_nav_variables/include/ht_nav_variables/msg/detail/ht_nav_euler__struct.h
[0.861s] -- Up-to-date: /home/temur/INS-GPS-ROS2/install/ht_nav_variables/include/ht_nav_variables/msg/detail/ht_nav_imu_data__functions.c
[0.861s] -- Up-to-date: /home/temur/INS-GPS-ROS2/install/ht_nav_variables/include/ht_nav_variables/msg/detail/ht_nav_imu_data__type_support.h
[0.861s] -- Up-to-date: /home/temur/INS-GPS-ROS2/install/ht_nav_variables/include/ht_nav_variables/msg/detail/ht_nav_kalman_out__struct.h
[0.861s] -- Up-to-date: /home/temur/INS-GPS-ROS2/install/ht_nav_variables/include/ht_nav_variables/msg/detail/ht_nav_gps_data__type_support.h
[0.861s] -- Up-to-date: /home/temur/INS-GPS-ROS2/install/ht_nav_variables/include/ht_nav_variables/msg/detail/ht_nav_quaternion__type_support.h
[0.861s] -- Up-to-date: /home/temur/INS-GPS-ROS2/install/ht_nav_variables/include/ht_nav_variables/msg/ht_nav_quaternion.h
[0.861s] -- Up-to-date: /home/temur/INS-GPS-ROS2/install/ht_nav_variables/include/ht_nav_variables/msg/ht_nav_strap_out.h
[0.862s] -- Up-to-date: /home/temur/INS-GPS-ROS2/install/ht_nav_variables/include/ht_nav_variables/msg/ht_nav_kalman_out.h
[0.862s] -- Up-to-date: /home/temur/INS-GPS-ROS2/install/ht_nav_variables/include/ht_nav_variables/msg/ht_nav_error_vector.h
[0.862s] -- Up-to-date: /home/temur/INS-GPS-ROS2/install/ht_nav_variables/include/ht_nav_variables/msg/ht_nav_deneme.h
[0.862s] -- Up-to-date: /home/temur/INS-GPS-ROS2/install/ht_nav_variables/include/ht_nav_variables/msg/ht_nav_gps_data.h
[0.862s] -- Up-to-date: /home/temur/INS-GPS-ROS2/install/ht_nav_variables/include/ht_nav_variables/msg/rosidl_generator_c__visibility_control.h
[0.862s] -- Up-to-date: /home/temur/INS-GPS-ROS2/install/ht_nav_variables/include/ht_nav_variables/msg/ht_nav_point.h
[0.862s] -- Up-to-date: /home/temur/INS-GPS-ROS2/install/ht_nav_variables/include/ht_nav_variables/msg/ht_nav_euler.h
[0.862s] -- Up-to-date: /home/temur/INS-GPS-ROS2/install/ht_nav_variables/share/ht_nav_variables/environment/library_path.sh
[0.863s] -- Up-to-date: /home/temur/INS-GPS-ROS2/install/ht_nav_variables/share/ht_nav_variables/environment/library_path.dsv
[0.863s] -- Up-to-date: /home/temur/INS-GPS-ROS2/install/ht_nav_variables/lib/libht_nav_variables__rosidl_generator_c.so
[0.863s] -- Up-to-date: /home/temur/INS-GPS-ROS2/install/ht_nav_variables/include/ht_nav_variables
[0.863s] -- Up-to-date: /home/temur/INS-GPS-ROS2/install/ht_nav_variables/include/ht_nav_variables/msg
[0.863s] -- Up-to-date: /home/temur/INS-GPS-ROS2/install/ht_nav_variables/include/ht_nav_variables/msg/detail
[0.863s] -- Up-to-date: /home/temur/INS-GPS-ROS2/install/ht_nav_variables/include/ht_nav_variables/msg/detail/ht_nav_point__rosidl_typesupport_fastrtps_c.h
[0.863s] -- Up-to-date: /home/temur/INS-GPS-ROS2/install/ht_nav_variables/include/ht_nav_variables/msg/detail/ht_nav_strap_out__rosidl_typesupport_fastrtps_c.h
[0.864s] -- Up-to-date: /home/temur/INS-GPS-ROS2/install/ht_nav_variables/include/ht_nav_variables/msg/detail/ht_nav_quaternion__rosidl_typesupport_fastrtps_c.h
[0.864s] -- Up-to-date: /home/temur/INS-GPS-ROS2/install/ht_nav_variables/include/ht_nav_variables/msg/detail/ht_nav_imu_data__rosidl_typesupport_fastrtps_c.h
[0.864s] -- Up-to-date: /home/temur/INS-GPS-ROS2/install/ht_nav_variables/include/ht_nav_variables/msg/detail/ht_nav_gps_data__rosidl_typesupport_fastrtps_c.h
[0.864s] -- Up-to-date: /home/temur/INS-GPS-ROS2/install/ht_nav_variables/include/ht_nav_variables/msg/detail/ht_nav_kalman_out__rosidl_typesupport_fastrtps_c.h
[0.864s] -- Up-to-date: /home/temur/INS-GPS-ROS2/install/ht_nav_variables/include/ht_nav_variables/msg/detail/ht_nav_euler__rosidl_typesupport_fastrtps_c.h
[0.864s] -- Up-to-date: /home/temur/INS-GPS-ROS2/install/ht_nav_variables/include/ht_nav_variables/msg/detail/ht_nav_error_vector__rosidl_typesupport_fastrtps_c.h
[0.864s] -- Up-to-date: /home/temur/INS-GPS-ROS2/install/ht_nav_variables/include/ht_nav_variables/msg/detail/ht_nav_deneme__rosidl_typesupport_fastrtps_c.h
[0.864s] -- Up-to-date: /home/temur/INS-GPS-ROS2/install/ht_nav_variables/include/ht_nav_variables/msg/detail/ht_nav_vector3__rosidl_typesupport_fastrtps_c.h
[0.865s] -- Up-to-date: /home/temur/INS-GPS-ROS2/install/ht_nav_variables/include/ht_nav_variables/msg/rosidl_typesupport_fastrtps_c__visibility_control.h
[0.865s] -- Up-to-date: /home/temur/INS-GPS-ROS2/install/ht_nav_variables/lib/libht_nav_variables__rosidl_typesupport_fastrtps_c.so
[0.865s] -- Up-to-date: /home/temur/INS-GPS-ROS2/install/ht_nav_variables/include/ht_nav_variables
[0.865s] -- Up-to-date: /home/temur/INS-GPS-ROS2/install/ht_nav_variables/include/ht_nav_variables/msg
[0.865s] -- Up-to-date: /home/temur/INS-GPS-ROS2/install/ht_nav_variables/include/ht_nav_variables/msg/detail
[0.865s] -- Up-to-date: /home/temur/INS-GPS-ROS2/install/ht_nav_variables/include/ht_nav_variables/msg/detail/ht_nav_error_vector__rosidl_typesupport_fastrtps_cpp.hpp
[0.865s] -- Up-to-date: /home/temur/INS-GPS-ROS2/install/ht_nav_variables/include/ht_nav_variables/msg/detail/ht_nav_kalman_out__rosidl_typesupport_fastrtps_cpp.hpp
[0.865s] -- Up-to-date: /home/temur/INS-GPS-ROS2/install/ht_nav_variables/include/ht_nav_variables/msg/detail/ht_nav_quaternion__rosidl_typesupport_fastrtps_cpp.hpp
[0.866s] -- Up-to-date: /home/temur/INS-GPS-ROS2/install/ht_nav_variables/include/ht_nav_variables/msg/detail/dds_fastrtps
[0.866s] -- Up-to-date: /home/temur/INS-GPS-ROS2/install/ht_nav_variables/include/ht_nav_variables/msg/detail/ht_nav_imu_data__rosidl_typesupport_fastrtps_cpp.hpp
[0.866s] -- Up-to-date: /home/temur/INS-GPS-ROS2/install/ht_nav_variables/include/ht_nav_variables/msg/detail/ht_nav_strap_out__rosidl_typesupport_fastrtps_cpp.hpp
[0.866s] -- Up-to-date: /home/temur/INS-GPS-ROS2/install/ht_nav_variables/include/ht_nav_variables/msg/detail/ht_nav_vector3__rosidl_typesupport_fastrtps_cpp.hpp
[0.866s] -- Up-to-date: /home/temur/INS-GPS-ROS2/install/ht_nav_variables/include/ht_nav_variables/msg/detail/ht_nav_euler__rosidl_typesupport_fastrtps_cpp.hpp
[0.866s] -- Up-to-date: /home/temur/INS-GPS-ROS2/install/ht_nav_variables/include/ht_nav_variables/msg/detail/ht_nav_gps_data__rosidl_typesupport_fastrtps_cpp.hpp
[0.866s] -- Up-to-date: /home/temur/INS-GPS-ROS2/install/ht_nav_variables/include/ht_nav_variables/msg/detail/ht_nav_point__rosidl_typesupport_fastrtps_cpp.hpp
[0.866s] -- Up-to-date: /home/temur/INS-GPS-ROS2/install/ht_nav_variables/include/ht_nav_variables/msg/detail/ht_nav_deneme__rosidl_typesupport_fastrtps_cpp.hpp
[0.867s] -- Up-to-date: /home/temur/INS-GPS-ROS2/install/ht_nav_variables/include/ht_nav_variables/msg/rosidl_typesupport_fastrtps_cpp__visibility_control.h
[0.867s] -- Up-to-date: /home/temur/INS-GPS-ROS2/install/ht_nav_variables/lib/libht_nav_variables__rosidl_typesupport_fastrtps_cpp.so
[0.867s] -- Up-to-date: /home/temur/INS-GPS-ROS2/install/ht_nav_variables/include/ht_nav_variables
[0.867s] -- Up-to-date: /home/temur/INS-GPS-ROS2/install/ht_nav_variables/include/ht_nav_variables/msg
[0.867s] -- Up-to-date: /home/temur/INS-GPS-ROS2/install/ht_nav_variables/include/ht_nav_variables/msg/detail
[0.867s] -- Up-to-date: /home/temur/INS-GPS-ROS2/install/ht_nav_variables/include/ht_nav_variables/msg/detail/ht_nav_gps_data__rosidl_typesupport_introspection_c.h
[0.868s] -- Up-to-date: /home/temur/INS-GPS-ROS2/install/ht_nav_variables/include/ht_nav_variables/msg/detail/ht_nav_gps_data__type_support.c
[0.868s] -- Up-to-date: /home/temur/INS-GPS-ROS2/install/ht_nav_variables/include/ht_nav_variables/msg/detail/ht_nav_vector3__rosidl_typesupport_introspection_c.h
[0.868s] -- Up-to-date: /home/temur/INS-GPS-ROS2/install/ht_nav_variables/include/ht_nav_variables/msg/detail/ht_nav_kalman_out__type_support.c
[0.868s] -- Up-to-date: /home/temur/INS-GPS-ROS2/install/ht_nav_variables/include/ht_nav_variables/msg/detail/ht_nav_imu_data__type_support.c
[0.868s] -- Up-to-date: /home/temur/INS-GPS-ROS2/install/ht_nav_variables/include/ht_nav_variables/msg/detail/ht_nav_kalman_out__rosidl_typesupport_introspection_c.h
[0.868s] -- Up-to-date: /home/temur/INS-GPS-ROS2/install/ht_nav_variables/include/ht_nav_variables/msg/detail/ht_nav_error_vector__type_support.c
[0.868s] -- Up-to-date: /home/temur/INS-GPS-ROS2/install/ht_nav_variables/include/ht_nav_variables/msg/detail/ht_nav_vector3__type_support.c
[0.868s] -- Up-to-date: /home/temur/INS-GPS-ROS2/install/ht_nav_variables/include/ht_nav_variables/msg/detail/ht_nav_strap_out__type_support.c
[0.868s] -- Up-to-date: /home/temur/INS-GPS-ROS2/install/ht_nav_variables/include/ht_nav_variables/msg/detail/ht_nav_strap_out__rosidl_typesupport_introspection_c.h
[0.868s] -- Up-to-date: /home/temur/INS-GPS-ROS2/install/ht_nav_variables/include/ht_nav_variables/msg/detail/ht_nav_euler__type_support.c
[0.868s] -- Up-to-date: /home/temur/INS-GPS-ROS2/install/ht_nav_variables/include/ht_nav_variables/msg/detail/ht_nav_deneme__rosidl_typesupport_introspection_c.h
[0.868s] -- Up-to-date: /home/temur/INS-GPS-ROS2/install/ht_nav_variables/include/ht_nav_variables/msg/detail/ht_nav_euler__rosidl_typesupport_introspection_c.h
[0.869s] -- Up-to-date: /home/temur/INS-GPS-ROS2/install/ht_nav_variables/include/ht_nav_variables/msg/detail/ht_nav_point__rosidl_typesupport_introspection_c.h
[0.869s] -- Up-to-date: /home/temur/INS-GPS-ROS2/install/ht_nav_variables/include/ht_nav_variables/msg/detail/ht_nav_quaternion__rosidl_typesupport_introspection_c.h
[0.869s] -- Up-to-date: /home/temur/INS-GPS-ROS2/install/ht_nav_variables/include/ht_nav_variables/msg/detail/ht_nav_error_vector__rosidl_typesupport_introspection_c.h
[0.869s] -- Up-to-date: /home/temur/INS-GPS-ROS2/install/ht_nav_variables/include/ht_nav_variables/msg/detail/ht_nav_point__type_support.c
[0.869s] -- Up-to-date: /home/temur/INS-GPS-ROS2/install/ht_nav_variables/include/ht_nav_variables/msg/detail/ht_nav_imu_data__rosidl_typesupport_introspection_c.h
[0.869s] -- Up-to-date: /home/temur/INS-GPS-ROS2/install/ht_nav_variables/include/ht_nav_variables/msg/detail/ht_nav_deneme__type_support.c
[0.869s] -- Up-to-date: /home/temur/INS-GPS-ROS2/install/ht_nav_variables/include/ht_nav_variables/msg/detail/ht_nav_quaternion__type_support.c
[0.869s] -- Up-to-date: /home/temur/INS-GPS-ROS2/install/ht_nav_variables/include/ht_nav_variables/msg/rosidl_typesupport_introspection_c__visibility_control.h
[0.869s] -- Up-to-date: /home/temur/INS-GPS-ROS2/install/ht_nav_variables/lib/libht_nav_variables__rosidl_typesupport_introspection_c.so
[0.869s] -- Up-to-date: /home/temur/INS-GPS-ROS2/install/ht_nav_variables/lib/libht_nav_variables__rosidl_typesupport_c.so
[0.869s] -- Up-to-date: /home/temur/INS-GPS-ROS2/install/ht_nav_variables/include/ht_nav_variables
[0.870s] -- Up-to-date: /home/temur/INS-GPS-ROS2/install/ht_nav_variables/include/ht_nav_variables/msg
[0.870s] -- Up-to-date: /home/temur/INS-GPS-ROS2/install/ht_nav_variables/include/ht_nav_variables/msg/detail
[0.870s] -- Up-to-date: /home/temur/INS-GPS-ROS2/install/ht_nav_variables/include/ht_nav_variables/msg/detail/ht_nav_point__builder.hpp
[0.870s] -- Up-to-date: /home/temur/INS-GPS-ROS2/install/ht_nav_variables/include/ht_nav_variables/msg/detail/ht_nav_kalman_out__traits.hpp
[0.870s] -- Up-to-date: /home/temur/INS-GPS-ROS2/install/ht_nav_variables/include/ht_nav_variables/msg/detail/ht_nav_gps_data__traits.hpp
[0.870s] -- Up-to-date: /home/temur/INS-GPS-ROS2/install/ht_nav_variables/include/ht_nav_variables/msg/detail/ht_nav_point__traits.hpp
[0.870s] -- Up-to-date: /home/temur/INS-GPS-ROS2/install/ht_nav_variables/include/ht_nav_variables/msg/detail/ht_nav_point__struct.hpp
[0.870s] -- Up-to-date: /home/temur/INS-GPS-ROS2/install/ht_nav_variables/include/ht_nav_variables/msg/detail/ht_nav_strap_out__builder.hpp
[0.870s] -- Up-to-date: /home/temur/INS-GPS-ROS2/install/ht_nav_variables/include/ht_nav_variables/msg/detail/ht_nav_imu_data__traits.hpp
[0.870s] -- Up-to-date: /home/temur/INS-GPS-ROS2/install/ht_nav_variables/include/ht_nav_variables/msg/detail/ht_nav_deneme__builder.hpp
[0.870s] -- Up-to-date: /home/temur/INS-GPS-ROS2/install/ht_nav_variables/include/ht_nav_variables/msg/detail/ht_nav_strap_out__traits.hpp
[0.871s] -- Up-to-date: /home/temur/INS-GPS-ROS2/install/ht_nav_variables/include/ht_nav_variables/msg/detail/ht_nav_euler__struct.hpp
[0.871s] -- Up-to-date: /home/temur/INS-GPS-ROS2/install/ht_nav_variables/include/ht_nav_variables/msg/detail/ht_nav_strap_out__struct.hpp
[0.871s] -- Up-to-date: /home/temur/INS-GPS-ROS2/install/ht_nav_variables/include/ht_nav_variables/msg/detail/ht_nav_gps_data__builder.hpp
[0.871s] -- Up-to-date: /home/temur/INS-GPS-ROS2/install/ht_nav_variables/include/ht_nav_variables/msg/detail/ht_nav_euler__builder.hpp
[0.871s] -- Up-to-date: /home/temur/INS-GPS-ROS2/install/ht_nav_variables/include/ht_nav_variables/msg/detail/ht_nav_gps_data__struct.hpp
[0.871s] -- Up-to-date: /home/temur/INS-GPS-ROS2/install/ht_nav_variables/include/ht_nav_variables/msg/detail/ht_nav_error_vector__struct.hpp
[0.871s] -- Up-to-date: /home/temur/INS-GPS-ROS2/install/ht_nav_variables/include/ht_nav_variables/msg/detail/ht_nav_deneme__struct.hpp
[0.871s] -- Up-to-date: /home/temur/INS-GPS-ROS2/install/ht_nav_variables/include/ht_nav_variables/msg/detail/ht_nav_imu_data__builder.hpp
[0.871s] -- Up-to-date: /home/temur/INS-GPS-ROS2/install/ht_nav_variables/include/ht_nav_variables/msg/detail/ht_nav_quaternion__builder.hpp
[0.872s] -- Up-to-date: /home/temur/INS-GPS-ROS2/install/ht_nav_variables/include/ht_nav_variables/msg/detail/ht_nav_vector3__traits.hpp
[0.872s] -- Up-to-date: /home/temur/INS-GPS-ROS2/install/ht_nav_variables/include/ht_nav_variables/msg/detail/ht_nav_kalman_out__struct.hpp
[0.872s] -- Up-to-date: /home/temur/INS-GPS-ROS2/install/ht_nav_variables/include/ht_nav_variables/msg/detail/ht_nav_vector3__struct.hpp
[0.872s] -- Up-to-date: /home/temur/INS-GPS-ROS2/install/ht_nav_variables/include/ht_nav_variables/msg/detail/ht_nav_imu_data__struct.hpp
[0.872s] -- Up-to-date: /home/temur/INS-GPS-ROS2/install/ht_nav_variables/include/ht_nav_variables/msg/detail/ht_nav_quaternion__struct.hpp
[0.872s] -- Up-to-date: /home/temur/INS-GPS-ROS2/install/ht_nav_variables/include/ht_nav_variables/msg/detail/ht_nav_deneme__traits.hpp
[0.872s] -- Up-to-date: /home/temur/INS-GPS-ROS2/install/ht_nav_variables/include/ht_nav_variables/msg/detail/ht_nav_kalman_out__builder.hpp
[0.872s] -- Up-to-date: /home/temur/INS-GPS-ROS2/install/ht_nav_variables/include/ht_nav_variables/msg/detail/ht_nav_vector3__builder.hpp
[0.872s] -- Up-to-date: /home/temur/INS-GPS-ROS2/install/ht_nav_variables/include/ht_nav_variables/msg/detail/ht_nav_euler__traits.hpp
[0.872s] -- Up-to-date: /home/temur/INS-GPS-ROS2/install/ht_nav_variables/include/ht_nav_variables/msg/detail/ht_nav_quaternion__traits.hpp
[0.872s] -- Up-to-date: /home/temur/INS-GPS-ROS2/install/ht_nav_variables/include/ht_nav_variables/msg/detail/ht_nav_error_vector__builder.hpp
[0.873s] -- Up-to-date: /home/temur/INS-GPS-ROS2/install/ht_nav_variables/include/ht_nav_variables/msg/detail/ht_nav_error_vector__traits.hpp
[0.873s] -- Up-to-date: /home/temur/INS-GPS-ROS2/install/ht_nav_variables/include/ht_nav_variables/msg/ht_nav_imu_data.hpp
[0.873s] -- Up-to-date: /home/temur/INS-GPS-ROS2/install/ht_nav_variables/include/ht_nav_variables/msg/ht_nav_deneme.hpp
[0.873s] -- Up-to-date: /home/temur/INS-GPS-ROS2/install/ht_nav_variables/include/ht_nav_variables/msg/ht_nav_gps_data.hpp
[0.873s] -- Up-to-date: /home/temur/INS-GPS-ROS2/install/ht_nav_variables/include/ht_nav_variables/msg/ht_nav_kalman_out.hpp
[0.873s] -- Up-to-date: /home/temur/INS-GPS-ROS2/install/ht_nav_variables/include/ht_nav_variables/msg/ht_nav_euler.hpp
[0.873s] -- Up-to-date: /home/temur/INS-GPS-ROS2/install/ht_nav_variables/include/ht_nav_variables/msg/ht_nav_strap_out.hpp
[0.873s] -- Up-to-date: /home/temur/INS-GPS-ROS2/install/ht_nav_variables/include/ht_nav_variables/msg/ht_nav_point.hpp
[0.873s] -- Up-to-date: /home/temur/INS-GPS-ROS2/install/ht_nav_variables/include/ht_nav_variables/msg/ht_nav_error_vector.hpp
[0.873s] -- Up-to-date: /home/temur/INS-GPS-ROS2/install/ht_nav_variables/include/ht_nav_variables/msg/ht_nav_quaternion.hpp
[0.873s] -- Up-to-date: /home/temur/INS-GPS-ROS2/install/ht_nav_variables/include/ht_nav_variables/msg/ht_nav_vector3.hpp
[0.873s] -- Up-to-date: /home/temur/INS-GPS-ROS2/install/ht_nav_variables/include/ht_nav_variables
[0.874s] -- Up-to-date: /home/temur/INS-GPS-ROS2/install/ht_nav_variables/include/ht_nav_variables/msg
[0.874s] -- Up-to-date: /home/temur/INS-GPS-ROS2/install/ht_nav_variables/include/ht_nav_variables/msg/detail
[0.874s] -- Up-to-date: /home/temur/INS-GPS-ROS2/install/ht_nav_variables/include/ht_nav_variables/msg/detail/ht_nav_quaternion__type_support.cpp
[0.874s] -- Up-to-date: /home/temur/INS-GPS-ROS2/install/ht_nav_variables/include/ht_nav_variables/msg/detail/ht_nav_euler__type_support.cpp
[0.874s] -- Up-to-date: /home/temur/INS-GPS-ROS2/install/ht_nav_variables/include/ht_nav_variables/msg/detail/ht_nav_deneme__rosidl_typesupport_introspection_cpp.hpp
[0.874s] -- Up-to-date: /home/temur/INS-GPS-ROS2/install/ht_nav_variables/include/ht_nav_variables/msg/detail/ht_nav_vector3__type_support.cpp
[0.874s] -- Up-to-date: /home/temur/INS-GPS-ROS2/install/ht_nav_variables/include/ht_nav_variables/msg/detail/ht_nav_quaternion__rosidl_typesupport_introspection_cpp.hpp
[0.874s] -- Up-to-date: /home/temur/INS-GPS-ROS2/install/ht_nav_variables/include/ht_nav_variables/msg/detail/ht_nav_gps_data__rosidl_typesupport_introspection_cpp.hpp
[0.874s] -- Up-to-date: /home/temur/INS-GPS-ROS2/install/ht_nav_variables/include/ht_nav_variables/msg/detail/ht_nav_point__rosidl_typesupport_introspection_cpp.hpp
[0.874s] -- Up-to-date: /home/temur/INS-GPS-ROS2/install/ht_nav_variables/include/ht_nav_variables/msg/detail/ht_nav_strap_out__rosidl_typesupport_introspection_cpp.hpp
[0.874s] -- Up-to-date: /home/temur/INS-GPS-ROS2/install/ht_nav_variables/include/ht_nav_variables/msg/detail/ht_nav_kalman_out__rosidl_typesupport_introspection_cpp.hpp
[0.875s] -- Up-to-date: /home/temur/INS-GPS-ROS2/install/ht_nav_variables/include/ht_nav_variables/msg/detail/ht_nav_gps_data__type_support.cpp
[0.875s] -- Up-to-date: /home/temur/INS-GPS-ROS2/install/ht_nav_variables/include/ht_nav_variables/msg/detail/ht_nav_error_vector__rosidl_typesupport_introspection_cpp.hpp
[0.875s] -- Up-to-date: /home/temur/INS-GPS-ROS2/install/ht_nav_variables/include/ht_nav_variables/msg/detail/ht_nav_point__type_support.cpp
[0.875s] -- Up-to-date: /home/temur/INS-GPS-ROS2/install/ht_nav_variables/include/ht_nav_variables/msg/detail/ht_nav_deneme__type_support.cpp
[0.875s] -- Up-to-date: /home/temur/INS-GPS-ROS2/install/ht_nav_variables/include/ht_nav_variables/msg/detail/ht_nav_imu_data__rosidl_typesupport_introspection_cpp.hpp
[0.875s] -- Up-to-date: /home/temur/INS-GPS-ROS2/install/ht_nav_variables/include/ht_nav_variables/msg/detail/ht_nav_kalman_out__type_support.cpp
[0.876s] -- Up-to-date: /home/temur/INS-GPS-ROS2/install/ht_nav_variables/include/ht_nav_variables/msg/detail/ht_nav_euler__rosidl_typesupport_introspection_cpp.hpp
[0.876s] -- Up-to-date: /home/temur/INS-GPS-ROS2/install/ht_nav_variables/include/ht_nav_variables/msg/detail/ht_nav_vector3__rosidl_typesupport_introspection_cpp.hpp
[0.876s] -- Up-to-date: /home/temur/INS-GPS-ROS2/install/ht_nav_variables/include/ht_nav_variables/msg/detail/ht_nav_strap_out__type_support.cpp
[0.876s] -- Up-to-date: /home/temur/INS-GPS-ROS2/install/ht_nav_variables/include/ht_nav_variables/msg/detail/ht_nav_imu_data__type_support.cpp
[0.876s] -- Up-to-date: /home/temur/INS-GPS-ROS2/install/ht_nav_variables/include/ht_nav_variables/msg/detail/ht_nav_error_vector__type_support.cpp
[0.876s] -- Up-to-date: /home/temur/INS-GPS-ROS2/install/ht_nav_variables/lib/libht_nav_variables__rosidl_typesupport_introspection_cpp.so
[0.876s] -- Up-to-date: /home/temur/INS-GPS-ROS2/install/ht_nav_variables/lib/libht_nav_variables__rosidl_typesupport_cpp.so
[0.876s] -- Up-to-date: /home/temur/INS-GPS-ROS2/install/ht_nav_variables/share/ht_nav_variables/environment/pythonpath.sh
[0.877s] -- Up-to-date: /home/temur/INS-GPS-ROS2/install/ht_nav_variables/share/ht_nav_variables/environment/pythonpath.dsv
[0.877s] -- Up-to-date: /home/temur/INS-GPS-ROS2/install/ht_nav_variables/lib/python3.8/site-packages/ht_nav_variables/__init__.py
[0.917s] -- Up-to-date: /home/temur/INS-GPS-ROS2/install/ht_nav_variables/lib/python3.8/site-packages/ht_nav_variables/msg
[0.918s] -- Up-to-date: /home/temur/INS-GPS-ROS2/install/ht_nav_variables/lib/python3.8/site-packages/ht_nav_variables/msg/_ht_nav_deneme.py
[0.918s] -- Up-to-date: /home/temur/INS-GPS-ROS2/install/ht_nav_variables/lib/python3.8/site-packages/ht_nav_variables/msg/_ht_nav_kalman_out.py
[0.918s] -- Up-to-date: /home/temur/INS-GPS-ROS2/install/ht_nav_variables/lib/python3.8/site-packages/ht_nav_variables/msg/_ht_nav_imu_data_s.c
[0.919s] -- Up-to-date: /home/temur/INS-GPS-ROS2/install/ht_nav_variables/lib/python3.8/site-packages/ht_nav_variables/msg/_ht_nav_imu_data.py
[0.919s] -- Up-to-date: /home/temur/INS-GPS-ROS2/install/ht_nav_variables/lib/python3.8/site-packages/ht_nav_variables/msg/_ht_nav_strap_out_s.c
[0.919s] -- Up-to-date: /home/temur/INS-GPS-ROS2/install/ht_nav_variables/lib/python3.8/site-packages/ht_nav_variables/msg/_ht_nav_point.py
[0.919s] -- Up-to-date: /home/temur/INS-GPS-ROS2/install/ht_nav_variables/lib/python3.8/site-packages/ht_nav_variables/msg/_ht_nav_vector3.py
[0.920s] -- Up-to-date: /home/temur/INS-GPS-ROS2/install/ht_nav_variables/lib/python3.8/site-packages/ht_nav_variables/msg/_ht_nav_gps_data.py
[0.920s] -- Up-to-date: /home/temur/INS-GPS-ROS2/install/ht_nav_variables/lib/python3.8/site-packages/ht_nav_variables/msg/_ht_nav_euler.py
[0.920s] -- Up-to-date: /home/temur/INS-GPS-ROS2/install/ht_nav_variables/lib/python3.8/site-packages/ht_nav_variables/msg/_ht_nav_kalman_out_s.c
[0.920s] -- Up-to-date: /home/temur/INS-GPS-ROS2/install/ht_nav_variables/lib/python3.8/site-packages/ht_nav_variables/msg/_ht_nav_quaternion_s.c
[0.920s] -- Up-to-date: /home/temur/INS-GPS-ROS2/install/ht_nav_variables/lib/python3.8/site-packages/ht_nav_variables/msg/_ht_nav_vector3_s.c
[0.920s] -- Up-to-date: /home/temur/INS-GPS-ROS2/install/ht_nav_variables/lib/python3.8/site-packages/ht_nav_variables/msg/_ht_nav_strap_out.py
[0.921s] -- Up-to-date: /home/temur/INS-GPS-ROS2/install/ht_nav_variables/lib/python3.8/site-packages/ht_nav_variables/msg/_ht_nav_error_vector.py
[0.921s] -- Up-to-date: /home/temur/INS-GPS-ROS2/install/ht_nav_variables/lib/python3.8/site-packages/ht_nav_variables/msg/_ht_nav_gps_data_s.c
[0.921s] -- Up-to-date: /home/temur/INS-GPS-ROS2/install/ht_nav_variables/lib/python3.8/site-packages/ht_nav_variables/msg/_ht_nav_error_vector_s.c
[0.921s] -- Up-to-date: /home/temur/INS-GPS-ROS2/install/ht_nav_variables/lib/python3.8/site-packages/ht_nav_variables/msg/_ht_nav_euler_s.c
[0.921s] -- Up-to-date: /home/temur/INS-GPS-ROS2/install/ht_nav_variables/lib/python3.8/site-packages/ht_nav_variables/msg/_ht_nav_quaternion.py
[0.922s] -- Up-to-date: /home/temur/INS-GPS-ROS2/install/ht_nav_variables/lib/python3.8/site-packages/ht_nav_variables/msg/_ht_nav_deneme_s.c
[0.922s] -- Up-to-date: /home/temur/INS-GPS-ROS2/install/ht_nav_variables/lib/python3.8/site-packages/ht_nav_variables/msg/_ht_nav_point_s.c
[0.922s] -- Up-to-date: /home/temur/INS-GPS-ROS2/install/ht_nav_variables/lib/python3.8/site-packages/ht_nav_variables/msg/__init__.py
[0.922s] -- Up-to-date: /home/temur/INS-GPS-ROS2/install/ht_nav_variables/lib/python3.8/site-packages/ht_nav_variables/ht_nav_variables_s__rosidl_typesupport_fastrtps_c.cpython-38-x86_64-linux-gnu.so
[0.922s] -- Up-to-date: /home/temur/INS-GPS-ROS2/install/ht_nav_variables/lib/python3.8/site-packages/ht_nav_variables/ht_nav_variables_s__rosidl_typesupport_introspection_c.cpython-38-x86_64-linux-gnu.so
[0.924s] -- Up-to-date: /home/temur/INS-GPS-ROS2/install/ht_nav_variables/lib/python3.8/site-packages/ht_nav_variables/ht_nav_variables_s__rosidl_typesupport_c.cpython-38-x86_64-linux-gnu.so
[0.925s] -- Up-to-date: /home/temur/INS-GPS-ROS2/install/ht_nav_variables/lib/libht_nav_variables__python.so
[0.926s] -- Up-to-date: /home/temur/INS-GPS-ROS2/install/ht_nav_variables/share/ht_nav_variables/msg/HtNavErrorVector.idl
[0.926s] -- Up-to-date: /home/temur/INS-GPS-ROS2/install/ht_nav_variables/share/ht_nav_variables/msg/HtNavEuler.idl
[0.927s] -- Up-to-date: /home/temur/INS-GPS-ROS2/install/ht_nav_variables/share/ht_nav_variables/msg/HtNavGpsData.idl
[0.927s] -- Up-to-date: /home/temur/INS-GPS-ROS2/install/ht_nav_variables/share/ht_nav_variables/msg/HtNavImuData.idl
[0.927s] -- Up-to-date: /home/temur/INS-GPS-ROS2/install/ht_nav_variables/share/ht_nav_variables/msg/HtNavKalmanOut.idl
[0.927s] -- Up-to-date: /home/temur/INS-GPS-ROS2/install/ht_nav_variables/share/ht_nav_variables/msg/HtNavStrapOut.idl
[0.927s] -- Up-to-date: /home/temur/INS-GPS-ROS2/install/ht_nav_variables/share/ht_nav_variables/msg/HtNavPoint.idl
[0.927s] -- Up-to-date: /home/temur/INS-GPS-ROS2/install/ht_nav_variables/share/ht_nav_variables/msg/HtNavVector3.idl
[0.928s] -- Up-to-date: /home/temur/INS-GPS-ROS2/install/ht_nav_variables/share/ht_nav_variables/msg/HtNavQuaternion.idl
[0.929s] -- Up-to-date: /home/temur/INS-GPS-ROS2/install/ht_nav_variables/share/ht_nav_variables/msg/HtNavDeneme.idl
[0.929s] -- Up-to-date: /home/temur/INS-GPS-ROS2/install/ht_nav_variables/share/ht_nav_variables/msg/HtNavErrorVector.msg
[0.929s] -- Up-to-date: /home/temur/INS-GPS-ROS2/install/ht_nav_variables/share/ht_nav_variables/msg/HtNavEuler.msg
[0.930s] -- Up-to-date: /home/temur/INS-GPS-ROS2/install/ht_nav_variables/share/ht_nav_variables/msg/HtNavGpsData.msg
[0.930s] -- Up-to-date: /home/temur/INS-GPS-ROS2/install/ht_nav_variables/share/ht_nav_variables/msg/HtNavImuData.msg
[0.930s] -- Up-to-date: /home/temur/INS-GPS-ROS2/install/ht_nav_variables/share/ht_nav_variables/msg/HtNavKalmanOut.msg
[0.930s] -- Up-to-date: /home/temur/INS-GPS-ROS2/install/ht_nav_variables/share/ht_nav_variables/msg/HtNavStrapOut.msg
[0.930s] -- Up-to-date: /home/temur/INS-GPS-ROS2/install/ht_nav_variables/share/ht_nav_variables/msg/HtNavPoint.msg
[0.930s] -- Up-to-date: /home/temur/INS-GPS-ROS2/install/ht_nav_variables/share/ht_nav_variables/msg/HtNavVector3.msg
[0.931s] -- Up-to-date: /home/temur/INS-GPS-ROS2/install/ht_nav_variables/share/ht_nav_variables/msg/HtNavQuaternion.msg
[0.931s] -- Up-to-date: /home/temur/INS-GPS-ROS2/install/ht_nav_variables/share/ht_nav_variables/msg/HtNavDeneme.msg
[0.931s] -- Up-to-date: /home/temur/INS-GPS-ROS2/install/ht_nav_variables/share/ament_index/resource_index/package_run_dependencies/ht_nav_variables
[0.932s] -- Up-to-date: /home/temur/INS-GPS-ROS2/install/ht_nav_variables/share/ament_index/resource_index/parent_prefix_path/ht_nav_variables
[0.932s] -- Up-to-date: /home/temur/INS-GPS-ROS2/install/ht_nav_variables/share/ht_nav_variables/environment/ament_prefix_path.sh
[0.932s] -- Up-to-date: /home/temur/INS-GPS-ROS2/install/ht_nav_variables/share/ht_nav_variables/environment/ament_prefix_path.dsv
[0.932s] -- Up-to-date: /home/temur/INS-GPS-ROS2/install/ht_nav_variables/share/ht_nav_variables/environment/path.sh
[0.932s] -- Up-to-date: /home/temur/INS-GPS-ROS2/install/ht_nav_variables/share/ht_nav_variables/environment/path.dsv
[0.932s] -- Up-to-date: /home/temur/INS-GPS-ROS2/install/ht_nav_variables/share/ht_nav_variables/local_setup.bash
[0.933s] -- Up-to-date: /home/temur/INS-GPS-ROS2/install/ht_nav_variables/share/ht_nav_variables/local_setup.sh
[0.933s] -- Up-to-date: /home/temur/INS-GPS-ROS2/install/ht_nav_variables/share/ht_nav_variables/local_setup.zsh
[0.933s] -- Up-to-date: /home/temur/INS-GPS-ROS2/install/ht_nav_variables/share/ht_nav_variables/local_setup.dsv
[0.933s] -- Installing: /home/temur/INS-GPS-ROS2/install/ht_nav_variables/share/ht_nav_variables/package.dsv
[0.933s] -- Up-to-date: /home/temur/INS-GPS-ROS2/install/ht_nav_variables/share/ament_index/resource_index/packages/ht_nav_variables
[0.934s] -- Up-to-date: /home/temur/INS-GPS-ROS2/install/ht_nav_variables/share/ht_nav_variables/cmake/ht_nav_variables__rosidl_generator_cExport.cmake
[0.934s] -- Up-to-date: /home/temur/INS-GPS-ROS2/install/ht_nav_variables/share/ht_nav_variables/cmake/ht_nav_variables__rosidl_generator_cExport-noconfig.cmake
[0.934s] -- Up-to-date: /home/temur/INS-GPS-ROS2/install/ht_nav_variables/share/ht_nav_variables/cmake/ht_nav_variables__rosidl_typesupport_introspection_cExport.cmake
[0.936s] -- Up-to-date: /home/temur/INS-GPS-ROS2/install/ht_nav_variables/share/ht_nav_variables/cmake/ht_nav_variables__rosidl_typesupport_introspection_cExport-noconfig.cmake
[0.937s] -- Up-to-date: /home/temur/INS-GPS-ROS2/install/ht_nav_variables/share/ht_nav_variables/cmake/ht_nav_variables__rosidl_typesupport_cExport.cmake
[0.937s] -- Up-to-date: /home/temur/INS-GPS-ROS2/install/ht_nav_variables/share/ht_nav_variables/cmake/ht_nav_variables__rosidl_typesupport_cExport-noconfig.cmake
[0.937s] -- Up-to-date: /home/temur/INS-GPS-ROS2/install/ht_nav_variables/share/ht_nav_variables/cmake/ht_nav_variables__rosidl_generator_cppExport.cmake
[0.939s] -- Up-to-date: /home/temur/INS-GPS-ROS2/install/ht_nav_variables/share/ht_nav_variables/cmake/ht_nav_variables__rosidl_typesupport_introspection_cppExport.cmake
[0.940s] -- Up-to-date: /home/temur/INS-GPS-ROS2/install/ht_nav_variables/share/ht_nav_variables/cmake/ht_nav_variables__rosidl_typesupport_introspection_cppExport-noconfig.cmake
[0.940s] -- Up-to-date: /home/temur/INS-GPS-ROS2/install/ht_nav_variables/share/ht_nav_variables/cmake/ht_nav_variables__rosidl_typesupport_cppExport.cmake
[0.940s] -- Up-to-date: /home/temur/INS-GPS-ROS2/install/ht_nav_variables/share/ht_nav_variables/cmake/ht_nav_variables__rosidl_typesupport_cppExport-noconfig.cmake
[0.940s] -- Up-to-date: /home/temur/INS-GPS-ROS2/install/ht_nav_variables/share/ht_nav_variables/cmake/rosidl_cmake-extras.cmake
[0.940s] -- Up-to-date: /home/temur/INS-GPS-ROS2/install/ht_nav_variables/share/ht_nav_variables/cmake/ament_cmake_export_dependencies-extras.cmake
[0.940s] -- Up-to-date: /home/temur/INS-GPS-ROS2/install/ht_nav_variables/share/ht_nav_variables/cmake/ament_cmake_export_libraries-extras.cmake
[0.940s] -- Up-to-date: /home/temur/INS-GPS-ROS2/install/ht_nav_variables/share/ht_nav_variables/cmake/ament_cmake_export_targets-extras.cmake
[0.941s] -- Up-to-date: /home/temur/INS-GPS-ROS2/install/ht_nav_variables/share/ht_nav_variables/cmake/ament_cmake_export_include_directories-extras.cmake
[0.941s] -- Up-to-date: /home/temur/INS-GPS-ROS2/install/ht_nav_variables/share/ht_nav_variables/cmake/rosidl_cmake_export_typesupport_libraries-extras.cmake
[0.941s] -- Up-to-date: /home/temur/INS-GPS-ROS2/install/ht_nav_variables/share/ht_nav_variables/cmake/rosidl_cmake_export_typesupport_targets-extras.cmake
[0.942s] -- Up-to-date: /home/temur/INS-GPS-ROS2/install/ht_nav_variables/share/ht_nav_variables/cmake/ht_nav_variablesConfig.cmake
[0.942s] -- Up-to-date: /home/temur/INS-GPS-ROS2/install/ht_nav_variables/share/ht_nav_variables/cmake/ht_nav_variablesConfig-version.cmake
[0.942s] -- Up-to-date: /home/temur/INS-GPS-ROS2/install/ht_nav_variables/share/ht_nav_variables/package.xml
[0.943s] Invoked command in '/home/temur/INS-GPS-ROS2/build/ht_nav_variables' returned '0': CMAKE_PREFIX_PATH=${CMAKE_PREFIX_PATH}:/home/temur/INS-GPS-ROS2/install/ht_strap_package:/opt/ros/foxy /usr/bin/cmake --install /home/temur/INS-GPS-ROS2/build/ht_nav_variables
