-- Found ament_cmake: 0.9.9 (/opt/ros/foxy/share/ament_cmake/cmake)
-- Found PythonInterp: /usr/bin/python3 (found suitable version "3.8.10", minimum required is "3") 
-- Using PYTHON_EXECUTABLE: /usr/bin/python3
-- Found rosidl_default_generators: 1.0.1 (/opt/ros/foxy/share/rosidl_default_generators/cmake)
-- Using all available rosidl_typesupport_c: rosidl_typesupport_fastrtps_c;rosidl_typesupport_introspection_c
-- Found rosidl_adapter: 1.2.1 (/opt/ros/foxy/share/rosidl_adapter/cmake)
-- Using all available rosidl_typesupport_cpp: rosidl_typesupport_fastrtps_cpp;rosidl_typesupport_introspection_cpp
-- Found rclcpp: 2.4.1 (/opt/ros/foxy/share/rclcpp/cmake)
-- Found rmw_implementation_cmake: 1.0.3 (/opt/ros/foxy/share/rmw_implementation_cmake/cmake)
-- Using RMW implementation 'rmw_cyclonedds_cpp' as default
-- Found PythonInterp: /usr/bin/python3 (found version "3.8.10") 
-- Found ament_cmake_ros: 0.9.2 (/opt/ros/foxy/share/ament_cmake_ros/cmake)
-- Using all available rosidl_typesupport_c: rosidl_typesupport_fastrtps_c;rosidl_typesupport_introspection_c
-- Using all available rosidl_typesupport_cpp: rosidl_typesupport_fastrtps_cpp;rosidl_typesupport_introspection_cpp
-- Found PythonInterp: /usr/bin/python3 (found suitable version "3.8.10", minimum required is "3.5") 
-- Found python_cmake_module: 0.8.1 (/opt/ros/foxy/share/python_cmake_module/cmake)
-- Using PYTHON_EXECUTABLE: /usr/bin/python3
-- Using PYTHON_INCLUDE_DIRS: /usr/include/python3.8
-- Using PYTHON_LIBRARIES: /usr/lib/x86_64-linux-gnu/libpython3.8.so
-- Found ament_lint_auto: 0.9.6 (/opt/ros/foxy/share/ament_lint_auto/cmake)
-- Added test 'copyright' to check source files copyright and LICENSE
-- Added test 'lint_cmake' to check CMake code style
-- Added test 'xmllint' to check XML markup files
-- Configuring done
-- Generating done
-- Build files have been written to: /home/temur/INS-GPS-ROS2/build/ht_nav_variables
[  1%] [34m[1mGenerating C code for ROS interfaces[0m
[35m[1mScanning dependencies of target ht_nav_variables__cpp[0m
[  1%] [34m[1mGenerating C++ code for ROS interfaces[0m
[  1%] Built target ht_nav_variables__cpp
[  2%] [34m[1mGenerating C++ type support for eProsima Fast-RTPS[0m
[  3%] [34m[1mGenerating C++ type support dispatch for ROS interfaces[0m
[  3%] [34m[1mGenerating C++ introspection for ROS interfaces[0m
[35m[1mScanning dependencies of target ht_nav_variables__rosidl_generator_c[0m
[  5%] [32mBuilding C object CMakeFiles/ht_nav_variables__rosidl_generator_c.dir/rosidl_generator_c/ht_nav_variables/msg/detail/ht_nav_error_vector__functions.c.o[0m
[  5%] [32mBuilding C object CMakeFiles/ht_nav_variables__rosidl_generator_c.dir/rosidl_generator_c/ht_nav_variables/msg/detail/ht_nav_strap_out__functions.c.o[0m
[  5%] [32mBuilding C object CMakeFiles/ht_nav_variables__rosidl_generator_c.dir/rosidl_generator_c/ht_nav_variables/msg/detail/ht_nav_euler__functions.c.o[0m
[  6%] [32mBuilding C object CMakeFiles/ht_nav_variables__rosidl_generator_c.dir/rosidl_generator_c/ht_nav_variables/msg/detail/ht_nav_imu_data__functions.c.o[0m
[  7%] [32mBuilding C object CMakeFiles/ht_nav_variables__rosidl_generator_c.dir/rosidl_generator_c/ht_nav_variables/msg/detail/ht_nav_kalman_out__functions.c.o[0m
[  8%] [32mBuilding C object CMakeFiles/ht_nav_variables__rosidl_generator_c.dir/rosidl_generator_c/ht_nav_variables/msg/detail/ht_nav_gps_data__functions.c.o[0m
[  8%] [32mBuilding C object CMakeFiles/ht_nav_variables__rosidl_generator_c.dir/rosidl_generator_c/ht_nav_variables/msg/detail/ht_nav_point__functions.c.o[0m
[  9%] [32mBuilding C object CMakeFiles/ht_nav_variables__rosidl_generator_c.dir/rosidl_generator_c/ht_nav_variables/msg/detail/ht_nav_vector3__functions.c.o[0m
[ 10%] [32mBuilding C object CMakeFiles/ht_nav_variables__rosidl_generator_c.dir/rosidl_generator_c/ht_nav_variables/msg/detail/ht_nav_quaternion__functions.c.o[0m
[ 12%] [32mBuilding C object CMakeFiles/ht_nav_variables__rosidl_generator_c.dir/rosidl_generator_c/ht_nav_variables/msg/detail/ht_nav_joint_state__functions.c.o[0m
[ 12%] [32mBuilding C object CMakeFiles/ht_nav_variables__rosidl_generator_c.dir/rosidl_generator_c/ht_nav_variables/msg/detail/ht_nav_wheel_vector__functions.c.o[0m
[ 12%] [32mBuilding C object CMakeFiles/ht_nav_variables__rosidl_generator_c.dir/rosidl_generator_c/ht_nav_variables/msg/detail/ht_nav_deneme__functions.c.o[0m
[ 13%] [32mBuilding C object CMakeFiles/ht_nav_variables__rosidl_generator_c.dir/rosidl_generator_c/ht_nav_variables/msg/detail/ht_nav_tire_out__functions.c.o[0m
[ 14%] [32m[1mLinking C shared library libht_nav_variables__rosidl_generator_c.so[0m
[ 14%] Built target ht_nav_variables__rosidl_generator_c
[ 15%] [34m[1mGenerating C introspection for ROS interfaces[0m
[ 16%] [34m[1mGenerating C type support dispatch for ROS interfaces[0m
[35m[1mScanning dependencies of target ht_nav_variables__rosidl_typesupport_cpp[0m
[ 18%] [32mBuilding CXX object CMakeFiles/ht_nav_variables__rosidl_typesupport_cpp.dir/rosidl_typesupport_cpp/ht_nav_variables/msg/ht_nav_error_vector__type_support.cpp.o[0m
[ 18%] [32mBuilding CXX object CMakeFiles/ht_nav_variables__rosidl_typesupport_cpp.dir/rosidl_typesupport_cpp/ht_nav_variables/msg/ht_nav_euler__type_support.cpp.o[0m
[ 18%] [32mBuilding CXX object CMakeFiles/ht_nav_variables__rosidl_typesupport_cpp.dir/rosidl_typesupport_cpp/ht_nav_variables/msg/ht_nav_gps_data__type_support.cpp.o[0m
[ 18%] [32mBuilding CXX object CMakeFiles/ht_nav_variables__rosidl_typesupport_cpp.dir/rosidl_typesupport_cpp/ht_nav_variables/msg/ht_nav_vector3__type_support.cpp.o[0m
[ 19%] [32mBuilding CXX object CMakeFiles/ht_nav_variables__rosidl_typesupport_cpp.dir/rosidl_typesupport_cpp/ht_nav_variables/msg/ht_nav_kalman_out__type_support.cpp.o[0m
[ 20%] [32mBuilding CXX object CMakeFiles/ht_nav_variables__rosidl_typesupport_cpp.dir/rosidl_typesupport_cpp/ht_nav_variables/msg/ht_nav_strap_out__type_support.cpp.o[0m
[ 21%] [32mBuilding CXX object CMakeFiles/ht_nav_variables__rosidl_typesupport_cpp.dir/rosidl_typesupport_cpp/ht_nav_variables/msg/ht_nav_imu_data__type_support.cpp.o[0m
[ 22%] [32mBuilding CXX object CMakeFiles/ht_nav_variables__rosidl_typesupport_cpp.dir/rosidl_typesupport_cpp/ht_nav_variables/msg/ht_nav_point__type_support.cpp.o[0m
[ 23%] [32mBuilding CXX object CMakeFiles/ht_nav_variables__rosidl_typesupport_cpp.dir/rosidl_typesupport_cpp/ht_nav_variables/msg/ht_nav_quaternion__type_support.cpp.o[0m
[ 24%] [32mBuilding CXX object CMakeFiles/ht_nav_variables__rosidl_typesupport_cpp.dir/rosidl_typesupport_cpp/ht_nav_variables/msg/ht_nav_deneme__type_support.cpp.o[0m
[ 25%] [32mBuilding CXX object CMakeFiles/ht_nav_variables__rosidl_typesupport_cpp.dir/rosidl_typesupport_cpp/ht_nav_variables/msg/ht_nav_wheel_vector__type_support.cpp.o[0m
[35m[1mScanning dependencies of target ht_nav_variables__rosidl_typesupport_c[0m
[ 26%] [32mBuilding CXX object CMakeFiles/ht_nav_variables__rosidl_typesupport_cpp.dir/rosidl_typesupport_cpp/ht_nav_variables/msg/ht_nav_joint_state__type_support.cpp.o[0m
[ 26%] [32mBuilding CXX object CMakeFiles/ht_nav_variables__rosidl_typesupport_cpp.dir/rosidl_typesupport_cpp/ht_nav_variables/msg/ht_nav_tire_out__type_support.cpp.o[0m
[ 26%] [32mBuilding CXX object CMakeFiles/ht_nav_variables__rosidl_typesupport_c.dir/rosidl_typesupport_c/ht_nav_variables/msg/ht_nav_error_vector__type_support.cpp.o[0m
[ 27%] [32mBuilding CXX object CMakeFiles/ht_nav_variables__rosidl_typesupport_c.dir/rosidl_typesupport_c/ht_nav_variables/msg/ht_nav_euler__type_support.cpp.o[0m
[ 28%] [32mBuilding CXX object CMakeFiles/ht_nav_variables__rosidl_typesupport_c.dir/rosidl_typesupport_c/ht_nav_variables/msg/ht_nav_gps_data__type_support.cpp.o[0m
[ 29%] [32mBuilding CXX object CMakeFiles/ht_nav_variables__rosidl_typesupport_c.dir/rosidl_typesupport_c/ht_nav_variables/msg/ht_nav_imu_data__type_support.cpp.o[0m
[35m[1mScanning dependencies of target ht_nav_variables__rosidl_typesupport_introspection_cpp[0m
[ 30%] [32mBuilding CXX object CMakeFiles/ht_nav_variables__rosidl_typesupport_c.dir/rosidl_typesupport_c/ht_nav_variables/msg/ht_nav_kalman_out__type_support.cpp.o[0m
[ 31%] [32mBuilding CXX object CMakeFiles/ht_nav_variables__rosidl_typesupport_introspection_cpp.dir/rosidl_typesupport_introspection_cpp/ht_nav_variables/msg/detail/ht_nav_error_vector__type_support.cpp.o[0m
[ 31%] [32mBuilding CXX object CMakeFiles/ht_nav_variables__rosidl_typesupport_c.dir/rosidl_typesupport_c/ht_nav_variables/msg/ht_nav_strap_out__type_support.cpp.o[0m
[ 32%] [32mBuilding CXX object CMakeFiles/ht_nav_variables__rosidl_typesupport_c.dir/rosidl_typesupport_c/ht_nav_variables/msg/ht_nav_point__type_support.cpp.o[0m
[ 33%] [32mBuilding CXX object CMakeFiles/ht_nav_variables__rosidl_typesupport_c.dir/rosidl_typesupport_c/ht_nav_variables/msg/ht_nav_vector3__type_support.cpp.o[0m
[ 34%] [32mBuilding CXX object CMakeFiles/ht_nav_variables__rosidl_typesupport_c.dir/rosidl_typesupport_c/ht_nav_variables/msg/ht_nav_quaternion__type_support.cpp.o[0m
[35m[1mScanning dependencies of target ht_nav_variables__rosidl_typesupport_fastrtps_cpp[0m
[ 34%] [32mBuilding CXX object CMakeFiles/ht_nav_variables__rosidl_typesupport_c.dir/rosidl_typesupport_c/ht_nav_variables/msg/ht_nav_wheel_vector__type_support.cpp.o[0m
[ 35%] [32mBuilding CXX object CMakeFiles/ht_nav_variables__rosidl_typesupport_c.dir/rosidl_typesupport_c/ht_nav_variables/msg/ht_nav_deneme__type_support.cpp.o[0m
[ 37%] [32mBuilding CXX object CMakeFiles/ht_nav_variables__rosidl_typesupport_c.dir/rosidl_typesupport_c/ht_nav_variables/msg/ht_nav_joint_state__type_support.cpp.o[0m
[ 37%] [32mBuilding CXX object CMakeFiles/ht_nav_variables__rosidl_typesupport_fastrtps_cpp.dir/rosidl_typesupport_fastrtps_cpp/ht_nav_variables/msg/detail/dds_fastrtps/ht_nav_error_vector__type_support.cpp.o[0m
[ 38%] [32mBuilding CXX object CMakeFiles/ht_nav_variables__rosidl_typesupport_c.dir/rosidl_typesupport_c/ht_nav_variables/msg/ht_nav_tire_out__type_support.cpp.o[0m
[35m[1mScanning dependencies of target ht_nav_variables__rosidl_typesupport_introspection_c[0m
[ 39%] [32mBuilding CXX object CMakeFiles/ht_nav_variables__rosidl_typesupport_introspection_cpp.dir/rosidl_typesupport_introspection_cpp/ht_nav_variables/msg/detail/ht_nav_euler__type_support.cpp.o[0m
[ 40%] [32mBuilding CXX object CMakeFiles/ht_nav_variables__rosidl_typesupport_introspection_cpp.dir/rosidl_typesupport_introspection_cpp/ht_nav_variables/msg/detail/ht_nav_gps_data__type_support.cpp.o[0m
[ 41%] [32mBuilding CXX object CMakeFiles/ht_nav_variables__rosidl_typesupport_introspection_cpp.dir/rosidl_typesupport_introspection_cpp/ht_nav_variables/msg/detail/ht_nav_imu_data__type_support.cpp.o[0m
[ 42%] [32mBuilding C object CMakeFiles/ht_nav_variables__rosidl_typesupport_introspection_c.dir/rosidl_typesupport_introspection_c/ht_nav_variables/msg/detail/ht_nav_error_vector__type_support.c.o[0m
[ 42%] [32mBuilding CXX object CMakeFiles/ht_nav_variables__rosidl_typesupport_introspection_cpp.dir/rosidl_typesupport_introspection_cpp/ht_nav_variables/msg/detail/ht_nav_kalman_out__type_support.cpp.o[0m
[ 43%] [32mBuilding CXX object CMakeFiles/ht_nav_variables__rosidl_typesupport_fastrtps_cpp.dir/rosidl_typesupport_fastrtps_cpp/ht_nav_variables/msg/detail/dds_fastrtps/ht_nav_euler__type_support.cpp.o[0m
[ 44%] [32mBuilding CXX object CMakeFiles/ht_nav_variables__rosidl_typesupport_fastrtps_cpp.dir/rosidl_typesupport_fastrtps_cpp/ht_nav_variables/msg/detail/dds_fastrtps/ht_nav_gps_data__type_support.cpp.o[0m
[ 45%] [32m[1mLinking CXX shared library libht_nav_variables__rosidl_typesupport_c.so[0m
[ 47%] [32mBuilding CXX object CMakeFiles/ht_nav_variables__rosidl_typesupport_introspection_cpp.dir/rosidl_typesupport_introspection_cpp/ht_nav_variables/msg/detail/ht_nav_strap_out__type_support.cpp.o[0m
[ 47%] [32m[1mLinking CXX shared library libht_nav_variables__rosidl_typesupport_cpp.so[0m
[ 48%] [32mBuilding C object CMakeFiles/ht_nav_variables__rosidl_typesupport_introspection_c.dir/rosidl_typesupport_introspection_c/ht_nav_variables/msg/detail/ht_nav_euler__type_support.c.o[0m
[ 48%] Built target ht_nav_variables__rosidl_typesupport_c
[ 48%] [32mBuilding C object CMakeFiles/ht_nav_variables__rosidl_typesupport_introspection_c.dir/rosidl_typesupport_introspection_c/ht_nav_variables/msg/detail/ht_nav_gps_data__type_support.c.o[0m
[ 48%] Built target ht_nav_variables__rosidl_typesupport_cpp
[ 49%] [32mBuilding CXX object CMakeFiles/ht_nav_variables__rosidl_typesupport_introspection_cpp.dir/rosidl_typesupport_introspection_cpp/ht_nav_variables/msg/detail/ht_nav_point__type_support.cpp.o[0m
[ 50%] [32mBuilding C object CMakeFiles/ht_nav_variables__rosidl_typesupport_introspection_c.dir/rosidl_typesupport_introspection_c/ht_nav_variables/msg/detail/ht_nav_imu_data__type_support.c.o[0m
[ 50%] [32mBuilding CXX object CMakeFiles/ht_nav_variables__rosidl_typesupport_fastrtps_cpp.dir/rosidl_typesupport_fastrtps_cpp/ht_nav_variables/msg/detail/dds_fastrtps/ht_nav_imu_data__type_support.cpp.o[0m
[ 51%] [32mBuilding C object CMakeFiles/ht_nav_variables__rosidl_typesupport_introspection_c.dir/rosidl_typesupport_introspection_c/ht_nav_variables/msg/detail/ht_nav_kalman_out__type_support.c.o[0m
[ 52%] [32mBuilding CXX object CMakeFiles/ht_nav_variables__rosidl_typesupport_introspection_cpp.dir/rosidl_typesupport_introspection_cpp/ht_nav_variables/msg/detail/ht_nav_vector3__type_support.cpp.o[0m
[ 53%] [32mBuilding C object CMakeFiles/ht_nav_variables__rosidl_typesupport_introspection_c.dir/rosidl_typesupport_introspection_c/ht_nav_variables/msg/detail/ht_nav_strap_out__type_support.c.o[0m
[ 54%] [32mBuilding C object CMakeFiles/ht_nav_variables__rosidl_typesupport_introspection_c.dir/rosidl_typesupport_introspection_c/ht_nav_variables/msg/detail/ht_nav_point__type_support.c.o[0m
[ 55%] [32mBuilding CXX object CMakeFiles/ht_nav_variables__rosidl_typesupport_fastrtps_cpp.dir/rosidl_typesupport_fastrtps_cpp/ht_nav_variables/msg/detail/dds_fastrtps/ht_nav_kalman_out__type_support.cpp.o[0m
[ 56%] [32mBuilding CXX object CMakeFiles/ht_nav_variables__rosidl_typesupport_introspection_cpp.dir/rosidl_typesupport_introspection_cpp/ht_nav_variables/msg/detail/ht_nav_quaternion__type_support.cpp.o[0m
[ 56%] [32mBuilding CXX object CMakeFiles/ht_nav_variables__rosidl_typesupport_introspection_cpp.dir/rosidl_typesupport_introspection_cpp/ht_nav_variables/msg/detail/ht_nav_deneme__type_support.cpp.o[0m
[ 56%] [32mBuilding C object CMakeFiles/ht_nav_variables__rosidl_typesupport_introspection_c.dir/rosidl_typesupport_introspection_c/ht_nav_variables/msg/detail/ht_nav_vector3__type_support.c.o[0m
[ 57%] [32mBuilding CXX object CMakeFiles/ht_nav_variables__rosidl_typesupport_introspection_cpp.dir/rosidl_typesupport_introspection_cpp/ht_nav_variables/msg/detail/ht_nav_wheel_vector__type_support.cpp.o[0m
[ 58%] [32mBuilding C object CMakeFiles/ht_nav_variables__rosidl_typesupport_introspection_c.dir/rosidl_typesupport_introspection_c/ht_nav_variables/msg/detail/ht_nav_quaternion__type_support.c.o[0m
[ 59%] [32mBuilding C object CMakeFiles/ht_nav_variables__rosidl_typesupport_introspection_c.dir/rosidl_typesupport_introspection_c/ht_nav_variables/msg/detail/ht_nav_deneme__type_support.c.o[0m
[ 60%] [32mBuilding C object CMakeFiles/ht_nav_variables__rosidl_typesupport_introspection_c.dir/rosidl_typesupport_introspection_c/ht_nav_variables/msg/detail/ht_nav_wheel_vector__type_support.c.o[0m
[ 61%] [32mBuilding C object CMakeFiles/ht_nav_variables__rosidl_typesupport_introspection_c.dir/rosidl_typesupport_introspection_c/ht_nav_variables/msg/detail/ht_nav_joint_state__type_support.c.o[0m
[ 63%] [32mBuilding CXX object CMakeFiles/ht_nav_variables__rosidl_typesupport_fastrtps_cpp.dir/rosidl_typesupport_fastrtps_cpp/ht_nav_variables/msg/detail/dds_fastrtps/ht_nav_point__type_support.cpp.o[0m
[ 64%] [32mBuilding CXX object CMakeFiles/ht_nav_variables__rosidl_typesupport_fastrtps_cpp.dir/rosidl_typesupport_fastrtps_cpp/ht_nav_variables/msg/detail/dds_fastrtps/ht_nav_strap_out__type_support.cpp.o[0m
[ 64%] [32mBuilding CXX object CMakeFiles/ht_nav_variables__rosidl_typesupport_introspection_cpp.dir/rosidl_typesupport_introspection_cpp/ht_nav_variables/msg/detail/ht_nav_joint_state__type_support.cpp.o[0m
[ 65%] [32mBuilding CXX object CMakeFiles/ht_nav_variables__rosidl_typesupport_fastrtps_cpp.dir/rosidl_typesupport_fastrtps_cpp/ht_nav_variables/msg/detail/dds_fastrtps/ht_nav_vector3__type_support.cpp.o[0m
[ 66%] [32mBuilding CXX object CMakeFiles/ht_nav_variables__rosidl_typesupport_introspection_cpp.dir/rosidl_typesupport_introspection_cpp/ht_nav_variables/msg/detail/ht_nav_tire_out__type_support.cpp.o[0m
[ 66%] [32mBuilding C object CMakeFiles/ht_nav_variables__rosidl_typesupport_introspection_c.dir/rosidl_typesupport_introspection_c/ht_nav_variables/msg/detail/ht_nav_tire_out__type_support.c.o[0m
[ 66%] [32mBuilding CXX object CMakeFiles/ht_nav_variables__rosidl_typesupport_fastrtps_cpp.dir/rosidl_typesupport_fastrtps_cpp/ht_nav_variables/msg/detail/dds_fastrtps/ht_nav_quaternion__type_support.cpp.o[0m
[ 67%] [32m[1mLinking C shared library libht_nav_variables__rosidl_typesupport_introspection_c.so[0m
[ 68%] [32mBuilding CXX object CMakeFiles/ht_nav_variables__rosidl_typesupport_fastrtps_cpp.dir/rosidl_typesupport_fastrtps_cpp/ht_nav_variables/msg/detail/dds_fastrtps/ht_nav_deneme__type_support.cpp.o[0m
[ 69%] [32mBuilding CXX object CMakeFiles/ht_nav_variables__rosidl_typesupport_fastrtps_cpp.dir/rosidl_typesupport_fastrtps_cpp/ht_nav_variables/msg/detail/dds_fastrtps/ht_nav_wheel_vector__type_support.cpp.o[0m
[ 69%] Built target ht_nav_variables__rosidl_typesupport_introspection_c
[ 70%] [32mBuilding CXX object CMakeFiles/ht_nav_variables__rosidl_typesupport_fastrtps_cpp.dir/rosidl_typesupport_fastrtps_cpp/ht_nav_variables/msg/detail/dds_fastrtps/ht_nav_joint_state__type_support.cpp.o[0m
[ 71%] [32mBuilding CXX object CMakeFiles/ht_nav_variables__rosidl_typesupport_fastrtps_cpp.dir/rosidl_typesupport_fastrtps_cpp/ht_nav_variables/msg/detail/dds_fastrtps/ht_nav_tire_out__type_support.cpp.o[0m
[ 72%] [32m[1mLinking CXX shared library libht_nav_variables__rosidl_typesupport_introspection_cpp.so[0m
[ 72%] Built target ht_nav_variables__rosidl_typesupport_introspection_cpp
[ 72%] [32m[1mLinking CXX shared library libht_nav_variables__rosidl_typesupport_fastrtps_cpp.so[0m
[ 72%] Built target ht_nav_variables__rosidl_typesupport_fastrtps_cpp
[ 73%] [34m[1mGenerating C type support for eProsima Fast-RTPS[0m
[35m[1mScanning dependencies of target ht_nav_variables__rosidl_typesupport_fastrtps_c[0m
[ 75%] [32mBuilding CXX object CMakeFiles/ht_nav_variables__rosidl_typesupport_fastrtps_c.dir/rosidl_typesupport_fastrtps_c/ht_nav_variables/msg/detail/ht_nav_deneme__type_support_c.cpp.o[0m
[ 75%] [32mBuilding CXX object CMakeFiles/ht_nav_variables__rosidl_typesupport_fastrtps_c.dir/rosidl_typesupport_fastrtps_c/ht_nav_variables/msg/detail/ht_nav_gps_data__type_support_c.cpp.o[0m
[ 75%] [32mBuilding CXX object CMakeFiles/ht_nav_variables__rosidl_typesupport_fastrtps_c.dir/rosidl_typesupport_fastrtps_c/ht_nav_variables/msg/detail/ht_nav_point__type_support_c.cpp.o[0m
[ 75%] [32mBuilding CXX object CMakeFiles/ht_nav_variables__rosidl_typesupport_fastrtps_c.dir/rosidl_typesupport_fastrtps_c/ht_nav_variables/msg/detail/ht_nav_euler__type_support_c.cpp.o[0m
[ 78%] [32mBuilding CXX object CMakeFiles/ht_nav_variables__rosidl_typesupport_fastrtps_c.dir/rosidl_typesupport_fastrtps_c/ht_nav_variables/msg/detail/ht_nav_strap_out__type_support_c.cpp.o[0m
[ 78%] [32mBuilding CXX object CMakeFiles/ht_nav_variables__rosidl_typesupport_fastrtps_c.dir/rosidl_typesupport_fastrtps_c/ht_nav_variables/msg/detail/ht_nav_imu_data__type_support_c.cpp.o[0m
[ 78%] [32mBuilding CXX object CMakeFiles/ht_nav_variables__rosidl_typesupport_fastrtps_c.dir/rosidl_typesupport_fastrtps_c/ht_nav_variables/msg/detail/ht_nav_quaternion__type_support_c.cpp.o[0m
[ 79%] [32mBuilding CXX object CMakeFiles/ht_nav_variables__rosidl_typesupport_fastrtps_c.dir/rosidl_typesupport_fastrtps_c/ht_nav_variables/msg/detail/ht_nav_error_vector__type_support_c.cpp.o[0m
[ 80%] [32mBuilding CXX object CMakeFiles/ht_nav_variables__rosidl_typesupport_fastrtps_c.dir/rosidl_typesupport_fastrtps_c/ht_nav_variables/msg/detail/ht_nav_kalman_out__type_support_c.cpp.o[0m
[ 81%] [32mBuilding CXX object CMakeFiles/ht_nav_variables__rosidl_typesupport_fastrtps_c.dir/rosidl_typesupport_fastrtps_c/ht_nav_variables/msg/detail/ht_nav_vector3__type_support_c.cpp.o[0m
[ 82%] [32mBuilding CXX object CMakeFiles/ht_nav_variables__rosidl_typesupport_fastrtps_c.dir/rosidl_typesupport_fastrtps_c/ht_nav_variables/msg/detail/ht_nav_joint_state__type_support_c.cpp.o[0m
[ 82%] [32mBuilding CXX object CMakeFiles/ht_nav_variables__rosidl_typesupport_fastrtps_c.dir/rosidl_typesupport_fastrtps_c/ht_nav_variables/msg/detail/ht_nav_wheel_vector__type_support_c.cpp.o[0m
[ 83%] [32mBuilding CXX object CMakeFiles/ht_nav_variables__rosidl_typesupport_fastrtps_c.dir/rosidl_typesupport_fastrtps_c/ht_nav_variables/msg/detail/ht_nav_tire_out__type_support_c.cpp.o[0m
[ 84%] [32m[1mLinking CXX shared library libht_nav_variables__rosidl_typesupport_fastrtps_c.so[0m
[ 84%] Built target ht_nav_variables__rosidl_typesupport_fastrtps_c
[ 84%] Built target ht_nav_variables
[35m[1mScanning dependencies of target ht_nav_variables__py[0m
[ 85%] [34m[1mGenerating Python code for ROS interfaces[0m
[ 85%] Built target ht_nav_variables__py
[35m[1mScanning dependencies of target ht_nav_variables__python[0m
[ 86%] [32mBuilding C object CMakeFiles/ht_nav_variables__python.dir/rosidl_generator_py/ht_nav_variables/msg/_ht_nav_kalman_out_s.c.o[0m
[ 87%] [32mBuilding C object CMakeFiles/ht_nav_variables__python.dir/rosidl_generator_py/ht_nav_variables/msg/_ht_nav_euler_s.c.o[0m
[ 89%] [32mBuilding C object CMakeFiles/ht_nav_variables__python.dir/rosidl_generator_py/ht_nav_variables/msg/_ht_nav_strap_out_s.c.o[0m
[ 90%] [32mBuilding C object CMakeFiles/ht_nav_variables__python.dir/rosidl_generator_py/ht_nav_variables/msg/_ht_nav_error_vector_s.c.o[0m
[ 90%] [32mBuilding C object CMakeFiles/ht_nav_variables__python.dir/rosidl_generator_py/ht_nav_variables/msg/_ht_nav_imu_data_s.c.o[0m
[ 90%] [32mBuilding C object CMakeFiles/ht_nav_variables__python.dir/rosidl_generator_py/ht_nav_variables/msg/_ht_nav_vector3_s.c.o[0m
[ 91%] [32mBuilding C object CMakeFiles/ht_nav_variables__python.dir/rosidl_generator_py/ht_nav_variables/msg/_ht_nav_gps_data_s.c.o[0m
[ 91%] [32mBuilding C object CMakeFiles/ht_nav_variables__python.dir/rosidl_generator_py/ht_nav_variables/msg/_ht_nav_point_s.c.o[0m
[ 92%] [32mBuilding C object CMakeFiles/ht_nav_variables__python.dir/rosidl_generator_py/ht_nav_variables/msg/_ht_nav_deneme_s.c.o[0m
[ 93%] [32mBuilding C object CMakeFiles/ht_nav_variables__python.dir/rosidl_generator_py/ht_nav_variables/msg/_ht_nav_quaternion_s.c.o[0m
[ 95%] [32mBuilding C object CMakeFiles/ht_nav_variables__python.dir/rosidl_generator_py/ht_nav_variables/msg/_ht_nav_joint_state_s.c.o[0m
[ 95%] [32mBuilding C object CMakeFiles/ht_nav_variables__python.dir/rosidl_generator_py/ht_nav_variables/msg/_ht_nav_wheel_vector_s.c.o[0m
[ 95%] [32mBuilding C object CMakeFiles/ht_nav_variables__python.dir/rosidl_generator_py/ht_nav_variables/msg/_ht_nav_tire_out_s.c.o[0m
[ 96%] [32m[1mLinking C shared library rosidl_generator_py/ht_nav_variables/libht_nav_variables__python.so[0m
[ 96%] Built target ht_nav_variables__python
[35m[1mScanning dependencies of target ht_nav_variables__rosidl_typesupport_c__pyext[0m
[35m[1mScanning dependencies of target ht_nav_variables__rosidl_typesupport_introspection_c__pyext[0m
[35m[1mScanning dependencies of target ht_nav_variables__rosidl_typesupport_fastrtps_c__pyext[0m
[ 98%] [32mBuilding C object CMakeFiles/ht_nav_variables__rosidl_typesupport_introspection_c__pyext.dir/rosidl_generator_py/ht_nav_variables/_ht_nav_variables_s.ep.rosidl_typesupport_introspection_c.c.o[0m
[ 98%] [32mBuilding C object CMakeFiles/ht_nav_variables__rosidl_typesupport_fastrtps_c__pyext.dir/rosidl_generator_py/ht_nav_variables/_ht_nav_variables_s.ep.rosidl_typesupport_fastrtps_c.c.o[0m
[ 99%] [32mBuilding C object CMakeFiles/ht_nav_variables__rosidl_typesupport_c__pyext.dir/rosidl_generator_py/ht_nav_variables/_ht_nav_variables_s.ep.rosidl_typesupport_c.c.o[0m
[100%] [32m[1mLinking C shared library rosidl_generator_py/ht_nav_variables/ht_nav_variables_s__rosidl_typesupport_introspection_c.cpython-38-x86_64-linux-gnu.so[0m
[100%] [32m[1mLinking C shared library rosidl_generator_py/ht_nav_variables/ht_nav_variables_s__rosidl_typesupport_c.cpython-38-x86_64-linux-gnu.so[0m
[100%] Built target ht_nav_variables__rosidl_typesupport_c__pyext
[100%] Built target ht_nav_variables__rosidl_typesupport_introspection_c__pyext
[100%] [32m[1mLinking CXX shared library rosidl_generator_py/ht_nav_variables/ht_nav_variables_s__rosidl_typesupport_fastrtps_c.cpython-38-x86_64-linux-gnu.so[0m
[100%] Built target ht_nav_variables__rosidl_typesupport_fastrtps_c__pyext
-- Install configuration: ""
-- Installing: /home/temur/INS-GPS-ROS2/install/ht_nav_variables/share/ament_index/resource_index/rosidl_interfaces/ht_nav_variables
-- Up-to-date: /home/temur/INS-GPS-ROS2/install/ht_nav_variables/include/ht_nav_variables
-- Up-to-date: /home/temur/INS-GPS-ROS2/install/ht_nav_variables/include/ht_nav_variables/msg
-- Installing: /home/temur/INS-GPS-ROS2/install/ht_nav_variables/include/ht_nav_variables/msg/ht_nav_imu_data.h
-- Installing: /home/temur/INS-GPS-ROS2/install/ht_nav_variables/include/ht_nav_variables/msg/ht_nav_vector3.h
-- Up-to-date: /home/temur/INS-GPS-ROS2/install/ht_nav_variables/include/ht_nav_variables/msg/detail
-- Installing: /home/temur/INS-GPS-ROS2/install/ht_nav_variables/include/ht_nav_variables/msg/detail/ht_nav_strap_out__functions.h
-- Installing: /home/temur/INS-GPS-ROS2/install/ht_nav_variables/include/ht_nav_variables/msg/detail/ht_nav_imu_data__struct.h
-- Installing: /home/temur/INS-GPS-ROS2/install/ht_nav_variables/include/ht_nav_variables/msg/detail/ht_nav_error_vector__functions.h
-- Installing: /home/temur/INS-GPS-ROS2/install/ht_nav_variables/include/ht_nav_variables/msg/detail/ht_nav_tire_out__functions.c
-- Installing: /home/temur/INS-GPS-ROS2/install/ht_nav_variables/include/ht_nav_variables/msg/detail/ht_nav_error_vector__type_support.h
-- Installing: /home/temur/INS-GPS-ROS2/install/ht_nav_variables/include/ht_nav_variables/msg/detail/ht_nav_wheel_vector__functions.c
-- Installing: /home/temur/INS-GPS-ROS2/install/ht_nav_variables/include/ht_nav_variables/msg/detail/ht_nav_point__struct.h
-- Installing: /home/temur/INS-GPS-ROS2/install/ht_nav_variables/include/ht_nav_variables/msg/detail/ht_nav_quaternion__functions.c
-- Installing: /home/temur/INS-GPS-ROS2/install/ht_nav_variables/include/ht_nav_variables/msg/detail/ht_nav_deneme__type_support.h
-- Installing: /home/temur/INS-GPS-ROS2/install/ht_nav_variables/include/ht_nav_variables/msg/detail/ht_nav_joint_state__functions.c
-- Installing: /home/temur/INS-GPS-ROS2/install/ht_nav_variables/include/ht_nav_variables/msg/detail/ht_nav_gps_data__functions.h
-- Installing: /home/temur/INS-GPS-ROS2/install/ht_nav_variables/include/ht_nav_variables/msg/detail/ht_nav_gps_data__functions.c
-- Installing: /home/temur/INS-GPS-ROS2/install/ht_nav_variables/include/ht_nav_variables/msg/detail/ht_nav_kalman_out__type_support.h
-- Installing: /home/temur/INS-GPS-ROS2/install/ht_nav_variables/include/ht_nav_variables/msg/detail/ht_nav_wheel_vector__functions.h
-- Installing: /home/temur/INS-GPS-ROS2/install/ht_nav_variables/include/ht_nav_variables/msg/detail/ht_nav_kalman_out__functions.h
-- Installing: /home/temur/INS-GPS-ROS2/install/ht_nav_variables/include/ht_nav_variables/msg/detail/ht_nav_strap_out__type_support.h
-- Installing: /home/temur/INS-GPS-ROS2/install/ht_nav_variables/include/ht_nav_variables/msg/detail/ht_nav_tire_out__functions.h
-- Installing: /home/temur/INS-GPS-ROS2/install/ht_nav_variables/include/ht_nav_variables/msg/detail/ht_nav_deneme__functions.c
-- Installing: /home/temur/INS-GPS-ROS2/install/ht_nav_variables/include/ht_nav_variables/msg/detail/ht_nav_euler__type_support.h
-- Installing: /home/temur/INS-GPS-ROS2/install/ht_nav_variables/include/ht_nav_variables/msg/detail/ht_nav_joint_state__functions.h
-- Installing: /home/temur/INS-GPS-ROS2/install/ht_nav_variables/include/ht_nav_variables/msg/detail/ht_nav_joint_state__struct.h
-- Installing: /home/temur/INS-GPS-ROS2/install/ht_nav_variables/include/ht_nav_variables/msg/detail/ht_nav_error_vector__struct.h
-- Installing: /home/temur/INS-GPS-ROS2/install/ht_nav_variables/include/ht_nav_variables/msg/detail/ht_nav_imu_data__functions.h
-- Installing: /home/temur/INS-GPS-ROS2/install/ht_nav_variables/include/ht_nav_variables/msg/detail/ht_nav_deneme__functions.h
-- Installing: /home/temur/INS-GPS-ROS2/install/ht_nav_variables/include/ht_nav_variables/msg/detail/ht_nav_vector3__type_support.h
-- Installing: /home/temur/INS-GPS-ROS2/install/ht_nav_variables/include/ht_nav_variables/msg/detail/ht_nav_point__type_support.h
-- Installing: /home/temur/INS-GPS-ROS2/install/ht_nav_variables/include/ht_nav_variables/msg/detail/ht_nav_tire_out__type_support.h
-- Installing: /home/temur/INS-GPS-ROS2/install/ht_nav_variables/include/ht_nav_variables/msg/detail/ht_nav_euler__functions.c
-- Installing: /home/temur/INS-GPS-ROS2/install/ht_nav_variables/include/ht_nav_variables/msg/detail/ht_nav_kalman_out__functions.c
-- Installing: /home/temur/INS-GPS-ROS2/install/ht_nav_variables/include/ht_nav_variables/msg/detail/ht_nav_quaternion__struct.h
-- Installing: /home/temur/INS-GPS-ROS2/install/ht_nav_variables/include/ht_nav_variables/msg/detail/ht_nav_point__functions.h
-- Installing: /home/temur/INS-GPS-ROS2/install/ht_nav_variables/include/ht_nav_variables/msg/detail/ht_nav_vector3__functions.c
-- Installing: /home/temur/INS-GPS-ROS2/install/ht_nav_variables/include/ht_nav_variables/msg/detail/ht_nav_joint_state__type_support.h
-- Installing: /home/temur/INS-GPS-ROS2/install/ht_nav_variables/include/ht_nav_variables/msg/detail/ht_nav_strap_out__functions.c
-- Installing: /home/temur/INS-GPS-ROS2/install/ht_nav_variables/include/ht_nav_variables/msg/detail/ht_nav_gps_data__struct.h
-- Installing: /home/temur/INS-GPS-ROS2/install/ht_nav_variables/include/ht_nav_variables/msg/detail/ht_nav_vector3__struct.h
-- Installing: /home/temur/INS-GPS-ROS2/install/ht_nav_variables/include/ht_nav_variables/msg/detail/ht_nav_tire_out__struct.h
-- Installing: /home/temur/INS-GPS-ROS2/install/ht_nav_variables/include/ht_nav_variables/msg/detail/ht_nav_euler__functions.h
-- Installing: /home/temur/INS-GPS-ROS2/install/ht_nav_variables/include/ht_nav_variables/msg/detail/ht_nav_strap_out__struct.h
-- Installing: /home/temur/INS-GPS-ROS2/install/ht_nav_variables/include/ht_nav_variables/msg/detail/ht_nav_point__functions.c
-- Installing: /home/temur/INS-GPS-ROS2/install/ht_nav_variables/include/ht_nav_variables/msg/detail/ht_nav_vector3__functions.h
-- Installing: /home/temur/INS-GPS-ROS2/install/ht_nav_variables/include/ht_nav_variables/msg/detail/ht_nav_quaternion__functions.h
-- Installing: /home/temur/INS-GPS-ROS2/install/ht_nav_variables/include/ht_nav_variables/msg/detail/ht_nav_error_vector__functions.c
-- Installing: /home/temur/INS-GPS-ROS2/install/ht_nav_variables/include/ht_nav_variables/msg/detail/ht_nav_deneme__struct.h
-- Installing: /home/temur/INS-GPS-ROS2/install/ht_nav_variables/include/ht_nav_variables/msg/detail/ht_nav_euler__struct.h
-- Installing: /home/temur/INS-GPS-ROS2/install/ht_nav_variables/include/ht_nav_variables/msg/detail/ht_nav_imu_data__functions.c
-- Installing: /home/temur/INS-GPS-ROS2/install/ht_nav_variables/include/ht_nav_variables/msg/detail/ht_nav_wheel_vector__struct.h
-- Installing: /home/temur/INS-GPS-ROS2/install/ht_nav_variables/include/ht_nav_variables/msg/detail/ht_nav_wheel_vector__type_support.h
-- Installing: /home/temur/INS-GPS-ROS2/install/ht_nav_variables/include/ht_nav_variables/msg/detail/ht_nav_imu_data__type_support.h
-- Installing: /home/temur/INS-GPS-ROS2/install/ht_nav_variables/include/ht_nav_variables/msg/detail/ht_nav_kalman_out__struct.h
-- Installing: /home/temur/INS-GPS-ROS2/install/ht_nav_variables/include/ht_nav_variables/msg/detail/ht_nav_gps_data__type_support.h
-- Installing: /home/temur/INS-GPS-ROS2/install/ht_nav_variables/include/ht_nav_variables/msg/detail/ht_nav_quaternion__type_support.h
-- Installing: /home/temur/INS-GPS-ROS2/install/ht_nav_variables/include/ht_nav_variables/msg/ht_nav_wheel_vector.h
-- Installing: /home/temur/INS-GPS-ROS2/install/ht_nav_variables/include/ht_nav_variables/msg/ht_nav_quaternion.h
-- Installing: /home/temur/INS-GPS-ROS2/install/ht_nav_variables/include/ht_nav_variables/msg/ht_nav_strap_out.h
-- Installing: /home/temur/INS-GPS-ROS2/install/ht_nav_variables/include/ht_nav_variables/msg/ht_nav_kalman_out.h
-- Installing: /home/temur/INS-GPS-ROS2/install/ht_nav_variables/include/ht_nav_variables/msg/ht_nav_error_vector.h
-- Installing: /home/temur/INS-GPS-ROS2/install/ht_nav_variables/include/ht_nav_variables/msg/ht_nav_deneme.h
-- Installing: /home/temur/INS-GPS-ROS2/install/ht_nav_variables/include/ht_nav_variables/msg/ht_nav_gps_data.h
-- Up-to-date: /home/temur/INS-GPS-ROS2/install/ht_nav_variables/include/ht_nav_variables/msg/rosidl_generator_c__visibility_control.h
-- Installing: /home/temur/INS-GPS-ROS2/install/ht_nav_variables/include/ht_nav_variables/msg/ht_nav_point.h
-- Installing: /home/temur/INS-GPS-ROS2/install/ht_nav_variables/include/ht_nav_variables/msg/ht_nav_euler.h
-- Installing: /home/temur/INS-GPS-ROS2/install/ht_nav_variables/include/ht_nav_variables/msg/ht_nav_joint_state.h
-- Installing: /home/temur/INS-GPS-ROS2/install/ht_nav_variables/include/ht_nav_variables/msg/ht_nav_tire_out.h
-- Up-to-date: /home/temur/INS-GPS-ROS2/install/ht_nav_variables/share/ht_nav_variables/environment/library_path.sh
-- Installing: /home/temur/INS-GPS-ROS2/install/ht_nav_variables/share/ht_nav_variables/environment/library_path.dsv
-- Installing: /home/temur/INS-GPS-ROS2/install/ht_nav_variables/lib/libht_nav_variables__rosidl_generator_c.so
-- Set runtime path of "/home/temur/INS-GPS-ROS2/install/ht_nav_variables/lib/libht_nav_variables__rosidl_generator_c.so" to ""
-- Up-to-date: /home/temur/INS-GPS-ROS2/install/ht_nav_variables/include/ht_nav_variables
-- Up-to-date: /home/temur/INS-GPS-ROS2/install/ht_nav_variables/include/ht_nav_variables/msg
-- Up-to-date: /home/temur/INS-GPS-ROS2/install/ht_nav_variables/include/ht_nav_variables/msg/detail
-- Installing: /home/temur/INS-GPS-ROS2/install/ht_nav_variables/include/ht_nav_variables/msg/detail/ht_nav_point__rosidl_typesupport_fastrtps_c.h
-- Installing: /home/temur/INS-GPS-ROS2/install/ht_nav_variables/include/ht_nav_variables/msg/detail/ht_nav_strap_out__rosidl_typesupport_fastrtps_c.h
-- Installing: /home/temur/INS-GPS-ROS2/install/ht_nav_variables/include/ht_nav_variables/msg/detail/ht_nav_quaternion__rosidl_typesupport_fastrtps_c.h
-- Installing: /home/temur/INS-GPS-ROS2/install/ht_nav_variables/include/ht_nav_variables/msg/detail/ht_nav_imu_data__rosidl_typesupport_fastrtps_c.h
-- Installing: /home/temur/INS-GPS-ROS2/install/ht_nav_variables/include/ht_nav_variables/msg/detail/ht_nav_gps_data__rosidl_typesupport_fastrtps_c.h
-- Installing: /home/temur/INS-GPS-ROS2/install/ht_nav_variables/include/ht_nav_variables/msg/detail/ht_nav_joint_state__rosidl_typesupport_fastrtps_c.h
-- Installing: /home/temur/INS-GPS-ROS2/install/ht_nav_variables/include/ht_nav_variables/msg/detail/ht_nav_kalman_out__rosidl_typesupport_fastrtps_c.h
-- Installing: /home/temur/INS-GPS-ROS2/install/ht_nav_variables/include/ht_nav_variables/msg/detail/ht_nav_euler__rosidl_typesupport_fastrtps_c.h
-- Installing: /home/temur/INS-GPS-ROS2/install/ht_nav_variables/include/ht_nav_variables/msg/detail/ht_nav_tire_out__rosidl_typesupport_fastrtps_c.h
-- Installing: /home/temur/INS-GPS-ROS2/install/ht_nav_variables/include/ht_nav_variables/msg/detail/ht_nav_wheel_vector__rosidl_typesupport_fastrtps_c.h
-- Installing: /home/temur/INS-GPS-ROS2/install/ht_nav_variables/include/ht_nav_variables/msg/detail/ht_nav_error_vector__rosidl_typesupport_fastrtps_c.h
-- Installing: /home/temur/INS-GPS-ROS2/install/ht_nav_variables/include/ht_nav_variables/msg/detail/ht_nav_deneme__rosidl_typesupport_fastrtps_c.h
-- Installing: /home/temur/INS-GPS-ROS2/install/ht_nav_variables/include/ht_nav_variables/msg/detail/ht_nav_vector3__rosidl_typesupport_fastrtps_c.h
-- Up-to-date: /home/temur/INS-GPS-ROS2/install/ht_nav_variables/include/ht_nav_variables/msg/rosidl_typesupport_fastrtps_c__visibility_control.h
-- Installing: /home/temur/INS-GPS-ROS2/install/ht_nav_variables/lib/libht_nav_variables__rosidl_typesupport_fastrtps_c.so
-- Set runtime path of "/home/temur/INS-GPS-ROS2/install/ht_nav_variables/lib/libht_nav_variables__rosidl_typesupport_fastrtps_c.so" to ""
-- Up-to-date: /home/temur/INS-GPS-ROS2/install/ht_nav_variables/include/ht_nav_variables
-- Up-to-date: /home/temur/INS-GPS-ROS2/install/ht_nav_variables/include/ht_nav_variables/msg
-- Up-to-date: /home/temur/INS-GPS-ROS2/install/ht_nav_variables/include/ht_nav_variables/msg/detail
-- Installing: /home/temur/INS-GPS-ROS2/install/ht_nav_variables/include/ht_nav_variables/msg/detail/ht_nav_error_vector__rosidl_typesupport_fastrtps_cpp.hpp
-- Installing: /home/temur/INS-GPS-ROS2/install/ht_nav_variables/include/ht_nav_variables/msg/detail/ht_nav_kalman_out__rosidl_typesupport_fastrtps_cpp.hpp
-- Installing: /home/temur/INS-GPS-ROS2/install/ht_nav_variables/include/ht_nav_variables/msg/detail/ht_nav_wheel_vector__rosidl_typesupport_fastrtps_cpp.hpp
-- Installing: /home/temur/INS-GPS-ROS2/install/ht_nav_variables/include/ht_nav_variables/msg/detail/ht_nav_quaternion__rosidl_typesupport_fastrtps_cpp.hpp
-- Up-to-date: /home/temur/INS-GPS-ROS2/install/ht_nav_variables/include/ht_nav_variables/msg/detail/dds_fastrtps
-- Installing: /home/temur/INS-GPS-ROS2/install/ht_nav_variables/include/ht_nav_variables/msg/detail/ht_nav_imu_data__rosidl_typesupport_fastrtps_cpp.hpp
-- Installing: /home/temur/INS-GPS-ROS2/install/ht_nav_variables/include/ht_nav_variables/msg/detail/ht_nav_strap_out__rosidl_typesupport_fastrtps_cpp.hpp
-- Installing: /home/temur/INS-GPS-ROS2/install/ht_nav_variables/include/ht_nav_variables/msg/detail/ht_nav_vector3__rosidl_typesupport_fastrtps_cpp.hpp
-- Installing: /home/temur/INS-GPS-ROS2/install/ht_nav_variables/include/ht_nav_variables/msg/detail/ht_nav_euler__rosidl_typesupport_fastrtps_cpp.hpp
-- Installing: /home/temur/INS-GPS-ROS2/install/ht_nav_variables/include/ht_nav_variables/msg/detail/ht_nav_gps_data__rosidl_typesupport_fastrtps_cpp.hpp
-- Installing: /home/temur/INS-GPS-ROS2/install/ht_nav_variables/include/ht_nav_variables/msg/detail/ht_nav_joint_state__rosidl_typesupport_fastrtps_cpp.hpp
-- Installing: /home/temur/INS-GPS-ROS2/install/ht_nav_variables/include/ht_nav_variables/msg/detail/ht_nav_tire_out__rosidl_typesupport_fastrtps_cpp.hpp
-- Installing: /home/temur/INS-GPS-ROS2/install/ht_nav_variables/include/ht_nav_variables/msg/detail/ht_nav_point__rosidl_typesupport_fastrtps_cpp.hpp
-- Installing: /home/temur/INS-GPS-ROS2/install/ht_nav_variables/include/ht_nav_variables/msg/detail/ht_nav_deneme__rosidl_typesupport_fastrtps_cpp.hpp
-- Up-to-date: /home/temur/INS-GPS-ROS2/install/ht_nav_variables/include/ht_nav_variables/msg/rosidl_typesupport_fastrtps_cpp__visibility_control.h
-- Installing: /home/temur/INS-GPS-ROS2/install/ht_nav_variables/lib/libht_nav_variables__rosidl_typesupport_fastrtps_cpp.so
-- Set runtime path of "/home/temur/INS-GPS-ROS2/install/ht_nav_variables/lib/libht_nav_variables__rosidl_typesupport_fastrtps_cpp.so" to ""
-- Up-to-date: /home/temur/INS-GPS-ROS2/install/ht_nav_variables/include/ht_nav_variables
-- Up-to-date: /home/temur/INS-GPS-ROS2/install/ht_nav_variables/include/ht_nav_variables/msg
-- Up-to-date: /home/temur/INS-GPS-ROS2/install/ht_nav_variables/include/ht_nav_variables/msg/detail
-- Installing: /home/temur/INS-GPS-ROS2/install/ht_nav_variables/include/ht_nav_variables/msg/detail/ht_nav_tire_out__type_support.c
-- Installing: /home/temur/INS-GPS-ROS2/install/ht_nav_variables/include/ht_nav_variables/msg/detail/ht_nav_gps_data__rosidl_typesupport_introspection_c.h
-- Installing: /home/temur/INS-GPS-ROS2/install/ht_nav_variables/include/ht_nav_variables/msg/detail/ht_nav_gps_data__type_support.c
-- Installing: /home/temur/INS-GPS-ROS2/install/ht_nav_variables/include/ht_nav_variables/msg/detail/ht_nav_joint_state__rosidl_typesupport_introspection_c.h
-- Installing: /home/temur/INS-GPS-ROS2/install/ht_nav_variables/include/ht_nav_variables/msg/detail/ht_nav_joint_state__type_support.c
-- Installing: /home/temur/INS-GPS-ROS2/install/ht_nav_variables/include/ht_nav_variables/msg/detail/ht_nav_vector3__rosidl_typesupport_introspection_c.h
-- Installing: /home/temur/INS-GPS-ROS2/install/ht_nav_variables/include/ht_nav_variables/msg/detail/ht_nav_kalman_out__type_support.c
-- Installing: /home/temur/INS-GPS-ROS2/install/ht_nav_variables/include/ht_nav_variables/msg/detail/ht_nav_imu_data__type_support.c
-- Installing: /home/temur/INS-GPS-ROS2/install/ht_nav_variables/include/ht_nav_variables/msg/detail/ht_nav_kalman_out__rosidl_typesupport_introspection_c.h
-- Installing: /home/temur/INS-GPS-ROS2/install/ht_nav_variables/include/ht_nav_variables/msg/detail/ht_nav_error_vector__type_support.c
-- Installing: /home/temur/INS-GPS-ROS2/install/ht_nav_variables/include/ht_nav_variables/msg/detail/ht_nav_vector3__type_support.c
-- Installing: /home/temur/INS-GPS-ROS2/install/ht_nav_variables/include/ht_nav_variables/msg/detail/ht_nav_strap_out__type_support.c
-- Installing: /home/temur/INS-GPS-ROS2/install/ht_nav_variables/include/ht_nav_variables/msg/detail/ht_nav_wheel_vector__rosidl_typesupport_introspection_c.h
-- Installing: /home/temur/INS-GPS-ROS2/install/ht_nav_variables/include/ht_nav_variables/msg/detail/ht_nav_strap_out__rosidl_typesupport_introspection_c.h
-- Installing: /home/temur/INS-GPS-ROS2/install/ht_nav_variables/include/ht_nav_variables/msg/detail/ht_nav_euler__type_support.c
-- Installing: /home/temur/INS-GPS-ROS2/install/ht_nav_variables/include/ht_nav_variables/msg/detail/ht_nav_deneme__rosidl_typesupport_introspection_c.h
-- Installing: /home/temur/INS-GPS-ROS2/install/ht_nav_variables/include/ht_nav_variables/msg/detail/ht_nav_tire_out__rosidl_typesupport_introspection_c.h
-- Installing: /home/temur/INS-GPS-ROS2/install/ht_nav_variables/include/ht_nav_variables/msg/detail/ht_nav_euler__rosidl_typesupport_introspection_c.h
-- Installing: /home/temur/INS-GPS-ROS2/install/ht_nav_variables/include/ht_nav_variables/msg/detail/ht_nav_point__rosidl_typesupport_introspection_c.h
-- Installing: /home/temur/INS-GPS-ROS2/install/ht_nav_variables/include/ht_nav_variables/msg/detail/ht_nav_wheel_vector__type_support.c
-- Installing: /home/temur/INS-GPS-ROS2/install/ht_nav_variables/include/ht_nav_variables/msg/detail/ht_nav_quaternion__rosidl_typesupport_introspection_c.h
-- Installing: /home/temur/INS-GPS-ROS2/install/ht_nav_variables/include/ht_nav_variables/msg/detail/ht_nav_error_vector__rosidl_typesupport_introspection_c.h
-- Installing: /home/temur/INS-GPS-ROS2/install/ht_nav_variables/include/ht_nav_variables/msg/detail/ht_nav_point__type_support.c
-- Installing: /home/temur/INS-GPS-ROS2/install/ht_nav_variables/include/ht_nav_variables/msg/detail/ht_nav_imu_data__rosidl_typesupport_introspection_c.h
-- Installing: /home/temur/INS-GPS-ROS2/install/ht_nav_variables/include/ht_nav_variables/msg/detail/ht_nav_deneme__type_support.c
-- Installing: /home/temur/INS-GPS-ROS2/install/ht_nav_variables/include/ht_nav_variables/msg/detail/ht_nav_quaternion__type_support.c
-- Up-to-date: /home/temur/INS-GPS-ROS2/install/ht_nav_variables/include/ht_nav_variables/msg/rosidl_typesupport_introspection_c__visibility_control.h
-- Installing: /home/temur/INS-GPS-ROS2/install/ht_nav_variables/lib/libht_nav_variables__rosidl_typesupport_introspection_c.so
-- Set runtime path of "/home/temur/INS-GPS-ROS2/install/ht_nav_variables/lib/libht_nav_variables__rosidl_typesupport_introspection_c.so" to ""
-- Installing: /home/temur/INS-GPS-ROS2/install/ht_nav_variables/lib/libht_nav_variables__rosidl_typesupport_c.so
-- Set runtime path of "/home/temur/INS-GPS-ROS2/install/ht_nav_variables/lib/libht_nav_variables__rosidl_typesupport_c.so" to ""
-- Up-to-date: /home/temur/INS-GPS-ROS2/install/ht_nav_variables/include/ht_nav_variables
-- Up-to-date: /home/temur/INS-GPS-ROS2/install/ht_nav_variables/include/ht_nav_variables/msg
-- Installing: /home/temur/INS-GPS-ROS2/install/ht_nav_variables/include/ht_nav_variables/msg/ht_nav_wheel_vector.hpp
-- Up-to-date: /home/temur/INS-GPS-ROS2/install/ht_nav_variables/include/ht_nav_variables/msg/detail
-- Installing: /home/temur/INS-GPS-ROS2/install/ht_nav_variables/include/ht_nav_variables/msg/detail/ht_nav_point__builder.hpp
-- Installing: /home/temur/INS-GPS-ROS2/install/ht_nav_variables/include/ht_nav_variables/msg/detail/ht_nav_kalman_out__traits.hpp
-- Installing: /home/temur/INS-GPS-ROS2/install/ht_nav_variables/include/ht_nav_variables/msg/detail/ht_nav_wheel_vector__struct.hpp
-- Installing: /home/temur/INS-GPS-ROS2/install/ht_nav_variables/include/ht_nav_variables/msg/detail/ht_nav_gps_data__traits.hpp
-- Installing: /home/temur/INS-GPS-ROS2/install/ht_nav_variables/include/ht_nav_variables/msg/detail/ht_nav_point__traits.hpp
-- Installing: /home/temur/INS-GPS-ROS2/install/ht_nav_variables/include/ht_nav_variables/msg/detail/ht_nav_point__struct.hpp
-- Installing: /home/temur/INS-GPS-ROS2/install/ht_nav_variables/include/ht_nav_variables/msg/detail/ht_nav_strap_out__builder.hpp
-- Installing: /home/temur/INS-GPS-ROS2/install/ht_nav_variables/include/ht_nav_variables/msg/detail/ht_nav_imu_data__traits.hpp
-- Installing: /home/temur/INS-GPS-ROS2/install/ht_nav_variables/include/ht_nav_variables/msg/detail/ht_nav_deneme__builder.hpp
-- Installing: /home/temur/INS-GPS-ROS2/install/ht_nav_variables/include/ht_nav_variables/msg/detail/ht_nav_strap_out__traits.hpp
-- Installing: /home/temur/INS-GPS-ROS2/install/ht_nav_variables/include/ht_nav_variables/msg/detail/ht_nav_euler__struct.hpp
-- Installing: /home/temur/INS-GPS-ROS2/install/ht_nav_variables/include/ht_nav_variables/msg/detail/ht_nav_tire_out__builder.hpp
-- Installing: /home/temur/INS-GPS-ROS2/install/ht_nav_variables/include/ht_nav_variables/msg/detail/ht_nav_strap_out__struct.hpp
-- Installing: /home/temur/INS-GPS-ROS2/install/ht_nav_variables/include/ht_nav_variables/msg/detail/ht_nav_joint_state__struct.hpp
-- Installing: /home/temur/INS-GPS-ROS2/install/ht_nav_variables/include/ht_nav_variables/msg/detail/ht_nav_gps_data__builder.hpp
-- Installing: /home/temur/INS-GPS-ROS2/install/ht_nav_variables/include/ht_nav_variables/msg/detail/ht_nav_euler__builder.hpp
-- Installing: /home/temur/INS-GPS-ROS2/install/ht_nav_variables/include/ht_nav_variables/msg/detail/ht_nav_gps_data__struct.hpp
-- Installing: /home/temur/INS-GPS-ROS2/install/ht_nav_variables/include/ht_nav_variables/msg/detail/ht_nav_joint_state__traits.hpp
-- Installing: /home/temur/INS-GPS-ROS2/install/ht_nav_variables/include/ht_nav_variables/msg/detail/ht_nav_error_vector__struct.hpp
-- Installing: /home/temur/INS-GPS-ROS2/install/ht_nav_variables/include/ht_nav_variables/msg/detail/ht_nav_tire_out__traits.hpp
-- Installing: /home/temur/INS-GPS-ROS2/install/ht_nav_variables/include/ht_nav_variables/msg/detail/ht_nav_wheel_vector__traits.hpp
-- Installing: /home/temur/INS-GPS-ROS2/install/ht_nav_variables/include/ht_nav_variables/msg/detail/ht_nav_deneme__struct.hpp
-- Installing: /home/temur/INS-GPS-ROS2/install/ht_nav_variables/include/ht_nav_variables/msg/detail/ht_nav_imu_data__builder.hpp
-- Installing: /home/temur/INS-GPS-ROS2/install/ht_nav_variables/include/ht_nav_variables/msg/detail/ht_nav_quaternion__builder.hpp
-- Installing: /home/temur/INS-GPS-ROS2/install/ht_nav_variables/include/ht_nav_variables/msg/detail/ht_nav_vector3__traits.hpp
-- Installing: /home/temur/INS-GPS-ROS2/install/ht_nav_variables/include/ht_nav_variables/msg/detail/ht_nav_kalman_out__struct.hpp
-- Installing: /home/temur/INS-GPS-ROS2/install/ht_nav_variables/include/ht_nav_variables/msg/detail/ht_nav_vector3__struct.hpp
-- Installing: /home/temur/INS-GPS-ROS2/install/ht_nav_variables/include/ht_nav_variables/msg/detail/ht_nav_imu_data__struct.hpp
-- Installing: /home/temur/INS-GPS-ROS2/install/ht_nav_variables/include/ht_nav_variables/msg/detail/ht_nav_quaternion__struct.hpp
-- Installing: /home/temur/INS-GPS-ROS2/install/ht_nav_variables/include/ht_nav_variables/msg/detail/ht_nav_tire_out__struct.hpp
-- Installing: /home/temur/INS-GPS-ROS2/install/ht_nav_variables/include/ht_nav_variables/msg/detail/ht_nav_deneme__traits.hpp
-- Installing: /home/temur/INS-GPS-ROS2/install/ht_nav_variables/include/ht_nav_variables/msg/detail/ht_nav_kalman_out__builder.hpp
-- Installing: /home/temur/INS-GPS-ROS2/install/ht_nav_variables/include/ht_nav_variables/msg/detail/ht_nav_vector3__builder.hpp
-- Installing: /home/temur/INS-GPS-ROS2/install/ht_nav_variables/include/ht_nav_variables/msg/detail/ht_nav_euler__traits.hpp
-- Installing: /home/temur/INS-GPS-ROS2/install/ht_nav_variables/include/ht_nav_variables/msg/detail/ht_nav_quaternion__traits.hpp
-- Installing: /home/temur/INS-GPS-ROS2/install/ht_nav_variables/include/ht_nav_variables/msg/detail/ht_nav_wheel_vector__builder.hpp
-- Installing: /home/temur/INS-GPS-ROS2/install/ht_nav_variables/include/ht_nav_variables/msg/detail/ht_nav_error_vector__builder.hpp
-- Installing: /home/temur/INS-GPS-ROS2/install/ht_nav_variables/include/ht_nav_variables/msg/detail/ht_nav_error_vector__traits.hpp
-- Installing: /home/temur/INS-GPS-ROS2/install/ht_nav_variables/include/ht_nav_variables/msg/detail/ht_nav_joint_state__builder.hpp
-- Installing: /home/temur/INS-GPS-ROS2/install/ht_nav_variables/include/ht_nav_variables/msg/ht_nav_imu_data.hpp
-- Installing: /home/temur/INS-GPS-ROS2/install/ht_nav_variables/include/ht_nav_variables/msg/ht_nav_deneme.hpp
-- Installing: /home/temur/INS-GPS-ROS2/install/ht_nav_variables/include/ht_nav_variables/msg/ht_nav_gps_data.hpp
-- Installing: /home/temur/INS-GPS-ROS2/install/ht_nav_variables/include/ht_nav_variables/msg/ht_nav_kalman_out.hpp
-- Installing: /home/temur/INS-GPS-ROS2/install/ht_nav_variables/include/ht_nav_variables/msg/ht_nav_euler.hpp
-- Installing: /home/temur/INS-GPS-ROS2/install/ht_nav_variables/include/ht_nav_variables/msg/ht_nav_tire_out.hpp
-- Installing: /home/temur/INS-GPS-ROS2/install/ht_nav_variables/include/ht_nav_variables/msg/ht_nav_joint_state.hpp
-- Installing: /home/temur/INS-GPS-ROS2/install/ht_nav_variables/include/ht_nav_variables/msg/ht_nav_strap_out.hpp
-- Installing: /home/temur/INS-GPS-ROS2/install/ht_nav_variables/include/ht_nav_variables/msg/ht_nav_point.hpp
-- Installing: /home/temur/INS-GPS-ROS2/install/ht_nav_variables/include/ht_nav_variables/msg/ht_nav_error_vector.hpp
-- Installing: /home/temur/INS-GPS-ROS2/install/ht_nav_variables/include/ht_nav_variables/msg/ht_nav_quaternion.hpp
-- Installing: /home/temur/INS-GPS-ROS2/install/ht_nav_variables/include/ht_nav_variables/msg/ht_nav_vector3.hpp
-- Up-to-date: /home/temur/INS-GPS-ROS2/install/ht_nav_variables/include/ht_nav_variables
-- Up-to-date: /home/temur/INS-GPS-ROS2/install/ht_nav_variables/include/ht_nav_variables/msg
-- Up-to-date: /home/temur/INS-GPS-ROS2/install/ht_nav_variables/include/ht_nav_variables/msg/detail
-- Installing: /home/temur/INS-GPS-ROS2/install/ht_nav_variables/include/ht_nav_variables/msg/detail/ht_nav_quaternion__type_support.cpp
-- Installing: /home/temur/INS-GPS-ROS2/install/ht_nav_variables/include/ht_nav_variables/msg/detail/ht_nav_euler__type_support.cpp
-- Installing: /home/temur/INS-GPS-ROS2/install/ht_nav_variables/include/ht_nav_variables/msg/detail/ht_nav_joint_state__rosidl_typesupport_introspection_cpp.hpp
-- Installing: /home/temur/INS-GPS-ROS2/install/ht_nav_variables/include/ht_nav_variables/msg/detail/ht_nav_deneme__rosidl_typesupport_introspection_cpp.hpp
-- Installing: /home/temur/INS-GPS-ROS2/install/ht_nav_variables/include/ht_nav_variables/msg/detail/ht_nav_vector3__type_support.cpp
-- Installing: /home/temur/INS-GPS-ROS2/install/ht_nav_variables/include/ht_nav_variables/msg/detail/ht_nav_tire_out__type_support.cpp
-- Installing: /home/temur/INS-GPS-ROS2/install/ht_nav_variables/include/ht_nav_variables/msg/detail/ht_nav_quaternion__rosidl_typesupport_introspection_cpp.hpp
-- Installing: /home/temur/INS-GPS-ROS2/install/ht_nav_variables/include/ht_nav_variables/msg/detail/ht_nav_tire_out__rosidl_typesupport_introspection_cpp.hpp
-- Installing: /home/temur/INS-GPS-ROS2/install/ht_nav_variables/include/ht_nav_variables/msg/detail/ht_nav_gps_data__rosidl_typesupport_introspection_cpp.hpp
-- Installing: /home/temur/INS-GPS-ROS2/install/ht_nav_variables/include/ht_nav_variables/msg/detail/ht_nav_point__rosidl_typesupport_introspection_cpp.hpp
-- Installing: /home/temur/INS-GPS-ROS2/install/ht_nav_variables/include/ht_nav_variables/msg/detail/ht_nav_strap_out__rosidl_typesupport_introspection_cpp.hpp
-- Installing: /home/temur/INS-GPS-ROS2/install/ht_nav_variables/include/ht_nav_variables/msg/detail/ht_nav_kalman_out__rosidl_typesupport_introspection_cpp.hpp
-- Installing: /home/temur/INS-GPS-ROS2/install/ht_nav_variables/include/ht_nav_variables/msg/detail/ht_nav_gps_data__type_support.cpp
-- Installing: /home/temur/INS-GPS-ROS2/install/ht_nav_variables/include/ht_nav_variables/msg/detail/ht_nav_error_vector__rosidl_typesupport_introspection_cpp.hpp
-- Installing: /home/temur/INS-GPS-ROS2/install/ht_nav_variables/include/ht_nav_variables/msg/detail/ht_nav_point__type_support.cpp
-- Installing: /home/temur/INS-GPS-ROS2/install/ht_nav_variables/include/ht_nav_variables/msg/detail/ht_nav_deneme__type_support.cpp
-- Installing: /home/temur/INS-GPS-ROS2/install/ht_nav_variables/include/ht_nav_variables/msg/detail/ht_nav_wheel_vector__rosidl_typesupport_introspection_cpp.hpp
-- Installing: /home/temur/INS-GPS-ROS2/install/ht_nav_variables/include/ht_nav_variables/msg/detail/ht_nav_imu_data__rosidl_typesupport_introspection_cpp.hpp
-- Installing: /home/temur/INS-GPS-ROS2/install/ht_nav_variables/include/ht_nav_variables/msg/detail/ht_nav_joint_state__type_support.cpp
-- Installing: /home/temur/INS-GPS-ROS2/install/ht_nav_variables/include/ht_nav_variables/msg/detail/ht_nav_wheel_vector__type_support.cpp
-- Installing: /home/temur/INS-GPS-ROS2/install/ht_nav_variables/include/ht_nav_variables/msg/detail/ht_nav_kalman_out__type_support.cpp
-- Installing: /home/temur/INS-GPS-ROS2/install/ht_nav_variables/include/ht_nav_variables/msg/detail/ht_nav_euler__rosidl_typesupport_introspection_cpp.hpp
-- Installing: /home/temur/INS-GPS-ROS2/install/ht_nav_variables/include/ht_nav_variables/msg/detail/ht_nav_vector3__rosidl_typesupport_introspection_cpp.hpp
-- Installing: /home/temur/INS-GPS-ROS2/install/ht_nav_variables/include/ht_nav_variables/msg/detail/ht_nav_strap_out__type_support.cpp
-- Installing: /home/temur/INS-GPS-ROS2/install/ht_nav_variables/include/ht_nav_variables/msg/detail/ht_nav_imu_data__type_support.cpp
-- Installing: /home/temur/INS-GPS-ROS2/install/ht_nav_variables/include/ht_nav_variables/msg/detail/ht_nav_error_vector__type_support.cpp
-- Installing: /home/temur/INS-GPS-ROS2/install/ht_nav_variables/lib/libht_nav_variables__rosidl_typesupport_introspection_cpp.so
-- Set runtime path of "/home/temur/INS-GPS-ROS2/install/ht_nav_variables/lib/libht_nav_variables__rosidl_typesupport_introspection_cpp.so" to ""
-- Installing: /home/temur/INS-GPS-ROS2/install/ht_nav_variables/lib/libht_nav_variables__rosidl_typesupport_cpp.so
-- Set runtime path of "/home/temur/INS-GPS-ROS2/install/ht_nav_variables/lib/libht_nav_variables__rosidl_typesupport_cpp.so" to ""
-- Up-to-date: /home/temur/INS-GPS-ROS2/install/ht_nav_variables/share/ht_nav_variables/environment/pythonpath.sh
-- Installing: /home/temur/INS-GPS-ROS2/install/ht_nav_variables/share/ht_nav_variables/environment/pythonpath.dsv
-- Installing: /home/temur/INS-GPS-ROS2/install/ht_nav_variables/lib/python3.8/site-packages/ht_nav_variables/__init__.py
Compiling '/home/temur/INS-GPS-ROS2/install/ht_nav_variables/lib/python3.8/site-packages/ht_nav_variables/__init__.py'...
-- Up-to-date: /home/temur/INS-GPS-ROS2/install/ht_nav_variables/lib/python3.8/site-packages/ht_nav_variables/msg
-- Installing: /home/temur/INS-GPS-ROS2/install/ht_nav_variables/lib/python3.8/site-packages/ht_nav_variables/msg/_ht_nav_deneme.py
-- Installing: /home/temur/INS-GPS-ROS2/install/ht_nav_variables/lib/python3.8/site-packages/ht_nav_variables/msg/_ht_nav_kalman_out.py
-- Installing: /home/temur/INS-GPS-ROS2/install/ht_nav_variables/lib/python3.8/site-packages/ht_nav_variables/msg/_ht_nav_imu_data_s.c
-- Installing: /home/temur/INS-GPS-ROS2/install/ht_nav_variables/lib/python3.8/site-packages/ht_nav_variables/msg/_ht_nav_wheel_vector.py
-- Installing: /home/temur/INS-GPS-ROS2/install/ht_nav_variables/lib/python3.8/site-packages/ht_nav_variables/msg/_ht_nav_joint_state_s.c
-- Installing: /home/temur/INS-GPS-ROS2/install/ht_nav_variables/lib/python3.8/site-packages/ht_nav_variables/msg/_ht_nav_tire_out.py
-- Installing: /home/temur/INS-GPS-ROS2/install/ht_nav_variables/lib/python3.8/site-packages/ht_nav_variables/msg/_ht_nav_imu_data.py
-- Installing: /home/temur/INS-GPS-ROS2/install/ht_nav_variables/lib/python3.8/site-packages/ht_nav_variables/msg/_ht_nav_strap_out_s.c
-- Installing: /home/temur/INS-GPS-ROS2/install/ht_nav_variables/lib/python3.8/site-packages/ht_nav_variables/msg/_ht_nav_point.py
-- Installing: /home/temur/INS-GPS-ROS2/install/ht_nav_variables/lib/python3.8/site-packages/ht_nav_variables/msg/_ht_nav_vector3.py
-- Installing: /home/temur/INS-GPS-ROS2/install/ht_nav_variables/lib/python3.8/site-packages/ht_nav_variables/msg/_ht_nav_wheel_vector_s.c
-- Installing: /home/temur/INS-GPS-ROS2/install/ht_nav_variables/lib/python3.8/site-packages/ht_nav_variables/msg/_ht_nav_gps_data.py
-- Installing: /home/temur/INS-GPS-ROS2/install/ht_nav_variables/lib/python3.8/site-packages/ht_nav_variables/msg/_ht_nav_euler.py
-- Installing: /home/temur/INS-GPS-ROS2/install/ht_nav_variables/lib/python3.8/site-packages/ht_nav_variables/msg/_ht_nav_kalman_out_s.c
-- Installing: /home/temur/INS-GPS-ROS2/install/ht_nav_variables/lib/python3.8/site-packages/ht_nav_variables/msg/_ht_nav_quaternion_s.c
-- Installing: /home/temur/INS-GPS-ROS2/install/ht_nav_variables/lib/python3.8/site-packages/ht_nav_variables/msg/_ht_nav_vector3_s.c
-- Installing: /home/temur/INS-GPS-ROS2/install/ht_nav_variables/lib/python3.8/site-packages/ht_nav_variables/msg/_ht_nav_strap_out.py
-- Installing: /home/temur/INS-GPS-ROS2/install/ht_nav_variables/lib/python3.8/site-packages/ht_nav_variables/msg/_ht_nav_error_vector.py
-- Installing: /home/temur/INS-GPS-ROS2/install/ht_nav_variables/lib/python3.8/site-packages/ht_nav_variables/msg/_ht_nav_gps_data_s.c
-- Installing: /home/temur/INS-GPS-ROS2/install/ht_nav_variables/lib/python3.8/site-packages/ht_nav_variables/msg/_ht_nav_joint_state.py
-- Installing: /home/temur/INS-GPS-ROS2/install/ht_nav_variables/lib/python3.8/site-packages/ht_nav_variables/msg/_ht_nav_error_vector_s.c
-- Installing: /home/temur/INS-GPS-ROS2/install/ht_nav_variables/lib/python3.8/site-packages/ht_nav_variables/msg/_ht_nav_euler_s.c
-- Installing: /home/temur/INS-GPS-ROS2/install/ht_nav_variables/lib/python3.8/site-packages/ht_nav_variables/msg/_ht_nav_quaternion.py
-- Installing: /home/temur/INS-GPS-ROS2/install/ht_nav_variables/lib/python3.8/site-packages/ht_nav_variables/msg/_ht_nav_tire_out_s.c
-- Installing: /home/temur/INS-GPS-ROS2/install/ht_nav_variables/lib/python3.8/site-packages/ht_nav_variables/msg/_ht_nav_deneme_s.c
-- Installing: /home/temur/INS-GPS-ROS2/install/ht_nav_variables/lib/python3.8/site-packages/ht_nav_variables/msg/_ht_nav_point_s.c
-- Installing: /home/temur/INS-GPS-ROS2/install/ht_nav_variables/lib/python3.8/site-packages/ht_nav_variables/msg/__init__.py
-- Installing: /home/temur/INS-GPS-ROS2/install/ht_nav_variables/lib/python3.8/site-packages/ht_nav_variables/ht_nav_variables_s__rosidl_typesupport_fastrtps_c.cpython-38-x86_64-linux-gnu.so
-- Set runtime path of "/home/temur/INS-GPS-ROS2/install/ht_nav_variables/lib/python3.8/site-packages/ht_nav_variables/ht_nav_variables_s__rosidl_typesupport_fastrtps_c.cpython-38-x86_64-linux-gnu.so" to ""
-- Installing: /home/temur/INS-GPS-ROS2/install/ht_nav_variables/lib/python3.8/site-packages/ht_nav_variables/ht_nav_variables_s__rosidl_typesupport_introspection_c.cpython-38-x86_64-linux-gnu.so
-- Set runtime path of "/home/temur/INS-GPS-ROS2/install/ht_nav_variables/lib/python3.8/site-packages/ht_nav_variables/ht_nav_variables_s__rosidl_typesupport_introspection_c.cpython-38-x86_64-linux-gnu.so" to ""
-- Installing: /home/temur/INS-GPS-ROS2/install/ht_nav_variables/lib/python3.8/site-packages/ht_nav_variables/ht_nav_variables_s__rosidl_typesupport_c.cpython-38-x86_64-linux-gnu.so
-- Set runtime path of "/home/temur/INS-GPS-ROS2/install/ht_nav_variables/lib/python3.8/site-packages/ht_nav_variables/ht_nav_variables_s__rosidl_typesupport_c.cpython-38-x86_64-linux-gnu.so" to ""
-- Installing: /home/temur/INS-GPS-ROS2/install/ht_nav_variables/lib/libht_nav_variables__python.so
-- Set runtime path of "/home/temur/INS-GPS-ROS2/install/ht_nav_variables/lib/libht_nav_variables__python.so" to ""
-- Up-to-date: /home/temur/INS-GPS-ROS2/install/ht_nav_variables/share/ht_nav_variables/msg/HtNavErrorVector.idl
-- Up-to-date: /home/temur/INS-GPS-ROS2/install/ht_nav_variables/share/ht_nav_variables/msg/HtNavEuler.idl
-- Up-to-date: /home/temur/INS-GPS-ROS2/install/ht_nav_variables/share/ht_nav_variables/msg/HtNavGpsData.idl
-- Up-to-date: /home/temur/INS-GPS-ROS2/install/ht_nav_variables/share/ht_nav_variables/msg/HtNavImuData.idl
-- Up-to-date: /home/temur/INS-GPS-ROS2/install/ht_nav_variables/share/ht_nav_variables/msg/HtNavKalmanOut.idl
-- Up-to-date: /home/temur/INS-GPS-ROS2/install/ht_nav_variables/share/ht_nav_variables/msg/HtNavStrapOut.idl
-- Up-to-date: /home/temur/INS-GPS-ROS2/install/ht_nav_variables/share/ht_nav_variables/msg/HtNavPoint.idl
-- Up-to-date: /home/temur/INS-GPS-ROS2/install/ht_nav_variables/share/ht_nav_variables/msg/HtNavVector3.idl
-- Up-to-date: /home/temur/INS-GPS-ROS2/install/ht_nav_variables/share/ht_nav_variables/msg/HtNavQuaternion.idl
-- Up-to-date: /home/temur/INS-GPS-ROS2/install/ht_nav_variables/share/ht_nav_variables/msg/HtNavDeneme.idl
-- Installing: /home/temur/INS-GPS-ROS2/install/ht_nav_variables/share/ht_nav_variables/msg/HtNavWheelVector.idl
-- Installing: /home/temur/INS-GPS-ROS2/install/ht_nav_variables/share/ht_nav_variables/msg/HtNavJointState.idl
-- Installing: /home/temur/INS-GPS-ROS2/install/ht_nav_variables/share/ht_nav_variables/msg/HtNavTireOut.idl
-- Up-to-date: /home/temur/INS-GPS-ROS2/install/ht_nav_variables/share/ht_nav_variables/msg/HtNavErrorVector.msg
-- Up-to-date: /home/temur/INS-GPS-ROS2/install/ht_nav_variables/share/ht_nav_variables/msg/HtNavEuler.msg
-- Up-to-date: /home/temur/INS-GPS-ROS2/install/ht_nav_variables/share/ht_nav_variables/msg/HtNavGpsData.msg
-- Up-to-date: /home/temur/INS-GPS-ROS2/install/ht_nav_variables/share/ht_nav_variables/msg/HtNavImuData.msg
-- Up-to-date: /home/temur/INS-GPS-ROS2/install/ht_nav_variables/share/ht_nav_variables/msg/HtNavKalmanOut.msg
-- Up-to-date: /home/temur/INS-GPS-ROS2/install/ht_nav_variables/share/ht_nav_variables/msg/HtNavStrapOut.msg
-- Up-to-date: /home/temur/INS-GPS-ROS2/install/ht_nav_variables/share/ht_nav_variables/msg/HtNavPoint.msg
-- Up-to-date: /home/temur/INS-GPS-ROS2/install/ht_nav_variables/share/ht_nav_variables/msg/HtNavVector3.msg
-- Up-to-date: /home/temur/INS-GPS-ROS2/install/ht_nav_variables/share/ht_nav_variables/msg/HtNavQuaternion.msg
-- Up-to-date: /home/temur/INS-GPS-ROS2/install/ht_nav_variables/share/ht_nav_variables/msg/HtNavDeneme.msg
-- Installing: /home/temur/INS-GPS-ROS2/install/ht_nav_variables/share/ht_nav_variables/msg/HtNavWheelVector.msg
-- Installing: /home/temur/INS-GPS-ROS2/install/ht_nav_variables/share/ht_nav_variables/msg/HtNavJointState.msg
-- Installing: /home/temur/INS-GPS-ROS2/install/ht_nav_variables/share/ht_nav_variables/msg/HtNavTireOut.msg
-- Up-to-date: /home/temur/INS-GPS-ROS2/install/ht_nav_variables/share/ament_index/resource_index/package_run_dependencies/ht_nav_variables
-- Up-to-date: /home/temur/INS-GPS-ROS2/install/ht_nav_variables/share/ament_index/resource_index/parent_prefix_path/ht_nav_variables
-- Up-to-date: /home/temur/INS-GPS-ROS2/install/ht_nav_variables/share/ht_nav_variables/environment/ament_prefix_path.sh
-- Installing: /home/temur/INS-GPS-ROS2/install/ht_nav_variables/share/ht_nav_variables/environment/ament_prefix_path.dsv
-- Up-to-date: /home/temur/INS-GPS-ROS2/install/ht_nav_variables/share/ht_nav_variables/environment/path.sh
-- Installing: /home/temur/INS-GPS-ROS2/install/ht_nav_variables/share/ht_nav_variables/environment/path.dsv
-- Up-to-date: /home/temur/INS-GPS-ROS2/install/ht_nav_variables/share/ht_nav_variables/local_setup.bash
-- Up-to-date: /home/temur/INS-GPS-ROS2/install/ht_nav_variables/share/ht_nav_variables/local_setup.sh
-- Up-to-date: /home/temur/INS-GPS-ROS2/install/ht_nav_variables/share/ht_nav_variables/local_setup.zsh
-- Installing: /home/temur/INS-GPS-ROS2/install/ht_nav_variables/share/ht_nav_variables/local_setup.dsv
-- Installing: /home/temur/INS-GPS-ROS2/install/ht_nav_variables/share/ht_nav_variables/package.dsv
-- Up-to-date: /home/temur/INS-GPS-ROS2/install/ht_nav_variables/share/ament_index/resource_index/packages/ht_nav_variables
-- Up-to-date: /home/temur/INS-GPS-ROS2/install/ht_nav_variables/share/ht_nav_variables/cmake/ht_nav_variables__rosidl_generator_cExport.cmake
-- Installing: /home/temur/INS-GPS-ROS2/install/ht_nav_variables/share/ht_nav_variables/cmake/ht_nav_variables__rosidl_generator_cExport-noconfig.cmake
-- Up-to-date: /home/temur/INS-GPS-ROS2/install/ht_nav_variables/share/ht_nav_variables/cmake/ht_nav_variables__rosidl_typesupport_introspection_cExport.cmake
-- Installing: /home/temur/INS-GPS-ROS2/install/ht_nav_variables/share/ht_nav_variables/cmake/ht_nav_variables__rosidl_typesupport_introspection_cExport-noconfig.cmake
-- Up-to-date: /home/temur/INS-GPS-ROS2/install/ht_nav_variables/share/ht_nav_variables/cmake/ht_nav_variables__rosidl_typesupport_cExport.cmake
-- Installing: /home/temur/INS-GPS-ROS2/install/ht_nav_variables/share/ht_nav_variables/cmake/ht_nav_variables__rosidl_typesupport_cExport-noconfig.cmake
-- Up-to-date: /home/temur/INS-GPS-ROS2/install/ht_nav_variables/share/ht_nav_variables/cmake/ht_nav_variables__rosidl_generator_cppExport.cmake
-- Up-to-date: /home/temur/INS-GPS-ROS2/install/ht_nav_variables/share/ht_nav_variables/cmake/ht_nav_variables__rosidl_typesupport_introspection_cppExport.cmake
-- Installing: /home/temur/INS-GPS-ROS2/install/ht_nav_variables/share/ht_nav_variables/cmake/ht_nav_variables__rosidl_typesupport_introspection_cppExport-noconfig.cmake
-- Up-to-date: /home/temur/INS-GPS-ROS2/install/ht_nav_variables/share/ht_nav_variables/cmake/ht_nav_variables__rosidl_typesupport_cppExport.cmake
-- Installing: /home/temur/INS-GPS-ROS2/install/ht_nav_variables/share/ht_nav_variables/cmake/ht_nav_variables__rosidl_typesupport_cppExport-noconfig.cmake
-- Installing: /home/temur/INS-GPS-ROS2/install/ht_nav_variables/share/ht_nav_variables/cmake/rosidl_cmake-extras.cmake
-- Up-to-date: /home/temur/INS-GPS-ROS2/install/ht_nav_variables/share/ht_nav_variables/cmake/ament_cmake_export_dependencies-extras.cmake
-- Up-to-date: /home/temur/INS-GPS-ROS2/install/ht_nav_variables/share/ht_nav_variables/cmake/ament_cmake_export_libraries-extras.cmake
-- Up-to-date: /home/temur/INS-GPS-ROS2/install/ht_nav_variables/share/ht_nav_variables/cmake/ament_cmake_export_targets-extras.cmake
-- Up-to-date: /home/temur/INS-GPS-ROS2/install/ht_nav_variables/share/ht_nav_variables/cmake/ament_cmake_export_include_directories-extras.cmake
-- Up-to-date: /home/temur/INS-GPS-ROS2/install/ht_nav_variables/share/ht_nav_variables/cmake/rosidl_cmake_export_typesupport_libraries-extras.cmake
-- Up-to-date: /home/temur/INS-GPS-ROS2/install/ht_nav_variables/share/ht_nav_variables/cmake/rosidl_cmake_export_typesupport_targets-extras.cmake
-- Up-to-date: /home/temur/INS-GPS-ROS2/install/ht_nav_variables/share/ht_nav_variables/cmake/ht_nav_variablesConfig.cmake
-- Up-to-date: /home/temur/INS-GPS-ROS2/install/ht_nav_variables/share/ht_nav_variables/cmake/ht_nav_variablesConfig-version.cmake
-- Up-to-date: /home/temur/INS-GPS-ROS2/install/ht_nav_variables/share/ht_nav_variables/package.xml
