[0.852s] Invoking command in '/home/temur/INS-GPS-ROS2/src/ht_strap_package': PYTHONPATH=/home/temur/INS-GPS-ROS2/install/ht_strap_package/lib/python3.8/site-packages:/home/temur/INS-GPS-ROS2/install/ht_nav_variables/lib/python3.8/site-packages:/home/temur/INS-GPS-ROS2/install/ht_strap_package/lib/python3.8/site-packages:/opt/ros/foxy/lib/python3.8/site-packages /usr/bin/python3 setup.py egg_info --egg-base ../../build/ht_strap_package build --build-base /home/temur/INS-GPS-ROS2/build/ht_strap_package/build install --prefix /home/temur/INS-GPS-ROS2/install/ht_strap_package --record /home/temur/INS-GPS-ROS2/build/ht_strap_package/install.log --single-version-externally-managed
[1.116s] running egg_info
[1.117s] writing ../../build/ht_strap_package/ht_strap_package.egg-info/PKG-INFO
[1.118s] writing dependency_links to ../../build/ht_strap_package/ht_strap_package.egg-info/dependency_links.txt
[1.118s] writing entry points to ../../build/ht_strap_package/ht_strap_package.egg-info/entry_points.txt
[1.119s] writing requirements to ../../build/ht_strap_package/ht_strap_package.egg-info/requires.txt
[1.119s] writing top-level names to ../../build/ht_strap_package/ht_strap_package.egg-info/top_level.txt
[1.166s] reading manifest file '../../build/ht_strap_package/ht_strap_package.egg-info/SOURCES.txt'
[1.168s] writing manifest file '../../build/ht_strap_package/ht_strap_package.egg-info/SOURCES.txt'
[1.168s] running build
[1.169s] running build_py
[1.171s] running install
[1.172s] running install_lib
[1.175s] running install_data
[1.176s] running install_egg_info
[1.178s] removing '/home/temur/INS-GPS-ROS2/install/ht_strap_package/lib/python3.8/site-packages/ht_strap_package-0.0.0-py3.8.egg-info' (and everything under it)
[1.179s] Copying ../../build/ht_strap_package/ht_strap_package.egg-info to /home/temur/INS-GPS-ROS2/install/ht_strap_package/lib/python3.8/site-packages/ht_strap_package-0.0.0-py3.8.egg-info
[1.181s] running install_scripts
[1.203s] Installing data_collector script to /home/temur/INS-GPS-ROS2/install/ht_strap_package/lib/ht_strap_package
[1.204s] Installing gps_data_converter_node script to /home/temur/INS-GPS-ROS2/install/ht_strap_package/lib/ht_strap_package
[1.204s] Installing gps_data_publisher_node script to /home/temur/INS-GPS-ROS2/install/ht_strap_package/lib/ht_strap_package
[1.204s] Installing ideal_gps_data_converter_node script to /home/temur/INS-GPS-ROS2/install/ht_strap_package/lib/ht_strap_package
[1.204s] Installing imu_data_converter_node script to /home/temur/INS-GPS-ROS2/install/ht_strap_package/lib/ht_strap_package
[1.204s] Installing imu_data_ideal_converter_node script to /home/temur/INS-GPS-ROS2/install/ht_strap_package/lib/ht_strap_package
[1.204s] Installing imu_data_publisher_node script to /home/temur/INS-GPS-ROS2/install/ht_strap_package/lib/ht_strap_package
[1.204s] Installing ins_gps_node script to /home/temur/INS-GPS-ROS2/install/ht_strap_package/lib/ht_strap_package
[1.205s] Installing listener script to /home/temur/INS-GPS-ROS2/install/ht_strap_package/lib/ht_strap_package
[1.205s] Installing my_teleop script to /home/temur/INS-GPS-ROS2/install/ht_strap_package/lib/ht_strap_package
[1.205s] Installing pseudo_controller script to /home/temur/INS-GPS-ROS2/install/ht_strap_package/lib/ht_strap_package
[1.205s] Installing robot_listener script to /home/temur/INS-GPS-ROS2/install/ht_strap_package/lib/ht_strap_package
[1.205s] Installing robot_state_listener script to /home/temur/INS-GPS-ROS2/install/ht_strap_package/lib/ht_strap_package
[1.205s] Installing strap_ideal_node script to /home/temur/INS-GPS-ROS2/install/ht_strap_package/lib/ht_strap_package
[1.206s] Installing strap_ins_gps_cartesian_node script to /home/temur/INS-GPS-ROS2/install/ht_strap_package/lib/ht_strap_package
[1.206s] Installing strap_ins_gps_cartesian_pv_node script to /home/temur/INS-GPS-ROS2/install/ht_strap_package/lib/ht_strap_package
[1.206s] Installing strap_ins_gps_node script to /home/temur/INS-GPS-ROS2/install/ht_strap_package/lib/ht_strap_package
[1.206s] Installing strap_node script to /home/temur/INS-GPS-ROS2/install/ht_strap_package/lib/ht_strap_package
[1.206s] Installing strap_onlyins_node script to /home/temur/INS-GPS-ROS2/install/ht_strap_package/lib/ht_strap_package
[1.206s] Installing strap_w_kalman_node script to /home/temur/INS-GPS-ROS2/install/ht_strap_package/lib/ht_strap_package
[1.206s] Installing teleop_constant script to /home/temur/INS-GPS-ROS2/install/ht_strap_package/lib/ht_strap_package
[1.207s] Installing teleop_controller script to /home/temur/INS-GPS-ROS2/install/ht_strap_package/lib/ht_strap_package
[1.207s] Installing teleop_scn_pub script to /home/temur/INS-GPS-ROS2/install/ht_strap_package/lib/ht_strap_package
[1.207s] Installing tire_force_calc_node script to /home/temur/INS-GPS-ROS2/install/ht_strap_package/lib/ht_strap_package
[1.208s] writing list of installed files to '/home/temur/INS-GPS-ROS2/build/ht_strap_package/install.log'
[1.241s] Invoked command in '/home/temur/INS-GPS-ROS2/src/ht_strap_package' returned '0': PYTHONPATH=/home/temur/INS-GPS-ROS2/install/ht_strap_package/lib/python3.8/site-packages:/home/temur/INS-GPS-ROS2/install/ht_nav_variables/lib/python3.8/site-packages:/home/temur/INS-GPS-ROS2/install/ht_strap_package/lib/python3.8/site-packages:/opt/ros/foxy/lib/python3.8/site-packages /usr/bin/python3 setup.py egg_info --egg-base ../../build/ht_strap_package build --build-base /home/temur/INS-GPS-ROS2/build/ht_strap_package/build install --prefix /home/temur/INS-GPS-ROS2/install/ht_strap_package --record /home/temur/INS-GPS-ROS2/build/ht_strap_package/install.log --single-version-externally-managed
