[0.604s] Invoking command in '/home/temur/INS-GPS-ROS2/src/ht_strap_package': PYTHONPATH=/home/temur/INS-GPS-ROS2/install/ht_strap_package/lib/python3.8/site-packages:/home/temur/INS-GPS-ROS2/install/ht_nav_variables/lib/python3.8/site-packages:/home/temur/INS-GPS-ROS2/install/ht_strap_package/lib/python3.8/site-packages:/opt/ros/foxy/lib/python3.8/site-packages /usr/bin/python3 setup.py egg_info --egg-base ../../build/ht_strap_package build --build-base /home/temur/INS-GPS-ROS2/build/ht_strap_package/build install --prefix /home/temur/INS-GPS-ROS2/install/ht_strap_package --record /home/temur/INS-GPS-ROS2/build/ht_strap_package/install.log --single-version-externally-managed
[0.807s] running egg_info
[0.808s] writing ../../build/ht_strap_package/ht_strap_package.egg-info/PKG-INFO
[0.809s] writing dependency_links to ../../build/ht_strap_package/ht_strap_package.egg-info/dependency_links.txt
[0.809s] writing entry points to ../../build/ht_strap_package/ht_strap_package.egg-info/entry_points.txt
[0.809s] writing requirements to ../../build/ht_strap_package/ht_strap_package.egg-info/requires.txt
[0.810s] writing top-level names to ../../build/ht_strap_package/ht_strap_package.egg-info/top_level.txt
[0.840s] reading manifest file '../../build/ht_strap_package/ht_strap_package.egg-info/SOURCES.txt'
[0.842s] writing manifest file '../../build/ht_strap_package/ht_strap_package.egg-info/SOURCES.txt'
[0.843s] running build
[0.843s] running build_py
[0.844s] copying ht_strap_package/teleop_controller.py -> /home/temur/INS-GPS-ROS2/build/ht_strap_package/build/lib/ht_strap_package
[0.844s] running install
[0.845s] running install_lib
[0.846s] copying /home/temur/INS-GPS-ROS2/build/ht_strap_package/build/lib/ht_strap_package/teleop_controller.py -> /home/temur/INS-GPS-ROS2/install/ht_strap_package/lib/python3.8/site-packages/ht_strap_package
[0.847s] byte-compiling /home/temur/INS-GPS-ROS2/install/ht_strap_package/lib/python3.8/site-packages/ht_strap_package/teleop_controller.py to teleop_controller.cpython-38.pyc
[0.849s] running install_data
[0.849s] running install_egg_info
[0.851s] removing '/home/temur/INS-GPS-ROS2/install/ht_strap_package/lib/python3.8/site-packages/ht_strap_package-0.0.0-py3.8.egg-info' (and everything under it)
[0.851s] Copying ../../build/ht_strap_package/ht_strap_package.egg-info to /home/temur/INS-GPS-ROS2/install/ht_strap_package/lib/python3.8/site-packages/ht_strap_package-0.0.0-py3.8.egg-info
[0.852s] running install_scripts
[0.868s] Installing gps_data_converter_node script to /home/temur/INS-GPS-ROS2/install/ht_strap_package/lib/ht_strap_package
[0.868s] Installing gps_data_publisher_node script to /home/temur/INS-GPS-ROS2/install/ht_strap_package/lib/ht_strap_package
[0.869s] Installing ideal_gps_data_converter_node script to /home/temur/INS-GPS-ROS2/install/ht_strap_package/lib/ht_strap_package
[0.869s] Installing imu_data_converter_node script to /home/temur/INS-GPS-ROS2/install/ht_strap_package/lib/ht_strap_package
[0.869s] Installing imu_data_publisher_node script to /home/temur/INS-GPS-ROS2/install/ht_strap_package/lib/ht_strap_package
[0.869s] Installing ins_gps_node script to /home/temur/INS-GPS-ROS2/install/ht_strap_package/lib/ht_strap_package
[0.869s] Installing joint_listener_node script to /home/temur/INS-GPS-ROS2/install/ht_strap_package/lib/ht_strap_package
[0.869s] Installing listener script to /home/temur/INS-GPS-ROS2/install/ht_strap_package/lib/ht_strap_package
[0.869s] Installing my_teleop script to /home/temur/INS-GPS-ROS2/install/ht_strap_package/lib/ht_strap_package
[0.870s] Installing pseudo_controller script to /home/temur/INS-GPS-ROS2/install/ht_strap_package/lib/ht_strap_package
[0.870s] Installing strap_ins_gps_node script to /home/temur/INS-GPS-ROS2/install/ht_strap_package/lib/ht_strap_package
[0.870s] Installing strap_node script to /home/temur/INS-GPS-ROS2/install/ht_strap_package/lib/ht_strap_package
[0.870s] Installing strap_w_kalman_node script to /home/temur/INS-GPS-ROS2/install/ht_strap_package/lib/ht_strap_package
[0.870s] Installing teleop_controller script to /home/temur/INS-GPS-ROS2/install/ht_strap_package/lib/ht_strap_package
[0.870s] writing list of installed files to '/home/temur/INS-GPS-ROS2/build/ht_strap_package/install.log'
[0.902s] Invoked command in '/home/temur/INS-GPS-ROS2/src/ht_strap_package' returned '0': PYTHONPATH=/home/temur/INS-GPS-ROS2/install/ht_strap_package/lib/python3.8/site-packages:/home/temur/INS-GPS-ROS2/install/ht_nav_variables/lib/python3.8/site-packages:/home/temur/INS-GPS-ROS2/install/ht_strap_package/lib/python3.8/site-packages:/opt/ros/foxy/lib/python3.8/site-packages /usr/bin/python3 setup.py egg_info --egg-base ../../build/ht_strap_package build --build-base /home/temur/INS-GPS-ROS2/build/ht_strap_package/build install --prefix /home/temur/INS-GPS-ROS2/install/ht_strap_package --record /home/temur/INS-GPS-ROS2/build/ht_strap_package/install.log --single-version-externally-managed
