[0.033s] Invoking command in '/home/temur/INS-GPS-ROS2/build/ht_nav_variables': CMAKE_PREFIX_PATH=${CMAKE_PREFIX_PATH}:/home/temur/INS-GPS-ROS2/install/ht_strap_package:/opt/ros/foxy /usr/bin/cmake --build /home/temur/INS-GPS-ROS2/build/ht_nav_variables -- -j12 -l12
[0.148s] [  0%] Built target ht_nav_variables__cpp
[0.158s] [ 12%] Built target ht_nav_variables__rosidl_generator_c
[0.190s] [ 24%] Built target ht_nav_variables__rosidl_typesupport_cpp
[0.193s] [ 36%] Built target ht_nav_variables__rosidl_typesupport_introspection_cpp
[0.201s] [ 48%] Built target ht_nav_variables__rosidl_typesupport_fastrtps_cpp
[0.201s] [ 60%] Built target ht_nav_variables__rosidl_typesupport_introspection_c
[0.205s] [ 72%] Built target ht_nav_variables__rosidl_typesupport_c
[0.254s] [ 84%] Built target ht_nav_variables__rosidl_typesupport_fastrtps_c
[0.292s] [ 84%] Built target ht_nav_variables
[0.330s] [ 85%] Built target ht_nav_variables__py
[0.396s] [ 96%] Built target ht_nav_variables__python
[0.442s] [ 98%] Built target ht_nav_variables__rosidl_typesupport_c__pyext
[0.443s] [ 98%] Built target ht_nav_variables__rosidl_typesupport_fastrtps_c__pyext
[0.448s] [100%] Built target ht_nav_variables__rosidl_typesupport_introspection_c__pyext
[0.471s] Invoked command in '/home/temur/INS-GPS-ROS2/build/ht_nav_variables' returned '0': CMAKE_PREFIX_PATH=${CMAKE_PREFIX_PATH}:/home/temur/INS-GPS-ROS2/install/ht_strap_package:/opt/ros/foxy /usr/bin/cmake --build /home/temur/INS-GPS-ROS2/build/ht_nav_variables -- -j12 -l12
[0.916s] Invoking command in '/home/temur/INS-GPS-ROS2/build/ht_nav_variables': CMAKE_PREFIX_PATH=${CMAKE_PREFIX_PATH}:/home/temur/INS-GPS-ROS2/install/ht_strap_package:/opt/ros/foxy /usr/bin/cmake --install /home/temur/INS-GPS-ROS2/build/ht_nav_variables
[0.933s] -- Install configuration: ""
[0.933s] -- Up-to-date: /home/temur/INS-GPS-ROS2/install/ht_nav_variables/share/ament_index/resource_index/rosidl_interfaces/ht_nav_variables
[0.934s] -- Up-to-date: /home/temur/INS-GPS-ROS2/install/ht_nav_variables/include/ht_nav_variables
[0.934s] -- Up-to-date: /home/temur/INS-GPS-ROS2/install/ht_nav_variables/include/ht_nav_variables/msg
[0.935s] -- Up-to-date: /home/temur/INS-GPS-ROS2/install/ht_nav_variables/include/ht_nav_variables/msg/ht_nav_imu_data.h
[0.935s] -- Up-to-date: /home/temur/INS-GPS-ROS2/install/ht_nav_variables/include/ht_nav_variables/msg/ht_nav_vector3.h
[0.935s] -- Up-to-date: /home/temur/INS-GPS-ROS2/install/ht_nav_variables/include/ht_nav_variables/msg/detail
[0.936s] -- Up-to-date: /home/temur/INS-GPS-ROS2/install/ht_nav_variables/include/ht_nav_variables/msg/detail/ht_nav_strap_out__functions.h
[0.936s] -- Up-to-date: /home/temur/INS-GPS-ROS2/install/ht_nav_variables/include/ht_nav_variables/msg/detail/ht_nav_imu_data__struct.h
[0.936s] -- Up-to-date: /home/temur/INS-GPS-ROS2/install/ht_nav_variables/include/ht_nav_variables/msg/detail/ht_nav_error_vector__functions.h
[0.936s] -- Up-to-date: /home/temur/INS-GPS-ROS2/install/ht_nav_variables/include/ht_nav_variables/msg/detail/ht_nav_tire_out__functions.c
[0.937s] -- Up-to-date: /home/temur/INS-GPS-ROS2/install/ht_nav_variables/include/ht_nav_variables/msg/detail/ht_nav_error_vector__type_support.h
[0.937s] -- Up-to-date: /home/temur/INS-GPS-ROS2/install/ht_nav_variables/include/ht_nav_variables/msg/detail/ht_nav_wheel_vector__functions.c
[0.937s] -- Up-to-date: /home/temur/INS-GPS-ROS2/install/ht_nav_variables/include/ht_nav_variables/msg/detail/ht_nav_vehicle_debug__functions.h
[0.937s] -- Up-to-date: /home/temur/INS-GPS-ROS2/install/ht_nav_variables/include/ht_nav_variables/msg/detail/ht_nav_point__struct.h
[0.937s] -- Up-to-date: /home/temur/INS-GPS-ROS2/install/ht_nav_variables/include/ht_nav_variables/msg/detail/ht_nav_quaternion__functions.c
[0.938s] -- Up-to-date: /home/temur/INS-GPS-ROS2/install/ht_nav_variables/include/ht_nav_variables/msg/detail/ht_nav_deneme__type_support.h
[0.939s] -- Up-to-date: /home/temur/INS-GPS-ROS2/install/ht_nav_variables/include/ht_nav_variables/msg/detail/ht_nav_joint_state__functions.c
[0.939s] -- Up-to-date: /home/temur/INS-GPS-ROS2/install/ht_nav_variables/include/ht_nav_variables/msg/detail/ht_nav_gps_data__functions.h
[0.940s] -- Up-to-date: /home/temur/INS-GPS-ROS2/install/ht_nav_variables/include/ht_nav_variables/msg/detail/ht_nav_gps_data__functions.c
[0.940s] -- Up-to-date: /home/temur/INS-GPS-ROS2/install/ht_nav_variables/include/ht_nav_variables/msg/detail/ht_nav_kalman_out__type_support.h
[0.941s] -- Up-to-date: /home/temur/INS-GPS-ROS2/install/ht_nav_variables/include/ht_nav_variables/msg/detail/ht_nav_wheel_vector__functions.h
[0.941s] -- Up-to-date: /home/temur/INS-GPS-ROS2/install/ht_nav_variables/include/ht_nav_variables/msg/detail/ht_nav_vehicle_debug__type_support.h
[0.941s] -- Up-to-date: /home/temur/INS-GPS-ROS2/install/ht_nav_variables/include/ht_nav_variables/msg/detail/ht_nav_strap_car_out__struct.h
[0.942s] -- Up-to-date: /home/temur/INS-GPS-ROS2/install/ht_nav_variables/include/ht_nav_variables/msg/detail/ht_nav_kalman_out__functions.h
[0.942s] -- Up-to-date: /home/temur/INS-GPS-ROS2/install/ht_nav_variables/include/ht_nav_variables/msg/detail/ht_nav_strap_out__type_support.h
[0.942s] -- Up-to-date: /home/temur/INS-GPS-ROS2/install/ht_nav_variables/include/ht_nav_variables/msg/detail/ht_nav_tire_out__functions.h
[0.942s] -- Up-to-date: /home/temur/INS-GPS-ROS2/install/ht_nav_variables/include/ht_nav_variables/msg/detail/ht_nav_deneme__functions.c
[0.942s] -- Up-to-date: /home/temur/INS-GPS-ROS2/install/ht_nav_variables/include/ht_nav_variables/msg/detail/ht_nav_euler__type_support.h
[0.943s] -- Up-to-date: /home/temur/INS-GPS-ROS2/install/ht_nav_variables/include/ht_nav_variables/msg/detail/ht_nav_joint_state__functions.h
[0.943s] -- Up-to-date: /home/temur/INS-GPS-ROS2/install/ht_nav_variables/include/ht_nav_variables/msg/detail/ht_nav_strap_car_out__functions.c
[0.943s] -- Up-to-date: /home/temur/INS-GPS-ROS2/install/ht_nav_variables/include/ht_nav_variables/msg/detail/ht_nav_joint_state__struct.h
[0.944s] -- Up-to-date: /home/temur/INS-GPS-ROS2/install/ht_nav_variables/include/ht_nav_variables/msg/detail/ht_nav_error_vector__struct.h
[0.944s] -- Up-to-date: /home/temur/INS-GPS-ROS2/install/ht_nav_variables/include/ht_nav_variables/msg/detail/ht_nav_imu_data__functions.h
[0.944s] -- Up-to-date: /home/temur/INS-GPS-ROS2/install/ht_nav_variables/include/ht_nav_variables/msg/detail/ht_nav_deneme__functions.h
[0.944s] -- Up-to-date: /home/temur/INS-GPS-ROS2/install/ht_nav_variables/include/ht_nav_variables/msg/detail/ht_nav_vector3__type_support.h
[0.944s] -- Up-to-date: /home/temur/INS-GPS-ROS2/install/ht_nav_variables/include/ht_nav_variables/msg/detail/ht_nav_vehicle_debug__struct.h
[0.944s] -- Up-to-date: /home/temur/INS-GPS-ROS2/install/ht_nav_variables/include/ht_nav_variables/msg/detail/ht_nav_point__type_support.h
[0.944s] -- Up-to-date: /home/temur/INS-GPS-ROS2/install/ht_nav_variables/include/ht_nav_variables/msg/detail/ht_nav_tire_out__type_support.h
[0.944s] -- Up-to-date: /home/temur/INS-GPS-ROS2/install/ht_nav_variables/include/ht_nav_variables/msg/detail/ht_nav_euler__functions.c
[0.945s] -- Up-to-date: /home/temur/INS-GPS-ROS2/install/ht_nav_variables/include/ht_nav_variables/msg/detail/ht_nav_kalman_out__functions.c
[0.945s] -- Up-to-date: /home/temur/INS-GPS-ROS2/install/ht_nav_variables/include/ht_nav_variables/msg/detail/ht_nav_quaternion__struct.h
[0.945s] -- Up-to-date: /home/temur/INS-GPS-ROS2/install/ht_nav_variables/include/ht_nav_variables/msg/detail/ht_nav_point__functions.h
[0.945s] -- Up-to-date: /home/temur/INS-GPS-ROS2/install/ht_nav_variables/include/ht_nav_variables/msg/detail/ht_nav_vector3__functions.c
[0.945s] -- Up-to-date: /home/temur/INS-GPS-ROS2/install/ht_nav_variables/include/ht_nav_variables/msg/detail/ht_nav_joint_state__type_support.h
[0.945s] -- Up-to-date: /home/temur/INS-GPS-ROS2/install/ht_nav_variables/include/ht_nav_variables/msg/detail/ht_nav_strap_out__functions.c
[0.946s] -- Up-to-date: /home/temur/INS-GPS-ROS2/install/ht_nav_variables/include/ht_nav_variables/msg/detail/ht_nav_gps_data__struct.h
[0.946s] -- Up-to-date: /home/temur/INS-GPS-ROS2/install/ht_nav_variables/include/ht_nav_variables/msg/detail/ht_nav_vector3__struct.h
[0.946s] -- Up-to-date: /home/temur/INS-GPS-ROS2/install/ht_nav_variables/include/ht_nav_variables/msg/detail/ht_nav_tire_out__struct.h
[0.946s] -- Up-to-date: /home/temur/INS-GPS-ROS2/install/ht_nav_variables/include/ht_nav_variables/msg/detail/ht_nav_euler__functions.h
[0.946s] -- Up-to-date: /home/temur/INS-GPS-ROS2/install/ht_nav_variables/include/ht_nav_variables/msg/detail/ht_nav_strap_car_out__type_support.h
[0.947s] -- Up-to-date: /home/temur/INS-GPS-ROS2/install/ht_nav_variables/include/ht_nav_variables/msg/detail/ht_nav_strap_out__struct.h
[0.947s] -- Up-to-date: /home/temur/INS-GPS-ROS2/install/ht_nav_variables/include/ht_nav_variables/msg/detail/ht_nav_point__functions.c
[0.947s] -- Up-to-date: /home/temur/INS-GPS-ROS2/install/ht_nav_variables/include/ht_nav_variables/msg/detail/ht_nav_strap_car_out__functions.h
[0.947s] -- Up-to-date: /home/temur/INS-GPS-ROS2/install/ht_nav_variables/include/ht_nav_variables/msg/detail/ht_nav_vector3__functions.h
[0.947s] -- Up-to-date: /home/temur/INS-GPS-ROS2/install/ht_nav_variables/include/ht_nav_variables/msg/detail/ht_nav_quaternion__functions.h
[0.947s] -- Up-to-date: /home/temur/INS-GPS-ROS2/install/ht_nav_variables/include/ht_nav_variables/msg/detail/ht_nav_error_vector__functions.c
[0.947s] -- Up-to-date: /home/temur/INS-GPS-ROS2/install/ht_nav_variables/include/ht_nav_variables/msg/detail/ht_nav_deneme__struct.h
[0.948s] -- Up-to-date: /home/temur/INS-GPS-ROS2/install/ht_nav_variables/include/ht_nav_variables/msg/detail/ht_nav_euler__struct.h
[0.948s] -- Up-to-date: /home/temur/INS-GPS-ROS2/install/ht_nav_variables/include/ht_nav_variables/msg/detail/ht_nav_imu_data__functions.c
[0.948s] -- Up-to-date: /home/temur/INS-GPS-ROS2/install/ht_nav_variables/include/ht_nav_variables/msg/detail/ht_nav_wheel_vector__struct.h
[0.948s] -- Up-to-date: /home/temur/INS-GPS-ROS2/install/ht_nav_variables/include/ht_nav_variables/msg/detail/ht_nav_wheel_vector__type_support.h
[0.948s] -- Up-to-date: /home/temur/INS-GPS-ROS2/install/ht_nav_variables/include/ht_nav_variables/msg/detail/ht_nav_imu_data__type_support.h
[0.948s] -- Up-to-date: /home/temur/INS-GPS-ROS2/install/ht_nav_variables/include/ht_nav_variables/msg/detail/ht_nav_kalman_out__struct.h
[0.948s] -- Up-to-date: /home/temur/INS-GPS-ROS2/install/ht_nav_variables/include/ht_nav_variables/msg/detail/ht_nav_gps_data__type_support.h
[0.949s] -- Up-to-date: /home/temur/INS-GPS-ROS2/install/ht_nav_variables/include/ht_nav_variables/msg/detail/ht_nav_quaternion__type_support.h
[0.949s] -- Up-to-date: /home/temur/INS-GPS-ROS2/install/ht_nav_variables/include/ht_nav_variables/msg/detail/ht_nav_vehicle_debug__functions.c
[0.949s] -- Up-to-date: /home/temur/INS-GPS-ROS2/install/ht_nav_variables/include/ht_nav_variables/msg/ht_nav_wheel_vector.h
[0.949s] -- Up-to-date: /home/temur/INS-GPS-ROS2/install/ht_nav_variables/include/ht_nav_variables/msg/ht_nav_strap_car_out.h
[0.949s] -- Up-to-date: /home/temur/INS-GPS-ROS2/install/ht_nav_variables/include/ht_nav_variables/msg/ht_nav_quaternion.h
[0.949s] -- Up-to-date: /home/temur/INS-GPS-ROS2/install/ht_nav_variables/include/ht_nav_variables/msg/ht_nav_strap_out.h
[0.949s] -- Up-to-date: /home/temur/INS-GPS-ROS2/install/ht_nav_variables/include/ht_nav_variables/msg/ht_nav_kalman_out.h
[0.950s] -- Up-to-date: /home/temur/INS-GPS-ROS2/install/ht_nav_variables/include/ht_nav_variables/msg/ht_nav_error_vector.h
[0.950s] -- Up-to-date: /home/temur/INS-GPS-ROS2/install/ht_nav_variables/include/ht_nav_variables/msg/ht_nav_deneme.h
[0.950s] -- Up-to-date: /home/temur/INS-GPS-ROS2/install/ht_nav_variables/include/ht_nav_variables/msg/ht_nav_gps_data.h
[0.950s] -- Up-to-date: /home/temur/INS-GPS-ROS2/install/ht_nav_variables/include/ht_nav_variables/msg/rosidl_generator_c__visibility_control.h
[0.951s] -- Up-to-date: /home/temur/INS-GPS-ROS2/install/ht_nav_variables/include/ht_nav_variables/msg/ht_nav_point.h
[0.951s] -- Up-to-date: /home/temur/INS-GPS-ROS2/install/ht_nav_variables/include/ht_nav_variables/msg/ht_nav_vehicle_debug.h
[0.951s] -- Up-to-date: /home/temur/INS-GPS-ROS2/install/ht_nav_variables/include/ht_nav_variables/msg/ht_nav_euler.h
[0.951s] -- Up-to-date: /home/temur/INS-GPS-ROS2/install/ht_nav_variables/include/ht_nav_variables/msg/ht_nav_joint_state.h
[0.951s] -- Up-to-date: /home/temur/INS-GPS-ROS2/install/ht_nav_variables/include/ht_nav_variables/msg/ht_nav_tire_out.h
[0.951s] -- Up-to-date: /home/temur/INS-GPS-ROS2/install/ht_nav_variables/share/ht_nav_variables/environment/library_path.sh
[0.951s] -- Up-to-date: /home/temur/INS-GPS-ROS2/install/ht_nav_variables/share/ht_nav_variables/environment/library_path.dsv
[0.952s] -- Up-to-date: /home/temur/INS-GPS-ROS2/install/ht_nav_variables/lib/libht_nav_variables__rosidl_generator_c.so
[0.952s] -- Up-to-date: /home/temur/INS-GPS-ROS2/install/ht_nav_variables/include/ht_nav_variables
[0.952s] -- Up-to-date: /home/temur/INS-GPS-ROS2/install/ht_nav_variables/include/ht_nav_variables/msg
[0.952s] -- Up-to-date: /home/temur/INS-GPS-ROS2/install/ht_nav_variables/include/ht_nav_variables/msg/detail
[0.952s] -- Up-to-date: /home/temur/INS-GPS-ROS2/install/ht_nav_variables/include/ht_nav_variables/msg/detail/ht_nav_point__rosidl_typesupport_fastrtps_c.h
[0.952s] -- Up-to-date: /home/temur/INS-GPS-ROS2/install/ht_nav_variables/include/ht_nav_variables/msg/detail/ht_nav_strap_out__rosidl_typesupport_fastrtps_c.h
[0.952s] -- Up-to-date: /home/temur/INS-GPS-ROS2/install/ht_nav_variables/include/ht_nav_variables/msg/detail/ht_nav_vehicle_debug__rosidl_typesupport_fastrtps_c.h
[0.953s] -- Up-to-date: /home/temur/INS-GPS-ROS2/install/ht_nav_variables/include/ht_nav_variables/msg/detail/ht_nav_quaternion__rosidl_typesupport_fastrtps_c.h
[0.953s] -- Up-to-date: /home/temur/INS-GPS-ROS2/install/ht_nav_variables/include/ht_nav_variables/msg/detail/ht_nav_imu_data__rosidl_typesupport_fastrtps_c.h
[0.953s] -- Up-to-date: /home/temur/INS-GPS-ROS2/install/ht_nav_variables/include/ht_nav_variables/msg/detail/ht_nav_gps_data__rosidl_typesupport_fastrtps_c.h
[0.953s] -- Up-to-date: /home/temur/INS-GPS-ROS2/install/ht_nav_variables/include/ht_nav_variables/msg/detail/ht_nav_joint_state__rosidl_typesupport_fastrtps_c.h
[0.953s] -- Up-to-date: /home/temur/INS-GPS-ROS2/install/ht_nav_variables/include/ht_nav_variables/msg/detail/ht_nav_kalman_out__rosidl_typesupport_fastrtps_c.h
[0.953s] -- Up-to-date: /home/temur/INS-GPS-ROS2/install/ht_nav_variables/include/ht_nav_variables/msg/detail/ht_nav_euler__rosidl_typesupport_fastrtps_c.h
[0.953s] -- Up-to-date: /home/temur/INS-GPS-ROS2/install/ht_nav_variables/include/ht_nav_variables/msg/detail/ht_nav_tire_out__rosidl_typesupport_fastrtps_c.h
[0.954s] -- Up-to-date: /home/temur/INS-GPS-ROS2/install/ht_nav_variables/include/ht_nav_variables/msg/detail/ht_nav_wheel_vector__rosidl_typesupport_fastrtps_c.h
[0.954s] -- Up-to-date: /home/temur/INS-GPS-ROS2/install/ht_nav_variables/include/ht_nav_variables/msg/detail/ht_nav_error_vector__rosidl_typesupport_fastrtps_c.h
[0.954s] -- Up-to-date: /home/temur/INS-GPS-ROS2/install/ht_nav_variables/include/ht_nav_variables/msg/detail/ht_nav_strap_car_out__rosidl_typesupport_fastrtps_c.h
[0.954s] -- Up-to-date: /home/temur/INS-GPS-ROS2/install/ht_nav_variables/include/ht_nav_variables/msg/detail/ht_nav_deneme__rosidl_typesupport_fastrtps_c.h
[0.955s] -- Up-to-date: /home/temur/INS-GPS-ROS2/install/ht_nav_variables/include/ht_nav_variables/msg/detail/ht_nav_vector3__rosidl_typesupport_fastrtps_c.h
[0.955s] -- Up-to-date: /home/temur/INS-GPS-ROS2/install/ht_nav_variables/include/ht_nav_variables/msg/rosidl_typesupport_fastrtps_c__visibility_control.h
[0.955s] -- Up-to-date: /home/temur/INS-GPS-ROS2/install/ht_nav_variables/lib/libht_nav_variables__rosidl_typesupport_fastrtps_c.so
[0.955s] -- Up-to-date: /home/temur/INS-GPS-ROS2/install/ht_nav_variables/include/ht_nav_variables
[0.955s] -- Up-to-date: /home/temur/INS-GPS-ROS2/install/ht_nav_variables/include/ht_nav_variables/msg
[0.955s] -- Up-to-date: /home/temur/INS-GPS-ROS2/install/ht_nav_variables/include/ht_nav_variables/msg/detail
[0.955s] -- Up-to-date: /home/temur/INS-GPS-ROS2/install/ht_nav_variables/include/ht_nav_variables/msg/detail/ht_nav_error_vector__rosidl_typesupport_fastrtps_cpp.hpp
[0.956s] -- Up-to-date: /home/temur/INS-GPS-ROS2/install/ht_nav_variables/include/ht_nav_variables/msg/detail/ht_nav_kalman_out__rosidl_typesupport_fastrtps_cpp.hpp
[0.956s] -- Up-to-date: /home/temur/INS-GPS-ROS2/install/ht_nav_variables/include/ht_nav_variables/msg/detail/ht_nav_wheel_vector__rosidl_typesupport_fastrtps_cpp.hpp
[0.956s] -- Up-to-date: /home/temur/INS-GPS-ROS2/install/ht_nav_variables/include/ht_nav_variables/msg/detail/ht_nav_quaternion__rosidl_typesupport_fastrtps_cpp.hpp
[0.956s] -- Up-to-date: /home/temur/INS-GPS-ROS2/install/ht_nav_variables/include/ht_nav_variables/msg/detail/dds_fastrtps
[0.956s] -- Up-to-date: /home/temur/INS-GPS-ROS2/install/ht_nav_variables/include/ht_nav_variables/msg/detail/ht_nav_imu_data__rosidl_typesupport_fastrtps_cpp.hpp
[0.956s] -- Up-to-date: /home/temur/INS-GPS-ROS2/install/ht_nav_variables/include/ht_nav_variables/msg/detail/ht_nav_vehicle_debug__rosidl_typesupport_fastrtps_cpp.hpp
[0.956s] -- Up-to-date: /home/temur/INS-GPS-ROS2/install/ht_nav_variables/include/ht_nav_variables/msg/detail/ht_nav_strap_out__rosidl_typesupport_fastrtps_cpp.hpp
[0.957s] -- Up-to-date: /home/temur/INS-GPS-ROS2/install/ht_nav_variables/include/ht_nav_variables/msg/detail/ht_nav_vector3__rosidl_typesupport_fastrtps_cpp.hpp
[0.957s] -- Up-to-date: /home/temur/INS-GPS-ROS2/install/ht_nav_variables/include/ht_nav_variables/msg/detail/ht_nav_euler__rosidl_typesupport_fastrtps_cpp.hpp
[0.957s] -- Up-to-date: /home/temur/INS-GPS-ROS2/install/ht_nav_variables/include/ht_nav_variables/msg/detail/ht_nav_strap_car_out__rosidl_typesupport_fastrtps_cpp.hpp
[0.957s] -- Up-to-date: /home/temur/INS-GPS-ROS2/install/ht_nav_variables/include/ht_nav_variables/msg/detail/ht_nav_gps_data__rosidl_typesupport_fastrtps_cpp.hpp
[0.957s] -- Up-to-date: /home/temur/INS-GPS-ROS2/install/ht_nav_variables/include/ht_nav_variables/msg/detail/ht_nav_joint_state__rosidl_typesupport_fastrtps_cpp.hpp
[0.957s] -- Up-to-date: /home/temur/INS-GPS-ROS2/install/ht_nav_variables/include/ht_nav_variables/msg/detail/ht_nav_tire_out__rosidl_typesupport_fastrtps_cpp.hpp
[0.957s] -- Up-to-date: /home/temur/INS-GPS-ROS2/install/ht_nav_variables/include/ht_nav_variables/msg/detail/ht_nav_point__rosidl_typesupport_fastrtps_cpp.hpp
[0.958s] -- Up-to-date: /home/temur/INS-GPS-ROS2/install/ht_nav_variables/include/ht_nav_variables/msg/detail/ht_nav_deneme__rosidl_typesupport_fastrtps_cpp.hpp
[0.958s] -- Up-to-date: /home/temur/INS-GPS-ROS2/install/ht_nav_variables/include/ht_nav_variables/msg/rosidl_typesupport_fastrtps_cpp__visibility_control.h
[0.958s] -- Up-to-date: /home/temur/INS-GPS-ROS2/install/ht_nav_variables/lib/libht_nav_variables__rosidl_typesupport_fastrtps_cpp.so
[0.958s] -- Up-to-date: /home/temur/INS-GPS-ROS2/install/ht_nav_variables/include/ht_nav_variables
[0.958s] -- Up-to-date: /home/temur/INS-GPS-ROS2/install/ht_nav_variables/include/ht_nav_variables/msg
[0.958s] -- Up-to-date: /home/temur/INS-GPS-ROS2/install/ht_nav_variables/include/ht_nav_variables/msg/detail
[0.959s] -- Up-to-date: /home/temur/INS-GPS-ROS2/install/ht_nav_variables/include/ht_nav_variables/msg/detail/ht_nav_tire_out__type_support.c
[0.959s] -- Up-to-date: /home/temur/INS-GPS-ROS2/install/ht_nav_variables/include/ht_nav_variables/msg/detail/ht_nav_gps_data__rosidl_typesupport_introspection_c.h
[0.959s] -- Up-to-date: /home/temur/INS-GPS-ROS2/install/ht_nav_variables/include/ht_nav_variables/msg/detail/ht_nav_gps_data__type_support.c
[0.959s] -- Up-to-date: /home/temur/INS-GPS-ROS2/install/ht_nav_variables/include/ht_nav_variables/msg/detail/ht_nav_joint_state__rosidl_typesupport_introspection_c.h
[0.959s] -- Up-to-date: /home/temur/INS-GPS-ROS2/install/ht_nav_variables/include/ht_nav_variables/msg/detail/ht_nav_joint_state__type_support.c
[0.959s] -- Up-to-date: /home/temur/INS-GPS-ROS2/install/ht_nav_variables/include/ht_nav_variables/msg/detail/ht_nav_vector3__rosidl_typesupport_introspection_c.h
[0.959s] -- Up-to-date: /home/temur/INS-GPS-ROS2/install/ht_nav_variables/include/ht_nav_variables/msg/detail/ht_nav_kalman_out__type_support.c
[0.959s] -- Up-to-date: /home/temur/INS-GPS-ROS2/install/ht_nav_variables/include/ht_nav_variables/msg/detail/ht_nav_imu_data__type_support.c
[0.959s] -- Up-to-date: /home/temur/INS-GPS-ROS2/install/ht_nav_variables/include/ht_nav_variables/msg/detail/ht_nav_kalman_out__rosidl_typesupport_introspection_c.h
[0.960s] -- Up-to-date: /home/temur/INS-GPS-ROS2/install/ht_nav_variables/include/ht_nav_variables/msg/detail/ht_nav_error_vector__type_support.c
[0.960s] -- Up-to-date: /home/temur/INS-GPS-ROS2/install/ht_nav_variables/include/ht_nav_variables/msg/detail/ht_nav_vehicle_debug__rosidl_typesupport_introspection_c.h
[0.960s] -- Up-to-date: /home/temur/INS-GPS-ROS2/install/ht_nav_variables/include/ht_nav_variables/msg/detail/ht_nav_vector3__type_support.c
[0.960s] -- Up-to-date: /home/temur/INS-GPS-ROS2/install/ht_nav_variables/include/ht_nav_variables/msg/detail/ht_nav_strap_out__type_support.c
[0.960s] -- Up-to-date: /home/temur/INS-GPS-ROS2/install/ht_nav_variables/include/ht_nav_variables/msg/detail/ht_nav_wheel_vector__rosidl_typesupport_introspection_c.h
[0.960s] -- Up-to-date: /home/temur/INS-GPS-ROS2/install/ht_nav_variables/include/ht_nav_variables/msg/detail/ht_nav_strap_out__rosidl_typesupport_introspection_c.h
[0.960s] -- Up-to-date: /home/temur/INS-GPS-ROS2/install/ht_nav_variables/include/ht_nav_variables/msg/detail/ht_nav_euler__type_support.c
[0.960s] -- Up-to-date: /home/temur/INS-GPS-ROS2/install/ht_nav_variables/include/ht_nav_variables/msg/detail/ht_nav_strap_car_out__type_support.c
[0.960s] -- Up-to-date: /home/temur/INS-GPS-ROS2/install/ht_nav_variables/include/ht_nav_variables/msg/detail/ht_nav_deneme__rosidl_typesupport_introspection_c.h
[0.960s] -- Up-to-date: /home/temur/INS-GPS-ROS2/install/ht_nav_variables/include/ht_nav_variables/msg/detail/ht_nav_tire_out__rosidl_typesupport_introspection_c.h
[0.961s] -- Up-to-date: /home/temur/INS-GPS-ROS2/install/ht_nav_variables/include/ht_nav_variables/msg/detail/ht_nav_euler__rosidl_typesupport_introspection_c.h
[0.961s] -- Up-to-date: /home/temur/INS-GPS-ROS2/install/ht_nav_variables/include/ht_nav_variables/msg/detail/ht_nav_vehicle_debug__type_support.c
[0.961s] -- Up-to-date: /home/temur/INS-GPS-ROS2/install/ht_nav_variables/include/ht_nav_variables/msg/detail/ht_nav_point__rosidl_typesupport_introspection_c.h
[0.961s] -- Up-to-date: /home/temur/INS-GPS-ROS2/install/ht_nav_variables/include/ht_nav_variables/msg/detail/ht_nav_wheel_vector__type_support.c
[0.961s] -- Up-to-date: /home/temur/INS-GPS-ROS2/install/ht_nav_variables/include/ht_nav_variables/msg/detail/ht_nav_quaternion__rosidl_typesupport_introspection_c.h
[0.961s] -- Up-to-date: /home/temur/INS-GPS-ROS2/install/ht_nav_variables/include/ht_nav_variables/msg/detail/ht_nav_error_vector__rosidl_typesupport_introspection_c.h
[0.961s] -- Up-to-date: /home/temur/INS-GPS-ROS2/install/ht_nav_variables/include/ht_nav_variables/msg/detail/ht_nav_point__type_support.c
[0.961s] -- Up-to-date: /home/temur/INS-GPS-ROS2/install/ht_nav_variables/include/ht_nav_variables/msg/detail/ht_nav_imu_data__rosidl_typesupport_introspection_c.h
[0.961s] -- Up-to-date: /home/temur/INS-GPS-ROS2/install/ht_nav_variables/include/ht_nav_variables/msg/detail/ht_nav_strap_car_out__rosidl_typesupport_introspection_c.h
[0.961s] -- Up-to-date: /home/temur/INS-GPS-ROS2/install/ht_nav_variables/include/ht_nav_variables/msg/detail/ht_nav_deneme__type_support.c
[0.962s] -- Up-to-date: /home/temur/INS-GPS-ROS2/install/ht_nav_variables/include/ht_nav_variables/msg/detail/ht_nav_quaternion__type_support.c
[0.962s] -- Up-to-date: /home/temur/INS-GPS-ROS2/install/ht_nav_variables/include/ht_nav_variables/msg/rosidl_typesupport_introspection_c__visibility_control.h
[0.962s] -- Up-to-date: /home/temur/INS-GPS-ROS2/install/ht_nav_variables/lib/libht_nav_variables__rosidl_typesupport_introspection_c.so
[0.962s] -- Up-to-date: /home/temur/INS-GPS-ROS2/install/ht_nav_variables/lib/libht_nav_variables__rosidl_typesupport_c.so
[0.963s] -- Up-to-date: /home/temur/INS-GPS-ROS2/install/ht_nav_variables/include/ht_nav_variables
[0.963s] -- Up-to-date: /home/temur/INS-GPS-ROS2/install/ht_nav_variables/include/ht_nav_variables/msg
[0.963s] -- Up-to-date: /home/temur/INS-GPS-ROS2/install/ht_nav_variables/include/ht_nav_variables/msg/ht_nav_wheel_vector.hpp
[0.963s] -- Up-to-date: /home/temur/INS-GPS-ROS2/install/ht_nav_variables/include/ht_nav_variables/msg/detail
[0.963s] -- Up-to-date: /home/temur/INS-GPS-ROS2/install/ht_nav_variables/include/ht_nav_variables/msg/detail/ht_nav_point__builder.hpp
[0.963s] -- Up-to-date: /home/temur/INS-GPS-ROS2/install/ht_nav_variables/include/ht_nav_variables/msg/detail/ht_nav_kalman_out__traits.hpp
[0.963s] -- Up-to-date: /home/temur/INS-GPS-ROS2/install/ht_nav_variables/include/ht_nav_variables/msg/detail/ht_nav_wheel_vector__struct.hpp
[0.964s] -- Up-to-date: /home/temur/INS-GPS-ROS2/install/ht_nav_variables/include/ht_nav_variables/msg/detail/ht_nav_strap_car_out__builder.hpp
[0.964s] -- Up-to-date: /home/temur/INS-GPS-ROS2/install/ht_nav_variables/include/ht_nav_variables/msg/detail/ht_nav_gps_data__traits.hpp
[0.964s] -- Up-to-date: /home/temur/INS-GPS-ROS2/install/ht_nav_variables/include/ht_nav_variables/msg/detail/ht_nav_point__traits.hpp
[0.964s] -- Up-to-date: /home/temur/INS-GPS-ROS2/install/ht_nav_variables/include/ht_nav_variables/msg/detail/ht_nav_point__struct.hpp
[0.964s] -- Up-to-date: /home/temur/INS-GPS-ROS2/install/ht_nav_variables/include/ht_nav_variables/msg/detail/ht_nav_strap_out__builder.hpp
[0.964s] -- Up-to-date: /home/temur/INS-GPS-ROS2/install/ht_nav_variables/include/ht_nav_variables/msg/detail/ht_nav_imu_data__traits.hpp
[0.964s] -- Up-to-date: /home/temur/INS-GPS-ROS2/install/ht_nav_variables/include/ht_nav_variables/msg/detail/ht_nav_deneme__builder.hpp
[0.964s] -- Up-to-date: /home/temur/INS-GPS-ROS2/install/ht_nav_variables/include/ht_nav_variables/msg/detail/ht_nav_strap_out__traits.hpp
[0.964s] -- Up-to-date: /home/temur/INS-GPS-ROS2/install/ht_nav_variables/include/ht_nav_variables/msg/detail/ht_nav_euler__struct.hpp
[0.964s] -- Up-to-date: /home/temur/INS-GPS-ROS2/install/ht_nav_variables/include/ht_nav_variables/msg/detail/ht_nav_strap_car_out__traits.hpp
[0.965s] -- Up-to-date: /home/temur/INS-GPS-ROS2/install/ht_nav_variables/include/ht_nav_variables/msg/detail/ht_nav_tire_out__builder.hpp
[0.965s] -- Up-to-date: /home/temur/INS-GPS-ROS2/install/ht_nav_variables/include/ht_nav_variables/msg/detail/ht_nav_strap_out__struct.hpp
[0.965s] -- Up-to-date: /home/temur/INS-GPS-ROS2/install/ht_nav_variables/include/ht_nav_variables/msg/detail/ht_nav_joint_state__struct.hpp
[0.965s] -- Up-to-date: /home/temur/INS-GPS-ROS2/install/ht_nav_variables/include/ht_nav_variables/msg/detail/ht_nav_gps_data__builder.hpp
[0.965s] -- Up-to-date: /home/temur/INS-GPS-ROS2/install/ht_nav_variables/include/ht_nav_variables/msg/detail/ht_nav_euler__builder.hpp
[0.965s] -- Up-to-date: /home/temur/INS-GPS-ROS2/install/ht_nav_variables/include/ht_nav_variables/msg/detail/ht_nav_gps_data__struct.hpp
[0.965s] -- Up-to-date: /home/temur/INS-GPS-ROS2/install/ht_nav_variables/include/ht_nav_variables/msg/detail/ht_nav_joint_state__traits.hpp
[0.965s] -- Up-to-date: /home/temur/INS-GPS-ROS2/install/ht_nav_variables/include/ht_nav_variables/msg/detail/ht_nav_error_vector__struct.hpp
[0.965s] -- Up-to-date: /home/temur/INS-GPS-ROS2/install/ht_nav_variables/include/ht_nav_variables/msg/detail/ht_nav_tire_out__traits.hpp
[0.965s] -- Up-to-date: /home/temur/INS-GPS-ROS2/install/ht_nav_variables/include/ht_nav_variables/msg/detail/ht_nav_wheel_vector__traits.hpp
[0.966s] -- Up-to-date: /home/temur/INS-GPS-ROS2/install/ht_nav_variables/include/ht_nav_variables/msg/detail/ht_nav_deneme__struct.hpp
[0.966s] -- Up-to-date: /home/temur/INS-GPS-ROS2/install/ht_nav_variables/include/ht_nav_variables/msg/detail/ht_nav_imu_data__builder.hpp
[0.966s] -- Up-to-date: /home/temur/INS-GPS-ROS2/install/ht_nav_variables/include/ht_nav_variables/msg/detail/ht_nav_quaternion__builder.hpp
[0.966s] -- Up-to-date: /home/temur/INS-GPS-ROS2/install/ht_nav_variables/include/ht_nav_variables/msg/detail/ht_nav_vehicle_debug__struct.hpp
[0.966s] -- Up-to-date: /home/temur/INS-GPS-ROS2/install/ht_nav_variables/include/ht_nav_variables/msg/detail/ht_nav_vector3__traits.hpp
[0.966s] -- Up-to-date: /home/temur/INS-GPS-ROS2/install/ht_nav_variables/include/ht_nav_variables/msg/detail/ht_nav_kalman_out__struct.hpp
[0.966s] -- Up-to-date: /home/temur/INS-GPS-ROS2/install/ht_nav_variables/include/ht_nav_variables/msg/detail/ht_nav_strap_car_out__struct.hpp
[0.967s] -- Up-to-date: /home/temur/INS-GPS-ROS2/install/ht_nav_variables/include/ht_nav_variables/msg/detail/ht_nav_vector3__struct.hpp
[0.967s] -- Up-to-date: /home/temur/INS-GPS-ROS2/install/ht_nav_variables/include/ht_nav_variables/msg/detail/ht_nav_imu_data__struct.hpp
[0.967s] -- Up-to-date: /home/temur/INS-GPS-ROS2/install/ht_nav_variables/include/ht_nav_variables/msg/detail/ht_nav_quaternion__struct.hpp
[0.967s] -- Up-to-date: /home/temur/INS-GPS-ROS2/install/ht_nav_variables/include/ht_nav_variables/msg/detail/ht_nav_vehicle_debug__traits.hpp
[0.967s] -- Up-to-date: /home/temur/INS-GPS-ROS2/install/ht_nav_variables/include/ht_nav_variables/msg/detail/ht_nav_tire_out__struct.hpp
[0.967s] -- Up-to-date: /home/temur/INS-GPS-ROS2/install/ht_nav_variables/include/ht_nav_variables/msg/detail/ht_nav_deneme__traits.hpp
[0.967s] -- Up-to-date: /home/temur/INS-GPS-ROS2/install/ht_nav_variables/include/ht_nav_variables/msg/detail/ht_nav_kalman_out__builder.hpp
[0.967s] -- Up-to-date: /home/temur/INS-GPS-ROS2/install/ht_nav_variables/include/ht_nav_variables/msg/detail/ht_nav_vector3__builder.hpp
[0.967s] -- Up-to-date: /home/temur/INS-GPS-ROS2/install/ht_nav_variables/include/ht_nav_variables/msg/detail/ht_nav_euler__traits.hpp
[0.968s] -- Up-to-date: /home/temur/INS-GPS-ROS2/install/ht_nav_variables/include/ht_nav_variables/msg/detail/ht_nav_quaternion__traits.hpp
[0.968s] -- Up-to-date: /home/temur/INS-GPS-ROS2/install/ht_nav_variables/include/ht_nav_variables/msg/detail/ht_nav_wheel_vector__builder.hpp
[0.968s] -- Up-to-date: /home/temur/INS-GPS-ROS2/install/ht_nav_variables/include/ht_nav_variables/msg/detail/ht_nav_vehicle_debug__builder.hpp
[0.968s] -- Up-to-date: /home/temur/INS-GPS-ROS2/install/ht_nav_variables/include/ht_nav_variables/msg/detail/ht_nav_error_vector__builder.hpp
[0.968s] -- Up-to-date: /home/temur/INS-GPS-ROS2/install/ht_nav_variables/include/ht_nav_variables/msg/detail/ht_nav_error_vector__traits.hpp
[0.968s] -- Up-to-date: /home/temur/INS-GPS-ROS2/install/ht_nav_variables/include/ht_nav_variables/msg/detail/ht_nav_joint_state__builder.hpp
[0.968s] -- Up-to-date: /home/temur/INS-GPS-ROS2/install/ht_nav_variables/include/ht_nav_variables/msg/ht_nav_imu_data.hpp
[0.968s] -- Up-to-date: /home/temur/INS-GPS-ROS2/install/ht_nav_variables/include/ht_nav_variables/msg/ht_nav_deneme.hpp
[0.968s] -- Up-to-date: /home/temur/INS-GPS-ROS2/install/ht_nav_variables/include/ht_nav_variables/msg/ht_nav_gps_data.hpp
[0.968s] -- Up-to-date: /home/temur/INS-GPS-ROS2/install/ht_nav_variables/include/ht_nav_variables/msg/ht_nav_kalman_out.hpp
[0.969s] -- Up-to-date: /home/temur/INS-GPS-ROS2/install/ht_nav_variables/include/ht_nav_variables/msg/ht_nav_euler.hpp
[0.969s] -- Up-to-date: /home/temur/INS-GPS-ROS2/install/ht_nav_variables/include/ht_nav_variables/msg/ht_nav_tire_out.hpp
[0.969s] -- Up-to-date: /home/temur/INS-GPS-ROS2/install/ht_nav_variables/include/ht_nav_variables/msg/ht_nav_vehicle_debug.hpp
[0.969s] -- Up-to-date: /home/temur/INS-GPS-ROS2/install/ht_nav_variables/include/ht_nav_variables/msg/ht_nav_strap_car_out.hpp
[0.969s] -- Up-to-date: /home/temur/INS-GPS-ROS2/install/ht_nav_variables/include/ht_nav_variables/msg/ht_nav_joint_state.hpp
[0.969s] -- Up-to-date: /home/temur/INS-GPS-ROS2/install/ht_nav_variables/include/ht_nav_variables/msg/ht_nav_strap_out.hpp
[0.969s] -- Up-to-date: /home/temur/INS-GPS-ROS2/install/ht_nav_variables/include/ht_nav_variables/msg/ht_nav_point.hpp
[0.969s] -- Up-to-date: /home/temur/INS-GPS-ROS2/install/ht_nav_variables/include/ht_nav_variables/msg/ht_nav_error_vector.hpp
[0.969s] -- Up-to-date: /home/temur/INS-GPS-ROS2/install/ht_nav_variables/include/ht_nav_variables/msg/ht_nav_quaternion.hpp
[0.969s] -- Up-to-date: /home/temur/INS-GPS-ROS2/install/ht_nav_variables/include/ht_nav_variables/msg/ht_nav_vector3.hpp
[0.969s] -- Up-to-date: /home/temur/INS-GPS-ROS2/install/ht_nav_variables/include/ht_nav_variables
[0.970s] -- Up-to-date: /home/temur/INS-GPS-ROS2/install/ht_nav_variables/include/ht_nav_variables/msg
[0.970s] -- Up-to-date: /home/temur/INS-GPS-ROS2/install/ht_nav_variables/include/ht_nav_variables/msg/detail
[0.970s] -- Up-to-date: /home/temur/INS-GPS-ROS2/install/ht_nav_variables/include/ht_nav_variables/msg/detail/ht_nav_quaternion__type_support.cpp
[0.970s] -- Up-to-date: /home/temur/INS-GPS-ROS2/install/ht_nav_variables/include/ht_nav_variables/msg/detail/ht_nav_euler__type_support.cpp
[0.970s] -- Up-to-date: /home/temur/INS-GPS-ROS2/install/ht_nav_variables/include/ht_nav_variables/msg/detail/ht_nav_joint_state__rosidl_typesupport_introspection_cpp.hpp
[0.970s] -- Up-to-date: /home/temur/INS-GPS-ROS2/install/ht_nav_variables/include/ht_nav_variables/msg/detail/ht_nav_deneme__rosidl_typesupport_introspection_cpp.hpp
[0.971s] -- Up-to-date: /home/temur/INS-GPS-ROS2/install/ht_nav_variables/include/ht_nav_variables/msg/detail/ht_nav_vector3__type_support.cpp
[0.971s] -- Up-to-date: /home/temur/INS-GPS-ROS2/install/ht_nav_variables/include/ht_nav_variables/msg/detail/ht_nav_strap_car_out__rosidl_typesupport_introspection_cpp.hpp
[0.971s] -- Up-to-date: /home/temur/INS-GPS-ROS2/install/ht_nav_variables/include/ht_nav_variables/msg/detail/ht_nav_tire_out__type_support.cpp
[0.971s] -- Up-to-date: /home/temur/INS-GPS-ROS2/install/ht_nav_variables/include/ht_nav_variables/msg/detail/ht_nav_vehicle_debug__rosidl_typesupport_introspection_cpp.hpp
[0.971s] -- Up-to-date: /home/temur/INS-GPS-ROS2/install/ht_nav_variables/include/ht_nav_variables/msg/detail/ht_nav_quaternion__rosidl_typesupport_introspection_cpp.hpp
[0.972s] -- Up-to-date: /home/temur/INS-GPS-ROS2/install/ht_nav_variables/include/ht_nav_variables/msg/detail/ht_nav_tire_out__rosidl_typesupport_introspection_cpp.hpp
[0.972s] -- Up-to-date: /home/temur/INS-GPS-ROS2/install/ht_nav_variables/include/ht_nav_variables/msg/detail/ht_nav_gps_data__rosidl_typesupport_introspection_cpp.hpp
[0.972s] -- Up-to-date: /home/temur/INS-GPS-ROS2/install/ht_nav_variables/include/ht_nav_variables/msg/detail/ht_nav_vehicle_debug__type_support.cpp
[0.972s] -- Up-to-date: /home/temur/INS-GPS-ROS2/install/ht_nav_variables/include/ht_nav_variables/msg/detail/ht_nav_point__rosidl_typesupport_introspection_cpp.hpp
[0.972s] -- Up-to-date: /home/temur/INS-GPS-ROS2/install/ht_nav_variables/include/ht_nav_variables/msg/detail/ht_nav_strap_out__rosidl_typesupport_introspection_cpp.hpp
[0.972s] -- Up-to-date: /home/temur/INS-GPS-ROS2/install/ht_nav_variables/include/ht_nav_variables/msg/detail/ht_nav_kalman_out__rosidl_typesupport_introspection_cpp.hpp
[0.972s] -- Up-to-date: /home/temur/INS-GPS-ROS2/install/ht_nav_variables/include/ht_nav_variables/msg/detail/ht_nav_gps_data__type_support.cpp
[0.972s] -- Up-to-date: /home/temur/INS-GPS-ROS2/install/ht_nav_variables/include/ht_nav_variables/msg/detail/ht_nav_error_vector__rosidl_typesupport_introspection_cpp.hpp
[0.972s] -- Up-to-date: /home/temur/INS-GPS-ROS2/install/ht_nav_variables/include/ht_nav_variables/msg/detail/ht_nav_point__type_support.cpp
[0.972s] -- Up-to-date: /home/temur/INS-GPS-ROS2/install/ht_nav_variables/include/ht_nav_variables/msg/detail/ht_nav_deneme__type_support.cpp
[0.972s] -- Up-to-date: /home/temur/INS-GPS-ROS2/install/ht_nav_variables/include/ht_nav_variables/msg/detail/ht_nav_strap_car_out__type_support.cpp
[0.973s] -- Up-to-date: /home/temur/INS-GPS-ROS2/install/ht_nav_variables/include/ht_nav_variables/msg/detail/ht_nav_wheel_vector__rosidl_typesupport_introspection_cpp.hpp
[0.973s] -- Up-to-date: /home/temur/INS-GPS-ROS2/install/ht_nav_variables/include/ht_nav_variables/msg/detail/ht_nav_imu_data__rosidl_typesupport_introspection_cpp.hpp
[0.973s] -- Up-to-date: /home/temur/INS-GPS-ROS2/install/ht_nav_variables/include/ht_nav_variables/msg/detail/ht_nav_joint_state__type_support.cpp
[0.973s] -- Up-to-date: /home/temur/INS-GPS-ROS2/install/ht_nav_variables/include/ht_nav_variables/msg/detail/ht_nav_wheel_vector__type_support.cpp
[0.973s] -- Up-to-date: /home/temur/INS-GPS-ROS2/install/ht_nav_variables/include/ht_nav_variables/msg/detail/ht_nav_kalman_out__type_support.cpp
[0.973s] -- Up-to-date: /home/temur/INS-GPS-ROS2/install/ht_nav_variables/include/ht_nav_variables/msg/detail/ht_nav_euler__rosidl_typesupport_introspection_cpp.hpp
[0.973s] -- Up-to-date: /home/temur/INS-GPS-ROS2/install/ht_nav_variables/include/ht_nav_variables/msg/detail/ht_nav_vector3__rosidl_typesupport_introspection_cpp.hpp
[0.973s] -- Up-to-date: /home/temur/INS-GPS-ROS2/install/ht_nav_variables/include/ht_nav_variables/msg/detail/ht_nav_strap_out__type_support.cpp
[0.973s] -- Up-to-date: /home/temur/INS-GPS-ROS2/install/ht_nav_variables/include/ht_nav_variables/msg/detail/ht_nav_imu_data__type_support.cpp
[0.973s] -- Up-to-date: /home/temur/INS-GPS-ROS2/install/ht_nav_variables/include/ht_nav_variables/msg/detail/ht_nav_error_vector__type_support.cpp
[0.973s] -- Up-to-date: /home/temur/INS-GPS-ROS2/install/ht_nav_variables/lib/libht_nav_variables__rosidl_typesupport_introspection_cpp.so
[0.973s] -- Up-to-date: /home/temur/INS-GPS-ROS2/install/ht_nav_variables/lib/libht_nav_variables__rosidl_typesupport_cpp.so
[0.973s] -- Up-to-date: /home/temur/INS-GPS-ROS2/install/ht_nav_variables/share/ht_nav_variables/environment/pythonpath.sh
[0.974s] -- Up-to-date: /home/temur/INS-GPS-ROS2/install/ht_nav_variables/share/ht_nav_variables/environment/pythonpath.dsv
[0.974s] -- Up-to-date: /home/temur/INS-GPS-ROS2/install/ht_nav_variables/lib/python3.8/site-packages/ht_nav_variables/__init__.py
[1.001s] -- Up-to-date: /home/temur/INS-GPS-ROS2/install/ht_nav_variables/lib/python3.8/site-packages/ht_nav_variables/msg
[1.001s] -- Up-to-date: /home/temur/INS-GPS-ROS2/install/ht_nav_variables/lib/python3.8/site-packages/ht_nav_variables/msg/_ht_nav_deneme.py
[1.001s] -- Up-to-date: /home/temur/INS-GPS-ROS2/install/ht_nav_variables/lib/python3.8/site-packages/ht_nav_variables/msg/_ht_nav_kalman_out.py
[1.002s] -- Up-to-date: /home/temur/INS-GPS-ROS2/install/ht_nav_variables/lib/python3.8/site-packages/ht_nav_variables/msg/_ht_nav_imu_data_s.c
[1.002s] -- Up-to-date: /home/temur/INS-GPS-ROS2/install/ht_nav_variables/lib/python3.8/site-packages/ht_nav_variables/msg/_ht_nav_wheel_vector.py
[1.002s] -- Up-to-date: /home/temur/INS-GPS-ROS2/install/ht_nav_variables/lib/python3.8/site-packages/ht_nav_variables/msg/_ht_nav_joint_state_s.c
[1.002s] -- Up-to-date: /home/temur/INS-GPS-ROS2/install/ht_nav_variables/lib/python3.8/site-packages/ht_nav_variables/msg/_ht_nav_tire_out.py
[1.002s] -- Up-to-date: /home/temur/INS-GPS-ROS2/install/ht_nav_variables/lib/python3.8/site-packages/ht_nav_variables/msg/_ht_nav_imu_data.py
[1.003s] -- Up-to-date: /home/temur/INS-GPS-ROS2/install/ht_nav_variables/lib/python3.8/site-packages/ht_nav_variables/msg/_ht_nav_strap_out_s.c
[1.003s] -- Up-to-date: /home/temur/INS-GPS-ROS2/install/ht_nav_variables/lib/python3.8/site-packages/ht_nav_variables/msg/_ht_nav_point.py
[1.003s] -- Up-to-date: /home/temur/INS-GPS-ROS2/install/ht_nav_variables/lib/python3.8/site-packages/ht_nav_variables/msg/_ht_nav_vector3.py
[1.003s] -- Up-to-date: /home/temur/INS-GPS-ROS2/install/ht_nav_variables/lib/python3.8/site-packages/ht_nav_variables/msg/_ht_nav_wheel_vector_s.c
[1.003s] -- Up-to-date: /home/temur/INS-GPS-ROS2/install/ht_nav_variables/lib/python3.8/site-packages/ht_nav_variables/msg/_ht_nav_gps_data.py
[1.003s] -- Up-to-date: /home/temur/INS-GPS-ROS2/install/ht_nav_variables/lib/python3.8/site-packages/ht_nav_variables/msg/_ht_nav_strap_car_out_s.c
[1.004s] -- Up-to-date: /home/temur/INS-GPS-ROS2/install/ht_nav_variables/lib/python3.8/site-packages/ht_nav_variables/msg/_ht_nav_euler.py
[1.004s] -- Up-to-date: /home/temur/INS-GPS-ROS2/install/ht_nav_variables/lib/python3.8/site-packages/ht_nav_variables/msg/_ht_nav_vehicle_debug.py
[1.004s] -- Up-to-date: /home/temur/INS-GPS-ROS2/install/ht_nav_variables/lib/python3.8/site-packages/ht_nav_variables/msg/_ht_nav_kalman_out_s.c
[1.004s] -- Up-to-date: /home/temur/INS-GPS-ROS2/install/ht_nav_variables/lib/python3.8/site-packages/ht_nav_variables/msg/_ht_nav_quaternion_s.c
[1.004s] -- Up-to-date: /home/temur/INS-GPS-ROS2/install/ht_nav_variables/lib/python3.8/site-packages/ht_nav_variables/msg/_ht_nav_strap_car_out.py
[1.004s] -- Up-to-date: /home/temur/INS-GPS-ROS2/install/ht_nav_variables/lib/python3.8/site-packages/ht_nav_variables/msg/_ht_nav_vehicle_debug_s.c
[1.005s] -- Up-to-date: /home/temur/INS-GPS-ROS2/install/ht_nav_variables/lib/python3.8/site-packages/ht_nav_variables/msg/_ht_nav_vector3_s.c
[1.005s] -- Up-to-date: /home/temur/INS-GPS-ROS2/install/ht_nav_variables/lib/python3.8/site-packages/ht_nav_variables/msg/_ht_nav_strap_out.py
[1.005s] -- Up-to-date: /home/temur/INS-GPS-ROS2/install/ht_nav_variables/lib/python3.8/site-packages/ht_nav_variables/msg/_ht_nav_error_vector.py
[1.005s] -- Up-to-date: /home/temur/INS-GPS-ROS2/install/ht_nav_variables/lib/python3.8/site-packages/ht_nav_variables/msg/_ht_nav_gps_data_s.c
[1.006s] -- Up-to-date: /home/temur/INS-GPS-ROS2/install/ht_nav_variables/lib/python3.8/site-packages/ht_nav_variables/msg/_ht_nav_joint_state.py
[1.007s] -- Up-to-date: /home/temur/INS-GPS-ROS2/install/ht_nav_variables/lib/python3.8/site-packages/ht_nav_variables/msg/_ht_nav_error_vector_s.c
[1.008s] -- Up-to-date: /home/temur/INS-GPS-ROS2/install/ht_nav_variables/lib/python3.8/site-packages/ht_nav_variables/msg/_ht_nav_euler_s.c
[1.008s] -- Up-to-date: /home/temur/INS-GPS-ROS2/install/ht_nav_variables/lib/python3.8/site-packages/ht_nav_variables/msg/_ht_nav_quaternion.py
[1.008s] -- Up-to-date: /home/temur/INS-GPS-ROS2/install/ht_nav_variables/lib/python3.8/site-packages/ht_nav_variables/msg/_ht_nav_tire_out_s.c
[1.008s] -- Up-to-date: /home/temur/INS-GPS-ROS2/install/ht_nav_variables/lib/python3.8/site-packages/ht_nav_variables/msg/_ht_nav_deneme_s.c
[1.009s] -- Up-to-date: /home/temur/INS-GPS-ROS2/install/ht_nav_variables/lib/python3.8/site-packages/ht_nav_variables/msg/_ht_nav_point_s.c
[1.009s] -- Up-to-date: /home/temur/INS-GPS-ROS2/install/ht_nav_variables/lib/python3.8/site-packages/ht_nav_variables/msg/__init__.py
[1.009s] -- Up-to-date: /home/temur/INS-GPS-ROS2/install/ht_nav_variables/lib/python3.8/site-packages/ht_nav_variables/ht_nav_variables_s__rosidl_typesupport_fastrtps_c.cpython-38-x86_64-linux-gnu.so
[1.009s] -- Up-to-date: /home/temur/INS-GPS-ROS2/install/ht_nav_variables/lib/python3.8/site-packages/ht_nav_variables/ht_nav_variables_s__rosidl_typesupport_introspection_c.cpython-38-x86_64-linux-gnu.so
[1.010s] -- Up-to-date: /home/temur/INS-GPS-ROS2/install/ht_nav_variables/lib/python3.8/site-packages/ht_nav_variables/ht_nav_variables_s__rosidl_typesupport_c.cpython-38-x86_64-linux-gnu.so
[1.010s] -- Up-to-date: /home/temur/INS-GPS-ROS2/install/ht_nav_variables/lib/libht_nav_variables__python.so
[1.010s] -- Up-to-date: /home/temur/INS-GPS-ROS2/install/ht_nav_variables/share/ht_nav_variables/msg/HtNavErrorVector.idl
[1.010s] -- Up-to-date: /home/temur/INS-GPS-ROS2/install/ht_nav_variables/share/ht_nav_variables/msg/HtNavEuler.idl
[1.010s] -- Up-to-date: /home/temur/INS-GPS-ROS2/install/ht_nav_variables/share/ht_nav_variables/msg/HtNavGpsData.idl
[1.011s] -- Up-to-date: /home/temur/INS-GPS-ROS2/install/ht_nav_variables/share/ht_nav_variables/msg/HtNavImuData.idl
[1.011s] -- Up-to-date: /home/temur/INS-GPS-ROS2/install/ht_nav_variables/share/ht_nav_variables/msg/HtNavKalmanOut.idl
[1.011s] -- Up-to-date: /home/temur/INS-GPS-ROS2/install/ht_nav_variables/share/ht_nav_variables/msg/HtNavStrapOut.idl
[1.011s] -- Up-to-date: /home/temur/INS-GPS-ROS2/install/ht_nav_variables/share/ht_nav_variables/msg/HtNavStrapCarOut.idl
[1.012s] -- Up-to-date: /home/temur/INS-GPS-ROS2/install/ht_nav_variables/share/ht_nav_variables/msg/HtNavPoint.idl
[1.012s] -- Up-to-date: /home/temur/INS-GPS-ROS2/install/ht_nav_variables/share/ht_nav_variables/msg/HtNavVector3.idl
[1.013s] -- Up-to-date: /home/temur/INS-GPS-ROS2/install/ht_nav_variables/share/ht_nav_variables/msg/HtNavQuaternion.idl
[1.013s] -- Up-to-date: /home/temur/INS-GPS-ROS2/install/ht_nav_variables/share/ht_nav_variables/msg/HtNavDeneme.idl
[1.013s] -- Up-to-date: /home/temur/INS-GPS-ROS2/install/ht_nav_variables/share/ht_nav_variables/msg/HtNavWheelVector.idl
[1.013s] -- Up-to-date: /home/temur/INS-GPS-ROS2/install/ht_nav_variables/share/ht_nav_variables/msg/HtNavJointState.idl
[1.013s] -- Up-to-date: /home/temur/INS-GPS-ROS2/install/ht_nav_variables/share/ht_nav_variables/msg/HtNavTireOut.idl
[1.013s] -- Up-to-date: /home/temur/INS-GPS-ROS2/install/ht_nav_variables/share/ht_nav_variables/msg/HtNavVehicleDebug.idl
[1.014s] -- Up-to-date: /home/temur/INS-GPS-ROS2/install/ht_nav_variables/share/ht_nav_variables/msg/HtNavErrorVector.msg
[1.014s] -- Up-to-date: /home/temur/INS-GPS-ROS2/install/ht_nav_variables/share/ht_nav_variables/msg/HtNavEuler.msg
[1.014s] -- Up-to-date: /home/temur/INS-GPS-ROS2/install/ht_nav_variables/share/ht_nav_variables/msg/HtNavGpsData.msg
[1.014s] -- Up-to-date: /home/temur/INS-GPS-ROS2/install/ht_nav_variables/share/ht_nav_variables/msg/HtNavImuData.msg
[1.014s] -- Up-to-date: /home/temur/INS-GPS-ROS2/install/ht_nav_variables/share/ht_nav_variables/msg/HtNavKalmanOut.msg
[1.014s] -- Up-to-date: /home/temur/INS-GPS-ROS2/install/ht_nav_variables/share/ht_nav_variables/msg/HtNavStrapOut.msg
[1.014s] -- Up-to-date: /home/temur/INS-GPS-ROS2/install/ht_nav_variables/share/ht_nav_variables/msg/HtNavStrapCarOut.msg
[1.014s] -- Up-to-date: /home/temur/INS-GPS-ROS2/install/ht_nav_variables/share/ht_nav_variables/msg/HtNavPoint.msg
[1.015s] -- Up-to-date: /home/temur/INS-GPS-ROS2/install/ht_nav_variables/share/ht_nav_variables/msg/HtNavVector3.msg
[1.015s] -- Up-to-date: /home/temur/INS-GPS-ROS2/install/ht_nav_variables/share/ht_nav_variables/msg/HtNavQuaternion.msg
[1.015s] -- Up-to-date: /home/temur/INS-GPS-ROS2/install/ht_nav_variables/share/ht_nav_variables/msg/HtNavDeneme.msg
[1.015s] -- Up-to-date: /home/temur/INS-GPS-ROS2/install/ht_nav_variables/share/ht_nav_variables/msg/HtNavWheelVector.msg
[1.015s] -- Up-to-date: /home/temur/INS-GPS-ROS2/install/ht_nav_variables/share/ht_nav_variables/msg/HtNavJointState.msg
[1.015s] -- Up-to-date: /home/temur/INS-GPS-ROS2/install/ht_nav_variables/share/ht_nav_variables/msg/HtNavTireOut.msg
[1.015s] -- Up-to-date: /home/temur/INS-GPS-ROS2/install/ht_nav_variables/share/ht_nav_variables/msg/HtNavVehicleDebug.msg
[1.015s] -- Up-to-date: /home/temur/INS-GPS-ROS2/install/ht_nav_variables/share/ament_index/resource_index/package_run_dependencies/ht_nav_variables
[1.015s] -- Up-to-date: /home/temur/INS-GPS-ROS2/install/ht_nav_variables/share/ament_index/resource_index/parent_prefix_path/ht_nav_variables
[1.015s] -- Up-to-date: /home/temur/INS-GPS-ROS2/install/ht_nav_variables/share/ht_nav_variables/environment/ament_prefix_path.sh
[1.016s] -- Up-to-date: /home/temur/INS-GPS-ROS2/install/ht_nav_variables/share/ht_nav_variables/environment/ament_prefix_path.dsv
[1.016s] -- Up-to-date: /home/temur/INS-GPS-ROS2/install/ht_nav_variables/share/ht_nav_variables/environment/path.sh
[1.016s] -- Up-to-date: /home/temur/INS-GPS-ROS2/install/ht_nav_variables/share/ht_nav_variables/environment/path.dsv
[1.016s] -- Up-to-date: /home/temur/INS-GPS-ROS2/install/ht_nav_variables/share/ht_nav_variables/local_setup.bash
[1.016s] -- Up-to-date: /home/temur/INS-GPS-ROS2/install/ht_nav_variables/share/ht_nav_variables/local_setup.sh
[1.016s] -- Up-to-date: /home/temur/INS-GPS-ROS2/install/ht_nav_variables/share/ht_nav_variables/local_setup.zsh
[1.016s] -- Up-to-date: /home/temur/INS-GPS-ROS2/install/ht_nav_variables/share/ht_nav_variables/local_setup.dsv
[1.017s] -- Installing: /home/temur/INS-GPS-ROS2/install/ht_nav_variables/share/ht_nav_variables/package.dsv
[1.018s] -- Up-to-date: /home/temur/INS-GPS-ROS2/install/ht_nav_variables/share/ament_index/resource_index/packages/ht_nav_variables
[1.019s] -- Up-to-date: /home/temur/INS-GPS-ROS2/install/ht_nav_variables/share/ht_nav_variables/cmake/ht_nav_variables__rosidl_generator_cExport.cmake
[1.020s] -- Up-to-date: /home/temur/INS-GPS-ROS2/install/ht_nav_variables/share/ht_nav_variables/cmake/ht_nav_variables__rosidl_generator_cExport-noconfig.cmake
[1.021s] -- Up-to-date: /home/temur/INS-GPS-ROS2/install/ht_nav_variables/share/ht_nav_variables/cmake/ht_nav_variables__rosidl_typesupport_introspection_cExport.cmake
[1.021s] -- Up-to-date: /home/temur/INS-GPS-ROS2/install/ht_nav_variables/share/ht_nav_variables/cmake/ht_nav_variables__rosidl_typesupport_introspection_cExport-noconfig.cmake
[1.021s] -- Up-to-date: /home/temur/INS-GPS-ROS2/install/ht_nav_variables/share/ht_nav_variables/cmake/ht_nav_variables__rosidl_typesupport_cExport.cmake
[1.022s] -- Up-to-date: /home/temur/INS-GPS-ROS2/install/ht_nav_variables/share/ht_nav_variables/cmake/ht_nav_variables__rosidl_typesupport_cExport-noconfig.cmake
[1.022s] -- Up-to-date: /home/temur/INS-GPS-ROS2/install/ht_nav_variables/share/ht_nav_variables/cmake/ht_nav_variables__rosidl_generator_cppExport.cmake
[1.022s] -- Up-to-date: /home/temur/INS-GPS-ROS2/install/ht_nav_variables/share/ht_nav_variables/cmake/ht_nav_variables__rosidl_typesupport_introspection_cppExport.cmake
[1.022s] -- Up-to-date: /home/temur/INS-GPS-ROS2/install/ht_nav_variables/share/ht_nav_variables/cmake/ht_nav_variables__rosidl_typesupport_introspection_cppExport-noconfig.cmake
[1.023s] -- Up-to-date: /home/temur/INS-GPS-ROS2/install/ht_nav_variables/share/ht_nav_variables/cmake/ht_nav_variables__rosidl_typesupport_cppExport.cmake
[1.023s] -- Up-to-date: /home/temur/INS-GPS-ROS2/install/ht_nav_variables/share/ht_nav_variables/cmake/ht_nav_variables__rosidl_typesupport_cppExport-noconfig.cmake
[1.024s] -- Up-to-date: /home/temur/INS-GPS-ROS2/install/ht_nav_variables/share/ht_nav_variables/cmake/rosidl_cmake-extras.cmake
[1.024s] -- Up-to-date: /home/temur/INS-GPS-ROS2/install/ht_nav_variables/share/ht_nav_variables/cmake/ament_cmake_export_dependencies-extras.cmake
[1.024s] -- Up-to-date: /home/temur/INS-GPS-ROS2/install/ht_nav_variables/share/ht_nav_variables/cmake/ament_cmake_export_libraries-extras.cmake
[1.025s] -- Up-to-date: /home/temur/INS-GPS-ROS2/install/ht_nav_variables/share/ht_nav_variables/cmake/ament_cmake_export_targets-extras.cmake
[1.025s] -- Up-to-date: /home/temur/INS-GPS-ROS2/install/ht_nav_variables/share/ht_nav_variables/cmake/ament_cmake_export_include_directories-extras.cmake
[1.025s] -- Up-to-date: /home/temur/INS-GPS-ROS2/install/ht_nav_variables/share/ht_nav_variables/cmake/rosidl_cmake_export_typesupport_libraries-extras.cmake
[1.025s] -- Up-to-date: /home/temur/INS-GPS-ROS2/install/ht_nav_variables/share/ht_nav_variables/cmake/rosidl_cmake_export_typesupport_targets-extras.cmake
[1.025s] -- Up-to-date: /home/temur/INS-GPS-ROS2/install/ht_nav_variables/share/ht_nav_variables/cmake/ht_nav_variablesConfig.cmake
[1.026s] -- Up-to-date: /home/temur/INS-GPS-ROS2/install/ht_nav_variables/share/ht_nav_variables/cmake/ht_nav_variablesConfig-version.cmake
[1.026s] -- Up-to-date: /home/temur/INS-GPS-ROS2/install/ht_nav_variables/share/ht_nav_variables/package.xml
[1.027s] Invoked command in '/home/temur/INS-GPS-ROS2/build/ht_nav_variables' returned '0': CMAKE_PREFIX_PATH=${CMAKE_PREFIX_PATH}:/home/temur/INS-GPS-ROS2/install/ht_strap_package:/opt/ros/foxy /usr/bin/cmake --install /home/temur/INS-GPS-ROS2/build/ht_nav_variables
