[0.013s] Invoking command in '/home/temurtas/INS-GPS-ROS2/build/ht_nav_variables': CMAKE_PREFIX_PATH=/opt/ros/foxy /usr/bin/cmake /home/temurtas/INS-GPS-ROS2/src/ht_nav_variables -DCMAKE_INSTALL_PREFIX=/home/temurtas/INS-GPS-ROS2/install/ht_nav_variables
[0.030s] -- Found ament_cmake: 0.9.8 (/opt/ros/foxy/share/ament_cmake/cmake)
[0.056s] -- Using PYTHON_EXECUTABLE: /usr/bin/python3
[0.221s] -- Found rosidl_default_generators: 1.0.1 (/opt/ros/foxy/share/rosidl_default_generators/cmake)
[0.224s] -- Using all available rosidl_typesupport_c: rosidl_typesupport_fastrtps_c;rosidl_typesupport_introspection_c
[0.230s] -- Found rosidl_adapter: 1.2.1 (/opt/ros/foxy/share/rosidl_adapter/cmake)
[0.383s] -- Found OpenSSL: /usr/lib/x86_64-linux-gnu/libcrypto.so (found version "1.1.1f")  
[0.423s] -- Found FastRTPS: /opt/ros/foxy/include  
[0.508s] -- Using all available rosidl_typesupport_cpp: rosidl_typesupport_fastrtps_cpp;rosidl_typesupport_introspection_cpp
[0.534s] CMake Error at /opt/ros/foxy/share/rosidl_cmake/cmake/rosidl_generate_interfaces.cmake:93 (message):
[0.534s]   rosidl_generate_interfaces() the passed file 'msg/ht_error_vector.msg.msg'
[0.534s]   doesn't exist relative to the CMAKE_CURRENT_SOURCE_DIR
[0.534s]   '/home/temurtas/INS-GPS-ROS2/src/ht_nav_variables'
[0.534s] Call Stack (most recent call first):
[0.535s]   CMakeLists.txt:25 (rosidl_generate_interfaces)
[0.535s] 
[0.535s] 
[0.535s] -- Configuring incomplete, errors occurred!
[0.535s] See also "/home/temurtas/INS-GPS-ROS2/build/ht_nav_variables/CMakeFiles/CMakeOutput.log".
[0.542s] Invoked command in '/home/temurtas/INS-GPS-ROS2/build/ht_nav_variables' returned '1': CMAKE_PREFIX_PATH=/opt/ros/foxy /usr/bin/cmake /home/temurtas/INS-GPS-ROS2/src/ht_nav_variables -DCMAKE_INSTALL_PREFIX=/home/temurtas/INS-GPS-ROS2/install/ht_nav_variables
