[0.017s] Invoking command in '/home/temur/INS-GPS-ROS2/build/ht_nav_variables': CMAKE_PREFIX_PATH=${CMAKE_PREFIX_PATH}:/opt/ros/foxy /usr/bin/cmake /home/temur/INS-GPS-ROS2/src/ht_nav_variables -DCMAKE_INSTALL_PREFIX=/home/temur/INS-GPS-ROS2/install/ht_nav_variables
[0.026s] -- Found ament_cmake: 0.9.9 (/opt/ros/foxy/share/ament_cmake/cmake)
[0.044s] -- Using PYTHON_EXECUTABLE: /usr/bin/python3
[0.200s] -- Found rosidl_default_generators: 1.0.1 (/opt/ros/foxy/share/rosidl_default_generators/cmake)
[0.202s] -- Using all available rosidl_typesupport_c: rosidl_typesupport_fastrtps_c;rosidl_typesupport_introspection_c
[0.205s] -- Found rosidl_adapter: 1.2.1 (/opt/ros/foxy/share/rosidl_adapter/cmake)
[0.348s] -- Using all available rosidl_typesupport_cpp: rosidl_typesupport_fastrtps_cpp;rosidl_typesupport_introspection_cpp
[0.368s] -- Found rclcpp: 2.4.0 (/opt/ros/foxy/share/rclcpp/cmake)
[0.411s] -- Found rmw_implementation_cmake: 1.0.3 (/opt/ros/foxy/share/rmw_implementation_cmake/cmake)
[0.412s] -- Using RMW implementation 'rmw_cyclonedds_cpp' as default
[0.414s] -- Looking for pthread.h
[0.508s] -- Looking for pthread.h - found
[0.509s] -- Performing Test CMAKE_HAVE_LIBC_PTHREAD
[0.603s] -- Performing Test CMAKE_HAVE_LIBC_PTHREAD - Failed
[0.603s] -- Looking for pthread_create in pthreads
[0.698s] -- Looking for pthread_create in pthreads - not found
[0.698s] -- Looking for pthread_create in pthread
[0.798s] -- Looking for pthread_create in pthread - found
[0.800s] -- Found Threads: TRUE  
[0.969s] -- Found PythonInterp: /usr/bin/python3 (found version "3.8.10") 
[1.118s] -- Found ament_cmake_ros: 0.9.2 (/opt/ros/foxy/share/ament_cmake_ros/cmake)
[1.240s] -- Using all available rosidl_typesupport_c: rosidl_typesupport_fastrtps_c;rosidl_typesupport_introspection_c
[1.249s] -- Using all available rosidl_typesupport_cpp: rosidl_typesupport_fastrtps_cpp;rosidl_typesupport_introspection_cpp
[1.276s] -- Found PythonInterp: /usr/bin/python3 (found suitable version "3.8.10", minimum required is "3.5") 
[1.279s] -- Found python_cmake_module: 0.8.1 (/opt/ros/foxy/share/python_cmake_module/cmake)
[1.312s] -- Found PythonLibs: /usr/lib/x86_64-linux-gnu/libpython3.8.so (found suitable version "3.8.10", minimum required is "3.5") 
[1.313s] -- Using PYTHON_EXECUTABLE: /usr/bin/python3
[1.313s] -- Using PYTHON_INCLUDE_DIRS: /usr/include/python3.8
[1.313s] -- Using PYTHON_LIBRARIES: /usr/lib/x86_64-linux-gnu/libpython3.8.so
[1.335s] -- Found PythonExtra: .so  
[1.385s] -- Found ament_lint_auto: 0.9.6 (/opt/ros/foxy/share/ament_lint_auto/cmake)
[1.407s] -- Added test 'copyright' to check source files copyright and LICENSE
[1.409s] -- Added test 'lint_cmake' to check CMake code style
[1.411s] -- Added test 'xmllint' to check XML markup files
[1.415s] -- Configuring done
[1.460s] -- Generating done
[1.463s] -- Build files have been written to: /home/temur/INS-GPS-ROS2/build/ht_nav_variables
[1.472s] Invoked command in '/home/temur/INS-GPS-ROS2/build/ht_nav_variables' returned '0': CMAKE_PREFIX_PATH=${CMAKE_PREFIX_PATH}:/opt/ros/foxy /usr/bin/cmake /home/temur/INS-GPS-ROS2/src/ht_nav_variables -DCMAKE_INSTALL_PREFIX=/home/temur/INS-GPS-ROS2/install/ht_nav_variables
[1.478s] Invoking command in '/home/temur/INS-GPS-ROS2/build/ht_nav_variables': CMAKE_PREFIX_PATH=${CMAKE_PREFIX_PATH}:/opt/ros/foxy /usr/bin/cmake --build /home/temur/INS-GPS-ROS2/build/ht_nav_variables -- -j12 -l12
[1.540s] [35m[1mScanning dependencies of target ht_nav_variables__cpp[0m
[1.542s] [  1%] [34m[1mGenerating C code for ROS interfaces[0m
[1.555s] [  1%] [34m[1mGenerating C++ code for ROS interfaces[0m
[2.124s] [  1%] Built target ht_nav_variables__cpp
[2.145s] [  3%] [34m[1mGenerating C++ type support dispatch for ROS interfaces[0m
[2.146s] [  3%] [34m[1mGenerating C++ introspection for ROS interfaces[0m
[2.146s] [  4%] [34m[1mGenerating C++ type support for eProsima Fast-RTPS[0m
[2.184s] [35m[1mScanning dependencies of target ht_nav_variables__rosidl_generator_c[0m
[2.202s] [  7%] [32mBuilding C object CMakeFiles/ht_nav_variables__rosidl_generator_c.dir/rosidl_generator_c/ht_nav_variables/msg/detail/ht_nav_quaternion__functions.c.o[0m
[2.202s] [  7%] [32mBuilding C object CMakeFiles/ht_nav_variables__rosidl_generator_c.dir/rosidl_generator_c/ht_nav_variables/msg/detail/ht_nav_euler__functions.c.o[0m
[2.202s] [  7%] [32mBuilding C object CMakeFiles/ht_nav_variables__rosidl_generator_c.dir/rosidl_generator_c/ht_nav_variables/msg/detail/ht_nav_imu_data__functions.c.o[0m
[2.203s] [  9%] [32mBuilding C object CMakeFiles/ht_nav_variables__rosidl_generator_c.dir/rosidl_generator_c/ht_nav_variables/msg/detail/ht_nav_error_vector__functions.c.o[0m
[2.204s] [  9%] [32mBuilding C object CMakeFiles/ht_nav_variables__rosidl_generator_c.dir/rosidl_generator_c/ht_nav_variables/msg/detail/ht_nav_point__functions.c.o[0m
[2.205s] [ 10%] [32mBuilding C object CMakeFiles/ht_nav_variables__rosidl_generator_c.dir/rosidl_generator_c/ht_nav_variables/msg/detail/ht_nav_kalman_out__functions.c.o[0m
[2.207s] [ 11%] [32mBuilding C object CMakeFiles/ht_nav_variables__rosidl_generator_c.dir/rosidl_generator_c/ht_nav_variables/msg/detail/ht_nav_gps_data__functions.c.o[0m
[2.207s] [ 12%] [32mBuilding C object CMakeFiles/ht_nav_variables__rosidl_generator_c.dir/rosidl_generator_c/ht_nav_variables/msg/detail/ht_nav_strap_out__functions.c.o[0m
[2.208s] [ 13%] [32mBuilding C object CMakeFiles/ht_nav_variables__rosidl_generator_c.dir/rosidl_generator_c/ht_nav_variables/msg/detail/ht_nav_vector3__functions.c.o[0m
[2.254s] [ 14%] [32mBuilding C object CMakeFiles/ht_nav_variables__rosidl_generator_c.dir/rosidl_generator_c/ht_nav_variables/msg/detail/ht_nav_deneme__functions.c.o[0m
[2.291s] [ 15%] [32m[1mLinking C shared library libht_nav_variables__rosidl_generator_c.so[0m
[2.334s] [ 15%] Built target ht_nav_variables__rosidl_generator_c
[2.345s] [ 16%] [34m[1mGenerating C type support dispatch for ROS interfaces[0m
[2.350s] [ 17%] [34m[1mGenerating C introspection for ROS interfaces[0m
[2.575s] [35m[1mScanning dependencies of target ht_nav_variables__rosidl_typesupport_cpp[0m
[2.592s] [ 22%] [32mBuilding CXX object CMakeFiles/ht_nav_variables__rosidl_typesupport_cpp.dir/rosidl_typesupport_cpp/ht_nav_variables/msg/ht_nav_kalman_out__type_support.cpp.o[0m
[2.592s] [ 22%] [32mBuilding CXX object CMakeFiles/ht_nav_variables__rosidl_typesupport_cpp.dir/rosidl_typesupport_cpp/ht_nav_variables/msg/ht_nav_vector3__type_support.cpp.o[0m
[2.592s] [ 22%] [32mBuilding CXX object CMakeFiles/ht_nav_variables__rosidl_typesupport_cpp.dir/rosidl_typesupport_cpp/ht_nav_variables/msg/ht_nav_euler__type_support.cpp.o[0m
[2.592s] [ 22%] [32mBuilding CXX object CMakeFiles/ht_nav_variables__rosidl_typesupport_cpp.dir/rosidl_typesupport_cpp/ht_nav_variables/msg/ht_nav_point__type_support.cpp.o[0m
[2.592s] [ 23%] [32mBuilding CXX object CMakeFiles/ht_nav_variables__rosidl_typesupport_cpp.dir/rosidl_typesupport_cpp/ht_nav_variables/msg/ht_nav_gps_data__type_support.cpp.o[0m
[2.592s] [ 23%] [32mBuilding CXX object CMakeFiles/ht_nav_variables__rosidl_typesupport_cpp.dir/rosidl_typesupport_cpp/ht_nav_variables/msg/ht_nav_error_vector__type_support.cpp.o[0m
[2.597s] [ 24%] [32mBuilding CXX object CMakeFiles/ht_nav_variables__rosidl_typesupport_cpp.dir/rosidl_typesupport_cpp/ht_nav_variables/msg/ht_nav_strap_out__type_support.cpp.o[0m
[2.598s] [ 25%] [32mBuilding CXX object CMakeFiles/ht_nav_variables__rosidl_typesupport_cpp.dir/rosidl_typesupport_cpp/ht_nav_variables/msg/ht_nav_imu_data__type_support.cpp.o[0m
[2.944s] [ 26%] [32mBuilding CXX object CMakeFiles/ht_nav_variables__rosidl_typesupport_cpp.dir/rosidl_typesupport_cpp/ht_nav_variables/msg/ht_nav_quaternion__type_support.cpp.o[0m
[2.950s] [ 27%] [32mBuilding CXX object CMakeFiles/ht_nav_variables__rosidl_typesupport_cpp.dir/rosidl_typesupport_cpp/ht_nav_variables/msg/ht_nav_deneme__type_support.cpp.o[0m
[2.960s] [35m[1mScanning dependencies of target ht_nav_variables__rosidl_typesupport_c[0m
[2.975s] [35m[1mScanning dependencies of target ht_nav_variables__rosidl_typesupport_introspection_cpp[0m
[2.979s] [ 31%] [32mBuilding CXX object CMakeFiles/ht_nav_variables__rosidl_typesupport_c.dir/rosidl_typesupport_c/ht_nav_variables/msg/ht_nav_euler__type_support.cpp.o[0m
[2.979s] [ 31%] [32mBuilding CXX object CMakeFiles/ht_nav_variables__rosidl_typesupport_c.dir/rosidl_typesupport_c/ht_nav_variables/msg/ht_nav_strap_out__type_support.cpp.o[0m
[2.979s] [ 34%] [32mBuilding CXX object CMakeFiles/ht_nav_variables__rosidl_typesupport_c.dir/rosidl_typesupport_c/ht_nav_variables/msg/ht_nav_gps_data__type_support.cpp.o[0m
[2.979s] [ 34%] [32mBuilding CXX object CMakeFiles/ht_nav_variables__rosidl_typesupport_c.dir/rosidl_typesupport_c/ht_nav_variables/msg/ht_nav_imu_data__type_support.cpp.o[0m
[2.979s] [ 34%] [32mBuilding CXX object CMakeFiles/ht_nav_variables__rosidl_typesupport_c.dir/rosidl_typesupport_c/ht_nav_variables/msg/ht_nav_point__type_support.cpp.o[0m
[2.979s] [ 34%] [32mBuilding CXX object CMakeFiles/ht_nav_variables__rosidl_typesupport_c.dir/rosidl_typesupport_c/ht_nav_variables/msg/ht_nav_error_vector__type_support.cpp.o[0m
[2.979s] [ 34%] [32mBuilding CXX object CMakeFiles/ht_nav_variables__rosidl_typesupport_c.dir/rosidl_typesupport_c/ht_nav_variables/msg/ht_nav_kalman_out__type_support.cpp.o[0m
[2.980s] [35m[1mScanning dependencies of target ht_nav_variables__rosidl_typesupport_fastrtps_cpp[0m
[2.998s] [ 35%] [32mBuilding CXX object CMakeFiles/ht_nav_variables__rosidl_typesupport_introspection_cpp.dir/rosidl_typesupport_introspection_cpp/ht_nav_variables/msg/detail/ht_nav_error_vector__type_support.cpp.o[0m
[3.009s] [ 36%] [32mBuilding CXX object CMakeFiles/ht_nav_variables__rosidl_typesupport_fastrtps_cpp.dir/rosidl_typesupport_fastrtps_cpp/ht_nav_variables/msg/detail/dds_fastrtps/ht_nav_error_vector__type_support.cpp.o[0m
[3.021s] [ 39%] [32mBuilding CXX object CMakeFiles/ht_nav_variables__rosidl_typesupport_c.dir/rosidl_typesupport_c/ht_nav_variables/msg/ht_nav_vector3__type_support.cpp.o[0m
[3.021s] [ 39%] [32mBuilding CXX object CMakeFiles/ht_nav_variables__rosidl_typesupport_introspection_cpp.dir/rosidl_typesupport_introspection_cpp/ht_nav_variables/msg/detail/ht_nav_euler__type_support.cpp.o[0m
[3.021s] [ 39%] [32mBuilding CXX object CMakeFiles/ht_nav_variables__rosidl_typesupport_c.dir/rosidl_typesupport_c/ht_nav_variables/msg/ht_nav_quaternion__type_support.cpp.o[0m
[3.021s] [ 39%] [32mBuilding CXX object CMakeFiles/ht_nav_variables__rosidl_typesupport_fastrtps_cpp.dir/rosidl_typesupport_fastrtps_cpp/ht_nav_variables/msg/detail/dds_fastrtps/ht_nav_euler__type_support.cpp.o[0m
[3.030s] [ 40%] [32mBuilding CXX object CMakeFiles/ht_nav_variables__rosidl_typesupport_c.dir/rosidl_typesupport_c/ht_nav_variables/msg/ht_nav_deneme__type_support.cpp.o[0m
[3.033s] [ 40%] [32mBuilding CXX object CMakeFiles/ht_nav_variables__rosidl_typesupport_fastrtps_cpp.dir/rosidl_typesupport_fastrtps_cpp/ht_nav_variables/msg/detail/dds_fastrtps/ht_nav_gps_data__type_support.cpp.o[0m
[3.035s] [ 41%] [32mBuilding CXX object CMakeFiles/ht_nav_variables__rosidl_typesupport_introspection_cpp.dir/rosidl_typesupport_introspection_cpp/ht_nav_variables/msg/detail/ht_nav_gps_data__type_support.cpp.o[0m
[3.064s] [ 43%] [32mBuilding CXX object CMakeFiles/ht_nav_variables__rosidl_typesupport_fastrtps_cpp.dir/rosidl_typesupport_fastrtps_cpp/ht_nav_variables/msg/detail/dds_fastrtps/ht_nav_imu_data__type_support.cpp.o[0m
[3.064s] [ 43%] [32mBuilding CXX object CMakeFiles/ht_nav_variables__rosidl_typesupport_introspection_cpp.dir/rosidl_typesupport_introspection_cpp/ht_nav_variables/msg/detail/ht_nav_imu_data__type_support.cpp.o[0m
[3.071s] [ 44%] [32m[1mLinking CXX shared library libht_nav_variables__rosidl_typesupport_c.so[0m
[3.135s] [ 44%] Built target ht_nav_variables__rosidl_typesupport_c
[3.155s] [ 45%] [32mBuilding CXX object CMakeFiles/ht_nav_variables__rosidl_typesupport_fastrtps_cpp.dir/rosidl_typesupport_fastrtps_cpp/ht_nav_variables/msg/detail/dds_fastrtps/ht_nav_kalman_out__type_support.cpp.o[0m
[3.211s] [35m[1mScanning dependencies of target ht_nav_variables__rosidl_typesupport_introspection_c[0m
[3.235s] [ 46%] [32mBuilding C object CMakeFiles/ht_nav_variables__rosidl_typesupport_introspection_c.dir/rosidl_typesupport_introspection_c/ht_nav_variables/msg/detail/ht_nav_error_vector__type_support.c.o[0m
[3.279s] [ 47%] [32mBuilding C object CMakeFiles/ht_nav_variables__rosidl_typesupport_introspection_c.dir/rosidl_typesupport_introspection_c/ht_nav_variables/msg/detail/ht_nav_euler__type_support.c.o[0m
[3.315s] [ 48%] [32mBuilding C object CMakeFiles/ht_nav_variables__rosidl_typesupport_introspection_c.dir/rosidl_typesupport_introspection_c/ht_nav_variables/msg/detail/ht_nav_gps_data__type_support.c.o[0m
[3.320s] [ 49%] [32m[1mLinking CXX shared library libht_nav_variables__rosidl_typesupport_cpp.so[0m
[3.326s] [ 50%] [32mBuilding C object CMakeFiles/ht_nav_variables__rosidl_typesupport_introspection_c.dir/rosidl_typesupport_introspection_c/ht_nav_variables/msg/detail/ht_nav_imu_data__type_support.c.o[0m
[3.363s] [ 51%] [32mBuilding C object CMakeFiles/ht_nav_variables__rosidl_typesupport_introspection_c.dir/rosidl_typesupport_introspection_c/ht_nav_variables/msg/detail/ht_nav_kalman_out__type_support.c.o[0m
[3.374s] [ 52%] [32mBuilding C object CMakeFiles/ht_nav_variables__rosidl_typesupport_introspection_c.dir/rosidl_typesupport_introspection_c/ht_nav_variables/msg/detail/ht_nav_strap_out__type_support.c.o[0m
[3.379s] [ 53%] [32mBuilding CXX object CMakeFiles/ht_nav_variables__rosidl_typesupport_introspection_cpp.dir/rosidl_typesupport_introspection_cpp/ht_nav_variables/msg/detail/ht_nav_kalman_out__type_support.cpp.o[0m
[3.382s] [ 53%] Built target ht_nav_variables__rosidl_typesupport_cpp
[3.398s] [ 54%] [32mBuilding CXX object CMakeFiles/ht_nav_variables__rosidl_typesupport_introspection_cpp.dir/rosidl_typesupport_introspection_cpp/ht_nav_variables/msg/detail/ht_nav_strap_out__type_support.cpp.o[0m
[3.405s] [ 55%] [32mBuilding CXX object CMakeFiles/ht_nav_variables__rosidl_typesupport_introspection_cpp.dir/rosidl_typesupport_introspection_cpp/ht_nav_variables/msg/detail/ht_nav_point__type_support.cpp.o[0m
[3.409s] [ 56%] [32mBuilding C object CMakeFiles/ht_nav_variables__rosidl_typesupport_introspection_c.dir/rosidl_typesupport_introspection_c/ht_nav_variables/msg/detail/ht_nav_point__type_support.c.o[0m
[3.424s] [ 57%] [32mBuilding CXX object CMakeFiles/ht_nav_variables__rosidl_typesupport_fastrtps_cpp.dir/rosidl_typesupport_fastrtps_cpp/ht_nav_variables/msg/detail/dds_fastrtps/ht_nav_strap_out__type_support.cpp.o[0m
[3.442s] [ 59%] [32mBuilding CXX object CMakeFiles/ht_nav_variables__rosidl_typesupport_introspection_cpp.dir/rosidl_typesupport_introspection_cpp/ht_nav_variables/msg/detail/ht_nav_quaternion__type_support.cpp.o[0m
[3.442s] [ 59%] [32mBuilding CXX object CMakeFiles/ht_nav_variables__rosidl_typesupport_introspection_cpp.dir/rosidl_typesupport_introspection_cpp/ht_nav_variables/msg/detail/ht_nav_vector3__type_support.cpp.o[0m
[3.455s] [ 60%] [32mBuilding C object CMakeFiles/ht_nav_variables__rosidl_typesupport_introspection_c.dir/rosidl_typesupport_introspection_c/ht_nav_variables/msg/detail/ht_nav_vector3__type_support.c.o[0m
[3.510s] [ 61%] [32mBuilding C object CMakeFiles/ht_nav_variables__rosidl_typesupport_introspection_c.dir/rosidl_typesupport_introspection_c/ht_nav_variables/msg/detail/ht_nav_quaternion__type_support.c.o[0m
[3.557s] [ 62%] [32mBuilding C object CMakeFiles/ht_nav_variables__rosidl_typesupport_introspection_c.dir/rosidl_typesupport_introspection_c/ht_nav_variables/msg/detail/ht_nav_deneme__type_support.c.o[0m
[3.567s] [ 64%] [32mBuilding CXX object CMakeFiles/ht_nav_variables__rosidl_typesupport_fastrtps_cpp.dir/rosidl_typesupport_fastrtps_cpp/ht_nav_variables/msg/detail/dds_fastrtps/ht_nav_point__type_support.cpp.o[0m
[3.567s] [ 64%] [32mBuilding CXX object CMakeFiles/ht_nav_variables__rosidl_typesupport_introspection_cpp.dir/rosidl_typesupport_introspection_cpp/ht_nav_variables/msg/detail/ht_nav_deneme__type_support.cpp.o[0m
[3.594s] [ 65%] [32mBuilding CXX object CMakeFiles/ht_nav_variables__rosidl_typesupport_fastrtps_cpp.dir/rosidl_typesupport_fastrtps_cpp/ht_nav_variables/msg/detail/dds_fastrtps/ht_nav_vector3__type_support.cpp.o[0m
[3.601s] [ 66%] [32m[1mLinking C shared library libht_nav_variables__rosidl_typesupport_introspection_c.so[0m
[3.633s] [ 67%] [32mBuilding CXX object CMakeFiles/ht_nav_variables__rosidl_typesupport_fastrtps_cpp.dir/rosidl_typesupport_fastrtps_cpp/ht_nav_variables/msg/detail/dds_fastrtps/ht_nav_quaternion__type_support.cpp.o[0m
[3.645s] [ 67%] Built target ht_nav_variables__rosidl_typesupport_introspection_c
[3.663s] [ 68%] [32mBuilding CXX object CMakeFiles/ht_nav_variables__rosidl_typesupport_fastrtps_cpp.dir/rosidl_typesupport_fastrtps_cpp/ht_nav_variables/msg/detail/dds_fastrtps/ht_nav_deneme__type_support.cpp.o[0m
[3.917s] [ 69%] [32m[1mLinking CXX shared library libht_nav_variables__rosidl_typesupport_introspection_cpp.so[0m
[3.995s] [ 69%] Built target ht_nav_variables__rosidl_typesupport_introspection_cpp
[4.096s] [ 70%] [32m[1mLinking CXX shared library libht_nav_variables__rosidl_typesupport_fastrtps_cpp.so[0m
[4.211s] [ 70%] Built target ht_nav_variables__rosidl_typesupport_fastrtps_cpp
[4.227s] [ 71%] [34m[1mGenerating C type support for eProsima Fast-RTPS[0m
[4.752s] [35m[1mScanning dependencies of target ht_nav_variables__rosidl_typesupport_fastrtps_c[0m
[4.783s] [ 72%] [32mBuilding CXX object CMakeFiles/ht_nav_variables__rosidl_typesupport_fastrtps_c.dir/rosidl_typesupport_fastrtps_c/ht_nav_variables/msg/detail/ht_nav_gps_data__type_support_c.cpp.o[0m
[4.783s] [ 74%] [32mBuilding CXX object CMakeFiles/ht_nav_variables__rosidl_typesupport_fastrtps_c.dir/rosidl_typesupport_fastrtps_c/ht_nav_variables/msg/detail/ht_nav_error_vector__type_support_c.cpp.o[0m
[4.783s] [ 74%] [32mBuilding CXX object CMakeFiles/ht_nav_variables__rosidl_typesupport_fastrtps_c.dir/rosidl_typesupport_fastrtps_c/ht_nav_variables/msg/detail/ht_nav_point__type_support_c.cpp.o[0m
[4.783s] [ 76%] [32mBuilding CXX object CMakeFiles/ht_nav_variables__rosidl_typesupport_fastrtps_c.dir/rosidl_typesupport_fastrtps_c/ht_nav_variables/msg/detail/ht_nav_vector3__type_support_c.cpp.o[0m
[4.784s] [ 76%] [32mBuilding CXX object CMakeFiles/ht_nav_variables__rosidl_typesupport_fastrtps_c.dir/rosidl_typesupport_fastrtps_c/ht_nav_variables/msg/detail/ht_nav_kalman_out__type_support_c.cpp.o[0m
[4.784s] [ 77%] [32mBuilding CXX object CMakeFiles/ht_nav_variables__rosidl_typesupport_fastrtps_c.dir/rosidl_typesupport_fastrtps_c/ht_nav_variables/msg/detail/ht_nav_imu_data__type_support_c.cpp.o[0m
[4.784s] [ 78%] [32mBuilding CXX object CMakeFiles/ht_nav_variables__rosidl_typesupport_fastrtps_c.dir/rosidl_typesupport_fastrtps_c/ht_nav_variables/msg/detail/ht_nav_euler__type_support_c.cpp.o[0m
[4.787s] [ 79%] [32mBuilding CXX object CMakeFiles/ht_nav_variables__rosidl_typesupport_fastrtps_c.dir/rosidl_typesupport_fastrtps_c/ht_nav_variables/msg/detail/ht_nav_quaternion__type_support_c.cpp.o[0m
[4.787s] [ 80%] [32mBuilding CXX object CMakeFiles/ht_nav_variables__rosidl_typesupport_fastrtps_c.dir/rosidl_typesupport_fastrtps_c/ht_nav_variables/msg/detail/ht_nav_deneme__type_support_c.cpp.o[0m
[4.788s] [ 81%] [32mBuilding CXX object CMakeFiles/ht_nav_variables__rosidl_typesupport_fastrtps_c.dir/rosidl_typesupport_fastrtps_c/ht_nav_variables/msg/detail/ht_nav_strap_out__type_support_c.cpp.o[0m
[5.227s] [ 82%] [32m[1mLinking CXX shared library libht_nav_variables__rosidl_typesupport_fastrtps_c.so[0m
[5.343s] [ 82%] Built target ht_nav_variables__rosidl_typesupport_fastrtps_c
[5.360s] [35m[1mScanning dependencies of target ht_nav_variables[0m
[5.377s] [ 82%] Built target ht_nav_variables
[5.392s] [35m[1mScanning dependencies of target ht_nav_variables__py[0m
[5.402s] [ 83%] [34m[1mGenerating Python code for ROS interfaces[0m
[6.551s] [ 83%] Built target ht_nav_variables__py
[6.569s] [35m[1mScanning dependencies of target ht_nav_variables__python[0m
[6.619s] [ 84%] [32mBuilding C object CMakeFiles/ht_nav_variables__python.dir/rosidl_generator_py/ht_nav_variables/msg/_ht_nav_error_vector_s.c.o[0m
[6.625s] [ 87%] [32mBuilding C object CMakeFiles/ht_nav_variables__python.dir/rosidl_generator_py/ht_nav_variables/msg/_ht_nav_gps_data_s.c.o[0m
[6.626s] [ 87%] [32mBuilding C object CMakeFiles/ht_nav_variables__python.dir/rosidl_generator_py/ht_nav_variables/msg/_ht_nav_kalman_out_s.c.o[0m
[6.626s] [ 87%] [32mBuilding C object CMakeFiles/ht_nav_variables__python.dir/rosidl_generator_py/ht_nav_variables/msg/_ht_nav_vector3_s.c.o[0m
[6.626s] [ 88%] [32mBuilding C object CMakeFiles/ht_nav_variables__python.dir/rosidl_generator_py/ht_nav_variables/msg/_ht_nav_deneme_s.c.o[0m
[6.626s] [ 89%] [32mBuilding C object CMakeFiles/ht_nav_variables__python.dir/rosidl_generator_py/ht_nav_variables/msg/_ht_nav_point_s.c.o[0m
[6.626s] [ 90%] [32mBuilding C object CMakeFiles/ht_nav_variables__python.dir/rosidl_generator_py/ht_nav_variables/msg/_ht_nav_euler_s.c.o[0m
[6.628s] [ 91%] [32mBuilding C object CMakeFiles/ht_nav_variables__python.dir/rosidl_generator_py/ht_nav_variables/msg/_ht_nav_imu_data_s.c.o[0m
[6.630s] [ 92%] [32mBuilding C object CMakeFiles/ht_nav_variables__python.dir/rosidl_generator_py/ht_nav_variables/msg/_ht_nav_quaternion_s.c.o[0m
[6.630s] [ 93%] [32mBuilding C object CMakeFiles/ht_nav_variables__python.dir/rosidl_generator_py/ht_nav_variables/msg/_ht_nav_strap_out_s.c.o[0m
[6.743s] [ 94%] [32m[1mLinking C shared library rosidl_generator_py/ht_nav_variables/libht_nav_variables__python.so[0m
[6.805s] [ 94%] Built target ht_nav_variables__python
[6.819s] [35m[1mScanning dependencies of target ht_nav_variables__rosidl_typesupport_introspection_c__pyext[0m
[6.821s] [35m[1mScanning dependencies of target ht_nav_variables__rosidl_typesupport_fastrtps_c__pyext[0m
[6.823s] [35m[1mScanning dependencies of target ht_nav_variables__rosidl_typesupport_c__pyext[0m
[6.841s] [ 95%] [32mBuilding C object CMakeFiles/ht_nav_variables__rosidl_typesupport_introspection_c__pyext.dir/rosidl_generator_py/ht_nav_variables/_ht_nav_variables_s.ep.rosidl_typesupport_introspection_c.c.o[0m
[6.844s] [ 96%] [32mBuilding C object CMakeFiles/ht_nav_variables__rosidl_typesupport_fastrtps_c__pyext.dir/rosidl_generator_py/ht_nav_variables/_ht_nav_variables_s.ep.rosidl_typesupport_fastrtps_c.c.o[0m
[6.850s] [ 97%] [32mBuilding C object CMakeFiles/ht_nav_variables__rosidl_typesupport_c__pyext.dir/rosidl_generator_py/ht_nav_variables/_ht_nav_variables_s.ep.rosidl_typesupport_c.c.o[0m
[6.948s] [ 98%] [32m[1mLinking CXX shared library rosidl_generator_py/ht_nav_variables/ht_nav_variables_s__rosidl_typesupport_fastrtps_c.cpython-38-x86_64-linux-gnu.so[0m
[6.951s] [ 99%] [32m[1mLinking C shared library rosidl_generator_py/ht_nav_variables/ht_nav_variables_s__rosidl_typesupport_introspection_c.cpython-38-x86_64-linux-gnu.so[0m
[6.954s] [100%] [32m[1mLinking C shared library rosidl_generator_py/ht_nav_variables/ht_nav_variables_s__rosidl_typesupport_c.cpython-38-x86_64-linux-gnu.so[0m
[6.992s] [100%] Built target ht_nav_variables__rosidl_typesupport_introspection_c__pyext
[7.003s] [100%] Built target ht_nav_variables__rosidl_typesupport_c__pyext
[7.013s] [100%] Built target ht_nav_variables__rosidl_typesupport_fastrtps_c__pyext
[7.027s] Invoked command in '/home/temur/INS-GPS-ROS2/build/ht_nav_variables' returned '0': CMAKE_PREFIX_PATH=${CMAKE_PREFIX_PATH}:/opt/ros/foxy /usr/bin/cmake --build /home/temur/INS-GPS-ROS2/build/ht_nav_variables -- -j12 -l12
[7.192s] Invoking command in '/home/temur/INS-GPS-ROS2/build/ht_nav_variables': CMAKE_PREFIX_PATH=${CMAKE_PREFIX_PATH}:/opt/ros/foxy /usr/bin/cmake --install /home/temur/INS-GPS-ROS2/build/ht_nav_variables
[7.205s] -- Install configuration: ""
[7.205s] -- Installing: /home/temur/INS-GPS-ROS2/install/ht_nav_variables/share/ament_index/resource_index/rosidl_interfaces/ht_nav_variables
[7.205s] -- Up-to-date: /home/temur/INS-GPS-ROS2/install/ht_nav_variables/include/ht_nav_variables
[7.206s] -- Up-to-date: /home/temur/INS-GPS-ROS2/install/ht_nav_variables/include/ht_nav_variables/msg
[7.206s] -- Installing: /home/temur/INS-GPS-ROS2/install/ht_nav_variables/include/ht_nav_variables/msg/ht_nav_imu_data.h
[7.206s] -- Installing: /home/temur/INS-GPS-ROS2/install/ht_nav_variables/include/ht_nav_variables/msg/ht_nav_vector3.h
[7.207s] -- Up-to-date: /home/temur/INS-GPS-ROS2/install/ht_nav_variables/include/ht_nav_variables/msg/detail
[7.207s] -- Installing: /home/temur/INS-GPS-ROS2/install/ht_nav_variables/include/ht_nav_variables/msg/detail/ht_nav_strap_out__functions.h
[7.207s] -- Installing: /home/temur/INS-GPS-ROS2/install/ht_nav_variables/include/ht_nav_variables/msg/detail/ht_nav_imu_data__struct.h
[7.207s] -- Installing: /home/temur/INS-GPS-ROS2/install/ht_nav_variables/include/ht_nav_variables/msg/detail/ht_nav_error_vector__functions.h
[7.207s] -- Installing: /home/temur/INS-GPS-ROS2/install/ht_nav_variables/include/ht_nav_variables/msg/detail/ht_nav_error_vector__type_support.h
[7.207s] -- Installing: /home/temur/INS-GPS-ROS2/install/ht_nav_variables/include/ht_nav_variables/msg/detail/ht_nav_point__struct.h
[7.207s] -- Installing: /home/temur/INS-GPS-ROS2/install/ht_nav_variables/include/ht_nav_variables/msg/detail/ht_nav_quaternion__functions.c
[7.208s] -- Installing: /home/temur/INS-GPS-ROS2/install/ht_nav_variables/include/ht_nav_variables/msg/detail/ht_nav_deneme__type_support.h
[7.208s] -- Installing: /home/temur/INS-GPS-ROS2/install/ht_nav_variables/include/ht_nav_variables/msg/detail/ht_nav_gps_data__functions.h
[7.208s] -- Installing: /home/temur/INS-GPS-ROS2/install/ht_nav_variables/include/ht_nav_variables/msg/detail/ht_nav_gps_data__functions.c
[7.208s] -- Installing: /home/temur/INS-GPS-ROS2/install/ht_nav_variables/include/ht_nav_variables/msg/detail/ht_nav_kalman_out__type_support.h
[7.208s] -- Installing: /home/temur/INS-GPS-ROS2/install/ht_nav_variables/include/ht_nav_variables/msg/detail/ht_nav_kalman_out__functions.h
[7.208s] -- Installing: /home/temur/INS-GPS-ROS2/install/ht_nav_variables/include/ht_nav_variables/msg/detail/ht_nav_strap_out__type_support.h
[7.208s] -- Installing: /home/temur/INS-GPS-ROS2/install/ht_nav_variables/include/ht_nav_variables/msg/detail/ht_nav_deneme__functions.c
[7.208s] -- Installing: /home/temur/INS-GPS-ROS2/install/ht_nav_variables/include/ht_nav_variables/msg/detail/ht_nav_euler__type_support.h
[7.209s] -- Installing: /home/temur/INS-GPS-ROS2/install/ht_nav_variables/include/ht_nav_variables/msg/detail/ht_nav_error_vector__struct.h
[7.209s] -- Installing: /home/temur/INS-GPS-ROS2/install/ht_nav_variables/include/ht_nav_variables/msg/detail/ht_nav_imu_data__functions.h
[7.209s] -- Installing: /home/temur/INS-GPS-ROS2/install/ht_nav_variables/include/ht_nav_variables/msg/detail/ht_nav_deneme__functions.h
[7.209s] -- Installing: /home/temur/INS-GPS-ROS2/install/ht_nav_variables/include/ht_nav_variables/msg/detail/ht_nav_vector3__type_support.h
[7.209s] -- Installing: /home/temur/INS-GPS-ROS2/install/ht_nav_variables/include/ht_nav_variables/msg/detail/ht_nav_point__type_support.h
[7.210s] -- Installing: /home/temur/INS-GPS-ROS2/install/ht_nav_variables/include/ht_nav_variables/msg/detail/ht_nav_euler__functions.c
[7.210s] -- Installing: /home/temur/INS-GPS-ROS2/install/ht_nav_variables/include/ht_nav_variables/msg/detail/ht_nav_kalman_out__functions.c
[7.210s] -- Installing: /home/temur/INS-GPS-ROS2/install/ht_nav_variables/include/ht_nav_variables/msg/detail/ht_nav_quaternion__struct.h
[7.210s] -- Installing: /home/temur/INS-GPS-ROS2/install/ht_nav_variables/include/ht_nav_variables/msg/detail/ht_nav_point__functions.h
[7.210s] -- Installing: /home/temur/INS-GPS-ROS2/install/ht_nav_variables/include/ht_nav_variables/msg/detail/ht_nav_vector3__functions.c
[7.210s] -- Installing: /home/temur/INS-GPS-ROS2/install/ht_nav_variables/include/ht_nav_variables/msg/detail/ht_nav_strap_out__functions.c
[7.211s] -- Installing: /home/temur/INS-GPS-ROS2/install/ht_nav_variables/include/ht_nav_variables/msg/detail/ht_nav_gps_data__struct.h
[7.211s] -- Installing: /home/temur/INS-GPS-ROS2/install/ht_nav_variables/include/ht_nav_variables/msg/detail/ht_nav_vector3__struct.h
[7.211s] -- Installing: /home/temur/INS-GPS-ROS2/install/ht_nav_variables/include/ht_nav_variables/msg/detail/ht_nav_euler__functions.h
[7.211s] -- Installing: /home/temur/INS-GPS-ROS2/install/ht_nav_variables/include/ht_nav_variables/msg/detail/ht_nav_strap_out__struct.h
[7.211s] -- Installing: /home/temur/INS-GPS-ROS2/install/ht_nav_variables/include/ht_nav_variables/msg/detail/ht_nav_point__functions.c
[7.211s] -- Installing: /home/temur/INS-GPS-ROS2/install/ht_nav_variables/include/ht_nav_variables/msg/detail/ht_nav_vector3__functions.h
[7.211s] -- Installing: /home/temur/INS-GPS-ROS2/install/ht_nav_variables/include/ht_nav_variables/msg/detail/ht_nav_quaternion__functions.h
[7.212s] -- Installing: /home/temur/INS-GPS-ROS2/install/ht_nav_variables/include/ht_nav_variables/msg/detail/ht_nav_error_vector__functions.c
[7.212s] -- Installing: /home/temur/INS-GPS-ROS2/install/ht_nav_variables/include/ht_nav_variables/msg/detail/ht_nav_deneme__struct.h
[7.212s] -- Installing: /home/temur/INS-GPS-ROS2/install/ht_nav_variables/include/ht_nav_variables/msg/detail/ht_nav_euler__struct.h
[7.212s] -- Installing: /home/temur/INS-GPS-ROS2/install/ht_nav_variables/include/ht_nav_variables/msg/detail/ht_nav_imu_data__functions.c
[7.212s] -- Installing: /home/temur/INS-GPS-ROS2/install/ht_nav_variables/include/ht_nav_variables/msg/detail/ht_nav_imu_data__type_support.h
[7.212s] -- Installing: /home/temur/INS-GPS-ROS2/install/ht_nav_variables/include/ht_nav_variables/msg/detail/ht_nav_kalman_out__struct.h
[7.212s] -- Installing: /home/temur/INS-GPS-ROS2/install/ht_nav_variables/include/ht_nav_variables/msg/detail/ht_nav_gps_data__type_support.h
[7.212s] -- Installing: /home/temur/INS-GPS-ROS2/install/ht_nav_variables/include/ht_nav_variables/msg/detail/ht_nav_quaternion__type_support.h
[7.213s] -- Installing: /home/temur/INS-GPS-ROS2/install/ht_nav_variables/include/ht_nav_variables/msg/ht_nav_quaternion.h
[7.213s] -- Installing: /home/temur/INS-GPS-ROS2/install/ht_nav_variables/include/ht_nav_variables/msg/ht_nav_strap_out.h
[7.213s] -- Installing: /home/temur/INS-GPS-ROS2/install/ht_nav_variables/include/ht_nav_variables/msg/ht_nav_kalman_out.h
[7.213s] -- Installing: /home/temur/INS-GPS-ROS2/install/ht_nav_variables/include/ht_nav_variables/msg/ht_nav_error_vector.h
[7.213s] -- Installing: /home/temur/INS-GPS-ROS2/install/ht_nav_variables/include/ht_nav_variables/msg/ht_nav_deneme.h
[7.213s] -- Installing: /home/temur/INS-GPS-ROS2/install/ht_nav_variables/include/ht_nav_variables/msg/ht_nav_gps_data.h
[7.214s] -- Installing: /home/temur/INS-GPS-ROS2/install/ht_nav_variables/include/ht_nav_variables/msg/rosidl_generator_c__visibility_control.h
[7.214s] -- Installing: /home/temur/INS-GPS-ROS2/install/ht_nav_variables/include/ht_nav_variables/msg/ht_nav_point.h
[7.214s] -- Installing: /home/temur/INS-GPS-ROS2/install/ht_nav_variables/include/ht_nav_variables/msg/ht_nav_euler.h
[7.214s] -- Installing: /home/temur/INS-GPS-ROS2/install/ht_nav_variables/share/ht_nav_variables/environment/library_path.sh
[7.214s] -- Installing: /home/temur/INS-GPS-ROS2/install/ht_nav_variables/share/ht_nav_variables/environment/library_path.dsv
[7.214s] -- Installing: /home/temur/INS-GPS-ROS2/install/ht_nav_variables/lib/libht_nav_variables__rosidl_generator_c.so
[7.214s] -- Set runtime path of "/home/temur/INS-GPS-ROS2/install/ht_nav_variables/lib/libht_nav_variables__rosidl_generator_c.so" to ""
[7.214s] -- Up-to-date: /home/temur/INS-GPS-ROS2/install/ht_nav_variables/include/ht_nav_variables
[7.215s] -- Up-to-date: /home/temur/INS-GPS-ROS2/install/ht_nav_variables/include/ht_nav_variables/msg
[7.215s] -- Up-to-date: /home/temur/INS-GPS-ROS2/install/ht_nav_variables/include/ht_nav_variables/msg/detail
[7.215s] -- Installing: /home/temur/INS-GPS-ROS2/install/ht_nav_variables/include/ht_nav_variables/msg/detail/ht_nav_point__rosidl_typesupport_fastrtps_c.h
[7.215s] -- Installing: /home/temur/INS-GPS-ROS2/install/ht_nav_variables/include/ht_nav_variables/msg/detail/ht_nav_strap_out__rosidl_typesupport_fastrtps_c.h
[7.215s] -- Installing: /home/temur/INS-GPS-ROS2/install/ht_nav_variables/include/ht_nav_variables/msg/detail/ht_nav_quaternion__rosidl_typesupport_fastrtps_c.h
[7.215s] -- Installing: /home/temur/INS-GPS-ROS2/install/ht_nav_variables/include/ht_nav_variables/msg/detail/ht_nav_imu_data__rosidl_typesupport_fastrtps_c.h
[7.215s] -- Installing: /home/temur/INS-GPS-ROS2/install/ht_nav_variables/include/ht_nav_variables/msg/detail/ht_nav_gps_data__rosidl_typesupport_fastrtps_c.h
[7.215s] -- Installing: /home/temur/INS-GPS-ROS2/install/ht_nav_variables/include/ht_nav_variables/msg/detail/ht_nav_kalman_out__rosidl_typesupport_fastrtps_c.h
[7.215s] -- Installing: /home/temur/INS-GPS-ROS2/install/ht_nav_variables/include/ht_nav_variables/msg/detail/ht_nav_euler__rosidl_typesupport_fastrtps_c.h
[7.215s] -- Installing: /home/temur/INS-GPS-ROS2/install/ht_nav_variables/include/ht_nav_variables/msg/detail/ht_nav_error_vector__rosidl_typesupport_fastrtps_c.h
[7.215s] -- Installing: /home/temur/INS-GPS-ROS2/install/ht_nav_variables/include/ht_nav_variables/msg/detail/ht_nav_deneme__rosidl_typesupport_fastrtps_c.h
[7.215s] -- Installing: /home/temur/INS-GPS-ROS2/install/ht_nav_variables/include/ht_nav_variables/msg/detail/ht_nav_vector3__rosidl_typesupport_fastrtps_c.h
[7.215s] -- Installing: /home/temur/INS-GPS-ROS2/install/ht_nav_variables/include/ht_nav_variables/msg/rosidl_typesupport_fastrtps_c__visibility_control.h
[7.216s] -- Installing: /home/temur/INS-GPS-ROS2/install/ht_nav_variables/lib/libht_nav_variables__rosidl_typesupport_fastrtps_c.so
[7.216s] -- Set runtime path of "/home/temur/INS-GPS-ROS2/install/ht_nav_variables/lib/libht_nav_variables__rosidl_typesupport_fastrtps_c.so" to ""
[7.216s] -- Up-to-date: /home/temur/INS-GPS-ROS2/install/ht_nav_variables/include/ht_nav_variables
[7.216s] -- Up-to-date: /home/temur/INS-GPS-ROS2/install/ht_nav_variables/include/ht_nav_variables/msg
[7.216s] -- Up-to-date: /home/temur/INS-GPS-ROS2/install/ht_nav_variables/include/ht_nav_variables/msg/detail
[7.216s] -- Installing: /home/temur/INS-GPS-ROS2/install/ht_nav_variables/include/ht_nav_variables/msg/detail/ht_nav_error_vector__rosidl_typesupport_fastrtps_cpp.hpp
[7.216s] -- Installing: /home/temur/INS-GPS-ROS2/install/ht_nav_variables/include/ht_nav_variables/msg/detail/ht_nav_kalman_out__rosidl_typesupport_fastrtps_cpp.hpp
[7.216s] -- Installing: /home/temur/INS-GPS-ROS2/install/ht_nav_variables/include/ht_nav_variables/msg/detail/ht_nav_quaternion__rosidl_typesupport_fastrtps_cpp.hpp
[7.216s] -- Installing: /home/temur/INS-GPS-ROS2/install/ht_nav_variables/include/ht_nav_variables/msg/detail/dds_fastrtps
[7.216s] -- Installing: /home/temur/INS-GPS-ROS2/install/ht_nav_variables/include/ht_nav_variables/msg/detail/ht_nav_imu_data__rosidl_typesupport_fastrtps_cpp.hpp
[7.216s] -- Installing: /home/temur/INS-GPS-ROS2/install/ht_nav_variables/include/ht_nav_variables/msg/detail/ht_nav_strap_out__rosidl_typesupport_fastrtps_cpp.hpp
[7.216s] -- Installing: /home/temur/INS-GPS-ROS2/install/ht_nav_variables/include/ht_nav_variables/msg/detail/ht_nav_vector3__rosidl_typesupport_fastrtps_cpp.hpp
[7.216s] -- Installing: /home/temur/INS-GPS-ROS2/install/ht_nav_variables/include/ht_nav_variables/msg/detail/ht_nav_euler__rosidl_typesupport_fastrtps_cpp.hpp
[7.217s] -- Installing: /home/temur/INS-GPS-ROS2/install/ht_nav_variables/include/ht_nav_variables/msg/detail/ht_nav_gps_data__rosidl_typesupport_fastrtps_cpp.hpp
[7.217s] -- Installing: /home/temur/INS-GPS-ROS2/install/ht_nav_variables/include/ht_nav_variables/msg/detail/ht_nav_point__rosidl_typesupport_fastrtps_cpp.hpp
[7.217s] -- Installing: /home/temur/INS-GPS-ROS2/install/ht_nav_variables/include/ht_nav_variables/msg/detail/ht_nav_deneme__rosidl_typesupport_fastrtps_cpp.hpp
[7.217s] -- Installing: /home/temur/INS-GPS-ROS2/install/ht_nav_variables/include/ht_nav_variables/msg/rosidl_typesupport_fastrtps_cpp__visibility_control.h
[7.217s] -- Installing: /home/temur/INS-GPS-ROS2/install/ht_nav_variables/lib/libht_nav_variables__rosidl_typesupport_fastrtps_cpp.so
[7.217s] -- Set runtime path of "/home/temur/INS-GPS-ROS2/install/ht_nav_variables/lib/libht_nav_variables__rosidl_typesupport_fastrtps_cpp.so" to ""
[7.217s] -- Up-to-date: /home/temur/INS-GPS-ROS2/install/ht_nav_variables/include/ht_nav_variables
[7.217s] -- Up-to-date: /home/temur/INS-GPS-ROS2/install/ht_nav_variables/include/ht_nav_variables/msg
[7.217s] -- Up-to-date: /home/temur/INS-GPS-ROS2/install/ht_nav_variables/include/ht_nav_variables/msg/detail
[7.218s] -- Installing: /home/temur/INS-GPS-ROS2/install/ht_nav_variables/include/ht_nav_variables/msg/detail/ht_nav_gps_data__rosidl_typesupport_introspection_c.h
[7.218s] -- Installing: /home/temur/INS-GPS-ROS2/install/ht_nav_variables/include/ht_nav_variables/msg/detail/ht_nav_gps_data__type_support.c
[7.218s] -- Installing: /home/temur/INS-GPS-ROS2/install/ht_nav_variables/include/ht_nav_variables/msg/detail/ht_nav_vector3__rosidl_typesupport_introspection_c.h
[7.218s] -- Installing: /home/temur/INS-GPS-ROS2/install/ht_nav_variables/include/ht_nav_variables/msg/detail/ht_nav_kalman_out__type_support.c
[7.218s] -- Installing: /home/temur/INS-GPS-ROS2/install/ht_nav_variables/include/ht_nav_variables/msg/detail/ht_nav_imu_data__type_support.c
[7.218s] -- Installing: /home/temur/INS-GPS-ROS2/install/ht_nav_variables/include/ht_nav_variables/msg/detail/ht_nav_kalman_out__rosidl_typesupport_introspection_c.h
[7.218s] -- Installing: /home/temur/INS-GPS-ROS2/install/ht_nav_variables/include/ht_nav_variables/msg/detail/ht_nav_error_vector__type_support.c
[7.218s] -- Installing: /home/temur/INS-GPS-ROS2/install/ht_nav_variables/include/ht_nav_variables/msg/detail/ht_nav_vector3__type_support.c
[7.218s] -- Installing: /home/temur/INS-GPS-ROS2/install/ht_nav_variables/include/ht_nav_variables/msg/detail/ht_nav_strap_out__type_support.c
[7.218s] -- Installing: /home/temur/INS-GPS-ROS2/install/ht_nav_variables/include/ht_nav_variables/msg/detail/ht_nav_strap_out__rosidl_typesupport_introspection_c.h
[7.218s] -- Installing: /home/temur/INS-GPS-ROS2/install/ht_nav_variables/include/ht_nav_variables/msg/detail/ht_nav_euler__type_support.c
[7.218s] -- Installing: /home/temur/INS-GPS-ROS2/install/ht_nav_variables/include/ht_nav_variables/msg/detail/ht_nav_deneme__rosidl_typesupport_introspection_c.h
[7.218s] -- Installing: /home/temur/INS-GPS-ROS2/install/ht_nav_variables/include/ht_nav_variables/msg/detail/ht_nav_euler__rosidl_typesupport_introspection_c.h
[7.218s] -- Installing: /home/temur/INS-GPS-ROS2/install/ht_nav_variables/include/ht_nav_variables/msg/detail/ht_nav_point__rosidl_typesupport_introspection_c.h
[7.219s] -- Installing: /home/temur/INS-GPS-ROS2/install/ht_nav_variables/include/ht_nav_variables/msg/detail/ht_nav_quaternion__rosidl_typesupport_introspection_c.h
[7.219s] -- Installing: /home/temur/INS-GPS-ROS2/install/ht_nav_variables/include/ht_nav_variables/msg/detail/ht_nav_error_vector__rosidl_typesupport_introspection_c.h
[7.219s] -- Installing: /home/temur/INS-GPS-ROS2/install/ht_nav_variables/include/ht_nav_variables/msg/detail/ht_nav_point__type_support.c
[7.219s] -- Installing: /home/temur/INS-GPS-ROS2/install/ht_nav_variables/include/ht_nav_variables/msg/detail/ht_nav_imu_data__rosidl_typesupport_introspection_c.h
[7.219s] -- Installing: /home/temur/INS-GPS-ROS2/install/ht_nav_variables/include/ht_nav_variables/msg/detail/ht_nav_deneme__type_support.c
[7.219s] -- Installing: /home/temur/INS-GPS-ROS2/install/ht_nav_variables/include/ht_nav_variables/msg/detail/ht_nav_quaternion__type_support.c
[7.219s] -- Installing: /home/temur/INS-GPS-ROS2/install/ht_nav_variables/include/ht_nav_variables/msg/rosidl_typesupport_introspection_c__visibility_control.h
[7.219s] -- Installing: /home/temur/INS-GPS-ROS2/install/ht_nav_variables/lib/libht_nav_variables__rosidl_typesupport_introspection_c.so
[7.219s] -- Set runtime path of "/home/temur/INS-GPS-ROS2/install/ht_nav_variables/lib/libht_nav_variables__rosidl_typesupport_introspection_c.so" to ""
[7.219s] -- Installing: /home/temur/INS-GPS-ROS2/install/ht_nav_variables/lib/libht_nav_variables__rosidl_typesupport_c.so
[7.219s] -- Set runtime path of "/home/temur/INS-GPS-ROS2/install/ht_nav_variables/lib/libht_nav_variables__rosidl_typesupport_c.so" to ""
[7.219s] -- Up-to-date: /home/temur/INS-GPS-ROS2/install/ht_nav_variables/include/ht_nav_variables
[7.219s] -- Up-to-date: /home/temur/INS-GPS-ROS2/install/ht_nav_variables/include/ht_nav_variables/msg
[7.219s] -- Up-to-date: /home/temur/INS-GPS-ROS2/install/ht_nav_variables/include/ht_nav_variables/msg/detail
[7.219s] -- Installing: /home/temur/INS-GPS-ROS2/install/ht_nav_variables/include/ht_nav_variables/msg/detail/ht_nav_point__builder.hpp
[7.220s] -- Installing: /home/temur/INS-GPS-ROS2/install/ht_nav_variables/include/ht_nav_variables/msg/detail/ht_nav_kalman_out__traits.hpp
[7.220s] -- Installing: /home/temur/INS-GPS-ROS2/install/ht_nav_variables/include/ht_nav_variables/msg/detail/ht_nav_gps_data__traits.hpp
[7.220s] -- Installing: /home/temur/INS-GPS-ROS2/install/ht_nav_variables/include/ht_nav_variables/msg/detail/ht_nav_point__traits.hpp
[7.220s] -- Installing: /home/temur/INS-GPS-ROS2/install/ht_nav_variables/include/ht_nav_variables/msg/detail/ht_nav_point__struct.hpp
[7.220s] -- Installing: /home/temur/INS-GPS-ROS2/install/ht_nav_variables/include/ht_nav_variables/msg/detail/ht_nav_strap_out__builder.hpp
[7.220s] -- Installing: /home/temur/INS-GPS-ROS2/install/ht_nav_variables/include/ht_nav_variables/msg/detail/ht_nav_imu_data__traits.hpp
[7.220s] -- Installing: /home/temur/INS-GPS-ROS2/install/ht_nav_variables/include/ht_nav_variables/msg/detail/ht_nav_deneme__builder.hpp
[7.220s] -- Installing: /home/temur/INS-GPS-ROS2/install/ht_nav_variables/include/ht_nav_variables/msg/detail/ht_nav_strap_out__traits.hpp
[7.220s] -- Installing: /home/temur/INS-GPS-ROS2/install/ht_nav_variables/include/ht_nav_variables/msg/detail/ht_nav_euler__struct.hpp
[7.220s] -- Installing: /home/temur/INS-GPS-ROS2/install/ht_nav_variables/include/ht_nav_variables/msg/detail/ht_nav_strap_out__struct.hpp
[7.220s] -- Installing: /home/temur/INS-GPS-ROS2/install/ht_nav_variables/include/ht_nav_variables/msg/detail/ht_nav_gps_data__builder.hpp
[7.220s] -- Installing: /home/temur/INS-GPS-ROS2/install/ht_nav_variables/include/ht_nav_variables/msg/detail/ht_nav_euler__builder.hpp
[7.220s] -- Installing: /home/temur/INS-GPS-ROS2/install/ht_nav_variables/include/ht_nav_variables/msg/detail/ht_nav_gps_data__struct.hpp
[7.220s] -- Installing: /home/temur/INS-GPS-ROS2/install/ht_nav_variables/include/ht_nav_variables/msg/detail/ht_nav_error_vector__struct.hpp
[7.220s] -- Installing: /home/temur/INS-GPS-ROS2/install/ht_nav_variables/include/ht_nav_variables/msg/detail/ht_nav_deneme__struct.hpp
[7.220s] -- Installing: /home/temur/INS-GPS-ROS2/install/ht_nav_variables/include/ht_nav_variables/msg/detail/ht_nav_imu_data__builder.hpp
[7.220s] -- Installing: /home/temur/INS-GPS-ROS2/install/ht_nav_variables/include/ht_nav_variables/msg/detail/ht_nav_quaternion__builder.hpp
[7.220s] -- Installing: /home/temur/INS-GPS-ROS2/install/ht_nav_variables/include/ht_nav_variables/msg/detail/ht_nav_vector3__traits.hpp
[7.220s] -- Installing: /home/temur/INS-GPS-ROS2/install/ht_nav_variables/include/ht_nav_variables/msg/detail/ht_nav_kalman_out__struct.hpp
[7.221s] -- Installing: /home/temur/INS-GPS-ROS2/install/ht_nav_variables/include/ht_nav_variables/msg/detail/ht_nav_vector3__struct.hpp
[7.221s] -- Installing: /home/temur/INS-GPS-ROS2/install/ht_nav_variables/include/ht_nav_variables/msg/detail/ht_nav_imu_data__struct.hpp
[7.221s] -- Installing: /home/temur/INS-GPS-ROS2/install/ht_nav_variables/include/ht_nav_variables/msg/detail/ht_nav_quaternion__struct.hpp
[7.221s] -- Installing: /home/temur/INS-GPS-ROS2/install/ht_nav_variables/include/ht_nav_variables/msg/detail/ht_nav_deneme__traits.hpp
[7.221s] -- Installing: /home/temur/INS-GPS-ROS2/install/ht_nav_variables/include/ht_nav_variables/msg/detail/ht_nav_kalman_out__builder.hpp
[7.221s] -- Installing: /home/temur/INS-GPS-ROS2/install/ht_nav_variables/include/ht_nav_variables/msg/detail/ht_nav_vector3__builder.hpp
[7.221s] -- Installing: /home/temur/INS-GPS-ROS2/install/ht_nav_variables/include/ht_nav_variables/msg/detail/ht_nav_euler__traits.hpp
[7.221s] -- Installing: /home/temur/INS-GPS-ROS2/install/ht_nav_variables/include/ht_nav_variables/msg/detail/ht_nav_quaternion__traits.hpp
[7.221s] -- Installing: /home/temur/INS-GPS-ROS2/install/ht_nav_variables/include/ht_nav_variables/msg/detail/ht_nav_error_vector__builder.hpp
[7.221s] -- Installing: /home/temur/INS-GPS-ROS2/install/ht_nav_variables/include/ht_nav_variables/msg/detail/ht_nav_error_vector__traits.hpp
[7.221s] -- Installing: /home/temur/INS-GPS-ROS2/install/ht_nav_variables/include/ht_nav_variables/msg/ht_nav_imu_data.hpp
[7.222s] -- Installing: /home/temur/INS-GPS-ROS2/install/ht_nav_variables/include/ht_nav_variables/msg/ht_nav_deneme.hpp
[7.222s] -- Installing: /home/temur/INS-GPS-ROS2/install/ht_nav_variables/include/ht_nav_variables/msg/ht_nav_gps_data.hpp
[7.222s] -- Installing: /home/temur/INS-GPS-ROS2/install/ht_nav_variables/include/ht_nav_variables/msg/ht_nav_kalman_out.hpp
[7.222s] -- Installing: /home/temur/INS-GPS-ROS2/install/ht_nav_variables/include/ht_nav_variables/msg/ht_nav_euler.hpp
[7.222s] -- Installing: /home/temur/INS-GPS-ROS2/install/ht_nav_variables/include/ht_nav_variables/msg/ht_nav_strap_out.hpp
[7.222s] -- Installing: /home/temur/INS-GPS-ROS2/install/ht_nav_variables/include/ht_nav_variables/msg/ht_nav_point.hpp
[7.222s] -- Installing: /home/temur/INS-GPS-ROS2/install/ht_nav_variables/include/ht_nav_variables/msg/ht_nav_error_vector.hpp
[7.222s] -- Installing: /home/temur/INS-GPS-ROS2/install/ht_nav_variables/include/ht_nav_variables/msg/ht_nav_quaternion.hpp
[7.223s] -- Installing: /home/temur/INS-GPS-ROS2/install/ht_nav_variables/include/ht_nav_variables/msg/ht_nav_vector3.hpp
[7.223s] -- Up-to-date: /home/temur/INS-GPS-ROS2/install/ht_nav_variables/include/ht_nav_variables
[7.223s] -- Up-to-date: /home/temur/INS-GPS-ROS2/install/ht_nav_variables/include/ht_nav_variables/msg
[7.223s] -- Up-to-date: /home/temur/INS-GPS-ROS2/install/ht_nav_variables/include/ht_nav_variables/msg/detail
[7.223s] -- Installing: /home/temur/INS-GPS-ROS2/install/ht_nav_variables/include/ht_nav_variables/msg/detail/ht_nav_quaternion__type_support.cpp
[7.223s] -- Installing: /home/temur/INS-GPS-ROS2/install/ht_nav_variables/include/ht_nav_variables/msg/detail/ht_nav_euler__type_support.cpp
[7.223s] -- Installing: /home/temur/INS-GPS-ROS2/install/ht_nav_variables/include/ht_nav_variables/msg/detail/ht_nav_deneme__rosidl_typesupport_introspection_cpp.hpp
[7.223s] -- Installing: /home/temur/INS-GPS-ROS2/install/ht_nav_variables/include/ht_nav_variables/msg/detail/ht_nav_vector3__type_support.cpp
[7.223s] -- Installing: /home/temur/INS-GPS-ROS2/install/ht_nav_variables/include/ht_nav_variables/msg/detail/ht_nav_quaternion__rosidl_typesupport_introspection_cpp.hpp
[7.224s] -- Installing: /home/temur/INS-GPS-ROS2/install/ht_nav_variables/include/ht_nav_variables/msg/detail/ht_nav_gps_data__rosidl_typesupport_introspection_cpp.hpp
[7.224s] -- Installing: /home/temur/INS-GPS-ROS2/install/ht_nav_variables/include/ht_nav_variables/msg/detail/ht_nav_point__rosidl_typesupport_introspection_cpp.hpp
[7.224s] -- Installing: /home/temur/INS-GPS-ROS2/install/ht_nav_variables/include/ht_nav_variables/msg/detail/ht_nav_strap_out__rosidl_typesupport_introspection_cpp.hpp
[7.224s] -- Installing: /home/temur/INS-GPS-ROS2/install/ht_nav_variables/include/ht_nav_variables/msg/detail/ht_nav_kalman_out__rosidl_typesupport_introspection_cpp.hpp
[7.224s] -- Installing: /home/temur/INS-GPS-ROS2/install/ht_nav_variables/include/ht_nav_variables/msg/detail/ht_nav_gps_data__type_support.cpp
[7.224s] -- Installing: /home/temur/INS-GPS-ROS2/install/ht_nav_variables/include/ht_nav_variables/msg/detail/ht_nav_error_vector__rosidl_typesupport_introspection_cpp.hpp
[7.224s] -- Installing: /home/temur/INS-GPS-ROS2/install/ht_nav_variables/include/ht_nav_variables/msg/detail/ht_nav_point__type_support.cpp
[7.224s] -- Installing: /home/temur/INS-GPS-ROS2/install/ht_nav_variables/include/ht_nav_variables/msg/detail/ht_nav_deneme__type_support.cpp
[7.225s] -- Installing: /home/temur/INS-GPS-ROS2/install/ht_nav_variables/include/ht_nav_variables/msg/detail/ht_nav_imu_data__rosidl_typesupport_introspection_cpp.hpp
[7.225s] -- Installing: /home/temur/INS-GPS-ROS2/install/ht_nav_variables/include/ht_nav_variables/msg/detail/ht_nav_kalman_out__type_support.cpp
[7.225s] -- Installing: /home/temur/INS-GPS-ROS2/install/ht_nav_variables/include/ht_nav_variables/msg/detail/ht_nav_euler__rosidl_typesupport_introspection_cpp.hpp
[7.225s] -- Installing: /home/temur/INS-GPS-ROS2/install/ht_nav_variables/include/ht_nav_variables/msg/detail/ht_nav_vector3__rosidl_typesupport_introspection_cpp.hpp
[7.225s] -- Installing: /home/temur/INS-GPS-ROS2/install/ht_nav_variables/include/ht_nav_variables/msg/detail/ht_nav_strap_out__type_support.cpp
[7.225s] -- Installing: /home/temur/INS-GPS-ROS2/install/ht_nav_variables/include/ht_nav_variables/msg/detail/ht_nav_imu_data__type_support.cpp
[7.226s] -- Installing: /home/temur/INS-GPS-ROS2/install/ht_nav_variables/include/ht_nav_variables/msg/detail/ht_nav_error_vector__type_support.cpp
[7.226s] -- Installing: /home/temur/INS-GPS-ROS2/install/ht_nav_variables/lib/libht_nav_variables__rosidl_typesupport_introspection_cpp.so
[7.226s] -- Set runtime path of "/home/temur/INS-GPS-ROS2/install/ht_nav_variables/lib/libht_nav_variables__rosidl_typesupport_introspection_cpp.so" to ""
[7.226s] -- Installing: /home/temur/INS-GPS-ROS2/install/ht_nav_variables/lib/libht_nav_variables__rosidl_typesupport_cpp.so
[7.226s] -- Set runtime path of "/home/temur/INS-GPS-ROS2/install/ht_nav_variables/lib/libht_nav_variables__rosidl_typesupport_cpp.so" to ""
[7.226s] -- Installing: /home/temur/INS-GPS-ROS2/install/ht_nav_variables/share/ht_nav_variables/environment/pythonpath.sh
[7.226s] -- Installing: /home/temur/INS-GPS-ROS2/install/ht_nav_variables/share/ht_nav_variables/environment/pythonpath.dsv
[7.226s] -- Installing: /home/temur/INS-GPS-ROS2/install/ht_nav_variables/lib/python3.8/site-packages/ht_nav_variables/__init__.py
[7.251s] Compiling '/home/temur/INS-GPS-ROS2/install/ht_nav_variables/lib/python3.8/site-packages/ht_nav_variables/__init__.py'...
[7.255s] -- Up-to-date: /home/temur/INS-GPS-ROS2/install/ht_nav_variables/lib/python3.8/site-packages/ht_nav_variables/msg
[7.256s] -- Installing: /home/temur/INS-GPS-ROS2/install/ht_nav_variables/lib/python3.8/site-packages/ht_nav_variables/msg/_ht_nav_deneme.py
[7.256s] -- Installing: /home/temur/INS-GPS-ROS2/install/ht_nav_variables/lib/python3.8/site-packages/ht_nav_variables/msg/_ht_nav_kalman_out.py
[7.256s] -- Installing: /home/temur/INS-GPS-ROS2/install/ht_nav_variables/lib/python3.8/site-packages/ht_nav_variables/msg/_ht_nav_imu_data_s.c
[7.256s] -- Installing: /home/temur/INS-GPS-ROS2/install/ht_nav_variables/lib/python3.8/site-packages/ht_nav_variables/msg/_ht_nav_imu_data.py
[7.257s] -- Installing: /home/temur/INS-GPS-ROS2/install/ht_nav_variables/lib/python3.8/site-packages/ht_nav_variables/msg/_ht_nav_strap_out_s.c
[7.257s] -- Installing: /home/temur/INS-GPS-ROS2/install/ht_nav_variables/lib/python3.8/site-packages/ht_nav_variables/msg/_ht_nav_point.py
[7.258s] -- Installing: /home/temur/INS-GPS-ROS2/install/ht_nav_variables/lib/python3.8/site-packages/ht_nav_variables/msg/_ht_nav_vector3.py
[7.259s] -- Installing: /home/temur/INS-GPS-ROS2/install/ht_nav_variables/lib/python3.8/site-packages/ht_nav_variables/msg/_ht_nav_gps_data.py
[7.259s] -- Installing: /home/temur/INS-GPS-ROS2/install/ht_nav_variables/lib/python3.8/site-packages/ht_nav_variables/msg/_ht_nav_euler.py
[7.260s] -- Installing: /home/temur/INS-GPS-ROS2/install/ht_nav_variables/lib/python3.8/site-packages/ht_nav_variables/msg/_ht_nav_kalman_out_s.c
[7.260s] -- Installing: /home/temur/INS-GPS-ROS2/install/ht_nav_variables/lib/python3.8/site-packages/ht_nav_variables/msg/_ht_nav_quaternion_s.c
[7.260s] -- Installing: /home/temur/INS-GPS-ROS2/install/ht_nav_variables/lib/python3.8/site-packages/ht_nav_variables/msg/_ht_nav_vector3_s.c
[7.260s] -- Installing: /home/temur/INS-GPS-ROS2/install/ht_nav_variables/lib/python3.8/site-packages/ht_nav_variables/msg/_ht_nav_strap_out.py
[7.261s] -- Installing: /home/temur/INS-GPS-ROS2/install/ht_nav_variables/lib/python3.8/site-packages/ht_nav_variables/msg/_ht_nav_error_vector.py
[7.261s] -- Installing: /home/temur/INS-GPS-ROS2/install/ht_nav_variables/lib/python3.8/site-packages/ht_nav_variables/msg/_ht_nav_gps_data_s.c
[7.262s] -- Installing: /home/temur/INS-GPS-ROS2/install/ht_nav_variables/lib/python3.8/site-packages/ht_nav_variables/msg/_ht_nav_error_vector_s.c
[7.262s] -- Installing: /home/temur/INS-GPS-ROS2/install/ht_nav_variables/lib/python3.8/site-packages/ht_nav_variables/msg/_ht_nav_euler_s.c
[7.262s] -- Installing: /home/temur/INS-GPS-ROS2/install/ht_nav_variables/lib/python3.8/site-packages/ht_nav_variables/msg/_ht_nav_quaternion.py
[7.262s] -- Installing: /home/temur/INS-GPS-ROS2/install/ht_nav_variables/lib/python3.8/site-packages/ht_nav_variables/msg/_ht_nav_deneme_s.c
[7.263s] -- Installing: /home/temur/INS-GPS-ROS2/install/ht_nav_variables/lib/python3.8/site-packages/ht_nav_variables/msg/_ht_nav_point_s.c
[7.263s] -- Installing: /home/temur/INS-GPS-ROS2/install/ht_nav_variables/lib/python3.8/site-packages/ht_nav_variables/msg/__init__.py
[7.263s] -- Installing: /home/temur/INS-GPS-ROS2/install/ht_nav_variables/lib/python3.8/site-packages/ht_nav_variables/ht_nav_variables_s__rosidl_typesupport_fastrtps_c.cpython-38-x86_64-linux-gnu.so
[7.263s] -- Set runtime path of "/home/temur/INS-GPS-ROS2/install/ht_nav_variables/lib/python3.8/site-packages/ht_nav_variables/ht_nav_variables_s__rosidl_typesupport_fastrtps_c.cpython-38-x86_64-linux-gnu.so" to ""
[7.263s] -- Installing: /home/temur/INS-GPS-ROS2/install/ht_nav_variables/lib/python3.8/site-packages/ht_nav_variables/ht_nav_variables_s__rosidl_typesupport_introspection_c.cpython-38-x86_64-linux-gnu.so
[7.263s] -- Set runtime path of "/home/temur/INS-GPS-ROS2/install/ht_nav_variables/lib/python3.8/site-packages/ht_nav_variables/ht_nav_variables_s__rosidl_typesupport_introspection_c.cpython-38-x86_64-linux-gnu.so" to ""
[7.264s] -- Installing: /home/temur/INS-GPS-ROS2/install/ht_nav_variables/lib/python3.8/site-packages/ht_nav_variables/ht_nav_variables_s__rosidl_typesupport_c.cpython-38-x86_64-linux-gnu.so
[7.264s] -- Set runtime path of "/home/temur/INS-GPS-ROS2/install/ht_nav_variables/lib/python3.8/site-packages/ht_nav_variables/ht_nav_variables_s__rosidl_typesupport_c.cpython-38-x86_64-linux-gnu.so" to ""
[7.264s] -- Installing: /home/temur/INS-GPS-ROS2/install/ht_nav_variables/lib/libht_nav_variables__python.so
[7.264s] -- Set runtime path of "/home/temur/INS-GPS-ROS2/install/ht_nav_variables/lib/libht_nav_variables__python.so" to ""
[7.264s] -- Installing: /home/temur/INS-GPS-ROS2/install/ht_nav_variables/share/ht_nav_variables/msg/HtNavErrorVector.idl
[7.264s] -- Installing: /home/temur/INS-GPS-ROS2/install/ht_nav_variables/share/ht_nav_variables/msg/HtNavEuler.idl
[7.264s] -- Installing: /home/temur/INS-GPS-ROS2/install/ht_nav_variables/share/ht_nav_variables/msg/HtNavGpsData.idl
[7.264s] -- Installing: /home/temur/INS-GPS-ROS2/install/ht_nav_variables/share/ht_nav_variables/msg/HtNavImuData.idl
[7.264s] -- Installing: /home/temur/INS-GPS-ROS2/install/ht_nav_variables/share/ht_nav_variables/msg/HtNavKalmanOut.idl
[7.264s] -- Installing: /home/temur/INS-GPS-ROS2/install/ht_nav_variables/share/ht_nav_variables/msg/HtNavStrapOut.idl
[7.264s] -- Installing: /home/temur/INS-GPS-ROS2/install/ht_nav_variables/share/ht_nav_variables/msg/HtNavPoint.idl
[7.264s] -- Installing: /home/temur/INS-GPS-ROS2/install/ht_nav_variables/share/ht_nav_variables/msg/HtNavVector3.idl
[7.264s] -- Installing: /home/temur/INS-GPS-ROS2/install/ht_nav_variables/share/ht_nav_variables/msg/HtNavQuaternion.idl
[7.264s] -- Installing: /home/temur/INS-GPS-ROS2/install/ht_nav_variables/share/ht_nav_variables/msg/HtNavDeneme.idl
[7.264s] -- Up-to-date: /home/temur/INS-GPS-ROS2/install/ht_nav_variables/share/ht_nav_variables/msg/HtNavErrorVector.msg
[7.265s] -- Up-to-date: /home/temur/INS-GPS-ROS2/install/ht_nav_variables/share/ht_nav_variables/msg/HtNavEuler.msg
[7.265s] -- Up-to-date: /home/temur/INS-GPS-ROS2/install/ht_nav_variables/share/ht_nav_variables/msg/HtNavGpsData.msg
[7.265s] -- Up-to-date: /home/temur/INS-GPS-ROS2/install/ht_nav_variables/share/ht_nav_variables/msg/HtNavImuData.msg
[7.265s] -- Up-to-date: /home/temur/INS-GPS-ROS2/install/ht_nav_variables/share/ht_nav_variables/msg/HtNavKalmanOut.msg
[7.265s] -- Up-to-date: /home/temur/INS-GPS-ROS2/install/ht_nav_variables/share/ht_nav_variables/msg/HtNavStrapOut.msg
[7.265s] -- Up-to-date: /home/temur/INS-GPS-ROS2/install/ht_nav_variables/share/ht_nav_variables/msg/HtNavPoint.msg
[7.265s] -- Up-to-date: /home/temur/INS-GPS-ROS2/install/ht_nav_variables/share/ht_nav_variables/msg/HtNavVector3.msg
[7.265s] -- Up-to-date: /home/temur/INS-GPS-ROS2/install/ht_nav_variables/share/ht_nav_variables/msg/HtNavQuaternion.msg
[7.265s] -- Up-to-date: /home/temur/INS-GPS-ROS2/install/ht_nav_variables/share/ht_nav_variables/msg/HtNavDeneme.msg
[7.265s] -- Installing: /home/temur/INS-GPS-ROS2/install/ht_nav_variables/share/ament_index/resource_index/package_run_dependencies/ht_nav_variables
[7.266s] -- Installing: /home/temur/INS-GPS-ROS2/install/ht_nav_variables/share/ament_index/resource_index/parent_prefix_path/ht_nav_variables
[7.266s] -- Installing: /home/temur/INS-GPS-ROS2/install/ht_nav_variables/share/ht_nav_variables/environment/ament_prefix_path.sh
[7.266s] -- Installing: /home/temur/INS-GPS-ROS2/install/ht_nav_variables/share/ht_nav_variables/environment/ament_prefix_path.dsv
[7.266s] -- Installing: /home/temur/INS-GPS-ROS2/install/ht_nav_variables/share/ht_nav_variables/environment/path.sh
[7.266s] -- Installing: /home/temur/INS-GPS-ROS2/install/ht_nav_variables/share/ht_nav_variables/environment/path.dsv
[7.266s] -- Installing: /home/temur/INS-GPS-ROS2/install/ht_nav_variables/share/ht_nav_variables/local_setup.bash
[7.266s] -- Installing: /home/temur/INS-GPS-ROS2/install/ht_nav_variables/share/ht_nav_variables/local_setup.sh
[7.266s] -- Installing: /home/temur/INS-GPS-ROS2/install/ht_nav_variables/share/ht_nav_variables/local_setup.zsh
[7.266s] -- Installing: /home/temur/INS-GPS-ROS2/install/ht_nav_variables/share/ht_nav_variables/local_setup.dsv
[7.266s] -- Installing: /home/temur/INS-GPS-ROS2/install/ht_nav_variables/share/ht_nav_variables/package.dsv
[7.266s] -- Installing: /home/temur/INS-GPS-ROS2/install/ht_nav_variables/share/ament_index/resource_index/packages/ht_nav_variables
[7.266s] -- Installing: /home/temur/INS-GPS-ROS2/install/ht_nav_variables/share/ht_nav_variables/cmake/ht_nav_variables__rosidl_generator_cExport.cmake
[7.267s] -- Installing: /home/temur/INS-GPS-ROS2/install/ht_nav_variables/share/ht_nav_variables/cmake/ht_nav_variables__rosidl_generator_cExport-noconfig.cmake
[7.267s] -- Installing: /home/temur/INS-GPS-ROS2/install/ht_nav_variables/share/ht_nav_variables/cmake/ht_nav_variables__rosidl_typesupport_introspection_cExport.cmake
[7.267s] -- Installing: /home/temur/INS-GPS-ROS2/install/ht_nav_variables/share/ht_nav_variables/cmake/ht_nav_variables__rosidl_typesupport_introspection_cExport-noconfig.cmake
[7.267s] -- Installing: /home/temur/INS-GPS-ROS2/install/ht_nav_variables/share/ht_nav_variables/cmake/ht_nav_variables__rosidl_typesupport_cExport.cmake
[7.267s] -- Installing: /home/temur/INS-GPS-ROS2/install/ht_nav_variables/share/ht_nav_variables/cmake/ht_nav_variables__rosidl_typesupport_cExport-noconfig.cmake
[7.267s] -- Installing: /home/temur/INS-GPS-ROS2/install/ht_nav_variables/share/ht_nav_variables/cmake/ht_nav_variables__rosidl_generator_cppExport.cmake
[7.267s] -- Installing: /home/temur/INS-GPS-ROS2/install/ht_nav_variables/share/ht_nav_variables/cmake/ht_nav_variables__rosidl_typesupport_introspection_cppExport.cmake
[7.267s] -- Installing: /home/temur/INS-GPS-ROS2/install/ht_nav_variables/share/ht_nav_variables/cmake/ht_nav_variables__rosidl_typesupport_introspection_cppExport-noconfig.cmake
[7.267s] -- Installing: /home/temur/INS-GPS-ROS2/install/ht_nav_variables/share/ht_nav_variables/cmake/ht_nav_variables__rosidl_typesupport_cppExport.cmake
[7.267s] -- Installing: /home/temur/INS-GPS-ROS2/install/ht_nav_variables/share/ht_nav_variables/cmake/ht_nav_variables__rosidl_typesupport_cppExport-noconfig.cmake
[7.267s] -- Installing: /home/temur/INS-GPS-ROS2/install/ht_nav_variables/share/ht_nav_variables/cmake/rosidl_cmake-extras.cmake
[7.268s] -- Installing: /home/temur/INS-GPS-ROS2/install/ht_nav_variables/share/ht_nav_variables/cmake/ament_cmake_export_dependencies-extras.cmake
[7.268s] -- Installing: /home/temur/INS-GPS-ROS2/install/ht_nav_variables/share/ht_nav_variables/cmake/ament_cmake_export_libraries-extras.cmake
[7.268s] -- Installing: /home/temur/INS-GPS-ROS2/install/ht_nav_variables/share/ht_nav_variables/cmake/ament_cmake_export_targets-extras.cmake
[7.268s] -- Installing: /home/temur/INS-GPS-ROS2/install/ht_nav_variables/share/ht_nav_variables/cmake/ament_cmake_export_include_directories-extras.cmake
[7.268s] -- Installing: /home/temur/INS-GPS-ROS2/install/ht_nav_variables/share/ht_nav_variables/cmake/rosidl_cmake_export_typesupport_libraries-extras.cmake
[7.268s] -- Installing: /home/temur/INS-GPS-ROS2/install/ht_nav_variables/share/ht_nav_variables/cmake/rosidl_cmake_export_typesupport_targets-extras.cmake
[7.268s] -- Installing: /home/temur/INS-GPS-ROS2/install/ht_nav_variables/share/ht_nav_variables/cmake/ht_nav_variablesConfig.cmake
[7.268s] -- Installing: /home/temur/INS-GPS-ROS2/install/ht_nav_variables/share/ht_nav_variables/cmake/ht_nav_variablesConfig-version.cmake
[7.268s] -- Up-to-date: /home/temur/INS-GPS-ROS2/install/ht_nav_variables/share/ht_nav_variables/package.xml
[7.269s] Invoked command in '/home/temur/INS-GPS-ROS2/build/ht_nav_variables' returned '0': CMAKE_PREFIX_PATH=${CMAKE_PREFIX_PATH}:/opt/ros/foxy /usr/bin/cmake --install /home/temur/INS-GPS-ROS2/build/ht_nav_variables
