[0.265s] DEBUG:colcon:Command line arguments: ['/usr/bin/colcon', 'build']
[0.265s] DEBUG:colcon:Parsed command line arguments: Namespace(ament_cmake_args=None, base_paths=['.'], build_base='build', catkin_cmake_args=None, catkin_skip_building_tests=False, cmake_args=None, cmake_clean_cache=False, cmake_clean_first=False, cmake_force_configure=False, cmake_target=None, cmake_target_skip_unavailable=False, continue_on_error=False, event_handlers=None, executor='parallel', ignore_user_meta=False, install_base='install', log_base=None, log_level=None, main=<bound method BuildVerb.main of <colcon_core.verb.build.BuildVerb object at 0x7fd541e3ccd0>>, merge_install=False, metas=['./colcon.meta'], packages_above=None, packages_above_and_dependencies=None, packages_above_depth=None, packages_end=None, packages_ignore=None, packages_ignore_regex=None, packages_select=None, packages_select_build_failed=False, packages_select_by_dep=None, packages_select_regex=None, packages_select_test_failures=False, packages_skip=None, packages_skip_build_finished=False, packages_skip_by_dep=None, packages_skip_regex=None, packages_skip_test_passed=False, packages_skip_up_to=None, packages_start=None, packages_up_to=None, packages_up_to_regex=None, parallel_workers=12, paths=None, symlink_install=False, test_result_base=None, verb_extension=<colcon_core.verb.build.BuildVerb object at 0x7fd541e3ccd0>, verb_name='build', verb_parser=<colcon_defaults.argument_parser.defaults.DefaultArgumentsDecorator object at 0x7fd541f640a0>)
[0.305s] Level 1:colcon.colcon_core.package_discovery:discover_packages(colcon_meta) check parameters
[0.305s] Level 1:colcon.colcon_core.package_discovery:discover_packages(recursive) check parameters
[0.305s] Level 1:colcon.colcon_core.package_discovery:discover_packages(ignore) check parameters
[0.305s] Level 1:colcon.colcon_core.package_discovery:discover_packages(path) check parameters
[0.305s] Level 1:colcon.colcon_core.package_discovery:discover_packages(colcon_meta) discover
[0.305s] Level 1:colcon.colcon_core.package_discovery:discover_packages(recursive) discover
[0.305s] INFO:colcon.colcon_core.package_discovery:Crawling recursively for packages in '/home/temurtas/INS-GPS-ROS2'
[0.305s] Level 1:colcon.colcon_core.package_identification:_identify(.) by extensions ['ignore', 'ignore_ament_install']
[0.305s] Level 1:colcon.colcon_core.package_identification:_identify(.) by extension 'ignore'
[0.306s] Level 1:colcon.colcon_core.package_identification:_identify(.) by extension 'ignore_ament_install'
[0.306s] Level 1:colcon.colcon_core.package_identification:_identify(.) by extensions ['colcon_pkg']
[0.306s] Level 1:colcon.colcon_core.package_identification:_identify(.) by extension 'colcon_pkg'
[0.306s] Level 1:colcon.colcon_core.package_identification:_identify(.) by extensions ['colcon_meta']
[0.306s] Level 1:colcon.colcon_core.package_identification:_identify(.) by extension 'colcon_meta'
[0.306s] Level 1:colcon.colcon_core.package_identification:_identify(.) by extensions ['ros']
[0.306s] Level 1:colcon.colcon_core.package_identification:_identify(.) by extension 'ros'
[0.316s] Level 1:colcon.colcon_core.package_identification:_identify(.) by extensions ['cmake', 'python']
[0.316s] Level 1:colcon.colcon_core.package_identification:_identify(.) by extension 'cmake'
[0.316s] Level 1:colcon.colcon_core.package_identification:_identify(.) by extension 'python'
[0.317s] Level 1:colcon.colcon_core.package_identification:_identify(.) by extensions ['python_setup_py']
[0.317s] Level 1:colcon.colcon_core.package_identification:_identify(.) by extension 'python_setup_py'
[0.317s] Level 1:colcon.colcon_core.package_identification:_identify(Matlab_Analiz) by extensions ['ignore', 'ignore_ament_install']
[0.317s] Level 1:colcon.colcon_core.package_identification:_identify(Matlab_Analiz) by extension 'ignore'
[0.317s] Level 1:colcon.colcon_core.package_identification:_identify(Matlab_Analiz) by extension 'ignore_ament_install'
[0.317s] Level 1:colcon.colcon_core.package_identification:_identify(Matlab_Analiz) by extensions ['colcon_pkg']
[0.317s] Level 1:colcon.colcon_core.package_identification:_identify(Matlab_Analiz) by extension 'colcon_pkg'
[0.317s] Level 1:colcon.colcon_core.package_identification:_identify(Matlab_Analiz) by extensions ['colcon_meta']
[0.317s] Level 1:colcon.colcon_core.package_identification:_identify(Matlab_Analiz) by extension 'colcon_meta'
[0.317s] Level 1:colcon.colcon_core.package_identification:_identify(Matlab_Analiz) by extensions ['ros']
[0.317s] Level 1:colcon.colcon_core.package_identification:_identify(Matlab_Analiz) by extension 'ros'
[0.317s] Level 1:colcon.colcon_core.package_identification:_identify(Matlab_Analiz) by extensions ['cmake', 'python']
[0.317s] Level 1:colcon.colcon_core.package_identification:_identify(Matlab_Analiz) by extension 'cmake'
[0.317s] Level 1:colcon.colcon_core.package_identification:_identify(Matlab_Analiz) by extension 'python'
[0.317s] Level 1:colcon.colcon_core.package_identification:_identify(Matlab_Analiz) by extensions ['python_setup_py']
[0.317s] Level 1:colcon.colcon_core.package_identification:_identify(Matlab_Analiz) by extension 'python_setup_py'
[0.317s] Level 1:colcon.colcon_core.package_identification:_identify(Matlab_Analiz/custom_messages) by extensions ['ignore', 'ignore_ament_install']
[0.317s] Level 1:colcon.colcon_core.package_identification:_identify(Matlab_Analiz/custom_messages) by extension 'ignore'
[0.318s] Level 1:colcon.colcon_core.package_identification:_identify(Matlab_Analiz/custom_messages) by extension 'ignore_ament_install'
[0.318s] Level 1:colcon.colcon_core.package_identification:_identify(Matlab_Analiz/custom_messages) by extensions ['colcon_pkg']
[0.318s] Level 1:colcon.colcon_core.package_identification:_identify(Matlab_Analiz/custom_messages) by extension 'colcon_pkg'
[0.318s] Level 1:colcon.colcon_core.package_identification:_identify(Matlab_Analiz/custom_messages) by extensions ['colcon_meta']
[0.318s] Level 1:colcon.colcon_core.package_identification:_identify(Matlab_Analiz/custom_messages) by extension 'colcon_meta'
[0.318s] Level 1:colcon.colcon_core.package_identification:_identify(Matlab_Analiz/custom_messages) by extensions ['ros']
[0.318s] Level 1:colcon.colcon_core.package_identification:_identify(Matlab_Analiz/custom_messages) by extension 'ros'
[0.318s] Level 1:colcon.colcon_core.package_identification:_identify(Matlab_Analiz/custom_messages) by extensions ['cmake', 'python']
[0.318s] Level 1:colcon.colcon_core.package_identification:_identify(Matlab_Analiz/custom_messages) by extension 'cmake'
[0.318s] Level 1:colcon.colcon_core.package_identification:_identify(Matlab_Analiz/custom_messages) by extension 'python'
[0.318s] Level 1:colcon.colcon_core.package_identification:_identify(Matlab_Analiz/custom_messages) by extensions ['python_setup_py']
[0.318s] Level 1:colcon.colcon_core.package_identification:_identify(Matlab_Analiz/custom_messages) by extension 'python_setup_py'
[0.318s] Level 1:colcon.colcon_core.package_identification:_identify(Matlab_Analiz/custom_messages/mgs_1) by extensions ['ignore', 'ignore_ament_install']
[0.318s] Level 1:colcon.colcon_core.package_identification:_identify(Matlab_Analiz/custom_messages/mgs_1) by extension 'ignore'
[0.318s] Level 1:colcon.colcon_core.package_identification:_identify(Matlab_Analiz/custom_messages/mgs_1) by extension 'ignore_ament_install'
[0.318s] Level 1:colcon.colcon_core.package_identification:_identify(Matlab_Analiz/custom_messages/mgs_1) by extensions ['colcon_pkg']
[0.318s] Level 1:colcon.colcon_core.package_identification:_identify(Matlab_Analiz/custom_messages/mgs_1) by extension 'colcon_pkg'
[0.318s] Level 1:colcon.colcon_core.package_identification:_identify(Matlab_Analiz/custom_messages/mgs_1) by extensions ['colcon_meta']
[0.318s] Level 1:colcon.colcon_core.package_identification:_identify(Matlab_Analiz/custom_messages/mgs_1) by extension 'colcon_meta'
[0.318s] Level 1:colcon.colcon_core.package_identification:_identify(Matlab_Analiz/custom_messages/mgs_1) by extensions ['ros']
[0.318s] Level 1:colcon.colcon_core.package_identification:_identify(Matlab_Analiz/custom_messages/mgs_1) by extension 'ros'
[0.319s] Level 1:colcon.colcon_core.package_identification:_identify(Matlab_Analiz/custom_messages/mgs_1) by extensions ['cmake', 'python']
[0.319s] Level 1:colcon.colcon_core.package_identification:_identify(Matlab_Analiz/custom_messages/mgs_1) by extension 'cmake'
[0.319s] Level 1:colcon.colcon_core.package_identification:_identify(Matlab_Analiz/custom_messages/mgs_1) by extension 'python'
[0.319s] Level 1:colcon.colcon_core.package_identification:_identify(Matlab_Analiz/custom_messages/mgs_1) by extensions ['python_setup_py']
[0.319s] Level 1:colcon.colcon_core.package_identification:_identify(Matlab_Analiz/custom_messages/mgs_1) by extension 'python_setup_py'
[0.319s] Level 1:colcon.colcon_core.package_identification:_identify(Matlab_Analiz/custom_messages/mgs_1/msg) by extensions ['ignore', 'ignore_ament_install']
[0.319s] Level 1:colcon.colcon_core.package_identification:_identify(Matlab_Analiz/custom_messages/mgs_1/msg) by extension 'ignore'
[0.319s] Level 1:colcon.colcon_core.package_identification:_identify(Matlab_Analiz/custom_messages/mgs_1/msg) by extension 'ignore_ament_install'
[0.319s] Level 1:colcon.colcon_core.package_identification:_identify(Matlab_Analiz/custom_messages/mgs_1/msg) by extensions ['colcon_pkg']
[0.319s] Level 1:colcon.colcon_core.package_identification:_identify(Matlab_Analiz/custom_messages/mgs_1/msg) by extension 'colcon_pkg'
[0.319s] Level 1:colcon.colcon_core.package_identification:_identify(Matlab_Analiz/custom_messages/mgs_1/msg) by extensions ['colcon_meta']
[0.319s] Level 1:colcon.colcon_core.package_identification:_identify(Matlab_Analiz/custom_messages/mgs_1/msg) by extension 'colcon_meta'
[0.319s] Level 1:colcon.colcon_core.package_identification:_identify(Matlab_Analiz/custom_messages/mgs_1/msg) by extensions ['ros']
[0.319s] Level 1:colcon.colcon_core.package_identification:_identify(Matlab_Analiz/custom_messages/mgs_1/msg) by extension 'ros'
[0.319s] Level 1:colcon.colcon_core.package_identification:_identify(Matlab_Analiz/custom_messages/mgs_1/msg) by extensions ['cmake', 'python']
[0.319s] Level 1:colcon.colcon_core.package_identification:_identify(Matlab_Analiz/custom_messages/mgs_1/msg) by extension 'cmake'
[0.320s] Level 1:colcon.colcon_core.package_identification:_identify(Matlab_Analiz/custom_messages/mgs_1/msg) by extension 'python'
[0.320s] Level 1:colcon.colcon_core.package_identification:_identify(Matlab_Analiz/custom_messages/mgs_1/msg) by extensions ['python_setup_py']
[0.320s] Level 1:colcon.colcon_core.package_identification:_identify(Matlab_Analiz/custom_messages/mgs_1/msg) by extension 'python_setup_py'
[0.320s] Level 1:colcon.colcon_core.package_identification:_identify(Matlab_Analiz/custom_messages/msg_10) by extensions ['ignore', 'ignore_ament_install']
[0.320s] Level 1:colcon.colcon_core.package_identification:_identify(Matlab_Analiz/custom_messages/msg_10) by extension 'ignore'
[0.320s] Level 1:colcon.colcon_core.package_identification:_identify(Matlab_Analiz/custom_messages/msg_10) by extension 'ignore_ament_install'
[0.320s] Level 1:colcon.colcon_core.package_identification:_identify(Matlab_Analiz/custom_messages/msg_10) by extensions ['colcon_pkg']
[0.320s] Level 1:colcon.colcon_core.package_identification:_identify(Matlab_Analiz/custom_messages/msg_10) by extension 'colcon_pkg'
[0.320s] Level 1:colcon.colcon_core.package_identification:_identify(Matlab_Analiz/custom_messages/msg_10) by extensions ['colcon_meta']
[0.320s] Level 1:colcon.colcon_core.package_identification:_identify(Matlab_Analiz/custom_messages/msg_10) by extension 'colcon_meta'
[0.320s] Level 1:colcon.colcon_core.package_identification:_identify(Matlab_Analiz/custom_messages/msg_10) by extensions ['ros']
[0.320s] Level 1:colcon.colcon_core.package_identification:_identify(Matlab_Analiz/custom_messages/msg_10) by extension 'ros'
[0.320s] Level 1:colcon.colcon_core.package_identification:_identify(Matlab_Analiz/custom_messages/msg_10) by extensions ['cmake', 'python']
[0.320s] Level 1:colcon.colcon_core.package_identification:_identify(Matlab_Analiz/custom_messages/msg_10) by extension 'cmake'
[0.320s] Level 1:colcon.colcon_core.package_identification:_identify(Matlab_Analiz/custom_messages/msg_10) by extension 'python'
[0.320s] Level 1:colcon.colcon_core.package_identification:_identify(Matlab_Analiz/custom_messages/msg_10) by extensions ['python_setup_py']
[0.320s] Level 1:colcon.colcon_core.package_identification:_identify(Matlab_Analiz/custom_messages/msg_10) by extension 'python_setup_py'
[0.320s] Level 1:colcon.colcon_core.package_identification:_identify(Matlab_Analiz/custom_messages/msg_10/msg) by extensions ['ignore', 'ignore_ament_install']
[0.321s] Level 1:colcon.colcon_core.package_identification:_identify(Matlab_Analiz/custom_messages/msg_10/msg) by extension 'ignore'
[0.321s] Level 1:colcon.colcon_core.package_identification:_identify(Matlab_Analiz/custom_messages/msg_10/msg) by extension 'ignore_ament_install'
[0.321s] Level 1:colcon.colcon_core.package_identification:_identify(Matlab_Analiz/custom_messages/msg_10/msg) by extensions ['colcon_pkg']
[0.321s] Level 1:colcon.colcon_core.package_identification:_identify(Matlab_Analiz/custom_messages/msg_10/msg) by extension 'colcon_pkg'
[0.321s] Level 1:colcon.colcon_core.package_identification:_identify(Matlab_Analiz/custom_messages/msg_10/msg) by extensions ['colcon_meta']
[0.321s] Level 1:colcon.colcon_core.package_identification:_identify(Matlab_Analiz/custom_messages/msg_10/msg) by extension 'colcon_meta'
[0.321s] Level 1:colcon.colcon_core.package_identification:_identify(Matlab_Analiz/custom_messages/msg_10/msg) by extensions ['ros']
[0.321s] Level 1:colcon.colcon_core.package_identification:_identify(Matlab_Analiz/custom_messages/msg_10/msg) by extension 'ros'
[0.321s] Level 1:colcon.colcon_core.package_identification:_identify(Matlab_Analiz/custom_messages/msg_10/msg) by extensions ['cmake', 'python']
[0.321s] Level 1:colcon.colcon_core.package_identification:_identify(Matlab_Analiz/custom_messages/msg_10/msg) by extension 'cmake'
[0.321s] Level 1:colcon.colcon_core.package_identification:_identify(Matlab_Analiz/custom_messages/msg_10/msg) by extension 'python'
[0.321s] Level 1:colcon.colcon_core.package_identification:_identify(Matlab_Analiz/custom_messages/msg_10/msg) by extensions ['python_setup_py']
[0.321s] Level 1:colcon.colcon_core.package_identification:_identify(Matlab_Analiz/custom_messages/msg_10/msg) by extension 'python_setup_py'
[0.321s] Level 1:colcon.colcon_core.package_identification:_identify(Matlab_Analiz/custom_messages/msg_2) by extensions ['ignore', 'ignore_ament_install']
[0.321s] Level 1:colcon.colcon_core.package_identification:_identify(Matlab_Analiz/custom_messages/msg_2) by extension 'ignore'
[0.321s] Level 1:colcon.colcon_core.package_identification:_identify(Matlab_Analiz/custom_messages/msg_2) by extension 'ignore_ament_install'
[0.321s] Level 1:colcon.colcon_core.package_identification:_identify(Matlab_Analiz/custom_messages/msg_2) by extensions ['colcon_pkg']
[0.321s] Level 1:colcon.colcon_core.package_identification:_identify(Matlab_Analiz/custom_messages/msg_2) by extension 'colcon_pkg'
[0.321s] Level 1:colcon.colcon_core.package_identification:_identify(Matlab_Analiz/custom_messages/msg_2) by extensions ['colcon_meta']
[0.321s] Level 1:colcon.colcon_core.package_identification:_identify(Matlab_Analiz/custom_messages/msg_2) by extension 'colcon_meta'
[0.321s] Level 1:colcon.colcon_core.package_identification:_identify(Matlab_Analiz/custom_messages/msg_2) by extensions ['ros']
[0.321s] Level 1:colcon.colcon_core.package_identification:_identify(Matlab_Analiz/custom_messages/msg_2) by extension 'ros'
[0.321s] Level 1:colcon.colcon_core.package_identification:_identify(Matlab_Analiz/custom_messages/msg_2) by extensions ['cmake', 'python']
[0.321s] Level 1:colcon.colcon_core.package_identification:_identify(Matlab_Analiz/custom_messages/msg_2) by extension 'cmake'
[0.322s] Level 1:colcon.colcon_core.package_identification:_identify(Matlab_Analiz/custom_messages/msg_2) by extension 'python'
[0.322s] Level 1:colcon.colcon_core.package_identification:_identify(Matlab_Analiz/custom_messages/msg_2) by extensions ['python_setup_py']
[0.322s] Level 1:colcon.colcon_core.package_identification:_identify(Matlab_Analiz/custom_messages/msg_2) by extension 'python_setup_py'
[0.322s] Level 1:colcon.colcon_core.package_identification:_identify(Matlab_Analiz/custom_messages/msg_2/msg) by extensions ['ignore', 'ignore_ament_install']
[0.322s] Level 1:colcon.colcon_core.package_identification:_identify(Matlab_Analiz/custom_messages/msg_2/msg) by extension 'ignore'
[0.322s] Level 1:colcon.colcon_core.package_identification:_identify(Matlab_Analiz/custom_messages/msg_2/msg) by extension 'ignore_ament_install'
[0.322s] Level 1:colcon.colcon_core.package_identification:_identify(Matlab_Analiz/custom_messages/msg_2/msg) by extensions ['colcon_pkg']
[0.322s] Level 1:colcon.colcon_core.package_identification:_identify(Matlab_Analiz/custom_messages/msg_2/msg) by extension 'colcon_pkg'
[0.322s] Level 1:colcon.colcon_core.package_identification:_identify(Matlab_Analiz/custom_messages/msg_2/msg) by extensions ['colcon_meta']
[0.322s] Level 1:colcon.colcon_core.package_identification:_identify(Matlab_Analiz/custom_messages/msg_2/msg) by extension 'colcon_meta'
[0.322s] Level 1:colcon.colcon_core.package_identification:_identify(Matlab_Analiz/custom_messages/msg_2/msg) by extensions ['ros']
[0.322s] Level 1:colcon.colcon_core.package_identification:_identify(Matlab_Analiz/custom_messages/msg_2/msg) by extension 'ros'
[0.322s] Level 1:colcon.colcon_core.package_identification:_identify(Matlab_Analiz/custom_messages/msg_2/msg) by extensions ['cmake', 'python']
[0.322s] Level 1:colcon.colcon_core.package_identification:_identify(Matlab_Analiz/custom_messages/msg_2/msg) by extension 'cmake'
[0.322s] Level 1:colcon.colcon_core.package_identification:_identify(Matlab_Analiz/custom_messages/msg_2/msg) by extension 'python'
[0.322s] Level 1:colcon.colcon_core.package_identification:_identify(Matlab_Analiz/custom_messages/msg_2/msg) by extensions ['python_setup_py']
[0.322s] Level 1:colcon.colcon_core.package_identification:_identify(Matlab_Analiz/custom_messages/msg_2/msg) by extension 'python_setup_py'
[0.323s] Level 1:colcon.colcon_core.package_identification:_identify(Matlab_Analiz/custom_messages/msg_3) by extensions ['ignore', 'ignore_ament_install']
[0.323s] Level 1:colcon.colcon_core.package_identification:_identify(Matlab_Analiz/custom_messages/msg_3) by extension 'ignore'
[0.323s] Level 1:colcon.colcon_core.package_identification:_identify(Matlab_Analiz/custom_messages/msg_3) by extension 'ignore_ament_install'
[0.323s] Level 1:colcon.colcon_core.package_identification:_identify(Matlab_Analiz/custom_messages/msg_3) by extensions ['colcon_pkg']
[0.323s] Level 1:colcon.colcon_core.package_identification:_identify(Matlab_Analiz/custom_messages/msg_3) by extension 'colcon_pkg'
[0.323s] Level 1:colcon.colcon_core.package_identification:_identify(Matlab_Analiz/custom_messages/msg_3) by extensions ['colcon_meta']
[0.323s] Level 1:colcon.colcon_core.package_identification:_identify(Matlab_Analiz/custom_messages/msg_3) by extension 'colcon_meta'
[0.323s] Level 1:colcon.colcon_core.package_identification:_identify(Matlab_Analiz/custom_messages/msg_3) by extensions ['ros']
[0.323s] Level 1:colcon.colcon_core.package_identification:_identify(Matlab_Analiz/custom_messages/msg_3) by extension 'ros'
[0.323s] Level 1:colcon.colcon_core.package_identification:_identify(Matlab_Analiz/custom_messages/msg_3) by extensions ['cmake', 'python']
[0.323s] Level 1:colcon.colcon_core.package_identification:_identify(Matlab_Analiz/custom_messages/msg_3) by extension 'cmake'
[0.323s] Level 1:colcon.colcon_core.package_identification:_identify(Matlab_Analiz/custom_messages/msg_3) by extension 'python'
[0.323s] Level 1:colcon.colcon_core.package_identification:_identify(Matlab_Analiz/custom_messages/msg_3) by extensions ['python_setup_py']
[0.323s] Level 1:colcon.colcon_core.package_identification:_identify(Matlab_Analiz/custom_messages/msg_3) by extension 'python_setup_py'
[0.323s] Level 1:colcon.colcon_core.package_identification:_identify(Matlab_Analiz/custom_messages/msg_3/msg) by extensions ['ignore', 'ignore_ament_install']
[0.324s] Level 1:colcon.colcon_core.package_identification:_identify(Matlab_Analiz/custom_messages/msg_3/msg) by extension 'ignore'
[0.324s] Level 1:colcon.colcon_core.package_identification:_identify(Matlab_Analiz/custom_messages/msg_3/msg) by extension 'ignore_ament_install'
[0.324s] Level 1:colcon.colcon_core.package_identification:_identify(Matlab_Analiz/custom_messages/msg_3/msg) by extensions ['colcon_pkg']
[0.324s] Level 1:colcon.colcon_core.package_identification:_identify(Matlab_Analiz/custom_messages/msg_3/msg) by extension 'colcon_pkg'
[0.324s] Level 1:colcon.colcon_core.package_identification:_identify(Matlab_Analiz/custom_messages/msg_3/msg) by extensions ['colcon_meta']
[0.324s] Level 1:colcon.colcon_core.package_identification:_identify(Matlab_Analiz/custom_messages/msg_3/msg) by extension 'colcon_meta'
[0.324s] Level 1:colcon.colcon_core.package_identification:_identify(Matlab_Analiz/custom_messages/msg_3/msg) by extensions ['ros']
[0.324s] Level 1:colcon.colcon_core.package_identification:_identify(Matlab_Analiz/custom_messages/msg_3/msg) by extension 'ros'
[0.324s] Level 1:colcon.colcon_core.package_identification:_identify(Matlab_Analiz/custom_messages/msg_3/msg) by extensions ['cmake', 'python']
[0.324s] Level 1:colcon.colcon_core.package_identification:_identify(Matlab_Analiz/custom_messages/msg_3/msg) by extension 'cmake'
[0.324s] Level 1:colcon.colcon_core.package_identification:_identify(Matlab_Analiz/custom_messages/msg_3/msg) by extension 'python'
[0.324s] Level 1:colcon.colcon_core.package_identification:_identify(Matlab_Analiz/custom_messages/msg_3/msg) by extensions ['python_setup_py']
[0.324s] Level 1:colcon.colcon_core.package_identification:_identify(Matlab_Analiz/custom_messages/msg_3/msg) by extension 'python_setup_py'
[0.324s] Level 1:colcon.colcon_core.package_identification:_identify(Matlab_Analiz/custom_messages/msg_4) by extensions ['ignore', 'ignore_ament_install']
[0.324s] Level 1:colcon.colcon_core.package_identification:_identify(Matlab_Analiz/custom_messages/msg_4) by extension 'ignore'
[0.324s] Level 1:colcon.colcon_core.package_identification:_identify(Matlab_Analiz/custom_messages/msg_4) by extension 'ignore_ament_install'
[0.324s] Level 1:colcon.colcon_core.package_identification:_identify(Matlab_Analiz/custom_messages/msg_4) by extensions ['colcon_pkg']
[0.324s] Level 1:colcon.colcon_core.package_identification:_identify(Matlab_Analiz/custom_messages/msg_4) by extension 'colcon_pkg'
[0.324s] Level 1:colcon.colcon_core.package_identification:_identify(Matlab_Analiz/custom_messages/msg_4) by extensions ['colcon_meta']
[0.324s] Level 1:colcon.colcon_core.package_identification:_identify(Matlab_Analiz/custom_messages/msg_4) by extension 'colcon_meta'
[0.324s] Level 1:colcon.colcon_core.package_identification:_identify(Matlab_Analiz/custom_messages/msg_4) by extensions ['ros']
[0.324s] Level 1:colcon.colcon_core.package_identification:_identify(Matlab_Analiz/custom_messages/msg_4) by extension 'ros'
[0.324s] Level 1:colcon.colcon_core.package_identification:_identify(Matlab_Analiz/custom_messages/msg_4) by extensions ['cmake', 'python']
[0.325s] Level 1:colcon.colcon_core.package_identification:_identify(Matlab_Analiz/custom_messages/msg_4) by extension 'cmake'
[0.325s] Level 1:colcon.colcon_core.package_identification:_identify(Matlab_Analiz/custom_messages/msg_4) by extension 'python'
[0.325s] Level 1:colcon.colcon_core.package_identification:_identify(Matlab_Analiz/custom_messages/msg_4) by extensions ['python_setup_py']
[0.325s] Level 1:colcon.colcon_core.package_identification:_identify(Matlab_Analiz/custom_messages/msg_4) by extension 'python_setup_py'
[0.325s] Level 1:colcon.colcon_core.package_identification:_identify(Matlab_Analiz/custom_messages/msg_4/msg) by extensions ['ignore', 'ignore_ament_install']
[0.325s] Level 1:colcon.colcon_core.package_identification:_identify(Matlab_Analiz/custom_messages/msg_4/msg) by extension 'ignore'
[0.325s] Level 1:colcon.colcon_core.package_identification:_identify(Matlab_Analiz/custom_messages/msg_4/msg) by extension 'ignore_ament_install'
[0.325s] Level 1:colcon.colcon_core.package_identification:_identify(Matlab_Analiz/custom_messages/msg_4/msg) by extensions ['colcon_pkg']
[0.325s] Level 1:colcon.colcon_core.package_identification:_identify(Matlab_Analiz/custom_messages/msg_4/msg) by extension 'colcon_pkg'
[0.325s] Level 1:colcon.colcon_core.package_identification:_identify(Matlab_Analiz/custom_messages/msg_4/msg) by extensions ['colcon_meta']
[0.325s] Level 1:colcon.colcon_core.package_identification:_identify(Matlab_Analiz/custom_messages/msg_4/msg) by extension 'colcon_meta'
[0.325s] Level 1:colcon.colcon_core.package_identification:_identify(Matlab_Analiz/custom_messages/msg_4/msg) by extensions ['ros']
[0.325s] Level 1:colcon.colcon_core.package_identification:_identify(Matlab_Analiz/custom_messages/msg_4/msg) by extension 'ros'
[0.325s] Level 1:colcon.colcon_core.package_identification:_identify(Matlab_Analiz/custom_messages/msg_4/msg) by extensions ['cmake', 'python']
[0.325s] Level 1:colcon.colcon_core.package_identification:_identify(Matlab_Analiz/custom_messages/msg_4/msg) by extension 'cmake'
[0.325s] Level 1:colcon.colcon_core.package_identification:_identify(Matlab_Analiz/custom_messages/msg_4/msg) by extension 'python'
[0.325s] Level 1:colcon.colcon_core.package_identification:_identify(Matlab_Analiz/custom_messages/msg_4/msg) by extensions ['python_setup_py']
[0.325s] Level 1:colcon.colcon_core.package_identification:_identify(Matlab_Analiz/custom_messages/msg_4/msg) by extension 'python_setup_py'
[0.325s] Level 1:colcon.colcon_core.package_identification:_identify(Matlab_Analiz/custom_messages/msg_5) by extensions ['ignore', 'ignore_ament_install']
[0.326s] Level 1:colcon.colcon_core.package_identification:_identify(Matlab_Analiz/custom_messages/msg_5) by extension 'ignore'
[0.326s] Level 1:colcon.colcon_core.package_identification:_identify(Matlab_Analiz/custom_messages/msg_5) by extension 'ignore_ament_install'
[0.326s] Level 1:colcon.colcon_core.package_identification:_identify(Matlab_Analiz/custom_messages/msg_5) by extensions ['colcon_pkg']
[0.326s] Level 1:colcon.colcon_core.package_identification:_identify(Matlab_Analiz/custom_messages/msg_5) by extension 'colcon_pkg'
[0.326s] Level 1:colcon.colcon_core.package_identification:_identify(Matlab_Analiz/custom_messages/msg_5) by extensions ['colcon_meta']
[0.326s] Level 1:colcon.colcon_core.package_identification:_identify(Matlab_Analiz/custom_messages/msg_5) by extension 'colcon_meta'
[0.326s] Level 1:colcon.colcon_core.package_identification:_identify(Matlab_Analiz/custom_messages/msg_5) by extensions ['ros']
[0.326s] Level 1:colcon.colcon_core.package_identification:_identify(Matlab_Analiz/custom_messages/msg_5) by extension 'ros'
[0.326s] Level 1:colcon.colcon_core.package_identification:_identify(Matlab_Analiz/custom_messages/msg_5) by extensions ['cmake', 'python']
[0.326s] Level 1:colcon.colcon_core.package_identification:_identify(Matlab_Analiz/custom_messages/msg_5) by extension 'cmake'
[0.326s] Level 1:colcon.colcon_core.package_identification:_identify(Matlab_Analiz/custom_messages/msg_5) by extension 'python'
[0.326s] Level 1:colcon.colcon_core.package_identification:_identify(Matlab_Analiz/custom_messages/msg_5) by extensions ['python_setup_py']
[0.326s] Level 1:colcon.colcon_core.package_identification:_identify(Matlab_Analiz/custom_messages/msg_5) by extension 'python_setup_py'
[0.326s] Level 1:colcon.colcon_core.package_identification:_identify(Matlab_Analiz/custom_messages/msg_5/msg) by extensions ['ignore', 'ignore_ament_install']
[0.326s] Level 1:colcon.colcon_core.package_identification:_identify(Matlab_Analiz/custom_messages/msg_5/msg) by extension 'ignore'
[0.326s] Level 1:colcon.colcon_core.package_identification:_identify(Matlab_Analiz/custom_messages/msg_5/msg) by extension 'ignore_ament_install'
[0.326s] Level 1:colcon.colcon_core.package_identification:_identify(Matlab_Analiz/custom_messages/msg_5/msg) by extensions ['colcon_pkg']
[0.326s] Level 1:colcon.colcon_core.package_identification:_identify(Matlab_Analiz/custom_messages/msg_5/msg) by extension 'colcon_pkg'
[0.326s] Level 1:colcon.colcon_core.package_identification:_identify(Matlab_Analiz/custom_messages/msg_5/msg) by extensions ['colcon_meta']
[0.326s] Level 1:colcon.colcon_core.package_identification:_identify(Matlab_Analiz/custom_messages/msg_5/msg) by extension 'colcon_meta'
[0.327s] Level 1:colcon.colcon_core.package_identification:_identify(Matlab_Analiz/custom_messages/msg_5/msg) by extensions ['ros']
[0.327s] Level 1:colcon.colcon_core.package_identification:_identify(Matlab_Analiz/custom_messages/msg_5/msg) by extension 'ros'
[0.327s] Level 1:colcon.colcon_core.package_identification:_identify(Matlab_Analiz/custom_messages/msg_5/msg) by extensions ['cmake', 'python']
[0.327s] Level 1:colcon.colcon_core.package_identification:_identify(Matlab_Analiz/custom_messages/msg_5/msg) by extension 'cmake'
[0.327s] Level 1:colcon.colcon_core.package_identification:_identify(Matlab_Analiz/custom_messages/msg_5/msg) by extension 'python'
[0.327s] Level 1:colcon.colcon_core.package_identification:_identify(Matlab_Analiz/custom_messages/msg_5/msg) by extensions ['python_setup_py']
[0.327s] Level 1:colcon.colcon_core.package_identification:_identify(Matlab_Analiz/custom_messages/msg_5/msg) by extension 'python_setup_py'
[0.327s] Level 1:colcon.colcon_core.package_identification:_identify(Matlab_Analiz/custom_messages/msg_6) by extensions ['ignore', 'ignore_ament_install']
[0.327s] Level 1:colcon.colcon_core.package_identification:_identify(Matlab_Analiz/custom_messages/msg_6) by extension 'ignore'
[0.327s] Level 1:colcon.colcon_core.package_identification:_identify(Matlab_Analiz/custom_messages/msg_6) by extension 'ignore_ament_install'
[0.327s] Level 1:colcon.colcon_core.package_identification:_identify(Matlab_Analiz/custom_messages/msg_6) by extensions ['colcon_pkg']
[0.327s] Level 1:colcon.colcon_core.package_identification:_identify(Matlab_Analiz/custom_messages/msg_6) by extension 'colcon_pkg'
[0.327s] Level 1:colcon.colcon_core.package_identification:_identify(Matlab_Analiz/custom_messages/msg_6) by extensions ['colcon_meta']
[0.327s] Level 1:colcon.colcon_core.package_identification:_identify(Matlab_Analiz/custom_messages/msg_6) by extension 'colcon_meta'
[0.327s] Level 1:colcon.colcon_core.package_identification:_identify(Matlab_Analiz/custom_messages/msg_6) by extensions ['ros']
[0.327s] Level 1:colcon.colcon_core.package_identification:_identify(Matlab_Analiz/custom_messages/msg_6) by extension 'ros'
[0.327s] Level 1:colcon.colcon_core.package_identification:_identify(Matlab_Analiz/custom_messages/msg_6) by extensions ['cmake', 'python']
[0.328s] Level 1:colcon.colcon_core.package_identification:_identify(Matlab_Analiz/custom_messages/msg_6) by extension 'cmake'
[0.328s] Level 1:colcon.colcon_core.package_identification:_identify(Matlab_Analiz/custom_messages/msg_6) by extension 'python'
[0.328s] Level 1:colcon.colcon_core.package_identification:_identify(Matlab_Analiz/custom_messages/msg_6) by extensions ['python_setup_py']
[0.328s] Level 1:colcon.colcon_core.package_identification:_identify(Matlab_Analiz/custom_messages/msg_6) by extension 'python_setup_py'
[0.328s] Level 1:colcon.colcon_core.package_identification:_identify(Matlab_Analiz/custom_messages/msg_6/msg) by extensions ['ignore', 'ignore_ament_install']
[0.328s] Level 1:colcon.colcon_core.package_identification:_identify(Matlab_Analiz/custom_messages/msg_6/msg) by extension 'ignore'
[0.328s] Level 1:colcon.colcon_core.package_identification:_identify(Matlab_Analiz/custom_messages/msg_6/msg) by extension 'ignore_ament_install'
[0.328s] Level 1:colcon.colcon_core.package_identification:_identify(Matlab_Analiz/custom_messages/msg_6/msg) by extensions ['colcon_pkg']
[0.328s] Level 1:colcon.colcon_core.package_identification:_identify(Matlab_Analiz/custom_messages/msg_6/msg) by extension 'colcon_pkg'
[0.328s] Level 1:colcon.colcon_core.package_identification:_identify(Matlab_Analiz/custom_messages/msg_6/msg) by extensions ['colcon_meta']
[0.328s] Level 1:colcon.colcon_core.package_identification:_identify(Matlab_Analiz/custom_messages/msg_6/msg) by extension 'colcon_meta'
[0.328s] Level 1:colcon.colcon_core.package_identification:_identify(Matlab_Analiz/custom_messages/msg_6/msg) by extensions ['ros']
[0.328s] Level 1:colcon.colcon_core.package_identification:_identify(Matlab_Analiz/custom_messages/msg_6/msg) by extension 'ros'
[0.328s] Level 1:colcon.colcon_core.package_identification:_identify(Matlab_Analiz/custom_messages/msg_6/msg) by extensions ['cmake', 'python']
[0.328s] Level 1:colcon.colcon_core.package_identification:_identify(Matlab_Analiz/custom_messages/msg_6/msg) by extension 'cmake'
[0.329s] Level 1:colcon.colcon_core.package_identification:_identify(Matlab_Analiz/custom_messages/msg_6/msg) by extension 'python'
[0.329s] Level 1:colcon.colcon_core.package_identification:_identify(Matlab_Analiz/custom_messages/msg_6/msg) by extensions ['python_setup_py']
[0.329s] Level 1:colcon.colcon_core.package_identification:_identify(Matlab_Analiz/custom_messages/msg_6/msg) by extension 'python_setup_py'
[0.329s] Level 1:colcon.colcon_core.package_identification:_identify(Matlab_Analiz/custom_messages/msg_7) by extensions ['ignore', 'ignore_ament_install']
[0.329s] Level 1:colcon.colcon_core.package_identification:_identify(Matlab_Analiz/custom_messages/msg_7) by extension 'ignore'
[0.329s] Level 1:colcon.colcon_core.package_identification:_identify(Matlab_Analiz/custom_messages/msg_7) by extension 'ignore_ament_install'
[0.329s] Level 1:colcon.colcon_core.package_identification:_identify(Matlab_Analiz/custom_messages/msg_7) by extensions ['colcon_pkg']
[0.329s] Level 1:colcon.colcon_core.package_identification:_identify(Matlab_Analiz/custom_messages/msg_7) by extension 'colcon_pkg'
[0.329s] Level 1:colcon.colcon_core.package_identification:_identify(Matlab_Analiz/custom_messages/msg_7) by extensions ['colcon_meta']
[0.329s] Level 1:colcon.colcon_core.package_identification:_identify(Matlab_Analiz/custom_messages/msg_7) by extension 'colcon_meta'
[0.329s] Level 1:colcon.colcon_core.package_identification:_identify(Matlab_Analiz/custom_messages/msg_7) by extensions ['ros']
[0.329s] Level 1:colcon.colcon_core.package_identification:_identify(Matlab_Analiz/custom_messages/msg_7) by extension 'ros'
[0.329s] Level 1:colcon.colcon_core.package_identification:_identify(Matlab_Analiz/custom_messages/msg_7) by extensions ['cmake', 'python']
[0.329s] Level 1:colcon.colcon_core.package_identification:_identify(Matlab_Analiz/custom_messages/msg_7) by extension 'cmake'
[0.329s] Level 1:colcon.colcon_core.package_identification:_identify(Matlab_Analiz/custom_messages/msg_7) by extension 'python'
[0.329s] Level 1:colcon.colcon_core.package_identification:_identify(Matlab_Analiz/custom_messages/msg_7) by extensions ['python_setup_py']
[0.329s] Level 1:colcon.colcon_core.package_identification:_identify(Matlab_Analiz/custom_messages/msg_7) by extension 'python_setup_py'
[0.329s] Level 1:colcon.colcon_core.package_identification:_identify(Matlab_Analiz/custom_messages/msg_7/msg) by extensions ['ignore', 'ignore_ament_install']
[0.329s] Level 1:colcon.colcon_core.package_identification:_identify(Matlab_Analiz/custom_messages/msg_7/msg) by extension 'ignore'
[0.329s] Level 1:colcon.colcon_core.package_identification:_identify(Matlab_Analiz/custom_messages/msg_7/msg) by extension 'ignore_ament_install'
[0.329s] Level 1:colcon.colcon_core.package_identification:_identify(Matlab_Analiz/custom_messages/msg_7/msg) by extensions ['colcon_pkg']
[0.329s] Level 1:colcon.colcon_core.package_identification:_identify(Matlab_Analiz/custom_messages/msg_7/msg) by extension 'colcon_pkg'
[0.329s] Level 1:colcon.colcon_core.package_identification:_identify(Matlab_Analiz/custom_messages/msg_7/msg) by extensions ['colcon_meta']
[0.330s] Level 1:colcon.colcon_core.package_identification:_identify(Matlab_Analiz/custom_messages/msg_7/msg) by extension 'colcon_meta'
[0.330s] Level 1:colcon.colcon_core.package_identification:_identify(Matlab_Analiz/custom_messages/msg_7/msg) by extensions ['ros']
[0.330s] Level 1:colcon.colcon_core.package_identification:_identify(Matlab_Analiz/custom_messages/msg_7/msg) by extension 'ros'
[0.330s] Level 1:colcon.colcon_core.package_identification:_identify(Matlab_Analiz/custom_messages/msg_7/msg) by extensions ['cmake', 'python']
[0.330s] Level 1:colcon.colcon_core.package_identification:_identify(Matlab_Analiz/custom_messages/msg_7/msg) by extension 'cmake'
[0.330s] Level 1:colcon.colcon_core.package_identification:_identify(Matlab_Analiz/custom_messages/msg_7/msg) by extension 'python'
[0.330s] Level 1:colcon.colcon_core.package_identification:_identify(Matlab_Analiz/custom_messages/msg_7/msg) by extensions ['python_setup_py']
[0.330s] Level 1:colcon.colcon_core.package_identification:_identify(Matlab_Analiz/custom_messages/msg_7/msg) by extension 'python_setup_py'
[0.330s] Level 1:colcon.colcon_core.package_identification:_identify(Matlab_Analiz/custom_messages/msg_8) by extensions ['ignore', 'ignore_ament_install']
[0.330s] Level 1:colcon.colcon_core.package_identification:_identify(Matlab_Analiz/custom_messages/msg_8) by extension 'ignore'
[0.330s] Level 1:colcon.colcon_core.package_identification:_identify(Matlab_Analiz/custom_messages/msg_8) by extension 'ignore_ament_install'
[0.330s] Level 1:colcon.colcon_core.package_identification:_identify(Matlab_Analiz/custom_messages/msg_8) by extensions ['colcon_pkg']
[0.330s] Level 1:colcon.colcon_core.package_identification:_identify(Matlab_Analiz/custom_messages/msg_8) by extension 'colcon_pkg'
[0.330s] Level 1:colcon.colcon_core.package_identification:_identify(Matlab_Analiz/custom_messages/msg_8) by extensions ['colcon_meta']
[0.330s] Level 1:colcon.colcon_core.package_identification:_identify(Matlab_Analiz/custom_messages/msg_8) by extension 'colcon_meta'
[0.330s] Level 1:colcon.colcon_core.package_identification:_identify(Matlab_Analiz/custom_messages/msg_8) by extensions ['ros']
[0.330s] Level 1:colcon.colcon_core.package_identification:_identify(Matlab_Analiz/custom_messages/msg_8) by extension 'ros'
[0.330s] Level 1:colcon.colcon_core.package_identification:_identify(Matlab_Analiz/custom_messages/msg_8) by extensions ['cmake', 'python']
[0.330s] Level 1:colcon.colcon_core.package_identification:_identify(Matlab_Analiz/custom_messages/msg_8) by extension 'cmake'
[0.330s] Level 1:colcon.colcon_core.package_identification:_identify(Matlab_Analiz/custom_messages/msg_8) by extension 'python'
[0.331s] Level 1:colcon.colcon_core.package_identification:_identify(Matlab_Analiz/custom_messages/msg_8) by extensions ['python_setup_py']
[0.331s] Level 1:colcon.colcon_core.package_identification:_identify(Matlab_Analiz/custom_messages/msg_8) by extension 'python_setup_py'
[0.331s] Level 1:colcon.colcon_core.package_identification:_identify(Matlab_Analiz/custom_messages/msg_8/msg) by extensions ['ignore', 'ignore_ament_install']
[0.331s] Level 1:colcon.colcon_core.package_identification:_identify(Matlab_Analiz/custom_messages/msg_8/msg) by extension 'ignore'
[0.331s] Level 1:colcon.colcon_core.package_identification:_identify(Matlab_Analiz/custom_messages/msg_8/msg) by extension 'ignore_ament_install'
[0.331s] Level 1:colcon.colcon_core.package_identification:_identify(Matlab_Analiz/custom_messages/msg_8/msg) by extensions ['colcon_pkg']
[0.331s] Level 1:colcon.colcon_core.package_identification:_identify(Matlab_Analiz/custom_messages/msg_8/msg) by extension 'colcon_pkg'
[0.331s] Level 1:colcon.colcon_core.package_identification:_identify(Matlab_Analiz/custom_messages/msg_8/msg) by extensions ['colcon_meta']
[0.331s] Level 1:colcon.colcon_core.package_identification:_identify(Matlab_Analiz/custom_messages/msg_8/msg) by extension 'colcon_meta'
[0.331s] Level 1:colcon.colcon_core.package_identification:_identify(Matlab_Analiz/custom_messages/msg_8/msg) by extensions ['ros']
[0.331s] Level 1:colcon.colcon_core.package_identification:_identify(Matlab_Analiz/custom_messages/msg_8/msg) by extension 'ros'
[0.331s] Level 1:colcon.colcon_core.package_identification:_identify(Matlab_Analiz/custom_messages/msg_8/msg) by extensions ['cmake', 'python']
[0.331s] Level 1:colcon.colcon_core.package_identification:_identify(Matlab_Analiz/custom_messages/msg_8/msg) by extension 'cmake'
[0.331s] Level 1:colcon.colcon_core.package_identification:_identify(Matlab_Analiz/custom_messages/msg_8/msg) by extension 'python'
[0.331s] Level 1:colcon.colcon_core.package_identification:_identify(Matlab_Analiz/custom_messages/msg_8/msg) by extensions ['python_setup_py']
[0.331s] Level 1:colcon.colcon_core.package_identification:_identify(Matlab_Analiz/custom_messages/msg_8/msg) by extension 'python_setup_py'
[0.332s] Level 1:colcon.colcon_core.package_identification:_identify(Matlab_Analiz/custom_messages/msg_9) by extensions ['ignore', 'ignore_ament_install']
[0.332s] Level 1:colcon.colcon_core.package_identification:_identify(Matlab_Analiz/custom_messages/msg_9) by extension 'ignore'
[0.332s] Level 1:colcon.colcon_core.package_identification:_identify(Matlab_Analiz/custom_messages/msg_9) by extension 'ignore_ament_install'
[0.332s] Level 1:colcon.colcon_core.package_identification:_identify(Matlab_Analiz/custom_messages/msg_9) by extensions ['colcon_pkg']
[0.332s] Level 1:colcon.colcon_core.package_identification:_identify(Matlab_Analiz/custom_messages/msg_9) by extension 'colcon_pkg'
[0.332s] Level 1:colcon.colcon_core.package_identification:_identify(Matlab_Analiz/custom_messages/msg_9) by extensions ['colcon_meta']
[0.332s] Level 1:colcon.colcon_core.package_identification:_identify(Matlab_Analiz/custom_messages/msg_9) by extension 'colcon_meta'
[0.332s] Level 1:colcon.colcon_core.package_identification:_identify(Matlab_Analiz/custom_messages/msg_9) by extensions ['ros']
[0.332s] Level 1:colcon.colcon_core.package_identification:_identify(Matlab_Analiz/custom_messages/msg_9) by extension 'ros'
[0.332s] Level 1:colcon.colcon_core.package_identification:_identify(Matlab_Analiz/custom_messages/msg_9) by extensions ['cmake', 'python']
[0.332s] Level 1:colcon.colcon_core.package_identification:_identify(Matlab_Analiz/custom_messages/msg_9) by extension 'cmake'
[0.332s] Level 1:colcon.colcon_core.package_identification:_identify(Matlab_Analiz/custom_messages/msg_9) by extension 'python'
[0.332s] Level 1:colcon.colcon_core.package_identification:_identify(Matlab_Analiz/custom_messages/msg_9) by extensions ['python_setup_py']
[0.332s] Level 1:colcon.colcon_core.package_identification:_identify(Matlab_Analiz/custom_messages/msg_9) by extension 'python_setup_py'
[0.332s] Level 1:colcon.colcon_core.package_identification:_identify(Matlab_Analiz/custom_messages/msg_9/msg) by extensions ['ignore', 'ignore_ament_install']
[0.333s] Level 1:colcon.colcon_core.package_identification:_identify(Matlab_Analiz/custom_messages/msg_9/msg) by extension 'ignore'
[0.333s] Level 1:colcon.colcon_core.package_identification:_identify(Matlab_Analiz/custom_messages/msg_9/msg) by extension 'ignore_ament_install'
[0.333s] Level 1:colcon.colcon_core.package_identification:_identify(Matlab_Analiz/custom_messages/msg_9/msg) by extensions ['colcon_pkg']
[0.333s] Level 1:colcon.colcon_core.package_identification:_identify(Matlab_Analiz/custom_messages/msg_9/msg) by extension 'colcon_pkg'
[0.333s] Level 1:colcon.colcon_core.package_identification:_identify(Matlab_Analiz/custom_messages/msg_9/msg) by extensions ['colcon_meta']
[0.333s] Level 1:colcon.colcon_core.package_identification:_identify(Matlab_Analiz/custom_messages/msg_9/msg) by extension 'colcon_meta'
[0.333s] Level 1:colcon.colcon_core.package_identification:_identify(Matlab_Analiz/custom_messages/msg_9/msg) by extensions ['ros']
[0.333s] Level 1:colcon.colcon_core.package_identification:_identify(Matlab_Analiz/custom_messages/msg_9/msg) by extension 'ros'
[0.333s] Level 1:colcon.colcon_core.package_identification:_identify(Matlab_Analiz/custom_messages/msg_9/msg) by extensions ['cmake', 'python']
[0.333s] Level 1:colcon.colcon_core.package_identification:_identify(Matlab_Analiz/custom_messages/msg_9/msg) by extension 'cmake'
[0.333s] Level 1:colcon.colcon_core.package_identification:_identify(Matlab_Analiz/custom_messages/msg_9/msg) by extension 'python'
[0.333s] Level 1:colcon.colcon_core.package_identification:_identify(Matlab_Analiz/custom_messages/msg_9/msg) by extensions ['python_setup_py']
[0.333s] Level 1:colcon.colcon_core.package_identification:_identify(Matlab_Analiz/custom_messages/msg_9/msg) by extension 'python_setup_py'
[0.333s] Level 1:colcon.colcon_core.package_identification:_identify(Matlab_Analiz/matlab_msg_gen) by extensions ['ignore', 'ignore_ament_install']
[0.333s] Level 1:colcon.colcon_core.package_identification:_identify(Matlab_Analiz/matlab_msg_gen) by extension 'ignore'
[0.333s] Level 1:colcon.colcon_core.package_identification:_identify(Matlab_Analiz/matlab_msg_gen) ignored
[0.333s] Level 1:colcon.colcon_core.package_identification:_identify(build) by extensions ['ignore', 'ignore_ament_install']
[0.333s] Level 1:colcon.colcon_core.package_identification:_identify(build) by extension 'ignore'
[0.333s] Level 1:colcon.colcon_core.package_identification:_identify(build) ignored
[0.333s] Level 1:colcon.colcon_core.package_identification:_identify(images) by extensions ['ignore', 'ignore_ament_install']
[0.334s] Level 1:colcon.colcon_core.package_identification:_identify(images) by extension 'ignore'
[0.334s] Level 1:colcon.colcon_core.package_identification:_identify(images) by extension 'ignore_ament_install'
[0.334s] Level 1:colcon.colcon_core.package_identification:_identify(images) by extensions ['colcon_pkg']
[0.334s] Level 1:colcon.colcon_core.package_identification:_identify(images) by extension 'colcon_pkg'
[0.334s] Level 1:colcon.colcon_core.package_identification:_identify(images) by extensions ['colcon_meta']
[0.334s] Level 1:colcon.colcon_core.package_identification:_identify(images) by extension 'colcon_meta'
[0.334s] Level 1:colcon.colcon_core.package_identification:_identify(images) by extensions ['ros']
[0.334s] Level 1:colcon.colcon_core.package_identification:_identify(images) by extension 'ros'
[0.334s] Level 1:colcon.colcon_core.package_identification:_identify(images) by extensions ['cmake', 'python']
[0.334s] Level 1:colcon.colcon_core.package_identification:_identify(images) by extension 'cmake'
[0.334s] Level 1:colcon.colcon_core.package_identification:_identify(images) by extension 'python'
[0.334s] Level 1:colcon.colcon_core.package_identification:_identify(images) by extensions ['python_setup_py']
[0.334s] Level 1:colcon.colcon_core.package_identification:_identify(images) by extension 'python_setup_py'
[0.334s] Level 1:colcon.colcon_core.package_identification:_identify(imu_data_only) by extensions ['ignore', 'ignore_ament_install']
[0.334s] Level 1:colcon.colcon_core.package_identification:_identify(imu_data_only) by extension 'ignore'
[0.334s] Level 1:colcon.colcon_core.package_identification:_identify(imu_data_only) by extension 'ignore_ament_install'
[0.334s] Level 1:colcon.colcon_core.package_identification:_identify(imu_data_only) by extensions ['colcon_pkg']
[0.334s] Level 1:colcon.colcon_core.package_identification:_identify(imu_data_only) by extension 'colcon_pkg'
[0.334s] Level 1:colcon.colcon_core.package_identification:_identify(imu_data_only) by extensions ['colcon_meta']
[0.334s] Level 1:colcon.colcon_core.package_identification:_identify(imu_data_only) by extension 'colcon_meta'
[0.335s] Level 1:colcon.colcon_core.package_identification:_identify(imu_data_only) by extensions ['ros']
[0.335s] Level 1:colcon.colcon_core.package_identification:_identify(imu_data_only) by extension 'ros'
[0.335s] Level 1:colcon.colcon_core.package_identification:_identify(imu_data_only) by extensions ['cmake', 'python']
[0.335s] Level 1:colcon.colcon_core.package_identification:_identify(imu_data_only) by extension 'cmake'
[0.335s] Level 1:colcon.colcon_core.package_identification:_identify(imu_data_only) by extension 'python'
[0.335s] Level 1:colcon.colcon_core.package_identification:_identify(imu_data_only) by extensions ['python_setup_py']
[0.335s] Level 1:colcon.colcon_core.package_identification:_identify(imu_data_only) by extension 'python_setup_py'
[0.335s] Level 1:colcon.colcon_core.package_identification:_identify(imu_strap_data_only) by extensions ['ignore', 'ignore_ament_install']
[0.335s] Level 1:colcon.colcon_core.package_identification:_identify(imu_strap_data_only) by extension 'ignore'
[0.335s] Level 1:colcon.colcon_core.package_identification:_identify(imu_strap_data_only) by extension 'ignore_ament_install'
[0.335s] Level 1:colcon.colcon_core.package_identification:_identify(imu_strap_data_only) by extensions ['colcon_pkg']
[0.335s] Level 1:colcon.colcon_core.package_identification:_identify(imu_strap_data_only) by extension 'colcon_pkg'
[0.335s] Level 1:colcon.colcon_core.package_identification:_identify(imu_strap_data_only) by extensions ['colcon_meta']
[0.335s] Level 1:colcon.colcon_core.package_identification:_identify(imu_strap_data_only) by extension 'colcon_meta'
[0.335s] Level 1:colcon.colcon_core.package_identification:_identify(imu_strap_data_only) by extensions ['ros']
[0.335s] Level 1:colcon.colcon_core.package_identification:_identify(imu_strap_data_only) by extension 'ros'
[0.335s] Level 1:colcon.colcon_core.package_identification:_identify(imu_strap_data_only) by extensions ['cmake', 'python']
[0.336s] Level 1:colcon.colcon_core.package_identification:_identify(imu_strap_data_only) by extension 'cmake'
[0.336s] Level 1:colcon.colcon_core.package_identification:_identify(imu_strap_data_only) by extension 'python'
[0.336s] Level 1:colcon.colcon_core.package_identification:_identify(imu_strap_data_only) by extensions ['python_setup_py']
[0.336s] Level 1:colcon.colcon_core.package_identification:_identify(imu_strap_data_only) by extension 'python_setup_py'
[0.336s] Level 1:colcon.colcon_core.package_identification:_identify(install) by extensions ['ignore', 'ignore_ament_install']
[0.336s] Level 1:colcon.colcon_core.package_identification:_identify(install) by extension 'ignore'
[0.336s] Level 1:colcon.colcon_core.package_identification:_identify(install) ignored
[0.336s] Level 1:colcon.colcon_core.package_identification:_identify(log) by extensions ['ignore', 'ignore_ament_install']
[0.336s] Level 1:colcon.colcon_core.package_identification:_identify(log) by extension 'ignore'
[0.336s] Level 1:colcon.colcon_core.package_identification:_identify(log) ignored
[0.336s] Level 1:colcon.colcon_core.package_identification:_identify(src) by extensions ['ignore', 'ignore_ament_install']
[0.336s] Level 1:colcon.colcon_core.package_identification:_identify(src) by extension 'ignore'
[0.336s] Level 1:colcon.colcon_core.package_identification:_identify(src) by extension 'ignore_ament_install'
[0.336s] Level 1:colcon.colcon_core.package_identification:_identify(src) by extensions ['colcon_pkg']
[0.336s] Level 1:colcon.colcon_core.package_identification:_identify(src) by extension 'colcon_pkg'
[0.336s] Level 1:colcon.colcon_core.package_identification:_identify(src) by extensions ['colcon_meta']
[0.337s] Level 1:colcon.colcon_core.package_identification:_identify(src) by extension 'colcon_meta'
[0.337s] Level 1:colcon.colcon_core.package_identification:_identify(src) by extensions ['ros']
[0.337s] Level 1:colcon.colcon_core.package_identification:_identify(src) by extension 'ros'
[0.337s] Level 1:colcon.colcon_core.package_identification:_identify(src) by extensions ['cmake', 'python']
[0.337s] Level 1:colcon.colcon_core.package_identification:_identify(src) by extension 'cmake'
[0.337s] Level 1:colcon.colcon_core.package_identification:_identify(src) by extension 'python'
[0.337s] Level 1:colcon.colcon_core.package_identification:_identify(src) by extensions ['python_setup_py']
[0.337s] Level 1:colcon.colcon_core.package_identification:_identify(src) by extension 'python_setup_py'
[0.337s] Level 1:colcon.colcon_core.package_identification:_identify(src/ht_nav_variables) by extensions ['ignore', 'ignore_ament_install']
[0.337s] Level 1:colcon.colcon_core.package_identification:_identify(src/ht_nav_variables) by extension 'ignore'
[0.337s] Level 1:colcon.colcon_core.package_identification:_identify(src/ht_nav_variables) by extension 'ignore_ament_install'
[0.337s] Level 1:colcon.colcon_core.package_identification:_identify(src/ht_nav_variables) by extensions ['colcon_pkg']
[0.337s] Level 1:colcon.colcon_core.package_identification:_identify(src/ht_nav_variables) by extension 'colcon_pkg'
[0.337s] Level 1:colcon.colcon_core.package_identification:_identify(src/ht_nav_variables) by extensions ['colcon_meta']
[0.337s] Level 1:colcon.colcon_core.package_identification:_identify(src/ht_nav_variables) by extension 'colcon_meta'
[0.337s] Level 1:colcon.colcon_core.package_identification:_identify(src/ht_nav_variables) by extensions ['ros']
[0.337s] Level 1:colcon.colcon_core.package_identification:_identify(src/ht_nav_variables) by extension 'ros'
[0.339s] DEBUG:colcon.colcon_core.package_identification:Package 'src/ht_nav_variables' with type 'ros.ament_cmake' and name 'ht_nav_variables'
[0.340s] Level 1:colcon.colcon_core.package_identification:_identify(src/ht_strap_package) by extensions ['ignore', 'ignore_ament_install']
[0.340s] Level 1:colcon.colcon_core.package_identification:_identify(src/ht_strap_package) by extension 'ignore'
[0.340s] Level 1:colcon.colcon_core.package_identification:_identify(src/ht_strap_package) by extension 'ignore_ament_install'
[0.340s] Level 1:colcon.colcon_core.package_identification:_identify(src/ht_strap_package) by extensions ['colcon_pkg']
[0.340s] Level 1:colcon.colcon_core.package_identification:_identify(src/ht_strap_package) by extension 'colcon_pkg'
[0.340s] Level 1:colcon.colcon_core.package_identification:_identify(src/ht_strap_package) by extensions ['colcon_meta']
[0.340s] Level 1:colcon.colcon_core.package_identification:_identify(src/ht_strap_package) by extension 'colcon_meta'
[0.340s] Level 1:colcon.colcon_core.package_identification:_identify(src/ht_strap_package) by extensions ['ros']
[0.340s] Level 1:colcon.colcon_core.package_identification:_identify(src/ht_strap_package) by extension 'ros'
[0.341s] DEBUG:colcon.colcon_core.package_identification:Package 'src/ht_strap_package' with type 'ros.ament_python' and name 'ht_strap_package'
[0.341s] Level 1:colcon.colcon_core.package_identification:_identify(veri_gazebo) by extensions ['ignore', 'ignore_ament_install']
[0.341s] Level 1:colcon.colcon_core.package_identification:_identify(veri_gazebo) by extension 'ignore'
[0.341s] Level 1:colcon.colcon_core.package_identification:_identify(veri_gazebo) by extension 'ignore_ament_install'
[0.341s] Level 1:colcon.colcon_core.package_identification:_identify(veri_gazebo) by extensions ['colcon_pkg']
[0.341s] Level 1:colcon.colcon_core.package_identification:_identify(veri_gazebo) by extension 'colcon_pkg'
[0.341s] Level 1:colcon.colcon_core.package_identification:_identify(veri_gazebo) by extensions ['colcon_meta']
[0.341s] Level 1:colcon.colcon_core.package_identification:_identify(veri_gazebo) by extension 'colcon_meta'
[0.341s] Level 1:colcon.colcon_core.package_identification:_identify(veri_gazebo) by extensions ['ros']
[0.341s] Level 1:colcon.colcon_core.package_identification:_identify(veri_gazebo) by extension 'ros'
[0.341s] Level 1:colcon.colcon_core.package_identification:_identify(veri_gazebo) by extensions ['cmake', 'python']
[0.341s] Level 1:colcon.colcon_core.package_identification:_identify(veri_gazebo) by extension 'cmake'
[0.341s] Level 1:colcon.colcon_core.package_identification:_identify(veri_gazebo) by extension 'python'
[0.341s] Level 1:colcon.colcon_core.package_identification:_identify(veri_gazebo) by extensions ['python_setup_py']
[0.341s] Level 1:colcon.colcon_core.package_identification:_identify(veri_gazebo) by extension 'python_setup_py'
[0.341s] Level 1:colcon.colcon_core.package_identification:_identify(veri_gazebo/veri_1) by extensions ['ignore', 'ignore_ament_install']
[0.341s] Level 1:colcon.colcon_core.package_identification:_identify(veri_gazebo/veri_1) by extension 'ignore'
[0.341s] Level 1:colcon.colcon_core.package_identification:_identify(veri_gazebo/veri_1) by extension 'ignore_ament_install'
[0.341s] Level 1:colcon.colcon_core.package_identification:_identify(veri_gazebo/veri_1) by extensions ['colcon_pkg']
[0.341s] Level 1:colcon.colcon_core.package_identification:_identify(veri_gazebo/veri_1) by extension 'colcon_pkg'
[0.341s] Level 1:colcon.colcon_core.package_identification:_identify(veri_gazebo/veri_1) by extensions ['colcon_meta']
[0.342s] Level 1:colcon.colcon_core.package_identification:_identify(veri_gazebo/veri_1) by extension 'colcon_meta'
[0.342s] Level 1:colcon.colcon_core.package_identification:_identify(veri_gazebo/veri_1) by extensions ['ros']
[0.342s] Level 1:colcon.colcon_core.package_identification:_identify(veri_gazebo/veri_1) by extension 'ros'
[0.342s] Level 1:colcon.colcon_core.package_identification:_identify(veri_gazebo/veri_1) by extensions ['cmake', 'python']
[0.342s] Level 1:colcon.colcon_core.package_identification:_identify(veri_gazebo/veri_1) by extension 'cmake'
[0.342s] Level 1:colcon.colcon_core.package_identification:_identify(veri_gazebo/veri_1) by extension 'python'
[0.342s] Level 1:colcon.colcon_core.package_identification:_identify(veri_gazebo/veri_1) by extensions ['python_setup_py']
[0.342s] Level 1:colcon.colcon_core.package_identification:_identify(veri_gazebo/veri_1) by extension 'python_setup_py'
[0.342s] Level 1:colcon.colcon_core.package_identification:_identify(veri_gazebo/veri_2) by extensions ['ignore', 'ignore_ament_install']
[0.342s] Level 1:colcon.colcon_core.package_identification:_identify(veri_gazebo/veri_2) by extension 'ignore'
[0.342s] Level 1:colcon.colcon_core.package_identification:_identify(veri_gazebo/veri_2) by extension 'ignore_ament_install'
[0.342s] Level 1:colcon.colcon_core.package_identification:_identify(veri_gazebo/veri_2) by extensions ['colcon_pkg']
[0.342s] Level 1:colcon.colcon_core.package_identification:_identify(veri_gazebo/veri_2) by extension 'colcon_pkg'
[0.342s] Level 1:colcon.colcon_core.package_identification:_identify(veri_gazebo/veri_2) by extensions ['colcon_meta']
[0.342s] Level 1:colcon.colcon_core.package_identification:_identify(veri_gazebo/veri_2) by extension 'colcon_meta'
[0.342s] Level 1:colcon.colcon_core.package_identification:_identify(veri_gazebo/veri_2) by extensions ['ros']
[0.342s] Level 1:colcon.colcon_core.package_identification:_identify(veri_gazebo/veri_2) by extension 'ros'
[0.342s] Level 1:colcon.colcon_core.package_identification:_identify(veri_gazebo/veri_2) by extensions ['cmake', 'python']
[0.342s] Level 1:colcon.colcon_core.package_identification:_identify(veri_gazebo/veri_2) by extension 'cmake'
[0.342s] Level 1:colcon.colcon_core.package_identification:_identify(veri_gazebo/veri_2) by extension 'python'
[0.343s] Level 1:colcon.colcon_core.package_identification:_identify(veri_gazebo/veri_2) by extensions ['python_setup_py']
[0.343s] Level 1:colcon.colcon_core.package_identification:_identify(veri_gazebo/veri_2) by extension 'python_setup_py'
[0.343s] Level 1:colcon.colcon_core.package_identification:_identify(worlds) by extensions ['ignore', 'ignore_ament_install']
[0.343s] Level 1:colcon.colcon_core.package_identification:_identify(worlds) by extension 'ignore'
[0.343s] Level 1:colcon.colcon_core.package_identification:_identify(worlds) by extension 'ignore_ament_install'
[0.343s] Level 1:colcon.colcon_core.package_identification:_identify(worlds) by extensions ['colcon_pkg']
[0.343s] Level 1:colcon.colcon_core.package_identification:_identify(worlds) by extension 'colcon_pkg'
[0.343s] Level 1:colcon.colcon_core.package_identification:_identify(worlds) by extensions ['colcon_meta']
[0.343s] Level 1:colcon.colcon_core.package_identification:_identify(worlds) by extension 'colcon_meta'
[0.343s] Level 1:colcon.colcon_core.package_identification:_identify(worlds) by extensions ['ros']
[0.343s] Level 1:colcon.colcon_core.package_identification:_identify(worlds) by extension 'ros'
[0.343s] Level 1:colcon.colcon_core.package_identification:_identify(worlds) by extensions ['cmake', 'python']
[0.343s] Level 1:colcon.colcon_core.package_identification:_identify(worlds) by extension 'cmake'
[0.343s] Level 1:colcon.colcon_core.package_identification:_identify(worlds) by extension 'python'
[0.343s] Level 1:colcon.colcon_core.package_identification:_identify(worlds) by extensions ['python_setup_py']
[0.343s] Level 1:colcon.colcon_core.package_identification:_identify(worlds) by extension 'python_setup_py'
[0.343s] Level 1:colcon.colcon_core.package_discovery:discover_packages(recursive) using defaults
[0.344s] Level 1:colcon.colcon_core.package_discovery:discover_packages(ignore) discover
[0.344s] Level 1:colcon.colcon_core.package_discovery:discover_packages(ignore) using defaults
[0.344s] Level 1:colcon.colcon_core.package_discovery:discover_packages(path) discover
[0.344s] Level 1:colcon.colcon_core.package_discovery:discover_packages(path) using defaults
[0.360s] Level 5:colcon.colcon_core.verb:set package 'ht_nav_variables' build argument 'cmake_args' from command line to 'None'
[0.360s] Level 5:colcon.colcon_core.verb:set package 'ht_nav_variables' build argument 'cmake_target' from command line to 'None'
[0.360s] Level 5:colcon.colcon_core.verb:set package 'ht_nav_variables' build argument 'cmake_target_skip_unavailable' from command line to 'False'
[0.360s] Level 5:colcon.colcon_core.verb:set package 'ht_nav_variables' build argument 'cmake_clean_cache' from command line to 'False'
[0.360s] Level 5:colcon.colcon_core.verb:set package 'ht_nav_variables' build argument 'cmake_clean_first' from command line to 'False'
[0.360s] Level 5:colcon.colcon_core.verb:set package 'ht_nav_variables' build argument 'cmake_force_configure' from command line to 'False'
[0.360s] Level 5:colcon.colcon_core.verb:set package 'ht_nav_variables' build argument 'ament_cmake_args' from command line to 'None'
[0.360s] Level 5:colcon.colcon_core.verb:set package 'ht_nav_variables' build argument 'catkin_cmake_args' from command line to 'None'
[0.360s] Level 5:colcon.colcon_core.verb:set package 'ht_nav_variables' build argument 'catkin_skip_building_tests' from command line to 'False'
[0.360s] DEBUG:colcon.colcon_core.verb:Building package 'ht_nav_variables' with the following arguments: {'ament_cmake_args': None, 'build_base': '/home/temurtas/INS-GPS-ROS2/build/ht_nav_variables', 'catkin_cmake_args': None, 'catkin_skip_building_tests': False, 'cmake_args': None, 'cmake_clean_cache': False, 'cmake_clean_first': False, 'cmake_force_configure': False, 'cmake_target': None, 'cmake_target_skip_unavailable': False, 'install_base': '/home/temurtas/INS-GPS-ROS2/install/ht_nav_variables', 'merge_install': False, 'path': '/home/temurtas/INS-GPS-ROS2/src/ht_nav_variables', 'symlink_install': False, 'test_result_base': None}
[0.363s] Level 5:colcon.colcon_core.verb:set package 'ht_strap_package' build argument 'cmake_args' from command line to 'None'
[0.363s] Level 5:colcon.colcon_core.verb:set package 'ht_strap_package' build argument 'cmake_target' from command line to 'None'
[0.363s] Level 5:colcon.colcon_core.verb:set package 'ht_strap_package' build argument 'cmake_target_skip_unavailable' from command line to 'False'
[0.363s] Level 5:colcon.colcon_core.verb:set package 'ht_strap_package' build argument 'cmake_clean_cache' from command line to 'False'
[0.363s] Level 5:colcon.colcon_core.verb:set package 'ht_strap_package' build argument 'cmake_clean_first' from command line to 'False'
[0.363s] Level 5:colcon.colcon_core.verb:set package 'ht_strap_package' build argument 'cmake_force_configure' from command line to 'False'
[0.363s] Level 5:colcon.colcon_core.verb:set package 'ht_strap_package' build argument 'ament_cmake_args' from command line to 'None'
[0.363s] Level 5:colcon.colcon_core.verb:set package 'ht_strap_package' build argument 'catkin_cmake_args' from command line to 'None'
[0.363s] Level 5:colcon.colcon_core.verb:set package 'ht_strap_package' build argument 'catkin_skip_building_tests' from command line to 'False'
[0.363s] DEBUG:colcon.colcon_core.verb:Building package 'ht_strap_package' with the following arguments: {'ament_cmake_args': None, 'build_base': '/home/temurtas/INS-GPS-ROS2/build/ht_strap_package', 'catkin_cmake_args': None, 'catkin_skip_building_tests': False, 'cmake_args': None, 'cmake_clean_cache': False, 'cmake_clean_first': False, 'cmake_force_configure': False, 'cmake_target': None, 'cmake_target_skip_unavailable': False, 'install_base': '/home/temurtas/INS-GPS-ROS2/install/ht_strap_package', 'merge_install': False, 'path': '/home/temurtas/INS-GPS-ROS2/src/ht_strap_package', 'symlink_install': False, 'test_result_base': None}
[0.364s] INFO:colcon.colcon_core.executor:Executing jobs using 'parallel' executor
[0.367s] DEBUG:colcon.colcon_parallel_executor.executor.parallel:run_until_complete
[0.367s] INFO:colcon.colcon_ros.task.ament_cmake.build:Building ROS package in '/home/temurtas/INS-GPS-ROS2/src/ht_nav_variables' with build type 'ament_cmake'
[0.367s] INFO:colcon.colcon_cmake.task.cmake.build:Building CMake package in '/home/temurtas/INS-GPS-ROS2/src/ht_nav_variables'
[0.373s] INFO:colcon.colcon_core.plugin_system:Skipping extension 'colcon_core.shell.bat': Not used on non-Windows systems
[0.373s] INFO:colcon.colcon_core.shell:Skip shell extension 'powershell' for command environment: Not usable outside of PowerShell
[0.373s] DEBUG:colcon.colcon_core.shell:Skip shell extension 'dsv' for command environment
[0.377s] DEBUG:colcon.colcon_core.shell:Ignoring prefix path '/opt/ros/foxy'
[0.390s] DEBUG:colcon.colcon_core.event_handler.log_command:Invoking command in '/home/temurtas/INS-GPS-ROS2/build/ht_nav_variables': CMAKE_PREFIX_PATH=${CMAKE_PREFIX_PATH}:/home/temurtas/ws/install/opencv_tests:/opt/ros/foxy /usr/bin/cmake --build /home/temurtas/INS-GPS-ROS2/build/ht_nav_variables -- -j12 -l12
[0.724s] DEBUG:colcon.colcon_core.event_handler.log_command:Invoked command in '/home/temurtas/INS-GPS-ROS2/build/ht_nav_variables' returned '0': CMAKE_PREFIX_PATH=${CMAKE_PREFIX_PATH}:/home/temurtas/ws/install/opencv_tests:/opt/ros/foxy /usr/bin/cmake --build /home/temurtas/INS-GPS-ROS2/build/ht_nav_variables -- -j12 -l12
[1.015s] DEBUG:colcon.colcon_core.event_handler.log_command:Invoking command in '/home/temurtas/INS-GPS-ROS2/build/ht_nav_variables': CMAKE_PREFIX_PATH=${CMAKE_PREFIX_PATH}:/home/temurtas/ws/install/opencv_tests:/opt/ros/foxy /usr/bin/cmake --install /home/temurtas/INS-GPS-ROS2/build/ht_nav_variables
[1.092s] Level 1:colcon.colcon_core.environment:create_environment_scripts_only(ht_nav_variables)
[1.095s] DEBUG:colcon.colcon_core.event_handler.log_command:Invoked command in '/home/temurtas/INS-GPS-ROS2/build/ht_nav_variables' returned '0': CMAKE_PREFIX_PATH=${CMAKE_PREFIX_PATH}:/home/temurtas/ws/install/opencv_tests:/opt/ros/foxy /usr/bin/cmake --install /home/temurtas/INS-GPS-ROS2/build/ht_nav_variables
[1.097s] Level 1:colcon.colcon_core.environment:checking '/home/temurtas/INS-GPS-ROS2/install/ht_nav_variables' for CMake module files
[1.098s] Level 1:colcon.colcon_core.environment:checking '/home/temurtas/INS-GPS-ROS2/install/ht_nav_variables' for CMake config files
[1.098s] Level 1:colcon.colcon_core.shell:create_environment_hook('ht_nav_variables', 'cmake_prefix_path')
[1.099s] INFO:colcon.colcon_core.shell:Creating environment hook '/home/temurtas/INS-GPS-ROS2/install/ht_nav_variables/share/ht_nav_variables/hook/cmake_prefix_path.ps1'
[1.099s] INFO:colcon.colcon_core.shell:Creating environment descriptor '/home/temurtas/INS-GPS-ROS2/install/ht_nav_variables/share/ht_nav_variables/hook/cmake_prefix_path.dsv'
[1.100s] INFO:colcon.colcon_core.shell:Creating environment hook '/home/temurtas/INS-GPS-ROS2/install/ht_nav_variables/share/ht_nav_variables/hook/cmake_prefix_path.sh'
[1.101s] Level 1:colcon.colcon_core.environment:checking '/home/temurtas/INS-GPS-ROS2/install/ht_nav_variables/lib'
[1.101s] Level 1:colcon.colcon_core.shell:create_environment_hook('ht_nav_variables', 'ld_library_path_lib')
[1.102s] INFO:colcon.colcon_core.shell:Creating environment hook '/home/temurtas/INS-GPS-ROS2/install/ht_nav_variables/share/ht_nav_variables/hook/ld_library_path_lib.ps1'
[1.102s] INFO:colcon.colcon_core.shell:Creating environment descriptor '/home/temurtas/INS-GPS-ROS2/install/ht_nav_variables/share/ht_nav_variables/hook/ld_library_path_lib.dsv'
[1.103s] INFO:colcon.colcon_core.shell:Creating environment hook '/home/temurtas/INS-GPS-ROS2/install/ht_nav_variables/share/ht_nav_variables/hook/ld_library_path_lib.sh'
[1.103s] Level 1:colcon.colcon_core.environment:checking '/home/temurtas/INS-GPS-ROS2/install/ht_nav_variables/bin'
[1.103s] Level 1:colcon.colcon_core.environment:checking '/home/temurtas/INS-GPS-ROS2/install/ht_nav_variables/lib/pkgconfig/ht_nav_variables.pc'
[1.103s] Level 1:colcon.colcon_core.environment:checking '/home/temurtas/INS-GPS-ROS2/install/ht_nav_variables/lib/python3.8/site-packages'
[1.103s] Level 1:colcon.colcon_core.shell:create_environment_hook('ht_nav_variables', 'pythonpath')
[1.104s] INFO:colcon.colcon_core.shell:Creating environment hook '/home/temurtas/INS-GPS-ROS2/install/ht_nav_variables/share/ht_nav_variables/hook/pythonpath.ps1'
[1.104s] INFO:colcon.colcon_core.shell:Creating environment descriptor '/home/temurtas/INS-GPS-ROS2/install/ht_nav_variables/share/ht_nav_variables/hook/pythonpath.dsv'
[1.104s] INFO:colcon.colcon_core.shell:Creating environment hook '/home/temurtas/INS-GPS-ROS2/install/ht_nav_variables/share/ht_nav_variables/hook/pythonpath.sh'
[1.105s] INFO:colcon.colcon_core.shell:Creating package script '/home/temurtas/INS-GPS-ROS2/install/ht_nav_variables/share/ht_nav_variables/package.ps1'
[1.106s] INFO:colcon.colcon_core.shell:Creating package descriptor '/home/temurtas/INS-GPS-ROS2/install/ht_nav_variables/share/ht_nav_variables/package.dsv'
[1.107s] INFO:colcon.colcon_core.shell:Creating package script '/home/temurtas/INS-GPS-ROS2/install/ht_nav_variables/share/ht_nav_variables/package.sh'
[1.107s] INFO:colcon.colcon_core.shell:Creating package script '/home/temurtas/INS-GPS-ROS2/install/ht_nav_variables/share/ht_nav_variables/package.bash'
[1.108s] INFO:colcon.colcon_core.shell:Creating package script '/home/temurtas/INS-GPS-ROS2/install/ht_nav_variables/share/ht_nav_variables/package.zsh'
[1.109s] Level 1:colcon.colcon_core.environment:create_file_with_runtime_dependencies(/home/temurtas/INS-GPS-ROS2/install/ht_nav_variables/share/colcon-core/packages/ht_nav_variables)
[1.286s] Level 1:colcon.colcon_core.environment:create_environment_scripts_only(ht_nav_variables)
[1.288s] Level 1:colcon.colcon_core.environment:checking '/home/temurtas/INS-GPS-ROS2/install/ht_nav_variables' for CMake module files
[1.289s] Level 1:colcon.colcon_core.environment:checking '/home/temurtas/INS-GPS-ROS2/install/ht_nav_variables' for CMake config files
[1.290s] Level 1:colcon.colcon_core.shell:create_environment_hook('ht_nav_variables', 'cmake_prefix_path')
[1.291s] INFO:colcon.colcon_core.shell:Creating environment hook '/home/temurtas/INS-GPS-ROS2/install/ht_nav_variables/share/ht_nav_variables/hook/cmake_prefix_path.ps1'
[1.292s] INFO:colcon.colcon_core.shell:Creating environment descriptor '/home/temurtas/INS-GPS-ROS2/install/ht_nav_variables/share/ht_nav_variables/hook/cmake_prefix_path.dsv'
[1.293s] INFO:colcon.colcon_core.shell:Creating environment hook '/home/temurtas/INS-GPS-ROS2/install/ht_nav_variables/share/ht_nav_variables/hook/cmake_prefix_path.sh'
[1.294s] Level 1:colcon.colcon_core.environment:checking '/home/temurtas/INS-GPS-ROS2/install/ht_nav_variables/lib'
[1.294s] Level 1:colcon.colcon_core.shell:create_environment_hook('ht_nav_variables', 'ld_library_path_lib')
[1.295s] INFO:colcon.colcon_core.shell:Creating environment hook '/home/temurtas/INS-GPS-ROS2/install/ht_nav_variables/share/ht_nav_variables/hook/ld_library_path_lib.ps1'
[1.297s] INFO:colcon.colcon_core.shell:Creating environment descriptor '/home/temurtas/INS-GPS-ROS2/install/ht_nav_variables/share/ht_nav_variables/hook/ld_library_path_lib.dsv'
[1.298s] INFO:colcon.colcon_core.shell:Creating environment hook '/home/temurtas/INS-GPS-ROS2/install/ht_nav_variables/share/ht_nav_variables/hook/ld_library_path_lib.sh'
[1.299s] Level 1:colcon.colcon_core.environment:checking '/home/temurtas/INS-GPS-ROS2/install/ht_nav_variables/bin'
[1.299s] Level 1:colcon.colcon_core.environment:checking '/home/temurtas/INS-GPS-ROS2/install/ht_nav_variables/lib/pkgconfig/ht_nav_variables.pc'
[1.299s] Level 1:colcon.colcon_core.environment:checking '/home/temurtas/INS-GPS-ROS2/install/ht_nav_variables/lib/python3.8/site-packages'
[1.300s] Level 1:colcon.colcon_core.shell:create_environment_hook('ht_nav_variables', 'pythonpath')
[1.301s] INFO:colcon.colcon_core.shell:Creating environment hook '/home/temurtas/INS-GPS-ROS2/install/ht_nav_variables/share/ht_nav_variables/hook/pythonpath.ps1'
[1.301s] INFO:colcon.colcon_core.shell:Creating environment descriptor '/home/temurtas/INS-GPS-ROS2/install/ht_nav_variables/share/ht_nav_variables/hook/pythonpath.dsv'
[1.302s] INFO:colcon.colcon_core.shell:Creating environment hook '/home/temurtas/INS-GPS-ROS2/install/ht_nav_variables/share/ht_nav_variables/hook/pythonpath.sh'
[1.303s] INFO:colcon.colcon_core.shell:Creating package script '/home/temurtas/INS-GPS-ROS2/install/ht_nav_variables/share/ht_nav_variables/package.ps1'
[1.304s] INFO:colcon.colcon_core.shell:Creating package descriptor '/home/temurtas/INS-GPS-ROS2/install/ht_nav_variables/share/ht_nav_variables/package.dsv'
[1.304s] INFO:colcon.colcon_core.shell:Creating package script '/home/temurtas/INS-GPS-ROS2/install/ht_nav_variables/share/ht_nav_variables/package.sh'
[1.305s] INFO:colcon.colcon_core.shell:Creating package script '/home/temurtas/INS-GPS-ROS2/install/ht_nav_variables/share/ht_nav_variables/package.bash'
[1.306s] INFO:colcon.colcon_core.shell:Creating package script '/home/temurtas/INS-GPS-ROS2/install/ht_nav_variables/share/ht_nav_variables/package.zsh'
[1.306s] Level 1:colcon.colcon_core.environment:create_file_with_runtime_dependencies(/home/temurtas/INS-GPS-ROS2/install/ht_nav_variables/share/colcon-core/packages/ht_nav_variables)
[1.307s] INFO:colcon.colcon_ros.task.ament_python.build:Building ROS package in '/home/temurtas/INS-GPS-ROS2/src/ht_strap_package' with build type 'ament_python'
[1.307s] Level 1:colcon.colcon_core.shell:create_environment_hook('ht_strap_package', 'ament_prefix_path')
[1.308s] INFO:colcon.colcon_core.shell:Creating environment hook '/home/temurtas/INS-GPS-ROS2/install/ht_strap_package/share/ht_strap_package/hook/ament_prefix_path.ps1'
[1.309s] INFO:colcon.colcon_core.shell:Creating environment descriptor '/home/temurtas/INS-GPS-ROS2/install/ht_strap_package/share/ht_strap_package/hook/ament_prefix_path.dsv'
[1.310s] INFO:colcon.colcon_core.shell:Creating environment hook '/home/temurtas/INS-GPS-ROS2/install/ht_strap_package/share/ht_strap_package/hook/ament_prefix_path.sh'
[1.311s] INFO:colcon.colcon_core.shell:Skip shell extension 'powershell' for command environment: Not usable outside of PowerShell
[1.311s] DEBUG:colcon.colcon_core.shell:Skip shell extension 'dsv' for command environment
[1.314s] DEBUG:colcon.colcon_core.shell:Ignoring prefix path '/opt/ros/foxy'
[1.526s] INFO:colcon.colcon_core.task.python.build:Building Python package in '/home/temurtas/INS-GPS-ROS2/src/ht_strap_package'
[1.528s] INFO:colcon.colcon_core.shell:Skip shell extension 'powershell' for command environment: Not usable outside of PowerShell
[1.528s] DEBUG:colcon.colcon_core.shell:Skip shell extension 'dsv' for command environment
[1.533s] DEBUG:colcon.colcon_core.shell:Ignoring prefix path '/opt/ros/foxy'
[1.549s] DEBUG:colcon.colcon_core.event_handler.log_command:Invoking command in '/home/temurtas/INS-GPS-ROS2/src/ht_strap_package': AMENT_PREFIX_PATH=/home/temurtas/INS-GPS-ROS2/install/ht_nav_variables:${AMENT_PREFIX_PATH} CMAKE_PREFIX_PATH=/home/temurtas/INS-GPS-ROS2/install/ht_nav_variables:${CMAKE_PREFIX_PATH} LD_LIBRARY_PATH=/home/temurtas/INS-GPS-ROS2/install/ht_nav_variables/lib:${LD_LIBRARY_PATH} PYTHONPATH=/home/temurtas/INS-GPS-ROS2/install/ht_strap_package/lib/python3.8/site-packages:/home/temurtas/INS-GPS-ROS2/install/ht_nav_variables/lib/python3.8/site-packages:${PYTHONPATH} /usr/bin/python3 setup.py egg_info --egg-base ../../build/ht_strap_package build --build-base /home/temurtas/INS-GPS-ROS2/build/ht_strap_package/build install --prefix /home/temurtas/INS-GPS-ROS2/install/ht_strap_package --record /home/temurtas/INS-GPS-ROS2/build/ht_strap_package/install.log --single-version-externally-managed
[1.846s] Level 1:colcon.colcon_core.environment:checking '/home/temurtas/INS-GPS-ROS2/install/ht_strap_package' for CMake module files
[1.848s] DEBUG:colcon.colcon_core.event_handler.log_command:Invoked command in '/home/temurtas/INS-GPS-ROS2/src/ht_strap_package' returned '0': AMENT_PREFIX_PATH=/home/temurtas/INS-GPS-ROS2/install/ht_nav_variables:${AMENT_PREFIX_PATH} CMAKE_PREFIX_PATH=/home/temurtas/INS-GPS-ROS2/install/ht_nav_variables:${CMAKE_PREFIX_PATH} LD_LIBRARY_PATH=/home/temurtas/INS-GPS-ROS2/install/ht_nav_variables/lib:${LD_LIBRARY_PATH} PYTHONPATH=/home/temurtas/INS-GPS-ROS2/install/ht_strap_package/lib/python3.8/site-packages:/home/temurtas/INS-GPS-ROS2/install/ht_nav_variables/lib/python3.8/site-packages:${PYTHONPATH} /usr/bin/python3 setup.py egg_info --egg-base ../../build/ht_strap_package build --build-base /home/temurtas/INS-GPS-ROS2/build/ht_strap_package/build install --prefix /home/temurtas/INS-GPS-ROS2/install/ht_strap_package --record /home/temurtas/INS-GPS-ROS2/build/ht_strap_package/install.log --single-version-externally-managed
[1.849s] Level 1:colcon.colcon_core.environment:checking '/home/temurtas/INS-GPS-ROS2/install/ht_strap_package' for CMake config files
[1.851s] Level 1:colcon.colcon_core.environment:checking '/home/temurtas/INS-GPS-ROS2/install/ht_strap_package/lib'
[1.851s] Level 1:colcon.colcon_core.environment:checking '/home/temurtas/INS-GPS-ROS2/install/ht_strap_package/bin'
[1.851s] Level 1:colcon.colcon_core.environment:checking '/home/temurtas/INS-GPS-ROS2/install/ht_strap_package/lib/pkgconfig/ht_strap_package.pc'
[1.852s] Level 1:colcon.colcon_core.environment:checking '/home/temurtas/INS-GPS-ROS2/install/ht_strap_package/lib/python3.8/site-packages'
[1.852s] Level 1:colcon.colcon_core.shell:create_environment_hook('ht_strap_package', 'pythonpath')
[1.853s] INFO:colcon.colcon_core.shell:Creating environment hook '/home/temurtas/INS-GPS-ROS2/install/ht_strap_package/share/ht_strap_package/hook/pythonpath.ps1'
[1.855s] INFO:colcon.colcon_core.shell:Creating environment descriptor '/home/temurtas/INS-GPS-ROS2/install/ht_strap_package/share/ht_strap_package/hook/pythonpath.dsv'
[1.855s] INFO:colcon.colcon_core.shell:Creating environment hook '/home/temurtas/INS-GPS-ROS2/install/ht_strap_package/share/ht_strap_package/hook/pythonpath.sh'
[1.856s] Level 1:colcon.colcon_core.environment:create_environment_scripts_only(ht_strap_package)
[1.858s] INFO:colcon.colcon_core.shell:Creating package script '/home/temurtas/INS-GPS-ROS2/install/ht_strap_package/share/ht_strap_package/package.ps1'
[1.859s] INFO:colcon.colcon_core.shell:Creating package descriptor '/home/temurtas/INS-GPS-ROS2/install/ht_strap_package/share/ht_strap_package/package.dsv'
[1.860s] INFO:colcon.colcon_core.shell:Creating package script '/home/temurtas/INS-GPS-ROS2/install/ht_strap_package/share/ht_strap_package/package.sh'
[1.860s] INFO:colcon.colcon_core.shell:Creating package script '/home/temurtas/INS-GPS-ROS2/install/ht_strap_package/share/ht_strap_package/package.bash'
[1.860s] INFO:colcon.colcon_core.shell:Creating package script '/home/temurtas/INS-GPS-ROS2/install/ht_strap_package/share/ht_strap_package/package.zsh'
[1.861s] Level 1:colcon.colcon_core.environment:create_file_with_runtime_dependencies(/home/temurtas/INS-GPS-ROS2/install/ht_strap_package/share/colcon-core/packages/ht_strap_package)
[1.861s] DEBUG:colcon.colcon_parallel_executor.executor.parallel:closing loop
[1.862s] DEBUG:colcon.colcon_parallel_executor.executor.parallel:loop closed
[1.862s] DEBUG:colcon.colcon_parallel_executor.executor.parallel:run_until_complete finished with '0'
[1.862s] DEBUG:colcon.colcon_core.event_reactor:joining thread
[1.871s] INFO:colcon.colcon_core.plugin_system:Skipping extension 'colcon_notification.desktop_notification.terminal_notifier': Not used on non-Darwin systems
[1.871s] INFO:colcon.colcon_core.plugin_system:Skipping extension 'colcon_notification.desktop_notification.win32': Not used on non-Windows systems
[1.871s] INFO:colcon.colcon_notification.desktop_notification:Sending desktop notification using 'notify2'
[1.890s] DEBUG:colcon.colcon_core.event_reactor:joined thread
[1.892s] INFO:colcon.colcon_core.shell:Creating prefix script '/home/temurtas/INS-GPS-ROS2/install/local_setup.ps1'
[1.893s] INFO:colcon.colcon_core.shell:Creating prefix util module '/home/temurtas/INS-GPS-ROS2/install/_local_setup_util_ps1.py'
[1.894s] INFO:colcon.colcon_core.shell:Creating prefix chain script '/home/temurtas/INS-GPS-ROS2/install/setup.ps1'
[1.898s] INFO:colcon.colcon_core.shell:Creating prefix script '/home/temurtas/INS-GPS-ROS2/install/local_setup.sh'
[1.899s] INFO:colcon.colcon_core.shell:Creating prefix util module '/home/temurtas/INS-GPS-ROS2/install/_local_setup_util_sh.py'
[1.899s] INFO:colcon.colcon_core.shell:Creating prefix chain script '/home/temurtas/INS-GPS-ROS2/install/setup.sh'
[1.902s] INFO:colcon.colcon_core.shell:Creating prefix script '/home/temurtas/INS-GPS-ROS2/install/local_setup.bash'
[1.903s] INFO:colcon.colcon_core.shell:Creating prefix chain script '/home/temurtas/INS-GPS-ROS2/install/setup.bash'
[1.906s] INFO:colcon.colcon_core.shell:Creating prefix script '/home/temurtas/INS-GPS-ROS2/install/local_setup.zsh'
[1.907s] INFO:colcon.colcon_core.shell:Creating prefix chain script '/home/temurtas/INS-GPS-ROS2/install/setup.zsh'
