[0.346s] DEBUG:colcon:Command line arguments: ['/usr/bin/colcon', 'build', '--allow-overriding', 'ht_nav_variables', 'ht_strap_package']
[0.347s] DEBUG:colcon:Parsed command line arguments: Namespace(allow_overriding=['ht_nav_variables', 'ht_strap_package'], ament_cmake_args=None, base_paths=['.'], build_base='build', catkin_cmake_args=None, catkin_skip_building_tests=False, cmake_args=None, cmake_clean_cache=False, cmake_clean_first=False, cmake_force_configure=False, cmake_target=None, cmake_target_skip_unavailable=False, continue_on_error=False, event_handlers=None, executor='parallel', ignore_user_meta=False, install_base='install', log_base=None, log_level=None, main=<bound method BuildVerb.main of <colcon_core.verb.build.BuildVerb object at 0x7fdc129d4d30>>, merge_install=False, metas=['./colcon.meta'], packages_above=None, packages_above_and_dependencies=None, packages_above_depth=None, packages_end=None, packages_ignore=None, packages_ignore_regex=None, packages_select=None, packages_select_build_failed=False, packages_select_by_dep=None, packages_select_regex=None, packages_select_test_failures=False, packages_skip=None, packages_skip_build_finished=False, packages_skip_by_dep=None, packages_skip_regex=None, packages_skip_test_passed=False, packages_skip_up_to=None, packages_start=None, packages_up_to=None, packages_up_to_regex=None, parallel_workers=12, paths=None, symlink_install=False, test_result_base=None, verb_extension=<colcon_core.verb.build.BuildVerb object at 0x7fdc129d4d30>, verb_name='build', verb_parser=<colcon_defaults.argument_parser.defaults.DefaultArgumentsDecorator object at 0x7fdc129e02e0>)
[0.358s] Level 1:colcon.colcon_core.package_discovery:discover_packages(colcon_meta) check parameters
[0.358s] Level 1:colcon.colcon_core.package_discovery:discover_packages(recursive) check parameters
[0.358s] Level 1:colcon.colcon_core.package_discovery:discover_packages(ignore) check parameters
[0.359s] Level 1:colcon.colcon_core.package_discovery:discover_packages(path) check parameters
[0.359s] Level 1:colcon.colcon_core.package_discovery:discover_packages(colcon_meta) discover
[0.359s] Level 1:colcon.colcon_core.package_discovery:discover_packages(recursive) discover
[0.359s] INFO:colcon.colcon_core.package_discovery:Crawling recursively for packages in '/home/temur/INS-GPS-ROS2'
[0.360s] Level 1:colcon.colcon_core.package_identification:_identify(.) by extensions ['ignore', 'ignore_ament_install']
[0.360s] Level 1:colcon.colcon_core.package_identification:_identify(.) by extension 'ignore'
[0.360s] Level 1:colcon.colcon_core.package_identification:_identify(.) by extension 'ignore_ament_install'
[0.360s] Level 1:colcon.colcon_core.package_identification:_identify(.) by extensions ['colcon_pkg']
[0.360s] Level 1:colcon.colcon_core.package_identification:_identify(.) by extension 'colcon_pkg'
[0.360s] Level 1:colcon.colcon_core.package_identification:_identify(.) by extensions ['colcon_meta']
[0.360s] Level 1:colcon.colcon_core.package_identification:_identify(.) by extension 'colcon_meta'
[0.360s] Level 1:colcon.colcon_core.package_identification:_identify(.) by extensions ['ros']
[0.360s] Level 1:colcon.colcon_core.package_identification:_identify(.) by extension 'ros'
[0.380s] Level 1:colcon.colcon_core.package_identification:_identify(.) by extensions ['cmake', 'python']
[0.380s] Level 1:colcon.colcon_core.package_identification:_identify(.) by extension 'cmake'
[0.380s] Level 1:colcon.colcon_core.package_identification:_identify(.) by extension 'python'
[0.380s] Level 1:colcon.colcon_core.package_identification:_identify(.) by extensions ['python_setup_py']
[0.380s] Level 1:colcon.colcon_core.package_identification:_identify(.) by extension 'python_setup_py'
[0.380s] Level 1:colcon.colcon_core.package_identification:_identify(Matlab_Analiz) by extensions ['ignore', 'ignore_ament_install']
[0.380s] Level 1:colcon.colcon_core.package_identification:_identify(Matlab_Analiz) by extension 'ignore'
[0.380s] Level 1:colcon.colcon_core.package_identification:_identify(Matlab_Analiz) by extension 'ignore_ament_install'
[0.380s] Level 1:colcon.colcon_core.package_identification:_identify(Matlab_Analiz) by extensions ['colcon_pkg']
[0.380s] Level 1:colcon.colcon_core.package_identification:_identify(Matlab_Analiz) by extension 'colcon_pkg'
[0.381s] Level 1:colcon.colcon_core.package_identification:_identify(Matlab_Analiz) by extensions ['colcon_meta']
[0.381s] Level 1:colcon.colcon_core.package_identification:_identify(Matlab_Analiz) by extension 'colcon_meta'
[0.381s] Level 1:colcon.colcon_core.package_identification:_identify(Matlab_Analiz) by extensions ['ros']
[0.381s] Level 1:colcon.colcon_core.package_identification:_identify(Matlab_Analiz) by extension 'ros'
[0.381s] Level 1:colcon.colcon_core.package_identification:_identify(Matlab_Analiz) by extensions ['cmake', 'python']
[0.381s] Level 1:colcon.colcon_core.package_identification:_identify(Matlab_Analiz) by extension 'cmake'
[0.381s] Level 1:colcon.colcon_core.package_identification:_identify(Matlab_Analiz) by extension 'python'
[0.381s] Level 1:colcon.colcon_core.package_identification:_identify(Matlab_Analiz) by extensions ['python_setup_py']
[0.381s] Level 1:colcon.colcon_core.package_identification:_identify(Matlab_Analiz) by extension 'python_setup_py'
[0.381s] Level 1:colcon.colcon_core.package_identification:_identify(Matlab_Analiz/custom_messages) by extensions ['ignore', 'ignore_ament_install']
[0.381s] Level 1:colcon.colcon_core.package_identification:_identify(Matlab_Analiz/custom_messages) by extension 'ignore'
[0.381s] Level 1:colcon.colcon_core.package_identification:_identify(Matlab_Analiz/custom_messages) by extension 'ignore_ament_install'
[0.381s] Level 1:colcon.colcon_core.package_identification:_identify(Matlab_Analiz/custom_messages) by extensions ['colcon_pkg']
[0.381s] Level 1:colcon.colcon_core.package_identification:_identify(Matlab_Analiz/custom_messages) by extension 'colcon_pkg'
[0.381s] Level 1:colcon.colcon_core.package_identification:_identify(Matlab_Analiz/custom_messages) by extensions ['colcon_meta']
[0.382s] Level 1:colcon.colcon_core.package_identification:_identify(Matlab_Analiz/custom_messages) by extension 'colcon_meta'
[0.382s] Level 1:colcon.colcon_core.package_identification:_identify(Matlab_Analiz/custom_messages) by extensions ['ros']
[0.382s] Level 1:colcon.colcon_core.package_identification:_identify(Matlab_Analiz/custom_messages) by extension 'ros'
[0.382s] Level 1:colcon.colcon_core.package_identification:_identify(Matlab_Analiz/custom_messages) by extensions ['cmake', 'python']
[0.382s] Level 1:colcon.colcon_core.package_identification:_identify(Matlab_Analiz/custom_messages) by extension 'cmake'
[0.382s] Level 1:colcon.colcon_core.package_identification:_identify(Matlab_Analiz/custom_messages) by extension 'python'
[0.382s] Level 1:colcon.colcon_core.package_identification:_identify(Matlab_Analiz/custom_messages) by extensions ['python_setup_py']
[0.382s] Level 1:colcon.colcon_core.package_identification:_identify(Matlab_Analiz/custom_messages) by extension 'python_setup_py'
[0.382s] Level 1:colcon.colcon_core.package_identification:_identify(Matlab_Analiz/custom_messages/mgs_1) by extensions ['ignore', 'ignore_ament_install']
[0.382s] Level 1:colcon.colcon_core.package_identification:_identify(Matlab_Analiz/custom_messages/mgs_1) by extension 'ignore'
[0.382s] Level 1:colcon.colcon_core.package_identification:_identify(Matlab_Analiz/custom_messages/mgs_1) by extension 'ignore_ament_install'
[0.382s] Level 1:colcon.colcon_core.package_identification:_identify(Matlab_Analiz/custom_messages/mgs_1) by extensions ['colcon_pkg']
[0.382s] Level 1:colcon.colcon_core.package_identification:_identify(Matlab_Analiz/custom_messages/mgs_1) by extension 'colcon_pkg'
[0.382s] Level 1:colcon.colcon_core.package_identification:_identify(Matlab_Analiz/custom_messages/mgs_1) by extensions ['colcon_meta']
[0.382s] Level 1:colcon.colcon_core.package_identification:_identify(Matlab_Analiz/custom_messages/mgs_1) by extension 'colcon_meta'
[0.383s] Level 1:colcon.colcon_core.package_identification:_identify(Matlab_Analiz/custom_messages/mgs_1) by extensions ['ros']
[0.383s] Level 1:colcon.colcon_core.package_identification:_identify(Matlab_Analiz/custom_messages/mgs_1) by extension 'ros'
[0.383s] Level 1:colcon.colcon_core.package_identification:_identify(Matlab_Analiz/custom_messages/mgs_1) by extensions ['cmake', 'python']
[0.383s] Level 1:colcon.colcon_core.package_identification:_identify(Matlab_Analiz/custom_messages/mgs_1) by extension 'cmake'
[0.383s] Level 1:colcon.colcon_core.package_identification:_identify(Matlab_Analiz/custom_messages/mgs_1) by extension 'python'
[0.383s] Level 1:colcon.colcon_core.package_identification:_identify(Matlab_Analiz/custom_messages/mgs_1) by extensions ['python_setup_py']
[0.383s] Level 1:colcon.colcon_core.package_identification:_identify(Matlab_Analiz/custom_messages/mgs_1) by extension 'python_setup_py'
[0.383s] Level 1:colcon.colcon_core.package_identification:_identify(Matlab_Analiz/custom_messages/mgs_1/msg) by extensions ['ignore', 'ignore_ament_install']
[0.383s] Level 1:colcon.colcon_core.package_identification:_identify(Matlab_Analiz/custom_messages/mgs_1/msg) by extension 'ignore'
[0.383s] Level 1:colcon.colcon_core.package_identification:_identify(Matlab_Analiz/custom_messages/mgs_1/msg) by extension 'ignore_ament_install'
[0.383s] Level 1:colcon.colcon_core.package_identification:_identify(Matlab_Analiz/custom_messages/mgs_1/msg) by extensions ['colcon_pkg']
[0.383s] Level 1:colcon.colcon_core.package_identification:_identify(Matlab_Analiz/custom_messages/mgs_1/msg) by extension 'colcon_pkg'
[0.383s] Level 1:colcon.colcon_core.package_identification:_identify(Matlab_Analiz/custom_messages/mgs_1/msg) by extensions ['colcon_meta']
[0.383s] Level 1:colcon.colcon_core.package_identification:_identify(Matlab_Analiz/custom_messages/mgs_1/msg) by extension 'colcon_meta'
[0.383s] Level 1:colcon.colcon_core.package_identification:_identify(Matlab_Analiz/custom_messages/mgs_1/msg) by extensions ['ros']
[0.383s] Level 1:colcon.colcon_core.package_identification:_identify(Matlab_Analiz/custom_messages/mgs_1/msg) by extension 'ros'
[0.384s] Level 1:colcon.colcon_core.package_identification:_identify(Matlab_Analiz/custom_messages/mgs_1/msg) by extensions ['cmake', 'python']
[0.384s] Level 1:colcon.colcon_core.package_identification:_identify(Matlab_Analiz/custom_messages/mgs_1/msg) by extension 'cmake'
[0.384s] Level 1:colcon.colcon_core.package_identification:_identify(Matlab_Analiz/custom_messages/mgs_1/msg) by extension 'python'
[0.384s] Level 1:colcon.colcon_core.package_identification:_identify(Matlab_Analiz/custom_messages/mgs_1/msg) by extensions ['python_setup_py']
[0.384s] Level 1:colcon.colcon_core.package_identification:_identify(Matlab_Analiz/custom_messages/mgs_1/msg) by extension 'python_setup_py'
[0.384s] Level 1:colcon.colcon_core.package_identification:_identify(Matlab_Analiz/custom_messages/msg_10) by extensions ['ignore', 'ignore_ament_install']
[0.384s] Level 1:colcon.colcon_core.package_identification:_identify(Matlab_Analiz/custom_messages/msg_10) by extension 'ignore'
[0.384s] Level 1:colcon.colcon_core.package_identification:_identify(Matlab_Analiz/custom_messages/msg_10) by extension 'ignore_ament_install'
[0.384s] Level 1:colcon.colcon_core.package_identification:_identify(Matlab_Analiz/custom_messages/msg_10) by extensions ['colcon_pkg']
[0.384s] Level 1:colcon.colcon_core.package_identification:_identify(Matlab_Analiz/custom_messages/msg_10) by extension 'colcon_pkg'
[0.384s] Level 1:colcon.colcon_core.package_identification:_identify(Matlab_Analiz/custom_messages/msg_10) by extensions ['colcon_meta']
[0.384s] Level 1:colcon.colcon_core.package_identification:_identify(Matlab_Analiz/custom_messages/msg_10) by extension 'colcon_meta'
[0.384s] Level 1:colcon.colcon_core.package_identification:_identify(Matlab_Analiz/custom_messages/msg_10) by extensions ['ros']
[0.384s] Level 1:colcon.colcon_core.package_identification:_identify(Matlab_Analiz/custom_messages/msg_10) by extension 'ros'
[0.384s] Level 1:colcon.colcon_core.package_identification:_identify(Matlab_Analiz/custom_messages/msg_10) by extensions ['cmake', 'python']
[0.385s] Level 1:colcon.colcon_core.package_identification:_identify(Matlab_Analiz/custom_messages/msg_10) by extension 'cmake'
[0.385s] Level 1:colcon.colcon_core.package_identification:_identify(Matlab_Analiz/custom_messages/msg_10) by extension 'python'
[0.385s] Level 1:colcon.colcon_core.package_identification:_identify(Matlab_Analiz/custom_messages/msg_10) by extensions ['python_setup_py']
[0.385s] Level 1:colcon.colcon_core.package_identification:_identify(Matlab_Analiz/custom_messages/msg_10) by extension 'python_setup_py'
[0.385s] Level 1:colcon.colcon_core.package_identification:_identify(Matlab_Analiz/custom_messages/msg_10/msg) by extensions ['ignore', 'ignore_ament_install']
[0.385s] Level 1:colcon.colcon_core.package_identification:_identify(Matlab_Analiz/custom_messages/msg_10/msg) by extension 'ignore'
[0.385s] Level 1:colcon.colcon_core.package_identification:_identify(Matlab_Analiz/custom_messages/msg_10/msg) by extension 'ignore_ament_install'
[0.385s] Level 1:colcon.colcon_core.package_identification:_identify(Matlab_Analiz/custom_messages/msg_10/msg) by extensions ['colcon_pkg']
[0.385s] Level 1:colcon.colcon_core.package_identification:_identify(Matlab_Analiz/custom_messages/msg_10/msg) by extension 'colcon_pkg'
[0.385s] Level 1:colcon.colcon_core.package_identification:_identify(Matlab_Analiz/custom_messages/msg_10/msg) by extensions ['colcon_meta']
[0.385s] Level 1:colcon.colcon_core.package_identification:_identify(Matlab_Analiz/custom_messages/msg_10/msg) by extension 'colcon_meta'
[0.385s] Level 1:colcon.colcon_core.package_identification:_identify(Matlab_Analiz/custom_messages/msg_10/msg) by extensions ['ros']
[0.385s] Level 1:colcon.colcon_core.package_identification:_identify(Matlab_Analiz/custom_messages/msg_10/msg) by extension 'ros'
[0.385s] Level 1:colcon.colcon_core.package_identification:_identify(Matlab_Analiz/custom_messages/msg_10/msg) by extensions ['cmake', 'python']
[0.385s] Level 1:colcon.colcon_core.package_identification:_identify(Matlab_Analiz/custom_messages/msg_10/msg) by extension 'cmake'
[0.386s] Level 1:colcon.colcon_core.package_identification:_identify(Matlab_Analiz/custom_messages/msg_10/msg) by extension 'python'
[0.386s] Level 1:colcon.colcon_core.package_identification:_identify(Matlab_Analiz/custom_messages/msg_10/msg) by extensions ['python_setup_py']
[0.386s] Level 1:colcon.colcon_core.package_identification:_identify(Matlab_Analiz/custom_messages/msg_10/msg) by extension 'python_setup_py'
[0.386s] Level 1:colcon.colcon_core.package_identification:_identify(Matlab_Analiz/custom_messages/msg_2) by extensions ['ignore', 'ignore_ament_install']
[0.386s] Level 1:colcon.colcon_core.package_identification:_identify(Matlab_Analiz/custom_messages/msg_2) by extension 'ignore'
[0.387s] Level 1:colcon.colcon_core.package_identification:_identify(Matlab_Analiz/custom_messages/msg_2) by extension 'ignore_ament_install'
[0.387s] Level 1:colcon.colcon_core.package_identification:_identify(Matlab_Analiz/custom_messages/msg_2) by extensions ['colcon_pkg']
[0.387s] Level 1:colcon.colcon_core.package_identification:_identify(Matlab_Analiz/custom_messages/msg_2) by extension 'colcon_pkg'
[0.387s] Level 1:colcon.colcon_core.package_identification:_identify(Matlab_Analiz/custom_messages/msg_2) by extensions ['colcon_meta']
[0.387s] Level 1:colcon.colcon_core.package_identification:_identify(Matlab_Analiz/custom_messages/msg_2) by extension 'colcon_meta'
[0.387s] Level 1:colcon.colcon_core.package_identification:_identify(Matlab_Analiz/custom_messages/msg_2) by extensions ['ros']
[0.387s] Level 1:colcon.colcon_core.package_identification:_identify(Matlab_Analiz/custom_messages/msg_2) by extension 'ros'
[0.387s] Level 1:colcon.colcon_core.package_identification:_identify(Matlab_Analiz/custom_messages/msg_2) by extensions ['cmake', 'python']
[0.387s] Level 1:colcon.colcon_core.package_identification:_identify(Matlab_Analiz/custom_messages/msg_2) by extension 'cmake'
[0.387s] Level 1:colcon.colcon_core.package_identification:_identify(Matlab_Analiz/custom_messages/msg_2) by extension 'python'
[0.387s] Level 1:colcon.colcon_core.package_identification:_identify(Matlab_Analiz/custom_messages/msg_2) by extensions ['python_setup_py']
[0.388s] Level 1:colcon.colcon_core.package_identification:_identify(Matlab_Analiz/custom_messages/msg_2) by extension 'python_setup_py'
[0.388s] Level 1:colcon.colcon_core.package_identification:_identify(Matlab_Analiz/custom_messages/msg_2/msg) by extensions ['ignore', 'ignore_ament_install']
[0.388s] Level 1:colcon.colcon_core.package_identification:_identify(Matlab_Analiz/custom_messages/msg_2/msg) by extension 'ignore'
[0.388s] Level 1:colcon.colcon_core.package_identification:_identify(Matlab_Analiz/custom_messages/msg_2/msg) by extension 'ignore_ament_install'
[0.388s] Level 1:colcon.colcon_core.package_identification:_identify(Matlab_Analiz/custom_messages/msg_2/msg) by extensions ['colcon_pkg']
[0.388s] Level 1:colcon.colcon_core.package_identification:_identify(Matlab_Analiz/custom_messages/msg_2/msg) by extension 'colcon_pkg'
[0.388s] Level 1:colcon.colcon_core.package_identification:_identify(Matlab_Analiz/custom_messages/msg_2/msg) by extensions ['colcon_meta']
[0.388s] Level 1:colcon.colcon_core.package_identification:_identify(Matlab_Analiz/custom_messages/msg_2/msg) by extension 'colcon_meta'
[0.388s] Level 1:colcon.colcon_core.package_identification:_identify(Matlab_Analiz/custom_messages/msg_2/msg) by extensions ['ros']
[0.388s] Level 1:colcon.colcon_core.package_identification:_identify(Matlab_Analiz/custom_messages/msg_2/msg) by extension 'ros'
[0.388s] Level 1:colcon.colcon_core.package_identification:_identify(Matlab_Analiz/custom_messages/msg_2/msg) by extensions ['cmake', 'python']
[0.388s] Level 1:colcon.colcon_core.package_identification:_identify(Matlab_Analiz/custom_messages/msg_2/msg) by extension 'cmake'
[0.388s] Level 1:colcon.colcon_core.package_identification:_identify(Matlab_Analiz/custom_messages/msg_2/msg) by extension 'python'
[0.389s] Level 1:colcon.colcon_core.package_identification:_identify(Matlab_Analiz/custom_messages/msg_2/msg) by extensions ['python_setup_py']
[0.389s] Level 1:colcon.colcon_core.package_identification:_identify(Matlab_Analiz/custom_messages/msg_2/msg) by extension 'python_setup_py'
[0.389s] Level 1:colcon.colcon_core.package_identification:_identify(Matlab_Analiz/custom_messages/msg_3) by extensions ['ignore', 'ignore_ament_install']
[0.389s] Level 1:colcon.colcon_core.package_identification:_identify(Matlab_Analiz/custom_messages/msg_3) by extension 'ignore'
[0.389s] Level 1:colcon.colcon_core.package_identification:_identify(Matlab_Analiz/custom_messages/msg_3) by extension 'ignore_ament_install'
[0.389s] Level 1:colcon.colcon_core.package_identification:_identify(Matlab_Analiz/custom_messages/msg_3) by extensions ['colcon_pkg']
[0.389s] Level 1:colcon.colcon_core.package_identification:_identify(Matlab_Analiz/custom_messages/msg_3) by extension 'colcon_pkg'
[0.389s] Level 1:colcon.colcon_core.package_identification:_identify(Matlab_Analiz/custom_messages/msg_3) by extensions ['colcon_meta']
[0.389s] Level 1:colcon.colcon_core.package_identification:_identify(Matlab_Analiz/custom_messages/msg_3) by extension 'colcon_meta'
[0.389s] Level 1:colcon.colcon_core.package_identification:_identify(Matlab_Analiz/custom_messages/msg_3) by extensions ['ros']
[0.389s] Level 1:colcon.colcon_core.package_identification:_identify(Matlab_Analiz/custom_messages/msg_3) by extension 'ros'
[0.389s] Level 1:colcon.colcon_core.package_identification:_identify(Matlab_Analiz/custom_messages/msg_3) by extensions ['cmake', 'python']
[0.389s] Level 1:colcon.colcon_core.package_identification:_identify(Matlab_Analiz/custom_messages/msg_3) by extension 'cmake'
[0.389s] Level 1:colcon.colcon_core.package_identification:_identify(Matlab_Analiz/custom_messages/msg_3) by extension 'python'
[0.389s] Level 1:colcon.colcon_core.package_identification:_identify(Matlab_Analiz/custom_messages/msg_3) by extensions ['python_setup_py']
[0.389s] Level 1:colcon.colcon_core.package_identification:_identify(Matlab_Analiz/custom_messages/msg_3) by extension 'python_setup_py'
[0.390s] Level 1:colcon.colcon_core.package_identification:_identify(Matlab_Analiz/custom_messages/msg_3/msg) by extensions ['ignore', 'ignore_ament_install']
[0.390s] Level 1:colcon.colcon_core.package_identification:_identify(Matlab_Analiz/custom_messages/msg_3/msg) by extension 'ignore'
[0.390s] Level 1:colcon.colcon_core.package_identification:_identify(Matlab_Analiz/custom_messages/msg_3/msg) by extension 'ignore_ament_install'
[0.390s] Level 1:colcon.colcon_core.package_identification:_identify(Matlab_Analiz/custom_messages/msg_3/msg) by extensions ['colcon_pkg']
[0.390s] Level 1:colcon.colcon_core.package_identification:_identify(Matlab_Analiz/custom_messages/msg_3/msg) by extension 'colcon_pkg'
[0.390s] Level 1:colcon.colcon_core.package_identification:_identify(Matlab_Analiz/custom_messages/msg_3/msg) by extensions ['colcon_meta']
[0.390s] Level 1:colcon.colcon_core.package_identification:_identify(Matlab_Analiz/custom_messages/msg_3/msg) by extension 'colcon_meta'
[0.390s] Level 1:colcon.colcon_core.package_identification:_identify(Matlab_Analiz/custom_messages/msg_3/msg) by extensions ['ros']
[0.390s] Level 1:colcon.colcon_core.package_identification:_identify(Matlab_Analiz/custom_messages/msg_3/msg) by extension 'ros'
[0.391s] Level 1:colcon.colcon_core.package_identification:_identify(Matlab_Analiz/custom_messages/msg_3/msg) by extensions ['cmake', 'python']
[0.391s] Level 1:colcon.colcon_core.package_identification:_identify(Matlab_Analiz/custom_messages/msg_3/msg) by extension 'cmake'
[0.391s] Level 1:colcon.colcon_core.package_identification:_identify(Matlab_Analiz/custom_messages/msg_3/msg) by extension 'python'
[0.391s] Level 1:colcon.colcon_core.package_identification:_identify(Matlab_Analiz/custom_messages/msg_3/msg) by extensions ['python_setup_py']
[0.391s] Level 1:colcon.colcon_core.package_identification:_identify(Matlab_Analiz/custom_messages/msg_3/msg) by extension 'python_setup_py'
[0.391s] Level 1:colcon.colcon_core.package_identification:_identify(Matlab_Analiz/custom_messages/msg_4) by extensions ['ignore', 'ignore_ament_install']
[0.391s] Level 1:colcon.colcon_core.package_identification:_identify(Matlab_Analiz/custom_messages/msg_4) by extension 'ignore'
[0.392s] Level 1:colcon.colcon_core.package_identification:_identify(Matlab_Analiz/custom_messages/msg_4) by extension 'ignore_ament_install'
[0.392s] Level 1:colcon.colcon_core.package_identification:_identify(Matlab_Analiz/custom_messages/msg_4) by extensions ['colcon_pkg']
[0.392s] Level 1:colcon.colcon_core.package_identification:_identify(Matlab_Analiz/custom_messages/msg_4) by extension 'colcon_pkg'
[0.392s] Level 1:colcon.colcon_core.package_identification:_identify(Matlab_Analiz/custom_messages/msg_4) by extensions ['colcon_meta']
[0.392s] Level 1:colcon.colcon_core.package_identification:_identify(Matlab_Analiz/custom_messages/msg_4) by extension 'colcon_meta'
[0.392s] Level 1:colcon.colcon_core.package_identification:_identify(Matlab_Analiz/custom_messages/msg_4) by extensions ['ros']
[0.392s] Level 1:colcon.colcon_core.package_identification:_identify(Matlab_Analiz/custom_messages/msg_4) by extension 'ros'
[0.393s] Level 1:colcon.colcon_core.package_identification:_identify(Matlab_Analiz/custom_messages/msg_4) by extensions ['cmake', 'python']
[0.393s] Level 1:colcon.colcon_core.package_identification:_identify(Matlab_Analiz/custom_messages/msg_4) by extension 'cmake'
[0.393s] Level 1:colcon.colcon_core.package_identification:_identify(Matlab_Analiz/custom_messages/msg_4) by extension 'python'
[0.393s] Level 1:colcon.colcon_core.package_identification:_identify(Matlab_Analiz/custom_messages/msg_4) by extensions ['python_setup_py']
[0.393s] Level 1:colcon.colcon_core.package_identification:_identify(Matlab_Analiz/custom_messages/msg_4) by extension 'python_setup_py'
[0.393s] Level 1:colcon.colcon_core.package_identification:_identify(Matlab_Analiz/custom_messages/msg_4/msg) by extensions ['ignore', 'ignore_ament_install']
[0.393s] Level 1:colcon.colcon_core.package_identification:_identify(Matlab_Analiz/custom_messages/msg_4/msg) by extension 'ignore'
[0.394s] Level 1:colcon.colcon_core.package_identification:_identify(Matlab_Analiz/custom_messages/msg_4/msg) by extension 'ignore_ament_install'
[0.394s] Level 1:colcon.colcon_core.package_identification:_identify(Matlab_Analiz/custom_messages/msg_4/msg) by extensions ['colcon_pkg']
[0.394s] Level 1:colcon.colcon_core.package_identification:_identify(Matlab_Analiz/custom_messages/msg_4/msg) by extension 'colcon_pkg'
[0.394s] Level 1:colcon.colcon_core.package_identification:_identify(Matlab_Analiz/custom_messages/msg_4/msg) by extensions ['colcon_meta']
[0.394s] Level 1:colcon.colcon_core.package_identification:_identify(Matlab_Analiz/custom_messages/msg_4/msg) by extension 'colcon_meta'
[0.394s] Level 1:colcon.colcon_core.package_identification:_identify(Matlab_Analiz/custom_messages/msg_4/msg) by extensions ['ros']
[0.394s] Level 1:colcon.colcon_core.package_identification:_identify(Matlab_Analiz/custom_messages/msg_4/msg) by extension 'ros'
[0.395s] Level 1:colcon.colcon_core.package_identification:_identify(Matlab_Analiz/custom_messages/msg_4/msg) by extensions ['cmake', 'python']
[0.395s] Level 1:colcon.colcon_core.package_identification:_identify(Matlab_Analiz/custom_messages/msg_4/msg) by extension 'cmake'
[0.395s] Level 1:colcon.colcon_core.package_identification:_identify(Matlab_Analiz/custom_messages/msg_4/msg) by extension 'python'
[0.395s] Level 1:colcon.colcon_core.package_identification:_identify(Matlab_Analiz/custom_messages/msg_4/msg) by extensions ['python_setup_py']
[0.395s] Level 1:colcon.colcon_core.package_identification:_identify(Matlab_Analiz/custom_messages/msg_4/msg) by extension 'python_setup_py'
[0.395s] Level 1:colcon.colcon_core.package_identification:_identify(Matlab_Analiz/custom_messages/msg_5) by extensions ['ignore', 'ignore_ament_install']
[0.396s] Level 1:colcon.colcon_core.package_identification:_identify(Matlab_Analiz/custom_messages/msg_5) by extension 'ignore'
[0.396s] Level 1:colcon.colcon_core.package_identification:_identify(Matlab_Analiz/custom_messages/msg_5) by extension 'ignore_ament_install'
[0.396s] Level 1:colcon.colcon_core.package_identification:_identify(Matlab_Analiz/custom_messages/msg_5) by extensions ['colcon_pkg']
[0.396s] Level 1:colcon.colcon_core.package_identification:_identify(Matlab_Analiz/custom_messages/msg_5) by extension 'colcon_pkg'
[0.396s] Level 1:colcon.colcon_core.package_identification:_identify(Matlab_Analiz/custom_messages/msg_5) by extensions ['colcon_meta']
[0.396s] Level 1:colcon.colcon_core.package_identification:_identify(Matlab_Analiz/custom_messages/msg_5) by extension 'colcon_meta'
[0.396s] Level 1:colcon.colcon_core.package_identification:_identify(Matlab_Analiz/custom_messages/msg_5) by extensions ['ros']
[0.396s] Level 1:colcon.colcon_core.package_identification:_identify(Matlab_Analiz/custom_messages/msg_5) by extension 'ros'
[0.396s] Level 1:colcon.colcon_core.package_identification:_identify(Matlab_Analiz/custom_messages/msg_5) by extensions ['cmake', 'python']
[0.397s] Level 1:colcon.colcon_core.package_identification:_identify(Matlab_Analiz/custom_messages/msg_5) by extension 'cmake'
[0.397s] Level 1:colcon.colcon_core.package_identification:_identify(Matlab_Analiz/custom_messages/msg_5) by extension 'python'
[0.397s] Level 1:colcon.colcon_core.package_identification:_identify(Matlab_Analiz/custom_messages/msg_5) by extensions ['python_setup_py']
[0.397s] Level 1:colcon.colcon_core.package_identification:_identify(Matlab_Analiz/custom_messages/msg_5) by extension 'python_setup_py'
[0.397s] Level 1:colcon.colcon_core.package_identification:_identify(Matlab_Analiz/custom_messages/msg_5/msg) by extensions ['ignore', 'ignore_ament_install']
[0.397s] Level 1:colcon.colcon_core.package_identification:_identify(Matlab_Analiz/custom_messages/msg_5/msg) by extension 'ignore'
[0.397s] Level 1:colcon.colcon_core.package_identification:_identify(Matlab_Analiz/custom_messages/msg_5/msg) by extension 'ignore_ament_install'
[0.397s] Level 1:colcon.colcon_core.package_identification:_identify(Matlab_Analiz/custom_messages/msg_5/msg) by extensions ['colcon_pkg']
[0.397s] Level 1:colcon.colcon_core.package_identification:_identify(Matlab_Analiz/custom_messages/msg_5/msg) by extension 'colcon_pkg'
[0.397s] Level 1:colcon.colcon_core.package_identification:_identify(Matlab_Analiz/custom_messages/msg_5/msg) by extensions ['colcon_meta']
[0.397s] Level 1:colcon.colcon_core.package_identification:_identify(Matlab_Analiz/custom_messages/msg_5/msg) by extension 'colcon_meta'
[0.398s] Level 1:colcon.colcon_core.package_identification:_identify(Matlab_Analiz/custom_messages/msg_5/msg) by extensions ['ros']
[0.398s] Level 1:colcon.colcon_core.package_identification:_identify(Matlab_Analiz/custom_messages/msg_5/msg) by extension 'ros'
[0.398s] Level 1:colcon.colcon_core.package_identification:_identify(Matlab_Analiz/custom_messages/msg_5/msg) by extensions ['cmake', 'python']
[0.398s] Level 1:colcon.colcon_core.package_identification:_identify(Matlab_Analiz/custom_messages/msg_5/msg) by extension 'cmake'
[0.398s] Level 1:colcon.colcon_core.package_identification:_identify(Matlab_Analiz/custom_messages/msg_5/msg) by extension 'python'
[0.398s] Level 1:colcon.colcon_core.package_identification:_identify(Matlab_Analiz/custom_messages/msg_5/msg) by extensions ['python_setup_py']
[0.399s] Level 1:colcon.colcon_core.package_identification:_identify(Matlab_Analiz/custom_messages/msg_5/msg) by extension 'python_setup_py'
[0.399s] Level 1:colcon.colcon_core.package_identification:_identify(Matlab_Analiz/custom_messages/msg_6) by extensions ['ignore', 'ignore_ament_install']
[0.399s] Level 1:colcon.colcon_core.package_identification:_identify(Matlab_Analiz/custom_messages/msg_6) by extension 'ignore'
[0.400s] Level 1:colcon.colcon_core.package_identification:_identify(Matlab_Analiz/custom_messages/msg_6) by extension 'ignore_ament_install'
[0.400s] Level 1:colcon.colcon_core.package_identification:_identify(Matlab_Analiz/custom_messages/msg_6) by extensions ['colcon_pkg']
[0.400s] Level 1:colcon.colcon_core.package_identification:_identify(Matlab_Analiz/custom_messages/msg_6) by extension 'colcon_pkg'
[0.401s] Level 1:colcon.colcon_core.package_identification:_identify(Matlab_Analiz/custom_messages/msg_6) by extensions ['colcon_meta']
[0.401s] Level 1:colcon.colcon_core.package_identification:_identify(Matlab_Analiz/custom_messages/msg_6) by extension 'colcon_meta'
[0.401s] Level 1:colcon.colcon_core.package_identification:_identify(Matlab_Analiz/custom_messages/msg_6) by extensions ['ros']
[0.401s] Level 1:colcon.colcon_core.package_identification:_identify(Matlab_Analiz/custom_messages/msg_6) by extension 'ros'
[0.402s] Level 1:colcon.colcon_core.package_identification:_identify(Matlab_Analiz/custom_messages/msg_6) by extensions ['cmake', 'python']
[0.402s] Level 1:colcon.colcon_core.package_identification:_identify(Matlab_Analiz/custom_messages/msg_6) by extension 'cmake'
[0.402s] Level 1:colcon.colcon_core.package_identification:_identify(Matlab_Analiz/custom_messages/msg_6) by extension 'python'
[0.402s] Level 1:colcon.colcon_core.package_identification:_identify(Matlab_Analiz/custom_messages/msg_6) by extensions ['python_setup_py']
[0.402s] Level 1:colcon.colcon_core.package_identification:_identify(Matlab_Analiz/custom_messages/msg_6) by extension 'python_setup_py'
[0.403s] Level 1:colcon.colcon_core.package_identification:_identify(Matlab_Analiz/custom_messages/msg_6/msg) by extensions ['ignore', 'ignore_ament_install']
[0.403s] Level 1:colcon.colcon_core.package_identification:_identify(Matlab_Analiz/custom_messages/msg_6/msg) by extension 'ignore'
[0.403s] Level 1:colcon.colcon_core.package_identification:_identify(Matlab_Analiz/custom_messages/msg_6/msg) by extension 'ignore_ament_install'
[0.404s] Level 1:colcon.colcon_core.package_identification:_identify(Matlab_Analiz/custom_messages/msg_6/msg) by extensions ['colcon_pkg']
[0.404s] Level 1:colcon.colcon_core.package_identification:_identify(Matlab_Analiz/custom_messages/msg_6/msg) by extension 'colcon_pkg'
[0.404s] Level 1:colcon.colcon_core.package_identification:_identify(Matlab_Analiz/custom_messages/msg_6/msg) by extensions ['colcon_meta']
[0.405s] Level 1:colcon.colcon_core.package_identification:_identify(Matlab_Analiz/custom_messages/msg_6/msg) by extension 'colcon_meta'
[0.405s] Level 1:colcon.colcon_core.package_identification:_identify(Matlab_Analiz/custom_messages/msg_6/msg) by extensions ['ros']
[0.405s] Level 1:colcon.colcon_core.package_identification:_identify(Matlab_Analiz/custom_messages/msg_6/msg) by extension 'ros'
[0.405s] Level 1:colcon.colcon_core.package_identification:_identify(Matlab_Analiz/custom_messages/msg_6/msg) by extensions ['cmake', 'python']
[0.405s] Level 1:colcon.colcon_core.package_identification:_identify(Matlab_Analiz/custom_messages/msg_6/msg) by extension 'cmake'
[0.405s] Level 1:colcon.colcon_core.package_identification:_identify(Matlab_Analiz/custom_messages/msg_6/msg) by extension 'python'
[0.406s] Level 1:colcon.colcon_core.package_identification:_identify(Matlab_Analiz/custom_messages/msg_6/msg) by extensions ['python_setup_py']
[0.406s] Level 1:colcon.colcon_core.package_identification:_identify(Matlab_Analiz/custom_messages/msg_6/msg) by extension 'python_setup_py'
[0.406s] Level 1:colcon.colcon_core.package_identification:_identify(Matlab_Analiz/custom_messages/msg_7) by extensions ['ignore', 'ignore_ament_install']
[0.406s] Level 1:colcon.colcon_core.package_identification:_identify(Matlab_Analiz/custom_messages/msg_7) by extension 'ignore'
[0.407s] Level 1:colcon.colcon_core.package_identification:_identify(Matlab_Analiz/custom_messages/msg_7) by extension 'ignore_ament_install'
[0.407s] Level 1:colcon.colcon_core.package_identification:_identify(Matlab_Analiz/custom_messages/msg_7) by extensions ['colcon_pkg']
[0.407s] Level 1:colcon.colcon_core.package_identification:_identify(Matlab_Analiz/custom_messages/msg_7) by extension 'colcon_pkg'
[0.407s] Level 1:colcon.colcon_core.package_identification:_identify(Matlab_Analiz/custom_messages/msg_7) by extensions ['colcon_meta']
[0.407s] Level 1:colcon.colcon_core.package_identification:_identify(Matlab_Analiz/custom_messages/msg_7) by extension 'colcon_meta'
[0.407s] Level 1:colcon.colcon_core.package_identification:_identify(Matlab_Analiz/custom_messages/msg_7) by extensions ['ros']
[0.407s] Level 1:colcon.colcon_core.package_identification:_identify(Matlab_Analiz/custom_messages/msg_7) by extension 'ros'
[0.408s] Level 1:colcon.colcon_core.package_identification:_identify(Matlab_Analiz/custom_messages/msg_7) by extensions ['cmake', 'python']
[0.408s] Level 1:colcon.colcon_core.package_identification:_identify(Matlab_Analiz/custom_messages/msg_7) by extension 'cmake'
[0.408s] Level 1:colcon.colcon_core.package_identification:_identify(Matlab_Analiz/custom_messages/msg_7) by extension 'python'
[0.408s] Level 1:colcon.colcon_core.package_identification:_identify(Matlab_Analiz/custom_messages/msg_7) by extensions ['python_setup_py']
[0.408s] Level 1:colcon.colcon_core.package_identification:_identify(Matlab_Analiz/custom_messages/msg_7) by extension 'python_setup_py'
[0.409s] Level 1:colcon.colcon_core.package_identification:_identify(Matlab_Analiz/custom_messages/msg_7/msg) by extensions ['ignore', 'ignore_ament_install']
[0.409s] Level 1:colcon.colcon_core.package_identification:_identify(Matlab_Analiz/custom_messages/msg_7/msg) by extension 'ignore'
[0.409s] Level 1:colcon.colcon_core.package_identification:_identify(Matlab_Analiz/custom_messages/msg_7/msg) by extension 'ignore_ament_install'
[0.409s] Level 1:colcon.colcon_core.package_identification:_identify(Matlab_Analiz/custom_messages/msg_7/msg) by extensions ['colcon_pkg']
[0.409s] Level 1:colcon.colcon_core.package_identification:_identify(Matlab_Analiz/custom_messages/msg_7/msg) by extension 'colcon_pkg'
[0.409s] Level 1:colcon.colcon_core.package_identification:_identify(Matlab_Analiz/custom_messages/msg_7/msg) by extensions ['colcon_meta']
[0.409s] Level 1:colcon.colcon_core.package_identification:_identify(Matlab_Analiz/custom_messages/msg_7/msg) by extension 'colcon_meta'
[0.409s] Level 1:colcon.colcon_core.package_identification:_identify(Matlab_Analiz/custom_messages/msg_7/msg) by extensions ['ros']
[0.409s] Level 1:colcon.colcon_core.package_identification:_identify(Matlab_Analiz/custom_messages/msg_7/msg) by extension 'ros'
[0.409s] Level 1:colcon.colcon_core.package_identification:_identify(Matlab_Analiz/custom_messages/msg_7/msg) by extensions ['cmake', 'python']
[0.409s] Level 1:colcon.colcon_core.package_identification:_identify(Matlab_Analiz/custom_messages/msg_7/msg) by extension 'cmake'
[0.410s] Level 1:colcon.colcon_core.package_identification:_identify(Matlab_Analiz/custom_messages/msg_7/msg) by extension 'python'
[0.410s] Level 1:colcon.colcon_core.package_identification:_identify(Matlab_Analiz/custom_messages/msg_7/msg) by extensions ['python_setup_py']
[0.410s] Level 1:colcon.colcon_core.package_identification:_identify(Matlab_Analiz/custom_messages/msg_7/msg) by extension 'python_setup_py'
[0.410s] Level 1:colcon.colcon_core.package_identification:_identify(Matlab_Analiz/custom_messages/msg_8) by extensions ['ignore', 'ignore_ament_install']
[0.410s] Level 1:colcon.colcon_core.package_identification:_identify(Matlab_Analiz/custom_messages/msg_8) by extension 'ignore'
[0.410s] Level 1:colcon.colcon_core.package_identification:_identify(Matlab_Analiz/custom_messages/msg_8) by extension 'ignore_ament_install'
[0.410s] Level 1:colcon.colcon_core.package_identification:_identify(Matlab_Analiz/custom_messages/msg_8) by extensions ['colcon_pkg']
[0.410s] Level 1:colcon.colcon_core.package_identification:_identify(Matlab_Analiz/custom_messages/msg_8) by extension 'colcon_pkg'
[0.410s] Level 1:colcon.colcon_core.package_identification:_identify(Matlab_Analiz/custom_messages/msg_8) by extensions ['colcon_meta']
[0.410s] Level 1:colcon.colcon_core.package_identification:_identify(Matlab_Analiz/custom_messages/msg_8) by extension 'colcon_meta'
[0.410s] Level 1:colcon.colcon_core.package_identification:_identify(Matlab_Analiz/custom_messages/msg_8) by extensions ['ros']
[0.410s] Level 1:colcon.colcon_core.package_identification:_identify(Matlab_Analiz/custom_messages/msg_8) by extension 'ros'
[0.410s] Level 1:colcon.colcon_core.package_identification:_identify(Matlab_Analiz/custom_messages/msg_8) by extensions ['cmake', 'python']
[0.411s] Level 1:colcon.colcon_core.package_identification:_identify(Matlab_Analiz/custom_messages/msg_8) by extension 'cmake'
[0.411s] Level 1:colcon.colcon_core.package_identification:_identify(Matlab_Analiz/custom_messages/msg_8) by extension 'python'
[0.411s] Level 1:colcon.colcon_core.package_identification:_identify(Matlab_Analiz/custom_messages/msg_8) by extensions ['python_setup_py']
[0.411s] Level 1:colcon.colcon_core.package_identification:_identify(Matlab_Analiz/custom_messages/msg_8) by extension 'python_setup_py'
[0.411s] Level 1:colcon.colcon_core.package_identification:_identify(Matlab_Analiz/custom_messages/msg_8/msg) by extensions ['ignore', 'ignore_ament_install']
[0.411s] Level 1:colcon.colcon_core.package_identification:_identify(Matlab_Analiz/custom_messages/msg_8/msg) by extension 'ignore'
[0.411s] Level 1:colcon.colcon_core.package_identification:_identify(Matlab_Analiz/custom_messages/msg_8/msg) by extension 'ignore_ament_install'
[0.411s] Level 1:colcon.colcon_core.package_identification:_identify(Matlab_Analiz/custom_messages/msg_8/msg) by extensions ['colcon_pkg']
[0.411s] Level 1:colcon.colcon_core.package_identification:_identify(Matlab_Analiz/custom_messages/msg_8/msg) by extension 'colcon_pkg'
[0.411s] Level 1:colcon.colcon_core.package_identification:_identify(Matlab_Analiz/custom_messages/msg_8/msg) by extensions ['colcon_meta']
[0.411s] Level 1:colcon.colcon_core.package_identification:_identify(Matlab_Analiz/custom_messages/msg_8/msg) by extension 'colcon_meta'
[0.411s] Level 1:colcon.colcon_core.package_identification:_identify(Matlab_Analiz/custom_messages/msg_8/msg) by extensions ['ros']
[0.411s] Level 1:colcon.colcon_core.package_identification:_identify(Matlab_Analiz/custom_messages/msg_8/msg) by extension 'ros'
[0.412s] Level 1:colcon.colcon_core.package_identification:_identify(Matlab_Analiz/custom_messages/msg_8/msg) by extensions ['cmake', 'python']
[0.412s] Level 1:colcon.colcon_core.package_identification:_identify(Matlab_Analiz/custom_messages/msg_8/msg) by extension 'cmake'
[0.412s] Level 1:colcon.colcon_core.package_identification:_identify(Matlab_Analiz/custom_messages/msg_8/msg) by extension 'python'
[0.412s] Level 1:colcon.colcon_core.package_identification:_identify(Matlab_Analiz/custom_messages/msg_8/msg) by extensions ['python_setup_py']
[0.412s] Level 1:colcon.colcon_core.package_identification:_identify(Matlab_Analiz/custom_messages/msg_8/msg) by extension 'python_setup_py'
[0.412s] Level 1:colcon.colcon_core.package_identification:_identify(Matlab_Analiz/custom_messages/msg_9) by extensions ['ignore', 'ignore_ament_install']
[0.412s] Level 1:colcon.colcon_core.package_identification:_identify(Matlab_Analiz/custom_messages/msg_9) by extension 'ignore'
[0.412s] Level 1:colcon.colcon_core.package_identification:_identify(Matlab_Analiz/custom_messages/msg_9) by extension 'ignore_ament_install'
[0.412s] Level 1:colcon.colcon_core.package_identification:_identify(Matlab_Analiz/custom_messages/msg_9) by extensions ['colcon_pkg']
[0.412s] Level 1:colcon.colcon_core.package_identification:_identify(Matlab_Analiz/custom_messages/msg_9) by extension 'colcon_pkg'
[0.412s] Level 1:colcon.colcon_core.package_identification:_identify(Matlab_Analiz/custom_messages/msg_9) by extensions ['colcon_meta']
[0.412s] Level 1:colcon.colcon_core.package_identification:_identify(Matlab_Analiz/custom_messages/msg_9) by extension 'colcon_meta'
[0.412s] Level 1:colcon.colcon_core.package_identification:_identify(Matlab_Analiz/custom_messages/msg_9) by extensions ['ros']
[0.412s] Level 1:colcon.colcon_core.package_identification:_identify(Matlab_Analiz/custom_messages/msg_9) by extension 'ros'
[0.413s] Level 1:colcon.colcon_core.package_identification:_identify(Matlab_Analiz/custom_messages/msg_9) by extensions ['cmake', 'python']
[0.413s] Level 1:colcon.colcon_core.package_identification:_identify(Matlab_Analiz/custom_messages/msg_9) by extension 'cmake'
[0.413s] Level 1:colcon.colcon_core.package_identification:_identify(Matlab_Analiz/custom_messages/msg_9) by extension 'python'
[0.413s] Level 1:colcon.colcon_core.package_identification:_identify(Matlab_Analiz/custom_messages/msg_9) by extensions ['python_setup_py']
[0.413s] Level 1:colcon.colcon_core.package_identification:_identify(Matlab_Analiz/custom_messages/msg_9) by extension 'python_setup_py'
[0.413s] Level 1:colcon.colcon_core.package_identification:_identify(Matlab_Analiz/custom_messages/msg_9/msg) by extensions ['ignore', 'ignore_ament_install']
[0.413s] Level 1:colcon.colcon_core.package_identification:_identify(Matlab_Analiz/custom_messages/msg_9/msg) by extension 'ignore'
[0.413s] Level 1:colcon.colcon_core.package_identification:_identify(Matlab_Analiz/custom_messages/msg_9/msg) by extension 'ignore_ament_install'
[0.413s] Level 1:colcon.colcon_core.package_identification:_identify(Matlab_Analiz/custom_messages/msg_9/msg) by extensions ['colcon_pkg']
[0.413s] Level 1:colcon.colcon_core.package_identification:_identify(Matlab_Analiz/custom_messages/msg_9/msg) by extension 'colcon_pkg'
[0.413s] Level 1:colcon.colcon_core.package_identification:_identify(Matlab_Analiz/custom_messages/msg_9/msg) by extensions ['colcon_meta']
[0.413s] Level 1:colcon.colcon_core.package_identification:_identify(Matlab_Analiz/custom_messages/msg_9/msg) by extension 'colcon_meta'
[0.413s] Level 1:colcon.colcon_core.package_identification:_identify(Matlab_Analiz/custom_messages/msg_9/msg) by extensions ['ros']
[0.414s] Level 1:colcon.colcon_core.package_identification:_identify(Matlab_Analiz/custom_messages/msg_9/msg) by extension 'ros'
[0.414s] Level 1:colcon.colcon_core.package_identification:_identify(Matlab_Analiz/custom_messages/msg_9/msg) by extensions ['cmake', 'python']
[0.414s] Level 1:colcon.colcon_core.package_identification:_identify(Matlab_Analiz/custom_messages/msg_9/msg) by extension 'cmake'
[0.414s] Level 1:colcon.colcon_core.package_identification:_identify(Matlab_Analiz/custom_messages/msg_9/msg) by extension 'python'
[0.414s] Level 1:colcon.colcon_core.package_identification:_identify(Matlab_Analiz/custom_messages/msg_9/msg) by extensions ['python_setup_py']
[0.414s] Level 1:colcon.colcon_core.package_identification:_identify(Matlab_Analiz/custom_messages/msg_9/msg) by extension 'python_setup_py'
[0.414s] Level 1:colcon.colcon_core.package_identification:_identify(Matlab_Analiz/matlab_msg_gen) by extensions ['ignore', 'ignore_ament_install']
[0.414s] Level 1:colcon.colcon_core.package_identification:_identify(Matlab_Analiz/matlab_msg_gen) by extension 'ignore'
[0.414s] Level 1:colcon.colcon_core.package_identification:_identify(Matlab_Analiz/matlab_msg_gen) ignored
[0.414s] Level 1:colcon.colcon_core.package_identification:_identify(build) by extensions ['ignore', 'ignore_ament_install']
[0.414s] Level 1:colcon.colcon_core.package_identification:_identify(build) by extension 'ignore'
[0.415s] Level 1:colcon.colcon_core.package_identification:_identify(build) ignored
[0.415s] Level 1:colcon.colcon_core.package_identification:_identify(images) by extensions ['ignore', 'ignore_ament_install']
[0.415s] Level 1:colcon.colcon_core.package_identification:_identify(images) by extension 'ignore'
[0.415s] Level 1:colcon.colcon_core.package_identification:_identify(images) by extension 'ignore_ament_install'
[0.415s] Level 1:colcon.colcon_core.package_identification:_identify(images) by extensions ['colcon_pkg']
[0.415s] Level 1:colcon.colcon_core.package_identification:_identify(images) by extension 'colcon_pkg'
[0.415s] Level 1:colcon.colcon_core.package_identification:_identify(images) by extensions ['colcon_meta']
[0.415s] Level 1:colcon.colcon_core.package_identification:_identify(images) by extension 'colcon_meta'
[0.415s] Level 1:colcon.colcon_core.package_identification:_identify(images) by extensions ['ros']
[0.415s] Level 1:colcon.colcon_core.package_identification:_identify(images) by extension 'ros'
[0.415s] Level 1:colcon.colcon_core.package_identification:_identify(images) by extensions ['cmake', 'python']
[0.415s] Level 1:colcon.colcon_core.package_identification:_identify(images) by extension 'cmake'
[0.415s] Level 1:colcon.colcon_core.package_identification:_identify(images) by extension 'python'
[0.415s] Level 1:colcon.colcon_core.package_identification:_identify(images) by extensions ['python_setup_py']
[0.416s] Level 1:colcon.colcon_core.package_identification:_identify(images) by extension 'python_setup_py'
[0.416s] Level 1:colcon.colcon_core.package_identification:_identify(imu_data_only) by extensions ['ignore', 'ignore_ament_install']
[0.416s] Level 1:colcon.colcon_core.package_identification:_identify(imu_data_only) by extension 'ignore'
[0.416s] Level 1:colcon.colcon_core.package_identification:_identify(imu_data_only) by extension 'ignore_ament_install'
[0.416s] Level 1:colcon.colcon_core.package_identification:_identify(imu_data_only) by extensions ['colcon_pkg']
[0.416s] Level 1:colcon.colcon_core.package_identification:_identify(imu_data_only) by extension 'colcon_pkg'
[0.416s] Level 1:colcon.colcon_core.package_identification:_identify(imu_data_only) by extensions ['colcon_meta']
[0.416s] Level 1:colcon.colcon_core.package_identification:_identify(imu_data_only) by extension 'colcon_meta'
[0.416s] Level 1:colcon.colcon_core.package_identification:_identify(imu_data_only) by extensions ['ros']
[0.416s] Level 1:colcon.colcon_core.package_identification:_identify(imu_data_only) by extension 'ros'
[0.416s] Level 1:colcon.colcon_core.package_identification:_identify(imu_data_only) by extensions ['cmake', 'python']
[0.416s] Level 1:colcon.colcon_core.package_identification:_identify(imu_data_only) by extension 'cmake'
[0.416s] Level 1:colcon.colcon_core.package_identification:_identify(imu_data_only) by extension 'python'
[0.416s] Level 1:colcon.colcon_core.package_identification:_identify(imu_data_only) by extensions ['python_setup_py']
[0.416s] Level 1:colcon.colcon_core.package_identification:_identify(imu_data_only) by extension 'python_setup_py'
[0.417s] Level 1:colcon.colcon_core.package_identification:_identify(imu_strap_data_only) by extensions ['ignore', 'ignore_ament_install']
[0.417s] Level 1:colcon.colcon_core.package_identification:_identify(imu_strap_data_only) by extension 'ignore'
[0.417s] Level 1:colcon.colcon_core.package_identification:_identify(imu_strap_data_only) by extension 'ignore_ament_install'
[0.417s] Level 1:colcon.colcon_core.package_identification:_identify(imu_strap_data_only) by extensions ['colcon_pkg']
[0.417s] Level 1:colcon.colcon_core.package_identification:_identify(imu_strap_data_only) by extension 'colcon_pkg'
[0.417s] Level 1:colcon.colcon_core.package_identification:_identify(imu_strap_data_only) by extensions ['colcon_meta']
[0.417s] Level 1:colcon.colcon_core.package_identification:_identify(imu_strap_data_only) by extension 'colcon_meta'
[0.417s] Level 1:colcon.colcon_core.package_identification:_identify(imu_strap_data_only) by extensions ['ros']
[0.417s] Level 1:colcon.colcon_core.package_identification:_identify(imu_strap_data_only) by extension 'ros'
[0.417s] Level 1:colcon.colcon_core.package_identification:_identify(imu_strap_data_only) by extensions ['cmake', 'python']
[0.417s] Level 1:colcon.colcon_core.package_identification:_identify(imu_strap_data_only) by extension 'cmake'
[0.417s] Level 1:colcon.colcon_core.package_identification:_identify(imu_strap_data_only) by extension 'python'
[0.417s] Level 1:colcon.colcon_core.package_identification:_identify(imu_strap_data_only) by extensions ['python_setup_py']
[0.417s] Level 1:colcon.colcon_core.package_identification:_identify(imu_strap_data_only) by extension 'python_setup_py'
[0.418s] Level 1:colcon.colcon_core.package_identification:_identify(install) by extensions ['ignore', 'ignore_ament_install']
[0.418s] Level 1:colcon.colcon_core.package_identification:_identify(install) by extension 'ignore'
[0.418s] Level 1:colcon.colcon_core.package_identification:_identify(install) ignored
[0.419s] Level 1:colcon.colcon_core.package_identification:_identify(log) by extensions ['ignore', 'ignore_ament_install']
[0.420s] Level 1:colcon.colcon_core.package_identification:_identify(log) by extension 'ignore'
[0.420s] Level 1:colcon.colcon_core.package_identification:_identify(log) ignored
[0.421s] Level 1:colcon.colcon_core.package_identification:_identify(src) by extensions ['ignore', 'ignore_ament_install']
[0.421s] Level 1:colcon.colcon_core.package_identification:_identify(src) by extension 'ignore'
[0.421s] Level 1:colcon.colcon_core.package_identification:_identify(src) by extension 'ignore_ament_install'
[0.421s] Level 1:colcon.colcon_core.package_identification:_identify(src) by extensions ['colcon_pkg']
[0.421s] Level 1:colcon.colcon_core.package_identification:_identify(src) by extension 'colcon_pkg'
[0.421s] Level 1:colcon.colcon_core.package_identification:_identify(src) by extensions ['colcon_meta']
[0.421s] Level 1:colcon.colcon_core.package_identification:_identify(src) by extension 'colcon_meta'
[0.422s] Level 1:colcon.colcon_core.package_identification:_identify(src) by extensions ['ros']
[0.422s] Level 1:colcon.colcon_core.package_identification:_identify(src) by extension 'ros'
[0.422s] Level 1:colcon.colcon_core.package_identification:_identify(src) by extensions ['cmake', 'python']
[0.422s] Level 1:colcon.colcon_core.package_identification:_identify(src) by extension 'cmake'
[0.422s] Level 1:colcon.colcon_core.package_identification:_identify(src) by extension 'python'
[0.422s] Level 1:colcon.colcon_core.package_identification:_identify(src) by extensions ['python_setup_py']
[0.423s] Level 1:colcon.colcon_core.package_identification:_identify(src) by extension 'python_setup_py'
[0.423s] Level 1:colcon.colcon_core.package_identification:_identify(src/ht_nav_variables) by extensions ['ignore', 'ignore_ament_install']
[0.423s] Level 1:colcon.colcon_core.package_identification:_identify(src/ht_nav_variables) by extension 'ignore'
[0.424s] Level 1:colcon.colcon_core.package_identification:_identify(src/ht_nav_variables) by extension 'ignore_ament_install'
[0.424s] Level 1:colcon.colcon_core.package_identification:_identify(src/ht_nav_variables) by extensions ['colcon_pkg']
[0.424s] Level 1:colcon.colcon_core.package_identification:_identify(src/ht_nav_variables) by extension 'colcon_pkg'
[0.425s] Level 1:colcon.colcon_core.package_identification:_identify(src/ht_nav_variables) by extensions ['colcon_meta']
[0.425s] Level 1:colcon.colcon_core.package_identification:_identify(src/ht_nav_variables) by extension 'colcon_meta'
[0.425s] Level 1:colcon.colcon_core.package_identification:_identify(src/ht_nav_variables) by extensions ['ros']
[0.425s] Level 1:colcon.colcon_core.package_identification:_identify(src/ht_nav_variables) by extension 'ros'
[0.429s] DEBUG:colcon.colcon_core.package_identification:Package 'src/ht_nav_variables' with type 'ros.ament_cmake' and name 'ht_nav_variables'
[0.430s] Level 1:colcon.colcon_core.package_identification:_identify(src/ht_strap_package) by extensions ['ignore', 'ignore_ament_install']
[0.430s] Level 1:colcon.colcon_core.package_identification:_identify(src/ht_strap_package) by extension 'ignore'
[0.431s] Level 1:colcon.colcon_core.package_identification:_identify(src/ht_strap_package) by extension 'ignore_ament_install'
[0.431s] Level 1:colcon.colcon_core.package_identification:_identify(src/ht_strap_package) by extensions ['colcon_pkg']
[0.431s] Level 1:colcon.colcon_core.package_identification:_identify(src/ht_strap_package) by extension 'colcon_pkg'
[0.431s] Level 1:colcon.colcon_core.package_identification:_identify(src/ht_strap_package) by extensions ['colcon_meta']
[0.432s] Level 1:colcon.colcon_core.package_identification:_identify(src/ht_strap_package) by extension 'colcon_meta'
[0.432s] Level 1:colcon.colcon_core.package_identification:_identify(src/ht_strap_package) by extensions ['ros']
[0.432s] Level 1:colcon.colcon_core.package_identification:_identify(src/ht_strap_package) by extension 'ros'
[0.434s] DEBUG:colcon.colcon_core.package_identification:Package 'src/ht_strap_package' with type 'ros.ament_python' and name 'ht_strap_package'
[0.435s] Level 1:colcon.colcon_core.package_identification:_identify(veri_gazebo) by extensions ['ignore', 'ignore_ament_install']
[0.435s] Level 1:colcon.colcon_core.package_identification:_identify(veri_gazebo) by extension 'ignore'
[0.435s] Level 1:colcon.colcon_core.package_identification:_identify(veri_gazebo) by extension 'ignore_ament_install'
[0.435s] Level 1:colcon.colcon_core.package_identification:_identify(veri_gazebo) by extensions ['colcon_pkg']
[0.435s] Level 1:colcon.colcon_core.package_identification:_identify(veri_gazebo) by extension 'colcon_pkg'
[0.436s] Level 1:colcon.colcon_core.package_identification:_identify(veri_gazebo) by extensions ['colcon_meta']
[0.436s] Level 1:colcon.colcon_core.package_identification:_identify(veri_gazebo) by extension 'colcon_meta'
[0.436s] Level 1:colcon.colcon_core.package_identification:_identify(veri_gazebo) by extensions ['ros']
[0.436s] Level 1:colcon.colcon_core.package_identification:_identify(veri_gazebo) by extension 'ros'
[0.436s] Level 1:colcon.colcon_core.package_identification:_identify(veri_gazebo) by extensions ['cmake', 'python']
[0.436s] Level 1:colcon.colcon_core.package_identification:_identify(veri_gazebo) by extension 'cmake'
[0.436s] Level 1:colcon.colcon_core.package_identification:_identify(veri_gazebo) by extension 'python'
[0.436s] Level 1:colcon.colcon_core.package_identification:_identify(veri_gazebo) by extensions ['python_setup_py']
[0.436s] Level 1:colcon.colcon_core.package_identification:_identify(veri_gazebo) by extension 'python_setup_py'
[0.437s] Level 1:colcon.colcon_core.package_identification:_identify(veri_gazebo/veri_1) by extensions ['ignore', 'ignore_ament_install']
[0.437s] Level 1:colcon.colcon_core.package_identification:_identify(veri_gazebo/veri_1) by extension 'ignore'
[0.437s] Level 1:colcon.colcon_core.package_identification:_identify(veri_gazebo/veri_1) by extension 'ignore_ament_install'
[0.437s] Level 1:colcon.colcon_core.package_identification:_identify(veri_gazebo/veri_1) by extensions ['colcon_pkg']
[0.438s] Level 1:colcon.colcon_core.package_identification:_identify(veri_gazebo/veri_1) by extension 'colcon_pkg'
[0.438s] Level 1:colcon.colcon_core.package_identification:_identify(veri_gazebo/veri_1) by extensions ['colcon_meta']
[0.438s] Level 1:colcon.colcon_core.package_identification:_identify(veri_gazebo/veri_1) by extension 'colcon_meta'
[0.438s] Level 1:colcon.colcon_core.package_identification:_identify(veri_gazebo/veri_1) by extensions ['ros']
[0.438s] Level 1:colcon.colcon_core.package_identification:_identify(veri_gazebo/veri_1) by extension 'ros'
[0.439s] Level 1:colcon.colcon_core.package_identification:_identify(veri_gazebo/veri_1) by extensions ['cmake', 'python']
[0.439s] Level 1:colcon.colcon_core.package_identification:_identify(veri_gazebo/veri_1) by extension 'cmake'
[0.439s] Level 1:colcon.colcon_core.package_identification:_identify(veri_gazebo/veri_1) by extension 'python'
[0.439s] Level 1:colcon.colcon_core.package_identification:_identify(veri_gazebo/veri_1) by extensions ['python_setup_py']
[0.439s] Level 1:colcon.colcon_core.package_identification:_identify(veri_gazebo/veri_1) by extension 'python_setup_py'
[0.439s] Level 1:colcon.colcon_core.package_identification:_identify(veri_gazebo/veri_2) by extensions ['ignore', 'ignore_ament_install']
[0.440s] Level 1:colcon.colcon_core.package_identification:_identify(veri_gazebo/veri_2) by extension 'ignore'
[0.440s] Level 1:colcon.colcon_core.package_identification:_identify(veri_gazebo/veri_2) by extension 'ignore_ament_install'
[0.440s] Level 1:colcon.colcon_core.package_identification:_identify(veri_gazebo/veri_2) by extensions ['colcon_pkg']
[0.440s] Level 1:colcon.colcon_core.package_identification:_identify(veri_gazebo/veri_2) by extension 'colcon_pkg'
[0.440s] Level 1:colcon.colcon_core.package_identification:_identify(veri_gazebo/veri_2) by extensions ['colcon_meta']
[0.441s] Level 1:colcon.colcon_core.package_identification:_identify(veri_gazebo/veri_2) by extension 'colcon_meta'
[0.441s] Level 1:colcon.colcon_core.package_identification:_identify(veri_gazebo/veri_2) by extensions ['ros']
[0.441s] Level 1:colcon.colcon_core.package_identification:_identify(veri_gazebo/veri_2) by extension 'ros'
[0.441s] Level 1:colcon.colcon_core.package_identification:_identify(veri_gazebo/veri_2) by extensions ['cmake', 'python']
[0.441s] Level 1:colcon.colcon_core.package_identification:_identify(veri_gazebo/veri_2) by extension 'cmake'
[0.441s] Level 1:colcon.colcon_core.package_identification:_identify(veri_gazebo/veri_2) by extension 'python'
[0.441s] Level 1:colcon.colcon_core.package_identification:_identify(veri_gazebo/veri_2) by extensions ['python_setup_py']
[0.441s] Level 1:colcon.colcon_core.package_identification:_identify(veri_gazebo/veri_2) by extension 'python_setup_py'
[0.442s] Level 1:colcon.colcon_core.package_identification:_identify(veri_gazebo/veri_3_joint_vel_50Hz) by extensions ['ignore', 'ignore_ament_install']
[0.442s] Level 1:colcon.colcon_core.package_identification:_identify(veri_gazebo/veri_3_joint_vel_50Hz) by extension 'ignore'
[0.442s] Level 1:colcon.colcon_core.package_identification:_identify(veri_gazebo/veri_3_joint_vel_50Hz) by extension 'ignore_ament_install'
[0.443s] Level 1:colcon.colcon_core.package_identification:_identify(veri_gazebo/veri_3_joint_vel_50Hz) by extensions ['colcon_pkg']
[0.443s] Level 1:colcon.colcon_core.package_identification:_identify(veri_gazebo/veri_3_joint_vel_50Hz) by extension 'colcon_pkg'
[0.443s] Level 1:colcon.colcon_core.package_identification:_identify(veri_gazebo/veri_3_joint_vel_50Hz) by extensions ['colcon_meta']
[0.443s] Level 1:colcon.colcon_core.package_identification:_identify(veri_gazebo/veri_3_joint_vel_50Hz) by extension 'colcon_meta'
[0.443s] Level 1:colcon.colcon_core.package_identification:_identify(veri_gazebo/veri_3_joint_vel_50Hz) by extensions ['ros']
[0.443s] Level 1:colcon.colcon_core.package_identification:_identify(veri_gazebo/veri_3_joint_vel_50Hz) by extension 'ros'
[0.443s] Level 1:colcon.colcon_core.package_identification:_identify(veri_gazebo/veri_3_joint_vel_50Hz) by extensions ['cmake', 'python']
[0.444s] Level 1:colcon.colcon_core.package_identification:_identify(veri_gazebo/veri_3_joint_vel_50Hz) by extension 'cmake'
[0.444s] Level 1:colcon.colcon_core.package_identification:_identify(veri_gazebo/veri_3_joint_vel_50Hz) by extension 'python'
[0.444s] Level 1:colcon.colcon_core.package_identification:_identify(veri_gazebo/veri_3_joint_vel_50Hz) by extensions ['python_setup_py']
[0.444s] Level 1:colcon.colcon_core.package_identification:_identify(veri_gazebo/veri_3_joint_vel_50Hz) by extension 'python_setup_py'
[0.444s] Level 1:colcon.colcon_core.package_identification:_identify(veri_gazebo/veri_4_joint_vel_25Hz) by extensions ['ignore', 'ignore_ament_install']
[0.445s] Level 1:colcon.colcon_core.package_identification:_identify(veri_gazebo/veri_4_joint_vel_25Hz) by extension 'ignore'
[0.445s] Level 1:colcon.colcon_core.package_identification:_identify(veri_gazebo/veri_4_joint_vel_25Hz) by extension 'ignore_ament_install'
[0.445s] Level 1:colcon.colcon_core.package_identification:_identify(veri_gazebo/veri_4_joint_vel_25Hz) by extensions ['colcon_pkg']
[0.445s] Level 1:colcon.colcon_core.package_identification:_identify(veri_gazebo/veri_4_joint_vel_25Hz) by extension 'colcon_pkg'
[0.445s] Level 1:colcon.colcon_core.package_identification:_identify(veri_gazebo/veri_4_joint_vel_25Hz) by extensions ['colcon_meta']
[0.445s] Level 1:colcon.colcon_core.package_identification:_identify(veri_gazebo/veri_4_joint_vel_25Hz) by extension 'colcon_meta'
[0.445s] Level 1:colcon.colcon_core.package_identification:_identify(veri_gazebo/veri_4_joint_vel_25Hz) by extensions ['ros']
[0.445s] Level 1:colcon.colcon_core.package_identification:_identify(veri_gazebo/veri_4_joint_vel_25Hz) by extension 'ros'
[0.445s] Level 1:colcon.colcon_core.package_identification:_identify(veri_gazebo/veri_4_joint_vel_25Hz) by extensions ['cmake', 'python']
[0.446s] Level 1:colcon.colcon_core.package_identification:_identify(veri_gazebo/veri_4_joint_vel_25Hz) by extension 'cmake'
[0.446s] Level 1:colcon.colcon_core.package_identification:_identify(veri_gazebo/veri_4_joint_vel_25Hz) by extension 'python'
[0.446s] Level 1:colcon.colcon_core.package_identification:_identify(veri_gazebo/veri_4_joint_vel_25Hz) by extensions ['python_setup_py']
[0.446s] Level 1:colcon.colcon_core.package_identification:_identify(veri_gazebo/veri_4_joint_vel_25Hz) by extension 'python_setup_py'
[0.447s] Level 1:colcon.colcon_core.package_identification:_identify(veri_gazebo/veri_5_joint_vel_100Hz) by extensions ['ignore', 'ignore_ament_install']
[0.447s] Level 1:colcon.colcon_core.package_identification:_identify(veri_gazebo/veri_5_joint_vel_100Hz) by extension 'ignore'
[0.447s] Level 1:colcon.colcon_core.package_identification:_identify(veri_gazebo/veri_5_joint_vel_100Hz) by extension 'ignore_ament_install'
[0.447s] Level 1:colcon.colcon_core.package_identification:_identify(veri_gazebo/veri_5_joint_vel_100Hz) by extensions ['colcon_pkg']
[0.447s] Level 1:colcon.colcon_core.package_identification:_identify(veri_gazebo/veri_5_joint_vel_100Hz) by extension 'colcon_pkg'
[0.447s] Level 1:colcon.colcon_core.package_identification:_identify(veri_gazebo/veri_5_joint_vel_100Hz) by extensions ['colcon_meta']
[0.447s] Level 1:colcon.colcon_core.package_identification:_identify(veri_gazebo/veri_5_joint_vel_100Hz) by extension 'colcon_meta'
[0.448s] Level 1:colcon.colcon_core.package_identification:_identify(veri_gazebo/veri_5_joint_vel_100Hz) by extensions ['ros']
[0.448s] Level 1:colcon.colcon_core.package_identification:_identify(veri_gazebo/veri_5_joint_vel_100Hz) by extension 'ros'
[0.448s] Level 1:colcon.colcon_core.package_identification:_identify(veri_gazebo/veri_5_joint_vel_100Hz) by extensions ['cmake', 'python']
[0.448s] Level 1:colcon.colcon_core.package_identification:_identify(veri_gazebo/veri_5_joint_vel_100Hz) by extension 'cmake'
[0.448s] Level 1:colcon.colcon_core.package_identification:_identify(veri_gazebo/veri_5_joint_vel_100Hz) by extension 'python'
[0.448s] Level 1:colcon.colcon_core.package_identification:_identify(veri_gazebo/veri_5_joint_vel_100Hz) by extensions ['python_setup_py']
[0.448s] Level 1:colcon.colcon_core.package_identification:_identify(veri_gazebo/veri_5_joint_vel_100Hz) by extension 'python_setup_py'
[0.449s] Level 1:colcon.colcon_core.package_identification:_identify(veri_gazebo/veri_body_slipping) by extensions ['ignore', 'ignore_ament_install']
[0.449s] Level 1:colcon.colcon_core.package_identification:_identify(veri_gazebo/veri_body_slipping) by extension 'ignore'
[0.449s] Level 1:colcon.colcon_core.package_identification:_identify(veri_gazebo/veri_body_slipping) by extension 'ignore_ament_install'
[0.449s] Level 1:colcon.colcon_core.package_identification:_identify(veri_gazebo/veri_body_slipping) by extensions ['colcon_pkg']
[0.449s] Level 1:colcon.colcon_core.package_identification:_identify(veri_gazebo/veri_body_slipping) by extension 'colcon_pkg'
[0.449s] Level 1:colcon.colcon_core.package_identification:_identify(veri_gazebo/veri_body_slipping) by extensions ['colcon_meta']
[0.449s] Level 1:colcon.colcon_core.package_identification:_identify(veri_gazebo/veri_body_slipping) by extension 'colcon_meta'
[0.449s] Level 1:colcon.colcon_core.package_identification:_identify(veri_gazebo/veri_body_slipping) by extensions ['ros']
[0.449s] Level 1:colcon.colcon_core.package_identification:_identify(veri_gazebo/veri_body_slipping) by extension 'ros'
[0.450s] Level 1:colcon.colcon_core.package_identification:_identify(veri_gazebo/veri_body_slipping) by extensions ['cmake', 'python']
[0.450s] Level 1:colcon.colcon_core.package_identification:_identify(veri_gazebo/veri_body_slipping) by extension 'cmake'
[0.450s] Level 1:colcon.colcon_core.package_identification:_identify(veri_gazebo/veri_body_slipping) by extension 'python'
[0.450s] Level 1:colcon.colcon_core.package_identification:_identify(veri_gazebo/veri_body_slipping) by extensions ['python_setup_py']
[0.450s] Level 1:colcon.colcon_core.package_identification:_identify(veri_gazebo/veri_body_slipping) by extension 'python_setup_py'
[0.451s] Level 1:colcon.colcon_core.package_identification:_identify(veri_gazebo/veri_deneme) by extensions ['ignore', 'ignore_ament_install']
[0.451s] Level 1:colcon.colcon_core.package_identification:_identify(veri_gazebo/veri_deneme) by extension 'ignore'
[0.451s] Level 1:colcon.colcon_core.package_identification:_identify(veri_gazebo/veri_deneme) by extension 'ignore_ament_install'
[0.451s] Level 1:colcon.colcon_core.package_identification:_identify(veri_gazebo/veri_deneme) by extensions ['colcon_pkg']
[0.451s] Level 1:colcon.colcon_core.package_identification:_identify(veri_gazebo/veri_deneme) by extension 'colcon_pkg'
[0.451s] Level 1:colcon.colcon_core.package_identification:_identify(veri_gazebo/veri_deneme) by extensions ['colcon_meta']
[0.451s] Level 1:colcon.colcon_core.package_identification:_identify(veri_gazebo/veri_deneme) by extension 'colcon_meta'
[0.451s] Level 1:colcon.colcon_core.package_identification:_identify(veri_gazebo/veri_deneme) by extensions ['ros']
[0.451s] Level 1:colcon.colcon_core.package_identification:_identify(veri_gazebo/veri_deneme) by extension 'ros'
[0.451s] Level 1:colcon.colcon_core.package_identification:_identify(veri_gazebo/veri_deneme) by extensions ['cmake', 'python']
[0.451s] Level 1:colcon.colcon_core.package_identification:_identify(veri_gazebo/veri_deneme) by extension 'cmake'
[0.451s] Level 1:colcon.colcon_core.package_identification:_identify(veri_gazebo/veri_deneme) by extension 'python'
[0.451s] Level 1:colcon.colcon_core.package_identification:_identify(veri_gazebo/veri_deneme) by extensions ['python_setup_py']
[0.451s] Level 1:colcon.colcon_core.package_identification:_identify(veri_gazebo/veri_deneme) by extension 'python_setup_py'
[0.452s] Level 1:colcon.colcon_core.package_identification:_identify(worlds) by extensions ['ignore', 'ignore_ament_install']
[0.452s] Level 1:colcon.colcon_core.package_identification:_identify(worlds) by extension 'ignore'
[0.452s] Level 1:colcon.colcon_core.package_identification:_identify(worlds) by extension 'ignore_ament_install'
[0.452s] Level 1:colcon.colcon_core.package_identification:_identify(worlds) by extensions ['colcon_pkg']
[0.452s] Level 1:colcon.colcon_core.package_identification:_identify(worlds) by extension 'colcon_pkg'
[0.452s] Level 1:colcon.colcon_core.package_identification:_identify(worlds) by extensions ['colcon_meta']
[0.452s] Level 1:colcon.colcon_core.package_identification:_identify(worlds) by extension 'colcon_meta'
[0.452s] Level 1:colcon.colcon_core.package_identification:_identify(worlds) by extensions ['ros']
[0.452s] Level 1:colcon.colcon_core.package_identification:_identify(worlds) by extension 'ros'
[0.452s] Level 1:colcon.colcon_core.package_identification:_identify(worlds) by extensions ['cmake', 'python']
[0.452s] Level 1:colcon.colcon_core.package_identification:_identify(worlds) by extension 'cmake'
[0.452s] Level 1:colcon.colcon_core.package_identification:_identify(worlds) by extension 'python'
[0.452s] Level 1:colcon.colcon_core.package_identification:_identify(worlds) by extensions ['python_setup_py']
[0.452s] Level 1:colcon.colcon_core.package_identification:_identify(worlds) by extension 'python_setup_py'
[0.452s] Level 1:colcon.colcon_core.package_discovery:discover_packages(recursive) using defaults
[0.453s] Level 1:colcon.colcon_core.package_discovery:discover_packages(ignore) discover
[0.453s] Level 1:colcon.colcon_core.package_discovery:discover_packages(ignore) using defaults
[0.453s] Level 1:colcon.colcon_core.package_discovery:discover_packages(path) discover
[0.453s] Level 1:colcon.colcon_core.package_discovery:discover_packages(path) using defaults
[0.492s] Level 5:colcon.colcon_core.verb:set package 'ht_nav_variables' build argument 'cmake_args' from command line to 'None'
[0.493s] Level 5:colcon.colcon_core.verb:set package 'ht_nav_variables' build argument 'cmake_target' from command line to 'None'
[0.493s] Level 5:colcon.colcon_core.verb:set package 'ht_nav_variables' build argument 'cmake_target_skip_unavailable' from command line to 'False'
[0.493s] Level 5:colcon.colcon_core.verb:set package 'ht_nav_variables' build argument 'cmake_clean_cache' from command line to 'False'
[0.493s] Level 5:colcon.colcon_core.verb:set package 'ht_nav_variables' build argument 'cmake_clean_first' from command line to 'False'
[0.493s] Level 5:colcon.colcon_core.verb:set package 'ht_nav_variables' build argument 'cmake_force_configure' from command line to 'False'
[0.493s] Level 5:colcon.colcon_core.verb:set package 'ht_nav_variables' build argument 'ament_cmake_args' from command line to 'None'
[0.493s] Level 5:colcon.colcon_core.verb:set package 'ht_nav_variables' build argument 'catkin_cmake_args' from command line to 'None'
[0.493s] Level 5:colcon.colcon_core.verb:set package 'ht_nav_variables' build argument 'catkin_skip_building_tests' from command line to 'False'
[0.493s] DEBUG:colcon.colcon_core.verb:Building package 'ht_nav_variables' with the following arguments: {'ament_cmake_args': None, 'build_base': '/home/temur/INS-GPS-ROS2/build/ht_nav_variables', 'catkin_cmake_args': None, 'catkin_skip_building_tests': False, 'cmake_args': None, 'cmake_clean_cache': False, 'cmake_clean_first': False, 'cmake_force_configure': False, 'cmake_target': None, 'cmake_target_skip_unavailable': False, 'install_base': '/home/temur/INS-GPS-ROS2/install/ht_nav_variables', 'merge_install': False, 'path': '/home/temur/INS-GPS-ROS2/src/ht_nav_variables', 'symlink_install': False, 'test_result_base': None}
[0.495s] Level 5:colcon.colcon_core.verb:set package 'ht_strap_package' build argument 'cmake_args' from command line to 'None'
[0.495s] Level 5:colcon.colcon_core.verb:set package 'ht_strap_package' build argument 'cmake_target' from command line to 'None'
[0.495s] Level 5:colcon.colcon_core.verb:set package 'ht_strap_package' build argument 'cmake_target_skip_unavailable' from command line to 'False'
[0.495s] Level 5:colcon.colcon_core.verb:set package 'ht_strap_package' build argument 'cmake_clean_cache' from command line to 'False'
[0.495s] Level 5:colcon.colcon_core.verb:set package 'ht_strap_package' build argument 'cmake_clean_first' from command line to 'False'
[0.495s] Level 5:colcon.colcon_core.verb:set package 'ht_strap_package' build argument 'cmake_force_configure' from command line to 'False'
[0.495s] Level 5:colcon.colcon_core.verb:set package 'ht_strap_package' build argument 'ament_cmake_args' from command line to 'None'
[0.495s] Level 5:colcon.colcon_core.verb:set package 'ht_strap_package' build argument 'catkin_cmake_args' from command line to 'None'
[0.495s] Level 5:colcon.colcon_core.verb:set package 'ht_strap_package' build argument 'catkin_skip_building_tests' from command line to 'False'
[0.495s] DEBUG:colcon.colcon_core.verb:Building package 'ht_strap_package' with the following arguments: {'ament_cmake_args': None, 'build_base': '/home/temur/INS-GPS-ROS2/build/ht_strap_package', 'catkin_cmake_args': None, 'catkin_skip_building_tests': False, 'cmake_args': None, 'cmake_clean_cache': False, 'cmake_clean_first': False, 'cmake_force_configure': False, 'cmake_target': None, 'cmake_target_skip_unavailable': False, 'install_base': '/home/temur/INS-GPS-ROS2/install/ht_strap_package', 'merge_install': False, 'path': '/home/temur/INS-GPS-ROS2/src/ht_strap_package', 'symlink_install': False, 'test_result_base': None}
[0.504s] INFO:colcon.colcon_core.executor:Executing jobs using 'parallel' executor
[0.508s] DEBUG:colcon.colcon_parallel_executor.executor.parallel:run_until_complete
[0.509s] INFO:colcon.colcon_ros.task.ament_cmake.build:Building ROS package in '/home/temur/INS-GPS-ROS2/src/ht_nav_variables' with build type 'ament_cmake'
[0.509s] INFO:colcon.colcon_cmake.task.cmake.build:Building CMake package in '/home/temur/INS-GPS-ROS2/src/ht_nav_variables'
[0.518s] INFO:colcon.colcon_core.plugin_system:Skipping extension 'colcon_core.shell.bat': Not used on non-Windows systems
[0.519s] INFO:colcon.colcon_core.shell:Skip shell extension 'powershell' for command environment: Not usable outside of PowerShell
[0.519s] DEBUG:colcon.colcon_core.shell:Skip shell extension 'dsv' for command environment
[0.543s] DEBUG:colcon.colcon_core.event_handler.log_command:Invoking command in '/home/temur/INS-GPS-ROS2/build/ht_nav_variables': CMAKE_PREFIX_PATH=${CMAKE_PREFIX_PATH}:/home/temur/INS-GPS-ROS2/install/ht_strap_package:/opt/ros/foxy /usr/bin/cmake --build /home/temur/INS-GPS-ROS2/build/ht_nav_variables -- -j12 -l12
[0.997s] DEBUG:colcon.colcon_core.event_handler.log_command:Invoked command in '/home/temur/INS-GPS-ROS2/build/ht_nav_variables' returned '0': CMAKE_PREFIX_PATH=${CMAKE_PREFIX_PATH}:/home/temur/INS-GPS-ROS2/install/ht_strap_package:/opt/ros/foxy /usr/bin/cmake --build /home/temur/INS-GPS-ROS2/build/ht_nav_variables -- -j12 -l12
[1.334s] DEBUG:colcon.colcon_core.event_handler.log_command:Invoking command in '/home/temur/INS-GPS-ROS2/build/ht_nav_variables': CMAKE_PREFIX_PATH=${CMAKE_PREFIX_PATH}:/home/temur/INS-GPS-ROS2/install/ht_strap_package:/opt/ros/foxy /usr/bin/cmake --install /home/temur/INS-GPS-ROS2/build/ht_nav_variables
[1.421s] Level 1:colcon.colcon_core.environment:create_environment_scripts_only(ht_nav_variables)
[1.422s] DEBUG:colcon.colcon_core.event_handler.log_command:Invoked command in '/home/temur/INS-GPS-ROS2/build/ht_nav_variables' returned '0': CMAKE_PREFIX_PATH=${CMAKE_PREFIX_PATH}:/home/temur/INS-GPS-ROS2/install/ht_strap_package:/opt/ros/foxy /usr/bin/cmake --install /home/temur/INS-GPS-ROS2/build/ht_nav_variables
[1.431s] Level 1:colcon.colcon_core.environment:checking '/home/temur/INS-GPS-ROS2/install/ht_nav_variables' for CMake module files
[1.431s] Level 1:colcon.colcon_core.environment:checking '/home/temur/INS-GPS-ROS2/install/ht_nav_variables' for CMake config files
[1.432s] Level 1:colcon.colcon_core.shell:create_environment_hook('ht_nav_variables', 'cmake_prefix_path')
[1.433s] INFO:colcon.colcon_core.shell:Creating environment hook '/home/temur/INS-GPS-ROS2/install/ht_nav_variables/share/ht_nav_variables/hook/cmake_prefix_path.ps1'
[1.434s] INFO:colcon.colcon_core.shell:Creating environment descriptor '/home/temur/INS-GPS-ROS2/install/ht_nav_variables/share/ht_nav_variables/hook/cmake_prefix_path.dsv'
[1.435s] INFO:colcon.colcon_core.shell:Creating environment hook '/home/temur/INS-GPS-ROS2/install/ht_nav_variables/share/ht_nav_variables/hook/cmake_prefix_path.sh'
[1.436s] Level 1:colcon.colcon_core.environment:checking '/home/temur/INS-GPS-ROS2/install/ht_nav_variables/lib'
[1.437s] Level 1:colcon.colcon_core.shell:create_environment_hook('ht_nav_variables', 'ld_library_path_lib')
[1.437s] INFO:colcon.colcon_core.shell:Creating environment hook '/home/temur/INS-GPS-ROS2/install/ht_nav_variables/share/ht_nav_variables/hook/ld_library_path_lib.ps1'
[1.438s] INFO:colcon.colcon_core.shell:Creating environment descriptor '/home/temur/INS-GPS-ROS2/install/ht_nav_variables/share/ht_nav_variables/hook/ld_library_path_lib.dsv'
[1.438s] INFO:colcon.colcon_core.shell:Creating environment hook '/home/temur/INS-GPS-ROS2/install/ht_nav_variables/share/ht_nav_variables/hook/ld_library_path_lib.sh'
[1.439s] Level 1:colcon.colcon_core.environment:checking '/home/temur/INS-GPS-ROS2/install/ht_nav_variables/bin'
[1.439s] Level 1:colcon.colcon_core.environment:checking '/home/temur/INS-GPS-ROS2/install/ht_nav_variables/lib/pkgconfig/ht_nav_variables.pc'
[1.439s] Level 1:colcon.colcon_core.environment:checking '/home/temur/INS-GPS-ROS2/install/ht_nav_variables/lib/python3.8/site-packages'
[1.439s] Level 1:colcon.colcon_core.shell:create_environment_hook('ht_nav_variables', 'pythonpath')
[1.440s] INFO:colcon.colcon_core.shell:Creating environment hook '/home/temur/INS-GPS-ROS2/install/ht_nav_variables/share/ht_nav_variables/hook/pythonpath.ps1'
[1.440s] INFO:colcon.colcon_core.shell:Creating environment descriptor '/home/temur/INS-GPS-ROS2/install/ht_nav_variables/share/ht_nav_variables/hook/pythonpath.dsv'
[1.441s] INFO:colcon.colcon_core.shell:Creating environment hook '/home/temur/INS-GPS-ROS2/install/ht_nav_variables/share/ht_nav_variables/hook/pythonpath.sh'
[1.442s] INFO:colcon.colcon_core.shell:Creating package script '/home/temur/INS-GPS-ROS2/install/ht_nav_variables/share/ht_nav_variables/package.ps1'
[1.443s] INFO:colcon.colcon_core.shell:Creating package descriptor '/home/temur/INS-GPS-ROS2/install/ht_nav_variables/share/ht_nav_variables/package.dsv'
[1.444s] INFO:colcon.colcon_core.shell:Creating package script '/home/temur/INS-GPS-ROS2/install/ht_nav_variables/share/ht_nav_variables/package.sh'
[1.446s] INFO:colcon.colcon_core.shell:Creating package script '/home/temur/INS-GPS-ROS2/install/ht_nav_variables/share/ht_nav_variables/package.bash'
[1.447s] INFO:colcon.colcon_core.shell:Creating package script '/home/temur/INS-GPS-ROS2/install/ht_nav_variables/share/ht_nav_variables/package.zsh'
[1.448s] Level 1:colcon.colcon_core.environment:create_file_with_runtime_dependencies(/home/temur/INS-GPS-ROS2/install/ht_nav_variables/share/colcon-core/packages/ht_nav_variables)
[1.738s] Level 1:colcon.colcon_core.environment:create_environment_scripts_only(ht_nav_variables)
[1.740s] Level 1:colcon.colcon_core.environment:checking '/home/temur/INS-GPS-ROS2/install/ht_nav_variables' for CMake module files
[1.741s] Level 1:colcon.colcon_core.environment:checking '/home/temur/INS-GPS-ROS2/install/ht_nav_variables' for CMake config files
[1.742s] Level 1:colcon.colcon_core.shell:create_environment_hook('ht_nav_variables', 'cmake_prefix_path')
[1.744s] INFO:colcon.colcon_core.shell:Creating environment hook '/home/temur/INS-GPS-ROS2/install/ht_nav_variables/share/ht_nav_variables/hook/cmake_prefix_path.ps1'
[1.745s] INFO:colcon.colcon_core.shell:Creating environment descriptor '/home/temur/INS-GPS-ROS2/install/ht_nav_variables/share/ht_nav_variables/hook/cmake_prefix_path.dsv'
[1.745s] INFO:colcon.colcon_core.shell:Creating environment hook '/home/temur/INS-GPS-ROS2/install/ht_nav_variables/share/ht_nav_variables/hook/cmake_prefix_path.sh'
[1.747s] Level 1:colcon.colcon_core.environment:checking '/home/temur/INS-GPS-ROS2/install/ht_nav_variables/lib'
[1.747s] Level 1:colcon.colcon_core.shell:create_environment_hook('ht_nav_variables', 'ld_library_path_lib')
[1.748s] INFO:colcon.colcon_core.shell:Creating environment hook '/home/temur/INS-GPS-ROS2/install/ht_nav_variables/share/ht_nav_variables/hook/ld_library_path_lib.ps1'
[1.748s] INFO:colcon.colcon_core.shell:Creating environment descriptor '/home/temur/INS-GPS-ROS2/install/ht_nav_variables/share/ht_nav_variables/hook/ld_library_path_lib.dsv'
[1.749s] INFO:colcon.colcon_core.shell:Creating environment hook '/home/temur/INS-GPS-ROS2/install/ht_nav_variables/share/ht_nav_variables/hook/ld_library_path_lib.sh'
[1.749s] Level 1:colcon.colcon_core.environment:checking '/home/temur/INS-GPS-ROS2/install/ht_nav_variables/bin'
[1.749s] Level 1:colcon.colcon_core.environment:checking '/home/temur/INS-GPS-ROS2/install/ht_nav_variables/lib/pkgconfig/ht_nav_variables.pc'
[1.749s] Level 1:colcon.colcon_core.environment:checking '/home/temur/INS-GPS-ROS2/install/ht_nav_variables/lib/python3.8/site-packages'
[1.750s] Level 1:colcon.colcon_core.shell:create_environment_hook('ht_nav_variables', 'pythonpath')
[1.750s] INFO:colcon.colcon_core.shell:Creating environment hook '/home/temur/INS-GPS-ROS2/install/ht_nav_variables/share/ht_nav_variables/hook/pythonpath.ps1'
[1.751s] INFO:colcon.colcon_core.shell:Creating environment descriptor '/home/temur/INS-GPS-ROS2/install/ht_nav_variables/share/ht_nav_variables/hook/pythonpath.dsv'
[1.751s] INFO:colcon.colcon_core.shell:Creating environment hook '/home/temur/INS-GPS-ROS2/install/ht_nav_variables/share/ht_nav_variables/hook/pythonpath.sh'
[1.753s] INFO:colcon.colcon_core.shell:Creating package script '/home/temur/INS-GPS-ROS2/install/ht_nav_variables/share/ht_nav_variables/package.ps1'
[1.753s] INFO:colcon.colcon_core.shell:Creating package descriptor '/home/temur/INS-GPS-ROS2/install/ht_nav_variables/share/ht_nav_variables/package.dsv'
[1.754s] INFO:colcon.colcon_core.shell:Creating package script '/home/temur/INS-GPS-ROS2/install/ht_nav_variables/share/ht_nav_variables/package.sh'
[1.755s] INFO:colcon.colcon_core.shell:Creating package script '/home/temur/INS-GPS-ROS2/install/ht_nav_variables/share/ht_nav_variables/package.bash'
[1.755s] INFO:colcon.colcon_core.shell:Creating package script '/home/temur/INS-GPS-ROS2/install/ht_nav_variables/share/ht_nav_variables/package.zsh'
[1.755s] Level 1:colcon.colcon_core.environment:create_file_with_runtime_dependencies(/home/temur/INS-GPS-ROS2/install/ht_nav_variables/share/colcon-core/packages/ht_nav_variables)
[1.756s] INFO:colcon.colcon_ros.task.ament_python.build:Building ROS package in '/home/temur/INS-GPS-ROS2/src/ht_strap_package' with build type 'ament_python'
[1.756s] Level 1:colcon.colcon_core.shell:create_environment_hook('ht_strap_package', 'ament_prefix_path')
[1.757s] INFO:colcon.colcon_core.shell:Creating environment hook '/home/temur/INS-GPS-ROS2/install/ht_strap_package/share/ht_strap_package/hook/ament_prefix_path.ps1'
[1.758s] INFO:colcon.colcon_core.shell:Creating environment descriptor '/home/temur/INS-GPS-ROS2/install/ht_strap_package/share/ht_strap_package/hook/ament_prefix_path.dsv'
[1.759s] INFO:colcon.colcon_core.shell:Creating environment hook '/home/temur/INS-GPS-ROS2/install/ht_strap_package/share/ht_strap_package/hook/ament_prefix_path.sh'
[1.760s] INFO:colcon.colcon_core.shell:Skip shell extension 'powershell' for command environment: Not usable outside of PowerShell
[1.760s] DEBUG:colcon.colcon_core.shell:Skip shell extension 'dsv' for command environment
[2.093s] INFO:colcon.colcon_core.task.python.build:Building Python package in '/home/temur/INS-GPS-ROS2/src/ht_strap_package'
[2.094s] INFO:colcon.colcon_core.shell:Skip shell extension 'powershell' for command environment: Not usable outside of PowerShell
[2.095s] DEBUG:colcon.colcon_core.shell:Skip shell extension 'dsv' for command environment
[2.669s] DEBUG:colcon.colcon_core.event_handler.log_command:Invoking command in '/home/temur/INS-GPS-ROS2/src/ht_strap_package': PYTHONPATH=/home/temur/INS-GPS-ROS2/install/ht_strap_package/lib/python3.8/site-packages:/home/temur/INS-GPS-ROS2/install/ht_nav_variables/lib/python3.8/site-packages:/home/temur/INS-GPS-ROS2/install/ht_strap_package/lib/python3.8/site-packages:/opt/ros/foxy/lib/python3.8/site-packages /usr/bin/python3 setup.py egg_info --egg-base ../../build/ht_strap_package build --build-base /home/temur/INS-GPS-ROS2/build/ht_strap_package/build install --prefix /home/temur/INS-GPS-ROS2/install/ht_strap_package --record /home/temur/INS-GPS-ROS2/build/ht_strap_package/install.log --single-version-externally-managed
[3.114s] Level 1:colcon.colcon_core.environment:checking '/home/temur/INS-GPS-ROS2/install/ht_strap_package' for CMake module files
[3.115s] DEBUG:colcon.colcon_core.event_handler.log_command:Invoked command in '/home/temur/INS-GPS-ROS2/src/ht_strap_package' returned '0': PYTHONPATH=/home/temur/INS-GPS-ROS2/install/ht_strap_package/lib/python3.8/site-packages:/home/temur/INS-GPS-ROS2/install/ht_nav_variables/lib/python3.8/site-packages:/home/temur/INS-GPS-ROS2/install/ht_strap_package/lib/python3.8/site-packages:/opt/ros/foxy/lib/python3.8/site-packages /usr/bin/python3 setup.py egg_info --egg-base ../../build/ht_strap_package build --build-base /home/temur/INS-GPS-ROS2/build/ht_strap_package/build install --prefix /home/temur/INS-GPS-ROS2/install/ht_strap_package --record /home/temur/INS-GPS-ROS2/build/ht_strap_package/install.log --single-version-externally-managed
[3.116s] Level 1:colcon.colcon_core.environment:checking '/home/temur/INS-GPS-ROS2/install/ht_strap_package' for CMake config files
[3.117s] Level 1:colcon.colcon_core.environment:checking '/home/temur/INS-GPS-ROS2/install/ht_strap_package/lib'
[3.117s] Level 1:colcon.colcon_core.environment:checking '/home/temur/INS-GPS-ROS2/install/ht_strap_package/bin'
[3.118s] Level 1:colcon.colcon_core.environment:checking '/home/temur/INS-GPS-ROS2/install/ht_strap_package/lib/pkgconfig/ht_strap_package.pc'
[3.118s] Level 1:colcon.colcon_core.environment:checking '/home/temur/INS-GPS-ROS2/install/ht_strap_package/lib/python3.8/site-packages'
[3.118s] Level 1:colcon.colcon_core.shell:create_environment_hook('ht_strap_package', 'pythonpath')
[3.119s] INFO:colcon.colcon_core.shell:Creating environment hook '/home/temur/INS-GPS-ROS2/install/ht_strap_package/share/ht_strap_package/hook/pythonpath.ps1'
[3.120s] INFO:colcon.colcon_core.shell:Creating environment descriptor '/home/temur/INS-GPS-ROS2/install/ht_strap_package/share/ht_strap_package/hook/pythonpath.dsv'
[3.121s] INFO:colcon.colcon_core.shell:Creating environment hook '/home/temur/INS-GPS-ROS2/install/ht_strap_package/share/ht_strap_package/hook/pythonpath.sh'
[3.122s] Level 1:colcon.colcon_core.environment:create_environment_scripts_only(ht_strap_package)
[3.123s] INFO:colcon.colcon_core.shell:Creating package script '/home/temur/INS-GPS-ROS2/install/ht_strap_package/share/ht_strap_package/package.ps1'
[3.124s] INFO:colcon.colcon_core.shell:Creating package descriptor '/home/temur/INS-GPS-ROS2/install/ht_strap_package/share/ht_strap_package/package.dsv'
[3.124s] INFO:colcon.colcon_core.shell:Creating package script '/home/temur/INS-GPS-ROS2/install/ht_strap_package/share/ht_strap_package/package.sh'
[3.125s] INFO:colcon.colcon_core.shell:Creating package script '/home/temur/INS-GPS-ROS2/install/ht_strap_package/share/ht_strap_package/package.bash'
[3.126s] INFO:colcon.colcon_core.shell:Creating package script '/home/temur/INS-GPS-ROS2/install/ht_strap_package/share/ht_strap_package/package.zsh'
[3.126s] Level 1:colcon.colcon_core.environment:create_file_with_runtime_dependencies(/home/temur/INS-GPS-ROS2/install/ht_strap_package/share/colcon-core/packages/ht_strap_package)
[3.127s] DEBUG:colcon.colcon_parallel_executor.executor.parallel:closing loop
[3.128s] DEBUG:colcon.colcon_parallel_executor.executor.parallel:loop closed
[3.128s] DEBUG:colcon.colcon_parallel_executor.executor.parallel:run_until_complete finished with '0'
[3.128s] DEBUG:colcon.colcon_core.event_reactor:joining thread
[3.140s] INFO:colcon.colcon_core.plugin_system:Skipping extension 'colcon_notification.desktop_notification.terminal_notifier': Not used on non-Darwin systems
[3.140s] INFO:colcon.colcon_core.plugin_system:Skipping extension 'colcon_notification.desktop_notification.win32': Not used on non-Windows systems
[3.140s] INFO:colcon.colcon_notification.desktop_notification:Sending desktop notification using 'notify2'
[3.164s] DEBUG:colcon.colcon_core.event_reactor:joined thread
[3.165s] INFO:colcon.colcon_core.shell:Creating prefix script '/home/temur/INS-GPS-ROS2/install/local_setup.ps1'
[3.167s] INFO:colcon.colcon_core.shell:Creating prefix util module '/home/temur/INS-GPS-ROS2/install/_local_setup_util_ps1.py'
[3.171s] INFO:colcon.colcon_core.shell:Creating prefix chain script '/home/temur/INS-GPS-ROS2/install/setup.ps1'
[3.173s] INFO:colcon.colcon_core.shell:Creating prefix script '/home/temur/INS-GPS-ROS2/install/local_setup.sh'
[3.175s] INFO:colcon.colcon_core.shell:Creating prefix util module '/home/temur/INS-GPS-ROS2/install/_local_setup_util_sh.py'
[3.176s] INFO:colcon.colcon_core.shell:Creating prefix chain script '/home/temur/INS-GPS-ROS2/install/setup.sh'
[3.178s] INFO:colcon.colcon_core.shell:Creating prefix script '/home/temur/INS-GPS-ROS2/install/local_setup.bash'
[3.179s] INFO:colcon.colcon_core.shell:Creating prefix chain script '/home/temur/INS-GPS-ROS2/install/setup.bash'
[3.182s] INFO:colcon.colcon_core.shell:Creating prefix script '/home/temur/INS-GPS-ROS2/install/local_setup.zsh'
[3.184s] INFO:colcon.colcon_core.shell:Creating prefix chain script '/home/temur/INS-GPS-ROS2/install/setup.zsh'
