[0.113s] DEBUG:colcon:Command line arguments: ['/usr/bin/colcon', 'build', '--allow-overriding', 'ht_nav_variables', 'ht_strap_package']
[0.113s] DEBUG:colcon:Parsed command line arguments: Namespace(allow_overriding=['ht_nav_variables', 'ht_strap_package'], ament_cmake_args=None, base_paths=['.'], build_base='build', catkin_cmake_args=None, catkin_skip_building_tests=False, cmake_args=None, cmake_clean_cache=False, cmake_clean_first=False, cmake_force_configure=False, cmake_target=None, cmake_target_skip_unavailable=False, continue_on_error=False, event_handlers=None, executor='parallel', ignore_user_meta=False, install_base='install', log_base=None, log_level=None, main=<bound method BuildVerb.main of <colcon_core.verb.build.BuildVerb object at 0x7f0a23ca5550>>, merge_install=False, metas=['./colcon.meta'], packages_above=None, packages_above_and_dependencies=None, packages_above_depth=None, packages_end=None, packages_ignore=None, packages_ignore_regex=None, packages_select=None, packages_select_build_failed=False, packages_select_by_dep=None, packages_select_regex=None, packages_select_test_failures=False, packages_skip=None, packages_skip_build_finished=False, packages_skip_by_dep=None, packages_skip_regex=None, packages_skip_test_passed=False, packages_skip_up_to=None, packages_start=None, packages_up_to=None, packages_up_to_regex=None, parallel_workers=12, paths=None, symlink_install=False, test_result_base=None, verb_extension=<colcon_core.verb.build.BuildVerb object at 0x7f0a23ca5550>, verb_name='build', verb_parser=<colcon_defaults.argument_parser.defaults.DefaultArgumentsDecorator object at 0x7f0a23ca5a90>)
[0.117s] Level 1:colcon.colcon_core.package_discovery:discover_packages(colcon_meta) check parameters
[0.117s] Level 1:colcon.colcon_core.package_discovery:discover_packages(recursive) check parameters
[0.117s] Level 1:colcon.colcon_core.package_discovery:discover_packages(ignore) check parameters
[0.117s] Level 1:colcon.colcon_core.package_discovery:discover_packages(path) check parameters
[0.117s] Level 1:colcon.colcon_core.package_discovery:discover_packages(colcon_meta) discover
[0.117s] Level 1:colcon.colcon_core.package_discovery:discover_packages(recursive) discover
[0.117s] INFO:colcon.colcon_core.package_discovery:Crawling recursively for packages in '/home/temur/INS-GPS-ROS2'
[0.117s] Level 1:colcon.colcon_core.package_identification:_identify(.) by extensions ['ignore', 'ignore_ament_install']
[0.117s] Level 1:colcon.colcon_core.package_identification:_identify(.) by extension 'ignore'
[0.117s] Level 1:colcon.colcon_core.package_identification:_identify(.) by extension 'ignore_ament_install'
[0.117s] Level 1:colcon.colcon_core.package_identification:_identify(.) by extensions ['colcon_pkg']
[0.117s] Level 1:colcon.colcon_core.package_identification:_identify(.) by extension 'colcon_pkg'
[0.118s] Level 1:colcon.colcon_core.package_identification:_identify(.) by extensions ['colcon_meta']
[0.118s] Level 1:colcon.colcon_core.package_identification:_identify(.) by extension 'colcon_meta'
[0.118s] Level 1:colcon.colcon_core.package_identification:_identify(.) by extensions ['ros']
[0.118s] Level 1:colcon.colcon_core.package_identification:_identify(.) by extension 'ros'
[0.127s] Level 1:colcon.colcon_core.package_identification:_identify(.) by extensions ['cmake', 'python']
[0.127s] Level 1:colcon.colcon_core.package_identification:_identify(.) by extension 'cmake'
[0.127s] Level 1:colcon.colcon_core.package_identification:_identify(.) by extension 'python'
[0.127s] Level 1:colcon.colcon_core.package_identification:_identify(.) by extensions ['python_setup_py']
[0.127s] Level 1:colcon.colcon_core.package_identification:_identify(.) by extension 'python_setup_py'
[0.127s] Level 1:colcon.colcon_core.package_identification:_identify(Matlab_Analiz) by extensions ['ignore', 'ignore_ament_install']
[0.128s] Level 1:colcon.colcon_core.package_identification:_identify(Matlab_Analiz) by extension 'ignore'
[0.128s] Level 1:colcon.colcon_core.package_identification:_identify(Matlab_Analiz) by extension 'ignore_ament_install'
[0.128s] Level 1:colcon.colcon_core.package_identification:_identify(Matlab_Analiz) by extensions ['colcon_pkg']
[0.128s] Level 1:colcon.colcon_core.package_identification:_identify(Matlab_Analiz) by extension 'colcon_pkg'
[0.128s] Level 1:colcon.colcon_core.package_identification:_identify(Matlab_Analiz) by extensions ['colcon_meta']
[0.128s] Level 1:colcon.colcon_core.package_identification:_identify(Matlab_Analiz) by extension 'colcon_meta'
[0.128s] Level 1:colcon.colcon_core.package_identification:_identify(Matlab_Analiz) by extensions ['ros']
[0.128s] Level 1:colcon.colcon_core.package_identification:_identify(Matlab_Analiz) by extension 'ros'
[0.128s] Level 1:colcon.colcon_core.package_identification:_identify(Matlab_Analiz) by extensions ['cmake', 'python']
[0.128s] Level 1:colcon.colcon_core.package_identification:_identify(Matlab_Analiz) by extension 'cmake'
[0.128s] Level 1:colcon.colcon_core.package_identification:_identify(Matlab_Analiz) by extension 'python'
[0.128s] Level 1:colcon.colcon_core.package_identification:_identify(Matlab_Analiz) by extensions ['python_setup_py']
[0.128s] Level 1:colcon.colcon_core.package_identification:_identify(Matlab_Analiz) by extension 'python_setup_py'
[0.129s] Level 1:colcon.colcon_core.package_identification:_identify(Matlab_Analiz/custom_messages) by extensions ['ignore', 'ignore_ament_install']
[0.129s] Level 1:colcon.colcon_core.package_identification:_identify(Matlab_Analiz/custom_messages) by extension 'ignore'
[0.129s] Level 1:colcon.colcon_core.package_identification:_identify(Matlab_Analiz/custom_messages) by extension 'ignore_ament_install'
[0.129s] Level 1:colcon.colcon_core.package_identification:_identify(Matlab_Analiz/custom_messages) by extensions ['colcon_pkg']
[0.129s] Level 1:colcon.colcon_core.package_identification:_identify(Matlab_Analiz/custom_messages) by extension 'colcon_pkg'
[0.129s] Level 1:colcon.colcon_core.package_identification:_identify(Matlab_Analiz/custom_messages) by extensions ['colcon_meta']
[0.129s] Level 1:colcon.colcon_core.package_identification:_identify(Matlab_Analiz/custom_messages) by extension 'colcon_meta'
[0.129s] Level 1:colcon.colcon_core.package_identification:_identify(Matlab_Analiz/custom_messages) by extensions ['ros']
[0.129s] Level 1:colcon.colcon_core.package_identification:_identify(Matlab_Analiz/custom_messages) by extension 'ros'
[0.129s] Level 1:colcon.colcon_core.package_identification:_identify(Matlab_Analiz/custom_messages) by extensions ['cmake', 'python']
[0.129s] Level 1:colcon.colcon_core.package_identification:_identify(Matlab_Analiz/custom_messages) by extension 'cmake'
[0.129s] Level 1:colcon.colcon_core.package_identification:_identify(Matlab_Analiz/custom_messages) by extension 'python'
[0.129s] Level 1:colcon.colcon_core.package_identification:_identify(Matlab_Analiz/custom_messages) by extensions ['python_setup_py']
[0.129s] Level 1:colcon.colcon_core.package_identification:_identify(Matlab_Analiz/custom_messages) by extension 'python_setup_py'
[0.129s] Level 1:colcon.colcon_core.package_identification:_identify(Matlab_Analiz/custom_messages/mgs_1) by extensions ['ignore', 'ignore_ament_install']
[0.129s] Level 1:colcon.colcon_core.package_identification:_identify(Matlab_Analiz/custom_messages/mgs_1) by extension 'ignore'
[0.130s] Level 1:colcon.colcon_core.package_identification:_identify(Matlab_Analiz/custom_messages/mgs_1) by extension 'ignore_ament_install'
[0.130s] Level 1:colcon.colcon_core.package_identification:_identify(Matlab_Analiz/custom_messages/mgs_1) by extensions ['colcon_pkg']
[0.130s] Level 1:colcon.colcon_core.package_identification:_identify(Matlab_Analiz/custom_messages/mgs_1) by extension 'colcon_pkg'
[0.130s] Level 1:colcon.colcon_core.package_identification:_identify(Matlab_Analiz/custom_messages/mgs_1) by extensions ['colcon_meta']
[0.130s] Level 1:colcon.colcon_core.package_identification:_identify(Matlab_Analiz/custom_messages/mgs_1) by extension 'colcon_meta'
[0.130s] Level 1:colcon.colcon_core.package_identification:_identify(Matlab_Analiz/custom_messages/mgs_1) by extensions ['ros']
[0.130s] Level 1:colcon.colcon_core.package_identification:_identify(Matlab_Analiz/custom_messages/mgs_1) by extension 'ros'
[0.130s] Level 1:colcon.colcon_core.package_identification:_identify(Matlab_Analiz/custom_messages/mgs_1) by extensions ['cmake', 'python']
[0.130s] Level 1:colcon.colcon_core.package_identification:_identify(Matlab_Analiz/custom_messages/mgs_1) by extension 'cmake'
[0.130s] Level 1:colcon.colcon_core.package_identification:_identify(Matlab_Analiz/custom_messages/mgs_1) by extension 'python'
[0.130s] Level 1:colcon.colcon_core.package_identification:_identify(Matlab_Analiz/custom_messages/mgs_1) by extensions ['python_setup_py']
[0.130s] Level 1:colcon.colcon_core.package_identification:_identify(Matlab_Analiz/custom_messages/mgs_1) by extension 'python_setup_py'
[0.131s] Level 1:colcon.colcon_core.package_identification:_identify(Matlab_Analiz/custom_messages/mgs_1/msg) by extensions ['ignore', 'ignore_ament_install']
[0.131s] Level 1:colcon.colcon_core.package_identification:_identify(Matlab_Analiz/custom_messages/mgs_1/msg) by extension 'ignore'
[0.131s] Level 1:colcon.colcon_core.package_identification:_identify(Matlab_Analiz/custom_messages/mgs_1/msg) by extension 'ignore_ament_install'
[0.131s] Level 1:colcon.colcon_core.package_identification:_identify(Matlab_Analiz/custom_messages/mgs_1/msg) by extensions ['colcon_pkg']
[0.131s] Level 1:colcon.colcon_core.package_identification:_identify(Matlab_Analiz/custom_messages/mgs_1/msg) by extension 'colcon_pkg'
[0.131s] Level 1:colcon.colcon_core.package_identification:_identify(Matlab_Analiz/custom_messages/mgs_1/msg) by extensions ['colcon_meta']
[0.131s] Level 1:colcon.colcon_core.package_identification:_identify(Matlab_Analiz/custom_messages/mgs_1/msg) by extension 'colcon_meta'
[0.131s] Level 1:colcon.colcon_core.package_identification:_identify(Matlab_Analiz/custom_messages/mgs_1/msg) by extensions ['ros']
[0.131s] Level 1:colcon.colcon_core.package_identification:_identify(Matlab_Analiz/custom_messages/mgs_1/msg) by extension 'ros'
[0.131s] Level 1:colcon.colcon_core.package_identification:_identify(Matlab_Analiz/custom_messages/mgs_1/msg) by extensions ['cmake', 'python']
[0.131s] Level 1:colcon.colcon_core.package_identification:_identify(Matlab_Analiz/custom_messages/mgs_1/msg) by extension 'cmake'
[0.131s] Level 1:colcon.colcon_core.package_identification:_identify(Matlab_Analiz/custom_messages/mgs_1/msg) by extension 'python'
[0.131s] Level 1:colcon.colcon_core.package_identification:_identify(Matlab_Analiz/custom_messages/mgs_1/msg) by extensions ['python_setup_py']
[0.131s] Level 1:colcon.colcon_core.package_identification:_identify(Matlab_Analiz/custom_messages/mgs_1/msg) by extension 'python_setup_py'
[0.131s] Level 1:colcon.colcon_core.package_identification:_identify(Matlab_Analiz/custom_messages/msg_10) by extensions ['ignore', 'ignore_ament_install']
[0.131s] Level 1:colcon.colcon_core.package_identification:_identify(Matlab_Analiz/custom_messages/msg_10) by extension 'ignore'
[0.131s] Level 1:colcon.colcon_core.package_identification:_identify(Matlab_Analiz/custom_messages/msg_10) by extension 'ignore_ament_install'
[0.132s] Level 1:colcon.colcon_core.package_identification:_identify(Matlab_Analiz/custom_messages/msg_10) by extensions ['colcon_pkg']
[0.132s] Level 1:colcon.colcon_core.package_identification:_identify(Matlab_Analiz/custom_messages/msg_10) by extension 'colcon_pkg'
[0.132s] Level 1:colcon.colcon_core.package_identification:_identify(Matlab_Analiz/custom_messages/msg_10) by extensions ['colcon_meta']
[0.132s] Level 1:colcon.colcon_core.package_identification:_identify(Matlab_Analiz/custom_messages/msg_10) by extension 'colcon_meta'
[0.132s] Level 1:colcon.colcon_core.package_identification:_identify(Matlab_Analiz/custom_messages/msg_10) by extensions ['ros']
[0.132s] Level 1:colcon.colcon_core.package_identification:_identify(Matlab_Analiz/custom_messages/msg_10) by extension 'ros'
[0.132s] Level 1:colcon.colcon_core.package_identification:_identify(Matlab_Analiz/custom_messages/msg_10) by extensions ['cmake', 'python']
[0.132s] Level 1:colcon.colcon_core.package_identification:_identify(Matlab_Analiz/custom_messages/msg_10) by extension 'cmake'
[0.132s] Level 1:colcon.colcon_core.package_identification:_identify(Matlab_Analiz/custom_messages/msg_10) by extension 'python'
[0.132s] Level 1:colcon.colcon_core.package_identification:_identify(Matlab_Analiz/custom_messages/msg_10) by extensions ['python_setup_py']
[0.132s] Level 1:colcon.colcon_core.package_identification:_identify(Matlab_Analiz/custom_messages/msg_10) by extension 'python_setup_py'
[0.132s] Level 1:colcon.colcon_core.package_identification:_identify(Matlab_Analiz/custom_messages/msg_10/msg) by extensions ['ignore', 'ignore_ament_install']
[0.132s] Level 1:colcon.colcon_core.package_identification:_identify(Matlab_Analiz/custom_messages/msg_10/msg) by extension 'ignore'
[0.132s] Level 1:colcon.colcon_core.package_identification:_identify(Matlab_Analiz/custom_messages/msg_10/msg) by extension 'ignore_ament_install'
[0.132s] Level 1:colcon.colcon_core.package_identification:_identify(Matlab_Analiz/custom_messages/msg_10/msg) by extensions ['colcon_pkg']
[0.132s] Level 1:colcon.colcon_core.package_identification:_identify(Matlab_Analiz/custom_messages/msg_10/msg) by extension 'colcon_pkg'
[0.132s] Level 1:colcon.colcon_core.package_identification:_identify(Matlab_Analiz/custom_messages/msg_10/msg) by extensions ['colcon_meta']
[0.132s] Level 1:colcon.colcon_core.package_identification:_identify(Matlab_Analiz/custom_messages/msg_10/msg) by extension 'colcon_meta'
[0.132s] Level 1:colcon.colcon_core.package_identification:_identify(Matlab_Analiz/custom_messages/msg_10/msg) by extensions ['ros']
[0.132s] Level 1:colcon.colcon_core.package_identification:_identify(Matlab_Analiz/custom_messages/msg_10/msg) by extension 'ros'
[0.132s] Level 1:colcon.colcon_core.package_identification:_identify(Matlab_Analiz/custom_messages/msg_10/msg) by extensions ['cmake', 'python']
[0.132s] Level 1:colcon.colcon_core.package_identification:_identify(Matlab_Analiz/custom_messages/msg_10/msg) by extension 'cmake'
[0.132s] Level 1:colcon.colcon_core.package_identification:_identify(Matlab_Analiz/custom_messages/msg_10/msg) by extension 'python'
[0.132s] Level 1:colcon.colcon_core.package_identification:_identify(Matlab_Analiz/custom_messages/msg_10/msg) by extensions ['python_setup_py']
[0.132s] Level 1:colcon.colcon_core.package_identification:_identify(Matlab_Analiz/custom_messages/msg_10/msg) by extension 'python_setup_py'
[0.133s] Level 1:colcon.colcon_core.package_identification:_identify(Matlab_Analiz/custom_messages/msg_2) by extensions ['ignore', 'ignore_ament_install']
[0.133s] Level 1:colcon.colcon_core.package_identification:_identify(Matlab_Analiz/custom_messages/msg_2) by extension 'ignore'
[0.133s] Level 1:colcon.colcon_core.package_identification:_identify(Matlab_Analiz/custom_messages/msg_2) by extension 'ignore_ament_install'
[0.133s] Level 1:colcon.colcon_core.package_identification:_identify(Matlab_Analiz/custom_messages/msg_2) by extensions ['colcon_pkg']
[0.133s] Level 1:colcon.colcon_core.package_identification:_identify(Matlab_Analiz/custom_messages/msg_2) by extension 'colcon_pkg'
[0.133s] Level 1:colcon.colcon_core.package_identification:_identify(Matlab_Analiz/custom_messages/msg_2) by extensions ['colcon_meta']
[0.133s] Level 1:colcon.colcon_core.package_identification:_identify(Matlab_Analiz/custom_messages/msg_2) by extension 'colcon_meta'
[0.133s] Level 1:colcon.colcon_core.package_identification:_identify(Matlab_Analiz/custom_messages/msg_2) by extensions ['ros']
[0.133s] Level 1:colcon.colcon_core.package_identification:_identify(Matlab_Analiz/custom_messages/msg_2) by extension 'ros'
[0.133s] Level 1:colcon.colcon_core.package_identification:_identify(Matlab_Analiz/custom_messages/msg_2) by extensions ['cmake', 'python']
[0.133s] Level 1:colcon.colcon_core.package_identification:_identify(Matlab_Analiz/custom_messages/msg_2) by extension 'cmake'
[0.133s] Level 1:colcon.colcon_core.package_identification:_identify(Matlab_Analiz/custom_messages/msg_2) by extension 'python'
[0.133s] Level 1:colcon.colcon_core.package_identification:_identify(Matlab_Analiz/custom_messages/msg_2) by extensions ['python_setup_py']
[0.133s] Level 1:colcon.colcon_core.package_identification:_identify(Matlab_Analiz/custom_messages/msg_2) by extension 'python_setup_py'
[0.133s] Level 1:colcon.colcon_core.package_identification:_identify(Matlab_Analiz/custom_messages/msg_2/msg) by extensions ['ignore', 'ignore_ament_install']
[0.133s] Level 1:colcon.colcon_core.package_identification:_identify(Matlab_Analiz/custom_messages/msg_2/msg) by extension 'ignore'
[0.133s] Level 1:colcon.colcon_core.package_identification:_identify(Matlab_Analiz/custom_messages/msg_2/msg) by extension 'ignore_ament_install'
[0.133s] Level 1:colcon.colcon_core.package_identification:_identify(Matlab_Analiz/custom_messages/msg_2/msg) by extensions ['colcon_pkg']
[0.133s] Level 1:colcon.colcon_core.package_identification:_identify(Matlab_Analiz/custom_messages/msg_2/msg) by extension 'colcon_pkg'
[0.133s] Level 1:colcon.colcon_core.package_identification:_identify(Matlab_Analiz/custom_messages/msg_2/msg) by extensions ['colcon_meta']
[0.133s] Level 1:colcon.colcon_core.package_identification:_identify(Matlab_Analiz/custom_messages/msg_2/msg) by extension 'colcon_meta'
[0.133s] Level 1:colcon.colcon_core.package_identification:_identify(Matlab_Analiz/custom_messages/msg_2/msg) by extensions ['ros']
[0.133s] Level 1:colcon.colcon_core.package_identification:_identify(Matlab_Analiz/custom_messages/msg_2/msg) by extension 'ros'
[0.134s] Level 1:colcon.colcon_core.package_identification:_identify(Matlab_Analiz/custom_messages/msg_2/msg) by extensions ['cmake', 'python']
[0.134s] Level 1:colcon.colcon_core.package_identification:_identify(Matlab_Analiz/custom_messages/msg_2/msg) by extension 'cmake'
[0.134s] Level 1:colcon.colcon_core.package_identification:_identify(Matlab_Analiz/custom_messages/msg_2/msg) by extension 'python'
[0.134s] Level 1:colcon.colcon_core.package_identification:_identify(Matlab_Analiz/custom_messages/msg_2/msg) by extensions ['python_setup_py']
[0.134s] Level 1:colcon.colcon_core.package_identification:_identify(Matlab_Analiz/custom_messages/msg_2/msg) by extension 'python_setup_py'
[0.134s] Level 1:colcon.colcon_core.package_identification:_identify(Matlab_Analiz/custom_messages/msg_3) by extensions ['ignore', 'ignore_ament_install']
[0.134s] Level 1:colcon.colcon_core.package_identification:_identify(Matlab_Analiz/custom_messages/msg_3) by extension 'ignore'
[0.134s] Level 1:colcon.colcon_core.package_identification:_identify(Matlab_Analiz/custom_messages/msg_3) by extension 'ignore_ament_install'
[0.134s] Level 1:colcon.colcon_core.package_identification:_identify(Matlab_Analiz/custom_messages/msg_3) by extensions ['colcon_pkg']
[0.134s] Level 1:colcon.colcon_core.package_identification:_identify(Matlab_Analiz/custom_messages/msg_3) by extension 'colcon_pkg'
[0.134s] Level 1:colcon.colcon_core.package_identification:_identify(Matlab_Analiz/custom_messages/msg_3) by extensions ['colcon_meta']
[0.134s] Level 1:colcon.colcon_core.package_identification:_identify(Matlab_Analiz/custom_messages/msg_3) by extension 'colcon_meta'
[0.134s] Level 1:colcon.colcon_core.package_identification:_identify(Matlab_Analiz/custom_messages/msg_3) by extensions ['ros']
[0.134s] Level 1:colcon.colcon_core.package_identification:_identify(Matlab_Analiz/custom_messages/msg_3) by extension 'ros'
[0.134s] Level 1:colcon.colcon_core.package_identification:_identify(Matlab_Analiz/custom_messages/msg_3) by extensions ['cmake', 'python']
[0.134s] Level 1:colcon.colcon_core.package_identification:_identify(Matlab_Analiz/custom_messages/msg_3) by extension 'cmake'
[0.134s] Level 1:colcon.colcon_core.package_identification:_identify(Matlab_Analiz/custom_messages/msg_3) by extension 'python'
[0.134s] Level 1:colcon.colcon_core.package_identification:_identify(Matlab_Analiz/custom_messages/msg_3) by extensions ['python_setup_py']
[0.134s] Level 1:colcon.colcon_core.package_identification:_identify(Matlab_Analiz/custom_messages/msg_3) by extension 'python_setup_py'
[0.134s] Level 1:colcon.colcon_core.package_identification:_identify(Matlab_Analiz/custom_messages/msg_3/msg) by extensions ['ignore', 'ignore_ament_install']
[0.134s] Level 1:colcon.colcon_core.package_identification:_identify(Matlab_Analiz/custom_messages/msg_3/msg) by extension 'ignore'
[0.134s] Level 1:colcon.colcon_core.package_identification:_identify(Matlab_Analiz/custom_messages/msg_3/msg) by extension 'ignore_ament_install'
[0.134s] Level 1:colcon.colcon_core.package_identification:_identify(Matlab_Analiz/custom_messages/msg_3/msg) by extensions ['colcon_pkg']
[0.135s] Level 1:colcon.colcon_core.package_identification:_identify(Matlab_Analiz/custom_messages/msg_3/msg) by extension 'colcon_pkg'
[0.135s] Level 1:colcon.colcon_core.package_identification:_identify(Matlab_Analiz/custom_messages/msg_3/msg) by extensions ['colcon_meta']
[0.135s] Level 1:colcon.colcon_core.package_identification:_identify(Matlab_Analiz/custom_messages/msg_3/msg) by extension 'colcon_meta'
[0.135s] Level 1:colcon.colcon_core.package_identification:_identify(Matlab_Analiz/custom_messages/msg_3/msg) by extensions ['ros']
[0.135s] Level 1:colcon.colcon_core.package_identification:_identify(Matlab_Analiz/custom_messages/msg_3/msg) by extension 'ros'
[0.135s] Level 1:colcon.colcon_core.package_identification:_identify(Matlab_Analiz/custom_messages/msg_3/msg) by extensions ['cmake', 'python']
[0.135s] Level 1:colcon.colcon_core.package_identification:_identify(Matlab_Analiz/custom_messages/msg_3/msg) by extension 'cmake'
[0.135s] Level 1:colcon.colcon_core.package_identification:_identify(Matlab_Analiz/custom_messages/msg_3/msg) by extension 'python'
[0.135s] Level 1:colcon.colcon_core.package_identification:_identify(Matlab_Analiz/custom_messages/msg_3/msg) by extensions ['python_setup_py']
[0.135s] Level 1:colcon.colcon_core.package_identification:_identify(Matlab_Analiz/custom_messages/msg_3/msg) by extension 'python_setup_py'
[0.135s] Level 1:colcon.colcon_core.package_identification:_identify(Matlab_Analiz/custom_messages/msg_4) by extensions ['ignore', 'ignore_ament_install']
[0.135s] Level 1:colcon.colcon_core.package_identification:_identify(Matlab_Analiz/custom_messages/msg_4) by extension 'ignore'
[0.135s] Level 1:colcon.colcon_core.package_identification:_identify(Matlab_Analiz/custom_messages/msg_4) by extension 'ignore_ament_install'
[0.135s] Level 1:colcon.colcon_core.package_identification:_identify(Matlab_Analiz/custom_messages/msg_4) by extensions ['colcon_pkg']
[0.135s] Level 1:colcon.colcon_core.package_identification:_identify(Matlab_Analiz/custom_messages/msg_4) by extension 'colcon_pkg'
[0.135s] Level 1:colcon.colcon_core.package_identification:_identify(Matlab_Analiz/custom_messages/msg_4) by extensions ['colcon_meta']
[0.135s] Level 1:colcon.colcon_core.package_identification:_identify(Matlab_Analiz/custom_messages/msg_4) by extension 'colcon_meta'
[0.135s] Level 1:colcon.colcon_core.package_identification:_identify(Matlab_Analiz/custom_messages/msg_4) by extensions ['ros']
[0.135s] Level 1:colcon.colcon_core.package_identification:_identify(Matlab_Analiz/custom_messages/msg_4) by extension 'ros'
[0.135s] Level 1:colcon.colcon_core.package_identification:_identify(Matlab_Analiz/custom_messages/msg_4) by extensions ['cmake', 'python']
[0.135s] Level 1:colcon.colcon_core.package_identification:_identify(Matlab_Analiz/custom_messages/msg_4) by extension 'cmake'
[0.135s] Level 1:colcon.colcon_core.package_identification:_identify(Matlab_Analiz/custom_messages/msg_4) by extension 'python'
[0.135s] Level 1:colcon.colcon_core.package_identification:_identify(Matlab_Analiz/custom_messages/msg_4) by extensions ['python_setup_py']
[0.135s] Level 1:colcon.colcon_core.package_identification:_identify(Matlab_Analiz/custom_messages/msg_4) by extension 'python_setup_py'
[0.135s] Level 1:colcon.colcon_core.package_identification:_identify(Matlab_Analiz/custom_messages/msg_4/msg) by extensions ['ignore', 'ignore_ament_install']
[0.136s] Level 1:colcon.colcon_core.package_identification:_identify(Matlab_Analiz/custom_messages/msg_4/msg) by extension 'ignore'
[0.136s] Level 1:colcon.colcon_core.package_identification:_identify(Matlab_Analiz/custom_messages/msg_4/msg) by extension 'ignore_ament_install'
[0.136s] Level 1:colcon.colcon_core.package_identification:_identify(Matlab_Analiz/custom_messages/msg_4/msg) by extensions ['colcon_pkg']
[0.136s] Level 1:colcon.colcon_core.package_identification:_identify(Matlab_Analiz/custom_messages/msg_4/msg) by extension 'colcon_pkg'
[0.136s] Level 1:colcon.colcon_core.package_identification:_identify(Matlab_Analiz/custom_messages/msg_4/msg) by extensions ['colcon_meta']
[0.136s] Level 1:colcon.colcon_core.package_identification:_identify(Matlab_Analiz/custom_messages/msg_4/msg) by extension 'colcon_meta'
[0.136s] Level 1:colcon.colcon_core.package_identification:_identify(Matlab_Analiz/custom_messages/msg_4/msg) by extensions ['ros']
[0.136s] Level 1:colcon.colcon_core.package_identification:_identify(Matlab_Analiz/custom_messages/msg_4/msg) by extension 'ros'
[0.136s] Level 1:colcon.colcon_core.package_identification:_identify(Matlab_Analiz/custom_messages/msg_4/msg) by extensions ['cmake', 'python']
[0.136s] Level 1:colcon.colcon_core.package_identification:_identify(Matlab_Analiz/custom_messages/msg_4/msg) by extension 'cmake'
[0.136s] Level 1:colcon.colcon_core.package_identification:_identify(Matlab_Analiz/custom_messages/msg_4/msg) by extension 'python'
[0.136s] Level 1:colcon.colcon_core.package_identification:_identify(Matlab_Analiz/custom_messages/msg_4/msg) by extensions ['python_setup_py']
[0.136s] Level 1:colcon.colcon_core.package_identification:_identify(Matlab_Analiz/custom_messages/msg_4/msg) by extension 'python_setup_py'
[0.136s] Level 1:colcon.colcon_core.package_identification:_identify(Matlab_Analiz/custom_messages/msg_5) by extensions ['ignore', 'ignore_ament_install']
[0.136s] Level 1:colcon.colcon_core.package_identification:_identify(Matlab_Analiz/custom_messages/msg_5) by extension 'ignore'
[0.136s] Level 1:colcon.colcon_core.package_identification:_identify(Matlab_Analiz/custom_messages/msg_5) by extension 'ignore_ament_install'
[0.136s] Level 1:colcon.colcon_core.package_identification:_identify(Matlab_Analiz/custom_messages/msg_5) by extensions ['colcon_pkg']
[0.136s] Level 1:colcon.colcon_core.package_identification:_identify(Matlab_Analiz/custom_messages/msg_5) by extension 'colcon_pkg'
[0.136s] Level 1:colcon.colcon_core.package_identification:_identify(Matlab_Analiz/custom_messages/msg_5) by extensions ['colcon_meta']
[0.136s] Level 1:colcon.colcon_core.package_identification:_identify(Matlab_Analiz/custom_messages/msg_5) by extension 'colcon_meta'
[0.136s] Level 1:colcon.colcon_core.package_identification:_identify(Matlab_Analiz/custom_messages/msg_5) by extensions ['ros']
[0.136s] Level 1:colcon.colcon_core.package_identification:_identify(Matlab_Analiz/custom_messages/msg_5) by extension 'ros'
[0.136s] Level 1:colcon.colcon_core.package_identification:_identify(Matlab_Analiz/custom_messages/msg_5) by extensions ['cmake', 'python']
[0.136s] Level 1:colcon.colcon_core.package_identification:_identify(Matlab_Analiz/custom_messages/msg_5) by extension 'cmake'
[0.137s] Level 1:colcon.colcon_core.package_identification:_identify(Matlab_Analiz/custom_messages/msg_5) by extension 'python'
[0.137s] Level 1:colcon.colcon_core.package_identification:_identify(Matlab_Analiz/custom_messages/msg_5) by extensions ['python_setup_py']
[0.137s] Level 1:colcon.colcon_core.package_identification:_identify(Matlab_Analiz/custom_messages/msg_5) by extension 'python_setup_py'
[0.137s] Level 1:colcon.colcon_core.package_identification:_identify(Matlab_Analiz/custom_messages/msg_5/msg) by extensions ['ignore', 'ignore_ament_install']
[0.137s] Level 1:colcon.colcon_core.package_identification:_identify(Matlab_Analiz/custom_messages/msg_5/msg) by extension 'ignore'
[0.137s] Level 1:colcon.colcon_core.package_identification:_identify(Matlab_Analiz/custom_messages/msg_5/msg) by extension 'ignore_ament_install'
[0.137s] Level 1:colcon.colcon_core.package_identification:_identify(Matlab_Analiz/custom_messages/msg_5/msg) by extensions ['colcon_pkg']
[0.137s] Level 1:colcon.colcon_core.package_identification:_identify(Matlab_Analiz/custom_messages/msg_5/msg) by extension 'colcon_pkg'
[0.137s] Level 1:colcon.colcon_core.package_identification:_identify(Matlab_Analiz/custom_messages/msg_5/msg) by extensions ['colcon_meta']
[0.137s] Level 1:colcon.colcon_core.package_identification:_identify(Matlab_Analiz/custom_messages/msg_5/msg) by extension 'colcon_meta'
[0.137s] Level 1:colcon.colcon_core.package_identification:_identify(Matlab_Analiz/custom_messages/msg_5/msg) by extensions ['ros']
[0.137s] Level 1:colcon.colcon_core.package_identification:_identify(Matlab_Analiz/custom_messages/msg_5/msg) by extension 'ros'
[0.137s] Level 1:colcon.colcon_core.package_identification:_identify(Matlab_Analiz/custom_messages/msg_5/msg) by extensions ['cmake', 'python']
[0.137s] Level 1:colcon.colcon_core.package_identification:_identify(Matlab_Analiz/custom_messages/msg_5/msg) by extension 'cmake'
[0.137s] Level 1:colcon.colcon_core.package_identification:_identify(Matlab_Analiz/custom_messages/msg_5/msg) by extension 'python'
[0.137s] Level 1:colcon.colcon_core.package_identification:_identify(Matlab_Analiz/custom_messages/msg_5/msg) by extensions ['python_setup_py']
[0.137s] Level 1:colcon.colcon_core.package_identification:_identify(Matlab_Analiz/custom_messages/msg_5/msg) by extension 'python_setup_py'
[0.137s] Level 1:colcon.colcon_core.package_identification:_identify(Matlab_Analiz/custom_messages/msg_6) by extensions ['ignore', 'ignore_ament_install']
[0.137s] Level 1:colcon.colcon_core.package_identification:_identify(Matlab_Analiz/custom_messages/msg_6) by extension 'ignore'
[0.137s] Level 1:colcon.colcon_core.package_identification:_identify(Matlab_Analiz/custom_messages/msg_6) by extension 'ignore_ament_install'
[0.137s] Level 1:colcon.colcon_core.package_identification:_identify(Matlab_Analiz/custom_messages/msg_6) by extensions ['colcon_pkg']
[0.137s] Level 1:colcon.colcon_core.package_identification:_identify(Matlab_Analiz/custom_messages/msg_6) by extension 'colcon_pkg'
[0.137s] Level 1:colcon.colcon_core.package_identification:_identify(Matlab_Analiz/custom_messages/msg_6) by extensions ['colcon_meta']
[0.138s] Level 1:colcon.colcon_core.package_identification:_identify(Matlab_Analiz/custom_messages/msg_6) by extension 'colcon_meta'
[0.138s] Level 1:colcon.colcon_core.package_identification:_identify(Matlab_Analiz/custom_messages/msg_6) by extensions ['ros']
[0.138s] Level 1:colcon.colcon_core.package_identification:_identify(Matlab_Analiz/custom_messages/msg_6) by extension 'ros'
[0.138s] Level 1:colcon.colcon_core.package_identification:_identify(Matlab_Analiz/custom_messages/msg_6) by extensions ['cmake', 'python']
[0.138s] Level 1:colcon.colcon_core.package_identification:_identify(Matlab_Analiz/custom_messages/msg_6) by extension 'cmake'
[0.138s] Level 1:colcon.colcon_core.package_identification:_identify(Matlab_Analiz/custom_messages/msg_6) by extension 'python'
[0.138s] Level 1:colcon.colcon_core.package_identification:_identify(Matlab_Analiz/custom_messages/msg_6) by extensions ['python_setup_py']
[0.138s] Level 1:colcon.colcon_core.package_identification:_identify(Matlab_Analiz/custom_messages/msg_6) by extension 'python_setup_py'
[0.138s] Level 1:colcon.colcon_core.package_identification:_identify(Matlab_Analiz/custom_messages/msg_6/msg) by extensions ['ignore', 'ignore_ament_install']
[0.138s] Level 1:colcon.colcon_core.package_identification:_identify(Matlab_Analiz/custom_messages/msg_6/msg) by extension 'ignore'
[0.138s] Level 1:colcon.colcon_core.package_identification:_identify(Matlab_Analiz/custom_messages/msg_6/msg) by extension 'ignore_ament_install'
[0.138s] Level 1:colcon.colcon_core.package_identification:_identify(Matlab_Analiz/custom_messages/msg_6/msg) by extensions ['colcon_pkg']
[0.138s] Level 1:colcon.colcon_core.package_identification:_identify(Matlab_Analiz/custom_messages/msg_6/msg) by extension 'colcon_pkg'
[0.138s] Level 1:colcon.colcon_core.package_identification:_identify(Matlab_Analiz/custom_messages/msg_6/msg) by extensions ['colcon_meta']
[0.138s] Level 1:colcon.colcon_core.package_identification:_identify(Matlab_Analiz/custom_messages/msg_6/msg) by extension 'colcon_meta'
[0.139s] Level 1:colcon.colcon_core.package_identification:_identify(Matlab_Analiz/custom_messages/msg_6/msg) by extensions ['ros']
[0.139s] Level 1:colcon.colcon_core.package_identification:_identify(Matlab_Analiz/custom_messages/msg_6/msg) by extension 'ros'
[0.139s] Level 1:colcon.colcon_core.package_identification:_identify(Matlab_Analiz/custom_messages/msg_6/msg) by extensions ['cmake', 'python']
[0.139s] Level 1:colcon.colcon_core.package_identification:_identify(Matlab_Analiz/custom_messages/msg_6/msg) by extension 'cmake'
[0.139s] Level 1:colcon.colcon_core.package_identification:_identify(Matlab_Analiz/custom_messages/msg_6/msg) by extension 'python'
[0.139s] Level 1:colcon.colcon_core.package_identification:_identify(Matlab_Analiz/custom_messages/msg_6/msg) by extensions ['python_setup_py']
[0.139s] Level 1:colcon.colcon_core.package_identification:_identify(Matlab_Analiz/custom_messages/msg_6/msg) by extension 'python_setup_py'
[0.139s] Level 1:colcon.colcon_core.package_identification:_identify(Matlab_Analiz/custom_messages/msg_7) by extensions ['ignore', 'ignore_ament_install']
[0.139s] Level 1:colcon.colcon_core.package_identification:_identify(Matlab_Analiz/custom_messages/msg_7) by extension 'ignore'
[0.139s] Level 1:colcon.colcon_core.package_identification:_identify(Matlab_Analiz/custom_messages/msg_7) by extension 'ignore_ament_install'
[0.139s] Level 1:colcon.colcon_core.package_identification:_identify(Matlab_Analiz/custom_messages/msg_7) by extensions ['colcon_pkg']
[0.139s] Level 1:colcon.colcon_core.package_identification:_identify(Matlab_Analiz/custom_messages/msg_7) by extension 'colcon_pkg'
[0.139s] Level 1:colcon.colcon_core.package_identification:_identify(Matlab_Analiz/custom_messages/msg_7) by extensions ['colcon_meta']
[0.139s] Level 1:colcon.colcon_core.package_identification:_identify(Matlab_Analiz/custom_messages/msg_7) by extension 'colcon_meta'
[0.139s] Level 1:colcon.colcon_core.package_identification:_identify(Matlab_Analiz/custom_messages/msg_7) by extensions ['ros']
[0.139s] Level 1:colcon.colcon_core.package_identification:_identify(Matlab_Analiz/custom_messages/msg_7) by extension 'ros'
[0.139s] Level 1:colcon.colcon_core.package_identification:_identify(Matlab_Analiz/custom_messages/msg_7) by extensions ['cmake', 'python']
[0.139s] Level 1:colcon.colcon_core.package_identification:_identify(Matlab_Analiz/custom_messages/msg_7) by extension 'cmake'
[0.139s] Level 1:colcon.colcon_core.package_identification:_identify(Matlab_Analiz/custom_messages/msg_7) by extension 'python'
[0.139s] Level 1:colcon.colcon_core.package_identification:_identify(Matlab_Analiz/custom_messages/msg_7) by extensions ['python_setup_py']
[0.139s] Level 1:colcon.colcon_core.package_identification:_identify(Matlab_Analiz/custom_messages/msg_7) by extension 'python_setup_py'
[0.139s] Level 1:colcon.colcon_core.package_identification:_identify(Matlab_Analiz/custom_messages/msg_7/msg) by extensions ['ignore', 'ignore_ament_install']
[0.140s] Level 1:colcon.colcon_core.package_identification:_identify(Matlab_Analiz/custom_messages/msg_7/msg) by extension 'ignore'
[0.140s] Level 1:colcon.colcon_core.package_identification:_identify(Matlab_Analiz/custom_messages/msg_7/msg) by extension 'ignore_ament_install'
[0.140s] Level 1:colcon.colcon_core.package_identification:_identify(Matlab_Analiz/custom_messages/msg_7/msg) by extensions ['colcon_pkg']
[0.140s] Level 1:colcon.colcon_core.package_identification:_identify(Matlab_Analiz/custom_messages/msg_7/msg) by extension 'colcon_pkg'
[0.140s] Level 1:colcon.colcon_core.package_identification:_identify(Matlab_Analiz/custom_messages/msg_7/msg) by extensions ['colcon_meta']
[0.140s] Level 1:colcon.colcon_core.package_identification:_identify(Matlab_Analiz/custom_messages/msg_7/msg) by extension 'colcon_meta'
[0.140s] Level 1:colcon.colcon_core.package_identification:_identify(Matlab_Analiz/custom_messages/msg_7/msg) by extensions ['ros']
[0.140s] Level 1:colcon.colcon_core.package_identification:_identify(Matlab_Analiz/custom_messages/msg_7/msg) by extension 'ros'
[0.140s] Level 1:colcon.colcon_core.package_identification:_identify(Matlab_Analiz/custom_messages/msg_7/msg) by extensions ['cmake', 'python']
[0.140s] Level 1:colcon.colcon_core.package_identification:_identify(Matlab_Analiz/custom_messages/msg_7/msg) by extension 'cmake'
[0.140s] Level 1:colcon.colcon_core.package_identification:_identify(Matlab_Analiz/custom_messages/msg_7/msg) by extension 'python'
[0.140s] Level 1:colcon.colcon_core.package_identification:_identify(Matlab_Analiz/custom_messages/msg_7/msg) by extensions ['python_setup_py']
[0.140s] Level 1:colcon.colcon_core.package_identification:_identify(Matlab_Analiz/custom_messages/msg_7/msg) by extension 'python_setup_py'
[0.140s] Level 1:colcon.colcon_core.package_identification:_identify(Matlab_Analiz/custom_messages/msg_8) by extensions ['ignore', 'ignore_ament_install']
[0.140s] Level 1:colcon.colcon_core.package_identification:_identify(Matlab_Analiz/custom_messages/msg_8) by extension 'ignore'
[0.140s] Level 1:colcon.colcon_core.package_identification:_identify(Matlab_Analiz/custom_messages/msg_8) by extension 'ignore_ament_install'
[0.140s] Level 1:colcon.colcon_core.package_identification:_identify(Matlab_Analiz/custom_messages/msg_8) by extensions ['colcon_pkg']
[0.140s] Level 1:colcon.colcon_core.package_identification:_identify(Matlab_Analiz/custom_messages/msg_8) by extension 'colcon_pkg'
[0.140s] Level 1:colcon.colcon_core.package_identification:_identify(Matlab_Analiz/custom_messages/msg_8) by extensions ['colcon_meta']
[0.140s] Level 1:colcon.colcon_core.package_identification:_identify(Matlab_Analiz/custom_messages/msg_8) by extension 'colcon_meta'
[0.140s] Level 1:colcon.colcon_core.package_identification:_identify(Matlab_Analiz/custom_messages/msg_8) by extensions ['ros']
[0.140s] Level 1:colcon.colcon_core.package_identification:_identify(Matlab_Analiz/custom_messages/msg_8) by extension 'ros'
[0.140s] Level 1:colcon.colcon_core.package_identification:_identify(Matlab_Analiz/custom_messages/msg_8) by extensions ['cmake', 'python']
[0.140s] Level 1:colcon.colcon_core.package_identification:_identify(Matlab_Analiz/custom_messages/msg_8) by extension 'cmake'
[0.140s] Level 1:colcon.colcon_core.package_identification:_identify(Matlab_Analiz/custom_messages/msg_8) by extension 'python'
[0.141s] Level 1:colcon.colcon_core.package_identification:_identify(Matlab_Analiz/custom_messages/msg_8) by extensions ['python_setup_py']
[0.141s] Level 1:colcon.colcon_core.package_identification:_identify(Matlab_Analiz/custom_messages/msg_8) by extension 'python_setup_py'
[0.141s] Level 1:colcon.colcon_core.package_identification:_identify(Matlab_Analiz/custom_messages/msg_8/msg) by extensions ['ignore', 'ignore_ament_install']
[0.141s] Level 1:colcon.colcon_core.package_identification:_identify(Matlab_Analiz/custom_messages/msg_8/msg) by extension 'ignore'
[0.141s] Level 1:colcon.colcon_core.package_identification:_identify(Matlab_Analiz/custom_messages/msg_8/msg) by extension 'ignore_ament_install'
[0.141s] Level 1:colcon.colcon_core.package_identification:_identify(Matlab_Analiz/custom_messages/msg_8/msg) by extensions ['colcon_pkg']
[0.141s] Level 1:colcon.colcon_core.package_identification:_identify(Matlab_Analiz/custom_messages/msg_8/msg) by extension 'colcon_pkg'
[0.141s] Level 1:colcon.colcon_core.package_identification:_identify(Matlab_Analiz/custom_messages/msg_8/msg) by extensions ['colcon_meta']
[0.141s] Level 1:colcon.colcon_core.package_identification:_identify(Matlab_Analiz/custom_messages/msg_8/msg) by extension 'colcon_meta'
[0.141s] Level 1:colcon.colcon_core.package_identification:_identify(Matlab_Analiz/custom_messages/msg_8/msg) by extensions ['ros']
[0.141s] Level 1:colcon.colcon_core.package_identification:_identify(Matlab_Analiz/custom_messages/msg_8/msg) by extension 'ros'
[0.141s] Level 1:colcon.colcon_core.package_identification:_identify(Matlab_Analiz/custom_messages/msg_8/msg) by extensions ['cmake', 'python']
[0.141s] Level 1:colcon.colcon_core.package_identification:_identify(Matlab_Analiz/custom_messages/msg_8/msg) by extension 'cmake'
[0.141s] Level 1:colcon.colcon_core.package_identification:_identify(Matlab_Analiz/custom_messages/msg_8/msg) by extension 'python'
[0.141s] Level 1:colcon.colcon_core.package_identification:_identify(Matlab_Analiz/custom_messages/msg_8/msg) by extensions ['python_setup_py']
[0.141s] Level 1:colcon.colcon_core.package_identification:_identify(Matlab_Analiz/custom_messages/msg_8/msg) by extension 'python_setup_py'
[0.141s] Level 1:colcon.colcon_core.package_identification:_identify(Matlab_Analiz/custom_messages/msg_9) by extensions ['ignore', 'ignore_ament_install']
[0.141s] Level 1:colcon.colcon_core.package_identification:_identify(Matlab_Analiz/custom_messages/msg_9) by extension 'ignore'
[0.141s] Level 1:colcon.colcon_core.package_identification:_identify(Matlab_Analiz/custom_messages/msg_9) by extension 'ignore_ament_install'
[0.141s] Level 1:colcon.colcon_core.package_identification:_identify(Matlab_Analiz/custom_messages/msg_9) by extensions ['colcon_pkg']
[0.141s] Level 1:colcon.colcon_core.package_identification:_identify(Matlab_Analiz/custom_messages/msg_9) by extension 'colcon_pkg'
[0.141s] Level 1:colcon.colcon_core.package_identification:_identify(Matlab_Analiz/custom_messages/msg_9) by extensions ['colcon_meta']
[0.141s] Level 1:colcon.colcon_core.package_identification:_identify(Matlab_Analiz/custom_messages/msg_9) by extension 'colcon_meta'
[0.141s] Level 1:colcon.colcon_core.package_identification:_identify(Matlab_Analiz/custom_messages/msg_9) by extensions ['ros']
[0.142s] Level 1:colcon.colcon_core.package_identification:_identify(Matlab_Analiz/custom_messages/msg_9) by extension 'ros'
[0.142s] Level 1:colcon.colcon_core.package_identification:_identify(Matlab_Analiz/custom_messages/msg_9) by extensions ['cmake', 'python']
[0.142s] Level 1:colcon.colcon_core.package_identification:_identify(Matlab_Analiz/custom_messages/msg_9) by extension 'cmake'
[0.142s] Level 1:colcon.colcon_core.package_identification:_identify(Matlab_Analiz/custom_messages/msg_9) by extension 'python'
[0.142s] Level 1:colcon.colcon_core.package_identification:_identify(Matlab_Analiz/custom_messages/msg_9) by extensions ['python_setup_py']
[0.142s] Level 1:colcon.colcon_core.package_identification:_identify(Matlab_Analiz/custom_messages/msg_9) by extension 'python_setup_py'
[0.142s] Level 1:colcon.colcon_core.package_identification:_identify(Matlab_Analiz/custom_messages/msg_9/msg) by extensions ['ignore', 'ignore_ament_install']
[0.142s] Level 1:colcon.colcon_core.package_identification:_identify(Matlab_Analiz/custom_messages/msg_9/msg) by extension 'ignore'
[0.142s] Level 1:colcon.colcon_core.package_identification:_identify(Matlab_Analiz/custom_messages/msg_9/msg) by extension 'ignore_ament_install'
[0.142s] Level 1:colcon.colcon_core.package_identification:_identify(Matlab_Analiz/custom_messages/msg_9/msg) by extensions ['colcon_pkg']
[0.142s] Level 1:colcon.colcon_core.package_identification:_identify(Matlab_Analiz/custom_messages/msg_9/msg) by extension 'colcon_pkg'
[0.142s] Level 1:colcon.colcon_core.package_identification:_identify(Matlab_Analiz/custom_messages/msg_9/msg) by extensions ['colcon_meta']
[0.142s] Level 1:colcon.colcon_core.package_identification:_identify(Matlab_Analiz/custom_messages/msg_9/msg) by extension 'colcon_meta'
[0.142s] Level 1:colcon.colcon_core.package_identification:_identify(Matlab_Analiz/custom_messages/msg_9/msg) by extensions ['ros']
[0.142s] Level 1:colcon.colcon_core.package_identification:_identify(Matlab_Analiz/custom_messages/msg_9/msg) by extension 'ros'
[0.142s] Level 1:colcon.colcon_core.package_identification:_identify(Matlab_Analiz/custom_messages/msg_9/msg) by extensions ['cmake', 'python']
[0.142s] Level 1:colcon.colcon_core.package_identification:_identify(Matlab_Analiz/custom_messages/msg_9/msg) by extension 'cmake'
[0.142s] Level 1:colcon.colcon_core.package_identification:_identify(Matlab_Analiz/custom_messages/msg_9/msg) by extension 'python'
[0.142s] Level 1:colcon.colcon_core.package_identification:_identify(Matlab_Analiz/custom_messages/msg_9/msg) by extensions ['python_setup_py']
[0.142s] Level 1:colcon.colcon_core.package_identification:_identify(Matlab_Analiz/custom_messages/msg_9/msg) by extension 'python_setup_py'
[0.143s] Level 1:colcon.colcon_core.package_identification:_identify(Matlab_Analiz/matlab_msg_gen) by extensions ['ignore', 'ignore_ament_install']
[0.143s] Level 1:colcon.colcon_core.package_identification:_identify(Matlab_Analiz/matlab_msg_gen) by extension 'ignore'
[0.143s] Level 1:colcon.colcon_core.package_identification:_identify(Matlab_Analiz/matlab_msg_gen) ignored
[0.143s] Level 1:colcon.colcon_core.package_identification:_identify(build) by extensions ['ignore', 'ignore_ament_install']
[0.143s] Level 1:colcon.colcon_core.package_identification:_identify(build) by extension 'ignore'
[0.143s] Level 1:colcon.colcon_core.package_identification:_identify(build) ignored
[0.143s] Level 1:colcon.colcon_core.package_identification:_identify(images) by extensions ['ignore', 'ignore_ament_install']
[0.143s] Level 1:colcon.colcon_core.package_identification:_identify(images) by extension 'ignore'
[0.143s] Level 1:colcon.colcon_core.package_identification:_identify(images) by extension 'ignore_ament_install'
[0.143s] Level 1:colcon.colcon_core.package_identification:_identify(images) by extensions ['colcon_pkg']
[0.143s] Level 1:colcon.colcon_core.package_identification:_identify(images) by extension 'colcon_pkg'
[0.143s] Level 1:colcon.colcon_core.package_identification:_identify(images) by extensions ['colcon_meta']
[0.143s] Level 1:colcon.colcon_core.package_identification:_identify(images) by extension 'colcon_meta'
[0.143s] Level 1:colcon.colcon_core.package_identification:_identify(images) by extensions ['ros']
[0.143s] Level 1:colcon.colcon_core.package_identification:_identify(images) by extension 'ros'
[0.143s] Level 1:colcon.colcon_core.package_identification:_identify(images) by extensions ['cmake', 'python']
[0.143s] Level 1:colcon.colcon_core.package_identification:_identify(images) by extension 'cmake'
[0.144s] Level 1:colcon.colcon_core.package_identification:_identify(images) by extension 'python'
[0.144s] Level 1:colcon.colcon_core.package_identification:_identify(images) by extensions ['python_setup_py']
[0.144s] Level 1:colcon.colcon_core.package_identification:_identify(images) by extension 'python_setup_py'
[0.144s] Level 1:colcon.colcon_core.package_identification:_identify(imu_data_only) by extensions ['ignore', 'ignore_ament_install']
[0.144s] Level 1:colcon.colcon_core.package_identification:_identify(imu_data_only) by extension 'ignore'
[0.144s] Level 1:colcon.colcon_core.package_identification:_identify(imu_data_only) by extension 'ignore_ament_install'
[0.144s] Level 1:colcon.colcon_core.package_identification:_identify(imu_data_only) by extensions ['colcon_pkg']
[0.144s] Level 1:colcon.colcon_core.package_identification:_identify(imu_data_only) by extension 'colcon_pkg'
[0.144s] Level 1:colcon.colcon_core.package_identification:_identify(imu_data_only) by extensions ['colcon_meta']
[0.144s] Level 1:colcon.colcon_core.package_identification:_identify(imu_data_only) by extension 'colcon_meta'
[0.144s] Level 1:colcon.colcon_core.package_identification:_identify(imu_data_only) by extensions ['ros']
[0.144s] Level 1:colcon.colcon_core.package_identification:_identify(imu_data_only) by extension 'ros'
[0.144s] Level 1:colcon.colcon_core.package_identification:_identify(imu_data_only) by extensions ['cmake', 'python']
[0.144s] Level 1:colcon.colcon_core.package_identification:_identify(imu_data_only) by extension 'cmake'
[0.144s] Level 1:colcon.colcon_core.package_identification:_identify(imu_data_only) by extension 'python'
[0.144s] Level 1:colcon.colcon_core.package_identification:_identify(imu_data_only) by extensions ['python_setup_py']
[0.144s] Level 1:colcon.colcon_core.package_identification:_identify(imu_data_only) by extension 'python_setup_py'
[0.144s] Level 1:colcon.colcon_core.package_identification:_identify(imu_strap_data_only) by extensions ['ignore', 'ignore_ament_install']
[0.144s] Level 1:colcon.colcon_core.package_identification:_identify(imu_strap_data_only) by extension 'ignore'
[0.144s] Level 1:colcon.colcon_core.package_identification:_identify(imu_strap_data_only) by extension 'ignore_ament_install'
[0.144s] Level 1:colcon.colcon_core.package_identification:_identify(imu_strap_data_only) by extensions ['colcon_pkg']
[0.144s] Level 1:colcon.colcon_core.package_identification:_identify(imu_strap_data_only) by extension 'colcon_pkg'
[0.144s] Level 1:colcon.colcon_core.package_identification:_identify(imu_strap_data_only) by extensions ['colcon_meta']
[0.144s] Level 1:colcon.colcon_core.package_identification:_identify(imu_strap_data_only) by extension 'colcon_meta'
[0.145s] Level 1:colcon.colcon_core.package_identification:_identify(imu_strap_data_only) by extensions ['ros']
[0.145s] Level 1:colcon.colcon_core.package_identification:_identify(imu_strap_data_only) by extension 'ros'
[0.145s] Level 1:colcon.colcon_core.package_identification:_identify(imu_strap_data_only) by extensions ['cmake', 'python']
[0.145s] Level 1:colcon.colcon_core.package_identification:_identify(imu_strap_data_only) by extension 'cmake'
[0.145s] Level 1:colcon.colcon_core.package_identification:_identify(imu_strap_data_only) by extension 'python'
[0.145s] Level 1:colcon.colcon_core.package_identification:_identify(imu_strap_data_only) by extensions ['python_setup_py']
[0.145s] Level 1:colcon.colcon_core.package_identification:_identify(imu_strap_data_only) by extension 'python_setup_py'
[0.145s] Level 1:colcon.colcon_core.package_identification:_identify(install) by extensions ['ignore', 'ignore_ament_install']
[0.145s] Level 1:colcon.colcon_core.package_identification:_identify(install) by extension 'ignore'
[0.145s] Level 1:colcon.colcon_core.package_identification:_identify(install) ignored
[0.146s] Level 1:colcon.colcon_core.package_identification:_identify(log) by extensions ['ignore', 'ignore_ament_install']
[0.146s] Level 1:colcon.colcon_core.package_identification:_identify(log) by extension 'ignore'
[0.146s] Level 1:colcon.colcon_core.package_identification:_identify(log) ignored
[0.146s] Level 1:colcon.colcon_core.package_identification:_identify(src) by extensions ['ignore', 'ignore_ament_install']
[0.146s] Level 1:colcon.colcon_core.package_identification:_identify(src) by extension 'ignore'
[0.146s] Level 1:colcon.colcon_core.package_identification:_identify(src) by extension 'ignore_ament_install'
[0.147s] Level 1:colcon.colcon_core.package_identification:_identify(src) by extensions ['colcon_pkg']
[0.147s] Level 1:colcon.colcon_core.package_identification:_identify(src) by extension 'colcon_pkg'
[0.147s] Level 1:colcon.colcon_core.package_identification:_identify(src) by extensions ['colcon_meta']
[0.147s] Level 1:colcon.colcon_core.package_identification:_identify(src) by extension 'colcon_meta'
[0.147s] Level 1:colcon.colcon_core.package_identification:_identify(src) by extensions ['ros']
[0.147s] Level 1:colcon.colcon_core.package_identification:_identify(src) by extension 'ros'
[0.147s] Level 1:colcon.colcon_core.package_identification:_identify(src) by extensions ['cmake', 'python']
[0.147s] Level 1:colcon.colcon_core.package_identification:_identify(src) by extension 'cmake'
[0.147s] Level 1:colcon.colcon_core.package_identification:_identify(src) by extension 'python'
[0.147s] Level 1:colcon.colcon_core.package_identification:_identify(src) by extensions ['python_setup_py']
[0.147s] Level 1:colcon.colcon_core.package_identification:_identify(src) by extension 'python_setup_py'
[0.147s] Level 1:colcon.colcon_core.package_identification:_identify(src/ht_nav_variables) by extensions ['ignore', 'ignore_ament_install']
[0.147s] Level 1:colcon.colcon_core.package_identification:_identify(src/ht_nav_variables) by extension 'ignore'
[0.147s] Level 1:colcon.colcon_core.package_identification:_identify(src/ht_nav_variables) by extension 'ignore_ament_install'
[0.147s] Level 1:colcon.colcon_core.package_identification:_identify(src/ht_nav_variables) by extensions ['colcon_pkg']
[0.147s] Level 1:colcon.colcon_core.package_identification:_identify(src/ht_nav_variables) by extension 'colcon_pkg'
[0.147s] Level 1:colcon.colcon_core.package_identification:_identify(src/ht_nav_variables) by extensions ['colcon_meta']
[0.147s] Level 1:colcon.colcon_core.package_identification:_identify(src/ht_nav_variables) by extension 'colcon_meta'
[0.147s] Level 1:colcon.colcon_core.package_identification:_identify(src/ht_nav_variables) by extensions ['ros']
[0.148s] Level 1:colcon.colcon_core.package_identification:_identify(src/ht_nav_variables) by extension 'ros'
[0.149s] DEBUG:colcon.colcon_core.package_identification:Package 'src/ht_nav_variables' with type 'ros.ament_cmake' and name 'ht_nav_variables'
[0.150s] Level 1:colcon.colcon_core.package_identification:_identify(src/ht_strap_package) by extensions ['ignore', 'ignore_ament_install']
[0.150s] Level 1:colcon.colcon_core.package_identification:_identify(src/ht_strap_package) by extension 'ignore'
[0.150s] Level 1:colcon.colcon_core.package_identification:_identify(src/ht_strap_package) by extension 'ignore_ament_install'
[0.150s] Level 1:colcon.colcon_core.package_identification:_identify(src/ht_strap_package) by extensions ['colcon_pkg']
[0.150s] Level 1:colcon.colcon_core.package_identification:_identify(src/ht_strap_package) by extension 'colcon_pkg'
[0.150s] Level 1:colcon.colcon_core.package_identification:_identify(src/ht_strap_package) by extensions ['colcon_meta']
[0.150s] Level 1:colcon.colcon_core.package_identification:_identify(src/ht_strap_package) by extension 'colcon_meta'
[0.150s] Level 1:colcon.colcon_core.package_identification:_identify(src/ht_strap_package) by extensions ['ros']
[0.150s] Level 1:colcon.colcon_core.package_identification:_identify(src/ht_strap_package) by extension 'ros'
[0.151s] DEBUG:colcon.colcon_core.package_identification:Package 'src/ht_strap_package' with type 'ros.ament_python' and name 'ht_strap_package'
[0.151s] Level 1:colcon.colcon_core.package_identification:_identify(veri_gazebo) by extensions ['ignore', 'ignore_ament_install']
[0.151s] Level 1:colcon.colcon_core.package_identification:_identify(veri_gazebo) by extension 'ignore'
[0.151s] Level 1:colcon.colcon_core.package_identification:_identify(veri_gazebo) by extension 'ignore_ament_install'
[0.151s] Level 1:colcon.colcon_core.package_identification:_identify(veri_gazebo) by extensions ['colcon_pkg']
[0.151s] Level 1:colcon.colcon_core.package_identification:_identify(veri_gazebo) by extension 'colcon_pkg'
[0.151s] Level 1:colcon.colcon_core.package_identification:_identify(veri_gazebo) by extensions ['colcon_meta']
[0.151s] Level 1:colcon.colcon_core.package_identification:_identify(veri_gazebo) by extension 'colcon_meta'
[0.151s] Level 1:colcon.colcon_core.package_identification:_identify(veri_gazebo) by extensions ['ros']
[0.151s] Level 1:colcon.colcon_core.package_identification:_identify(veri_gazebo) by extension 'ros'
[0.152s] Level 1:colcon.colcon_core.package_identification:_identify(veri_gazebo) by extensions ['cmake', 'python']
[0.152s] Level 1:colcon.colcon_core.package_identification:_identify(veri_gazebo) by extension 'cmake'
[0.152s] Level 1:colcon.colcon_core.package_identification:_identify(veri_gazebo) by extension 'python'
[0.152s] Level 1:colcon.colcon_core.package_identification:_identify(veri_gazebo) by extensions ['python_setup_py']
[0.152s] Level 1:colcon.colcon_core.package_identification:_identify(veri_gazebo) by extension 'python_setup_py'
[0.152s] Level 1:colcon.colcon_core.package_identification:_identify(veri_gazebo/veri_1) by extensions ['ignore', 'ignore_ament_install']
[0.152s] Level 1:colcon.colcon_core.package_identification:_identify(veri_gazebo/veri_1) by extension 'ignore'
[0.152s] Level 1:colcon.colcon_core.package_identification:_identify(veri_gazebo/veri_1) by extension 'ignore_ament_install'
[0.152s] Level 1:colcon.colcon_core.package_identification:_identify(veri_gazebo/veri_1) by extensions ['colcon_pkg']
[0.152s] Level 1:colcon.colcon_core.package_identification:_identify(veri_gazebo/veri_1) by extension 'colcon_pkg'
[0.152s] Level 1:colcon.colcon_core.package_identification:_identify(veri_gazebo/veri_1) by extensions ['colcon_meta']
[0.152s] Level 1:colcon.colcon_core.package_identification:_identify(veri_gazebo/veri_1) by extension 'colcon_meta'
[0.152s] Level 1:colcon.colcon_core.package_identification:_identify(veri_gazebo/veri_1) by extensions ['ros']
[0.152s] Level 1:colcon.colcon_core.package_identification:_identify(veri_gazebo/veri_1) by extension 'ros'
[0.152s] Level 1:colcon.colcon_core.package_identification:_identify(veri_gazebo/veri_1) by extensions ['cmake', 'python']
[0.152s] Level 1:colcon.colcon_core.package_identification:_identify(veri_gazebo/veri_1) by extension 'cmake'
[0.152s] Level 1:colcon.colcon_core.package_identification:_identify(veri_gazebo/veri_1) by extension 'python'
[0.152s] Level 1:colcon.colcon_core.package_identification:_identify(veri_gazebo/veri_1) by extensions ['python_setup_py']
[0.152s] Level 1:colcon.colcon_core.package_identification:_identify(veri_gazebo/veri_1) by extension 'python_setup_py'
[0.152s] Level 1:colcon.colcon_core.package_identification:_identify(veri_gazebo/veri_2) by extensions ['ignore', 'ignore_ament_install']
[0.152s] Level 1:colcon.colcon_core.package_identification:_identify(veri_gazebo/veri_2) by extension 'ignore'
[0.152s] Level 1:colcon.colcon_core.package_identification:_identify(veri_gazebo/veri_2) by extension 'ignore_ament_install'
[0.153s] Level 1:colcon.colcon_core.package_identification:_identify(veri_gazebo/veri_2) by extensions ['colcon_pkg']
[0.153s] Level 1:colcon.colcon_core.package_identification:_identify(veri_gazebo/veri_2) by extension 'colcon_pkg'
[0.153s] Level 1:colcon.colcon_core.package_identification:_identify(veri_gazebo/veri_2) by extensions ['colcon_meta']
[0.153s] Level 1:colcon.colcon_core.package_identification:_identify(veri_gazebo/veri_2) by extension 'colcon_meta'
[0.153s] Level 1:colcon.colcon_core.package_identification:_identify(veri_gazebo/veri_2) by extensions ['ros']
[0.153s] Level 1:colcon.colcon_core.package_identification:_identify(veri_gazebo/veri_2) by extension 'ros'
[0.153s] Level 1:colcon.colcon_core.package_identification:_identify(veri_gazebo/veri_2) by extensions ['cmake', 'python']
[0.153s] Level 1:colcon.colcon_core.package_identification:_identify(veri_gazebo/veri_2) by extension 'cmake'
[0.153s] Level 1:colcon.colcon_core.package_identification:_identify(veri_gazebo/veri_2) by extension 'python'
[0.153s] Level 1:colcon.colcon_core.package_identification:_identify(veri_gazebo/veri_2) by extensions ['python_setup_py']
[0.153s] Level 1:colcon.colcon_core.package_identification:_identify(veri_gazebo/veri_2) by extension 'python_setup_py'
[0.153s] Level 1:colcon.colcon_core.package_identification:_identify(veri_gazebo/veri_3_joint_vel_50Hz) by extensions ['ignore', 'ignore_ament_install']
[0.153s] Level 1:colcon.colcon_core.package_identification:_identify(veri_gazebo/veri_3_joint_vel_50Hz) by extension 'ignore'
[0.153s] Level 1:colcon.colcon_core.package_identification:_identify(veri_gazebo/veri_3_joint_vel_50Hz) by extension 'ignore_ament_install'
[0.153s] Level 1:colcon.colcon_core.package_identification:_identify(veri_gazebo/veri_3_joint_vel_50Hz) by extensions ['colcon_pkg']
[0.153s] Level 1:colcon.colcon_core.package_identification:_identify(veri_gazebo/veri_3_joint_vel_50Hz) by extension 'colcon_pkg'
[0.153s] Level 1:colcon.colcon_core.package_identification:_identify(veri_gazebo/veri_3_joint_vel_50Hz) by extensions ['colcon_meta']
[0.153s] Level 1:colcon.colcon_core.package_identification:_identify(veri_gazebo/veri_3_joint_vel_50Hz) by extension 'colcon_meta'
[0.153s] Level 1:colcon.colcon_core.package_identification:_identify(veri_gazebo/veri_3_joint_vel_50Hz) by extensions ['ros']
[0.153s] Level 1:colcon.colcon_core.package_identification:_identify(veri_gazebo/veri_3_joint_vel_50Hz) by extension 'ros'
[0.153s] Level 1:colcon.colcon_core.package_identification:_identify(veri_gazebo/veri_3_joint_vel_50Hz) by extensions ['cmake', 'python']
[0.153s] Level 1:colcon.colcon_core.package_identification:_identify(veri_gazebo/veri_3_joint_vel_50Hz) by extension 'cmake'
[0.153s] Level 1:colcon.colcon_core.package_identification:_identify(veri_gazebo/veri_3_joint_vel_50Hz) by extension 'python'
[0.153s] Level 1:colcon.colcon_core.package_identification:_identify(veri_gazebo/veri_3_joint_vel_50Hz) by extensions ['python_setup_py']
[0.153s] Level 1:colcon.colcon_core.package_identification:_identify(veri_gazebo/veri_3_joint_vel_50Hz) by extension 'python_setup_py'
[0.154s] Level 1:colcon.colcon_core.package_identification:_identify(veri_gazebo/veri_4_joint_vel_25Hz) by extensions ['ignore', 'ignore_ament_install']
[0.154s] Level 1:colcon.colcon_core.package_identification:_identify(veri_gazebo/veri_4_joint_vel_25Hz) by extension 'ignore'
[0.154s] Level 1:colcon.colcon_core.package_identification:_identify(veri_gazebo/veri_4_joint_vel_25Hz) by extension 'ignore_ament_install'
[0.154s] Level 1:colcon.colcon_core.package_identification:_identify(veri_gazebo/veri_4_joint_vel_25Hz) by extensions ['colcon_pkg']
[0.154s] Level 1:colcon.colcon_core.package_identification:_identify(veri_gazebo/veri_4_joint_vel_25Hz) by extension 'colcon_pkg'
[0.154s] Level 1:colcon.colcon_core.package_identification:_identify(veri_gazebo/veri_4_joint_vel_25Hz) by extensions ['colcon_meta']
[0.154s] Level 1:colcon.colcon_core.package_identification:_identify(veri_gazebo/veri_4_joint_vel_25Hz) by extension 'colcon_meta'
[0.154s] Level 1:colcon.colcon_core.package_identification:_identify(veri_gazebo/veri_4_joint_vel_25Hz) by extensions ['ros']
[0.154s] Level 1:colcon.colcon_core.package_identification:_identify(veri_gazebo/veri_4_joint_vel_25Hz) by extension 'ros'
[0.154s] Level 1:colcon.colcon_core.package_identification:_identify(veri_gazebo/veri_4_joint_vel_25Hz) by extensions ['cmake', 'python']
[0.154s] Level 1:colcon.colcon_core.package_identification:_identify(veri_gazebo/veri_4_joint_vel_25Hz) by extension 'cmake'
[0.154s] Level 1:colcon.colcon_core.package_identification:_identify(veri_gazebo/veri_4_joint_vel_25Hz) by extension 'python'
[0.154s] Level 1:colcon.colcon_core.package_identification:_identify(veri_gazebo/veri_4_joint_vel_25Hz) by extensions ['python_setup_py']
[0.154s] Level 1:colcon.colcon_core.package_identification:_identify(veri_gazebo/veri_4_joint_vel_25Hz) by extension 'python_setup_py'
[0.154s] Level 1:colcon.colcon_core.package_identification:_identify(veri_gazebo/veri_5_joint_vel_100Hz) by extensions ['ignore', 'ignore_ament_install']
[0.154s] Level 1:colcon.colcon_core.package_identification:_identify(veri_gazebo/veri_5_joint_vel_100Hz) by extension 'ignore'
[0.154s] Level 1:colcon.colcon_core.package_identification:_identify(veri_gazebo/veri_5_joint_vel_100Hz) by extension 'ignore_ament_install'
[0.154s] Level 1:colcon.colcon_core.package_identification:_identify(veri_gazebo/veri_5_joint_vel_100Hz) by extensions ['colcon_pkg']
[0.154s] Level 1:colcon.colcon_core.package_identification:_identify(veri_gazebo/veri_5_joint_vel_100Hz) by extension 'colcon_pkg'
[0.154s] Level 1:colcon.colcon_core.package_identification:_identify(veri_gazebo/veri_5_joint_vel_100Hz) by extensions ['colcon_meta']
[0.155s] Level 1:colcon.colcon_core.package_identification:_identify(veri_gazebo/veri_5_joint_vel_100Hz) by extension 'colcon_meta'
[0.155s] Level 1:colcon.colcon_core.package_identification:_identify(veri_gazebo/veri_5_joint_vel_100Hz) by extensions ['ros']
[0.155s] Level 1:colcon.colcon_core.package_identification:_identify(veri_gazebo/veri_5_joint_vel_100Hz) by extension 'ros'
[0.155s] Level 1:colcon.colcon_core.package_identification:_identify(veri_gazebo/veri_5_joint_vel_100Hz) by extensions ['cmake', 'python']
[0.155s] Level 1:colcon.colcon_core.package_identification:_identify(veri_gazebo/veri_5_joint_vel_100Hz) by extension 'cmake'
[0.155s] Level 1:colcon.colcon_core.package_identification:_identify(veri_gazebo/veri_5_joint_vel_100Hz) by extension 'python'
[0.155s] Level 1:colcon.colcon_core.package_identification:_identify(veri_gazebo/veri_5_joint_vel_100Hz) by extensions ['python_setup_py']
[0.155s] Level 1:colcon.colcon_core.package_identification:_identify(veri_gazebo/veri_5_joint_vel_100Hz) by extension 'python_setup_py'
[0.155s] Level 1:colcon.colcon_core.package_identification:_identify(veri_gazebo/veri_body_slipping) by extensions ['ignore', 'ignore_ament_install']
[0.155s] Level 1:colcon.colcon_core.package_identification:_identify(veri_gazebo/veri_body_slipping) by extension 'ignore'
[0.155s] Level 1:colcon.colcon_core.package_identification:_identify(veri_gazebo/veri_body_slipping) by extension 'ignore_ament_install'
[0.155s] Level 1:colcon.colcon_core.package_identification:_identify(veri_gazebo/veri_body_slipping) by extensions ['colcon_pkg']
[0.155s] Level 1:colcon.colcon_core.package_identification:_identify(veri_gazebo/veri_body_slipping) by extension 'colcon_pkg'
[0.155s] Level 1:colcon.colcon_core.package_identification:_identify(veri_gazebo/veri_body_slipping) by extensions ['colcon_meta']
[0.155s] Level 1:colcon.colcon_core.package_identification:_identify(veri_gazebo/veri_body_slipping) by extension 'colcon_meta'
[0.155s] Level 1:colcon.colcon_core.package_identification:_identify(veri_gazebo/veri_body_slipping) by extensions ['ros']
[0.155s] Level 1:colcon.colcon_core.package_identification:_identify(veri_gazebo/veri_body_slipping) by extension 'ros'
[0.156s] Level 1:colcon.colcon_core.package_identification:_identify(veri_gazebo/veri_body_slipping) by extensions ['cmake', 'python']
[0.156s] Level 1:colcon.colcon_core.package_identification:_identify(veri_gazebo/veri_body_slipping) by extension 'cmake'
[0.156s] Level 1:colcon.colcon_core.package_identification:_identify(veri_gazebo/veri_body_slipping) by extension 'python'
[0.156s] Level 1:colcon.colcon_core.package_identification:_identify(veri_gazebo/veri_body_slipping) by extensions ['python_setup_py']
[0.156s] Level 1:colcon.colcon_core.package_identification:_identify(veri_gazebo/veri_body_slipping) by extension 'python_setup_py'
[0.156s] Level 1:colcon.colcon_core.package_identification:_identify(veri_gazebo/veri_circle) by extensions ['ignore', 'ignore_ament_install']
[0.156s] Level 1:colcon.colcon_core.package_identification:_identify(veri_gazebo/veri_circle) by extension 'ignore'
[0.156s] Level 1:colcon.colcon_core.package_identification:_identify(veri_gazebo/veri_circle) by extension 'ignore_ament_install'
[0.156s] Level 1:colcon.colcon_core.package_identification:_identify(veri_gazebo/veri_circle) by extensions ['colcon_pkg']
[0.156s] Level 1:colcon.colcon_core.package_identification:_identify(veri_gazebo/veri_circle) by extension 'colcon_pkg'
[0.156s] Level 1:colcon.colcon_core.package_identification:_identify(veri_gazebo/veri_circle) by extensions ['colcon_meta']
[0.156s] Level 1:colcon.colcon_core.package_identification:_identify(veri_gazebo/veri_circle) by extension 'colcon_meta'
[0.156s] Level 1:colcon.colcon_core.package_identification:_identify(veri_gazebo/veri_circle) by extensions ['ros']
[0.156s] Level 1:colcon.colcon_core.package_identification:_identify(veri_gazebo/veri_circle) by extension 'ros'
[0.156s] Level 1:colcon.colcon_core.package_identification:_identify(veri_gazebo/veri_circle) by extensions ['cmake', 'python']
[0.156s] Level 1:colcon.colcon_core.package_identification:_identify(veri_gazebo/veri_circle) by extension 'cmake'
[0.156s] Level 1:colcon.colcon_core.package_identification:_identify(veri_gazebo/veri_circle) by extension 'python'
[0.156s] Level 1:colcon.colcon_core.package_identification:_identify(veri_gazebo/veri_circle) by extensions ['python_setup_py']
[0.156s] Level 1:colcon.colcon_core.package_identification:_identify(veri_gazebo/veri_circle) by extension 'python_setup_py'
[0.156s] Level 1:colcon.colcon_core.package_identification:_identify(veri_gazebo/veri_circle_uzun) by extensions ['ignore', 'ignore_ament_install']
[0.156s] Level 1:colcon.colcon_core.package_identification:_identify(veri_gazebo/veri_circle_uzun) by extension 'ignore'
[0.156s] Level 1:colcon.colcon_core.package_identification:_identify(veri_gazebo/veri_circle_uzun) by extension 'ignore_ament_install'
[0.156s] Level 1:colcon.colcon_core.package_identification:_identify(veri_gazebo/veri_circle_uzun) by extensions ['colcon_pkg']
[0.156s] Level 1:colcon.colcon_core.package_identification:_identify(veri_gazebo/veri_circle_uzun) by extension 'colcon_pkg'
[0.157s] Level 1:colcon.colcon_core.package_identification:_identify(veri_gazebo/veri_circle_uzun) by extensions ['colcon_meta']
[0.157s] Level 1:colcon.colcon_core.package_identification:_identify(veri_gazebo/veri_circle_uzun) by extension 'colcon_meta'
[0.157s] Level 1:colcon.colcon_core.package_identification:_identify(veri_gazebo/veri_circle_uzun) by extensions ['ros']
[0.157s] Level 1:colcon.colcon_core.package_identification:_identify(veri_gazebo/veri_circle_uzun) by extension 'ros'
[0.157s] Level 1:colcon.colcon_core.package_identification:_identify(veri_gazebo/veri_circle_uzun) by extensions ['cmake', 'python']
[0.157s] Level 1:colcon.colcon_core.package_identification:_identify(veri_gazebo/veri_circle_uzun) by extension 'cmake'
[0.157s] Level 1:colcon.colcon_core.package_identification:_identify(veri_gazebo/veri_circle_uzun) by extension 'python'
[0.157s] Level 1:colcon.colcon_core.package_identification:_identify(veri_gazebo/veri_circle_uzun) by extensions ['python_setup_py']
[0.157s] Level 1:colcon.colcon_core.package_identification:_identify(veri_gazebo/veri_circle_uzun) by extension 'python_setup_py'
[0.157s] Level 1:colcon.colcon_core.package_identification:_identify(veri_gazebo/veri_deneme) by extensions ['ignore', 'ignore_ament_install']
[0.157s] Level 1:colcon.colcon_core.package_identification:_identify(veri_gazebo/veri_deneme) by extension 'ignore'
[0.157s] Level 1:colcon.colcon_core.package_identification:_identify(veri_gazebo/veri_deneme) by extension 'ignore_ament_install'
[0.157s] Level 1:colcon.colcon_core.package_identification:_identify(veri_gazebo/veri_deneme) by extensions ['colcon_pkg']
[0.157s] Level 1:colcon.colcon_core.package_identification:_identify(veri_gazebo/veri_deneme) by extension 'colcon_pkg'
[0.157s] Level 1:colcon.colcon_core.package_identification:_identify(veri_gazebo/veri_deneme) by extensions ['colcon_meta']
[0.157s] Level 1:colcon.colcon_core.package_identification:_identify(veri_gazebo/veri_deneme) by extension 'colcon_meta'
[0.157s] Level 1:colcon.colcon_core.package_identification:_identify(veri_gazebo/veri_deneme) by extensions ['ros']
[0.157s] Level 1:colcon.colcon_core.package_identification:_identify(veri_gazebo/veri_deneme) by extension 'ros'
[0.157s] Level 1:colcon.colcon_core.package_identification:_identify(veri_gazebo/veri_deneme) by extensions ['cmake', 'python']
[0.157s] Level 1:colcon.colcon_core.package_identification:_identify(veri_gazebo/veri_deneme) by extension 'cmake'
[0.157s] Level 1:colcon.colcon_core.package_identification:_identify(veri_gazebo/veri_deneme) by extension 'python'
[0.157s] Level 1:colcon.colcon_core.package_identification:_identify(veri_gazebo/veri_deneme) by extensions ['python_setup_py']
[0.157s] Level 1:colcon.colcon_core.package_identification:_identify(veri_gazebo/veri_deneme) by extension 'python_setup_py'
[0.158s] Level 1:colcon.colcon_core.package_identification:_identify(veri_gazebo/veri_stationary) by extensions ['ignore', 'ignore_ament_install']
[0.158s] Level 1:colcon.colcon_core.package_identification:_identify(veri_gazebo/veri_stationary) by extension 'ignore'
[0.158s] Level 1:colcon.colcon_core.package_identification:_identify(veri_gazebo/veri_stationary) by extension 'ignore_ament_install'
[0.158s] Level 1:colcon.colcon_core.package_identification:_identify(veri_gazebo/veri_stationary) by extensions ['colcon_pkg']
[0.158s] Level 1:colcon.colcon_core.package_identification:_identify(veri_gazebo/veri_stationary) by extension 'colcon_pkg'
[0.158s] Level 1:colcon.colcon_core.package_identification:_identify(veri_gazebo/veri_stationary) by extensions ['colcon_meta']
[0.158s] Level 1:colcon.colcon_core.package_identification:_identify(veri_gazebo/veri_stationary) by extension 'colcon_meta'
[0.158s] Level 1:colcon.colcon_core.package_identification:_identify(veri_gazebo/veri_stationary) by extensions ['ros']
[0.158s] Level 1:colcon.colcon_core.package_identification:_identify(veri_gazebo/veri_stationary) by extension 'ros'
[0.158s] Level 1:colcon.colcon_core.package_identification:_identify(veri_gazebo/veri_stationary) by extensions ['cmake', 'python']
[0.158s] Level 1:colcon.colcon_core.package_identification:_identify(veri_gazebo/veri_stationary) by extension 'cmake'
[0.158s] Level 1:colcon.colcon_core.package_identification:_identify(veri_gazebo/veri_stationary) by extension 'python'
[0.158s] Level 1:colcon.colcon_core.package_identification:_identify(veri_gazebo/veri_stationary) by extensions ['python_setup_py']
[0.158s] Level 1:colcon.colcon_core.package_identification:_identify(veri_gazebo/veri_stationary) by extension 'python_setup_py'
[0.158s] Level 1:colcon.colcon_core.package_identification:_identify(worlds) by extensions ['ignore', 'ignore_ament_install']
[0.158s] Level 1:colcon.colcon_core.package_identification:_identify(worlds) by extension 'ignore'
[0.158s] Level 1:colcon.colcon_core.package_identification:_identify(worlds) by extension 'ignore_ament_install'
[0.158s] Level 1:colcon.colcon_core.package_identification:_identify(worlds) by extensions ['colcon_pkg']
[0.158s] Level 1:colcon.colcon_core.package_identification:_identify(worlds) by extension 'colcon_pkg'
[0.158s] Level 1:colcon.colcon_core.package_identification:_identify(worlds) by extensions ['colcon_meta']
[0.158s] Level 1:colcon.colcon_core.package_identification:_identify(worlds) by extension 'colcon_meta'
[0.158s] Level 1:colcon.colcon_core.package_identification:_identify(worlds) by extensions ['ros']
[0.158s] Level 1:colcon.colcon_core.package_identification:_identify(worlds) by extension 'ros'
[0.158s] Level 1:colcon.colcon_core.package_identification:_identify(worlds) by extensions ['cmake', 'python']
[0.158s] Level 1:colcon.colcon_core.package_identification:_identify(worlds) by extension 'cmake'
[0.159s] Level 1:colcon.colcon_core.package_identification:_identify(worlds) by extension 'python'
[0.159s] Level 1:colcon.colcon_core.package_identification:_identify(worlds) by extensions ['python_setup_py']
[0.159s] Level 1:colcon.colcon_core.package_identification:_identify(worlds) by extension 'python_setup_py'
[0.159s] Level 1:colcon.colcon_core.package_discovery:discover_packages(recursive) using defaults
[0.159s] Level 1:colcon.colcon_core.package_discovery:discover_packages(ignore) discover
[0.159s] Level 1:colcon.colcon_core.package_discovery:discover_packages(ignore) using defaults
[0.159s] Level 1:colcon.colcon_core.package_discovery:discover_packages(path) discover
[0.159s] Level 1:colcon.colcon_core.package_discovery:discover_packages(path) using defaults
[0.174s] Level 5:colcon.colcon_core.verb:set package 'ht_nav_variables' build argument 'cmake_args' from command line to 'None'
[0.175s] Level 5:colcon.colcon_core.verb:set package 'ht_nav_variables' build argument 'cmake_target' from command line to 'None'
[0.175s] Level 5:colcon.colcon_core.verb:set package 'ht_nav_variables' build argument 'cmake_target_skip_unavailable' from command line to 'False'
[0.175s] Level 5:colcon.colcon_core.verb:set package 'ht_nav_variables' build argument 'cmake_clean_cache' from command line to 'False'
[0.175s] Level 5:colcon.colcon_core.verb:set package 'ht_nav_variables' build argument 'cmake_clean_first' from command line to 'False'
[0.175s] Level 5:colcon.colcon_core.verb:set package 'ht_nav_variables' build argument 'cmake_force_configure' from command line to 'False'
[0.175s] Level 5:colcon.colcon_core.verb:set package 'ht_nav_variables' build argument 'ament_cmake_args' from command line to 'None'
[0.175s] Level 5:colcon.colcon_core.verb:set package 'ht_nav_variables' build argument 'catkin_cmake_args' from command line to 'None'
[0.175s] Level 5:colcon.colcon_core.verb:set package 'ht_nav_variables' build argument 'catkin_skip_building_tests' from command line to 'False'
[0.175s] DEBUG:colcon.colcon_core.verb:Building package 'ht_nav_variables' with the following arguments: {'ament_cmake_args': None, 'build_base': '/home/temur/INS-GPS-ROS2/build/ht_nav_variables', 'catkin_cmake_args': None, 'catkin_skip_building_tests': False, 'cmake_args': None, 'cmake_clean_cache': False, 'cmake_clean_first': False, 'cmake_force_configure': False, 'cmake_target': None, 'cmake_target_skip_unavailable': False, 'install_base': '/home/temur/INS-GPS-ROS2/install/ht_nav_variables', 'merge_install': False, 'path': '/home/temur/INS-GPS-ROS2/src/ht_nav_variables', 'symlink_install': False, 'test_result_base': None}
[0.176s] Level 5:colcon.colcon_core.verb:set package 'ht_strap_package' build argument 'cmake_args' from command line to 'None'
[0.176s] Level 5:colcon.colcon_core.verb:set package 'ht_strap_package' build argument 'cmake_target' from command line to 'None'
[0.176s] Level 5:colcon.colcon_core.verb:set package 'ht_strap_package' build argument 'cmake_target_skip_unavailable' from command line to 'False'
[0.176s] Level 5:colcon.colcon_core.verb:set package 'ht_strap_package' build argument 'cmake_clean_cache' from command line to 'False'
[0.176s] Level 5:colcon.colcon_core.verb:set package 'ht_strap_package' build argument 'cmake_clean_first' from command line to 'False'
[0.176s] Level 5:colcon.colcon_core.verb:set package 'ht_strap_package' build argument 'cmake_force_configure' from command line to 'False'
[0.176s] Level 5:colcon.colcon_core.verb:set package 'ht_strap_package' build argument 'ament_cmake_args' from command line to 'None'
[0.176s] Level 5:colcon.colcon_core.verb:set package 'ht_strap_package' build argument 'catkin_cmake_args' from command line to 'None'
[0.176s] Level 5:colcon.colcon_core.verb:set package 'ht_strap_package' build argument 'catkin_skip_building_tests' from command line to 'False'
[0.176s] DEBUG:colcon.colcon_core.verb:Building package 'ht_strap_package' with the following arguments: {'ament_cmake_args': None, 'build_base': '/home/temur/INS-GPS-ROS2/build/ht_strap_package', 'catkin_cmake_args': None, 'catkin_skip_building_tests': False, 'cmake_args': None, 'cmake_clean_cache': False, 'cmake_clean_first': False, 'cmake_force_configure': False, 'cmake_target': None, 'cmake_target_skip_unavailable': False, 'install_base': '/home/temur/INS-GPS-ROS2/install/ht_strap_package', 'merge_install': False, 'path': '/home/temur/INS-GPS-ROS2/src/ht_strap_package', 'symlink_install': False, 'test_result_base': None}
[0.180s] INFO:colcon.colcon_core.executor:Executing jobs using 'parallel' executor
[0.182s] DEBUG:colcon.colcon_parallel_executor.executor.parallel:run_until_complete
[0.182s] INFO:colcon.colcon_ros.task.ament_cmake.build:Building ROS package in '/home/temur/INS-GPS-ROS2/src/ht_nav_variables' with build type 'ament_cmake'
[0.182s] INFO:colcon.colcon_cmake.task.cmake.build:Building CMake package in '/home/temur/INS-GPS-ROS2/src/ht_nav_variables'
[0.186s] INFO:colcon.colcon_core.plugin_system:Skipping extension 'colcon_core.shell.bat': Not used on non-Windows systems
[0.186s] INFO:colcon.colcon_core.shell:Skip shell extension 'powershell' for command environment: Not usable outside of PowerShell
[0.186s] DEBUG:colcon.colcon_core.shell:Skip shell extension 'dsv' for command environment
[0.202s] DEBUG:colcon.colcon_core.event_handler.log_command:Invoking command in '/home/temur/INS-GPS-ROS2/build/ht_nav_variables': CMAKE_PREFIX_PATH=${CMAKE_PREFIX_PATH}:/home/temur/INS-GPS-ROS2/install/ht_strap_package:/opt/ros/foxy /usr/bin/cmake --build /home/temur/INS-GPS-ROS2/build/ht_nav_variables -- -j12 -l12
[0.533s] DEBUG:colcon.colcon_core.event_handler.log_command:Invoked command in '/home/temur/INS-GPS-ROS2/build/ht_nav_variables' returned '0': CMAKE_PREFIX_PATH=${CMAKE_PREFIX_PATH}:/home/temur/INS-GPS-ROS2/install/ht_strap_package:/opt/ros/foxy /usr/bin/cmake --build /home/temur/INS-GPS-ROS2/build/ht_nav_variables -- -j12 -l12
[0.749s] DEBUG:colcon.colcon_core.event_handler.log_command:Invoking command in '/home/temur/INS-GPS-ROS2/build/ht_nav_variables': CMAKE_PREFIX_PATH=${CMAKE_PREFIX_PATH}:/home/temur/INS-GPS-ROS2/install/ht_strap_package:/opt/ros/foxy /usr/bin/cmake --install /home/temur/INS-GPS-ROS2/build/ht_nav_variables
[0.815s] Level 1:colcon.colcon_core.environment:create_environment_scripts_only(ht_nav_variables)
[0.816s] DEBUG:colcon.colcon_core.event_handler.log_command:Invoked command in '/home/temur/INS-GPS-ROS2/build/ht_nav_variables' returned '0': CMAKE_PREFIX_PATH=${CMAKE_PREFIX_PATH}:/home/temur/INS-GPS-ROS2/install/ht_strap_package:/opt/ros/foxy /usr/bin/cmake --install /home/temur/INS-GPS-ROS2/build/ht_nav_variables
[0.821s] Level 1:colcon.colcon_core.environment:checking '/home/temur/INS-GPS-ROS2/install/ht_nav_variables' for CMake module files
[0.823s] Level 1:colcon.colcon_core.environment:checking '/home/temur/INS-GPS-ROS2/install/ht_nav_variables' for CMake config files
[0.824s] Level 1:colcon.colcon_core.shell:create_environment_hook('ht_nav_variables', 'cmake_prefix_path')
[0.825s] INFO:colcon.colcon_core.shell:Creating environment hook '/home/temur/INS-GPS-ROS2/install/ht_nav_variables/share/ht_nav_variables/hook/cmake_prefix_path.ps1'
[0.826s] INFO:colcon.colcon_core.shell:Creating environment descriptor '/home/temur/INS-GPS-ROS2/install/ht_nav_variables/share/ht_nav_variables/hook/cmake_prefix_path.dsv'
[0.827s] INFO:colcon.colcon_core.shell:Creating environment hook '/home/temur/INS-GPS-ROS2/install/ht_nav_variables/share/ht_nav_variables/hook/cmake_prefix_path.sh'
[0.828s] Level 1:colcon.colcon_core.environment:checking '/home/temur/INS-GPS-ROS2/install/ht_nav_variables/lib'
[0.828s] Level 1:colcon.colcon_core.shell:create_environment_hook('ht_nav_variables', 'ld_library_path_lib')
[0.828s] INFO:colcon.colcon_core.shell:Creating environment hook '/home/temur/INS-GPS-ROS2/install/ht_nav_variables/share/ht_nav_variables/hook/ld_library_path_lib.ps1'
[0.828s] INFO:colcon.colcon_core.shell:Creating environment descriptor '/home/temur/INS-GPS-ROS2/install/ht_nav_variables/share/ht_nav_variables/hook/ld_library_path_lib.dsv'
[0.829s] INFO:colcon.colcon_core.shell:Creating environment hook '/home/temur/INS-GPS-ROS2/install/ht_nav_variables/share/ht_nav_variables/hook/ld_library_path_lib.sh'
[0.829s] Level 1:colcon.colcon_core.environment:checking '/home/temur/INS-GPS-ROS2/install/ht_nav_variables/bin'
[0.829s] Level 1:colcon.colcon_core.environment:checking '/home/temur/INS-GPS-ROS2/install/ht_nav_variables/lib/pkgconfig/ht_nav_variables.pc'
[0.829s] Level 1:colcon.colcon_core.environment:checking '/home/temur/INS-GPS-ROS2/install/ht_nav_variables/lib/python3.8/site-packages'
[0.829s] Level 1:colcon.colcon_core.shell:create_environment_hook('ht_nav_variables', 'pythonpath')
[0.830s] INFO:colcon.colcon_core.shell:Creating environment hook '/home/temur/INS-GPS-ROS2/install/ht_nav_variables/share/ht_nav_variables/hook/pythonpath.ps1'
[0.830s] INFO:colcon.colcon_core.shell:Creating environment descriptor '/home/temur/INS-GPS-ROS2/install/ht_nav_variables/share/ht_nav_variables/hook/pythonpath.dsv'
[0.830s] INFO:colcon.colcon_core.shell:Creating environment hook '/home/temur/INS-GPS-ROS2/install/ht_nav_variables/share/ht_nav_variables/hook/pythonpath.sh'
[0.831s] INFO:colcon.colcon_core.shell:Creating package script '/home/temur/INS-GPS-ROS2/install/ht_nav_variables/share/ht_nav_variables/package.ps1'
[0.832s] INFO:colcon.colcon_core.shell:Creating package descriptor '/home/temur/INS-GPS-ROS2/install/ht_nav_variables/share/ht_nav_variables/package.dsv'
[0.832s] INFO:colcon.colcon_core.shell:Creating package script '/home/temur/INS-GPS-ROS2/install/ht_nav_variables/share/ht_nav_variables/package.sh'
[0.833s] INFO:colcon.colcon_core.shell:Creating package script '/home/temur/INS-GPS-ROS2/install/ht_nav_variables/share/ht_nav_variables/package.bash'
[0.833s] INFO:colcon.colcon_core.shell:Creating package script '/home/temur/INS-GPS-ROS2/install/ht_nav_variables/share/ht_nav_variables/package.zsh'
[0.834s] Level 1:colcon.colcon_core.environment:create_file_with_runtime_dependencies(/home/temur/INS-GPS-ROS2/install/ht_nav_variables/share/colcon-core/packages/ht_nav_variables)
[1.073s] Level 1:colcon.colcon_core.environment:create_environment_scripts_only(ht_nav_variables)
[1.074s] Level 1:colcon.colcon_core.environment:checking '/home/temur/INS-GPS-ROS2/install/ht_nav_variables' for CMake module files
[1.076s] Level 1:colcon.colcon_core.environment:checking '/home/temur/INS-GPS-ROS2/install/ht_nav_variables' for CMake config files
[1.077s] Level 1:colcon.colcon_core.shell:create_environment_hook('ht_nav_variables', 'cmake_prefix_path')
[1.078s] INFO:colcon.colcon_core.shell:Creating environment hook '/home/temur/INS-GPS-ROS2/install/ht_nav_variables/share/ht_nav_variables/hook/cmake_prefix_path.ps1'
[1.079s] INFO:colcon.colcon_core.shell:Creating environment descriptor '/home/temur/INS-GPS-ROS2/install/ht_nav_variables/share/ht_nav_variables/hook/cmake_prefix_path.dsv'
[1.079s] INFO:colcon.colcon_core.shell:Creating environment hook '/home/temur/INS-GPS-ROS2/install/ht_nav_variables/share/ht_nav_variables/hook/cmake_prefix_path.sh'
[1.080s] Level 1:colcon.colcon_core.environment:checking '/home/temur/INS-GPS-ROS2/install/ht_nav_variables/lib'
[1.080s] Level 1:colcon.colcon_core.shell:create_environment_hook('ht_nav_variables', 'ld_library_path_lib')
[1.081s] INFO:colcon.colcon_core.shell:Creating environment hook '/home/temur/INS-GPS-ROS2/install/ht_nav_variables/share/ht_nav_variables/hook/ld_library_path_lib.ps1'
[1.082s] INFO:colcon.colcon_core.shell:Creating environment descriptor '/home/temur/INS-GPS-ROS2/install/ht_nav_variables/share/ht_nav_variables/hook/ld_library_path_lib.dsv'
[1.083s] INFO:colcon.colcon_core.shell:Creating environment hook '/home/temur/INS-GPS-ROS2/install/ht_nav_variables/share/ht_nav_variables/hook/ld_library_path_lib.sh'
[1.083s] Level 1:colcon.colcon_core.environment:checking '/home/temur/INS-GPS-ROS2/install/ht_nav_variables/bin'
[1.083s] Level 1:colcon.colcon_core.environment:checking '/home/temur/INS-GPS-ROS2/install/ht_nav_variables/lib/pkgconfig/ht_nav_variables.pc'
[1.083s] Level 1:colcon.colcon_core.environment:checking '/home/temur/INS-GPS-ROS2/install/ht_nav_variables/lib/python3.8/site-packages'
[1.083s] Level 1:colcon.colcon_core.shell:create_environment_hook('ht_nav_variables', 'pythonpath')
[1.084s] INFO:colcon.colcon_core.shell:Creating environment hook '/home/temur/INS-GPS-ROS2/install/ht_nav_variables/share/ht_nav_variables/hook/pythonpath.ps1'
[1.084s] INFO:colcon.colcon_core.shell:Creating environment descriptor '/home/temur/INS-GPS-ROS2/install/ht_nav_variables/share/ht_nav_variables/hook/pythonpath.dsv'
[1.084s] INFO:colcon.colcon_core.shell:Creating environment hook '/home/temur/INS-GPS-ROS2/install/ht_nav_variables/share/ht_nav_variables/hook/pythonpath.sh'
[1.085s] INFO:colcon.colcon_core.shell:Creating package script '/home/temur/INS-GPS-ROS2/install/ht_nav_variables/share/ht_nav_variables/package.ps1'
[1.085s] INFO:colcon.colcon_core.shell:Creating package descriptor '/home/temur/INS-GPS-ROS2/install/ht_nav_variables/share/ht_nav_variables/package.dsv'
[1.086s] INFO:colcon.colcon_core.shell:Creating package script '/home/temur/INS-GPS-ROS2/install/ht_nav_variables/share/ht_nav_variables/package.sh'
[1.087s] INFO:colcon.colcon_core.shell:Creating package script '/home/temur/INS-GPS-ROS2/install/ht_nav_variables/share/ht_nav_variables/package.bash'
[1.087s] INFO:colcon.colcon_core.shell:Creating package script '/home/temur/INS-GPS-ROS2/install/ht_nav_variables/share/ht_nav_variables/package.zsh'
[1.088s] Level 1:colcon.colcon_core.environment:create_file_with_runtime_dependencies(/home/temur/INS-GPS-ROS2/install/ht_nav_variables/share/colcon-core/packages/ht_nav_variables)
[1.088s] INFO:colcon.colcon_ros.task.ament_python.build:Building ROS package in '/home/temur/INS-GPS-ROS2/src/ht_strap_package' with build type 'ament_python'
[1.088s] Level 1:colcon.colcon_core.shell:create_environment_hook('ht_strap_package', 'ament_prefix_path')
[1.089s] INFO:colcon.colcon_core.shell:Creating environment hook '/home/temur/INS-GPS-ROS2/install/ht_strap_package/share/ht_strap_package/hook/ament_prefix_path.ps1'
[1.089s] INFO:colcon.colcon_core.shell:Creating environment descriptor '/home/temur/INS-GPS-ROS2/install/ht_strap_package/share/ht_strap_package/hook/ament_prefix_path.dsv'
[1.090s] INFO:colcon.colcon_core.shell:Creating environment hook '/home/temur/INS-GPS-ROS2/install/ht_strap_package/share/ht_strap_package/hook/ament_prefix_path.sh'
[1.091s] INFO:colcon.colcon_core.shell:Skip shell extension 'powershell' for command environment: Not usable outside of PowerShell
[1.091s] DEBUG:colcon.colcon_core.shell:Skip shell extension 'dsv' for command environment
[1.297s] INFO:colcon.colcon_core.task.python.build:Building Python package in '/home/temur/INS-GPS-ROS2/src/ht_strap_package'
[1.299s] INFO:colcon.colcon_core.shell:Skip shell extension 'powershell' for command environment: Not usable outside of PowerShell
[1.299s] DEBUG:colcon.colcon_core.shell:Skip shell extension 'dsv' for command environment
[1.631s] DEBUG:colcon.colcon_core.event_handler.log_command:Invoking command in '/home/temur/INS-GPS-ROS2/src/ht_strap_package': PYTHONPATH=/home/temur/INS-GPS-ROS2/install/ht_strap_package/lib/python3.8/site-packages:/home/temur/INS-GPS-ROS2/install/ht_nav_variables/lib/python3.8/site-packages:/home/temur/INS-GPS-ROS2/install/ht_strap_package/lib/python3.8/site-packages:/opt/ros/foxy/lib/python3.8/site-packages /usr/bin/python3 setup.py egg_info --egg-base ../../build/ht_strap_package build --build-base /home/temur/INS-GPS-ROS2/build/ht_strap_package/build install --prefix /home/temur/INS-GPS-ROS2/install/ht_strap_package --record /home/temur/INS-GPS-ROS2/build/ht_strap_package/install.log --single-version-externally-managed
[1.900s] Level 1:colcon.colcon_core.environment:checking '/home/temur/INS-GPS-ROS2/install/ht_strap_package' for CMake module files
[1.901s] DEBUG:colcon.colcon_core.event_handler.log_command:Invoked command in '/home/temur/INS-GPS-ROS2/src/ht_strap_package' returned '0': PYTHONPATH=/home/temur/INS-GPS-ROS2/install/ht_strap_package/lib/python3.8/site-packages:/home/temur/INS-GPS-ROS2/install/ht_nav_variables/lib/python3.8/site-packages:/home/temur/INS-GPS-ROS2/install/ht_strap_package/lib/python3.8/site-packages:/opt/ros/foxy/lib/python3.8/site-packages /usr/bin/python3 setup.py egg_info --egg-base ../../build/ht_strap_package build --build-base /home/temur/INS-GPS-ROS2/build/ht_strap_package/build install --prefix /home/temur/INS-GPS-ROS2/install/ht_strap_package --record /home/temur/INS-GPS-ROS2/build/ht_strap_package/install.log --single-version-externally-managed
[1.901s] Level 1:colcon.colcon_core.environment:checking '/home/temur/INS-GPS-ROS2/install/ht_strap_package' for CMake config files
[1.902s] Level 1:colcon.colcon_core.environment:checking '/home/temur/INS-GPS-ROS2/install/ht_strap_package/lib'
[1.902s] Level 1:colcon.colcon_core.environment:checking '/home/temur/INS-GPS-ROS2/install/ht_strap_package/bin'
[1.902s] Level 1:colcon.colcon_core.environment:checking '/home/temur/INS-GPS-ROS2/install/ht_strap_package/lib/pkgconfig/ht_strap_package.pc'
[1.902s] Level 1:colcon.colcon_core.environment:checking '/home/temur/INS-GPS-ROS2/install/ht_strap_package/lib/python3.8/site-packages'
[1.902s] Level 1:colcon.colcon_core.shell:create_environment_hook('ht_strap_package', 'pythonpath')
[1.903s] INFO:colcon.colcon_core.shell:Creating environment hook '/home/temur/INS-GPS-ROS2/install/ht_strap_package/share/ht_strap_package/hook/pythonpath.ps1'
[1.903s] INFO:colcon.colcon_core.shell:Creating environment descriptor '/home/temur/INS-GPS-ROS2/install/ht_strap_package/share/ht_strap_package/hook/pythonpath.dsv'
[1.904s] INFO:colcon.colcon_core.shell:Creating environment hook '/home/temur/INS-GPS-ROS2/install/ht_strap_package/share/ht_strap_package/hook/pythonpath.sh'
[1.905s] Level 1:colcon.colcon_core.environment:create_environment_scripts_only(ht_strap_package)
[1.905s] INFO:colcon.colcon_core.shell:Creating package script '/home/temur/INS-GPS-ROS2/install/ht_strap_package/share/ht_strap_package/package.ps1'
[1.906s] INFO:colcon.colcon_core.shell:Creating package descriptor '/home/temur/INS-GPS-ROS2/install/ht_strap_package/share/ht_strap_package/package.dsv'
[1.906s] INFO:colcon.colcon_core.shell:Creating package script '/home/temur/INS-GPS-ROS2/install/ht_strap_package/share/ht_strap_package/package.sh'
[1.906s] INFO:colcon.colcon_core.shell:Creating package script '/home/temur/INS-GPS-ROS2/install/ht_strap_package/share/ht_strap_package/package.bash'
[1.907s] INFO:colcon.colcon_core.shell:Creating package script '/home/temur/INS-GPS-ROS2/install/ht_strap_package/share/ht_strap_package/package.zsh'
[1.907s] Level 1:colcon.colcon_core.environment:create_file_with_runtime_dependencies(/home/temur/INS-GPS-ROS2/install/ht_strap_package/share/colcon-core/packages/ht_strap_package)
[1.908s] DEBUG:colcon.colcon_parallel_executor.executor.parallel:closing loop
[1.908s] DEBUG:colcon.colcon_parallel_executor.executor.parallel:loop closed
[1.908s] DEBUG:colcon.colcon_parallel_executor.executor.parallel:run_until_complete finished with '0'
[1.908s] DEBUG:colcon.colcon_core.event_reactor:joining thread
[1.913s] INFO:colcon.colcon_core.plugin_system:Skipping extension 'colcon_notification.desktop_notification.terminal_notifier': Not used on non-Darwin systems
[1.913s] INFO:colcon.colcon_core.plugin_system:Skipping extension 'colcon_notification.desktop_notification.win32': Not used on non-Windows systems
[1.913s] INFO:colcon.colcon_notification.desktop_notification:Sending desktop notification using 'notify2'
[1.935s] DEBUG:colcon.colcon_core.event_reactor:joined thread
[1.936s] INFO:colcon.colcon_core.shell:Creating prefix script '/home/temur/INS-GPS-ROS2/install/local_setup.ps1'
[1.939s] INFO:colcon.colcon_core.shell:Creating prefix util module '/home/temur/INS-GPS-ROS2/install/_local_setup_util_ps1.py'
[1.942s] INFO:colcon.colcon_core.shell:Creating prefix chain script '/home/temur/INS-GPS-ROS2/install/setup.ps1'
[1.945s] INFO:colcon.colcon_core.shell:Creating prefix script '/home/temur/INS-GPS-ROS2/install/local_setup.sh'
[1.946s] INFO:colcon.colcon_core.shell:Creating prefix util module '/home/temur/INS-GPS-ROS2/install/_local_setup_util_sh.py'
[1.947s] INFO:colcon.colcon_core.shell:Creating prefix chain script '/home/temur/INS-GPS-ROS2/install/setup.sh'
[1.948s] INFO:colcon.colcon_core.shell:Creating prefix script '/home/temur/INS-GPS-ROS2/install/local_setup.bash'
[1.949s] INFO:colcon.colcon_core.shell:Creating prefix chain script '/home/temur/INS-GPS-ROS2/install/setup.bash'
[1.950s] INFO:colcon.colcon_core.shell:Creating prefix script '/home/temur/INS-GPS-ROS2/install/local_setup.zsh'
[1.951s] INFO:colcon.colcon_core.shell:Creating prefix chain script '/home/temur/INS-GPS-ROS2/install/setup.zsh'
