[0.229s] Invoking command in '/home/temurtas/INS-GPS-ROS2/src/ht_strap_package': PYTHONPATH=/home/temurtas/INS-GPS-ROS2/install/ht_strap_package/lib/python3.8/site-packages:/home/temurtas/INS-GPS-ROS2/install/ht_nav_variables/lib/python3.8/site-packages:/home/temurtas/INS-GPS-ROS2/install/ht_strap_package/lib/python3.8/site-packages:/opt/ros/foxy/lib/python3.8/site-packages /usr/bin/python3 setup.py egg_info --egg-base ../../build/ht_strap_package build --build-base /home/temurtas/INS-GPS-ROS2/build/ht_strap_package/build install --prefix /home/temurtas/INS-GPS-ROS2/install/ht_strap_package --record /home/temurtas/INS-GPS-ROS2/build/ht_strap_package/install.log --single-version-externally-managed
[0.410s] running egg_info
[0.411s] writing ../../build/ht_strap_package/ht_strap_package.egg-info/PKG-INFO
[0.411s] writing dependency_links to ../../build/ht_strap_package/ht_strap_package.egg-info/dependency_links.txt
[0.412s] writing entry points to ../../build/ht_strap_package/ht_strap_package.egg-info/entry_points.txt
[0.412s] writing requirements to ../../build/ht_strap_package/ht_strap_package.egg-info/requires.txt
[0.412s] writing top-level names to ../../build/ht_strap_package/ht_strap_package.egg-info/top_level.txt
[0.448s] reading manifest file '../../build/ht_strap_package/ht_strap_package.egg-info/SOURCES.txt'
[0.449s] writing manifest file '../../build/ht_strap_package/ht_strap_package.egg-info/SOURCES.txt'
[0.449s] running build
[0.450s] running build_py
[0.450s] copying ht_strap_package/gps_data_publisher_function.py -> /home/temurtas/INS-GPS-ROS2/build/ht_strap_package/build/lib/ht_strap_package
[0.450s] copying ht_strap_package/ins_gps_node_function.py -> /home/temurtas/INS-GPS-ROS2/build/ht_strap_package/build/lib/ht_strap_package
[0.450s] copying ht_strap_package/strap_with_kalman_node_function.py -> /home/temurtas/INS-GPS-ROS2/build/ht_strap_package/build/lib/ht_strap_package
[0.451s] running install
[0.451s] running install_lib
[0.452s] copying /home/temurtas/INS-GPS-ROS2/build/ht_strap_package/build/lib/ht_strap_package/gps_data_publisher_function.py -> /home/temurtas/INS-GPS-ROS2/install/ht_strap_package/lib/python3.8/site-packages/ht_strap_package
[0.452s] copying /home/temurtas/INS-GPS-ROS2/build/ht_strap_package/build/lib/ht_strap_package/ins_gps_node_function.py -> /home/temurtas/INS-GPS-ROS2/install/ht_strap_package/lib/python3.8/site-packages/ht_strap_package
[0.453s] copying /home/temurtas/INS-GPS-ROS2/build/ht_strap_package/build/lib/ht_strap_package/strap_with_kalman_node_function.py -> /home/temurtas/INS-GPS-ROS2/install/ht_strap_package/lib/python3.8/site-packages/ht_strap_package
[0.453s] byte-compiling /home/temurtas/INS-GPS-ROS2/install/ht_strap_package/lib/python3.8/site-packages/ht_strap_package/gps_data_publisher_function.py to gps_data_publisher_function.cpython-38.pyc
[0.454s] byte-compiling /home/temurtas/INS-GPS-ROS2/install/ht_strap_package/lib/python3.8/site-packages/ht_strap_package/ins_gps_node_function.py to ins_gps_node_function.cpython-38.pyc
[0.456s] byte-compiling /home/temurtas/INS-GPS-ROS2/install/ht_strap_package/lib/python3.8/site-packages/ht_strap_package/strap_with_kalman_node_function.py to strap_with_kalman_node_function.cpython-38.pyc
[0.458s] running install_data
[0.459s] copying package.xml -> /home/temurtas/INS-GPS-ROS2/install/ht_strap_package/share/ht_strap_package
[0.459s] copying launch/ht_strap_package.launch.py -> /home/temurtas/INS-GPS-ROS2/install/ht_strap_package/share/ht_strap_package/launch
[0.459s] running install_egg_info
[0.460s] removing '/home/temurtas/INS-GPS-ROS2/install/ht_strap_package/lib/python3.8/site-packages/ht_strap_package-0.0.0-py3.8.egg-info' (and everything under it)
[0.460s] Copying ../../build/ht_strap_package/ht_strap_package.egg-info to /home/temurtas/INS-GPS-ROS2/install/ht_strap_package/lib/python3.8/site-packages/ht_strap_package-0.0.0-py3.8.egg-info
[0.461s] running install_scripts
[0.476s] Installing gps_data_publisher_node script to /home/temurtas/INS-GPS-ROS2/install/ht_strap_package/lib/ht_strap_package
[0.476s] Installing imu_data_publisher_node script to /home/temurtas/INS-GPS-ROS2/install/ht_strap_package/lib/ht_strap_package
[0.477s] Installing ins_gps_node script to /home/temurtas/INS-GPS-ROS2/install/ht_strap_package/lib/ht_strap_package
[0.477s] Installing listener script to /home/temurtas/INS-GPS-ROS2/install/ht_strap_package/lib/ht_strap_package
[0.478s] Installing strap_node script to /home/temurtas/INS-GPS-ROS2/install/ht_strap_package/lib/ht_strap_package
[0.478s] Installing strap_w_kalman_node script to /home/temurtas/INS-GPS-ROS2/install/ht_strap_package/lib/ht_strap_package
[0.478s] writing list of installed files to '/home/temurtas/INS-GPS-ROS2/build/ht_strap_package/install.log'
[0.503s] Invoked command in '/home/temurtas/INS-GPS-ROS2/src/ht_strap_package' returned '0': PYTHONPATH=/home/temurtas/INS-GPS-ROS2/install/ht_strap_package/lib/python3.8/site-packages:/home/temurtas/INS-GPS-ROS2/install/ht_nav_variables/lib/python3.8/site-packages:/home/temurtas/INS-GPS-ROS2/install/ht_strap_package/lib/python3.8/site-packages:/opt/ros/foxy/lib/python3.8/site-packages /usr/bin/python3 setup.py egg_info --egg-base ../../build/ht_strap_package build --build-base /home/temurtas/INS-GPS-ROS2/build/ht_strap_package/build install --prefix /home/temurtas/INS-GPS-ROS2/install/ht_strap_package --record /home/temurtas/INS-GPS-ROS2/build/ht_strap_package/install.log --single-version-externally-managed
