[0.195s] DEBUG:colcon:Command line arguments: ['/usr/bin/colcon', 'build']
[0.195s] DEBUG:colcon:Parsed command line arguments: Namespace(allow_overriding=[], ament_cmake_args=None, base_paths=['.'], build_base='build', catkin_cmake_args=None, catkin_skip_building_tests=False, cmake_args=None, cmake_clean_cache=False, cmake_clean_first=False, cmake_force_configure=False, cmake_target=None, cmake_target_skip_unavailable=False, continue_on_error=False, event_handlers=None, executor='parallel', ignore_user_meta=False, install_base='install', log_base=None, log_level=None, main=<bound method BuildVerb.main of <colcon_core.verb.build.BuildVerb object at 0x7fde2232d6a0>>, merge_install=False, metas=['./colcon.meta'], packages_above=None, packages_above_and_dependencies=None, packages_above_depth=None, packages_end=None, packages_ignore=None, packages_ignore_regex=None, packages_select=None, packages_select_build_failed=False, packages_select_by_dep=None, packages_select_regex=None, packages_select_test_failures=False, packages_skip=None, packages_skip_build_finished=False, packages_skip_by_dep=None, packages_skip_regex=None, packages_skip_test_passed=False, packages_skip_up_to=None, packages_start=None, packages_up_to=None, packages_up_to_regex=None, parallel_workers=12, paths=None, symlink_install=False, test_result_base=None, verb_extension=<colcon_core.verb.build.BuildVerb object at 0x7fde2232d6a0>, verb_name='build', verb_parser=<colcon_defaults.argument_parser.defaults.DefaultArgumentsDecorator object at 0x7fde2232dbe0>)
[0.202s] Level 1:colcon.colcon_core.package_discovery:discover_packages(colcon_meta) check parameters
[0.202s] Level 1:colcon.colcon_core.package_discovery:discover_packages(recursive) check parameters
[0.202s] Level 1:colcon.colcon_core.package_discovery:discover_packages(ignore) check parameters
[0.202s] Level 1:colcon.colcon_core.package_discovery:discover_packages(path) check parameters
[0.203s] Level 1:colcon.colcon_core.package_discovery:discover_packages(colcon_meta) discover
[0.203s] Level 1:colcon.colcon_core.package_discovery:discover_packages(recursive) discover
[0.203s] INFO:colcon.colcon_core.package_discovery:Crawling recursively for packages in '/home/temur/INS-GPS-ROS2'
[0.203s] Level 1:colcon.colcon_core.package_identification:_identify(.) by extensions ['ignore', 'ignore_ament_install']
[0.203s] Level 1:colcon.colcon_core.package_identification:_identify(.) by extension 'ignore'
[0.203s] Level 1:colcon.colcon_core.package_identification:_identify(.) by extension 'ignore_ament_install'
[0.203s] Level 1:colcon.colcon_core.package_identification:_identify(.) by extensions ['colcon_pkg']
[0.203s] Level 1:colcon.colcon_core.package_identification:_identify(.) by extension 'colcon_pkg'
[0.203s] Level 1:colcon.colcon_core.package_identification:_identify(.) by extensions ['colcon_meta']
[0.204s] Level 1:colcon.colcon_core.package_identification:_identify(.) by extension 'colcon_meta'
[0.204s] Level 1:colcon.colcon_core.package_identification:_identify(.) by extensions ['ros']
[0.204s] Level 1:colcon.colcon_core.package_identification:_identify(.) by extension 'ros'
[0.220s] Level 1:colcon.colcon_core.package_identification:_identify(.) by extensions ['cmake', 'python']
[0.220s] Level 1:colcon.colcon_core.package_identification:_identify(.) by extension 'cmake'
[0.220s] Level 1:colcon.colcon_core.package_identification:_identify(.) by extension 'python'
[0.220s] Level 1:colcon.colcon_core.package_identification:_identify(.) by extensions ['python_setup_py']
[0.220s] Level 1:colcon.colcon_core.package_identification:_identify(.) by extension 'python_setup_py'
[0.220s] Level 1:colcon.colcon_core.package_identification:_identify(Matlab_Analiz) by extensions ['ignore', 'ignore_ament_install']
[0.220s] Level 1:colcon.colcon_core.package_identification:_identify(Matlab_Analiz) by extension 'ignore'
[0.220s] Level 1:colcon.colcon_core.package_identification:_identify(Matlab_Analiz) by extension 'ignore_ament_install'
[0.220s] Level 1:colcon.colcon_core.package_identification:_identify(Matlab_Analiz) by extensions ['colcon_pkg']
[0.220s] Level 1:colcon.colcon_core.package_identification:_identify(Matlab_Analiz) by extension 'colcon_pkg'
[0.220s] Level 1:colcon.colcon_core.package_identification:_identify(Matlab_Analiz) by extensions ['colcon_meta']
[0.221s] Level 1:colcon.colcon_core.package_identification:_identify(Matlab_Analiz) by extension 'colcon_meta'
[0.221s] Level 1:colcon.colcon_core.package_identification:_identify(Matlab_Analiz) by extensions ['ros']
[0.221s] Level 1:colcon.colcon_core.package_identification:_identify(Matlab_Analiz) by extension 'ros'
[0.221s] Level 1:colcon.colcon_core.package_identification:_identify(Matlab_Analiz) by extensions ['cmake', 'python']
[0.221s] Level 1:colcon.colcon_core.package_identification:_identify(Matlab_Analiz) by extension 'cmake'
[0.221s] Level 1:colcon.colcon_core.package_identification:_identify(Matlab_Analiz) by extension 'python'
[0.221s] Level 1:colcon.colcon_core.package_identification:_identify(Matlab_Analiz) by extensions ['python_setup_py']
[0.221s] Level 1:colcon.colcon_core.package_identification:_identify(Matlab_Analiz) by extension 'python_setup_py'
[0.222s] Level 1:colcon.colcon_core.package_identification:_identify(Matlab_Analiz/custom_messages) by extensions ['ignore', 'ignore_ament_install']
[0.222s] Level 1:colcon.colcon_core.package_identification:_identify(Matlab_Analiz/custom_messages) by extension 'ignore'
[0.222s] Level 1:colcon.colcon_core.package_identification:_identify(Matlab_Analiz/custom_messages) by extension 'ignore_ament_install'
[0.222s] Level 1:colcon.colcon_core.package_identification:_identify(Matlab_Analiz/custom_messages) by extensions ['colcon_pkg']
[0.222s] Level 1:colcon.colcon_core.package_identification:_identify(Matlab_Analiz/custom_messages) by extension 'colcon_pkg'
[0.222s] Level 1:colcon.colcon_core.package_identification:_identify(Matlab_Analiz/custom_messages) by extensions ['colcon_meta']
[0.222s] Level 1:colcon.colcon_core.package_identification:_identify(Matlab_Analiz/custom_messages) by extension 'colcon_meta'
[0.222s] Level 1:colcon.colcon_core.package_identification:_identify(Matlab_Analiz/custom_messages) by extensions ['ros']
[0.222s] Level 1:colcon.colcon_core.package_identification:_identify(Matlab_Analiz/custom_messages) by extension 'ros'
[0.222s] Level 1:colcon.colcon_core.package_identification:_identify(Matlab_Analiz/custom_messages) by extensions ['cmake', 'python']
[0.222s] Level 1:colcon.colcon_core.package_identification:_identify(Matlab_Analiz/custom_messages) by extension 'cmake'
[0.222s] Level 1:colcon.colcon_core.package_identification:_identify(Matlab_Analiz/custom_messages) by extension 'python'
[0.222s] Level 1:colcon.colcon_core.package_identification:_identify(Matlab_Analiz/custom_messages) by extensions ['python_setup_py']
[0.222s] Level 1:colcon.colcon_core.package_identification:_identify(Matlab_Analiz/custom_messages) by extension 'python_setup_py'
[0.223s] Level 1:colcon.colcon_core.package_identification:_identify(Matlab_Analiz/custom_messages/mgs_1) by extensions ['ignore', 'ignore_ament_install']
[0.223s] Level 1:colcon.colcon_core.package_identification:_identify(Matlab_Analiz/custom_messages/mgs_1) by extension 'ignore'
[0.223s] Level 1:colcon.colcon_core.package_identification:_identify(Matlab_Analiz/custom_messages/mgs_1) by extension 'ignore_ament_install'
[0.223s] Level 1:colcon.colcon_core.package_identification:_identify(Matlab_Analiz/custom_messages/mgs_1) by extensions ['colcon_pkg']
[0.223s] Level 1:colcon.colcon_core.package_identification:_identify(Matlab_Analiz/custom_messages/mgs_1) by extension 'colcon_pkg'
[0.223s] Level 1:colcon.colcon_core.package_identification:_identify(Matlab_Analiz/custom_messages/mgs_1) by extensions ['colcon_meta']
[0.223s] Level 1:colcon.colcon_core.package_identification:_identify(Matlab_Analiz/custom_messages/mgs_1) by extension 'colcon_meta'
[0.223s] Level 1:colcon.colcon_core.package_identification:_identify(Matlab_Analiz/custom_messages/mgs_1) by extensions ['ros']
[0.223s] Level 1:colcon.colcon_core.package_identification:_identify(Matlab_Analiz/custom_messages/mgs_1) by extension 'ros'
[0.223s] Level 1:colcon.colcon_core.package_identification:_identify(Matlab_Analiz/custom_messages/mgs_1) by extensions ['cmake', 'python']
[0.223s] Level 1:colcon.colcon_core.package_identification:_identify(Matlab_Analiz/custom_messages/mgs_1) by extension 'cmake'
[0.223s] Level 1:colcon.colcon_core.package_identification:_identify(Matlab_Analiz/custom_messages/mgs_1) by extension 'python'
[0.223s] Level 1:colcon.colcon_core.package_identification:_identify(Matlab_Analiz/custom_messages/mgs_1) by extensions ['python_setup_py']
[0.223s] Level 1:colcon.colcon_core.package_identification:_identify(Matlab_Analiz/custom_messages/mgs_1) by extension 'python_setup_py'
[0.223s] Level 1:colcon.colcon_core.package_identification:_identify(Matlab_Analiz/custom_messages/mgs_1/msg) by extensions ['ignore', 'ignore_ament_install']
[0.224s] Level 1:colcon.colcon_core.package_identification:_identify(Matlab_Analiz/custom_messages/mgs_1/msg) by extension 'ignore'
[0.224s] Level 1:colcon.colcon_core.package_identification:_identify(Matlab_Analiz/custom_messages/mgs_1/msg) by extension 'ignore_ament_install'
[0.224s] Level 1:colcon.colcon_core.package_identification:_identify(Matlab_Analiz/custom_messages/mgs_1/msg) by extensions ['colcon_pkg']
[0.224s] Level 1:colcon.colcon_core.package_identification:_identify(Matlab_Analiz/custom_messages/mgs_1/msg) by extension 'colcon_pkg'
[0.224s] Level 1:colcon.colcon_core.package_identification:_identify(Matlab_Analiz/custom_messages/mgs_1/msg) by extensions ['colcon_meta']
[0.224s] Level 1:colcon.colcon_core.package_identification:_identify(Matlab_Analiz/custom_messages/mgs_1/msg) by extension 'colcon_meta'
[0.224s] Level 1:colcon.colcon_core.package_identification:_identify(Matlab_Analiz/custom_messages/mgs_1/msg) by extensions ['ros']
[0.224s] Level 1:colcon.colcon_core.package_identification:_identify(Matlab_Analiz/custom_messages/mgs_1/msg) by extension 'ros'
[0.224s] Level 1:colcon.colcon_core.package_identification:_identify(Matlab_Analiz/custom_messages/mgs_1/msg) by extensions ['cmake', 'python']
[0.224s] Level 1:colcon.colcon_core.package_identification:_identify(Matlab_Analiz/custom_messages/mgs_1/msg) by extension 'cmake'
[0.224s] Level 1:colcon.colcon_core.package_identification:_identify(Matlab_Analiz/custom_messages/mgs_1/msg) by extension 'python'
[0.224s] Level 1:colcon.colcon_core.package_identification:_identify(Matlab_Analiz/custom_messages/mgs_1/msg) by extensions ['python_setup_py']
[0.224s] Level 1:colcon.colcon_core.package_identification:_identify(Matlab_Analiz/custom_messages/mgs_1/msg) by extension 'python_setup_py'
[0.224s] Level 1:colcon.colcon_core.package_identification:_identify(Matlab_Analiz/custom_messages/msg_10) by extensions ['ignore', 'ignore_ament_install']
[0.224s] Level 1:colcon.colcon_core.package_identification:_identify(Matlab_Analiz/custom_messages/msg_10) by extension 'ignore'
[0.225s] Level 1:colcon.colcon_core.package_identification:_identify(Matlab_Analiz/custom_messages/msg_10) by extension 'ignore_ament_install'
[0.225s] Level 1:colcon.colcon_core.package_identification:_identify(Matlab_Analiz/custom_messages/msg_10) by extensions ['colcon_pkg']
[0.225s] Level 1:colcon.colcon_core.package_identification:_identify(Matlab_Analiz/custom_messages/msg_10) by extension 'colcon_pkg'
[0.225s] Level 1:colcon.colcon_core.package_identification:_identify(Matlab_Analiz/custom_messages/msg_10) by extensions ['colcon_meta']
[0.225s] Level 1:colcon.colcon_core.package_identification:_identify(Matlab_Analiz/custom_messages/msg_10) by extension 'colcon_meta'
[0.225s] Level 1:colcon.colcon_core.package_identification:_identify(Matlab_Analiz/custom_messages/msg_10) by extensions ['ros']
[0.225s] Level 1:colcon.colcon_core.package_identification:_identify(Matlab_Analiz/custom_messages/msg_10) by extension 'ros'
[0.225s] Level 1:colcon.colcon_core.package_identification:_identify(Matlab_Analiz/custom_messages/msg_10) by extensions ['cmake', 'python']
[0.225s] Level 1:colcon.colcon_core.package_identification:_identify(Matlab_Analiz/custom_messages/msg_10) by extension 'cmake'
[0.225s] Level 1:colcon.colcon_core.package_identification:_identify(Matlab_Analiz/custom_messages/msg_10) by extension 'python'
[0.225s] Level 1:colcon.colcon_core.package_identification:_identify(Matlab_Analiz/custom_messages/msg_10) by extensions ['python_setup_py']
[0.225s] Level 1:colcon.colcon_core.package_identification:_identify(Matlab_Analiz/custom_messages/msg_10) by extension 'python_setup_py'
[0.226s] Level 1:colcon.colcon_core.package_identification:_identify(Matlab_Analiz/custom_messages/msg_10/msg) by extensions ['ignore', 'ignore_ament_install']
[0.226s] Level 1:colcon.colcon_core.package_identification:_identify(Matlab_Analiz/custom_messages/msg_10/msg) by extension 'ignore'
[0.226s] Level 1:colcon.colcon_core.package_identification:_identify(Matlab_Analiz/custom_messages/msg_10/msg) by extension 'ignore_ament_install'
[0.226s] Level 1:colcon.colcon_core.package_identification:_identify(Matlab_Analiz/custom_messages/msg_10/msg) by extensions ['colcon_pkg']
[0.226s] Level 1:colcon.colcon_core.package_identification:_identify(Matlab_Analiz/custom_messages/msg_10/msg) by extension 'colcon_pkg'
[0.226s] Level 1:colcon.colcon_core.package_identification:_identify(Matlab_Analiz/custom_messages/msg_10/msg) by extensions ['colcon_meta']
[0.226s] Level 1:colcon.colcon_core.package_identification:_identify(Matlab_Analiz/custom_messages/msg_10/msg) by extension 'colcon_meta'
[0.226s] Level 1:colcon.colcon_core.package_identification:_identify(Matlab_Analiz/custom_messages/msg_10/msg) by extensions ['ros']
[0.226s] Level 1:colcon.colcon_core.package_identification:_identify(Matlab_Analiz/custom_messages/msg_10/msg) by extension 'ros'
[0.226s] Level 1:colcon.colcon_core.package_identification:_identify(Matlab_Analiz/custom_messages/msg_10/msg) by extensions ['cmake', 'python']
[0.226s] Level 1:colcon.colcon_core.package_identification:_identify(Matlab_Analiz/custom_messages/msg_10/msg) by extension 'cmake'
[0.226s] Level 1:colcon.colcon_core.package_identification:_identify(Matlab_Analiz/custom_messages/msg_10/msg) by extension 'python'
[0.226s] Level 1:colcon.colcon_core.package_identification:_identify(Matlab_Analiz/custom_messages/msg_10/msg) by extensions ['python_setup_py']
[0.226s] Level 1:colcon.colcon_core.package_identification:_identify(Matlab_Analiz/custom_messages/msg_10/msg) by extension 'python_setup_py'
[0.227s] Level 1:colcon.colcon_core.package_identification:_identify(Matlab_Analiz/custom_messages/msg_2) by extensions ['ignore', 'ignore_ament_install']
[0.227s] Level 1:colcon.colcon_core.package_identification:_identify(Matlab_Analiz/custom_messages/msg_2) by extension 'ignore'
[0.227s] Level 1:colcon.colcon_core.package_identification:_identify(Matlab_Analiz/custom_messages/msg_2) by extension 'ignore_ament_install'
[0.227s] Level 1:colcon.colcon_core.package_identification:_identify(Matlab_Analiz/custom_messages/msg_2) by extensions ['colcon_pkg']
[0.227s] Level 1:colcon.colcon_core.package_identification:_identify(Matlab_Analiz/custom_messages/msg_2) by extension 'colcon_pkg'
[0.227s] Level 1:colcon.colcon_core.package_identification:_identify(Matlab_Analiz/custom_messages/msg_2) by extensions ['colcon_meta']
[0.227s] Level 1:colcon.colcon_core.package_identification:_identify(Matlab_Analiz/custom_messages/msg_2) by extension 'colcon_meta'
[0.227s] Level 1:colcon.colcon_core.package_identification:_identify(Matlab_Analiz/custom_messages/msg_2) by extensions ['ros']
[0.227s] Level 1:colcon.colcon_core.package_identification:_identify(Matlab_Analiz/custom_messages/msg_2) by extension 'ros'
[0.227s] Level 1:colcon.colcon_core.package_identification:_identify(Matlab_Analiz/custom_messages/msg_2) by extensions ['cmake', 'python']
[0.227s] Level 1:colcon.colcon_core.package_identification:_identify(Matlab_Analiz/custom_messages/msg_2) by extension 'cmake'
[0.227s] Level 1:colcon.colcon_core.package_identification:_identify(Matlab_Analiz/custom_messages/msg_2) by extension 'python'
[0.227s] Level 1:colcon.colcon_core.package_identification:_identify(Matlab_Analiz/custom_messages/msg_2) by extensions ['python_setup_py']
[0.227s] Level 1:colcon.colcon_core.package_identification:_identify(Matlab_Analiz/custom_messages/msg_2) by extension 'python_setup_py'
[0.227s] Level 1:colcon.colcon_core.package_identification:_identify(Matlab_Analiz/custom_messages/msg_2/msg) by extensions ['ignore', 'ignore_ament_install']
[0.228s] Level 1:colcon.colcon_core.package_identification:_identify(Matlab_Analiz/custom_messages/msg_2/msg) by extension 'ignore'
[0.228s] Level 1:colcon.colcon_core.package_identification:_identify(Matlab_Analiz/custom_messages/msg_2/msg) by extension 'ignore_ament_install'
[0.228s] Level 1:colcon.colcon_core.package_identification:_identify(Matlab_Analiz/custom_messages/msg_2/msg) by extensions ['colcon_pkg']
[0.228s] Level 1:colcon.colcon_core.package_identification:_identify(Matlab_Analiz/custom_messages/msg_2/msg) by extension 'colcon_pkg'
[0.228s] Level 1:colcon.colcon_core.package_identification:_identify(Matlab_Analiz/custom_messages/msg_2/msg) by extensions ['colcon_meta']
[0.228s] Level 1:colcon.colcon_core.package_identification:_identify(Matlab_Analiz/custom_messages/msg_2/msg) by extension 'colcon_meta'
[0.228s] Level 1:colcon.colcon_core.package_identification:_identify(Matlab_Analiz/custom_messages/msg_2/msg) by extensions ['ros']
[0.228s] Level 1:colcon.colcon_core.package_identification:_identify(Matlab_Analiz/custom_messages/msg_2/msg) by extension 'ros'
[0.228s] Level 1:colcon.colcon_core.package_identification:_identify(Matlab_Analiz/custom_messages/msg_2/msg) by extensions ['cmake', 'python']
[0.228s] Level 1:colcon.colcon_core.package_identification:_identify(Matlab_Analiz/custom_messages/msg_2/msg) by extension 'cmake'
[0.228s] Level 1:colcon.colcon_core.package_identification:_identify(Matlab_Analiz/custom_messages/msg_2/msg) by extension 'python'
[0.228s] Level 1:colcon.colcon_core.package_identification:_identify(Matlab_Analiz/custom_messages/msg_2/msg) by extensions ['python_setup_py']
[0.228s] Level 1:colcon.colcon_core.package_identification:_identify(Matlab_Analiz/custom_messages/msg_2/msg) by extension 'python_setup_py'
[0.228s] Level 1:colcon.colcon_core.package_identification:_identify(Matlab_Analiz/custom_messages/msg_3) by extensions ['ignore', 'ignore_ament_install']
[0.228s] Level 1:colcon.colcon_core.package_identification:_identify(Matlab_Analiz/custom_messages/msg_3) by extension 'ignore'
[0.228s] Level 1:colcon.colcon_core.package_identification:_identify(Matlab_Analiz/custom_messages/msg_3) by extension 'ignore_ament_install'
[0.229s] Level 1:colcon.colcon_core.package_identification:_identify(Matlab_Analiz/custom_messages/msg_3) by extensions ['colcon_pkg']
[0.229s] Level 1:colcon.colcon_core.package_identification:_identify(Matlab_Analiz/custom_messages/msg_3) by extension 'colcon_pkg'
[0.229s] Level 1:colcon.colcon_core.package_identification:_identify(Matlab_Analiz/custom_messages/msg_3) by extensions ['colcon_meta']
[0.229s] Level 1:colcon.colcon_core.package_identification:_identify(Matlab_Analiz/custom_messages/msg_3) by extension 'colcon_meta'
[0.229s] Level 1:colcon.colcon_core.package_identification:_identify(Matlab_Analiz/custom_messages/msg_3) by extensions ['ros']
[0.229s] Level 1:colcon.colcon_core.package_identification:_identify(Matlab_Analiz/custom_messages/msg_3) by extension 'ros'
[0.229s] Level 1:colcon.colcon_core.package_identification:_identify(Matlab_Analiz/custom_messages/msg_3) by extensions ['cmake', 'python']
[0.229s] Level 1:colcon.colcon_core.package_identification:_identify(Matlab_Analiz/custom_messages/msg_3) by extension 'cmake'
[0.229s] Level 1:colcon.colcon_core.package_identification:_identify(Matlab_Analiz/custom_messages/msg_3) by extension 'python'
[0.229s] Level 1:colcon.colcon_core.package_identification:_identify(Matlab_Analiz/custom_messages/msg_3) by extensions ['python_setup_py']
[0.229s] Level 1:colcon.colcon_core.package_identification:_identify(Matlab_Analiz/custom_messages/msg_3) by extension 'python_setup_py'
[0.229s] Level 1:colcon.colcon_core.package_identification:_identify(Matlab_Analiz/custom_messages/msg_3/msg) by extensions ['ignore', 'ignore_ament_install']
[0.229s] Level 1:colcon.colcon_core.package_identification:_identify(Matlab_Analiz/custom_messages/msg_3/msg) by extension 'ignore'
[0.229s] Level 1:colcon.colcon_core.package_identification:_identify(Matlab_Analiz/custom_messages/msg_3/msg) by extension 'ignore_ament_install'
[0.229s] Level 1:colcon.colcon_core.package_identification:_identify(Matlab_Analiz/custom_messages/msg_3/msg) by extensions ['colcon_pkg']
[0.230s] Level 1:colcon.colcon_core.package_identification:_identify(Matlab_Analiz/custom_messages/msg_3/msg) by extension 'colcon_pkg'
[0.230s] Level 1:colcon.colcon_core.package_identification:_identify(Matlab_Analiz/custom_messages/msg_3/msg) by extensions ['colcon_meta']
[0.230s] Level 1:colcon.colcon_core.package_identification:_identify(Matlab_Analiz/custom_messages/msg_3/msg) by extension 'colcon_meta'
[0.230s] Level 1:colcon.colcon_core.package_identification:_identify(Matlab_Analiz/custom_messages/msg_3/msg) by extensions ['ros']
[0.230s] Level 1:colcon.colcon_core.package_identification:_identify(Matlab_Analiz/custom_messages/msg_3/msg) by extension 'ros'
[0.230s] Level 1:colcon.colcon_core.package_identification:_identify(Matlab_Analiz/custom_messages/msg_3/msg) by extensions ['cmake', 'python']
[0.230s] Level 1:colcon.colcon_core.package_identification:_identify(Matlab_Analiz/custom_messages/msg_3/msg) by extension 'cmake'
[0.230s] Level 1:colcon.colcon_core.package_identification:_identify(Matlab_Analiz/custom_messages/msg_3/msg) by extension 'python'
[0.230s] Level 1:colcon.colcon_core.package_identification:_identify(Matlab_Analiz/custom_messages/msg_3/msg) by extensions ['python_setup_py']
[0.230s] Level 1:colcon.colcon_core.package_identification:_identify(Matlab_Analiz/custom_messages/msg_3/msg) by extension 'python_setup_py'
[0.230s] Level 1:colcon.colcon_core.package_identification:_identify(Matlab_Analiz/custom_messages/msg_4) by extensions ['ignore', 'ignore_ament_install']
[0.230s] Level 1:colcon.colcon_core.package_identification:_identify(Matlab_Analiz/custom_messages/msg_4) by extension 'ignore'
[0.230s] Level 1:colcon.colcon_core.package_identification:_identify(Matlab_Analiz/custom_messages/msg_4) by extension 'ignore_ament_install'
[0.230s] Level 1:colcon.colcon_core.package_identification:_identify(Matlab_Analiz/custom_messages/msg_4) by extensions ['colcon_pkg']
[0.231s] Level 1:colcon.colcon_core.package_identification:_identify(Matlab_Analiz/custom_messages/msg_4) by extension 'colcon_pkg'
[0.231s] Level 1:colcon.colcon_core.package_identification:_identify(Matlab_Analiz/custom_messages/msg_4) by extensions ['colcon_meta']
[0.231s] Level 1:colcon.colcon_core.package_identification:_identify(Matlab_Analiz/custom_messages/msg_4) by extension 'colcon_meta'
[0.231s] Level 1:colcon.colcon_core.package_identification:_identify(Matlab_Analiz/custom_messages/msg_4) by extensions ['ros']
[0.231s] Level 1:colcon.colcon_core.package_identification:_identify(Matlab_Analiz/custom_messages/msg_4) by extension 'ros'
[0.231s] Level 1:colcon.colcon_core.package_identification:_identify(Matlab_Analiz/custom_messages/msg_4) by extensions ['cmake', 'python']
[0.231s] Level 1:colcon.colcon_core.package_identification:_identify(Matlab_Analiz/custom_messages/msg_4) by extension 'cmake'
[0.231s] Level 1:colcon.colcon_core.package_identification:_identify(Matlab_Analiz/custom_messages/msg_4) by extension 'python'
[0.231s] Level 1:colcon.colcon_core.package_identification:_identify(Matlab_Analiz/custom_messages/msg_4) by extensions ['python_setup_py']
[0.231s] Level 1:colcon.colcon_core.package_identification:_identify(Matlab_Analiz/custom_messages/msg_4) by extension 'python_setup_py'
[0.231s] Level 1:colcon.colcon_core.package_identification:_identify(Matlab_Analiz/custom_messages/msg_4/msg) by extensions ['ignore', 'ignore_ament_install']
[0.232s] Level 1:colcon.colcon_core.package_identification:_identify(Matlab_Analiz/custom_messages/msg_4/msg) by extension 'ignore'
[0.232s] Level 1:colcon.colcon_core.package_identification:_identify(Matlab_Analiz/custom_messages/msg_4/msg) by extension 'ignore_ament_install'
[0.232s] Level 1:colcon.colcon_core.package_identification:_identify(Matlab_Analiz/custom_messages/msg_4/msg) by extensions ['colcon_pkg']
[0.232s] Level 1:colcon.colcon_core.package_identification:_identify(Matlab_Analiz/custom_messages/msg_4/msg) by extension 'colcon_pkg'
[0.232s] Level 1:colcon.colcon_core.package_identification:_identify(Matlab_Analiz/custom_messages/msg_4/msg) by extensions ['colcon_meta']
[0.232s] Level 1:colcon.colcon_core.package_identification:_identify(Matlab_Analiz/custom_messages/msg_4/msg) by extension 'colcon_meta'
[0.232s] Level 1:colcon.colcon_core.package_identification:_identify(Matlab_Analiz/custom_messages/msg_4/msg) by extensions ['ros']
[0.232s] Level 1:colcon.colcon_core.package_identification:_identify(Matlab_Analiz/custom_messages/msg_4/msg) by extension 'ros'
[0.232s] Level 1:colcon.colcon_core.package_identification:_identify(Matlab_Analiz/custom_messages/msg_4/msg) by extensions ['cmake', 'python']
[0.232s] Level 1:colcon.colcon_core.package_identification:_identify(Matlab_Analiz/custom_messages/msg_4/msg) by extension 'cmake'
[0.232s] Level 1:colcon.colcon_core.package_identification:_identify(Matlab_Analiz/custom_messages/msg_4/msg) by extension 'python'
[0.233s] Level 1:colcon.colcon_core.package_identification:_identify(Matlab_Analiz/custom_messages/msg_4/msg) by extensions ['python_setup_py']
[0.233s] Level 1:colcon.colcon_core.package_identification:_identify(Matlab_Analiz/custom_messages/msg_4/msg) by extension 'python_setup_py'
[0.233s] Level 1:colcon.colcon_core.package_identification:_identify(Matlab_Analiz/custom_messages/msg_5) by extensions ['ignore', 'ignore_ament_install']
[0.233s] Level 1:colcon.colcon_core.package_identification:_identify(Matlab_Analiz/custom_messages/msg_5) by extension 'ignore'
[0.233s] Level 1:colcon.colcon_core.package_identification:_identify(Matlab_Analiz/custom_messages/msg_5) by extension 'ignore_ament_install'
[0.233s] Level 1:colcon.colcon_core.package_identification:_identify(Matlab_Analiz/custom_messages/msg_5) by extensions ['colcon_pkg']
[0.233s] Level 1:colcon.colcon_core.package_identification:_identify(Matlab_Analiz/custom_messages/msg_5) by extension 'colcon_pkg'
[0.233s] Level 1:colcon.colcon_core.package_identification:_identify(Matlab_Analiz/custom_messages/msg_5) by extensions ['colcon_meta']
[0.233s] Level 1:colcon.colcon_core.package_identification:_identify(Matlab_Analiz/custom_messages/msg_5) by extension 'colcon_meta'
[0.233s] Level 1:colcon.colcon_core.package_identification:_identify(Matlab_Analiz/custom_messages/msg_5) by extensions ['ros']
[0.234s] Level 1:colcon.colcon_core.package_identification:_identify(Matlab_Analiz/custom_messages/msg_5) by extension 'ros'
[0.234s] Level 1:colcon.colcon_core.package_identification:_identify(Matlab_Analiz/custom_messages/msg_5) by extensions ['cmake', 'python']
[0.234s] Level 1:colcon.colcon_core.package_identification:_identify(Matlab_Analiz/custom_messages/msg_5) by extension 'cmake'
[0.234s] Level 1:colcon.colcon_core.package_identification:_identify(Matlab_Analiz/custom_messages/msg_5) by extension 'python'
[0.234s] Level 1:colcon.colcon_core.package_identification:_identify(Matlab_Analiz/custom_messages/msg_5) by extensions ['python_setup_py']
[0.234s] Level 1:colcon.colcon_core.package_identification:_identify(Matlab_Analiz/custom_messages/msg_5) by extension 'python_setup_py'
[0.234s] Level 1:colcon.colcon_core.package_identification:_identify(Matlab_Analiz/custom_messages/msg_5/msg) by extensions ['ignore', 'ignore_ament_install']
[0.234s] Level 1:colcon.colcon_core.package_identification:_identify(Matlab_Analiz/custom_messages/msg_5/msg) by extension 'ignore'
[0.234s] Level 1:colcon.colcon_core.package_identification:_identify(Matlab_Analiz/custom_messages/msg_5/msg) by extension 'ignore_ament_install'
[0.234s] Level 1:colcon.colcon_core.package_identification:_identify(Matlab_Analiz/custom_messages/msg_5/msg) by extensions ['colcon_pkg']
[0.234s] Level 1:colcon.colcon_core.package_identification:_identify(Matlab_Analiz/custom_messages/msg_5/msg) by extension 'colcon_pkg'
[0.234s] Level 1:colcon.colcon_core.package_identification:_identify(Matlab_Analiz/custom_messages/msg_5/msg) by extensions ['colcon_meta']
[0.234s] Level 1:colcon.colcon_core.package_identification:_identify(Matlab_Analiz/custom_messages/msg_5/msg) by extension 'colcon_meta'
[0.234s] Level 1:colcon.colcon_core.package_identification:_identify(Matlab_Analiz/custom_messages/msg_5/msg) by extensions ['ros']
[0.235s] Level 1:colcon.colcon_core.package_identification:_identify(Matlab_Analiz/custom_messages/msg_5/msg) by extension 'ros'
[0.235s] Level 1:colcon.colcon_core.package_identification:_identify(Matlab_Analiz/custom_messages/msg_5/msg) by extensions ['cmake', 'python']
[0.235s] Level 1:colcon.colcon_core.package_identification:_identify(Matlab_Analiz/custom_messages/msg_5/msg) by extension 'cmake'
[0.235s] Level 1:colcon.colcon_core.package_identification:_identify(Matlab_Analiz/custom_messages/msg_5/msg) by extension 'python'
[0.235s] Level 1:colcon.colcon_core.package_identification:_identify(Matlab_Analiz/custom_messages/msg_5/msg) by extensions ['python_setup_py']
[0.235s] Level 1:colcon.colcon_core.package_identification:_identify(Matlab_Analiz/custom_messages/msg_5/msg) by extension 'python_setup_py'
[0.235s] Level 1:colcon.colcon_core.package_identification:_identify(Matlab_Analiz/custom_messages/msg_6) by extensions ['ignore', 'ignore_ament_install']
[0.235s] Level 1:colcon.colcon_core.package_identification:_identify(Matlab_Analiz/custom_messages/msg_6) by extension 'ignore'
[0.235s] Level 1:colcon.colcon_core.package_identification:_identify(Matlab_Analiz/custom_messages/msg_6) by extension 'ignore_ament_install'
[0.235s] Level 1:colcon.colcon_core.package_identification:_identify(Matlab_Analiz/custom_messages/msg_6) by extensions ['colcon_pkg']
[0.235s] Level 1:colcon.colcon_core.package_identification:_identify(Matlab_Analiz/custom_messages/msg_6) by extension 'colcon_pkg'
[0.235s] Level 1:colcon.colcon_core.package_identification:_identify(Matlab_Analiz/custom_messages/msg_6) by extensions ['colcon_meta']
[0.235s] Level 1:colcon.colcon_core.package_identification:_identify(Matlab_Analiz/custom_messages/msg_6) by extension 'colcon_meta'
[0.235s] Level 1:colcon.colcon_core.package_identification:_identify(Matlab_Analiz/custom_messages/msg_6) by extensions ['ros']
[0.235s] Level 1:colcon.colcon_core.package_identification:_identify(Matlab_Analiz/custom_messages/msg_6) by extension 'ros'
[0.235s] Level 1:colcon.colcon_core.package_identification:_identify(Matlab_Analiz/custom_messages/msg_6) by extensions ['cmake', 'python']
[0.236s] Level 1:colcon.colcon_core.package_identification:_identify(Matlab_Analiz/custom_messages/msg_6) by extension 'cmake'
[0.236s] Level 1:colcon.colcon_core.package_identification:_identify(Matlab_Analiz/custom_messages/msg_6) by extension 'python'
[0.236s] Level 1:colcon.colcon_core.package_identification:_identify(Matlab_Analiz/custom_messages/msg_6) by extensions ['python_setup_py']
[0.236s] Level 1:colcon.colcon_core.package_identification:_identify(Matlab_Analiz/custom_messages/msg_6) by extension 'python_setup_py'
[0.236s] Level 1:colcon.colcon_core.package_identification:_identify(Matlab_Analiz/custom_messages/msg_6/msg) by extensions ['ignore', 'ignore_ament_install']
[0.236s] Level 1:colcon.colcon_core.package_identification:_identify(Matlab_Analiz/custom_messages/msg_6/msg) by extension 'ignore'
[0.236s] Level 1:colcon.colcon_core.package_identification:_identify(Matlab_Analiz/custom_messages/msg_6/msg) by extension 'ignore_ament_install'
[0.236s] Level 1:colcon.colcon_core.package_identification:_identify(Matlab_Analiz/custom_messages/msg_6/msg) by extensions ['colcon_pkg']
[0.236s] Level 1:colcon.colcon_core.package_identification:_identify(Matlab_Analiz/custom_messages/msg_6/msg) by extension 'colcon_pkg'
[0.236s] Level 1:colcon.colcon_core.package_identification:_identify(Matlab_Analiz/custom_messages/msg_6/msg) by extensions ['colcon_meta']
[0.236s] Level 1:colcon.colcon_core.package_identification:_identify(Matlab_Analiz/custom_messages/msg_6/msg) by extension 'colcon_meta'
[0.236s] Level 1:colcon.colcon_core.package_identification:_identify(Matlab_Analiz/custom_messages/msg_6/msg) by extensions ['ros']
[0.236s] Level 1:colcon.colcon_core.package_identification:_identify(Matlab_Analiz/custom_messages/msg_6/msg) by extension 'ros'
[0.236s] Level 1:colcon.colcon_core.package_identification:_identify(Matlab_Analiz/custom_messages/msg_6/msg) by extensions ['cmake', 'python']
[0.236s] Level 1:colcon.colcon_core.package_identification:_identify(Matlab_Analiz/custom_messages/msg_6/msg) by extension 'cmake'
[0.237s] Level 1:colcon.colcon_core.package_identification:_identify(Matlab_Analiz/custom_messages/msg_6/msg) by extension 'python'
[0.237s] Level 1:colcon.colcon_core.package_identification:_identify(Matlab_Analiz/custom_messages/msg_6/msg) by extensions ['python_setup_py']
[0.237s] Level 1:colcon.colcon_core.package_identification:_identify(Matlab_Analiz/custom_messages/msg_6/msg) by extension 'python_setup_py'
[0.237s] Level 1:colcon.colcon_core.package_identification:_identify(Matlab_Analiz/custom_messages/msg_7) by extensions ['ignore', 'ignore_ament_install']
[0.237s] Level 1:colcon.colcon_core.package_identification:_identify(Matlab_Analiz/custom_messages/msg_7) by extension 'ignore'
[0.237s] Level 1:colcon.colcon_core.package_identification:_identify(Matlab_Analiz/custom_messages/msg_7) by extension 'ignore_ament_install'
[0.237s] Level 1:colcon.colcon_core.package_identification:_identify(Matlab_Analiz/custom_messages/msg_7) by extensions ['colcon_pkg']
[0.237s] Level 1:colcon.colcon_core.package_identification:_identify(Matlab_Analiz/custom_messages/msg_7) by extension 'colcon_pkg'
[0.237s] Level 1:colcon.colcon_core.package_identification:_identify(Matlab_Analiz/custom_messages/msg_7) by extensions ['colcon_meta']
[0.237s] Level 1:colcon.colcon_core.package_identification:_identify(Matlab_Analiz/custom_messages/msg_7) by extension 'colcon_meta'
[0.238s] Level 1:colcon.colcon_core.package_identification:_identify(Matlab_Analiz/custom_messages/msg_7) by extensions ['ros']
[0.238s] Level 1:colcon.colcon_core.package_identification:_identify(Matlab_Analiz/custom_messages/msg_7) by extension 'ros'
[0.238s] Level 1:colcon.colcon_core.package_identification:_identify(Matlab_Analiz/custom_messages/msg_7) by extensions ['cmake', 'python']
[0.238s] Level 1:colcon.colcon_core.package_identification:_identify(Matlab_Analiz/custom_messages/msg_7) by extension 'cmake'
[0.238s] Level 1:colcon.colcon_core.package_identification:_identify(Matlab_Analiz/custom_messages/msg_7) by extension 'python'
[0.238s] Level 1:colcon.colcon_core.package_identification:_identify(Matlab_Analiz/custom_messages/msg_7) by extensions ['python_setup_py']
[0.238s] Level 1:colcon.colcon_core.package_identification:_identify(Matlab_Analiz/custom_messages/msg_7) by extension 'python_setup_py'
[0.238s] Level 1:colcon.colcon_core.package_identification:_identify(Matlab_Analiz/custom_messages/msg_7/msg) by extensions ['ignore', 'ignore_ament_install']
[0.238s] Level 1:colcon.colcon_core.package_identification:_identify(Matlab_Analiz/custom_messages/msg_7/msg) by extension 'ignore'
[0.238s] Level 1:colcon.colcon_core.package_identification:_identify(Matlab_Analiz/custom_messages/msg_7/msg) by extension 'ignore_ament_install'
[0.238s] Level 1:colcon.colcon_core.package_identification:_identify(Matlab_Analiz/custom_messages/msg_7/msg) by extensions ['colcon_pkg']
[0.238s] Level 1:colcon.colcon_core.package_identification:_identify(Matlab_Analiz/custom_messages/msg_7/msg) by extension 'colcon_pkg'
[0.238s] Level 1:colcon.colcon_core.package_identification:_identify(Matlab_Analiz/custom_messages/msg_7/msg) by extensions ['colcon_meta']
[0.238s] Level 1:colcon.colcon_core.package_identification:_identify(Matlab_Analiz/custom_messages/msg_7/msg) by extension 'colcon_meta'
[0.238s] Level 1:colcon.colcon_core.package_identification:_identify(Matlab_Analiz/custom_messages/msg_7/msg) by extensions ['ros']
[0.239s] Level 1:colcon.colcon_core.package_identification:_identify(Matlab_Analiz/custom_messages/msg_7/msg) by extension 'ros'
[0.239s] Level 1:colcon.colcon_core.package_identification:_identify(Matlab_Analiz/custom_messages/msg_7/msg) by extensions ['cmake', 'python']
[0.239s] Level 1:colcon.colcon_core.package_identification:_identify(Matlab_Analiz/custom_messages/msg_7/msg) by extension 'cmake'
[0.239s] Level 1:colcon.colcon_core.package_identification:_identify(Matlab_Analiz/custom_messages/msg_7/msg) by extension 'python'
[0.239s] Level 1:colcon.colcon_core.package_identification:_identify(Matlab_Analiz/custom_messages/msg_7/msg) by extensions ['python_setup_py']
[0.239s] Level 1:colcon.colcon_core.package_identification:_identify(Matlab_Analiz/custom_messages/msg_7/msg) by extension 'python_setup_py'
[0.239s] Level 1:colcon.colcon_core.package_identification:_identify(Matlab_Analiz/custom_messages/msg_8) by extensions ['ignore', 'ignore_ament_install']
[0.239s] Level 1:colcon.colcon_core.package_identification:_identify(Matlab_Analiz/custom_messages/msg_8) by extension 'ignore'
[0.239s] Level 1:colcon.colcon_core.package_identification:_identify(Matlab_Analiz/custom_messages/msg_8) by extension 'ignore_ament_install'
[0.239s] Level 1:colcon.colcon_core.package_identification:_identify(Matlab_Analiz/custom_messages/msg_8) by extensions ['colcon_pkg']
[0.239s] Level 1:colcon.colcon_core.package_identification:_identify(Matlab_Analiz/custom_messages/msg_8) by extension 'colcon_pkg'
[0.239s] Level 1:colcon.colcon_core.package_identification:_identify(Matlab_Analiz/custom_messages/msg_8) by extensions ['colcon_meta']
[0.239s] Level 1:colcon.colcon_core.package_identification:_identify(Matlab_Analiz/custom_messages/msg_8) by extension 'colcon_meta'
[0.239s] Level 1:colcon.colcon_core.package_identification:_identify(Matlab_Analiz/custom_messages/msg_8) by extensions ['ros']
[0.239s] Level 1:colcon.colcon_core.package_identification:_identify(Matlab_Analiz/custom_messages/msg_8) by extension 'ros'
[0.240s] Level 1:colcon.colcon_core.package_identification:_identify(Matlab_Analiz/custom_messages/msg_8) by extensions ['cmake', 'python']
[0.240s] Level 1:colcon.colcon_core.package_identification:_identify(Matlab_Analiz/custom_messages/msg_8) by extension 'cmake'
[0.240s] Level 1:colcon.colcon_core.package_identification:_identify(Matlab_Analiz/custom_messages/msg_8) by extension 'python'
[0.240s] Level 1:colcon.colcon_core.package_identification:_identify(Matlab_Analiz/custom_messages/msg_8) by extensions ['python_setup_py']
[0.240s] Level 1:colcon.colcon_core.package_identification:_identify(Matlab_Analiz/custom_messages/msg_8) by extension 'python_setup_py'
[0.240s] Level 1:colcon.colcon_core.package_identification:_identify(Matlab_Analiz/custom_messages/msg_8/msg) by extensions ['ignore', 'ignore_ament_install']
[0.240s] Level 1:colcon.colcon_core.package_identification:_identify(Matlab_Analiz/custom_messages/msg_8/msg) by extension 'ignore'
[0.240s] Level 1:colcon.colcon_core.package_identification:_identify(Matlab_Analiz/custom_messages/msg_8/msg) by extension 'ignore_ament_install'
[0.240s] Level 1:colcon.colcon_core.package_identification:_identify(Matlab_Analiz/custom_messages/msg_8/msg) by extensions ['colcon_pkg']
[0.240s] Level 1:colcon.colcon_core.package_identification:_identify(Matlab_Analiz/custom_messages/msg_8/msg) by extension 'colcon_pkg'
[0.240s] Level 1:colcon.colcon_core.package_identification:_identify(Matlab_Analiz/custom_messages/msg_8/msg) by extensions ['colcon_meta']
[0.240s] Level 1:colcon.colcon_core.package_identification:_identify(Matlab_Analiz/custom_messages/msg_8/msg) by extension 'colcon_meta'
[0.240s] Level 1:colcon.colcon_core.package_identification:_identify(Matlab_Analiz/custom_messages/msg_8/msg) by extensions ['ros']
[0.240s] Level 1:colcon.colcon_core.package_identification:_identify(Matlab_Analiz/custom_messages/msg_8/msg) by extension 'ros'
[0.240s] Level 1:colcon.colcon_core.package_identification:_identify(Matlab_Analiz/custom_messages/msg_8/msg) by extensions ['cmake', 'python']
[0.240s] Level 1:colcon.colcon_core.package_identification:_identify(Matlab_Analiz/custom_messages/msg_8/msg) by extension 'cmake'
[0.241s] Level 1:colcon.colcon_core.package_identification:_identify(Matlab_Analiz/custom_messages/msg_8/msg) by extension 'python'
[0.241s] Level 1:colcon.colcon_core.package_identification:_identify(Matlab_Analiz/custom_messages/msg_8/msg) by extensions ['python_setup_py']
[0.241s] Level 1:colcon.colcon_core.package_identification:_identify(Matlab_Analiz/custom_messages/msg_8/msg) by extension 'python_setup_py'
[0.241s] Level 1:colcon.colcon_core.package_identification:_identify(Matlab_Analiz/custom_messages/msg_9) by extensions ['ignore', 'ignore_ament_install']
[0.241s] Level 1:colcon.colcon_core.package_identification:_identify(Matlab_Analiz/custom_messages/msg_9) by extension 'ignore'
[0.241s] Level 1:colcon.colcon_core.package_identification:_identify(Matlab_Analiz/custom_messages/msg_9) by extension 'ignore_ament_install'
[0.241s] Level 1:colcon.colcon_core.package_identification:_identify(Matlab_Analiz/custom_messages/msg_9) by extensions ['colcon_pkg']
[0.241s] Level 1:colcon.colcon_core.package_identification:_identify(Matlab_Analiz/custom_messages/msg_9) by extension 'colcon_pkg'
[0.241s] Level 1:colcon.colcon_core.package_identification:_identify(Matlab_Analiz/custom_messages/msg_9) by extensions ['colcon_meta']
[0.241s] Level 1:colcon.colcon_core.package_identification:_identify(Matlab_Analiz/custom_messages/msg_9) by extension 'colcon_meta'
[0.241s] Level 1:colcon.colcon_core.package_identification:_identify(Matlab_Analiz/custom_messages/msg_9) by extensions ['ros']
[0.241s] Level 1:colcon.colcon_core.package_identification:_identify(Matlab_Analiz/custom_messages/msg_9) by extension 'ros'
[0.242s] Level 1:colcon.colcon_core.package_identification:_identify(Matlab_Analiz/custom_messages/msg_9) by extensions ['cmake', 'python']
[0.242s] Level 1:colcon.colcon_core.package_identification:_identify(Matlab_Analiz/custom_messages/msg_9) by extension 'cmake'
[0.242s] Level 1:colcon.colcon_core.package_identification:_identify(Matlab_Analiz/custom_messages/msg_9) by extension 'python'
[0.242s] Level 1:colcon.colcon_core.package_identification:_identify(Matlab_Analiz/custom_messages/msg_9) by extensions ['python_setup_py']
[0.242s] Level 1:colcon.colcon_core.package_identification:_identify(Matlab_Analiz/custom_messages/msg_9) by extension 'python_setup_py'
[0.242s] Level 1:colcon.colcon_core.package_identification:_identify(Matlab_Analiz/custom_messages/msg_9/msg) by extensions ['ignore', 'ignore_ament_install']
[0.242s] Level 1:colcon.colcon_core.package_identification:_identify(Matlab_Analiz/custom_messages/msg_9/msg) by extension 'ignore'
[0.242s] Level 1:colcon.colcon_core.package_identification:_identify(Matlab_Analiz/custom_messages/msg_9/msg) by extension 'ignore_ament_install'
[0.242s] Level 1:colcon.colcon_core.package_identification:_identify(Matlab_Analiz/custom_messages/msg_9/msg) by extensions ['colcon_pkg']
[0.242s] Level 1:colcon.colcon_core.package_identification:_identify(Matlab_Analiz/custom_messages/msg_9/msg) by extension 'colcon_pkg'
[0.242s] Level 1:colcon.colcon_core.package_identification:_identify(Matlab_Analiz/custom_messages/msg_9/msg) by extensions ['colcon_meta']
[0.242s] Level 1:colcon.colcon_core.package_identification:_identify(Matlab_Analiz/custom_messages/msg_9/msg) by extension 'colcon_meta'
[0.242s] Level 1:colcon.colcon_core.package_identification:_identify(Matlab_Analiz/custom_messages/msg_9/msg) by extensions ['ros']
[0.242s] Level 1:colcon.colcon_core.package_identification:_identify(Matlab_Analiz/custom_messages/msg_9/msg) by extension 'ros'
[0.243s] Level 1:colcon.colcon_core.package_identification:_identify(Matlab_Analiz/custom_messages/msg_9/msg) by extensions ['cmake', 'python']
[0.243s] Level 1:colcon.colcon_core.package_identification:_identify(Matlab_Analiz/custom_messages/msg_9/msg) by extension 'cmake'
[0.243s] Level 1:colcon.colcon_core.package_identification:_identify(Matlab_Analiz/custom_messages/msg_9/msg) by extension 'python'
[0.243s] Level 1:colcon.colcon_core.package_identification:_identify(Matlab_Analiz/custom_messages/msg_9/msg) by extensions ['python_setup_py']
[0.243s] Level 1:colcon.colcon_core.package_identification:_identify(Matlab_Analiz/custom_messages/msg_9/msg) by extension 'python_setup_py'
[0.243s] Level 1:colcon.colcon_core.package_identification:_identify(Matlab_Analiz/matlab_msg_gen) by extensions ['ignore', 'ignore_ament_install']
[0.243s] Level 1:colcon.colcon_core.package_identification:_identify(Matlab_Analiz/matlab_msg_gen) by extension 'ignore'
[0.243s] Level 1:colcon.colcon_core.package_identification:_identify(Matlab_Analiz/matlab_msg_gen) ignored
[0.243s] Level 1:colcon.colcon_core.package_identification:_identify(build) by extensions ['ignore', 'ignore_ament_install']
[0.243s] Level 1:colcon.colcon_core.package_identification:_identify(build) by extension 'ignore'
[0.243s] Level 1:colcon.colcon_core.package_identification:_identify(build) ignored
[0.243s] Level 1:colcon.colcon_core.package_identification:_identify(images) by extensions ['ignore', 'ignore_ament_install']
[0.244s] Level 1:colcon.colcon_core.package_identification:_identify(images) by extension 'ignore'
[0.244s] Level 1:colcon.colcon_core.package_identification:_identify(images) by extension 'ignore_ament_install'
[0.244s] Level 1:colcon.colcon_core.package_identification:_identify(images) by extensions ['colcon_pkg']
[0.244s] Level 1:colcon.colcon_core.package_identification:_identify(images) by extension 'colcon_pkg'
[0.244s] Level 1:colcon.colcon_core.package_identification:_identify(images) by extensions ['colcon_meta']
[0.244s] Level 1:colcon.colcon_core.package_identification:_identify(images) by extension 'colcon_meta'
[0.244s] Level 1:colcon.colcon_core.package_identification:_identify(images) by extensions ['ros']
[0.244s] Level 1:colcon.colcon_core.package_identification:_identify(images) by extension 'ros'
[0.244s] Level 1:colcon.colcon_core.package_identification:_identify(images) by extensions ['cmake', 'python']
[0.244s] Level 1:colcon.colcon_core.package_identification:_identify(images) by extension 'cmake'
[0.244s] Level 1:colcon.colcon_core.package_identification:_identify(images) by extension 'python'
[0.244s] Level 1:colcon.colcon_core.package_identification:_identify(images) by extensions ['python_setup_py']
[0.244s] Level 1:colcon.colcon_core.package_identification:_identify(images) by extension 'python_setup_py'
[0.244s] Level 1:colcon.colcon_core.package_identification:_identify(imu_data_only) by extensions ['ignore', 'ignore_ament_install']
[0.244s] Level 1:colcon.colcon_core.package_identification:_identify(imu_data_only) by extension 'ignore'
[0.245s] Level 1:colcon.colcon_core.package_identification:_identify(imu_data_only) by extension 'ignore_ament_install'
[0.245s] Level 1:colcon.colcon_core.package_identification:_identify(imu_data_only) by extensions ['colcon_pkg']
[0.245s] Level 1:colcon.colcon_core.package_identification:_identify(imu_data_only) by extension 'colcon_pkg'
[0.245s] Level 1:colcon.colcon_core.package_identification:_identify(imu_data_only) by extensions ['colcon_meta']
[0.245s] Level 1:colcon.colcon_core.package_identification:_identify(imu_data_only) by extension 'colcon_meta'
[0.245s] Level 1:colcon.colcon_core.package_identification:_identify(imu_data_only) by extensions ['ros']
[0.245s] Level 1:colcon.colcon_core.package_identification:_identify(imu_data_only) by extension 'ros'
[0.245s] Level 1:colcon.colcon_core.package_identification:_identify(imu_data_only) by extensions ['cmake', 'python']
[0.245s] Level 1:colcon.colcon_core.package_identification:_identify(imu_data_only) by extension 'cmake'
[0.245s] Level 1:colcon.colcon_core.package_identification:_identify(imu_data_only) by extension 'python'
[0.245s] Level 1:colcon.colcon_core.package_identification:_identify(imu_data_only) by extensions ['python_setup_py']
[0.245s] Level 1:colcon.colcon_core.package_identification:_identify(imu_data_only) by extension 'python_setup_py'
[0.246s] Level 1:colcon.colcon_core.package_identification:_identify(imu_strap_data_only) by extensions ['ignore', 'ignore_ament_install']
[0.246s] Level 1:colcon.colcon_core.package_identification:_identify(imu_strap_data_only) by extension 'ignore'
[0.246s] Level 1:colcon.colcon_core.package_identification:_identify(imu_strap_data_only) by extension 'ignore_ament_install'
[0.246s] Level 1:colcon.colcon_core.package_identification:_identify(imu_strap_data_only) by extensions ['colcon_pkg']
[0.246s] Level 1:colcon.colcon_core.package_identification:_identify(imu_strap_data_only) by extension 'colcon_pkg'
[0.246s] Level 1:colcon.colcon_core.package_identification:_identify(imu_strap_data_only) by extensions ['colcon_meta']
[0.246s] Level 1:colcon.colcon_core.package_identification:_identify(imu_strap_data_only) by extension 'colcon_meta'
[0.246s] Level 1:colcon.colcon_core.package_identification:_identify(imu_strap_data_only) by extensions ['ros']
[0.246s] Level 1:colcon.colcon_core.package_identification:_identify(imu_strap_data_only) by extension 'ros'
[0.246s] Level 1:colcon.colcon_core.package_identification:_identify(imu_strap_data_only) by extensions ['cmake', 'python']
[0.247s] Level 1:colcon.colcon_core.package_identification:_identify(imu_strap_data_only) by extension 'cmake'
[0.247s] Level 1:colcon.colcon_core.package_identification:_identify(imu_strap_data_only) by extension 'python'
[0.247s] Level 1:colcon.colcon_core.package_identification:_identify(imu_strap_data_only) by extensions ['python_setup_py']
[0.247s] Level 1:colcon.colcon_core.package_identification:_identify(imu_strap_data_only) by extension 'python_setup_py'
[0.247s] Level 1:colcon.colcon_core.package_identification:_identify(install) by extensions ['ignore', 'ignore_ament_install']
[0.247s] Level 1:colcon.colcon_core.package_identification:_identify(install) by extension 'ignore'
[0.247s] Level 1:colcon.colcon_core.package_identification:_identify(install) ignored
[0.248s] Level 1:colcon.colcon_core.package_identification:_identify(log) by extensions ['ignore', 'ignore_ament_install']
[0.248s] Level 1:colcon.colcon_core.package_identification:_identify(log) by extension 'ignore'
[0.248s] Level 1:colcon.colcon_core.package_identification:_identify(log) ignored
[0.248s] Level 1:colcon.colcon_core.package_identification:_identify(src) by extensions ['ignore', 'ignore_ament_install']
[0.248s] Level 1:colcon.colcon_core.package_identification:_identify(src) by extension 'ignore'
[0.248s] Level 1:colcon.colcon_core.package_identification:_identify(src) by extension 'ignore_ament_install'
[0.248s] Level 1:colcon.colcon_core.package_identification:_identify(src) by extensions ['colcon_pkg']
[0.248s] Level 1:colcon.colcon_core.package_identification:_identify(src) by extension 'colcon_pkg'
[0.248s] Level 1:colcon.colcon_core.package_identification:_identify(src) by extensions ['colcon_meta']
[0.249s] Level 1:colcon.colcon_core.package_identification:_identify(src) by extension 'colcon_meta'
[0.249s] Level 1:colcon.colcon_core.package_identification:_identify(src) by extensions ['ros']
[0.249s] Level 1:colcon.colcon_core.package_identification:_identify(src) by extension 'ros'
[0.249s] Level 1:colcon.colcon_core.package_identification:_identify(src) by extensions ['cmake', 'python']
[0.249s] Level 1:colcon.colcon_core.package_identification:_identify(src) by extension 'cmake'
[0.249s] Level 1:colcon.colcon_core.package_identification:_identify(src) by extension 'python'
[0.249s] Level 1:colcon.colcon_core.package_identification:_identify(src) by extensions ['python_setup_py']
[0.249s] Level 1:colcon.colcon_core.package_identification:_identify(src) by extension 'python_setup_py'
[0.249s] Level 1:colcon.colcon_core.package_identification:_identify(src/ht_nav_variables) by extensions ['ignore', 'ignore_ament_install']
[0.249s] Level 1:colcon.colcon_core.package_identification:_identify(src/ht_nav_variables) by extension 'ignore'
[0.250s] Level 1:colcon.colcon_core.package_identification:_identify(src/ht_nav_variables) by extension 'ignore_ament_install'
[0.250s] Level 1:colcon.colcon_core.package_identification:_identify(src/ht_nav_variables) by extensions ['colcon_pkg']
[0.250s] Level 1:colcon.colcon_core.package_identification:_identify(src/ht_nav_variables) by extension 'colcon_pkg'
[0.250s] Level 1:colcon.colcon_core.package_identification:_identify(src/ht_nav_variables) by extensions ['colcon_meta']
[0.250s] Level 1:colcon.colcon_core.package_identification:_identify(src/ht_nav_variables) by extension 'colcon_meta'
[0.250s] Level 1:colcon.colcon_core.package_identification:_identify(src/ht_nav_variables) by extensions ['ros']
[0.250s] Level 1:colcon.colcon_core.package_identification:_identify(src/ht_nav_variables) by extension 'ros'
[0.253s] DEBUG:colcon.colcon_core.package_identification:Package 'src/ht_nav_variables' with type 'ros.ament_cmake' and name 'ht_nav_variables'
[0.253s] Level 1:colcon.colcon_core.package_identification:_identify(src/ht_strap_package) by extensions ['ignore', 'ignore_ament_install']
[0.254s] Level 1:colcon.colcon_core.package_identification:_identify(src/ht_strap_package) by extension 'ignore'
[0.254s] Level 1:colcon.colcon_core.package_identification:_identify(src/ht_strap_package) by extension 'ignore_ament_install'
[0.254s] Level 1:colcon.colcon_core.package_identification:_identify(src/ht_strap_package) by extensions ['colcon_pkg']
[0.254s] Level 1:colcon.colcon_core.package_identification:_identify(src/ht_strap_package) by extension 'colcon_pkg'
[0.254s] Level 1:colcon.colcon_core.package_identification:_identify(src/ht_strap_package) by extensions ['colcon_meta']
[0.254s] Level 1:colcon.colcon_core.package_identification:_identify(src/ht_strap_package) by extension 'colcon_meta'
[0.254s] Level 1:colcon.colcon_core.package_identification:_identify(src/ht_strap_package) by extensions ['ros']
[0.254s] Level 1:colcon.colcon_core.package_identification:_identify(src/ht_strap_package) by extension 'ros'
[0.255s] DEBUG:colcon.colcon_core.package_identification:Package 'src/ht_strap_package' with type 'ros.ament_python' and name 'ht_strap_package'
[0.255s] Level 1:colcon.colcon_core.package_identification:_identify(veri_gazebo) by extensions ['ignore', 'ignore_ament_install']
[0.255s] Level 1:colcon.colcon_core.package_identification:_identify(veri_gazebo) by extension 'ignore'
[0.255s] Level 1:colcon.colcon_core.package_identification:_identify(veri_gazebo) by extension 'ignore_ament_install'
[0.255s] Level 1:colcon.colcon_core.package_identification:_identify(veri_gazebo) by extensions ['colcon_pkg']
[0.255s] Level 1:colcon.colcon_core.package_identification:_identify(veri_gazebo) by extension 'colcon_pkg'
[0.255s] Level 1:colcon.colcon_core.package_identification:_identify(veri_gazebo) by extensions ['colcon_meta']
[0.255s] Level 1:colcon.colcon_core.package_identification:_identify(veri_gazebo) by extension 'colcon_meta'
[0.255s] Level 1:colcon.colcon_core.package_identification:_identify(veri_gazebo) by extensions ['ros']
[0.255s] Level 1:colcon.colcon_core.package_identification:_identify(veri_gazebo) by extension 'ros'
[0.255s] Level 1:colcon.colcon_core.package_identification:_identify(veri_gazebo) by extensions ['cmake', 'python']
[0.256s] Level 1:colcon.colcon_core.package_identification:_identify(veri_gazebo) by extension 'cmake'
[0.256s] Level 1:colcon.colcon_core.package_identification:_identify(veri_gazebo) by extension 'python'
[0.256s] Level 1:colcon.colcon_core.package_identification:_identify(veri_gazebo) by extensions ['python_setup_py']
[0.256s] Level 1:colcon.colcon_core.package_identification:_identify(veri_gazebo) by extension 'python_setup_py'
[0.256s] Level 1:colcon.colcon_core.package_identification:_identify(veri_gazebo/veri_1) by extensions ['ignore', 'ignore_ament_install']
[0.256s] Level 1:colcon.colcon_core.package_identification:_identify(veri_gazebo/veri_1) by extension 'ignore'
[0.256s] Level 1:colcon.colcon_core.package_identification:_identify(veri_gazebo/veri_1) by extension 'ignore_ament_install'
[0.256s] Level 1:colcon.colcon_core.package_identification:_identify(veri_gazebo/veri_1) by extensions ['colcon_pkg']
[0.256s] Level 1:colcon.colcon_core.package_identification:_identify(veri_gazebo/veri_1) by extension 'colcon_pkg'
[0.256s] Level 1:colcon.colcon_core.package_identification:_identify(veri_gazebo/veri_1) by extensions ['colcon_meta']
[0.256s] Level 1:colcon.colcon_core.package_identification:_identify(veri_gazebo/veri_1) by extension 'colcon_meta'
[0.256s] Level 1:colcon.colcon_core.package_identification:_identify(veri_gazebo/veri_1) by extensions ['ros']
[0.256s] Level 1:colcon.colcon_core.package_identification:_identify(veri_gazebo/veri_1) by extension 'ros'
[0.256s] Level 1:colcon.colcon_core.package_identification:_identify(veri_gazebo/veri_1) by extensions ['cmake', 'python']
[0.256s] Level 1:colcon.colcon_core.package_identification:_identify(veri_gazebo/veri_1) by extension 'cmake'
[0.256s] Level 1:colcon.colcon_core.package_identification:_identify(veri_gazebo/veri_1) by extension 'python'
[0.257s] Level 1:colcon.colcon_core.package_identification:_identify(veri_gazebo/veri_1) by extensions ['python_setup_py']
[0.257s] Level 1:colcon.colcon_core.package_identification:_identify(veri_gazebo/veri_1) by extension 'python_setup_py'
[0.257s] Level 1:colcon.colcon_core.package_identification:_identify(veri_gazebo/veri_2) by extensions ['ignore', 'ignore_ament_install']
[0.257s] Level 1:colcon.colcon_core.package_identification:_identify(veri_gazebo/veri_2) by extension 'ignore'
[0.257s] Level 1:colcon.colcon_core.package_identification:_identify(veri_gazebo/veri_2) by extension 'ignore_ament_install'
[0.257s] Level 1:colcon.colcon_core.package_identification:_identify(veri_gazebo/veri_2) by extensions ['colcon_pkg']
[0.257s] Level 1:colcon.colcon_core.package_identification:_identify(veri_gazebo/veri_2) by extension 'colcon_pkg'
[0.257s] Level 1:colcon.colcon_core.package_identification:_identify(veri_gazebo/veri_2) by extensions ['colcon_meta']
[0.257s] Level 1:colcon.colcon_core.package_identification:_identify(veri_gazebo/veri_2) by extension 'colcon_meta'
[0.257s] Level 1:colcon.colcon_core.package_identification:_identify(veri_gazebo/veri_2) by extensions ['ros']
[0.257s] Level 1:colcon.colcon_core.package_identification:_identify(veri_gazebo/veri_2) by extension 'ros'
[0.257s] Level 1:colcon.colcon_core.package_identification:_identify(veri_gazebo/veri_2) by extensions ['cmake', 'python']
[0.257s] Level 1:colcon.colcon_core.package_identification:_identify(veri_gazebo/veri_2) by extension 'cmake'
[0.257s] Level 1:colcon.colcon_core.package_identification:_identify(veri_gazebo/veri_2) by extension 'python'
[0.257s] Level 1:colcon.colcon_core.package_identification:_identify(veri_gazebo/veri_2) by extensions ['python_setup_py']
[0.258s] Level 1:colcon.colcon_core.package_identification:_identify(veri_gazebo/veri_2) by extension 'python_setup_py'
[0.258s] Level 1:colcon.colcon_core.package_identification:_identify(veri_gazebo/veri_3_joint_vel_50Hz) by extensions ['ignore', 'ignore_ament_install']
[0.258s] Level 1:colcon.colcon_core.package_identification:_identify(veri_gazebo/veri_3_joint_vel_50Hz) by extension 'ignore'
[0.258s] Level 1:colcon.colcon_core.package_identification:_identify(veri_gazebo/veri_3_joint_vel_50Hz) by extension 'ignore_ament_install'
[0.258s] Level 1:colcon.colcon_core.package_identification:_identify(veri_gazebo/veri_3_joint_vel_50Hz) by extensions ['colcon_pkg']
[0.258s] Level 1:colcon.colcon_core.package_identification:_identify(veri_gazebo/veri_3_joint_vel_50Hz) by extension 'colcon_pkg'
[0.258s] Level 1:colcon.colcon_core.package_identification:_identify(veri_gazebo/veri_3_joint_vel_50Hz) by extensions ['colcon_meta']
[0.258s] Level 1:colcon.colcon_core.package_identification:_identify(veri_gazebo/veri_3_joint_vel_50Hz) by extension 'colcon_meta'
[0.258s] Level 1:colcon.colcon_core.package_identification:_identify(veri_gazebo/veri_3_joint_vel_50Hz) by extensions ['ros']
[0.258s] Level 1:colcon.colcon_core.package_identification:_identify(veri_gazebo/veri_3_joint_vel_50Hz) by extension 'ros'
[0.258s] Level 1:colcon.colcon_core.package_identification:_identify(veri_gazebo/veri_3_joint_vel_50Hz) by extensions ['cmake', 'python']
[0.258s] Level 1:colcon.colcon_core.package_identification:_identify(veri_gazebo/veri_3_joint_vel_50Hz) by extension 'cmake'
[0.258s] Level 1:colcon.colcon_core.package_identification:_identify(veri_gazebo/veri_3_joint_vel_50Hz) by extension 'python'
[0.258s] Level 1:colcon.colcon_core.package_identification:_identify(veri_gazebo/veri_3_joint_vel_50Hz) by extensions ['python_setup_py']
[0.258s] Level 1:colcon.colcon_core.package_identification:_identify(veri_gazebo/veri_3_joint_vel_50Hz) by extension 'python_setup_py'
[0.259s] Level 1:colcon.colcon_core.package_identification:_identify(veri_gazebo/veri_4_joint_vel_25Hz) by extensions ['ignore', 'ignore_ament_install']
[0.259s] Level 1:colcon.colcon_core.package_identification:_identify(veri_gazebo/veri_4_joint_vel_25Hz) by extension 'ignore'
[0.259s] Level 1:colcon.colcon_core.package_identification:_identify(veri_gazebo/veri_4_joint_vel_25Hz) by extension 'ignore_ament_install'
[0.259s] Level 1:colcon.colcon_core.package_identification:_identify(veri_gazebo/veri_4_joint_vel_25Hz) by extensions ['colcon_pkg']
[0.259s] Level 1:colcon.colcon_core.package_identification:_identify(veri_gazebo/veri_4_joint_vel_25Hz) by extension 'colcon_pkg'
[0.259s] Level 1:colcon.colcon_core.package_identification:_identify(veri_gazebo/veri_4_joint_vel_25Hz) by extensions ['colcon_meta']
[0.259s] Level 1:colcon.colcon_core.package_identification:_identify(veri_gazebo/veri_4_joint_vel_25Hz) by extension 'colcon_meta'
[0.259s] Level 1:colcon.colcon_core.package_identification:_identify(veri_gazebo/veri_4_joint_vel_25Hz) by extensions ['ros']
[0.259s] Level 1:colcon.colcon_core.package_identification:_identify(veri_gazebo/veri_4_joint_vel_25Hz) by extension 'ros'
[0.259s] Level 1:colcon.colcon_core.package_identification:_identify(veri_gazebo/veri_4_joint_vel_25Hz) by extensions ['cmake', 'python']
[0.259s] Level 1:colcon.colcon_core.package_identification:_identify(veri_gazebo/veri_4_joint_vel_25Hz) by extension 'cmake'
[0.259s] Level 1:colcon.colcon_core.package_identification:_identify(veri_gazebo/veri_4_joint_vel_25Hz) by extension 'python'
[0.259s] Level 1:colcon.colcon_core.package_identification:_identify(veri_gazebo/veri_4_joint_vel_25Hz) by extensions ['python_setup_py']
[0.259s] Level 1:colcon.colcon_core.package_identification:_identify(veri_gazebo/veri_4_joint_vel_25Hz) by extension 'python_setup_py'
[0.259s] Level 1:colcon.colcon_core.package_identification:_identify(veri_gazebo/veri_5_joint_vel_100Hz) by extensions ['ignore', 'ignore_ament_install']
[0.260s] Level 1:colcon.colcon_core.package_identification:_identify(veri_gazebo/veri_5_joint_vel_100Hz) by extension 'ignore'
[0.260s] Level 1:colcon.colcon_core.package_identification:_identify(veri_gazebo/veri_5_joint_vel_100Hz) by extension 'ignore_ament_install'
[0.260s] Level 1:colcon.colcon_core.package_identification:_identify(veri_gazebo/veri_5_joint_vel_100Hz) by extensions ['colcon_pkg']
[0.260s] Level 1:colcon.colcon_core.package_identification:_identify(veri_gazebo/veri_5_joint_vel_100Hz) by extension 'colcon_pkg'
[0.260s] Level 1:colcon.colcon_core.package_identification:_identify(veri_gazebo/veri_5_joint_vel_100Hz) by extensions ['colcon_meta']
[0.260s] Level 1:colcon.colcon_core.package_identification:_identify(veri_gazebo/veri_5_joint_vel_100Hz) by extension 'colcon_meta'
[0.260s] Level 1:colcon.colcon_core.package_identification:_identify(veri_gazebo/veri_5_joint_vel_100Hz) by extensions ['ros']
[0.260s] Level 1:colcon.colcon_core.package_identification:_identify(veri_gazebo/veri_5_joint_vel_100Hz) by extension 'ros'
[0.260s] Level 1:colcon.colcon_core.package_identification:_identify(veri_gazebo/veri_5_joint_vel_100Hz) by extensions ['cmake', 'python']
[0.260s] Level 1:colcon.colcon_core.package_identification:_identify(veri_gazebo/veri_5_joint_vel_100Hz) by extension 'cmake'
[0.260s] Level 1:colcon.colcon_core.package_identification:_identify(veri_gazebo/veri_5_joint_vel_100Hz) by extension 'python'
[0.260s] Level 1:colcon.colcon_core.package_identification:_identify(veri_gazebo/veri_5_joint_vel_100Hz) by extensions ['python_setup_py']
[0.260s] Level 1:colcon.colcon_core.package_identification:_identify(veri_gazebo/veri_5_joint_vel_100Hz) by extension 'python_setup_py'
[0.260s] Level 1:colcon.colcon_core.package_identification:_identify(veri_gazebo/veri_deneme) by extensions ['ignore', 'ignore_ament_install']
[0.260s] Level 1:colcon.colcon_core.package_identification:_identify(veri_gazebo/veri_deneme) by extension 'ignore'
[0.261s] Level 1:colcon.colcon_core.package_identification:_identify(veri_gazebo/veri_deneme) by extension 'ignore_ament_install'
[0.261s] Level 1:colcon.colcon_core.package_identification:_identify(veri_gazebo/veri_deneme) by extensions ['colcon_pkg']
[0.261s] Level 1:colcon.colcon_core.package_identification:_identify(veri_gazebo/veri_deneme) by extension 'colcon_pkg'
[0.261s] Level 1:colcon.colcon_core.package_identification:_identify(veri_gazebo/veri_deneme) by extensions ['colcon_meta']
[0.261s] Level 1:colcon.colcon_core.package_identification:_identify(veri_gazebo/veri_deneme) by extension 'colcon_meta'
[0.261s] Level 1:colcon.colcon_core.package_identification:_identify(veri_gazebo/veri_deneme) by extensions ['ros']
[0.261s] Level 1:colcon.colcon_core.package_identification:_identify(veri_gazebo/veri_deneme) by extension 'ros'
[0.261s] Level 1:colcon.colcon_core.package_identification:_identify(veri_gazebo/veri_deneme) by extensions ['cmake', 'python']
[0.261s] Level 1:colcon.colcon_core.package_identification:_identify(veri_gazebo/veri_deneme) by extension 'cmake'
[0.261s] Level 1:colcon.colcon_core.package_identification:_identify(veri_gazebo/veri_deneme) by extension 'python'
[0.261s] Level 1:colcon.colcon_core.package_identification:_identify(veri_gazebo/veri_deneme) by extensions ['python_setup_py']
[0.261s] Level 1:colcon.colcon_core.package_identification:_identify(veri_gazebo/veri_deneme) by extension 'python_setup_py'
[0.261s] Level 1:colcon.colcon_core.package_identification:_identify(worlds) by extensions ['ignore', 'ignore_ament_install']
[0.261s] Level 1:colcon.colcon_core.package_identification:_identify(worlds) by extension 'ignore'
[0.261s] Level 1:colcon.colcon_core.package_identification:_identify(worlds) by extension 'ignore_ament_install'
[0.262s] Level 1:colcon.colcon_core.package_identification:_identify(worlds) by extensions ['colcon_pkg']
[0.262s] Level 1:colcon.colcon_core.package_identification:_identify(worlds) by extension 'colcon_pkg'
[0.262s] Level 1:colcon.colcon_core.package_identification:_identify(worlds) by extensions ['colcon_meta']
[0.262s] Level 1:colcon.colcon_core.package_identification:_identify(worlds) by extension 'colcon_meta'
[0.262s] Level 1:colcon.colcon_core.package_identification:_identify(worlds) by extensions ['ros']
[0.262s] Level 1:colcon.colcon_core.package_identification:_identify(worlds) by extension 'ros'
[0.262s] Level 1:colcon.colcon_core.package_identification:_identify(worlds) by extensions ['cmake', 'python']
[0.262s] Level 1:colcon.colcon_core.package_identification:_identify(worlds) by extension 'cmake'
[0.262s] Level 1:colcon.colcon_core.package_identification:_identify(worlds) by extension 'python'
[0.263s] Level 1:colcon.colcon_core.package_identification:_identify(worlds) by extensions ['python_setup_py']
[0.263s] Level 1:colcon.colcon_core.package_identification:_identify(worlds) by extension 'python_setup_py'
[0.263s] Level 1:colcon.colcon_core.package_discovery:discover_packages(recursive) using defaults
[0.263s] Level 1:colcon.colcon_core.package_discovery:discover_packages(ignore) discover
[0.263s] Level 1:colcon.colcon_core.package_discovery:discover_packages(ignore) using defaults
[0.263s] Level 1:colcon.colcon_core.package_discovery:discover_packages(path) discover
[0.263s] Level 1:colcon.colcon_core.package_discovery:discover_packages(path) using defaults
[0.288s] Level 5:colcon.colcon_core.verb:set package 'ht_nav_variables' build argument 'cmake_args' from command line to 'None'
[0.288s] Level 5:colcon.colcon_core.verb:set package 'ht_nav_variables' build argument 'cmake_target' from command line to 'None'
[0.288s] Level 5:colcon.colcon_core.verb:set package 'ht_nav_variables' build argument 'cmake_target_skip_unavailable' from command line to 'False'
[0.288s] Level 5:colcon.colcon_core.verb:set package 'ht_nav_variables' build argument 'cmake_clean_cache' from command line to 'False'
[0.288s] Level 5:colcon.colcon_core.verb:set package 'ht_nav_variables' build argument 'cmake_clean_first' from command line to 'False'
[0.288s] Level 5:colcon.colcon_core.verb:set package 'ht_nav_variables' build argument 'cmake_force_configure' from command line to 'False'
[0.288s] Level 5:colcon.colcon_core.verb:set package 'ht_nav_variables' build argument 'ament_cmake_args' from command line to 'None'
[0.288s] Level 5:colcon.colcon_core.verb:set package 'ht_nav_variables' build argument 'catkin_cmake_args' from command line to 'None'
[0.288s] Level 5:colcon.colcon_core.verb:set package 'ht_nav_variables' build argument 'catkin_skip_building_tests' from command line to 'False'
[0.288s] DEBUG:colcon.colcon_core.verb:Building package 'ht_nav_variables' with the following arguments: {'ament_cmake_args': None, 'build_base': '/home/temur/INS-GPS-ROS2/build/ht_nav_variables', 'catkin_cmake_args': None, 'catkin_skip_building_tests': False, 'cmake_args': None, 'cmake_clean_cache': False, 'cmake_clean_first': False, 'cmake_force_configure': False, 'cmake_target': None, 'cmake_target_skip_unavailable': False, 'install_base': '/home/temur/INS-GPS-ROS2/install/ht_nav_variables', 'merge_install': False, 'path': '/home/temur/INS-GPS-ROS2/src/ht_nav_variables', 'symlink_install': False, 'test_result_base': None}
[0.289s] Level 5:colcon.colcon_core.verb:set package 'ht_strap_package' build argument 'cmake_args' from command line to 'None'
[0.289s] Level 5:colcon.colcon_core.verb:set package 'ht_strap_package' build argument 'cmake_target' from command line to 'None'
[0.289s] Level 5:colcon.colcon_core.verb:set package 'ht_strap_package' build argument 'cmake_target_skip_unavailable' from command line to 'False'
[0.289s] Level 5:colcon.colcon_core.verb:set package 'ht_strap_package' build argument 'cmake_clean_cache' from command line to 'False'
[0.289s] Level 5:colcon.colcon_core.verb:set package 'ht_strap_package' build argument 'cmake_clean_first' from command line to 'False'
[0.289s] Level 5:colcon.colcon_core.verb:set package 'ht_strap_package' build argument 'cmake_force_configure' from command line to 'False'
[0.289s] Level 5:colcon.colcon_core.verb:set package 'ht_strap_package' build argument 'ament_cmake_args' from command line to 'None'
[0.289s] Level 5:colcon.colcon_core.verb:set package 'ht_strap_package' build argument 'catkin_cmake_args' from command line to 'None'
[0.289s] Level 5:colcon.colcon_core.verb:set package 'ht_strap_package' build argument 'catkin_skip_building_tests' from command line to 'False'
[0.290s] DEBUG:colcon.colcon_core.verb:Building package 'ht_strap_package' with the following arguments: {'ament_cmake_args': None, 'build_base': '/home/temur/INS-GPS-ROS2/build/ht_strap_package', 'catkin_cmake_args': None, 'catkin_skip_building_tests': False, 'cmake_args': None, 'cmake_clean_cache': False, 'cmake_clean_first': False, 'cmake_force_configure': False, 'cmake_target': None, 'cmake_target_skip_unavailable': False, 'install_base': '/home/temur/INS-GPS-ROS2/install/ht_strap_package', 'merge_install': False, 'path': '/home/temur/INS-GPS-ROS2/src/ht_strap_package', 'symlink_install': False, 'test_result_base': None}
[0.294s] WARNING:colcon.colcon_core.verb:Some selected packages are already built in one or more underlay workspaces:
	'ht_nav_variables' is in: /home/temur/INS-GPS-ROS2/install/ht_nav_variables
	'ht_strap_package' is in: /home/temur/INS-GPS-ROS2/install/ht_strap_package
If a package in a merged underlay workspace is overridden and it installs headers, then all packages in the overlay must sort their include directories by workspace order. Failure to do so may result in build failures or undefined behavior at run time.
If the overridden package is used by another package in any underlay, then the overriding package in the overlay must be API and ABI compatible or undefined behavior at run time may occur.

If you understand the risks and want to override a package anyways, add the following to the command line:
	--allow-overriding ht_nav_variables ht_strap_package

This may be promoted to an error in a future release of colcon-core.
[0.295s] INFO:colcon.colcon_core.executor:Executing jobs using 'parallel' executor
[0.299s] DEBUG:colcon.colcon_parallel_executor.executor.parallel:run_until_complete
[0.299s] INFO:colcon.colcon_ros.task.ament_cmake.build:Building ROS package in '/home/temur/INS-GPS-ROS2/src/ht_nav_variables' with build type 'ament_cmake'
[0.300s] INFO:colcon.colcon_cmake.task.cmake.build:Building CMake package in '/home/temur/INS-GPS-ROS2/src/ht_nav_variables'
[0.305s] INFO:colcon.colcon_core.plugin_system:Skipping extension 'colcon_core.shell.bat': Not used on non-Windows systems
[0.306s] INFO:colcon.colcon_core.shell:Skip shell extension 'powershell' for command environment: Not usable outside of PowerShell
[0.306s] DEBUG:colcon.colcon_core.shell:Skip shell extension 'dsv' for command environment
[0.333s] DEBUG:colcon.colcon_core.event_handler.log_command:Invoking command in '/home/temur/INS-GPS-ROS2/build/ht_nav_variables': CMAKE_PREFIX_PATH=${CMAKE_PREFIX_PATH}:/home/temur/INS-GPS-ROS2/install/ht_strap_package:/opt/ros/foxy /usr/bin/cmake --build /home/temur/INS-GPS-ROS2/build/ht_nav_variables -- -j12 -l12
[0.768s] DEBUG:colcon.colcon_core.event_handler.log_command:Invoked command in '/home/temur/INS-GPS-ROS2/build/ht_nav_variables' returned '0': CMAKE_PREFIX_PATH=${CMAKE_PREFIX_PATH}:/home/temur/INS-GPS-ROS2/install/ht_strap_package:/opt/ros/foxy /usr/bin/cmake --build /home/temur/INS-GPS-ROS2/build/ht_nav_variables -- -j12 -l12
[1.139s] DEBUG:colcon.colcon_core.event_handler.log_command:Invoking command in '/home/temur/INS-GPS-ROS2/build/ht_nav_variables': CMAKE_PREFIX_PATH=${CMAKE_PREFIX_PATH}:/home/temur/INS-GPS-ROS2/install/ht_strap_package:/opt/ros/foxy /usr/bin/cmake --install /home/temur/INS-GPS-ROS2/build/ht_nav_variables
[1.238s] Level 1:colcon.colcon_core.environment:create_environment_scripts_only(ht_nav_variables)
[1.246s] DEBUG:colcon.colcon_core.event_handler.log_command:Invoked command in '/home/temur/INS-GPS-ROS2/build/ht_nav_variables' returned '0': CMAKE_PREFIX_PATH=${CMAKE_PREFIX_PATH}:/home/temur/INS-GPS-ROS2/install/ht_strap_package:/opt/ros/foxy /usr/bin/cmake --install /home/temur/INS-GPS-ROS2/build/ht_nav_variables
[1.250s] Level 1:colcon.colcon_core.environment:checking '/home/temur/INS-GPS-ROS2/install/ht_nav_variables' for CMake module files
[1.251s] Level 1:colcon.colcon_core.environment:checking '/home/temur/INS-GPS-ROS2/install/ht_nav_variables' for CMake config files
[1.252s] Level 1:colcon.colcon_core.shell:create_environment_hook('ht_nav_variables', 'cmake_prefix_path')
[1.254s] INFO:colcon.colcon_core.shell:Creating environment hook '/home/temur/INS-GPS-ROS2/install/ht_nav_variables/share/ht_nav_variables/hook/cmake_prefix_path.ps1'
[1.255s] INFO:colcon.colcon_core.shell:Creating environment descriptor '/home/temur/INS-GPS-ROS2/install/ht_nav_variables/share/ht_nav_variables/hook/cmake_prefix_path.dsv'
[1.256s] INFO:colcon.colcon_core.shell:Creating environment hook '/home/temur/INS-GPS-ROS2/install/ht_nav_variables/share/ht_nav_variables/hook/cmake_prefix_path.sh'
[1.258s] Level 1:colcon.colcon_core.environment:checking '/home/temur/INS-GPS-ROS2/install/ht_nav_variables/lib'
[1.259s] Level 1:colcon.colcon_core.shell:create_environment_hook('ht_nav_variables', 'ld_library_path_lib')
[1.260s] INFO:colcon.colcon_core.shell:Creating environment hook '/home/temur/INS-GPS-ROS2/install/ht_nav_variables/share/ht_nav_variables/hook/ld_library_path_lib.ps1'
[1.261s] INFO:colcon.colcon_core.shell:Creating environment descriptor '/home/temur/INS-GPS-ROS2/install/ht_nav_variables/share/ht_nav_variables/hook/ld_library_path_lib.dsv'
[1.262s] INFO:colcon.colcon_core.shell:Creating environment hook '/home/temur/INS-GPS-ROS2/install/ht_nav_variables/share/ht_nav_variables/hook/ld_library_path_lib.sh'
[1.263s] Level 1:colcon.colcon_core.environment:checking '/home/temur/INS-GPS-ROS2/install/ht_nav_variables/bin'
[1.263s] Level 1:colcon.colcon_core.environment:checking '/home/temur/INS-GPS-ROS2/install/ht_nav_variables/lib/pkgconfig/ht_nav_variables.pc'
[1.263s] Level 1:colcon.colcon_core.environment:checking '/home/temur/INS-GPS-ROS2/install/ht_nav_variables/lib/python3.8/site-packages'
[1.264s] Level 1:colcon.colcon_core.shell:create_environment_hook('ht_nav_variables', 'pythonpath')
[1.264s] INFO:colcon.colcon_core.shell:Creating environment hook '/home/temur/INS-GPS-ROS2/install/ht_nav_variables/share/ht_nav_variables/hook/pythonpath.ps1'
[1.265s] INFO:colcon.colcon_core.shell:Creating environment descriptor '/home/temur/INS-GPS-ROS2/install/ht_nav_variables/share/ht_nav_variables/hook/pythonpath.dsv'
[1.266s] INFO:colcon.colcon_core.shell:Creating environment hook '/home/temur/INS-GPS-ROS2/install/ht_nav_variables/share/ht_nav_variables/hook/pythonpath.sh'
[1.268s] INFO:colcon.colcon_core.shell:Creating package script '/home/temur/INS-GPS-ROS2/install/ht_nav_variables/share/ht_nav_variables/package.ps1'
[1.270s] INFO:colcon.colcon_core.shell:Creating package descriptor '/home/temur/INS-GPS-ROS2/install/ht_nav_variables/share/ht_nav_variables/package.dsv'
[1.271s] INFO:colcon.colcon_core.shell:Creating package script '/home/temur/INS-GPS-ROS2/install/ht_nav_variables/share/ht_nav_variables/package.sh'
[1.273s] INFO:colcon.colcon_core.shell:Creating package script '/home/temur/INS-GPS-ROS2/install/ht_nav_variables/share/ht_nav_variables/package.bash'
[1.274s] INFO:colcon.colcon_core.shell:Creating package script '/home/temur/INS-GPS-ROS2/install/ht_nav_variables/share/ht_nav_variables/package.zsh'
[1.275s] Level 1:colcon.colcon_core.environment:create_file_with_runtime_dependencies(/home/temur/INS-GPS-ROS2/install/ht_nav_variables/share/colcon-core/packages/ht_nav_variables)
[1.546s] Level 1:colcon.colcon_core.environment:create_environment_scripts_only(ht_nav_variables)
[1.548s] Level 1:colcon.colcon_core.environment:checking '/home/temur/INS-GPS-ROS2/install/ht_nav_variables' for CMake module files
[1.549s] Level 1:colcon.colcon_core.environment:checking '/home/temur/INS-GPS-ROS2/install/ht_nav_variables' for CMake config files
[1.551s] Level 1:colcon.colcon_core.shell:create_environment_hook('ht_nav_variables', 'cmake_prefix_path')
[1.552s] INFO:colcon.colcon_core.shell:Creating environment hook '/home/temur/INS-GPS-ROS2/install/ht_nav_variables/share/ht_nav_variables/hook/cmake_prefix_path.ps1'
[1.553s] INFO:colcon.colcon_core.shell:Creating environment descriptor '/home/temur/INS-GPS-ROS2/install/ht_nav_variables/share/ht_nav_variables/hook/cmake_prefix_path.dsv'
[1.554s] INFO:colcon.colcon_core.shell:Creating environment hook '/home/temur/INS-GPS-ROS2/install/ht_nav_variables/share/ht_nav_variables/hook/cmake_prefix_path.sh'
[1.555s] Level 1:colcon.colcon_core.environment:checking '/home/temur/INS-GPS-ROS2/install/ht_nav_variables/lib'
[1.556s] Level 1:colcon.colcon_core.shell:create_environment_hook('ht_nav_variables', 'ld_library_path_lib')
[1.557s] INFO:colcon.colcon_core.shell:Creating environment hook '/home/temur/INS-GPS-ROS2/install/ht_nav_variables/share/ht_nav_variables/hook/ld_library_path_lib.ps1'
[1.558s] INFO:colcon.colcon_core.shell:Creating environment descriptor '/home/temur/INS-GPS-ROS2/install/ht_nav_variables/share/ht_nav_variables/hook/ld_library_path_lib.dsv'
[1.559s] INFO:colcon.colcon_core.shell:Creating environment hook '/home/temur/INS-GPS-ROS2/install/ht_nav_variables/share/ht_nav_variables/hook/ld_library_path_lib.sh'
[1.560s] Level 1:colcon.colcon_core.environment:checking '/home/temur/INS-GPS-ROS2/install/ht_nav_variables/bin'
[1.560s] Level 1:colcon.colcon_core.environment:checking '/home/temur/INS-GPS-ROS2/install/ht_nav_variables/lib/pkgconfig/ht_nav_variables.pc'
[1.560s] Level 1:colcon.colcon_core.environment:checking '/home/temur/INS-GPS-ROS2/install/ht_nav_variables/lib/python3.8/site-packages'
[1.560s] Level 1:colcon.colcon_core.shell:create_environment_hook('ht_nav_variables', 'pythonpath')
[1.561s] INFO:colcon.colcon_core.shell:Creating environment hook '/home/temur/INS-GPS-ROS2/install/ht_nav_variables/share/ht_nav_variables/hook/pythonpath.ps1'
[1.562s] INFO:colcon.colcon_core.shell:Creating environment descriptor '/home/temur/INS-GPS-ROS2/install/ht_nav_variables/share/ht_nav_variables/hook/pythonpath.dsv'
[1.562s] INFO:colcon.colcon_core.shell:Creating environment hook '/home/temur/INS-GPS-ROS2/install/ht_nav_variables/share/ht_nav_variables/hook/pythonpath.sh'
[1.564s] INFO:colcon.colcon_core.shell:Creating package script '/home/temur/INS-GPS-ROS2/install/ht_nav_variables/share/ht_nav_variables/package.ps1'
[1.564s] INFO:colcon.colcon_core.shell:Creating package descriptor '/home/temur/INS-GPS-ROS2/install/ht_nav_variables/share/ht_nav_variables/package.dsv'
[1.565s] INFO:colcon.colcon_core.shell:Creating package script '/home/temur/INS-GPS-ROS2/install/ht_nav_variables/share/ht_nav_variables/package.sh'
[1.566s] INFO:colcon.colcon_core.shell:Creating package script '/home/temur/INS-GPS-ROS2/install/ht_nav_variables/share/ht_nav_variables/package.bash'
[1.567s] INFO:colcon.colcon_core.shell:Creating package script '/home/temur/INS-GPS-ROS2/install/ht_nav_variables/share/ht_nav_variables/package.zsh'
[1.567s] Level 1:colcon.colcon_core.environment:create_file_with_runtime_dependencies(/home/temur/INS-GPS-ROS2/install/ht_nav_variables/share/colcon-core/packages/ht_nav_variables)
[1.568s] INFO:colcon.colcon_ros.task.ament_python.build:Building ROS package in '/home/temur/INS-GPS-ROS2/src/ht_strap_package' with build type 'ament_python'
[1.568s] Level 1:colcon.colcon_core.shell:create_environment_hook('ht_strap_package', 'ament_prefix_path')
[1.569s] INFO:colcon.colcon_core.shell:Creating environment hook '/home/temur/INS-GPS-ROS2/install/ht_strap_package/share/ht_strap_package/hook/ament_prefix_path.ps1'
[1.570s] INFO:colcon.colcon_core.shell:Creating environment descriptor '/home/temur/INS-GPS-ROS2/install/ht_strap_package/share/ht_strap_package/hook/ament_prefix_path.dsv'
[1.571s] INFO:colcon.colcon_core.shell:Creating environment hook '/home/temur/INS-GPS-ROS2/install/ht_strap_package/share/ht_strap_package/hook/ament_prefix_path.sh'
[1.572s] INFO:colcon.colcon_core.shell:Skip shell extension 'powershell' for command environment: Not usable outside of PowerShell
[1.572s] DEBUG:colcon.colcon_core.shell:Skip shell extension 'dsv' for command environment
[1.909s] INFO:colcon.colcon_core.task.python.build:Building Python package in '/home/temur/INS-GPS-ROS2/src/ht_strap_package'
[1.911s] INFO:colcon.colcon_core.shell:Skip shell extension 'powershell' for command environment: Not usable outside of PowerShell
[1.911s] DEBUG:colcon.colcon_core.shell:Skip shell extension 'dsv' for command environment
[2.437s] DEBUG:colcon.colcon_core.event_handler.log_command:Invoking command in '/home/temur/INS-GPS-ROS2/src/ht_strap_package': PYTHONPATH=/home/temur/INS-GPS-ROS2/install/ht_strap_package/lib/python3.8/site-packages:/home/temur/INS-GPS-ROS2/install/ht_nav_variables/lib/python3.8/site-packages:/home/temur/INS-GPS-ROS2/install/ht_strap_package/lib/python3.8/site-packages:/opt/ros/foxy/lib/python3.8/site-packages /usr/bin/python3 setup.py egg_info --egg-base ../../build/ht_strap_package build --build-base /home/temur/INS-GPS-ROS2/build/ht_strap_package/build install --prefix /home/temur/INS-GPS-ROS2/install/ht_strap_package --record /home/temur/INS-GPS-ROS2/build/ht_strap_package/install.log --single-version-externally-managed
[2.803s] Level 1:colcon.colcon_core.environment:checking '/home/temur/INS-GPS-ROS2/install/ht_strap_package' for CMake module files
[2.804s] DEBUG:colcon.colcon_core.event_handler.log_command:Invoked command in '/home/temur/INS-GPS-ROS2/src/ht_strap_package' returned '0': PYTHONPATH=/home/temur/INS-GPS-ROS2/install/ht_strap_package/lib/python3.8/site-packages:/home/temur/INS-GPS-ROS2/install/ht_nav_variables/lib/python3.8/site-packages:/home/temur/INS-GPS-ROS2/install/ht_strap_package/lib/python3.8/site-packages:/opt/ros/foxy/lib/python3.8/site-packages /usr/bin/python3 setup.py egg_info --egg-base ../../build/ht_strap_package build --build-base /home/temur/INS-GPS-ROS2/build/ht_strap_package/build install --prefix /home/temur/INS-GPS-ROS2/install/ht_strap_package --record /home/temur/INS-GPS-ROS2/build/ht_strap_package/install.log --single-version-externally-managed
[2.805s] Level 1:colcon.colcon_core.environment:checking '/home/temur/INS-GPS-ROS2/install/ht_strap_package' for CMake config files
[2.806s] Level 1:colcon.colcon_core.environment:checking '/home/temur/INS-GPS-ROS2/install/ht_strap_package/lib'
[2.807s] Level 1:colcon.colcon_core.environment:checking '/home/temur/INS-GPS-ROS2/install/ht_strap_package/bin'
[2.807s] Level 1:colcon.colcon_core.environment:checking '/home/temur/INS-GPS-ROS2/install/ht_strap_package/lib/pkgconfig/ht_strap_package.pc'
[2.807s] Level 1:colcon.colcon_core.environment:checking '/home/temur/INS-GPS-ROS2/install/ht_strap_package/lib/python3.8/site-packages'
[2.807s] Level 1:colcon.colcon_core.shell:create_environment_hook('ht_strap_package', 'pythonpath')
[2.808s] INFO:colcon.colcon_core.shell:Creating environment hook '/home/temur/INS-GPS-ROS2/install/ht_strap_package/share/ht_strap_package/hook/pythonpath.ps1'
[2.809s] INFO:colcon.colcon_core.shell:Creating environment descriptor '/home/temur/INS-GPS-ROS2/install/ht_strap_package/share/ht_strap_package/hook/pythonpath.dsv'
[2.810s] INFO:colcon.colcon_core.shell:Creating environment hook '/home/temur/INS-GPS-ROS2/install/ht_strap_package/share/ht_strap_package/hook/pythonpath.sh'
[2.811s] Level 1:colcon.colcon_core.environment:create_environment_scripts_only(ht_strap_package)
[2.812s] INFO:colcon.colcon_core.shell:Creating package script '/home/temur/INS-GPS-ROS2/install/ht_strap_package/share/ht_strap_package/package.ps1'
[2.812s] INFO:colcon.colcon_core.shell:Creating package descriptor '/home/temur/INS-GPS-ROS2/install/ht_strap_package/share/ht_strap_package/package.dsv'
[2.813s] INFO:colcon.colcon_core.shell:Creating package script '/home/temur/INS-GPS-ROS2/install/ht_strap_package/share/ht_strap_package/package.sh'
[2.813s] INFO:colcon.colcon_core.shell:Creating package script '/home/temur/INS-GPS-ROS2/install/ht_strap_package/share/ht_strap_package/package.bash'
[2.814s] INFO:colcon.colcon_core.shell:Creating package script '/home/temur/INS-GPS-ROS2/install/ht_strap_package/share/ht_strap_package/package.zsh'
[2.814s] Level 1:colcon.colcon_core.environment:create_file_with_runtime_dependencies(/home/temur/INS-GPS-ROS2/install/ht_strap_package/share/colcon-core/packages/ht_strap_package)
[2.814s] DEBUG:colcon.colcon_parallel_executor.executor.parallel:closing loop
[2.815s] DEBUG:colcon.colcon_parallel_executor.executor.parallel:loop closed
[2.815s] DEBUG:colcon.colcon_parallel_executor.executor.parallel:run_until_complete finished with '0'
[2.815s] DEBUG:colcon.colcon_core.event_reactor:joining thread
[2.826s] INFO:colcon.colcon_core.plugin_system:Skipping extension 'colcon_notification.desktop_notification.terminal_notifier': Not used on non-Darwin systems
[2.826s] INFO:colcon.colcon_core.plugin_system:Skipping extension 'colcon_notification.desktop_notification.win32': Not used on non-Windows systems
[2.826s] INFO:colcon.colcon_notification.desktop_notification:Sending desktop notification using 'notify2'
[2.847s] DEBUG:colcon.colcon_core.event_reactor:joined thread
[2.849s] INFO:colcon.colcon_core.shell:Creating prefix script '/home/temur/INS-GPS-ROS2/install/local_setup.ps1'
[2.851s] INFO:colcon.colcon_core.shell:Creating prefix util module '/home/temur/INS-GPS-ROS2/install/_local_setup_util_ps1.py'
[2.854s] INFO:colcon.colcon_core.shell:Creating prefix chain script '/home/temur/INS-GPS-ROS2/install/setup.ps1'
[2.856s] INFO:colcon.colcon_core.shell:Creating prefix script '/home/temur/INS-GPS-ROS2/install/local_setup.sh'
[2.857s] INFO:colcon.colcon_core.shell:Creating prefix util module '/home/temur/INS-GPS-ROS2/install/_local_setup_util_sh.py'
[2.858s] INFO:colcon.colcon_core.shell:Creating prefix chain script '/home/temur/INS-GPS-ROS2/install/setup.sh'
[2.860s] INFO:colcon.colcon_core.shell:Creating prefix script '/home/temur/INS-GPS-ROS2/install/local_setup.bash'
[2.861s] INFO:colcon.colcon_core.shell:Creating prefix chain script '/home/temur/INS-GPS-ROS2/install/setup.bash'
[2.863s] INFO:colcon.colcon_core.shell:Creating prefix script '/home/temur/INS-GPS-ROS2/install/local_setup.zsh'
[2.864s] INFO:colcon.colcon_core.shell:Creating prefix chain script '/home/temur/INS-GPS-ROS2/install/setup.zsh'
