[0.226s] Invoking command in '/home/temurtas/INS-GPS-ROS2/src/ht_strap_package': PYTHONPATH=/home/temurtas/INS-GPS-ROS2/install/ht_strap_package/lib/python3.8/site-packages:${PYTHONPATH} /usr/bin/python3 setup.py egg_info --egg-base ../../build/ht_strap_package build --build-base /home/temurtas/INS-GPS-ROS2/build/ht_strap_package/build install --prefix /home/temurtas/INS-GPS-ROS2/install/ht_strap_package --record /home/temurtas/INS-GPS-ROS2/build/ht_strap_package/install.log --single-version-externally-managed
[0.403s] running egg_info
[0.403s] writing ../../build/ht_strap_package/ht_strap_package.egg-info/PKG-INFO
[0.405s] writing dependency_links to ../../build/ht_strap_package/ht_strap_package.egg-info/dependency_links.txt
[0.405s] writing entry points to ../../build/ht_strap_package/ht_strap_package.egg-info/entry_points.txt
[0.405s] writing requirements to ../../build/ht_strap_package/ht_strap_package.egg-info/requires.txt
[0.405s] writing top-level names to ../../build/ht_strap_package/ht_strap_package.egg-info/top_level.txt
[0.437s] reading manifest file '../../build/ht_strap_package/ht_strap_package.egg-info/SOURCES.txt'
[0.438s] writing manifest file '../../build/ht_strap_package/ht_strap_package.egg-info/SOURCES.txt'
[0.438s] running build
[0.438s] running build_py
[0.439s] running install
[0.440s] running install_lib
[0.442s] running install_data
[0.442s] copying launch/ht_strap_package.launch.py -> /home/temurtas/INS-GPS-ROS2/install/ht_strap_package/share/ht_strap_package/launch
[0.442s] running install_egg_info
[0.444s] removing '/home/temurtas/INS-GPS-ROS2/install/ht_strap_package/lib/python3.8/site-packages/ht_strap_package-0.0.0-py3.8.egg-info' (and everything under it)
[0.444s] Copying ../../build/ht_strap_package/ht_strap_package.egg-info to /home/temurtas/INS-GPS-ROS2/install/ht_strap_package/lib/python3.8/site-packages/ht_strap_package-0.0.0-py3.8.egg-info
[0.445s] running install_scripts
[0.461s] Installing imu_data_publisher_node script to /home/temurtas/INS-GPS-ROS2/install/ht_strap_package/lib/ht_strap_package
[0.461s] Installing listener script to /home/temurtas/INS-GPS-ROS2/install/ht_strap_package/lib/ht_strap_package
[0.461s] Installing strap_node script to /home/temurtas/INS-GPS-ROS2/install/ht_strap_package/lib/ht_strap_package
[0.461s] writing list of installed files to '/home/temurtas/INS-GPS-ROS2/build/ht_strap_package/install.log'
[0.489s] Invoked command in '/home/temurtas/INS-GPS-ROS2/src/ht_strap_package' returned '0': PYTHONPATH=/home/temurtas/INS-GPS-ROS2/install/ht_strap_package/lib/python3.8/site-packages:${PYTHONPATH} /usr/bin/python3 setup.py egg_info --egg-base ../../build/ht_strap_package build --build-base /home/temurtas/INS-GPS-ROS2/build/ht_strap_package/build install --prefix /home/temurtas/INS-GPS-ROS2/install/ht_strap_package --record /home/temurtas/INS-GPS-ROS2/build/ht_strap_package/install.log --single-version-externally-managed
