[0.196s] DEBUG:colcon:Command line arguments: ['/usr/bin/colcon', 'build', '--allow-overriding', 'ht_nav_variables', 'ht_strap_package']
[0.196s] DEBUG:colcon:Parsed command line arguments: Namespace(allow_overriding=['ht_nav_variables', 'ht_strap_package'], ament_cmake_args=None, base_paths=['.'], build_base='build', catkin_cmake_args=None, catkin_skip_building_tests=False, cmake_args=None, cmake_clean_cache=False, cmake_clean_first=False, cmake_force_configure=False, cmake_target=None, cmake_target_skip_unavailable=False, continue_on_error=False, event_handlers=None, executor='parallel', ignore_user_meta=False, install_base='install', log_base=None, log_level=None, main=<bound method BuildVerb.main of <colcon_core.verb.build.BuildVerb object at 0x7fa5886d8400>>, merge_install=False, metas=['./colcon.meta'], packages_above=None, packages_above_and_dependencies=None, packages_above_depth=None, packages_end=None, packages_ignore=None, packages_ignore_regex=None, packages_select=None, packages_select_build_failed=False, packages_select_by_dep=None, packages_select_regex=None, packages_select_test_failures=False, packages_skip=None, packages_skip_build_finished=False, packages_skip_by_dep=None, packages_skip_regex=None, packages_skip_test_passed=False, packages_skip_up_to=None, packages_start=None, packages_up_to=None, packages_up_to_regex=None, parallel_workers=12, paths=None, symlink_install=False, test_result_base=None, verb_extension=<colcon_core.verb.build.BuildVerb object at 0x7fa5886d8400>, verb_name='build', verb_parser=<colcon_defaults.argument_parser.defaults.DefaultArgumentsDecorator object at 0x7fa5886d8940>)
[0.203s] Level 1:colcon.colcon_core.package_discovery:discover_packages(colcon_meta) check parameters
[0.203s] Level 1:colcon.colcon_core.package_discovery:discover_packages(recursive) check parameters
[0.203s] Level 1:colcon.colcon_core.package_discovery:discover_packages(ignore) check parameters
[0.204s] Level 1:colcon.colcon_core.package_discovery:discover_packages(path) check parameters
[0.204s] Level 1:colcon.colcon_core.package_discovery:discover_packages(colcon_meta) discover
[0.204s] Level 1:colcon.colcon_core.package_discovery:discover_packages(recursive) discover
[0.204s] INFO:colcon.colcon_core.package_discovery:Crawling recursively for packages in '/home/temur/INS-GPS-ROS2'
[0.205s] Level 1:colcon.colcon_core.package_identification:_identify(.) by extensions ['ignore', 'ignore_ament_install']
[0.205s] Level 1:colcon.colcon_core.package_identification:_identify(.) by extension 'ignore'
[0.206s] Level 1:colcon.colcon_core.package_identification:_identify(.) by extension 'ignore_ament_install'
[0.206s] Level 1:colcon.colcon_core.package_identification:_identify(.) by extensions ['colcon_pkg']
[0.206s] Level 1:colcon.colcon_core.package_identification:_identify(.) by extension 'colcon_pkg'
[0.207s] Level 1:colcon.colcon_core.package_identification:_identify(.) by extensions ['colcon_meta']
[0.207s] Level 1:colcon.colcon_core.package_identification:_identify(.) by extension 'colcon_meta'
[0.207s] Level 1:colcon.colcon_core.package_identification:_identify(.) by extensions ['ros']
[0.207s] Level 1:colcon.colcon_core.package_identification:_identify(.) by extension 'ros'
[0.224s] Level 1:colcon.colcon_core.package_identification:_identify(.) by extensions ['cmake', 'python']
[0.224s] Level 1:colcon.colcon_core.package_identification:_identify(.) by extension 'cmake'
[0.224s] Level 1:colcon.colcon_core.package_identification:_identify(.) by extension 'python'
[0.224s] Level 1:colcon.colcon_core.package_identification:_identify(.) by extensions ['python_setup_py']
[0.225s] Level 1:colcon.colcon_core.package_identification:_identify(.) by extension 'python_setup_py'
[0.225s] Level 1:colcon.colcon_core.package_identification:_identify(Matlab_Analiz) by extensions ['ignore', 'ignore_ament_install']
[0.226s] Level 1:colcon.colcon_core.package_identification:_identify(Matlab_Analiz) by extension 'ignore'
[0.226s] Level 1:colcon.colcon_core.package_identification:_identify(Matlab_Analiz) by extension 'ignore_ament_install'
[0.226s] Level 1:colcon.colcon_core.package_identification:_identify(Matlab_Analiz) by extensions ['colcon_pkg']
[0.226s] Level 1:colcon.colcon_core.package_identification:_identify(Matlab_Analiz) by extension 'colcon_pkg'
[0.227s] Level 1:colcon.colcon_core.package_identification:_identify(Matlab_Analiz) by extensions ['colcon_meta']
[0.227s] Level 1:colcon.colcon_core.package_identification:_identify(Matlab_Analiz) by extension 'colcon_meta'
[0.227s] Level 1:colcon.colcon_core.package_identification:_identify(Matlab_Analiz) by extensions ['ros']
[0.227s] Level 1:colcon.colcon_core.package_identification:_identify(Matlab_Analiz) by extension 'ros'
[0.228s] Level 1:colcon.colcon_core.package_identification:_identify(Matlab_Analiz) by extensions ['cmake', 'python']
[0.228s] Level 1:colcon.colcon_core.package_identification:_identify(Matlab_Analiz) by extension 'cmake'
[0.228s] Level 1:colcon.colcon_core.package_identification:_identify(Matlab_Analiz) by extension 'python'
[0.228s] Level 1:colcon.colcon_core.package_identification:_identify(Matlab_Analiz) by extensions ['python_setup_py']
[0.228s] Level 1:colcon.colcon_core.package_identification:_identify(Matlab_Analiz) by extension 'python_setup_py'
[0.229s] Level 1:colcon.colcon_core.package_identification:_identify(Matlab_Analiz/custom_messages) by extensions ['ignore', 'ignore_ament_install']
[0.229s] Level 1:colcon.colcon_core.package_identification:_identify(Matlab_Analiz/custom_messages) by extension 'ignore'
[0.229s] Level 1:colcon.colcon_core.package_identification:_identify(Matlab_Analiz/custom_messages) by extension 'ignore_ament_install'
[0.229s] Level 1:colcon.colcon_core.package_identification:_identify(Matlab_Analiz/custom_messages) by extensions ['colcon_pkg']
[0.229s] Level 1:colcon.colcon_core.package_identification:_identify(Matlab_Analiz/custom_messages) by extension 'colcon_pkg'
[0.230s] Level 1:colcon.colcon_core.package_identification:_identify(Matlab_Analiz/custom_messages) by extensions ['colcon_meta']
[0.230s] Level 1:colcon.colcon_core.package_identification:_identify(Matlab_Analiz/custom_messages) by extension 'colcon_meta'
[0.230s] Level 1:colcon.colcon_core.package_identification:_identify(Matlab_Analiz/custom_messages) by extensions ['ros']
[0.230s] Level 1:colcon.colcon_core.package_identification:_identify(Matlab_Analiz/custom_messages) by extension 'ros'
[0.231s] Level 1:colcon.colcon_core.package_identification:_identify(Matlab_Analiz/custom_messages) by extensions ['cmake', 'python']
[0.231s] Level 1:colcon.colcon_core.package_identification:_identify(Matlab_Analiz/custom_messages) by extension 'cmake'
[0.231s] Level 1:colcon.colcon_core.package_identification:_identify(Matlab_Analiz/custom_messages) by extension 'python'
[0.231s] Level 1:colcon.colcon_core.package_identification:_identify(Matlab_Analiz/custom_messages) by extensions ['python_setup_py']
[0.231s] Level 1:colcon.colcon_core.package_identification:_identify(Matlab_Analiz/custom_messages) by extension 'python_setup_py'
[0.232s] Level 1:colcon.colcon_core.package_identification:_identify(Matlab_Analiz/custom_messages/mgs_1) by extensions ['ignore', 'ignore_ament_install']
[0.232s] Level 1:colcon.colcon_core.package_identification:_identify(Matlab_Analiz/custom_messages/mgs_1) by extension 'ignore'
[0.232s] Level 1:colcon.colcon_core.package_identification:_identify(Matlab_Analiz/custom_messages/mgs_1) by extension 'ignore_ament_install'
[0.233s] Level 1:colcon.colcon_core.package_identification:_identify(Matlab_Analiz/custom_messages/mgs_1) by extensions ['colcon_pkg']
[0.233s] Level 1:colcon.colcon_core.package_identification:_identify(Matlab_Analiz/custom_messages/mgs_1) by extension 'colcon_pkg'
[0.233s] Level 1:colcon.colcon_core.package_identification:_identify(Matlab_Analiz/custom_messages/mgs_1) by extensions ['colcon_meta']
[0.233s] Level 1:colcon.colcon_core.package_identification:_identify(Matlab_Analiz/custom_messages/mgs_1) by extension 'colcon_meta'
[0.233s] Level 1:colcon.colcon_core.package_identification:_identify(Matlab_Analiz/custom_messages/mgs_1) by extensions ['ros']
[0.233s] Level 1:colcon.colcon_core.package_identification:_identify(Matlab_Analiz/custom_messages/mgs_1) by extension 'ros'
[0.233s] Level 1:colcon.colcon_core.package_identification:_identify(Matlab_Analiz/custom_messages/mgs_1) by extensions ['cmake', 'python']
[0.233s] Level 1:colcon.colcon_core.package_identification:_identify(Matlab_Analiz/custom_messages/mgs_1) by extension 'cmake'
[0.233s] Level 1:colcon.colcon_core.package_identification:_identify(Matlab_Analiz/custom_messages/mgs_1) by extension 'python'
[0.233s] Level 1:colcon.colcon_core.package_identification:_identify(Matlab_Analiz/custom_messages/mgs_1) by extensions ['python_setup_py']
[0.234s] Level 1:colcon.colcon_core.package_identification:_identify(Matlab_Analiz/custom_messages/mgs_1) by extension 'python_setup_py'
[0.234s] Level 1:colcon.colcon_core.package_identification:_identify(Matlab_Analiz/custom_messages/mgs_1/msg) by extensions ['ignore', 'ignore_ament_install']
[0.234s] Level 1:colcon.colcon_core.package_identification:_identify(Matlab_Analiz/custom_messages/mgs_1/msg) by extension 'ignore'
[0.235s] Level 1:colcon.colcon_core.package_identification:_identify(Matlab_Analiz/custom_messages/mgs_1/msg) by extension 'ignore_ament_install'
[0.235s] Level 1:colcon.colcon_core.package_identification:_identify(Matlab_Analiz/custom_messages/mgs_1/msg) by extensions ['colcon_pkg']
[0.235s] Level 1:colcon.colcon_core.package_identification:_identify(Matlab_Analiz/custom_messages/mgs_1/msg) by extension 'colcon_pkg'
[0.236s] Level 1:colcon.colcon_core.package_identification:_identify(Matlab_Analiz/custom_messages/mgs_1/msg) by extensions ['colcon_meta']
[0.236s] Level 1:colcon.colcon_core.package_identification:_identify(Matlab_Analiz/custom_messages/mgs_1/msg) by extension 'colcon_meta'
[0.236s] Level 1:colcon.colcon_core.package_identification:_identify(Matlab_Analiz/custom_messages/mgs_1/msg) by extensions ['ros']
[0.236s] Level 1:colcon.colcon_core.package_identification:_identify(Matlab_Analiz/custom_messages/mgs_1/msg) by extension 'ros'
[0.237s] Level 1:colcon.colcon_core.package_identification:_identify(Matlab_Analiz/custom_messages/mgs_1/msg) by extensions ['cmake', 'python']
[0.237s] Level 1:colcon.colcon_core.package_identification:_identify(Matlab_Analiz/custom_messages/mgs_1/msg) by extension 'cmake'
[0.237s] Level 1:colcon.colcon_core.package_identification:_identify(Matlab_Analiz/custom_messages/mgs_1/msg) by extension 'python'
[0.237s] Level 1:colcon.colcon_core.package_identification:_identify(Matlab_Analiz/custom_messages/mgs_1/msg) by extensions ['python_setup_py']
[0.237s] Level 1:colcon.colcon_core.package_identification:_identify(Matlab_Analiz/custom_messages/mgs_1/msg) by extension 'python_setup_py'
[0.237s] Level 1:colcon.colcon_core.package_identification:_identify(Matlab_Analiz/custom_messages/msg_10) by extensions ['ignore', 'ignore_ament_install']
[0.237s] Level 1:colcon.colcon_core.package_identification:_identify(Matlab_Analiz/custom_messages/msg_10) by extension 'ignore'
[0.238s] Level 1:colcon.colcon_core.package_identification:_identify(Matlab_Analiz/custom_messages/msg_10) by extension 'ignore_ament_install'
[0.238s] Level 1:colcon.colcon_core.package_identification:_identify(Matlab_Analiz/custom_messages/msg_10) by extensions ['colcon_pkg']
[0.238s] Level 1:colcon.colcon_core.package_identification:_identify(Matlab_Analiz/custom_messages/msg_10) by extension 'colcon_pkg'
[0.238s] Level 1:colcon.colcon_core.package_identification:_identify(Matlab_Analiz/custom_messages/msg_10) by extensions ['colcon_meta']
[0.238s] Level 1:colcon.colcon_core.package_identification:_identify(Matlab_Analiz/custom_messages/msg_10) by extension 'colcon_meta'
[0.238s] Level 1:colcon.colcon_core.package_identification:_identify(Matlab_Analiz/custom_messages/msg_10) by extensions ['ros']
[0.238s] Level 1:colcon.colcon_core.package_identification:_identify(Matlab_Analiz/custom_messages/msg_10) by extension 'ros'
[0.239s] Level 1:colcon.colcon_core.package_identification:_identify(Matlab_Analiz/custom_messages/msg_10) by extensions ['cmake', 'python']
[0.239s] Level 1:colcon.colcon_core.package_identification:_identify(Matlab_Analiz/custom_messages/msg_10) by extension 'cmake'
[0.239s] Level 1:colcon.colcon_core.package_identification:_identify(Matlab_Analiz/custom_messages/msg_10) by extension 'python'
[0.239s] Level 1:colcon.colcon_core.package_identification:_identify(Matlab_Analiz/custom_messages/msg_10) by extensions ['python_setup_py']
[0.239s] Level 1:colcon.colcon_core.package_identification:_identify(Matlab_Analiz/custom_messages/msg_10) by extension 'python_setup_py'
[0.240s] Level 1:colcon.colcon_core.package_identification:_identify(Matlab_Analiz/custom_messages/msg_10/msg) by extensions ['ignore', 'ignore_ament_install']
[0.240s] Level 1:colcon.colcon_core.package_identification:_identify(Matlab_Analiz/custom_messages/msg_10/msg) by extension 'ignore'
[0.240s] Level 1:colcon.colcon_core.package_identification:_identify(Matlab_Analiz/custom_messages/msg_10/msg) by extension 'ignore_ament_install'
[0.240s] Level 1:colcon.colcon_core.package_identification:_identify(Matlab_Analiz/custom_messages/msg_10/msg) by extensions ['colcon_pkg']
[0.240s] Level 1:colcon.colcon_core.package_identification:_identify(Matlab_Analiz/custom_messages/msg_10/msg) by extension 'colcon_pkg'
[0.241s] Level 1:colcon.colcon_core.package_identification:_identify(Matlab_Analiz/custom_messages/msg_10/msg) by extensions ['colcon_meta']
[0.241s] Level 1:colcon.colcon_core.package_identification:_identify(Matlab_Analiz/custom_messages/msg_10/msg) by extension 'colcon_meta'
[0.241s] Level 1:colcon.colcon_core.package_identification:_identify(Matlab_Analiz/custom_messages/msg_10/msg) by extensions ['ros']
[0.241s] Level 1:colcon.colcon_core.package_identification:_identify(Matlab_Analiz/custom_messages/msg_10/msg) by extension 'ros'
[0.241s] Level 1:colcon.colcon_core.package_identification:_identify(Matlab_Analiz/custom_messages/msg_10/msg) by extensions ['cmake', 'python']
[0.241s] Level 1:colcon.colcon_core.package_identification:_identify(Matlab_Analiz/custom_messages/msg_10/msg) by extension 'cmake'
[0.241s] Level 1:colcon.colcon_core.package_identification:_identify(Matlab_Analiz/custom_messages/msg_10/msg) by extension 'python'
[0.241s] Level 1:colcon.colcon_core.package_identification:_identify(Matlab_Analiz/custom_messages/msg_10/msg) by extensions ['python_setup_py']
[0.241s] Level 1:colcon.colcon_core.package_identification:_identify(Matlab_Analiz/custom_messages/msg_10/msg) by extension 'python_setup_py'
[0.241s] Level 1:colcon.colcon_core.package_identification:_identify(Matlab_Analiz/custom_messages/msg_2) by extensions ['ignore', 'ignore_ament_install']
[0.242s] Level 1:colcon.colcon_core.package_identification:_identify(Matlab_Analiz/custom_messages/msg_2) by extension 'ignore'
[0.242s] Level 1:colcon.colcon_core.package_identification:_identify(Matlab_Analiz/custom_messages/msg_2) by extension 'ignore_ament_install'
[0.242s] Level 1:colcon.colcon_core.package_identification:_identify(Matlab_Analiz/custom_messages/msg_2) by extensions ['colcon_pkg']
[0.242s] Level 1:colcon.colcon_core.package_identification:_identify(Matlab_Analiz/custom_messages/msg_2) by extension 'colcon_pkg'
[0.242s] Level 1:colcon.colcon_core.package_identification:_identify(Matlab_Analiz/custom_messages/msg_2) by extensions ['colcon_meta']
[0.242s] Level 1:colcon.colcon_core.package_identification:_identify(Matlab_Analiz/custom_messages/msg_2) by extension 'colcon_meta'
[0.242s] Level 1:colcon.colcon_core.package_identification:_identify(Matlab_Analiz/custom_messages/msg_2) by extensions ['ros']
[0.242s] Level 1:colcon.colcon_core.package_identification:_identify(Matlab_Analiz/custom_messages/msg_2) by extension 'ros'
[0.242s] Level 1:colcon.colcon_core.package_identification:_identify(Matlab_Analiz/custom_messages/msg_2) by extensions ['cmake', 'python']
[0.242s] Level 1:colcon.colcon_core.package_identification:_identify(Matlab_Analiz/custom_messages/msg_2) by extension 'cmake'
[0.242s] Level 1:colcon.colcon_core.package_identification:_identify(Matlab_Analiz/custom_messages/msg_2) by extension 'python'
[0.242s] Level 1:colcon.colcon_core.package_identification:_identify(Matlab_Analiz/custom_messages/msg_2) by extensions ['python_setup_py']
[0.242s] Level 1:colcon.colcon_core.package_identification:_identify(Matlab_Analiz/custom_messages/msg_2) by extension 'python_setup_py'
[0.243s] Level 1:colcon.colcon_core.package_identification:_identify(Matlab_Analiz/custom_messages/msg_2/msg) by extensions ['ignore', 'ignore_ament_install']
[0.243s] Level 1:colcon.colcon_core.package_identification:_identify(Matlab_Analiz/custom_messages/msg_2/msg) by extension 'ignore'
[0.243s] Level 1:colcon.colcon_core.package_identification:_identify(Matlab_Analiz/custom_messages/msg_2/msg) by extension 'ignore_ament_install'
[0.243s] Level 1:colcon.colcon_core.package_identification:_identify(Matlab_Analiz/custom_messages/msg_2/msg) by extensions ['colcon_pkg']
[0.243s] Level 1:colcon.colcon_core.package_identification:_identify(Matlab_Analiz/custom_messages/msg_2/msg) by extension 'colcon_pkg'
[0.243s] Level 1:colcon.colcon_core.package_identification:_identify(Matlab_Analiz/custom_messages/msg_2/msg) by extensions ['colcon_meta']
[0.243s] Level 1:colcon.colcon_core.package_identification:_identify(Matlab_Analiz/custom_messages/msg_2/msg) by extension 'colcon_meta'
[0.243s] Level 1:colcon.colcon_core.package_identification:_identify(Matlab_Analiz/custom_messages/msg_2/msg) by extensions ['ros']
[0.243s] Level 1:colcon.colcon_core.package_identification:_identify(Matlab_Analiz/custom_messages/msg_2/msg) by extension 'ros'
[0.243s] Level 1:colcon.colcon_core.package_identification:_identify(Matlab_Analiz/custom_messages/msg_2/msg) by extensions ['cmake', 'python']
[0.243s] Level 1:colcon.colcon_core.package_identification:_identify(Matlab_Analiz/custom_messages/msg_2/msg) by extension 'cmake'
[0.243s] Level 1:colcon.colcon_core.package_identification:_identify(Matlab_Analiz/custom_messages/msg_2/msg) by extension 'python'
[0.243s] Level 1:colcon.colcon_core.package_identification:_identify(Matlab_Analiz/custom_messages/msg_2/msg) by extensions ['python_setup_py']
[0.244s] Level 1:colcon.colcon_core.package_identification:_identify(Matlab_Analiz/custom_messages/msg_2/msg) by extension 'python_setup_py'
[0.244s] Level 1:colcon.colcon_core.package_identification:_identify(Matlab_Analiz/custom_messages/msg_3) by extensions ['ignore', 'ignore_ament_install']
[0.244s] Level 1:colcon.colcon_core.package_identification:_identify(Matlab_Analiz/custom_messages/msg_3) by extension 'ignore'
[0.244s] Level 1:colcon.colcon_core.package_identification:_identify(Matlab_Analiz/custom_messages/msg_3) by extension 'ignore_ament_install'
[0.244s] Level 1:colcon.colcon_core.package_identification:_identify(Matlab_Analiz/custom_messages/msg_3) by extensions ['colcon_pkg']
[0.244s] Level 1:colcon.colcon_core.package_identification:_identify(Matlab_Analiz/custom_messages/msg_3) by extension 'colcon_pkg'
[0.244s] Level 1:colcon.colcon_core.package_identification:_identify(Matlab_Analiz/custom_messages/msg_3) by extensions ['colcon_meta']
[0.244s] Level 1:colcon.colcon_core.package_identification:_identify(Matlab_Analiz/custom_messages/msg_3) by extension 'colcon_meta'
[0.244s] Level 1:colcon.colcon_core.package_identification:_identify(Matlab_Analiz/custom_messages/msg_3) by extensions ['ros']
[0.244s] Level 1:colcon.colcon_core.package_identification:_identify(Matlab_Analiz/custom_messages/msg_3) by extension 'ros'
[0.244s] Level 1:colcon.colcon_core.package_identification:_identify(Matlab_Analiz/custom_messages/msg_3) by extensions ['cmake', 'python']
[0.244s] Level 1:colcon.colcon_core.package_identification:_identify(Matlab_Analiz/custom_messages/msg_3) by extension 'cmake'
[0.244s] Level 1:colcon.colcon_core.package_identification:_identify(Matlab_Analiz/custom_messages/msg_3) by extension 'python'
[0.244s] Level 1:colcon.colcon_core.package_identification:_identify(Matlab_Analiz/custom_messages/msg_3) by extensions ['python_setup_py']
[0.245s] Level 1:colcon.colcon_core.package_identification:_identify(Matlab_Analiz/custom_messages/msg_3) by extension 'python_setup_py'
[0.245s] Level 1:colcon.colcon_core.package_identification:_identify(Matlab_Analiz/custom_messages/msg_3/msg) by extensions ['ignore', 'ignore_ament_install']
[0.245s] Level 1:colcon.colcon_core.package_identification:_identify(Matlab_Analiz/custom_messages/msg_3/msg) by extension 'ignore'
[0.245s] Level 1:colcon.colcon_core.package_identification:_identify(Matlab_Analiz/custom_messages/msg_3/msg) by extension 'ignore_ament_install'
[0.245s] Level 1:colcon.colcon_core.package_identification:_identify(Matlab_Analiz/custom_messages/msg_3/msg) by extensions ['colcon_pkg']
[0.245s] Level 1:colcon.colcon_core.package_identification:_identify(Matlab_Analiz/custom_messages/msg_3/msg) by extension 'colcon_pkg'
[0.245s] Level 1:colcon.colcon_core.package_identification:_identify(Matlab_Analiz/custom_messages/msg_3/msg) by extensions ['colcon_meta']
[0.245s] Level 1:colcon.colcon_core.package_identification:_identify(Matlab_Analiz/custom_messages/msg_3/msg) by extension 'colcon_meta'
[0.245s] Level 1:colcon.colcon_core.package_identification:_identify(Matlab_Analiz/custom_messages/msg_3/msg) by extensions ['ros']
[0.245s] Level 1:colcon.colcon_core.package_identification:_identify(Matlab_Analiz/custom_messages/msg_3/msg) by extension 'ros'
[0.246s] Level 1:colcon.colcon_core.package_identification:_identify(Matlab_Analiz/custom_messages/msg_3/msg) by extensions ['cmake', 'python']
[0.246s] Level 1:colcon.colcon_core.package_identification:_identify(Matlab_Analiz/custom_messages/msg_3/msg) by extension 'cmake'
[0.246s] Level 1:colcon.colcon_core.package_identification:_identify(Matlab_Analiz/custom_messages/msg_3/msg) by extension 'python'
[0.246s] Level 1:colcon.colcon_core.package_identification:_identify(Matlab_Analiz/custom_messages/msg_3/msg) by extensions ['python_setup_py']
[0.246s] Level 1:colcon.colcon_core.package_identification:_identify(Matlab_Analiz/custom_messages/msg_3/msg) by extension 'python_setup_py'
[0.246s] Level 1:colcon.colcon_core.package_identification:_identify(Matlab_Analiz/custom_messages/msg_4) by extensions ['ignore', 'ignore_ament_install']
[0.246s] Level 1:colcon.colcon_core.package_identification:_identify(Matlab_Analiz/custom_messages/msg_4) by extension 'ignore'
[0.246s] Level 1:colcon.colcon_core.package_identification:_identify(Matlab_Analiz/custom_messages/msg_4) by extension 'ignore_ament_install'
[0.246s] Level 1:colcon.colcon_core.package_identification:_identify(Matlab_Analiz/custom_messages/msg_4) by extensions ['colcon_pkg']
[0.246s] Level 1:colcon.colcon_core.package_identification:_identify(Matlab_Analiz/custom_messages/msg_4) by extension 'colcon_pkg'
[0.246s] Level 1:colcon.colcon_core.package_identification:_identify(Matlab_Analiz/custom_messages/msg_4) by extensions ['colcon_meta']
[0.246s] Level 1:colcon.colcon_core.package_identification:_identify(Matlab_Analiz/custom_messages/msg_4) by extension 'colcon_meta'
[0.247s] Level 1:colcon.colcon_core.package_identification:_identify(Matlab_Analiz/custom_messages/msg_4) by extensions ['ros']
[0.247s] Level 1:colcon.colcon_core.package_identification:_identify(Matlab_Analiz/custom_messages/msg_4) by extension 'ros'
[0.247s] Level 1:colcon.colcon_core.package_identification:_identify(Matlab_Analiz/custom_messages/msg_4) by extensions ['cmake', 'python']
[0.247s] Level 1:colcon.colcon_core.package_identification:_identify(Matlab_Analiz/custom_messages/msg_4) by extension 'cmake'
[0.247s] Level 1:colcon.colcon_core.package_identification:_identify(Matlab_Analiz/custom_messages/msg_4) by extension 'python'
[0.247s] Level 1:colcon.colcon_core.package_identification:_identify(Matlab_Analiz/custom_messages/msg_4) by extensions ['python_setup_py']
[0.247s] Level 1:colcon.colcon_core.package_identification:_identify(Matlab_Analiz/custom_messages/msg_4) by extension 'python_setup_py'
[0.247s] Level 1:colcon.colcon_core.package_identification:_identify(Matlab_Analiz/custom_messages/msg_4/msg) by extensions ['ignore', 'ignore_ament_install']
[0.247s] Level 1:colcon.colcon_core.package_identification:_identify(Matlab_Analiz/custom_messages/msg_4/msg) by extension 'ignore'
[0.247s] Level 1:colcon.colcon_core.package_identification:_identify(Matlab_Analiz/custom_messages/msg_4/msg) by extension 'ignore_ament_install'
[0.247s] Level 1:colcon.colcon_core.package_identification:_identify(Matlab_Analiz/custom_messages/msg_4/msg) by extensions ['colcon_pkg']
[0.247s] Level 1:colcon.colcon_core.package_identification:_identify(Matlab_Analiz/custom_messages/msg_4/msg) by extension 'colcon_pkg'
[0.247s] Level 1:colcon.colcon_core.package_identification:_identify(Matlab_Analiz/custom_messages/msg_4/msg) by extensions ['colcon_meta']
[0.248s] Level 1:colcon.colcon_core.package_identification:_identify(Matlab_Analiz/custom_messages/msg_4/msg) by extension 'colcon_meta'
[0.248s] Level 1:colcon.colcon_core.package_identification:_identify(Matlab_Analiz/custom_messages/msg_4/msg) by extensions ['ros']
[0.248s] Level 1:colcon.colcon_core.package_identification:_identify(Matlab_Analiz/custom_messages/msg_4/msg) by extension 'ros'
[0.248s] Level 1:colcon.colcon_core.package_identification:_identify(Matlab_Analiz/custom_messages/msg_4/msg) by extensions ['cmake', 'python']
[0.248s] Level 1:colcon.colcon_core.package_identification:_identify(Matlab_Analiz/custom_messages/msg_4/msg) by extension 'cmake'
[0.248s] Level 1:colcon.colcon_core.package_identification:_identify(Matlab_Analiz/custom_messages/msg_4/msg) by extension 'python'
[0.248s] Level 1:colcon.colcon_core.package_identification:_identify(Matlab_Analiz/custom_messages/msg_4/msg) by extensions ['python_setup_py']
[0.248s] Level 1:colcon.colcon_core.package_identification:_identify(Matlab_Analiz/custom_messages/msg_4/msg) by extension 'python_setup_py'
[0.248s] Level 1:colcon.colcon_core.package_identification:_identify(Matlab_Analiz/custom_messages/msg_5) by extensions ['ignore', 'ignore_ament_install']
[0.248s] Level 1:colcon.colcon_core.package_identification:_identify(Matlab_Analiz/custom_messages/msg_5) by extension 'ignore'
[0.248s] Level 1:colcon.colcon_core.package_identification:_identify(Matlab_Analiz/custom_messages/msg_5) by extension 'ignore_ament_install'
[0.248s] Level 1:colcon.colcon_core.package_identification:_identify(Matlab_Analiz/custom_messages/msg_5) by extensions ['colcon_pkg']
[0.248s] Level 1:colcon.colcon_core.package_identification:_identify(Matlab_Analiz/custom_messages/msg_5) by extension 'colcon_pkg'
[0.248s] Level 1:colcon.colcon_core.package_identification:_identify(Matlab_Analiz/custom_messages/msg_5) by extensions ['colcon_meta']
[0.249s] Level 1:colcon.colcon_core.package_identification:_identify(Matlab_Analiz/custom_messages/msg_5) by extension 'colcon_meta'
[0.249s] Level 1:colcon.colcon_core.package_identification:_identify(Matlab_Analiz/custom_messages/msg_5) by extensions ['ros']
[0.249s] Level 1:colcon.colcon_core.package_identification:_identify(Matlab_Analiz/custom_messages/msg_5) by extension 'ros'
[0.249s] Level 1:colcon.colcon_core.package_identification:_identify(Matlab_Analiz/custom_messages/msg_5) by extensions ['cmake', 'python']
[0.249s] Level 1:colcon.colcon_core.package_identification:_identify(Matlab_Analiz/custom_messages/msg_5) by extension 'cmake'
[0.249s] Level 1:colcon.colcon_core.package_identification:_identify(Matlab_Analiz/custom_messages/msg_5) by extension 'python'
[0.249s] Level 1:colcon.colcon_core.package_identification:_identify(Matlab_Analiz/custom_messages/msg_5) by extensions ['python_setup_py']
[0.249s] Level 1:colcon.colcon_core.package_identification:_identify(Matlab_Analiz/custom_messages/msg_5) by extension 'python_setup_py'
[0.249s] Level 1:colcon.colcon_core.package_identification:_identify(Matlab_Analiz/custom_messages/msg_5/msg) by extensions ['ignore', 'ignore_ament_install']
[0.249s] Level 1:colcon.colcon_core.package_identification:_identify(Matlab_Analiz/custom_messages/msg_5/msg) by extension 'ignore'
[0.250s] Level 1:colcon.colcon_core.package_identification:_identify(Matlab_Analiz/custom_messages/msg_5/msg) by extension 'ignore_ament_install'
[0.250s] Level 1:colcon.colcon_core.package_identification:_identify(Matlab_Analiz/custom_messages/msg_5/msg) by extensions ['colcon_pkg']
[0.250s] Level 1:colcon.colcon_core.package_identification:_identify(Matlab_Analiz/custom_messages/msg_5/msg) by extension 'colcon_pkg'
[0.250s] Level 1:colcon.colcon_core.package_identification:_identify(Matlab_Analiz/custom_messages/msg_5/msg) by extensions ['colcon_meta']
[0.250s] Level 1:colcon.colcon_core.package_identification:_identify(Matlab_Analiz/custom_messages/msg_5/msg) by extension 'colcon_meta'
[0.250s] Level 1:colcon.colcon_core.package_identification:_identify(Matlab_Analiz/custom_messages/msg_5/msg) by extensions ['ros']
[0.251s] Level 1:colcon.colcon_core.package_identification:_identify(Matlab_Analiz/custom_messages/msg_5/msg) by extension 'ros'
[0.251s] Level 1:colcon.colcon_core.package_identification:_identify(Matlab_Analiz/custom_messages/msg_5/msg) by extensions ['cmake', 'python']
[0.251s] Level 1:colcon.colcon_core.package_identification:_identify(Matlab_Analiz/custom_messages/msg_5/msg) by extension 'cmake'
[0.251s] Level 1:colcon.colcon_core.package_identification:_identify(Matlab_Analiz/custom_messages/msg_5/msg) by extension 'python'
[0.251s] Level 1:colcon.colcon_core.package_identification:_identify(Matlab_Analiz/custom_messages/msg_5/msg) by extensions ['python_setup_py']
[0.251s] Level 1:colcon.colcon_core.package_identification:_identify(Matlab_Analiz/custom_messages/msg_5/msg) by extension 'python_setup_py'
[0.251s] Level 1:colcon.colcon_core.package_identification:_identify(Matlab_Analiz/custom_messages/msg_6) by extensions ['ignore', 'ignore_ament_install']
[0.251s] Level 1:colcon.colcon_core.package_identification:_identify(Matlab_Analiz/custom_messages/msg_6) by extension 'ignore'
[0.251s] Level 1:colcon.colcon_core.package_identification:_identify(Matlab_Analiz/custom_messages/msg_6) by extension 'ignore_ament_install'
[0.252s] Level 1:colcon.colcon_core.package_identification:_identify(Matlab_Analiz/custom_messages/msg_6) by extensions ['colcon_pkg']
[0.252s] Level 1:colcon.colcon_core.package_identification:_identify(Matlab_Analiz/custom_messages/msg_6) by extension 'colcon_pkg'
[0.252s] Level 1:colcon.colcon_core.package_identification:_identify(Matlab_Analiz/custom_messages/msg_6) by extensions ['colcon_meta']
[0.252s] Level 1:colcon.colcon_core.package_identification:_identify(Matlab_Analiz/custom_messages/msg_6) by extension 'colcon_meta'
[0.252s] Level 1:colcon.colcon_core.package_identification:_identify(Matlab_Analiz/custom_messages/msg_6) by extensions ['ros']
[0.252s] Level 1:colcon.colcon_core.package_identification:_identify(Matlab_Analiz/custom_messages/msg_6) by extension 'ros'
[0.252s] Level 1:colcon.colcon_core.package_identification:_identify(Matlab_Analiz/custom_messages/msg_6) by extensions ['cmake', 'python']
[0.252s] Level 1:colcon.colcon_core.package_identification:_identify(Matlab_Analiz/custom_messages/msg_6) by extension 'cmake'
[0.252s] Level 1:colcon.colcon_core.package_identification:_identify(Matlab_Analiz/custom_messages/msg_6) by extension 'python'
[0.252s] Level 1:colcon.colcon_core.package_identification:_identify(Matlab_Analiz/custom_messages/msg_6) by extensions ['python_setup_py']
[0.252s] Level 1:colcon.colcon_core.package_identification:_identify(Matlab_Analiz/custom_messages/msg_6) by extension 'python_setup_py'
[0.252s] Level 1:colcon.colcon_core.package_identification:_identify(Matlab_Analiz/custom_messages/msg_6/msg) by extensions ['ignore', 'ignore_ament_install']
[0.252s] Level 1:colcon.colcon_core.package_identification:_identify(Matlab_Analiz/custom_messages/msg_6/msg) by extension 'ignore'
[0.253s] Level 1:colcon.colcon_core.package_identification:_identify(Matlab_Analiz/custom_messages/msg_6/msg) by extension 'ignore_ament_install'
[0.253s] Level 1:colcon.colcon_core.package_identification:_identify(Matlab_Analiz/custom_messages/msg_6/msg) by extensions ['colcon_pkg']
[0.253s] Level 1:colcon.colcon_core.package_identification:_identify(Matlab_Analiz/custom_messages/msg_6/msg) by extension 'colcon_pkg'
[0.253s] Level 1:colcon.colcon_core.package_identification:_identify(Matlab_Analiz/custom_messages/msg_6/msg) by extensions ['colcon_meta']
[0.253s] Level 1:colcon.colcon_core.package_identification:_identify(Matlab_Analiz/custom_messages/msg_6/msg) by extension 'colcon_meta'
[0.253s] Level 1:colcon.colcon_core.package_identification:_identify(Matlab_Analiz/custom_messages/msg_6/msg) by extensions ['ros']
[0.253s] Level 1:colcon.colcon_core.package_identification:_identify(Matlab_Analiz/custom_messages/msg_6/msg) by extension 'ros'
[0.253s] Level 1:colcon.colcon_core.package_identification:_identify(Matlab_Analiz/custom_messages/msg_6/msg) by extensions ['cmake', 'python']
[0.253s] Level 1:colcon.colcon_core.package_identification:_identify(Matlab_Analiz/custom_messages/msg_6/msg) by extension 'cmake'
[0.253s] Level 1:colcon.colcon_core.package_identification:_identify(Matlab_Analiz/custom_messages/msg_6/msg) by extension 'python'
[0.254s] Level 1:colcon.colcon_core.package_identification:_identify(Matlab_Analiz/custom_messages/msg_6/msg) by extensions ['python_setup_py']
[0.254s] Level 1:colcon.colcon_core.package_identification:_identify(Matlab_Analiz/custom_messages/msg_6/msg) by extension 'python_setup_py'
[0.254s] Level 1:colcon.colcon_core.package_identification:_identify(Matlab_Analiz/custom_messages/msg_7) by extensions ['ignore', 'ignore_ament_install']
[0.255s] Level 1:colcon.colcon_core.package_identification:_identify(Matlab_Analiz/custom_messages/msg_7) by extension 'ignore'
[0.255s] Level 1:colcon.colcon_core.package_identification:_identify(Matlab_Analiz/custom_messages/msg_7) by extension 'ignore_ament_install'
[0.255s] Level 1:colcon.colcon_core.package_identification:_identify(Matlab_Analiz/custom_messages/msg_7) by extensions ['colcon_pkg']
[0.255s] Level 1:colcon.colcon_core.package_identification:_identify(Matlab_Analiz/custom_messages/msg_7) by extension 'colcon_pkg'
[0.255s] Level 1:colcon.colcon_core.package_identification:_identify(Matlab_Analiz/custom_messages/msg_7) by extensions ['colcon_meta']
[0.255s] Level 1:colcon.colcon_core.package_identification:_identify(Matlab_Analiz/custom_messages/msg_7) by extension 'colcon_meta'
[0.255s] Level 1:colcon.colcon_core.package_identification:_identify(Matlab_Analiz/custom_messages/msg_7) by extensions ['ros']
[0.255s] Level 1:colcon.colcon_core.package_identification:_identify(Matlab_Analiz/custom_messages/msg_7) by extension 'ros'
[0.255s] Level 1:colcon.colcon_core.package_identification:_identify(Matlab_Analiz/custom_messages/msg_7) by extensions ['cmake', 'python']
[0.255s] Level 1:colcon.colcon_core.package_identification:_identify(Matlab_Analiz/custom_messages/msg_7) by extension 'cmake'
[0.255s] Level 1:colcon.colcon_core.package_identification:_identify(Matlab_Analiz/custom_messages/msg_7) by extension 'python'
[0.255s] Level 1:colcon.colcon_core.package_identification:_identify(Matlab_Analiz/custom_messages/msg_7) by extensions ['python_setup_py']
[0.255s] Level 1:colcon.colcon_core.package_identification:_identify(Matlab_Analiz/custom_messages/msg_7) by extension 'python_setup_py'
[0.256s] Level 1:colcon.colcon_core.package_identification:_identify(Matlab_Analiz/custom_messages/msg_7/msg) by extensions ['ignore', 'ignore_ament_install']
[0.256s] Level 1:colcon.colcon_core.package_identification:_identify(Matlab_Analiz/custom_messages/msg_7/msg) by extension 'ignore'
[0.256s] Level 1:colcon.colcon_core.package_identification:_identify(Matlab_Analiz/custom_messages/msg_7/msg) by extension 'ignore_ament_install'
[0.256s] Level 1:colcon.colcon_core.package_identification:_identify(Matlab_Analiz/custom_messages/msg_7/msg) by extensions ['colcon_pkg']
[0.256s] Level 1:colcon.colcon_core.package_identification:_identify(Matlab_Analiz/custom_messages/msg_7/msg) by extension 'colcon_pkg'
[0.256s] Level 1:colcon.colcon_core.package_identification:_identify(Matlab_Analiz/custom_messages/msg_7/msg) by extensions ['colcon_meta']
[0.256s] Level 1:colcon.colcon_core.package_identification:_identify(Matlab_Analiz/custom_messages/msg_7/msg) by extension 'colcon_meta'
[0.256s] Level 1:colcon.colcon_core.package_identification:_identify(Matlab_Analiz/custom_messages/msg_7/msg) by extensions ['ros']
[0.256s] Level 1:colcon.colcon_core.package_identification:_identify(Matlab_Analiz/custom_messages/msg_7/msg) by extension 'ros'
[0.256s] Level 1:colcon.colcon_core.package_identification:_identify(Matlab_Analiz/custom_messages/msg_7/msg) by extensions ['cmake', 'python']
[0.256s] Level 1:colcon.colcon_core.package_identification:_identify(Matlab_Analiz/custom_messages/msg_7/msg) by extension 'cmake'
[0.256s] Level 1:colcon.colcon_core.package_identification:_identify(Matlab_Analiz/custom_messages/msg_7/msg) by extension 'python'
[0.256s] Level 1:colcon.colcon_core.package_identification:_identify(Matlab_Analiz/custom_messages/msg_7/msg) by extensions ['python_setup_py']
[0.257s] Level 1:colcon.colcon_core.package_identification:_identify(Matlab_Analiz/custom_messages/msg_7/msg) by extension 'python_setup_py'
[0.257s] Level 1:colcon.colcon_core.package_identification:_identify(Matlab_Analiz/custom_messages/msg_8) by extensions ['ignore', 'ignore_ament_install']
[0.257s] Level 1:colcon.colcon_core.package_identification:_identify(Matlab_Analiz/custom_messages/msg_8) by extension 'ignore'
[0.257s] Level 1:colcon.colcon_core.package_identification:_identify(Matlab_Analiz/custom_messages/msg_8) by extension 'ignore_ament_install'
[0.257s] Level 1:colcon.colcon_core.package_identification:_identify(Matlab_Analiz/custom_messages/msg_8) by extensions ['colcon_pkg']
[0.257s] Level 1:colcon.colcon_core.package_identification:_identify(Matlab_Analiz/custom_messages/msg_8) by extension 'colcon_pkg'
[0.257s] Level 1:colcon.colcon_core.package_identification:_identify(Matlab_Analiz/custom_messages/msg_8) by extensions ['colcon_meta']
[0.257s] Level 1:colcon.colcon_core.package_identification:_identify(Matlab_Analiz/custom_messages/msg_8) by extension 'colcon_meta'
[0.257s] Level 1:colcon.colcon_core.package_identification:_identify(Matlab_Analiz/custom_messages/msg_8) by extensions ['ros']
[0.257s] Level 1:colcon.colcon_core.package_identification:_identify(Matlab_Analiz/custom_messages/msg_8) by extension 'ros'
[0.258s] Level 1:colcon.colcon_core.package_identification:_identify(Matlab_Analiz/custom_messages/msg_8) by extensions ['cmake', 'python']
[0.258s] Level 1:colcon.colcon_core.package_identification:_identify(Matlab_Analiz/custom_messages/msg_8) by extension 'cmake'
[0.258s] Level 1:colcon.colcon_core.package_identification:_identify(Matlab_Analiz/custom_messages/msg_8) by extension 'python'
[0.258s] Level 1:colcon.colcon_core.package_identification:_identify(Matlab_Analiz/custom_messages/msg_8) by extensions ['python_setup_py']
[0.258s] Level 1:colcon.colcon_core.package_identification:_identify(Matlab_Analiz/custom_messages/msg_8) by extension 'python_setup_py'
[0.258s] Level 1:colcon.colcon_core.package_identification:_identify(Matlab_Analiz/custom_messages/msg_8/msg) by extensions ['ignore', 'ignore_ament_install']
[0.258s] Level 1:colcon.colcon_core.package_identification:_identify(Matlab_Analiz/custom_messages/msg_8/msg) by extension 'ignore'
[0.258s] Level 1:colcon.colcon_core.package_identification:_identify(Matlab_Analiz/custom_messages/msg_8/msg) by extension 'ignore_ament_install'
[0.258s] Level 1:colcon.colcon_core.package_identification:_identify(Matlab_Analiz/custom_messages/msg_8/msg) by extensions ['colcon_pkg']
[0.258s] Level 1:colcon.colcon_core.package_identification:_identify(Matlab_Analiz/custom_messages/msg_8/msg) by extension 'colcon_pkg'
[0.258s] Level 1:colcon.colcon_core.package_identification:_identify(Matlab_Analiz/custom_messages/msg_8/msg) by extensions ['colcon_meta']
[0.259s] Level 1:colcon.colcon_core.package_identification:_identify(Matlab_Analiz/custom_messages/msg_8/msg) by extension 'colcon_meta'
[0.259s] Level 1:colcon.colcon_core.package_identification:_identify(Matlab_Analiz/custom_messages/msg_8/msg) by extensions ['ros']
[0.259s] Level 1:colcon.colcon_core.package_identification:_identify(Matlab_Analiz/custom_messages/msg_8/msg) by extension 'ros'
[0.259s] Level 1:colcon.colcon_core.package_identification:_identify(Matlab_Analiz/custom_messages/msg_8/msg) by extensions ['cmake', 'python']
[0.259s] Level 1:colcon.colcon_core.package_identification:_identify(Matlab_Analiz/custom_messages/msg_8/msg) by extension 'cmake'
[0.259s] Level 1:colcon.colcon_core.package_identification:_identify(Matlab_Analiz/custom_messages/msg_8/msg) by extension 'python'
[0.259s] Level 1:colcon.colcon_core.package_identification:_identify(Matlab_Analiz/custom_messages/msg_8/msg) by extensions ['python_setup_py']
[0.259s] Level 1:colcon.colcon_core.package_identification:_identify(Matlab_Analiz/custom_messages/msg_8/msg) by extension 'python_setup_py'
[0.259s] Level 1:colcon.colcon_core.package_identification:_identify(Matlab_Analiz/custom_messages/msg_9) by extensions ['ignore', 'ignore_ament_install']
[0.259s] Level 1:colcon.colcon_core.package_identification:_identify(Matlab_Analiz/custom_messages/msg_9) by extension 'ignore'
[0.259s] Level 1:colcon.colcon_core.package_identification:_identify(Matlab_Analiz/custom_messages/msg_9) by extension 'ignore_ament_install'
[0.259s] Level 1:colcon.colcon_core.package_identification:_identify(Matlab_Analiz/custom_messages/msg_9) by extensions ['colcon_pkg']
[0.259s] Level 1:colcon.colcon_core.package_identification:_identify(Matlab_Analiz/custom_messages/msg_9) by extension 'colcon_pkg'
[0.260s] Level 1:colcon.colcon_core.package_identification:_identify(Matlab_Analiz/custom_messages/msg_9) by extensions ['colcon_meta']
[0.260s] Level 1:colcon.colcon_core.package_identification:_identify(Matlab_Analiz/custom_messages/msg_9) by extension 'colcon_meta'
[0.260s] Level 1:colcon.colcon_core.package_identification:_identify(Matlab_Analiz/custom_messages/msg_9) by extensions ['ros']
[0.260s] Level 1:colcon.colcon_core.package_identification:_identify(Matlab_Analiz/custom_messages/msg_9) by extension 'ros'
[0.260s] Level 1:colcon.colcon_core.package_identification:_identify(Matlab_Analiz/custom_messages/msg_9) by extensions ['cmake', 'python']
[0.260s] Level 1:colcon.colcon_core.package_identification:_identify(Matlab_Analiz/custom_messages/msg_9) by extension 'cmake'
[0.260s] Level 1:colcon.colcon_core.package_identification:_identify(Matlab_Analiz/custom_messages/msg_9) by extension 'python'
[0.260s] Level 1:colcon.colcon_core.package_identification:_identify(Matlab_Analiz/custom_messages/msg_9) by extensions ['python_setup_py']
[0.260s] Level 1:colcon.colcon_core.package_identification:_identify(Matlab_Analiz/custom_messages/msg_9) by extension 'python_setup_py'
[0.260s] Level 1:colcon.colcon_core.package_identification:_identify(Matlab_Analiz/custom_messages/msg_9/msg) by extensions ['ignore', 'ignore_ament_install']
[0.260s] Level 1:colcon.colcon_core.package_identification:_identify(Matlab_Analiz/custom_messages/msg_9/msg) by extension 'ignore'
[0.260s] Level 1:colcon.colcon_core.package_identification:_identify(Matlab_Analiz/custom_messages/msg_9/msg) by extension 'ignore_ament_install'
[0.260s] Level 1:colcon.colcon_core.package_identification:_identify(Matlab_Analiz/custom_messages/msg_9/msg) by extensions ['colcon_pkg']
[0.260s] Level 1:colcon.colcon_core.package_identification:_identify(Matlab_Analiz/custom_messages/msg_9/msg) by extension 'colcon_pkg'
[0.261s] Level 1:colcon.colcon_core.package_identification:_identify(Matlab_Analiz/custom_messages/msg_9/msg) by extensions ['colcon_meta']
[0.261s] Level 1:colcon.colcon_core.package_identification:_identify(Matlab_Analiz/custom_messages/msg_9/msg) by extension 'colcon_meta'
[0.261s] Level 1:colcon.colcon_core.package_identification:_identify(Matlab_Analiz/custom_messages/msg_9/msg) by extensions ['ros']
[0.261s] Level 1:colcon.colcon_core.package_identification:_identify(Matlab_Analiz/custom_messages/msg_9/msg) by extension 'ros'
[0.261s] Level 1:colcon.colcon_core.package_identification:_identify(Matlab_Analiz/custom_messages/msg_9/msg) by extensions ['cmake', 'python']
[0.261s] Level 1:colcon.colcon_core.package_identification:_identify(Matlab_Analiz/custom_messages/msg_9/msg) by extension 'cmake'
[0.261s] Level 1:colcon.colcon_core.package_identification:_identify(Matlab_Analiz/custom_messages/msg_9/msg) by extension 'python'
[0.261s] Level 1:colcon.colcon_core.package_identification:_identify(Matlab_Analiz/custom_messages/msg_9/msg) by extensions ['python_setup_py']
[0.261s] Level 1:colcon.colcon_core.package_identification:_identify(Matlab_Analiz/custom_messages/msg_9/msg) by extension 'python_setup_py'
[0.261s] Level 1:colcon.colcon_core.package_identification:_identify(Matlab_Analiz/matlab_msg_gen) by extensions ['ignore', 'ignore_ament_install']
[0.261s] Level 1:colcon.colcon_core.package_identification:_identify(Matlab_Analiz/matlab_msg_gen) by extension 'ignore'
[0.261s] Level 1:colcon.colcon_core.package_identification:_identify(Matlab_Analiz/matlab_msg_gen) ignored
[0.262s] Level 1:colcon.colcon_core.package_identification:_identify(build) by extensions ['ignore', 'ignore_ament_install']
[0.262s] Level 1:colcon.colcon_core.package_identification:_identify(build) by extension 'ignore'
[0.262s] Level 1:colcon.colcon_core.package_identification:_identify(build) ignored
[0.262s] Level 1:colcon.colcon_core.package_identification:_identify(images) by extensions ['ignore', 'ignore_ament_install']
[0.262s] Level 1:colcon.colcon_core.package_identification:_identify(images) by extension 'ignore'
[0.262s] Level 1:colcon.colcon_core.package_identification:_identify(images) by extension 'ignore_ament_install'
[0.262s] Level 1:colcon.colcon_core.package_identification:_identify(images) by extensions ['colcon_pkg']
[0.263s] Level 1:colcon.colcon_core.package_identification:_identify(images) by extension 'colcon_pkg'
[0.263s] Level 1:colcon.colcon_core.package_identification:_identify(images) by extensions ['colcon_meta']
[0.263s] Level 1:colcon.colcon_core.package_identification:_identify(images) by extension 'colcon_meta'
[0.263s] Level 1:colcon.colcon_core.package_identification:_identify(images) by extensions ['ros']
[0.263s] Level 1:colcon.colcon_core.package_identification:_identify(images) by extension 'ros'
[0.263s] Level 1:colcon.colcon_core.package_identification:_identify(images) by extensions ['cmake', 'python']
[0.263s] Level 1:colcon.colcon_core.package_identification:_identify(images) by extension 'cmake'
[0.263s] Level 1:colcon.colcon_core.package_identification:_identify(images) by extension 'python'
[0.263s] Level 1:colcon.colcon_core.package_identification:_identify(images) by extensions ['python_setup_py']
[0.263s] Level 1:colcon.colcon_core.package_identification:_identify(images) by extension 'python_setup_py'
[0.263s] Level 1:colcon.colcon_core.package_identification:_identify(imu_data_only) by extensions ['ignore', 'ignore_ament_install']
[0.263s] Level 1:colcon.colcon_core.package_identification:_identify(imu_data_only) by extension 'ignore'
[0.263s] Level 1:colcon.colcon_core.package_identification:_identify(imu_data_only) by extension 'ignore_ament_install'
[0.263s] Level 1:colcon.colcon_core.package_identification:_identify(imu_data_only) by extensions ['colcon_pkg']
[0.264s] Level 1:colcon.colcon_core.package_identification:_identify(imu_data_only) by extension 'colcon_pkg'
[0.264s] Level 1:colcon.colcon_core.package_identification:_identify(imu_data_only) by extensions ['colcon_meta']
[0.264s] Level 1:colcon.colcon_core.package_identification:_identify(imu_data_only) by extension 'colcon_meta'
[0.264s] Level 1:colcon.colcon_core.package_identification:_identify(imu_data_only) by extensions ['ros']
[0.264s] Level 1:colcon.colcon_core.package_identification:_identify(imu_data_only) by extension 'ros'
[0.264s] Level 1:colcon.colcon_core.package_identification:_identify(imu_data_only) by extensions ['cmake', 'python']
[0.264s] Level 1:colcon.colcon_core.package_identification:_identify(imu_data_only) by extension 'cmake'
[0.264s] Level 1:colcon.colcon_core.package_identification:_identify(imu_data_only) by extension 'python'
[0.264s] Level 1:colcon.colcon_core.package_identification:_identify(imu_data_only) by extensions ['python_setup_py']
[0.265s] Level 1:colcon.colcon_core.package_identification:_identify(imu_data_only) by extension 'python_setup_py'
[0.265s] Level 1:colcon.colcon_core.package_identification:_identify(imu_strap_data_only) by extensions ['ignore', 'ignore_ament_install']
[0.265s] Level 1:colcon.colcon_core.package_identification:_identify(imu_strap_data_only) by extension 'ignore'
[0.265s] Level 1:colcon.colcon_core.package_identification:_identify(imu_strap_data_only) by extension 'ignore_ament_install'
[0.266s] Level 1:colcon.colcon_core.package_identification:_identify(imu_strap_data_only) by extensions ['colcon_pkg']
[0.266s] Level 1:colcon.colcon_core.package_identification:_identify(imu_strap_data_only) by extension 'colcon_pkg'
[0.266s] Level 1:colcon.colcon_core.package_identification:_identify(imu_strap_data_only) by extensions ['colcon_meta']
[0.266s] Level 1:colcon.colcon_core.package_identification:_identify(imu_strap_data_only) by extension 'colcon_meta'
[0.266s] Level 1:colcon.colcon_core.package_identification:_identify(imu_strap_data_only) by extensions ['ros']
[0.266s] Level 1:colcon.colcon_core.package_identification:_identify(imu_strap_data_only) by extension 'ros'
[0.267s] Level 1:colcon.colcon_core.package_identification:_identify(imu_strap_data_only) by extensions ['cmake', 'python']
[0.267s] Level 1:colcon.colcon_core.package_identification:_identify(imu_strap_data_only) by extension 'cmake'
[0.267s] Level 1:colcon.colcon_core.package_identification:_identify(imu_strap_data_only) by extension 'python'
[0.267s] Level 1:colcon.colcon_core.package_identification:_identify(imu_strap_data_only) by extensions ['python_setup_py']
[0.267s] Level 1:colcon.colcon_core.package_identification:_identify(imu_strap_data_only) by extension 'python_setup_py'
[0.267s] Level 1:colcon.colcon_core.package_identification:_identify(install) by extensions ['ignore', 'ignore_ament_install']
[0.268s] Level 1:colcon.colcon_core.package_identification:_identify(install) by extension 'ignore'
[0.268s] Level 1:colcon.colcon_core.package_identification:_identify(install) ignored
[0.270s] Level 1:colcon.colcon_core.package_identification:_identify(log) by extensions ['ignore', 'ignore_ament_install']
[0.270s] Level 1:colcon.colcon_core.package_identification:_identify(log) by extension 'ignore'
[0.270s] Level 1:colcon.colcon_core.package_identification:_identify(log) ignored
[0.271s] Level 1:colcon.colcon_core.package_identification:_identify(src) by extensions ['ignore', 'ignore_ament_install']
[0.271s] Level 1:colcon.colcon_core.package_identification:_identify(src) by extension 'ignore'
[0.272s] Level 1:colcon.colcon_core.package_identification:_identify(src) by extension 'ignore_ament_install'
[0.272s] Level 1:colcon.colcon_core.package_identification:_identify(src) by extensions ['colcon_pkg']
[0.272s] Level 1:colcon.colcon_core.package_identification:_identify(src) by extension 'colcon_pkg'
[0.272s] Level 1:colcon.colcon_core.package_identification:_identify(src) by extensions ['colcon_meta']
[0.273s] Level 1:colcon.colcon_core.package_identification:_identify(src) by extension 'colcon_meta'
[0.273s] Level 1:colcon.colcon_core.package_identification:_identify(src) by extensions ['ros']
[0.273s] Level 1:colcon.colcon_core.package_identification:_identify(src) by extension 'ros'
[0.273s] Level 1:colcon.colcon_core.package_identification:_identify(src) by extensions ['cmake', 'python']
[0.273s] Level 1:colcon.colcon_core.package_identification:_identify(src) by extension 'cmake'
[0.273s] Level 1:colcon.colcon_core.package_identification:_identify(src) by extension 'python'
[0.273s] Level 1:colcon.colcon_core.package_identification:_identify(src) by extensions ['python_setup_py']
[0.273s] Level 1:colcon.colcon_core.package_identification:_identify(src) by extension 'python_setup_py'
[0.274s] Level 1:colcon.colcon_core.package_identification:_identify(src/ht_nav_variables) by extensions ['ignore', 'ignore_ament_install']
[0.274s] Level 1:colcon.colcon_core.package_identification:_identify(src/ht_nav_variables) by extension 'ignore'
[0.274s] Level 1:colcon.colcon_core.package_identification:_identify(src/ht_nav_variables) by extension 'ignore_ament_install'
[0.274s] Level 1:colcon.colcon_core.package_identification:_identify(src/ht_nav_variables) by extensions ['colcon_pkg']
[0.275s] Level 1:colcon.colcon_core.package_identification:_identify(src/ht_nav_variables) by extension 'colcon_pkg'
[0.275s] Level 1:colcon.colcon_core.package_identification:_identify(src/ht_nav_variables) by extensions ['colcon_meta']
[0.275s] Level 1:colcon.colcon_core.package_identification:_identify(src/ht_nav_variables) by extension 'colcon_meta'
[0.275s] Level 1:colcon.colcon_core.package_identification:_identify(src/ht_nav_variables) by extensions ['ros']
[0.275s] Level 1:colcon.colcon_core.package_identification:_identify(src/ht_nav_variables) by extension 'ros'
[0.279s] DEBUG:colcon.colcon_core.package_identification:Package 'src/ht_nav_variables' with type 'ros.ament_cmake' and name 'ht_nav_variables'
[0.279s] Level 1:colcon.colcon_core.package_identification:_identify(src/ht_strap_package) by extensions ['ignore', 'ignore_ament_install']
[0.280s] Level 1:colcon.colcon_core.package_identification:_identify(src/ht_strap_package) by extension 'ignore'
[0.280s] Level 1:colcon.colcon_core.package_identification:_identify(src/ht_strap_package) by extension 'ignore_ament_install'
[0.280s] Level 1:colcon.colcon_core.package_identification:_identify(src/ht_strap_package) by extensions ['colcon_pkg']
[0.280s] Level 1:colcon.colcon_core.package_identification:_identify(src/ht_strap_package) by extension 'colcon_pkg'
[0.281s] Level 1:colcon.colcon_core.package_identification:_identify(src/ht_strap_package) by extensions ['colcon_meta']
[0.281s] Level 1:colcon.colcon_core.package_identification:_identify(src/ht_strap_package) by extension 'colcon_meta'
[0.281s] Level 1:colcon.colcon_core.package_identification:_identify(src/ht_strap_package) by extensions ['ros']
[0.281s] Level 1:colcon.colcon_core.package_identification:_identify(src/ht_strap_package) by extension 'ros'
[0.282s] DEBUG:colcon.colcon_core.package_identification:Package 'src/ht_strap_package' with type 'ros.ament_python' and name 'ht_strap_package'
[0.282s] Level 1:colcon.colcon_core.package_identification:_identify(veri_gazebo) by extensions ['ignore', 'ignore_ament_install']
[0.283s] Level 1:colcon.colcon_core.package_identification:_identify(veri_gazebo) by extension 'ignore'
[0.283s] Level 1:colcon.colcon_core.package_identification:_identify(veri_gazebo) by extension 'ignore_ament_install'
[0.284s] Level 1:colcon.colcon_core.package_identification:_identify(veri_gazebo) by extensions ['colcon_pkg']
[0.284s] Level 1:colcon.colcon_core.package_identification:_identify(veri_gazebo) by extension 'colcon_pkg'
[0.284s] Level 1:colcon.colcon_core.package_identification:_identify(veri_gazebo) by extensions ['colcon_meta']
[0.284s] Level 1:colcon.colcon_core.package_identification:_identify(veri_gazebo) by extension 'colcon_meta'
[0.284s] Level 1:colcon.colcon_core.package_identification:_identify(veri_gazebo) by extensions ['ros']
[0.285s] Level 1:colcon.colcon_core.package_identification:_identify(veri_gazebo) by extension 'ros'
[0.285s] Level 1:colcon.colcon_core.package_identification:_identify(veri_gazebo) by extensions ['cmake', 'python']
[0.285s] Level 1:colcon.colcon_core.package_identification:_identify(veri_gazebo) by extension 'cmake'
[0.285s] Level 1:colcon.colcon_core.package_identification:_identify(veri_gazebo) by extension 'python'
[0.285s] Level 1:colcon.colcon_core.package_identification:_identify(veri_gazebo) by extensions ['python_setup_py']
[0.285s] Level 1:colcon.colcon_core.package_identification:_identify(veri_gazebo) by extension 'python_setup_py'
[0.285s] Level 1:colcon.colcon_core.package_identification:_identify(veri_gazebo/veri_1) by extensions ['ignore', 'ignore_ament_install']
[0.286s] Level 1:colcon.colcon_core.package_identification:_identify(veri_gazebo/veri_1) by extension 'ignore'
[0.286s] Level 1:colcon.colcon_core.package_identification:_identify(veri_gazebo/veri_1) by extension 'ignore_ament_install'
[0.287s] Level 1:colcon.colcon_core.package_identification:_identify(veri_gazebo/veri_1) by extensions ['colcon_pkg']
[0.287s] Level 1:colcon.colcon_core.package_identification:_identify(veri_gazebo/veri_1) by extension 'colcon_pkg'
[0.287s] Level 1:colcon.colcon_core.package_identification:_identify(veri_gazebo/veri_1) by extensions ['colcon_meta']
[0.287s] Level 1:colcon.colcon_core.package_identification:_identify(veri_gazebo/veri_1) by extension 'colcon_meta'
[0.287s] Level 1:colcon.colcon_core.package_identification:_identify(veri_gazebo/veri_1) by extensions ['ros']
[0.288s] Level 1:colcon.colcon_core.package_identification:_identify(veri_gazebo/veri_1) by extension 'ros'
[0.288s] Level 1:colcon.colcon_core.package_identification:_identify(veri_gazebo/veri_1) by extensions ['cmake', 'python']
[0.288s] Level 1:colcon.colcon_core.package_identification:_identify(veri_gazebo/veri_1) by extension 'cmake'
[0.288s] Level 1:colcon.colcon_core.package_identification:_identify(veri_gazebo/veri_1) by extension 'python'
[0.289s] Level 1:colcon.colcon_core.package_identification:_identify(veri_gazebo/veri_1) by extensions ['python_setup_py']
[0.289s] Level 1:colcon.colcon_core.package_identification:_identify(veri_gazebo/veri_1) by extension 'python_setup_py'
[0.289s] Level 1:colcon.colcon_core.package_identification:_identify(veri_gazebo/veri_2) by extensions ['ignore', 'ignore_ament_install']
[0.289s] Level 1:colcon.colcon_core.package_identification:_identify(veri_gazebo/veri_2) by extension 'ignore'
[0.289s] Level 1:colcon.colcon_core.package_identification:_identify(veri_gazebo/veri_2) by extension 'ignore_ament_install'
[0.289s] Level 1:colcon.colcon_core.package_identification:_identify(veri_gazebo/veri_2) by extensions ['colcon_pkg']
[0.290s] Level 1:colcon.colcon_core.package_identification:_identify(veri_gazebo/veri_2) by extension 'colcon_pkg'
[0.290s] Level 1:colcon.colcon_core.package_identification:_identify(veri_gazebo/veri_2) by extensions ['colcon_meta']
[0.290s] Level 1:colcon.colcon_core.package_identification:_identify(veri_gazebo/veri_2) by extension 'colcon_meta'
[0.290s] Level 1:colcon.colcon_core.package_identification:_identify(veri_gazebo/veri_2) by extensions ['ros']
[0.290s] Level 1:colcon.colcon_core.package_identification:_identify(veri_gazebo/veri_2) by extension 'ros'
[0.291s] Level 1:colcon.colcon_core.package_identification:_identify(veri_gazebo/veri_2) by extensions ['cmake', 'python']
[0.291s] Level 1:colcon.colcon_core.package_identification:_identify(veri_gazebo/veri_2) by extension 'cmake'
[0.291s] Level 1:colcon.colcon_core.package_identification:_identify(veri_gazebo/veri_2) by extension 'python'
[0.291s] Level 1:colcon.colcon_core.package_identification:_identify(veri_gazebo/veri_2) by extensions ['python_setup_py']
[0.292s] Level 1:colcon.colcon_core.package_identification:_identify(veri_gazebo/veri_2) by extension 'python_setup_py'
[0.292s] Level 1:colcon.colcon_core.package_identification:_identify(veri_gazebo/veri_3_joint_vel_50Hz) by extensions ['ignore', 'ignore_ament_install']
[0.292s] Level 1:colcon.colcon_core.package_identification:_identify(veri_gazebo/veri_3_joint_vel_50Hz) by extension 'ignore'
[0.293s] Level 1:colcon.colcon_core.package_identification:_identify(veri_gazebo/veri_3_joint_vel_50Hz) by extension 'ignore_ament_install'
[0.293s] Level 1:colcon.colcon_core.package_identification:_identify(veri_gazebo/veri_3_joint_vel_50Hz) by extensions ['colcon_pkg']
[0.293s] Level 1:colcon.colcon_core.package_identification:_identify(veri_gazebo/veri_3_joint_vel_50Hz) by extension 'colcon_pkg'
[0.293s] Level 1:colcon.colcon_core.package_identification:_identify(veri_gazebo/veri_3_joint_vel_50Hz) by extensions ['colcon_meta']
[0.293s] Level 1:colcon.colcon_core.package_identification:_identify(veri_gazebo/veri_3_joint_vel_50Hz) by extension 'colcon_meta'
[0.293s] Level 1:colcon.colcon_core.package_identification:_identify(veri_gazebo/veri_3_joint_vel_50Hz) by extensions ['ros']
[0.293s] Level 1:colcon.colcon_core.package_identification:_identify(veri_gazebo/veri_3_joint_vel_50Hz) by extension 'ros'
[0.293s] Level 1:colcon.colcon_core.package_identification:_identify(veri_gazebo/veri_3_joint_vel_50Hz) by extensions ['cmake', 'python']
[0.293s] Level 1:colcon.colcon_core.package_identification:_identify(veri_gazebo/veri_3_joint_vel_50Hz) by extension 'cmake'
[0.294s] Level 1:colcon.colcon_core.package_identification:_identify(veri_gazebo/veri_3_joint_vel_50Hz) by extension 'python'
[0.294s] Level 1:colcon.colcon_core.package_identification:_identify(veri_gazebo/veri_3_joint_vel_50Hz) by extensions ['python_setup_py']
[0.294s] Level 1:colcon.colcon_core.package_identification:_identify(veri_gazebo/veri_3_joint_vel_50Hz) by extension 'python_setup_py'
[0.294s] Level 1:colcon.colcon_core.package_identification:_identify(veri_gazebo/veri_4_joint_vel_25Hz) by extensions ['ignore', 'ignore_ament_install']
[0.294s] Level 1:colcon.colcon_core.package_identification:_identify(veri_gazebo/veri_4_joint_vel_25Hz) by extension 'ignore'
[0.295s] Level 1:colcon.colcon_core.package_identification:_identify(veri_gazebo/veri_4_joint_vel_25Hz) by extension 'ignore_ament_install'
[0.295s] Level 1:colcon.colcon_core.package_identification:_identify(veri_gazebo/veri_4_joint_vel_25Hz) by extensions ['colcon_pkg']
[0.295s] Level 1:colcon.colcon_core.package_identification:_identify(veri_gazebo/veri_4_joint_vel_25Hz) by extension 'colcon_pkg'
[0.295s] Level 1:colcon.colcon_core.package_identification:_identify(veri_gazebo/veri_4_joint_vel_25Hz) by extensions ['colcon_meta']
[0.295s] Level 1:colcon.colcon_core.package_identification:_identify(veri_gazebo/veri_4_joint_vel_25Hz) by extension 'colcon_meta'
[0.295s] Level 1:colcon.colcon_core.package_identification:_identify(veri_gazebo/veri_4_joint_vel_25Hz) by extensions ['ros']
[0.296s] Level 1:colcon.colcon_core.package_identification:_identify(veri_gazebo/veri_4_joint_vel_25Hz) by extension 'ros'
[0.296s] Level 1:colcon.colcon_core.package_identification:_identify(veri_gazebo/veri_4_joint_vel_25Hz) by extensions ['cmake', 'python']
[0.296s] Level 1:colcon.colcon_core.package_identification:_identify(veri_gazebo/veri_4_joint_vel_25Hz) by extension 'cmake'
[0.296s] Level 1:colcon.colcon_core.package_identification:_identify(veri_gazebo/veri_4_joint_vel_25Hz) by extension 'python'
[0.296s] Level 1:colcon.colcon_core.package_identification:_identify(veri_gazebo/veri_4_joint_vel_25Hz) by extensions ['python_setup_py']
[0.296s] Level 1:colcon.colcon_core.package_identification:_identify(veri_gazebo/veri_4_joint_vel_25Hz) by extension 'python_setup_py'
[0.297s] Level 1:colcon.colcon_core.package_identification:_identify(veri_gazebo/veri_5_joint_vel_100Hz) by extensions ['ignore', 'ignore_ament_install']
[0.297s] Level 1:colcon.colcon_core.package_identification:_identify(veri_gazebo/veri_5_joint_vel_100Hz) by extension 'ignore'
[0.297s] Level 1:colcon.colcon_core.package_identification:_identify(veri_gazebo/veri_5_joint_vel_100Hz) by extension 'ignore_ament_install'
[0.297s] Level 1:colcon.colcon_core.package_identification:_identify(veri_gazebo/veri_5_joint_vel_100Hz) by extensions ['colcon_pkg']
[0.297s] Level 1:colcon.colcon_core.package_identification:_identify(veri_gazebo/veri_5_joint_vel_100Hz) by extension 'colcon_pkg'
[0.297s] Level 1:colcon.colcon_core.package_identification:_identify(veri_gazebo/veri_5_joint_vel_100Hz) by extensions ['colcon_meta']
[0.297s] Level 1:colcon.colcon_core.package_identification:_identify(veri_gazebo/veri_5_joint_vel_100Hz) by extension 'colcon_meta'
[0.297s] Level 1:colcon.colcon_core.package_identification:_identify(veri_gazebo/veri_5_joint_vel_100Hz) by extensions ['ros']
[0.297s] Level 1:colcon.colcon_core.package_identification:_identify(veri_gazebo/veri_5_joint_vel_100Hz) by extension 'ros'
[0.298s] Level 1:colcon.colcon_core.package_identification:_identify(veri_gazebo/veri_5_joint_vel_100Hz) by extensions ['cmake', 'python']
[0.298s] Level 1:colcon.colcon_core.package_identification:_identify(veri_gazebo/veri_5_joint_vel_100Hz) by extension 'cmake'
[0.298s] Level 1:colcon.colcon_core.package_identification:_identify(veri_gazebo/veri_5_joint_vel_100Hz) by extension 'python'
[0.298s] Level 1:colcon.colcon_core.package_identification:_identify(veri_gazebo/veri_5_joint_vel_100Hz) by extensions ['python_setup_py']
[0.299s] Level 1:colcon.colcon_core.package_identification:_identify(veri_gazebo/veri_5_joint_vel_100Hz) by extension 'python_setup_py'
[0.299s] Level 1:colcon.colcon_core.package_identification:_identify(veri_gazebo/veri_body_slipping) by extensions ['ignore', 'ignore_ament_install']
[0.299s] Level 1:colcon.colcon_core.package_identification:_identify(veri_gazebo/veri_body_slipping) by extension 'ignore'
[0.300s] Level 1:colcon.colcon_core.package_identification:_identify(veri_gazebo/veri_body_slipping) by extension 'ignore_ament_install'
[0.300s] Level 1:colcon.colcon_core.package_identification:_identify(veri_gazebo/veri_body_slipping) by extensions ['colcon_pkg']
[0.300s] Level 1:colcon.colcon_core.package_identification:_identify(veri_gazebo/veri_body_slipping) by extension 'colcon_pkg'
[0.300s] Level 1:colcon.colcon_core.package_identification:_identify(veri_gazebo/veri_body_slipping) by extensions ['colcon_meta']
[0.300s] Level 1:colcon.colcon_core.package_identification:_identify(veri_gazebo/veri_body_slipping) by extension 'colcon_meta'
[0.301s] Level 1:colcon.colcon_core.package_identification:_identify(veri_gazebo/veri_body_slipping) by extensions ['ros']
[0.301s] Level 1:colcon.colcon_core.package_identification:_identify(veri_gazebo/veri_body_slipping) by extension 'ros'
[0.301s] Level 1:colcon.colcon_core.package_identification:_identify(veri_gazebo/veri_body_slipping) by extensions ['cmake', 'python']
[0.301s] Level 1:colcon.colcon_core.package_identification:_identify(veri_gazebo/veri_body_slipping) by extension 'cmake'
[0.301s] Level 1:colcon.colcon_core.package_identification:_identify(veri_gazebo/veri_body_slipping) by extension 'python'
[0.301s] Level 1:colcon.colcon_core.package_identification:_identify(veri_gazebo/veri_body_slipping) by extensions ['python_setup_py']
[0.301s] Level 1:colcon.colcon_core.package_identification:_identify(veri_gazebo/veri_body_slipping) by extension 'python_setup_py'
[0.301s] Level 1:colcon.colcon_core.package_identification:_identify(veri_gazebo/veri_circle) by extensions ['ignore', 'ignore_ament_install']
[0.302s] Level 1:colcon.colcon_core.package_identification:_identify(veri_gazebo/veri_circle) by extension 'ignore'
[0.302s] Level 1:colcon.colcon_core.package_identification:_identify(veri_gazebo/veri_circle) by extension 'ignore_ament_install'
[0.302s] Level 1:colcon.colcon_core.package_identification:_identify(veri_gazebo/veri_circle) by extensions ['colcon_pkg']
[0.303s] Level 1:colcon.colcon_core.package_identification:_identify(veri_gazebo/veri_circle) by extension 'colcon_pkg'
[0.303s] Level 1:colcon.colcon_core.package_identification:_identify(veri_gazebo/veri_circle) by extensions ['colcon_meta']
[0.303s] Level 1:colcon.colcon_core.package_identification:_identify(veri_gazebo/veri_circle) by extension 'colcon_meta'
[0.303s] Level 1:colcon.colcon_core.package_identification:_identify(veri_gazebo/veri_circle) by extensions ['ros']
[0.303s] Level 1:colcon.colcon_core.package_identification:_identify(veri_gazebo/veri_circle) by extension 'ros'
[0.304s] Level 1:colcon.colcon_core.package_identification:_identify(veri_gazebo/veri_circle) by extensions ['cmake', 'python']
[0.304s] Level 1:colcon.colcon_core.package_identification:_identify(veri_gazebo/veri_circle) by extension 'cmake'
[0.304s] Level 1:colcon.colcon_core.package_identification:_identify(veri_gazebo/veri_circle) by extension 'python'
[0.304s] Level 1:colcon.colcon_core.package_identification:_identify(veri_gazebo/veri_circle) by extensions ['python_setup_py']
[0.304s] Level 1:colcon.colcon_core.package_identification:_identify(veri_gazebo/veri_circle) by extension 'python_setup_py'
[0.305s] Level 1:colcon.colcon_core.package_identification:_identify(veri_gazebo/veri_circle_uzun) by extensions ['ignore', 'ignore_ament_install']
[0.305s] Level 1:colcon.colcon_core.package_identification:_identify(veri_gazebo/veri_circle_uzun) by extension 'ignore'
[0.305s] Level 1:colcon.colcon_core.package_identification:_identify(veri_gazebo/veri_circle_uzun) by extension 'ignore_ament_install'
[0.305s] Level 1:colcon.colcon_core.package_identification:_identify(veri_gazebo/veri_circle_uzun) by extensions ['colcon_pkg']
[0.305s] Level 1:colcon.colcon_core.package_identification:_identify(veri_gazebo/veri_circle_uzun) by extension 'colcon_pkg'
[0.305s] Level 1:colcon.colcon_core.package_identification:_identify(veri_gazebo/veri_circle_uzun) by extensions ['colcon_meta']
[0.305s] Level 1:colcon.colcon_core.package_identification:_identify(veri_gazebo/veri_circle_uzun) by extension 'colcon_meta'
[0.306s] Level 1:colcon.colcon_core.package_identification:_identify(veri_gazebo/veri_circle_uzun) by extensions ['ros']
[0.306s] Level 1:colcon.colcon_core.package_identification:_identify(veri_gazebo/veri_circle_uzun) by extension 'ros'
[0.306s] Level 1:colcon.colcon_core.package_identification:_identify(veri_gazebo/veri_circle_uzun) by extensions ['cmake', 'python']
[0.306s] Level 1:colcon.colcon_core.package_identification:_identify(veri_gazebo/veri_circle_uzun) by extension 'cmake'
[0.307s] Level 1:colcon.colcon_core.package_identification:_identify(veri_gazebo/veri_circle_uzun) by extension 'python'
[0.307s] Level 1:colcon.colcon_core.package_identification:_identify(veri_gazebo/veri_circle_uzun) by extensions ['python_setup_py']
[0.307s] Level 1:colcon.colcon_core.package_identification:_identify(veri_gazebo/veri_circle_uzun) by extension 'python_setup_py'
[0.308s] Level 1:colcon.colcon_core.package_identification:_identify(veri_gazebo/veri_deneme) by extensions ['ignore', 'ignore_ament_install']
[0.308s] Level 1:colcon.colcon_core.package_identification:_identify(veri_gazebo/veri_deneme) by extension 'ignore'
[0.309s] Level 1:colcon.colcon_core.package_identification:_identify(veri_gazebo/veri_deneme) by extension 'ignore_ament_install'
[0.309s] Level 1:colcon.colcon_core.package_identification:_identify(veri_gazebo/veri_deneme) by extensions ['colcon_pkg']
[0.309s] Level 1:colcon.colcon_core.package_identification:_identify(veri_gazebo/veri_deneme) by extension 'colcon_pkg'
[0.309s] Level 1:colcon.colcon_core.package_identification:_identify(veri_gazebo/veri_deneme) by extensions ['colcon_meta']
[0.309s] Level 1:colcon.colcon_core.package_identification:_identify(veri_gazebo/veri_deneme) by extension 'colcon_meta'
[0.309s] Level 1:colcon.colcon_core.package_identification:_identify(veri_gazebo/veri_deneme) by extensions ['ros']
[0.309s] Level 1:colcon.colcon_core.package_identification:_identify(veri_gazebo/veri_deneme) by extension 'ros'
[0.309s] Level 1:colcon.colcon_core.package_identification:_identify(veri_gazebo/veri_deneme) by extensions ['cmake', 'python']
[0.309s] Level 1:colcon.colcon_core.package_identification:_identify(veri_gazebo/veri_deneme) by extension 'cmake'
[0.309s] Level 1:colcon.colcon_core.package_identification:_identify(veri_gazebo/veri_deneme) by extension 'python'
[0.309s] Level 1:colcon.colcon_core.package_identification:_identify(veri_gazebo/veri_deneme) by extensions ['python_setup_py']
[0.309s] Level 1:colcon.colcon_core.package_identification:_identify(veri_gazebo/veri_deneme) by extension 'python_setup_py'
[0.309s] Level 1:colcon.colcon_core.package_identification:_identify(veri_gazebo/veri_stationary) by extensions ['ignore', 'ignore_ament_install']
[0.310s] Level 1:colcon.colcon_core.package_identification:_identify(veri_gazebo/veri_stationary) by extension 'ignore'
[0.310s] Level 1:colcon.colcon_core.package_identification:_identify(veri_gazebo/veri_stationary) by extension 'ignore_ament_install'
[0.310s] Level 1:colcon.colcon_core.package_identification:_identify(veri_gazebo/veri_stationary) by extensions ['colcon_pkg']
[0.310s] Level 1:colcon.colcon_core.package_identification:_identify(veri_gazebo/veri_stationary) by extension 'colcon_pkg'
[0.310s] Level 1:colcon.colcon_core.package_identification:_identify(veri_gazebo/veri_stationary) by extensions ['colcon_meta']
[0.310s] Level 1:colcon.colcon_core.package_identification:_identify(veri_gazebo/veri_stationary) by extension 'colcon_meta'
[0.310s] Level 1:colcon.colcon_core.package_identification:_identify(veri_gazebo/veri_stationary) by extensions ['ros']
[0.310s] Level 1:colcon.colcon_core.package_identification:_identify(veri_gazebo/veri_stationary) by extension 'ros'
[0.310s] Level 1:colcon.colcon_core.package_identification:_identify(veri_gazebo/veri_stationary) by extensions ['cmake', 'python']
[0.310s] Level 1:colcon.colcon_core.package_identification:_identify(veri_gazebo/veri_stationary) by extension 'cmake'
[0.310s] Level 1:colcon.colcon_core.package_identification:_identify(veri_gazebo/veri_stationary) by extension 'python'
[0.310s] Level 1:colcon.colcon_core.package_identification:_identify(veri_gazebo/veri_stationary) by extensions ['python_setup_py']
[0.310s] Level 1:colcon.colcon_core.package_identification:_identify(veri_gazebo/veri_stationary) by extension 'python_setup_py'
[0.311s] Level 1:colcon.colcon_core.package_identification:_identify(worlds) by extensions ['ignore', 'ignore_ament_install']
[0.311s] Level 1:colcon.colcon_core.package_identification:_identify(worlds) by extension 'ignore'
[0.311s] Level 1:colcon.colcon_core.package_identification:_identify(worlds) by extension 'ignore_ament_install'
[0.311s] Level 1:colcon.colcon_core.package_identification:_identify(worlds) by extensions ['colcon_pkg']
[0.311s] Level 1:colcon.colcon_core.package_identification:_identify(worlds) by extension 'colcon_pkg'
[0.311s] Level 1:colcon.colcon_core.package_identification:_identify(worlds) by extensions ['colcon_meta']
[0.311s] Level 1:colcon.colcon_core.package_identification:_identify(worlds) by extension 'colcon_meta'
[0.311s] Level 1:colcon.colcon_core.package_identification:_identify(worlds) by extensions ['ros']
[0.311s] Level 1:colcon.colcon_core.package_identification:_identify(worlds) by extension 'ros'
[0.311s] Level 1:colcon.colcon_core.package_identification:_identify(worlds) by extensions ['cmake', 'python']
[0.311s] Level 1:colcon.colcon_core.package_identification:_identify(worlds) by extension 'cmake'
[0.311s] Level 1:colcon.colcon_core.package_identification:_identify(worlds) by extension 'python'
[0.311s] Level 1:colcon.colcon_core.package_identification:_identify(worlds) by extensions ['python_setup_py']
[0.311s] Level 1:colcon.colcon_core.package_identification:_identify(worlds) by extension 'python_setup_py'
[0.311s] Level 1:colcon.colcon_core.package_discovery:discover_packages(recursive) using defaults
[0.312s] Level 1:colcon.colcon_core.package_discovery:discover_packages(ignore) discover
[0.312s] Level 1:colcon.colcon_core.package_discovery:discover_packages(ignore) using defaults
[0.312s] Level 1:colcon.colcon_core.package_discovery:discover_packages(path) discover
[0.312s] Level 1:colcon.colcon_core.package_discovery:discover_packages(path) using defaults
[0.338s] Level 5:colcon.colcon_core.verb:set package 'ht_nav_variables' build argument 'cmake_args' from command line to 'None'
[0.339s] Level 5:colcon.colcon_core.verb:set package 'ht_nav_variables' build argument 'cmake_target' from command line to 'None'
[0.339s] Level 5:colcon.colcon_core.verb:set package 'ht_nav_variables' build argument 'cmake_target_skip_unavailable' from command line to 'False'
[0.339s] Level 5:colcon.colcon_core.verb:set package 'ht_nav_variables' build argument 'cmake_clean_cache' from command line to 'False'
[0.339s] Level 5:colcon.colcon_core.verb:set package 'ht_nav_variables' build argument 'cmake_clean_first' from command line to 'False'
[0.339s] Level 5:colcon.colcon_core.verb:set package 'ht_nav_variables' build argument 'cmake_force_configure' from command line to 'False'
[0.339s] Level 5:colcon.colcon_core.verb:set package 'ht_nav_variables' build argument 'ament_cmake_args' from command line to 'None'
[0.339s] Level 5:colcon.colcon_core.verb:set package 'ht_nav_variables' build argument 'catkin_cmake_args' from command line to 'None'
[0.339s] Level 5:colcon.colcon_core.verb:set package 'ht_nav_variables' build argument 'catkin_skip_building_tests' from command line to 'False'
[0.340s] DEBUG:colcon.colcon_core.verb:Building package 'ht_nav_variables' with the following arguments: {'ament_cmake_args': None, 'build_base': '/home/temur/INS-GPS-ROS2/build/ht_nav_variables', 'catkin_cmake_args': None, 'catkin_skip_building_tests': False, 'cmake_args': None, 'cmake_clean_cache': False, 'cmake_clean_first': False, 'cmake_force_configure': False, 'cmake_target': None, 'cmake_target_skip_unavailable': False, 'install_base': '/home/temur/INS-GPS-ROS2/install/ht_nav_variables', 'merge_install': False, 'path': '/home/temur/INS-GPS-ROS2/src/ht_nav_variables', 'symlink_install': False, 'test_result_base': None}
[0.341s] Level 5:colcon.colcon_core.verb:set package 'ht_strap_package' build argument 'cmake_args' from command line to 'None'
[0.341s] Level 5:colcon.colcon_core.verb:set package 'ht_strap_package' build argument 'cmake_target' from command line to 'None'
[0.341s] Level 5:colcon.colcon_core.verb:set package 'ht_strap_package' build argument 'cmake_target_skip_unavailable' from command line to 'False'
[0.341s] Level 5:colcon.colcon_core.verb:set package 'ht_strap_package' build argument 'cmake_clean_cache' from command line to 'False'
[0.341s] Level 5:colcon.colcon_core.verb:set package 'ht_strap_package' build argument 'cmake_clean_first' from command line to 'False'
[0.341s] Level 5:colcon.colcon_core.verb:set package 'ht_strap_package' build argument 'cmake_force_configure' from command line to 'False'
[0.342s] Level 5:colcon.colcon_core.verb:set package 'ht_strap_package' build argument 'ament_cmake_args' from command line to 'None'
[0.342s] Level 5:colcon.colcon_core.verb:set package 'ht_strap_package' build argument 'catkin_cmake_args' from command line to 'None'
[0.342s] Level 5:colcon.colcon_core.verb:set package 'ht_strap_package' build argument 'catkin_skip_building_tests' from command line to 'False'
[0.342s] DEBUG:colcon.colcon_core.verb:Building package 'ht_strap_package' with the following arguments: {'ament_cmake_args': None, 'build_base': '/home/temur/INS-GPS-ROS2/build/ht_strap_package', 'catkin_cmake_args': None, 'catkin_skip_building_tests': False, 'cmake_args': None, 'cmake_clean_cache': False, 'cmake_clean_first': False, 'cmake_force_configure': False, 'cmake_target': None, 'cmake_target_skip_unavailable': False, 'install_base': '/home/temur/INS-GPS-ROS2/install/ht_strap_package', 'merge_install': False, 'path': '/home/temur/INS-GPS-ROS2/src/ht_strap_package', 'symlink_install': False, 'test_result_base': None}
[0.349s] INFO:colcon.colcon_core.executor:Executing jobs using 'parallel' executor
[0.354s] DEBUG:colcon.colcon_parallel_executor.executor.parallel:run_until_complete
[0.354s] INFO:colcon.colcon_ros.task.ament_cmake.build:Building ROS package in '/home/temur/INS-GPS-ROS2/src/ht_nav_variables' with build type 'ament_cmake'
[0.355s] INFO:colcon.colcon_cmake.task.cmake.build:Building CMake package in '/home/temur/INS-GPS-ROS2/src/ht_nav_variables'
[0.361s] INFO:colcon.colcon_core.plugin_system:Skipping extension 'colcon_core.shell.bat': Not used on non-Windows systems
[0.362s] INFO:colcon.colcon_core.shell:Skip shell extension 'powershell' for command environment: Not usable outside of PowerShell
[0.362s] DEBUG:colcon.colcon_core.shell:Skip shell extension 'dsv' for command environment
[0.388s] DEBUG:colcon.colcon_core.event_handler.log_command:Invoking command in '/home/temur/INS-GPS-ROS2/build/ht_nav_variables': CMAKE_PREFIX_PATH=${CMAKE_PREFIX_PATH}:/home/temur/INS-GPS-ROS2/install/ht_strap_package:/opt/ros/foxy /usr/bin/cmake --build /home/temur/INS-GPS-ROS2/build/ht_nav_variables -- -j12 -l12
[0.841s] DEBUG:colcon.colcon_core.event_handler.log_command:Invoked command in '/home/temur/INS-GPS-ROS2/build/ht_nav_variables' returned '0': CMAKE_PREFIX_PATH=${CMAKE_PREFIX_PATH}:/home/temur/INS-GPS-ROS2/install/ht_strap_package:/opt/ros/foxy /usr/bin/cmake --build /home/temur/INS-GPS-ROS2/build/ht_nav_variables -- -j12 -l12
[1.270s] DEBUG:colcon.colcon_core.event_handler.log_command:Invoking command in '/home/temur/INS-GPS-ROS2/build/ht_nav_variables': CMAKE_PREFIX_PATH=${CMAKE_PREFIX_PATH}:/home/temur/INS-GPS-ROS2/install/ht_strap_package:/opt/ros/foxy /usr/bin/cmake --install /home/temur/INS-GPS-ROS2/build/ht_nav_variables
[1.375s] Level 1:colcon.colcon_core.environment:create_environment_scripts_only(ht_nav_variables)
[1.376s] DEBUG:colcon.colcon_core.event_handler.log_command:Invoked command in '/home/temur/INS-GPS-ROS2/build/ht_nav_variables' returned '0': CMAKE_PREFIX_PATH=${CMAKE_PREFIX_PATH}:/home/temur/INS-GPS-ROS2/install/ht_strap_package:/opt/ros/foxy /usr/bin/cmake --install /home/temur/INS-GPS-ROS2/build/ht_nav_variables
[1.382s] Level 1:colcon.colcon_core.environment:checking '/home/temur/INS-GPS-ROS2/install/ht_nav_variables' for CMake module files
[1.383s] Level 1:colcon.colcon_core.environment:checking '/home/temur/INS-GPS-ROS2/install/ht_nav_variables' for CMake config files
[1.384s] Level 1:colcon.colcon_core.shell:create_environment_hook('ht_nav_variables', 'cmake_prefix_path')
[1.386s] INFO:colcon.colcon_core.shell:Creating environment hook '/home/temur/INS-GPS-ROS2/install/ht_nav_variables/share/ht_nav_variables/hook/cmake_prefix_path.ps1'
[1.387s] INFO:colcon.colcon_core.shell:Creating environment descriptor '/home/temur/INS-GPS-ROS2/install/ht_nav_variables/share/ht_nav_variables/hook/cmake_prefix_path.dsv'
[1.388s] INFO:colcon.colcon_core.shell:Creating environment hook '/home/temur/INS-GPS-ROS2/install/ht_nav_variables/share/ht_nav_variables/hook/cmake_prefix_path.sh'
[1.390s] Level 1:colcon.colcon_core.environment:checking '/home/temur/INS-GPS-ROS2/install/ht_nav_variables/lib'
[1.391s] Level 1:colcon.colcon_core.shell:create_environment_hook('ht_nav_variables', 'ld_library_path_lib')
[1.391s] INFO:colcon.colcon_core.shell:Creating environment hook '/home/temur/INS-GPS-ROS2/install/ht_nav_variables/share/ht_nav_variables/hook/ld_library_path_lib.ps1'
[1.392s] INFO:colcon.colcon_core.shell:Creating environment descriptor '/home/temur/INS-GPS-ROS2/install/ht_nav_variables/share/ht_nav_variables/hook/ld_library_path_lib.dsv'
[1.392s] INFO:colcon.colcon_core.shell:Creating environment hook '/home/temur/INS-GPS-ROS2/install/ht_nav_variables/share/ht_nav_variables/hook/ld_library_path_lib.sh'
[1.393s] Level 1:colcon.colcon_core.environment:checking '/home/temur/INS-GPS-ROS2/install/ht_nav_variables/bin'
[1.393s] Level 1:colcon.colcon_core.environment:checking '/home/temur/INS-GPS-ROS2/install/ht_nav_variables/lib/pkgconfig/ht_nav_variables.pc'
[1.393s] Level 1:colcon.colcon_core.environment:checking '/home/temur/INS-GPS-ROS2/install/ht_nav_variables/lib/python3.8/site-packages'
[1.393s] Level 1:colcon.colcon_core.shell:create_environment_hook('ht_nav_variables', 'pythonpath')
[1.394s] INFO:colcon.colcon_core.shell:Creating environment hook '/home/temur/INS-GPS-ROS2/install/ht_nav_variables/share/ht_nav_variables/hook/pythonpath.ps1'
[1.395s] INFO:colcon.colcon_core.shell:Creating environment descriptor '/home/temur/INS-GPS-ROS2/install/ht_nav_variables/share/ht_nav_variables/hook/pythonpath.dsv'
[1.396s] INFO:colcon.colcon_core.shell:Creating environment hook '/home/temur/INS-GPS-ROS2/install/ht_nav_variables/share/ht_nav_variables/hook/pythonpath.sh'
[1.397s] INFO:colcon.colcon_core.shell:Creating package script '/home/temur/INS-GPS-ROS2/install/ht_nav_variables/share/ht_nav_variables/package.ps1'
[1.399s] INFO:colcon.colcon_core.shell:Creating package descriptor '/home/temur/INS-GPS-ROS2/install/ht_nav_variables/share/ht_nav_variables/package.dsv'
[1.399s] INFO:colcon.colcon_core.shell:Creating package script '/home/temur/INS-GPS-ROS2/install/ht_nav_variables/share/ht_nav_variables/package.sh'
[1.400s] INFO:colcon.colcon_core.shell:Creating package script '/home/temur/INS-GPS-ROS2/install/ht_nav_variables/share/ht_nav_variables/package.bash'
[1.401s] INFO:colcon.colcon_core.shell:Creating package script '/home/temur/INS-GPS-ROS2/install/ht_nav_variables/share/ht_nav_variables/package.zsh'
[1.402s] Level 1:colcon.colcon_core.environment:create_file_with_runtime_dependencies(/home/temur/INS-GPS-ROS2/install/ht_nav_variables/share/colcon-core/packages/ht_nav_variables)
[1.760s] Level 1:colcon.colcon_core.environment:create_environment_scripts_only(ht_nav_variables)
[1.762s] Level 1:colcon.colcon_core.environment:checking '/home/temur/INS-GPS-ROS2/install/ht_nav_variables' for CMake module files
[1.763s] Level 1:colcon.colcon_core.environment:checking '/home/temur/INS-GPS-ROS2/install/ht_nav_variables' for CMake config files
[1.765s] Level 1:colcon.colcon_core.shell:create_environment_hook('ht_nav_variables', 'cmake_prefix_path')
[1.766s] INFO:colcon.colcon_core.shell:Creating environment hook '/home/temur/INS-GPS-ROS2/install/ht_nav_variables/share/ht_nav_variables/hook/cmake_prefix_path.ps1'
[1.767s] INFO:colcon.colcon_core.shell:Creating environment descriptor '/home/temur/INS-GPS-ROS2/install/ht_nav_variables/share/ht_nav_variables/hook/cmake_prefix_path.dsv'
[1.767s] INFO:colcon.colcon_core.shell:Creating environment hook '/home/temur/INS-GPS-ROS2/install/ht_nav_variables/share/ht_nav_variables/hook/cmake_prefix_path.sh'
[1.768s] Level 1:colcon.colcon_core.environment:checking '/home/temur/INS-GPS-ROS2/install/ht_nav_variables/lib'
[1.769s] Level 1:colcon.colcon_core.shell:create_environment_hook('ht_nav_variables', 'ld_library_path_lib')
[1.770s] INFO:colcon.colcon_core.shell:Creating environment hook '/home/temur/INS-GPS-ROS2/install/ht_nav_variables/share/ht_nav_variables/hook/ld_library_path_lib.ps1'
[1.770s] INFO:colcon.colcon_core.shell:Creating environment descriptor '/home/temur/INS-GPS-ROS2/install/ht_nav_variables/share/ht_nav_variables/hook/ld_library_path_lib.dsv'
[1.771s] INFO:colcon.colcon_core.shell:Creating environment hook '/home/temur/INS-GPS-ROS2/install/ht_nav_variables/share/ht_nav_variables/hook/ld_library_path_lib.sh'
[1.772s] Level 1:colcon.colcon_core.environment:checking '/home/temur/INS-GPS-ROS2/install/ht_nav_variables/bin'
[1.772s] Level 1:colcon.colcon_core.environment:checking '/home/temur/INS-GPS-ROS2/install/ht_nav_variables/lib/pkgconfig/ht_nav_variables.pc'
[1.772s] Level 1:colcon.colcon_core.environment:checking '/home/temur/INS-GPS-ROS2/install/ht_nav_variables/lib/python3.8/site-packages'
[1.772s] Level 1:colcon.colcon_core.shell:create_environment_hook('ht_nav_variables', 'pythonpath')
[1.773s] INFO:colcon.colcon_core.shell:Creating environment hook '/home/temur/INS-GPS-ROS2/install/ht_nav_variables/share/ht_nav_variables/hook/pythonpath.ps1'
[1.774s] INFO:colcon.colcon_core.shell:Creating environment descriptor '/home/temur/INS-GPS-ROS2/install/ht_nav_variables/share/ht_nav_variables/hook/pythonpath.dsv'
[1.774s] INFO:colcon.colcon_core.shell:Creating environment hook '/home/temur/INS-GPS-ROS2/install/ht_nav_variables/share/ht_nav_variables/hook/pythonpath.sh'
[1.775s] INFO:colcon.colcon_core.shell:Creating package script '/home/temur/INS-GPS-ROS2/install/ht_nav_variables/share/ht_nav_variables/package.ps1'
[1.776s] INFO:colcon.colcon_core.shell:Creating package descriptor '/home/temur/INS-GPS-ROS2/install/ht_nav_variables/share/ht_nav_variables/package.dsv'
[1.777s] INFO:colcon.colcon_core.shell:Creating package script '/home/temur/INS-GPS-ROS2/install/ht_nav_variables/share/ht_nav_variables/package.sh'
[1.777s] INFO:colcon.colcon_core.shell:Creating package script '/home/temur/INS-GPS-ROS2/install/ht_nav_variables/share/ht_nav_variables/package.bash'
[1.778s] INFO:colcon.colcon_core.shell:Creating package script '/home/temur/INS-GPS-ROS2/install/ht_nav_variables/share/ht_nav_variables/package.zsh'
[1.778s] Level 1:colcon.colcon_core.environment:create_file_with_runtime_dependencies(/home/temur/INS-GPS-ROS2/install/ht_nav_variables/share/colcon-core/packages/ht_nav_variables)
[1.779s] INFO:colcon.colcon_ros.task.ament_python.build:Building ROS package in '/home/temur/INS-GPS-ROS2/src/ht_strap_package' with build type 'ament_python'
[1.779s] Level 1:colcon.colcon_core.shell:create_environment_hook('ht_strap_package', 'ament_prefix_path')
[1.780s] INFO:colcon.colcon_core.shell:Creating environment hook '/home/temur/INS-GPS-ROS2/install/ht_strap_package/share/ht_strap_package/hook/ament_prefix_path.ps1'
[1.781s] INFO:colcon.colcon_core.shell:Creating environment descriptor '/home/temur/INS-GPS-ROS2/install/ht_strap_package/share/ht_strap_package/hook/ament_prefix_path.dsv'
[1.782s] INFO:colcon.colcon_core.shell:Creating environment hook '/home/temur/INS-GPS-ROS2/install/ht_strap_package/share/ht_strap_package/hook/ament_prefix_path.sh'
[1.783s] INFO:colcon.colcon_core.shell:Skip shell extension 'powershell' for command environment: Not usable outside of PowerShell
[1.783s] DEBUG:colcon.colcon_core.shell:Skip shell extension 'dsv' for command environment
[2.090s] INFO:colcon.colcon_core.task.python.build:Building Python package in '/home/temur/INS-GPS-ROS2/src/ht_strap_package'
[2.092s] INFO:colcon.colcon_core.shell:Skip shell extension 'powershell' for command environment: Not usable outside of PowerShell
[2.092s] DEBUG:colcon.colcon_core.shell:Skip shell extension 'dsv' for command environment
[2.610s] DEBUG:colcon.colcon_core.event_handler.log_command:Invoking command in '/home/temur/INS-GPS-ROS2/src/ht_strap_package': PYTHONPATH=/home/temur/INS-GPS-ROS2/install/ht_strap_package/lib/python3.8/site-packages:/home/temur/INS-GPS-ROS2/install/ht_nav_variables/lib/python3.8/site-packages:/home/temur/INS-GPS-ROS2/install/ht_strap_package/lib/python3.8/site-packages:/opt/ros/foxy/lib/python3.8/site-packages /usr/bin/python3 setup.py egg_info --egg-base ../../build/ht_strap_package build --build-base /home/temur/INS-GPS-ROS2/build/ht_strap_package/build install --prefix /home/temur/INS-GPS-ROS2/install/ht_strap_package --record /home/temur/INS-GPS-ROS2/build/ht_strap_package/install.log --single-version-externally-managed
[3.003s] Level 1:colcon.colcon_core.environment:checking '/home/temur/INS-GPS-ROS2/install/ht_strap_package' for CMake module files
[3.004s] DEBUG:colcon.colcon_core.event_handler.log_command:Invoked command in '/home/temur/INS-GPS-ROS2/src/ht_strap_package' returned '0': PYTHONPATH=/home/temur/INS-GPS-ROS2/install/ht_strap_package/lib/python3.8/site-packages:/home/temur/INS-GPS-ROS2/install/ht_nav_variables/lib/python3.8/site-packages:/home/temur/INS-GPS-ROS2/install/ht_strap_package/lib/python3.8/site-packages:/opt/ros/foxy/lib/python3.8/site-packages /usr/bin/python3 setup.py egg_info --egg-base ../../build/ht_strap_package build --build-base /home/temur/INS-GPS-ROS2/build/ht_strap_package/build install --prefix /home/temur/INS-GPS-ROS2/install/ht_strap_package --record /home/temur/INS-GPS-ROS2/build/ht_strap_package/install.log --single-version-externally-managed
[3.005s] Level 1:colcon.colcon_core.environment:checking '/home/temur/INS-GPS-ROS2/install/ht_strap_package' for CMake config files
[3.007s] Level 1:colcon.colcon_core.environment:checking '/home/temur/INS-GPS-ROS2/install/ht_strap_package/lib'
[3.007s] Level 1:colcon.colcon_core.environment:checking '/home/temur/INS-GPS-ROS2/install/ht_strap_package/bin'
[3.007s] Level 1:colcon.colcon_core.environment:checking '/home/temur/INS-GPS-ROS2/install/ht_strap_package/lib/pkgconfig/ht_strap_package.pc'
[3.008s] Level 1:colcon.colcon_core.environment:checking '/home/temur/INS-GPS-ROS2/install/ht_strap_package/lib/python3.8/site-packages'
[3.008s] Level 1:colcon.colcon_core.shell:create_environment_hook('ht_strap_package', 'pythonpath')
[3.009s] INFO:colcon.colcon_core.shell:Creating environment hook '/home/temur/INS-GPS-ROS2/install/ht_strap_package/share/ht_strap_package/hook/pythonpath.ps1'
[3.010s] INFO:colcon.colcon_core.shell:Creating environment descriptor '/home/temur/INS-GPS-ROS2/install/ht_strap_package/share/ht_strap_package/hook/pythonpath.dsv'
[3.011s] INFO:colcon.colcon_core.shell:Creating environment hook '/home/temur/INS-GPS-ROS2/install/ht_strap_package/share/ht_strap_package/hook/pythonpath.sh'
[3.012s] Level 1:colcon.colcon_core.environment:create_environment_scripts_only(ht_strap_package)
[3.013s] INFO:colcon.colcon_core.shell:Creating package script '/home/temur/INS-GPS-ROS2/install/ht_strap_package/share/ht_strap_package/package.ps1'
[3.014s] INFO:colcon.colcon_core.shell:Creating package descriptor '/home/temur/INS-GPS-ROS2/install/ht_strap_package/share/ht_strap_package/package.dsv'
[3.015s] INFO:colcon.colcon_core.shell:Creating package script '/home/temur/INS-GPS-ROS2/install/ht_strap_package/share/ht_strap_package/package.sh'
[3.016s] INFO:colcon.colcon_core.shell:Creating package script '/home/temur/INS-GPS-ROS2/install/ht_strap_package/share/ht_strap_package/package.bash'
[3.017s] INFO:colcon.colcon_core.shell:Creating package script '/home/temur/INS-GPS-ROS2/install/ht_strap_package/share/ht_strap_package/package.zsh'
[3.017s] Level 1:colcon.colcon_core.environment:create_file_with_runtime_dependencies(/home/temur/INS-GPS-ROS2/install/ht_strap_package/share/colcon-core/packages/ht_strap_package)
[3.018s] DEBUG:colcon.colcon_parallel_executor.executor.parallel:closing loop
[3.019s] DEBUG:colcon.colcon_parallel_executor.executor.parallel:loop closed
[3.019s] DEBUG:colcon.colcon_parallel_executor.executor.parallel:run_until_complete finished with '0'
[3.019s] DEBUG:colcon.colcon_core.event_reactor:joining thread
[3.030s] INFO:colcon.colcon_core.plugin_system:Skipping extension 'colcon_notification.desktop_notification.terminal_notifier': Not used on non-Darwin systems
[3.030s] INFO:colcon.colcon_core.plugin_system:Skipping extension 'colcon_notification.desktop_notification.win32': Not used on non-Windows systems
[3.030s] INFO:colcon.colcon_notification.desktop_notification:Sending desktop notification using 'notify2'
[3.059s] DEBUG:colcon.colcon_core.event_reactor:joined thread
[3.060s] INFO:colcon.colcon_core.shell:Creating prefix script '/home/temur/INS-GPS-ROS2/install/local_setup.ps1'
[3.062s] INFO:colcon.colcon_core.shell:Creating prefix util module '/home/temur/INS-GPS-ROS2/install/_local_setup_util_ps1.py'
[3.065s] INFO:colcon.colcon_core.shell:Creating prefix chain script '/home/temur/INS-GPS-ROS2/install/setup.ps1'
[3.069s] INFO:colcon.colcon_core.shell:Creating prefix script '/home/temur/INS-GPS-ROS2/install/local_setup.sh'
[3.070s] INFO:colcon.colcon_core.shell:Creating prefix util module '/home/temur/INS-GPS-ROS2/install/_local_setup_util_sh.py'
[3.071s] INFO:colcon.colcon_core.shell:Creating prefix chain script '/home/temur/INS-GPS-ROS2/install/setup.sh'
[3.074s] INFO:colcon.colcon_core.shell:Creating prefix script '/home/temur/INS-GPS-ROS2/install/local_setup.bash'
[3.075s] INFO:colcon.colcon_core.shell:Creating prefix chain script '/home/temur/INS-GPS-ROS2/install/setup.bash'
[3.078s] INFO:colcon.colcon_core.shell:Creating prefix script '/home/temur/INS-GPS-ROS2/install/local_setup.zsh'
[3.079s] INFO:colcon.colcon_core.shell:Creating prefix chain script '/home/temur/INS-GPS-ROS2/install/setup.zsh'
