[0.571s] Invoking command in '/home/temur/INS-GPS-ROS2/src/ht_strap_package': AMENT_PREFIX_PATH=/home/temur/INS-GPS-ROS2/install/ht_nav_variables:${AMENT_PREFIX_PATH} CMAKE_PREFIX_PATH=/home/temur/INS-GPS-ROS2/install/ht_nav_variables:${CMAKE_PREFIX_PATH} LD_LIBRARY_PATH=/home/temur/INS-GPS-ROS2/install/ht_nav_variables/lib:${LD_LIBRARY_PATH} PYTHONPATH=/home/temur/INS-GPS-ROS2/install/ht_strap_package/lib/python3.8/site-packages:/home/temur/INS-GPS-ROS2/install/ht_nav_variables/lib/python3.8/site-packages:${PYTHONPATH} /usr/bin/python3 setup.py egg_info --egg-base ../../build/ht_strap_package build --build-base /home/temur/INS-GPS-ROS2/build/ht_strap_package/build install --prefix /home/temur/INS-GPS-ROS2/install/ht_strap_package --record /home/temur/INS-GPS-ROS2/build/ht_strap_package/install.log --single-version-externally-managed
[0.735s] running egg_info
[0.736s] writing ../../build/ht_strap_package/ht_strap_package.egg-info/PKG-INFO
[0.736s] writing dependency_links to ../../build/ht_strap_package/ht_strap_package.egg-info/dependency_links.txt
[0.737s] writing entry points to ../../build/ht_strap_package/ht_strap_package.egg-info/entry_points.txt
[0.737s] writing requirements to ../../build/ht_strap_package/ht_strap_package.egg-info/requires.txt
[0.738s] writing top-level names to ../../build/ht_strap_package/ht_strap_package.egg-info/top_level.txt
[0.770s] reading manifest file '../../build/ht_strap_package/ht_strap_package.egg-info/SOURCES.txt'
[0.772s] writing manifest file '../../build/ht_strap_package/ht_strap_package.egg-info/SOURCES.txt'
[0.772s] running build
[0.772s] running build_py
[0.772s] copying ht_strap_package/config.py -> /home/temur/INS-GPS-ROS2/build/ht_strap_package/build/lib/ht_strap_package
[0.773s] running install
[0.774s] running install_lib
[0.775s] copying /home/temur/INS-GPS-ROS2/build/ht_strap_package/build/lib/ht_strap_package/config.py -> /home/temur/INS-GPS-ROS2/install/ht_strap_package/lib/python3.8/site-packages/ht_strap_package
[0.776s] byte-compiling /home/temur/INS-GPS-ROS2/install/ht_strap_package/lib/python3.8/site-packages/ht_strap_package/config.py to config.cpython-38.pyc
[0.777s] running install_data
[0.778s] running install_egg_info
[0.779s] removing '/home/temur/INS-GPS-ROS2/install/ht_strap_package/lib/python3.8/site-packages/ht_strap_package-0.0.0-py3.8.egg-info' (and everything under it)
[0.780s] Copying ../../build/ht_strap_package/ht_strap_package.egg-info to /home/temur/INS-GPS-ROS2/install/ht_strap_package/lib/python3.8/site-packages/ht_strap_package-0.0.0-py3.8.egg-info
[0.781s] running install_scripts
[0.796s] Installing gps_data_converter_node script to /home/temur/INS-GPS-ROS2/install/ht_strap_package/lib/ht_strap_package
[0.796s] Installing gps_data_publisher_node script to /home/temur/INS-GPS-ROS2/install/ht_strap_package/lib/ht_strap_package
[0.796s] Installing ideal_gps_data_converter_node script to /home/temur/INS-GPS-ROS2/install/ht_strap_package/lib/ht_strap_package
[0.797s] Installing imu_data_converter_node script to /home/temur/INS-GPS-ROS2/install/ht_strap_package/lib/ht_strap_package
[0.797s] Installing imu_data_publisher_node script to /home/temur/INS-GPS-ROS2/install/ht_strap_package/lib/ht_strap_package
[0.798s] Installing ins_gps_node script to /home/temur/INS-GPS-ROS2/install/ht_strap_package/lib/ht_strap_package
[0.798s] Installing joint_listener_node script to /home/temur/INS-GPS-ROS2/install/ht_strap_package/lib/ht_strap_package
[0.798s] Installing listener script to /home/temur/INS-GPS-ROS2/install/ht_strap_package/lib/ht_strap_package
[0.798s] Installing my_teleop script to /home/temur/INS-GPS-ROS2/install/ht_strap_package/lib/ht_strap_package
[0.798s] Installing pseudo_controller script to /home/temur/INS-GPS-ROS2/install/ht_strap_package/lib/ht_strap_package
[0.799s] Installing strap_ins_gps_node script to /home/temur/INS-GPS-ROS2/install/ht_strap_package/lib/ht_strap_package
[0.799s] Installing strap_node script to /home/temur/INS-GPS-ROS2/install/ht_strap_package/lib/ht_strap_package
[0.799s] Installing strap_w_kalman_node script to /home/temur/INS-GPS-ROS2/install/ht_strap_package/lib/ht_strap_package
[0.799s] writing list of installed files to '/home/temur/INS-GPS-ROS2/build/ht_strap_package/install.log'
[0.825s] Invoked command in '/home/temur/INS-GPS-ROS2/src/ht_strap_package' returned '0': AMENT_PREFIX_PATH=/home/temur/INS-GPS-ROS2/install/ht_nav_variables:${AMENT_PREFIX_PATH} CMAKE_PREFIX_PATH=/home/temur/INS-GPS-ROS2/install/ht_nav_variables:${CMAKE_PREFIX_PATH} LD_LIBRARY_PATH=/home/temur/INS-GPS-ROS2/install/ht_nav_variables/lib:${LD_LIBRARY_PATH} PYTHONPATH=/home/temur/INS-GPS-ROS2/install/ht_strap_package/lib/python3.8/site-packages:/home/temur/INS-GPS-ROS2/install/ht_nav_variables/lib/python3.8/site-packages:${PYTHONPATH} /usr/bin/python3 setup.py egg_info --egg-base ../../build/ht_strap_package build --build-base /home/temur/INS-GPS-ROS2/build/ht_strap_package/build install --prefix /home/temur/INS-GPS-ROS2/install/ht_strap_package --record /home/temur/INS-GPS-ROS2/build/ht_strap_package/install.log --single-version-externally-managed
