running egg_info
writing ../../build/ht_strap_package/ht_strap_package.egg-info/PKG-INFO
writing dependency_links to ../../build/ht_strap_package/ht_strap_package.egg-info/dependency_links.txt
writing entry points to ../../build/ht_strap_package/ht_strap_package.egg-info/entry_points.txt
writing requirements to ../../build/ht_strap_package/ht_strap_package.egg-info/requires.txt
writing top-level names to ../../build/ht_strap_package/ht_strap_package.egg-info/top_level.txt
reading manifest file '../../build/ht_strap_package/ht_strap_package.egg-info/SOURCES.txt'
writing manifest file '../../build/ht_strap_package/ht_strap_package.egg-info/SOURCES.txt'
running build
running build_py
copying ht_strap_package/strap_operations.py -> /home/temur/INS-GPS-ROS2/build/ht_strap_package/build/lib/ht_strap_package
running install
running install_lib
copying /home/temur/INS-GPS-ROS2/build/ht_strap_package/build/lib/ht_strap_package/strap_operations.py -> /home/temur/INS-GPS-ROS2/install/ht_strap_package/lib/python3.8/site-packages/ht_strap_package
byte-compiling /home/temur/INS-GPS-ROS2/install/ht_strap_package/lib/python3.8/site-packages/ht_strap_package/strap_operations.py to strap_operations.cpython-38.pyc
running install_data
running install_egg_info
removing '/home/temur/INS-GPS-ROS2/install/ht_strap_package/lib/python3.8/site-packages/ht_strap_package-0.0.0-py3.8.egg-info' (and everything under it)
Copying ../../build/ht_strap_package/ht_strap_package.egg-info to /home/temur/INS-GPS-ROS2/install/ht_strap_package/lib/python3.8/site-packages/ht_strap_package-0.0.0-py3.8.egg-info
running install_scripts
Installing listener script to /home/temur/INS-GPS-ROS2/install/ht_strap_package/lib/ht_strap_package
Installing middle_man script to /home/temur/INS-GPS-ROS2/install/ht_strap_package/lib/ht_strap_package
Installing talker script to /home/temur/INS-GPS-ROS2/install/ht_strap_package/lib/ht_strap_package
writing list of installed files to '/home/temur/INS-GPS-ROS2/build/ht_strap_package/install.log'
