[0.623s] Invoking command in '/home/temur/INS-GPS-ROS2/src/ht_strap_package': PYTHONPATH=/home/temur/INS-GPS-ROS2/install/ht_strap_package/lib/python3.8/site-packages:/home/temur/INS-GPS-ROS2/install/ht_nav_variables/lib/python3.8/site-packages:/home/temur/INS-GPS-ROS2/install/ht_strap_package/lib/python3.8/site-packages:/opt/ros/foxy/lib/python3.8/site-packages /usr/bin/python3 setup.py egg_info --egg-base ../../build/ht_strap_package build --build-base /home/temur/INS-GPS-ROS2/build/ht_strap_package/build install --prefix /home/temur/INS-GPS-ROS2/install/ht_strap_package --record /home/temur/INS-GPS-ROS2/build/ht_strap_package/install.log --single-version-externally-managed
[0.813s] running egg_info
[0.814s] writing ../../build/ht_strap_package/ht_strap_package.egg-info/PKG-INFO
[0.814s] writing dependency_links to ../../build/ht_strap_package/ht_strap_package.egg-info/dependency_links.txt
[0.815s] writing entry points to ../../build/ht_strap_package/ht_strap_package.egg-info/entry_points.txt
[0.815s] writing requirements to ../../build/ht_strap_package/ht_strap_package.egg-info/requires.txt
[0.815s] writing top-level names to ../../build/ht_strap_package/ht_strap_package.egg-info/top_level.txt
[0.846s] reading manifest file '../../build/ht_strap_package/ht_strap_package.egg-info/SOURCES.txt'
[0.848s] writing manifest file '../../build/ht_strap_package/ht_strap_package.egg-info/SOURCES.txt'
[0.848s] running build
[0.848s] running build_py
[0.849s] copying ht_strap_package/config.py -> /home/temur/INS-GPS-ROS2/build/ht_strap_package/build/lib/ht_strap_package
[0.850s] running install
[0.851s] running install_lib
[0.852s] copying /home/temur/INS-GPS-ROS2/build/ht_strap_package/build/lib/ht_strap_package/config.py -> /home/temur/INS-GPS-ROS2/install/ht_strap_package/lib/python3.8/site-packages/ht_strap_package
[0.854s] byte-compiling /home/temur/INS-GPS-ROS2/install/ht_strap_package/lib/python3.8/site-packages/ht_strap_package/config.py to config.cpython-38.pyc
[0.855s] running install_data
[0.856s] running install_egg_info
[0.858s] removing '/home/temur/INS-GPS-ROS2/install/ht_strap_package/lib/python3.8/site-packages/ht_strap_package-0.0.0-py3.8.egg-info' (and everything under it)
[0.858s] Copying ../../build/ht_strap_package/ht_strap_package.egg-info to /home/temur/INS-GPS-ROS2/install/ht_strap_package/lib/python3.8/site-packages/ht_strap_package-0.0.0-py3.8.egg-info
[0.859s] running install_scripts
[0.885s] Installing gps_data_converter_node script to /home/temur/INS-GPS-ROS2/install/ht_strap_package/lib/ht_strap_package
[0.886s] Installing gps_data_publisher_node script to /home/temur/INS-GPS-ROS2/install/ht_strap_package/lib/ht_strap_package
[0.886s] Installing ideal_gps_data_converter_node script to /home/temur/INS-GPS-ROS2/install/ht_strap_package/lib/ht_strap_package
[0.886s] Installing imu_data_converter_node script to /home/temur/INS-GPS-ROS2/install/ht_strap_package/lib/ht_strap_package
[0.887s] Installing imu_data_ideal_converter_node script to /home/temur/INS-GPS-ROS2/install/ht_strap_package/lib/ht_strap_package
[0.887s] Installing imu_data_publisher_node script to /home/temur/INS-GPS-ROS2/install/ht_strap_package/lib/ht_strap_package
[0.887s] Installing ins_gps_node script to /home/temur/INS-GPS-ROS2/install/ht_strap_package/lib/ht_strap_package
[0.887s] Installing listener script to /home/temur/INS-GPS-ROS2/install/ht_strap_package/lib/ht_strap_package
[0.887s] Installing my_teleop script to /home/temur/INS-GPS-ROS2/install/ht_strap_package/lib/ht_strap_package
[0.888s] Installing pseudo_controller script to /home/temur/INS-GPS-ROS2/install/ht_strap_package/lib/ht_strap_package
[0.888s] Installing robot_listener script to /home/temur/INS-GPS-ROS2/install/ht_strap_package/lib/ht_strap_package
[0.888s] Installing robot_state_listener script to /home/temur/INS-GPS-ROS2/install/ht_strap_package/lib/ht_strap_package
[0.889s] Installing strap_ideal_node script to /home/temur/INS-GPS-ROS2/install/ht_strap_package/lib/ht_strap_package
[0.889s] Installing strap_ins_gps_node script to /home/temur/INS-GPS-ROS2/install/ht_strap_package/lib/ht_strap_package
[0.889s] Installing strap_node script to /home/temur/INS-GPS-ROS2/install/ht_strap_package/lib/ht_strap_package
[0.889s] Installing strap_onlyins_node script to /home/temur/INS-GPS-ROS2/install/ht_strap_package/lib/ht_strap_package
[0.889s] Installing strap_w_kalman_node script to /home/temur/INS-GPS-ROS2/install/ht_strap_package/lib/ht_strap_package
[0.889s] Installing teleop_constant script to /home/temur/INS-GPS-ROS2/install/ht_strap_package/lib/ht_strap_package
[0.890s] Installing teleop_controller script to /home/temur/INS-GPS-ROS2/install/ht_strap_package/lib/ht_strap_package
[0.890s] Installing tire_force_calc_node script to /home/temur/INS-GPS-ROS2/install/ht_strap_package/lib/ht_strap_package
[0.890s] writing list of installed files to '/home/temur/INS-GPS-ROS2/build/ht_strap_package/install.log'
[0.921s] Invoked command in '/home/temur/INS-GPS-ROS2/src/ht_strap_package' returned '0': PYTHONPATH=/home/temur/INS-GPS-ROS2/install/ht_strap_package/lib/python3.8/site-packages:/home/temur/INS-GPS-ROS2/install/ht_nav_variables/lib/python3.8/site-packages:/home/temur/INS-GPS-ROS2/install/ht_strap_package/lib/python3.8/site-packages:/opt/ros/foxy/lib/python3.8/site-packages /usr/bin/python3 setup.py egg_info --egg-base ../../build/ht_strap_package build --build-base /home/temur/INS-GPS-ROS2/build/ht_strap_package/build install --prefix /home/temur/INS-GPS-ROS2/install/ht_strap_package --record /home/temur/INS-GPS-ROS2/build/ht_strap_package/install.log --single-version-externally-managed
