[0.571s] Invoking command in '/home/temur/INS-GPS-ROS2/src/ht_strap_package': AMENT_PREFIX_PATH=/home/temur/INS-GPS-ROS2/install/ht_nav_variables:${AMENT_PREFIX_PATH} CMAKE_PREFIX_PATH=/home/temur/INS-GPS-ROS2/install/ht_nav_variables:${CMAKE_PREFIX_PATH} LD_LIBRARY_PATH=/home/temur/INS-GPS-ROS2/install/ht_nav_variables/lib:${LD_LIBRARY_PATH} PYTHONPATH=/home/temur/INS-GPS-ROS2/install/ht_strap_package/lib/python3.8/site-packages:/home/temur/INS-GPS-ROS2/install/ht_nav_variables/lib/python3.8/site-packages:${PYTHONPATH} /usr/bin/python3 setup.py egg_info --egg-base ../../build/ht_strap_package build --build-base /home/temur/INS-GPS-ROS2/build/ht_strap_package/build install --prefix /home/temur/INS-GPS-ROS2/install/ht_strap_package --record /home/temur/INS-GPS-ROS2/build/ht_strap_package/install.log --single-version-externally-managed
[0.732s] running egg_info
[0.733s] creating ../../build/ht_strap_package/ht_strap_package.egg-info
[0.733s] writing ../../build/ht_strap_package/ht_strap_package.egg-info/PKG-INFO
[0.733s] writing dependency_links to ../../build/ht_strap_package/ht_strap_package.egg-info/dependency_links.txt
[0.734s] writing entry points to ../../build/ht_strap_package/ht_strap_package.egg-info/entry_points.txt
[0.734s] writing requirements to ../../build/ht_strap_package/ht_strap_package.egg-info/requires.txt
[0.734s] writing top-level names to ../../build/ht_strap_package/ht_strap_package.egg-info/top_level.txt
[0.736s] writing manifest file '../../build/ht_strap_package/ht_strap_package.egg-info/SOURCES.txt'
[0.765s] reading manifest file '../../build/ht_strap_package/ht_strap_package.egg-info/SOURCES.txt'
[0.766s] writing manifest file '../../build/ht_strap_package/ht_strap_package.egg-info/SOURCES.txt'
[0.766s] running build
[0.767s] running build_py
[0.767s] creating /home/temur/INS-GPS-ROS2/build/ht_strap_package/build
[0.767s] creating /home/temur/INS-GPS-ROS2/build/ht_strap_package/build/lib
[0.768s] creating /home/temur/INS-GPS-ROS2/build/ht_strap_package/build/lib/ht_strap_package
[0.768s] copying ht_strap_package/imu_data_converter_function.py -> /home/temur/INS-GPS-ROS2/build/ht_strap_package/build/lib/ht_strap_package
[0.768s] copying ht_strap_package/strap_operations.py -> /home/temur/INS-GPS-ROS2/build/ht_strap_package/build/lib/ht_strap_package
[0.768s] copying ht_strap_package/my_teleop.py -> /home/temur/INS-GPS-ROS2/build/ht_strap_package/build/lib/ht_strap_package
[0.769s] copying ht_strap_package/strapdown.py -> /home/temur/INS-GPS-ROS2/build/ht_strap_package/build/lib/ht_strap_package
[0.769s] copying ht_strap_package/ins_gps_strap_node_function.py -> /home/temur/INS-GPS-ROS2/build/ht_strap_package/build/lib/ht_strap_package
[0.769s] copying ht_strap_package/strap_with_kalman_node_function.py -> /home/temur/INS-GPS-ROS2/build/ht_strap_package/build/lib/ht_strap_package
[0.769s] copying ht_strap_package/strap_node_function.py -> /home/temur/INS-GPS-ROS2/build/ht_strap_package/build/lib/ht_strap_package
[0.769s] copying ht_strap_package/subscriber_member_function.py -> /home/temur/INS-GPS-ROS2/build/ht_strap_package/build/lib/ht_strap_package
[0.770s] copying ht_strap_package/imu_data_publisher_function.py -> /home/temur/INS-GPS-ROS2/build/ht_strap_package/build/lib/ht_strap_package
[0.770s] copying ht_strap_package/ins_gps_node_function.py -> /home/temur/INS-GPS-ROS2/build/ht_strap_package/build/lib/ht_strap_package
[0.770s] copying ht_strap_package/gps_data_publisher_function.py -> /home/temur/INS-GPS-ROS2/build/ht_strap_package/build/lib/ht_strap_package
[0.770s] copying ht_strap_package/kalman_operations.py -> /home/temur/INS-GPS-ROS2/build/ht_strap_package/build/lib/ht_strap_package
[0.770s] copying ht_strap_package/config.py -> /home/temur/INS-GPS-ROS2/build/ht_strap_package/build/lib/ht_strap_package
[0.770s] copying ht_strap_package/main.py -> /home/temur/INS-GPS-ROS2/build/ht_strap_package/build/lib/ht_strap_package
[0.770s] copying ht_strap_package/gps_data_converter_function.py -> /home/temur/INS-GPS-ROS2/build/ht_strap_package/build/lib/ht_strap_package
[0.771s] copying ht_strap_package/ideal_gps_data_converter_function.py -> /home/temur/INS-GPS-ROS2/build/ht_strap_package/build/lib/ht_strap_package
[0.771s] copying ht_strap_package/__init__.py -> /home/temur/INS-GPS-ROS2/build/ht_strap_package/build/lib/ht_strap_package
[0.771s] copying ht_strap_package/joint_message_subscriber_function.py -> /home/temur/INS-GPS-ROS2/build/ht_strap_package/build/lib/ht_strap_package
[0.771s] copying ht_strap_package/pseudo_controller_function.py -> /home/temur/INS-GPS-ROS2/build/ht_strap_package/build/lib/ht_strap_package
[0.771s] running install
[0.771s] running install_lib
[0.771s] copying /home/temur/INS-GPS-ROS2/build/ht_strap_package/build/lib/ht_strap_package/imu_data_converter_function.py -> /home/temur/INS-GPS-ROS2/install/ht_strap_package/lib/python3.8/site-packages/ht_strap_package
[0.772s] copying /home/temur/INS-GPS-ROS2/build/ht_strap_package/build/lib/ht_strap_package/strap_operations.py -> /home/temur/INS-GPS-ROS2/install/ht_strap_package/lib/python3.8/site-packages/ht_strap_package
[0.772s] copying /home/temur/INS-GPS-ROS2/build/ht_strap_package/build/lib/ht_strap_package/my_teleop.py -> /home/temur/INS-GPS-ROS2/install/ht_strap_package/lib/python3.8/site-packages/ht_strap_package
[0.772s] copying /home/temur/INS-GPS-ROS2/build/ht_strap_package/build/lib/ht_strap_package/strapdown.py -> /home/temur/INS-GPS-ROS2/install/ht_strap_package/lib/python3.8/site-packages/ht_strap_package
[0.772s] copying /home/temur/INS-GPS-ROS2/build/ht_strap_package/build/lib/ht_strap_package/kalman_operations.py -> /home/temur/INS-GPS-ROS2/install/ht_strap_package/lib/python3.8/site-packages/ht_strap_package
[0.773s] copying /home/temur/INS-GPS-ROS2/build/ht_strap_package/build/lib/ht_strap_package/gps_data_converter_function.py -> /home/temur/INS-GPS-ROS2/install/ht_strap_package/lib/python3.8/site-packages/ht_strap_package
[0.773s] copying /home/temur/INS-GPS-ROS2/build/ht_strap_package/build/lib/ht_strap_package/ideal_gps_data_converter_function.py -> /home/temur/INS-GPS-ROS2/install/ht_strap_package/lib/python3.8/site-packages/ht_strap_package
[0.773s] copying /home/temur/INS-GPS-ROS2/build/ht_strap_package/build/lib/ht_strap_package/__init__.py -> /home/temur/INS-GPS-ROS2/install/ht_strap_package/lib/python3.8/site-packages/ht_strap_package
[0.773s] byte-compiling /home/temur/INS-GPS-ROS2/install/ht_strap_package/lib/python3.8/site-packages/ht_strap_package/imu_data_converter_function.py to imu_data_converter_function.cpython-38.pyc
[0.775s] byte-compiling /home/temur/INS-GPS-ROS2/install/ht_strap_package/lib/python3.8/site-packages/ht_strap_package/strap_operations.py to strap_operations.cpython-38.pyc
[0.777s] byte-compiling /home/temur/INS-GPS-ROS2/install/ht_strap_package/lib/python3.8/site-packages/ht_strap_package/my_teleop.py to my_teleop.cpython-38.pyc
[0.778s] byte-compiling /home/temur/INS-GPS-ROS2/install/ht_strap_package/lib/python3.8/site-packages/ht_strap_package/strapdown.py to strapdown.cpython-38.pyc
[0.779s] byte-compiling /home/temur/INS-GPS-ROS2/install/ht_strap_package/lib/python3.8/site-packages/ht_strap_package/ins_gps_strap_node_function.py to ins_gps_strap_node_function.cpython-38.pyc
[0.781s] byte-compiling /home/temur/INS-GPS-ROS2/install/ht_strap_package/lib/python3.8/site-packages/ht_strap_package/strap_with_kalman_node_function.py to strap_with_kalman_node_function.cpython-38.pyc
[0.783s] byte-compiling /home/temur/INS-GPS-ROS2/install/ht_strap_package/lib/python3.8/site-packages/ht_strap_package/strap_node_function.py to strap_node_function.cpython-38.pyc
[0.785s] byte-compiling /home/temur/INS-GPS-ROS2/install/ht_strap_package/lib/python3.8/site-packages/ht_strap_package/subscriber_member_function.py to subscriber_member_function.cpython-38.pyc
[0.785s] byte-compiling /home/temur/INS-GPS-ROS2/install/ht_strap_package/lib/python3.8/site-packages/ht_strap_package/imu_data_publisher_function.py to imu_data_publisher_function.cpython-38.pyc
[0.786s] byte-compiling /home/temur/INS-GPS-ROS2/install/ht_strap_package/lib/python3.8/site-packages/ht_strap_package/ins_gps_node_function.py to ins_gps_node_function.cpython-38.pyc
[0.788s] byte-compiling /home/temur/INS-GPS-ROS2/install/ht_strap_package/lib/python3.8/site-packages/ht_strap_package/gps_data_publisher_function.py to gps_data_publisher_function.cpython-38.pyc
[0.789s] byte-compiling /home/temur/INS-GPS-ROS2/install/ht_strap_package/lib/python3.8/site-packages/ht_strap_package/kalman_operations.py to kalman_operations.cpython-38.pyc
[0.791s] byte-compiling /home/temur/INS-GPS-ROS2/install/ht_strap_package/lib/python3.8/site-packages/ht_strap_package/config.py to config.cpython-38.pyc
[0.791s] byte-compiling /home/temur/INS-GPS-ROS2/install/ht_strap_package/lib/python3.8/site-packages/ht_strap_package/main.py to main.cpython-38.pyc
[0.793s] byte-compiling /home/temur/INS-GPS-ROS2/install/ht_strap_package/lib/python3.8/site-packages/ht_strap_package/gps_data_converter_function.py to gps_data_converter_function.cpython-38.pyc
[0.793s] byte-compiling /home/temur/INS-GPS-ROS2/install/ht_strap_package/lib/python3.8/site-packages/ht_strap_package/ideal_gps_data_converter_function.py to ideal_gps_data_converter_function.cpython-38.pyc
[0.794s] byte-compiling /home/temur/INS-GPS-ROS2/install/ht_strap_package/lib/python3.8/site-packages/ht_strap_package/__init__.py to __init__.cpython-38.pyc
[0.795s] byte-compiling /home/temur/INS-GPS-ROS2/install/ht_strap_package/lib/python3.8/site-packages/ht_strap_package/joint_message_subscriber_function.py to joint_message_subscriber_function.cpython-38.pyc
[0.795s] byte-compiling /home/temur/INS-GPS-ROS2/install/ht_strap_package/lib/python3.8/site-packages/ht_strap_package/pseudo_controller_function.py to pseudo_controller_function.cpython-38.pyc
[0.796s] running install_data
[0.797s] copying resource/ht_strap_package -> /home/temur/INS-GPS-ROS2/install/ht_strap_package/share/ament_index/resource_index/packages
[0.797s] copying launch/ht_gazebo_package.launch.py -> /home/temur/INS-GPS-ROS2/install/ht_strap_package/share/ht_strap_package/launch
[0.797s] copying launch/ht_gazebo_strap_package.launch.py -> /home/temur/INS-GPS-ROS2/install/ht_strap_package/share/ht_strap_package/launch
[0.797s] copying launch/ht_only_strap_package.launch.py -> /home/temur/INS-GPS-ROS2/install/ht_strap_package/share/ht_strap_package/launch
[0.797s] copying launch/ht_strap_package.launch.py -> /home/temur/INS-GPS-ROS2/install/ht_strap_package/share/ht_strap_package/launch
[0.798s] copying launch/ht_strap_only_ins_gps.launch.py -> /home/temur/INS-GPS-ROS2/install/ht_strap_package/share/ht_strap_package/launch
[0.798s] copying config/params.yaml -> /home/temur/INS-GPS-ROS2/install/ht_strap_package/share/ht_strap_package/config
[0.798s] running install_egg_info
[0.799s] removing '/home/temur/INS-GPS-ROS2/install/ht_strap_package/lib/python3.8/site-packages/ht_strap_package-0.0.0-py3.8.egg-info' (and everything under it)
[0.799s] Copying ../../build/ht_strap_package/ht_strap_package.egg-info to /home/temur/INS-GPS-ROS2/install/ht_strap_package/lib/python3.8/site-packages/ht_strap_package-0.0.0-py3.8.egg-info
[0.800s] running install_scripts
[0.815s] Installing gps_data_converter_node script to /home/temur/INS-GPS-ROS2/install/ht_strap_package/lib/ht_strap_package
[0.816s] Installing gps_data_publisher_node script to /home/temur/INS-GPS-ROS2/install/ht_strap_package/lib/ht_strap_package
[0.816s] Installing ideal_gps_data_converter_node script to /home/temur/INS-GPS-ROS2/install/ht_strap_package/lib/ht_strap_package
[0.816s] Installing imu_data_converter_node script to /home/temur/INS-GPS-ROS2/install/ht_strap_package/lib/ht_strap_package
[0.816s] Installing imu_data_publisher_node script to /home/temur/INS-GPS-ROS2/install/ht_strap_package/lib/ht_strap_package
[0.817s] Installing ins_gps_node script to /home/temur/INS-GPS-ROS2/install/ht_strap_package/lib/ht_strap_package
[0.817s] Installing joint_listener_node script to /home/temur/INS-GPS-ROS2/install/ht_strap_package/lib/ht_strap_package
[0.817s] Installing listener script to /home/temur/INS-GPS-ROS2/install/ht_strap_package/lib/ht_strap_package
[0.818s] Installing my_teleop script to /home/temur/INS-GPS-ROS2/install/ht_strap_package/lib/ht_strap_package
[0.818s] Installing pseudo_controller script to /home/temur/INS-GPS-ROS2/install/ht_strap_package/lib/ht_strap_package
[0.818s] Installing strap_ins_gps_node script to /home/temur/INS-GPS-ROS2/install/ht_strap_package/lib/ht_strap_package
[0.818s] Installing strap_node script to /home/temur/INS-GPS-ROS2/install/ht_strap_package/lib/ht_strap_package
[0.818s] Installing strap_w_kalman_node script to /home/temur/INS-GPS-ROS2/install/ht_strap_package/lib/ht_strap_package
[0.818s] writing list of installed files to '/home/temur/INS-GPS-ROS2/build/ht_strap_package/install.log'
[0.845s] Invoked command in '/home/temur/INS-GPS-ROS2/src/ht_strap_package' returned '0': AMENT_PREFIX_PATH=/home/temur/INS-GPS-ROS2/install/ht_nav_variables:${AMENT_PREFIX_PATH} CMAKE_PREFIX_PATH=/home/temur/INS-GPS-ROS2/install/ht_nav_variables:${CMAKE_PREFIX_PATH} LD_LIBRARY_PATH=/home/temur/INS-GPS-ROS2/install/ht_nav_variables/lib:${LD_LIBRARY_PATH} PYTHONPATH=/home/temur/INS-GPS-ROS2/install/ht_strap_package/lib/python3.8/site-packages:/home/temur/INS-GPS-ROS2/install/ht_nav_variables/lib/python3.8/site-packages:${PYTHONPATH} /usr/bin/python3 setup.py egg_info --egg-base ../../build/ht_strap_package build --build-base /home/temur/INS-GPS-ROS2/build/ht_strap_package/build install --prefix /home/temur/INS-GPS-ROS2/install/ht_strap_package --record /home/temur/INS-GPS-ROS2/build/ht_strap_package/install.log --single-version-externally-managed
