[0.021s] Invoking command in '/home/temurtas/INS-GPS-ROS2/build/ht_nav_variables': CMAKE_PREFIX_PATH=/opt/ros/foxy /usr/bin/cmake /home/temurtas/INS-GPS-ROS2/src/ht_nav_variables -DCMAKE_INSTALL_PREFIX=/home/temurtas/INS-GPS-ROS2/install/ht_nav_variables
[0.093s] -- The C compiler identification is GNU 9.3.0
[0.159s] -- The CXX compiler identification is GNU 9.3.0
[0.163s] -- Check for working C compiler: /usr/bin/cc
[0.251s] -- Check for working C compiler: /usr/bin/cc -- works
[0.254s] -- Detecting C compiler ABI info
[0.347s] -- Detecting C compiler ABI info - done
[0.368s] -- Detecting C compile features
[0.368s] -- Detecting C compile features - done
[0.370s] -- Check for working CXX compiler: /usr/bin/c++
[0.469s] -- Check for working CXX compiler: /usr/bin/c++ -- works
[0.471s] -- Detecting CXX compiler ABI info
[0.562s] -- Detecting CXX compiler ABI info - done
[0.578s] -- Detecting CXX compile features
[0.578s] -- Detecting CXX compile features - done
[0.580s] -- Found ament_cmake: 0.9.8 (/opt/ros/foxy/share/ament_cmake/cmake)
[0.609s] -- Found PythonInterp: /usr/bin/python3 (found suitable version "3.8.10", minimum required is "3") 
[0.609s] -- Using PYTHON_EXECUTABLE: /usr/bin/python3
[0.778s] CMake Error at CMakeLists.txt:24 (rosidl_generate_interfaces):
[0.779s]   Unknown CMake command "rosidl_generate_interfaces".
[0.779s] 
[0.779s] 
[0.779s] -- Configuring incomplete, errors occurred!
[0.780s] See also "/home/temurtas/INS-GPS-ROS2/build/ht_nav_variables/CMakeFiles/CMakeOutput.log".
[0.783s] Invoked command in '/home/temurtas/INS-GPS-ROS2/build/ht_nav_variables' returned '1': CMAKE_PREFIX_PATH=/opt/ros/foxy /usr/bin/cmake /home/temurtas/INS-GPS-ROS2/src/ht_nav_variables -DCMAKE_INSTALL_PREFIX=/home/temurtas/INS-GPS-ROS2/install/ht_nav_variables
