[0.033s] Invoking command in '/home/temurtas/INS-GPS-ROS2/build/ht_nav_variables': CMAKE_PREFIX_PATH=${CMAKE_PREFIX_PATH}:/home/temurtas/ws/install/opencv_tests:/opt/ros/foxy /usr/bin/cmake --build /home/temurtas/INS-GPS-ROS2/build/ht_nav_variables -- -j12 -l12
[0.144s] [  0%] Built target ht_nav_variables__cpp
[0.157s] [ 12%] Built target ht_nav_variables__rosidl_generator_c
[0.189s] [ 24%] Built target ht_nav_variables__rosidl_typesupport_cpp
[0.193s] [ 36%] Built target ht_nav_variables__rosidl_typesupport_introspection_cpp
[0.204s] [ 47%] Built target ht_nav_variables__rosidl_typesupport_fastrtps_cpp
[0.205s] [ 70%] Built target ht_nav_variables__rosidl_typesupport_introspection_c
[0.205s] [ 70%] Built target ht_nav_variables__rosidl_typesupport_c
[0.268s] [ 82%] Built target ht_nav_variables__rosidl_typesupport_fastrtps_c
[0.311s] [ 82%] Built target ht_nav_variables
[0.352s] [ 83%] Built target ht_nav_variables__py
[0.420s] [ 94%] Built target ht_nav_variables__python
[0.473s] [ 98%] Built target ht_nav_variables__rosidl_typesupport_introspection_c__pyext
[0.474s] [ 98%] Built target ht_nav_variables__rosidl_typesupport_fastrtps_c__pyext
[0.481s] [100%] Built target ht_nav_variables__rosidl_typesupport_c__pyext
[0.506s] Invoked command in '/home/temurtas/INS-GPS-ROS2/build/ht_nav_variables' returned '0': CMAKE_PREFIX_PATH=${CMAKE_PREFIX_PATH}:/home/temurtas/ws/install/opencv_tests:/opt/ros/foxy /usr/bin/cmake --build /home/temurtas/INS-GPS-ROS2/build/ht_nav_variables -- -j12 -l12
[0.938s] Invoking command in '/home/temurtas/INS-GPS-ROS2/build/ht_nav_variables': CMAKE_PREFIX_PATH=${CMAKE_PREFIX_PATH}:/home/temurtas/ws/install/opencv_tests:/opt/ros/foxy /usr/bin/cmake --install /home/temurtas/INS-GPS-ROS2/build/ht_nav_variables
[0.960s] -- Install configuration: ""
[0.960s] -- Up-to-date: /home/temurtas/INS-GPS-ROS2/install/ht_nav_variables/share/ament_index/resource_index/rosidl_interfaces/ht_nav_variables
[0.961s] -- Up-to-date: /home/temurtas/INS-GPS-ROS2/install/ht_nav_variables/include/ht_nav_variables
[0.961s] -- Up-to-date: /home/temurtas/INS-GPS-ROS2/install/ht_nav_variables/include/ht_nav_variables/msg
[0.961s] -- Up-to-date: /home/temurtas/INS-GPS-ROS2/install/ht_nav_variables/include/ht_nav_variables/msg/ht_nav_point.h
[0.962s] -- Up-to-date: /home/temurtas/INS-GPS-ROS2/install/ht_nav_variables/include/ht_nav_variables/msg/ht_nav_kalman_out.h
[0.962s] -- Up-to-date: /home/temurtas/INS-GPS-ROS2/install/ht_nav_variables/include/ht_nav_variables/msg/ht_nav_strap_out.h
[0.962s] -- Up-to-date: /home/temurtas/INS-GPS-ROS2/install/ht_nav_variables/include/ht_nav_variables/msg/ht_nav_euler.h
[0.962s] -- Up-to-date: /home/temurtas/INS-GPS-ROS2/install/ht_nav_variables/include/ht_nav_variables/msg/ht_nav_quaternion.h
[0.962s] -- Up-to-date: /home/temurtas/INS-GPS-ROS2/install/ht_nav_variables/include/ht_nav_variables/msg/ht_nav_deneme.h
[0.963s] -- Up-to-date: /home/temurtas/INS-GPS-ROS2/install/ht_nav_variables/include/ht_nav_variables/msg/ht_nav_vector3.h
[0.963s] -- Up-to-date: /home/temurtas/INS-GPS-ROS2/install/ht_nav_variables/include/ht_nav_variables/msg/ht_nav_gps_data.h
[0.963s] -- Up-to-date: /home/temurtas/INS-GPS-ROS2/install/ht_nav_variables/include/ht_nav_variables/msg/ht_nav_imu_data.h
[0.963s] -- Up-to-date: /home/temurtas/INS-GPS-ROS2/install/ht_nav_variables/include/ht_nav_variables/msg/rosidl_generator_c__visibility_control.h
[0.963s] -- Up-to-date: /home/temurtas/INS-GPS-ROS2/install/ht_nav_variables/include/ht_nav_variables/msg/ht_nav_error_vector.h
[0.963s] -- Up-to-date: /home/temurtas/INS-GPS-ROS2/install/ht_nav_variables/include/ht_nav_variables/msg/detail
[0.964s] -- Up-to-date: /home/temurtas/INS-GPS-ROS2/install/ht_nav_variables/include/ht_nav_variables/msg/detail/ht_nav_gps_data__functions.h
[0.964s] -- Up-to-date: /home/temurtas/INS-GPS-ROS2/install/ht_nav_variables/include/ht_nav_variables/msg/detail/ht_nav_euler__functions.c
[0.964s] -- Up-to-date: /home/temurtas/INS-GPS-ROS2/install/ht_nav_variables/include/ht_nav_variables/msg/detail/ht_nav_kalman_out__type_support.h
[0.965s] -- Up-to-date: /home/temurtas/INS-GPS-ROS2/install/ht_nav_variables/include/ht_nav_variables/msg/detail/ht_nav_imu_data__type_support.h
[0.965s] -- Up-to-date: /home/temurtas/INS-GPS-ROS2/install/ht_nav_variables/include/ht_nav_variables/msg/detail/ht_nav_point__type_support.h
[0.965s] -- Up-to-date: /home/temurtas/INS-GPS-ROS2/install/ht_nav_variables/include/ht_nav_variables/msg/detail/ht_nav_strap_out__type_support.h
[0.965s] -- Up-to-date: /home/temurtas/INS-GPS-ROS2/install/ht_nav_variables/include/ht_nav_variables/msg/detail/ht_nav_vector3__type_support.h
[0.965s] -- Up-to-date: /home/temurtas/INS-GPS-ROS2/install/ht_nav_variables/include/ht_nav_variables/msg/detail/ht_nav_quaternion__type_support.h
[0.966s] -- Up-to-date: /home/temurtas/INS-GPS-ROS2/install/ht_nav_variables/include/ht_nav_variables/msg/detail/ht_nav_euler__functions.h
[0.966s] -- Up-to-date: /home/temurtas/INS-GPS-ROS2/install/ht_nav_variables/include/ht_nav_variables/msg/detail/ht_nav_euler__struct.h
[0.966s] -- Up-to-date: /home/temurtas/INS-GPS-ROS2/install/ht_nav_variables/include/ht_nav_variables/msg/detail/ht_nav_strap_out__struct.h
[0.966s] -- Up-to-date: /home/temurtas/INS-GPS-ROS2/install/ht_nav_variables/include/ht_nav_variables/msg/detail/ht_nav_gps_data__type_support.h
[0.966s] -- Up-to-date: /home/temurtas/INS-GPS-ROS2/install/ht_nav_variables/include/ht_nav_variables/msg/detail/ht_nav_strap_out__functions.h
[0.967s] -- Up-to-date: /home/temurtas/INS-GPS-ROS2/install/ht_nav_variables/include/ht_nav_variables/msg/detail/ht_nav_deneme__functions.c
[0.967s] -- Up-to-date: /home/temurtas/INS-GPS-ROS2/install/ht_nav_variables/include/ht_nav_variables/msg/detail/ht_nav_error_vector__functions.c
[0.967s] -- Up-to-date: /home/temurtas/INS-GPS-ROS2/install/ht_nav_variables/include/ht_nav_variables/msg/detail/ht_nav_vector3__functions.h
[0.968s] -- Up-to-date: /home/temurtas/INS-GPS-ROS2/install/ht_nav_variables/include/ht_nav_variables/msg/detail/ht_nav_point__struct.h
[0.968s] -- Up-to-date: /home/temurtas/INS-GPS-ROS2/install/ht_nav_variables/include/ht_nav_variables/msg/detail/ht_nav_vector3__functions.c
[0.968s] -- Up-to-date: /home/temurtas/INS-GPS-ROS2/install/ht_nav_variables/include/ht_nav_variables/msg/detail/ht_nav_deneme__functions.h
[0.968s] -- Up-to-date: /home/temurtas/INS-GPS-ROS2/install/ht_nav_variables/include/ht_nav_variables/msg/detail/ht_nav_imu_data__functions.c
[0.968s] -- Up-to-date: /home/temurtas/INS-GPS-ROS2/install/ht_nav_variables/include/ht_nav_variables/msg/detail/ht_nav_strap_out__functions.c
[0.968s] -- Up-to-date: /home/temurtas/INS-GPS-ROS2/install/ht_nav_variables/include/ht_nav_variables/msg/detail/ht_nav_deneme__struct.h
[0.969s] -- Up-to-date: /home/temurtas/INS-GPS-ROS2/install/ht_nav_variables/include/ht_nav_variables/msg/detail/ht_nav_error_vector__type_support.h
[0.969s] -- Up-to-date: /home/temurtas/INS-GPS-ROS2/install/ht_nav_variables/include/ht_nav_variables/msg/detail/ht_nav_deneme__type_support.h
[0.969s] -- Up-to-date: /home/temurtas/INS-GPS-ROS2/install/ht_nav_variables/include/ht_nav_variables/msg/detail/ht_nav_quaternion__functions.h
[0.969s] -- Up-to-date: /home/temurtas/INS-GPS-ROS2/install/ht_nav_variables/include/ht_nav_variables/msg/detail/ht_nav_imu_data__struct.h
[0.969s] -- Up-to-date: /home/temurtas/INS-GPS-ROS2/install/ht_nav_variables/include/ht_nav_variables/msg/detail/ht_nav_quaternion__functions.c
[0.969s] -- Up-to-date: /home/temurtas/INS-GPS-ROS2/install/ht_nav_variables/include/ht_nav_variables/msg/detail/ht_nav_kalman_out__functions.h
[0.969s] -- Up-to-date: /home/temurtas/INS-GPS-ROS2/install/ht_nav_variables/include/ht_nav_variables/msg/detail/ht_nav_point__functions.h
[0.970s] -- Up-to-date: /home/temurtas/INS-GPS-ROS2/install/ht_nav_variables/include/ht_nav_variables/msg/detail/ht_nav_point__functions.c
[0.970s] -- Up-to-date: /home/temurtas/INS-GPS-ROS2/install/ht_nav_variables/include/ht_nav_variables/msg/detail/ht_nav_gps_data__struct.h
[0.970s] -- Up-to-date: /home/temurtas/INS-GPS-ROS2/install/ht_nav_variables/include/ht_nav_variables/msg/detail/ht_nav_gps_data__functions.c
[0.970s] -- Up-to-date: /home/temurtas/INS-GPS-ROS2/install/ht_nav_variables/include/ht_nav_variables/msg/detail/ht_nav_kalman_out__struct.h
[0.970s] -- Up-to-date: /home/temurtas/INS-GPS-ROS2/install/ht_nav_variables/include/ht_nav_variables/msg/detail/ht_nav_imu_data__functions.h
[0.970s] -- Up-to-date: /home/temurtas/INS-GPS-ROS2/install/ht_nav_variables/include/ht_nav_variables/msg/detail/ht_nav_error_vector__functions.h
[0.971s] -- Up-to-date: /home/temurtas/INS-GPS-ROS2/install/ht_nav_variables/include/ht_nav_variables/msg/detail/ht_nav_error_vector__struct.h
[0.971s] -- Up-to-date: /home/temurtas/INS-GPS-ROS2/install/ht_nav_variables/include/ht_nav_variables/msg/detail/ht_nav_quaternion__struct.h
[0.971s] -- Up-to-date: /home/temurtas/INS-GPS-ROS2/install/ht_nav_variables/include/ht_nav_variables/msg/detail/ht_nav_kalman_out__functions.c
[0.971s] -- Up-to-date: /home/temurtas/INS-GPS-ROS2/install/ht_nav_variables/include/ht_nav_variables/msg/detail/ht_nav_euler__type_support.h
[0.971s] -- Up-to-date: /home/temurtas/INS-GPS-ROS2/install/ht_nav_variables/include/ht_nav_variables/msg/detail/ht_nav_vector3__struct.h
[0.971s] -- Up-to-date: /home/temurtas/INS-GPS-ROS2/install/ht_nav_variables/share/ht_nav_variables/environment/library_path.sh
[0.972s] -- Up-to-date: /home/temurtas/INS-GPS-ROS2/install/ht_nav_variables/share/ht_nav_variables/environment/library_path.dsv
[0.972s] -- Up-to-date: /home/temurtas/INS-GPS-ROS2/install/ht_nav_variables/lib/libht_nav_variables__rosidl_generator_c.so
[0.972s] -- Up-to-date: /home/temurtas/INS-GPS-ROS2/install/ht_nav_variables/include/ht_nav_variables
[0.972s] -- Up-to-date: /home/temurtas/INS-GPS-ROS2/install/ht_nav_variables/include/ht_nav_variables/msg
[0.972s] -- Up-to-date: /home/temurtas/INS-GPS-ROS2/install/ht_nav_variables/include/ht_nav_variables/msg/rosidl_typesupport_fastrtps_c__visibility_control.h
[0.972s] -- Up-to-date: /home/temurtas/INS-GPS-ROS2/install/ht_nav_variables/include/ht_nav_variables/msg/detail
[0.972s] -- Up-to-date: /home/temurtas/INS-GPS-ROS2/install/ht_nav_variables/include/ht_nav_variables/msg/detail/ht_nav_strap_out__rosidl_typesupport_fastrtps_c.h
[0.972s] -- Up-to-date: /home/temurtas/INS-GPS-ROS2/install/ht_nav_variables/include/ht_nav_variables/msg/detail/ht_nav_gps_data__rosidl_typesupport_fastrtps_c.h
[0.972s] -- Up-to-date: /home/temurtas/INS-GPS-ROS2/install/ht_nav_variables/include/ht_nav_variables/msg/detail/ht_nav_error_vector__rosidl_typesupport_fastrtps_c.h
[0.972s] -- Up-to-date: /home/temurtas/INS-GPS-ROS2/install/ht_nav_variables/include/ht_nav_variables/msg/detail/ht_nav_vector3__rosidl_typesupport_fastrtps_c.h
[0.973s] -- Up-to-date: /home/temurtas/INS-GPS-ROS2/install/ht_nav_variables/include/ht_nav_variables/msg/detail/ht_nav_kalman_out__rosidl_typesupport_fastrtps_c.h
[0.973s] -- Up-to-date: /home/temurtas/INS-GPS-ROS2/install/ht_nav_variables/include/ht_nav_variables/msg/detail/ht_nav_quaternion__rosidl_typesupport_fastrtps_c.h
[0.973s] -- Up-to-date: /home/temurtas/INS-GPS-ROS2/install/ht_nav_variables/include/ht_nav_variables/msg/detail/ht_nav_deneme__rosidl_typesupport_fastrtps_c.h
[0.973s] -- Up-to-date: /home/temurtas/INS-GPS-ROS2/install/ht_nav_variables/include/ht_nav_variables/msg/detail/ht_nav_point__rosidl_typesupport_fastrtps_c.h
[0.973s] -- Up-to-date: /home/temurtas/INS-GPS-ROS2/install/ht_nav_variables/include/ht_nav_variables/msg/detail/ht_nav_euler__rosidl_typesupport_fastrtps_c.h
[0.973s] -- Up-to-date: /home/temurtas/INS-GPS-ROS2/install/ht_nav_variables/include/ht_nav_variables/msg/detail/ht_nav_imu_data__rosidl_typesupport_fastrtps_c.h
[0.973s] -- Up-to-date: /home/temurtas/INS-GPS-ROS2/install/ht_nav_variables/lib/libht_nav_variables__rosidl_typesupport_fastrtps_c.so
[0.973s] -- Up-to-date: /home/temurtas/INS-GPS-ROS2/install/ht_nav_variables/include/ht_nav_variables
[0.973s] -- Up-to-date: /home/temurtas/INS-GPS-ROS2/install/ht_nav_variables/include/ht_nav_variables/msg
[0.973s] -- Up-to-date: /home/temurtas/INS-GPS-ROS2/install/ht_nav_variables/include/ht_nav_variables/msg/rosidl_typesupport_fastrtps_cpp__visibility_control.h
[0.973s] -- Up-to-date: /home/temurtas/INS-GPS-ROS2/install/ht_nav_variables/include/ht_nav_variables/msg/detail
[0.974s] -- Up-to-date: /home/temurtas/INS-GPS-ROS2/install/ht_nav_variables/include/ht_nav_variables/msg/detail/ht_nav_deneme__rosidl_typesupport_fastrtps_cpp.hpp
[0.974s] -- Up-to-date: /home/temurtas/INS-GPS-ROS2/install/ht_nav_variables/include/ht_nav_variables/msg/detail/ht_nav_point__rosidl_typesupport_fastrtps_cpp.hpp
[0.974s] -- Up-to-date: /home/temurtas/INS-GPS-ROS2/install/ht_nav_variables/include/ht_nav_variables/msg/detail/ht_nav_vector3__rosidl_typesupport_fastrtps_cpp.hpp
[0.974s] -- Up-to-date: /home/temurtas/INS-GPS-ROS2/install/ht_nav_variables/include/ht_nav_variables/msg/detail/ht_nav_error_vector__rosidl_typesupport_fastrtps_cpp.hpp
[0.974s] -- Up-to-date: /home/temurtas/INS-GPS-ROS2/install/ht_nav_variables/include/ht_nav_variables/msg/detail/ht_nav_gps_data__rosidl_typesupport_fastrtps_cpp.hpp
[0.974s] -- Up-to-date: /home/temurtas/INS-GPS-ROS2/install/ht_nav_variables/include/ht_nav_variables/msg/detail/ht_nav_kalman_out__rosidl_typesupport_fastrtps_cpp.hpp
[0.974s] -- Up-to-date: /home/temurtas/INS-GPS-ROS2/install/ht_nav_variables/include/ht_nav_variables/msg/detail/ht_nav_imu_data__rosidl_typesupport_fastrtps_cpp.hpp
[0.974s] -- Up-to-date: /home/temurtas/INS-GPS-ROS2/install/ht_nav_variables/include/ht_nav_variables/msg/detail/ht_nav_strap_out__rosidl_typesupport_fastrtps_cpp.hpp
[0.974s] -- Up-to-date: /home/temurtas/INS-GPS-ROS2/install/ht_nav_variables/include/ht_nav_variables/msg/detail/ht_nav_quaternion__rosidl_typesupport_fastrtps_cpp.hpp
[0.974s] -- Up-to-date: /home/temurtas/INS-GPS-ROS2/install/ht_nav_variables/include/ht_nav_variables/msg/detail/ht_nav_euler__rosidl_typesupport_fastrtps_cpp.hpp
[0.974s] -- Up-to-date: /home/temurtas/INS-GPS-ROS2/install/ht_nav_variables/include/ht_nav_variables/msg/detail/dds_fastrtps
[0.974s] -- Up-to-date: /home/temurtas/INS-GPS-ROS2/install/ht_nav_variables/lib/libht_nav_variables__rosidl_typesupport_fastrtps_cpp.so
[0.975s] -- Up-to-date: /home/temurtas/INS-GPS-ROS2/install/ht_nav_variables/include/ht_nav_variables
[0.975s] -- Up-to-date: /home/temurtas/INS-GPS-ROS2/install/ht_nav_variables/include/ht_nav_variables/msg
[0.975s] -- Up-to-date: /home/temurtas/INS-GPS-ROS2/install/ht_nav_variables/include/ht_nav_variables/msg/rosidl_typesupport_introspection_c__visibility_control.h
[0.975s] -- Up-to-date: /home/temurtas/INS-GPS-ROS2/install/ht_nav_variables/include/ht_nav_variables/msg/detail
[0.975s] -- Up-to-date: /home/temurtas/INS-GPS-ROS2/install/ht_nav_variables/include/ht_nav_variables/msg/detail/ht_nav_imu_data__rosidl_typesupport_introspection_c.h
[0.975s] -- Up-to-date: /home/temurtas/INS-GPS-ROS2/install/ht_nav_variables/include/ht_nav_variables/msg/detail/ht_nav_error_vector__rosidl_typesupport_introspection_c.h
[0.975s] -- Up-to-date: /home/temurtas/INS-GPS-ROS2/install/ht_nav_variables/include/ht_nav_variables/msg/detail/ht_nav_vector3__rosidl_typesupport_introspection_c.h
[0.975s] -- Up-to-date: /home/temurtas/INS-GPS-ROS2/install/ht_nav_variables/include/ht_nav_variables/msg/detail/ht_nav_euler__rosidl_typesupport_introspection_c.h
[0.976s] -- Up-to-date: /home/temurtas/INS-GPS-ROS2/install/ht_nav_variables/include/ht_nav_variables/msg/detail/ht_nav_deneme__type_support.c
[0.976s] -- Up-to-date: /home/temurtas/INS-GPS-ROS2/install/ht_nav_variables/include/ht_nav_variables/msg/detail/ht_nav_euler__type_support.c
[0.976s] -- Up-to-date: /home/temurtas/INS-GPS-ROS2/install/ht_nav_variables/include/ht_nav_variables/msg/detail/ht_nav_imu_data__type_support.c
[0.976s] -- Up-to-date: /home/temurtas/INS-GPS-ROS2/install/ht_nav_variables/include/ht_nav_variables/msg/detail/ht_nav_strap_out__type_support.c
[0.976s] -- Up-to-date: /home/temurtas/INS-GPS-ROS2/install/ht_nav_variables/include/ht_nav_variables/msg/detail/ht_nav_point__rosidl_typesupport_introspection_c.h
[0.976s] -- Up-to-date: /home/temurtas/INS-GPS-ROS2/install/ht_nav_variables/include/ht_nav_variables/msg/detail/ht_nav_error_vector__type_support.c
[0.976s] -- Up-to-date: /home/temurtas/INS-GPS-ROS2/install/ht_nav_variables/include/ht_nav_variables/msg/detail/ht_nav_deneme__rosidl_typesupport_introspection_c.h
[0.976s] -- Up-to-date: /home/temurtas/INS-GPS-ROS2/install/ht_nav_variables/include/ht_nav_variables/msg/detail/ht_nav_quaternion__rosidl_typesupport_introspection_c.h
[0.976s] -- Up-to-date: /home/temurtas/INS-GPS-ROS2/install/ht_nav_variables/include/ht_nav_variables/msg/detail/ht_nav_gps_data__type_support.c
[0.976s] -- Up-to-date: /home/temurtas/INS-GPS-ROS2/install/ht_nav_variables/include/ht_nav_variables/msg/detail/ht_nav_strap_out__rosidl_typesupport_introspection_c.h
[0.976s] -- Up-to-date: /home/temurtas/INS-GPS-ROS2/install/ht_nav_variables/include/ht_nav_variables/msg/detail/ht_nav_point__type_support.c
[0.976s] -- Up-to-date: /home/temurtas/INS-GPS-ROS2/install/ht_nav_variables/include/ht_nav_variables/msg/detail/ht_nav_gps_data__rosidl_typesupport_introspection_c.h
[0.977s] -- Up-to-date: /home/temurtas/INS-GPS-ROS2/install/ht_nav_variables/include/ht_nav_variables/msg/detail/ht_nav_kalman_out__type_support.c
[0.977s] -- Up-to-date: /home/temurtas/INS-GPS-ROS2/install/ht_nav_variables/include/ht_nav_variables/msg/detail/ht_nav_quaternion__type_support.c
[0.977s] -- Up-to-date: /home/temurtas/INS-GPS-ROS2/install/ht_nav_variables/include/ht_nav_variables/msg/detail/ht_nav_kalman_out__rosidl_typesupport_introspection_c.h
[0.977s] -- Up-to-date: /home/temurtas/INS-GPS-ROS2/install/ht_nav_variables/include/ht_nav_variables/msg/detail/ht_nav_vector3__type_support.c
[0.977s] -- Up-to-date: /home/temurtas/INS-GPS-ROS2/install/ht_nav_variables/lib/libht_nav_variables__rosidl_typesupport_introspection_c.so
[0.977s] -- Up-to-date: /home/temurtas/INS-GPS-ROS2/install/ht_nav_variables/lib/libht_nav_variables__rosidl_typesupport_c.so
[0.977s] -- Up-to-date: /home/temurtas/INS-GPS-ROS2/install/ht_nav_variables/include/ht_nav_variables
[0.977s] -- Up-to-date: /home/temurtas/INS-GPS-ROS2/install/ht_nav_variables/include/ht_nav_variables/msg
[0.977s] -- Up-to-date: /home/temurtas/INS-GPS-ROS2/install/ht_nav_variables/include/ht_nav_variables/msg/ht_nav_euler.hpp
[0.977s] -- Up-to-date: /home/temurtas/INS-GPS-ROS2/install/ht_nav_variables/include/ht_nav_variables/msg/ht_nav_error_vector.hpp
[0.977s] -- Up-to-date: /home/temurtas/INS-GPS-ROS2/install/ht_nav_variables/include/ht_nav_variables/msg/ht_nav_deneme.hpp
[0.978s] -- Up-to-date: /home/temurtas/INS-GPS-ROS2/install/ht_nav_variables/include/ht_nav_variables/msg/ht_nav_strap_out.hpp
[0.978s] -- Up-to-date: /home/temurtas/INS-GPS-ROS2/install/ht_nav_variables/include/ht_nav_variables/msg/ht_nav_vector3.hpp
[0.978s] -- Up-to-date: /home/temurtas/INS-GPS-ROS2/install/ht_nav_variables/include/ht_nav_variables/msg/ht_nav_kalman_out.hpp
[0.978s] -- Up-to-date: /home/temurtas/INS-GPS-ROS2/install/ht_nav_variables/include/ht_nav_variables/msg/ht_nav_point.hpp
[0.978s] -- Up-to-date: /home/temurtas/INS-GPS-ROS2/install/ht_nav_variables/include/ht_nav_variables/msg/ht_nav_imu_data.hpp
[0.978s] -- Up-to-date: /home/temurtas/INS-GPS-ROS2/install/ht_nav_variables/include/ht_nav_variables/msg/ht_nav_gps_data.hpp
[0.978s] -- Up-to-date: /home/temurtas/INS-GPS-ROS2/install/ht_nav_variables/include/ht_nav_variables/msg/ht_nav_quaternion.hpp
[0.978s] -- Up-to-date: /home/temurtas/INS-GPS-ROS2/install/ht_nav_variables/include/ht_nav_variables/msg/detail
[0.978s] -- Up-to-date: /home/temurtas/INS-GPS-ROS2/install/ht_nav_variables/include/ht_nav_variables/msg/detail/ht_nav_deneme__builder.hpp
[0.978s] -- Up-to-date: /home/temurtas/INS-GPS-ROS2/install/ht_nav_variables/include/ht_nav_variables/msg/detail/ht_nav_vector3__builder.hpp
[0.978s] -- Up-to-date: /home/temurtas/INS-GPS-ROS2/install/ht_nav_variables/include/ht_nav_variables/msg/detail/ht_nav_deneme__traits.hpp
[0.979s] -- Up-to-date: /home/temurtas/INS-GPS-ROS2/install/ht_nav_variables/include/ht_nav_variables/msg/detail/ht_nav_imu_data__builder.hpp
[0.979s] -- Up-to-date: /home/temurtas/INS-GPS-ROS2/install/ht_nav_variables/include/ht_nav_variables/msg/detail/ht_nav_vector3__traits.hpp
[0.979s] -- Up-to-date: /home/temurtas/INS-GPS-ROS2/install/ht_nav_variables/include/ht_nav_variables/msg/detail/ht_nav_deneme__struct.hpp
[0.979s] -- Up-to-date: /home/temurtas/INS-GPS-ROS2/install/ht_nav_variables/include/ht_nav_variables/msg/detail/ht_nav_quaternion__struct.hpp
[0.979s] -- Up-to-date: /home/temurtas/INS-GPS-ROS2/install/ht_nav_variables/include/ht_nav_variables/msg/detail/ht_nav_gps_data__struct.hpp
[0.979s] -- Up-to-date: /home/temurtas/INS-GPS-ROS2/install/ht_nav_variables/include/ht_nav_variables/msg/detail/ht_nav_strap_out__struct.hpp
[0.979s] -- Up-to-date: /home/temurtas/INS-GPS-ROS2/install/ht_nav_variables/include/ht_nav_variables/msg/detail/ht_nav_point__builder.hpp
[0.980s] -- Up-to-date: /home/temurtas/INS-GPS-ROS2/install/ht_nav_variables/include/ht_nav_variables/msg/detail/ht_nav_quaternion__traits.hpp
[0.980s] -- Up-to-date: /home/temurtas/INS-GPS-ROS2/install/ht_nav_variables/include/ht_nav_variables/msg/detail/ht_nav_strap_out__builder.hpp
[0.980s] -- Up-to-date: /home/temurtas/INS-GPS-ROS2/install/ht_nav_variables/include/ht_nav_variables/msg/detail/ht_nav_euler__struct.hpp
[0.980s] -- Up-to-date: /home/temurtas/INS-GPS-ROS2/install/ht_nav_variables/include/ht_nav_variables/msg/detail/ht_nav_imu_data__struct.hpp
[0.980s] -- Up-to-date: /home/temurtas/INS-GPS-ROS2/install/ht_nav_variables/include/ht_nav_variables/msg/detail/ht_nav_error_vector__traits.hpp
[0.980s] -- Up-to-date: /home/temurtas/INS-GPS-ROS2/install/ht_nav_variables/include/ht_nav_variables/msg/detail/ht_nav_error_vector__builder.hpp
[0.980s] -- Up-to-date: /home/temurtas/INS-GPS-ROS2/install/ht_nav_variables/include/ht_nav_variables/msg/detail/ht_nav_vector3__struct.hpp
[0.980s] -- Up-to-date: /home/temurtas/INS-GPS-ROS2/install/ht_nav_variables/include/ht_nav_variables/msg/detail/ht_nav_kalman_out__struct.hpp
[0.980s] -- Up-to-date: /home/temurtas/INS-GPS-ROS2/install/ht_nav_variables/include/ht_nav_variables/msg/detail/ht_nav_euler__builder.hpp
[0.980s] -- Up-to-date: /home/temurtas/INS-GPS-ROS2/install/ht_nav_variables/include/ht_nav_variables/msg/detail/ht_nav_gps_data__traits.hpp
[0.981s] -- Up-to-date: /home/temurtas/INS-GPS-ROS2/install/ht_nav_variables/include/ht_nav_variables/msg/detail/ht_nav_point__struct.hpp
[0.981s] -- Up-to-date: /home/temurtas/INS-GPS-ROS2/install/ht_nav_variables/include/ht_nav_variables/msg/detail/ht_nav_kalman_out__traits.hpp
[0.981s] -- Up-to-date: /home/temurtas/INS-GPS-ROS2/install/ht_nav_variables/include/ht_nav_variables/msg/detail/ht_nav_quaternion__builder.hpp
[0.981s] -- Up-to-date: /home/temurtas/INS-GPS-ROS2/install/ht_nav_variables/include/ht_nav_variables/msg/detail/ht_nav_error_vector__struct.hpp
[0.981s] -- Up-to-date: /home/temurtas/INS-GPS-ROS2/install/ht_nav_variables/include/ht_nav_variables/msg/detail/ht_nav_kalman_out__builder.hpp
[0.981s] -- Up-to-date: /home/temurtas/INS-GPS-ROS2/install/ht_nav_variables/include/ht_nav_variables/msg/detail/ht_nav_point__traits.hpp
[0.981s] -- Up-to-date: /home/temurtas/INS-GPS-ROS2/install/ht_nav_variables/include/ht_nav_variables/msg/detail/ht_nav_strap_out__traits.hpp
[0.981s] -- Up-to-date: /home/temurtas/INS-GPS-ROS2/install/ht_nav_variables/include/ht_nav_variables/msg/detail/ht_nav_gps_data__builder.hpp
[0.981s] -- Up-to-date: /home/temurtas/INS-GPS-ROS2/install/ht_nav_variables/include/ht_nav_variables/msg/detail/ht_nav_imu_data__traits.hpp
[0.981s] -- Up-to-date: /home/temurtas/INS-GPS-ROS2/install/ht_nav_variables/include/ht_nav_variables/msg/detail/ht_nav_euler__traits.hpp
[0.981s] -- Up-to-date: /home/temurtas/INS-GPS-ROS2/install/ht_nav_variables/include/ht_nav_variables
[0.982s] -- Up-to-date: /home/temurtas/INS-GPS-ROS2/install/ht_nav_variables/include/ht_nav_variables/msg
[0.982s] -- Up-to-date: /home/temurtas/INS-GPS-ROS2/install/ht_nav_variables/include/ht_nav_variables/msg/detail
[0.982s] -- Up-to-date: /home/temurtas/INS-GPS-ROS2/install/ht_nav_variables/include/ht_nav_variables/msg/detail/ht_nav_gps_data__type_support.cpp
[0.982s] -- Up-to-date: /home/temurtas/INS-GPS-ROS2/install/ht_nav_variables/include/ht_nav_variables/msg/detail/ht_nav_quaternion__rosidl_typesupport_introspection_cpp.hpp
[0.982s] -- Up-to-date: /home/temurtas/INS-GPS-ROS2/install/ht_nav_variables/include/ht_nav_variables/msg/detail/ht_nav_strap_out__rosidl_typesupport_introspection_cpp.hpp
[0.982s] -- Up-to-date: /home/temurtas/INS-GPS-ROS2/install/ht_nav_variables/include/ht_nav_variables/msg/detail/ht_nav_imu_data__rosidl_typesupport_introspection_cpp.hpp
[0.982s] -- Up-to-date: /home/temurtas/INS-GPS-ROS2/install/ht_nav_variables/include/ht_nav_variables/msg/detail/ht_nav_imu_data__type_support.cpp
[0.982s] -- Up-to-date: /home/temurtas/INS-GPS-ROS2/install/ht_nav_variables/include/ht_nav_variables/msg/detail/ht_nav_deneme__type_support.cpp
[0.982s] -- Up-to-date: /home/temurtas/INS-GPS-ROS2/install/ht_nav_variables/include/ht_nav_variables/msg/detail/ht_nav_quaternion__type_support.cpp
[0.982s] -- Up-to-date: /home/temurtas/INS-GPS-ROS2/install/ht_nav_variables/include/ht_nav_variables/msg/detail/ht_nav_kalman_out__type_support.cpp
[0.982s] -- Up-to-date: /home/temurtas/INS-GPS-ROS2/install/ht_nav_variables/include/ht_nav_variables/msg/detail/ht_nav_vector3__type_support.cpp
[0.982s] -- Up-to-date: /home/temurtas/INS-GPS-ROS2/install/ht_nav_variables/include/ht_nav_variables/msg/detail/ht_nav_deneme__rosidl_typesupport_introspection_cpp.hpp
[0.983s] -- Up-to-date: /home/temurtas/INS-GPS-ROS2/install/ht_nav_variables/include/ht_nav_variables/msg/detail/ht_nav_error_vector__type_support.cpp
[0.983s] -- Up-to-date: /home/temurtas/INS-GPS-ROS2/install/ht_nav_variables/include/ht_nav_variables/msg/detail/ht_nav_euler__type_support.cpp
[0.983s] -- Up-to-date: /home/temurtas/INS-GPS-ROS2/install/ht_nav_variables/include/ht_nav_variables/msg/detail/ht_nav_gps_data__rosidl_typesupport_introspection_cpp.hpp
[0.983s] -- Up-to-date: /home/temurtas/INS-GPS-ROS2/install/ht_nav_variables/include/ht_nav_variables/msg/detail/ht_nav_euler__rosidl_typesupport_introspection_cpp.hpp
[0.984s] -- Up-to-date: /home/temurtas/INS-GPS-ROS2/install/ht_nav_variables/include/ht_nav_variables/msg/detail/ht_nav_strap_out__type_support.cpp
[0.984s] -- Up-to-date: /home/temurtas/INS-GPS-ROS2/install/ht_nav_variables/include/ht_nav_variables/msg/detail/ht_nav_error_vector__rosidl_typesupport_introspection_cpp.hpp
[0.984s] -- Up-to-date: /home/temurtas/INS-GPS-ROS2/install/ht_nav_variables/include/ht_nav_variables/msg/detail/ht_nav_kalman_out__rosidl_typesupport_introspection_cpp.hpp
[0.984s] -- Up-to-date: /home/temurtas/INS-GPS-ROS2/install/ht_nav_variables/include/ht_nav_variables/msg/detail/ht_nav_point__rosidl_typesupport_introspection_cpp.hpp
[0.984s] -- Up-to-date: /home/temurtas/INS-GPS-ROS2/install/ht_nav_variables/include/ht_nav_variables/msg/detail/ht_nav_vector3__rosidl_typesupport_introspection_cpp.hpp
[0.984s] -- Up-to-date: /home/temurtas/INS-GPS-ROS2/install/ht_nav_variables/include/ht_nav_variables/msg/detail/ht_nav_point__type_support.cpp
[0.984s] -- Up-to-date: /home/temurtas/INS-GPS-ROS2/install/ht_nav_variables/lib/libht_nav_variables__rosidl_typesupport_introspection_cpp.so
[0.984s] -- Up-to-date: /home/temurtas/INS-GPS-ROS2/install/ht_nav_variables/lib/libht_nav_variables__rosidl_typesupport_cpp.so
[0.984s] -- Up-to-date: /home/temurtas/INS-GPS-ROS2/install/ht_nav_variables/share/ht_nav_variables/environment/pythonpath.sh
[0.984s] -- Up-to-date: /home/temurtas/INS-GPS-ROS2/install/ht_nav_variables/share/ht_nav_variables/environment/pythonpath.dsv
[0.984s] -- Up-to-date: /home/temurtas/INS-GPS-ROS2/install/ht_nav_variables/lib/python3.8/site-packages/ht_nav_variables/__init__.py
[1.039s] -- Up-to-date: /home/temurtas/INS-GPS-ROS2/install/ht_nav_variables/lib/python3.8/site-packages/ht_nav_variables/msg
[1.039s] -- Up-to-date: /home/temurtas/INS-GPS-ROS2/install/ht_nav_variables/lib/python3.8/site-packages/ht_nav_variables/msg/_ht_nav_imu_data_s.c
[1.040s] -- Up-to-date: /home/temurtas/INS-GPS-ROS2/install/ht_nav_variables/lib/python3.8/site-packages/ht_nav_variables/msg/_ht_nav_vector3.py
[1.040s] -- Up-to-date: /home/temurtas/INS-GPS-ROS2/install/ht_nav_variables/lib/python3.8/site-packages/ht_nav_variables/msg/_ht_nav_vector3_s.c
[1.040s] -- Up-to-date: /home/temurtas/INS-GPS-ROS2/install/ht_nav_variables/lib/python3.8/site-packages/ht_nav_variables/msg/_ht_nav_point_s.c
[1.040s] -- Up-to-date: /home/temurtas/INS-GPS-ROS2/install/ht_nav_variables/lib/python3.8/site-packages/ht_nav_variables/msg/_ht_nav_gps_data_s.c
[1.041s] -- Up-to-date: /home/temurtas/INS-GPS-ROS2/install/ht_nav_variables/lib/python3.8/site-packages/ht_nav_variables/msg/_ht_nav_gps_data.py
[1.041s] -- Up-to-date: /home/temurtas/INS-GPS-ROS2/install/ht_nav_variables/lib/python3.8/site-packages/ht_nav_variables/msg/_ht_nav_deneme.py
[1.041s] -- Up-to-date: /home/temurtas/INS-GPS-ROS2/install/ht_nav_variables/lib/python3.8/site-packages/ht_nav_variables/msg/_ht_nav_imu_data.py
[1.041s] -- Up-to-date: /home/temurtas/INS-GPS-ROS2/install/ht_nav_variables/lib/python3.8/site-packages/ht_nav_variables/msg/__init__.py
[1.041s] -- Up-to-date: /home/temurtas/INS-GPS-ROS2/install/ht_nav_variables/lib/python3.8/site-packages/ht_nav_variables/msg/_ht_nav_point.py
[1.041s] -- Up-to-date: /home/temurtas/INS-GPS-ROS2/install/ht_nav_variables/lib/python3.8/site-packages/ht_nav_variables/msg/_ht_nav_strap_out.py
[1.042s] -- Up-to-date: /home/temurtas/INS-GPS-ROS2/install/ht_nav_variables/lib/python3.8/site-packages/ht_nav_variables/msg/_ht_nav_quaternion.py
[1.042s] -- Up-to-date: /home/temurtas/INS-GPS-ROS2/install/ht_nav_variables/lib/python3.8/site-packages/ht_nav_variables/msg/_ht_nav_quaternion_s.c
[1.042s] -- Up-to-date: /home/temurtas/INS-GPS-ROS2/install/ht_nav_variables/lib/python3.8/site-packages/ht_nav_variables/msg/_ht_nav_euler_s.c
[1.042s] -- Up-to-date: /home/temurtas/INS-GPS-ROS2/install/ht_nav_variables/lib/python3.8/site-packages/ht_nav_variables/msg/_ht_nav_strap_out_s.c
[1.042s] -- Up-to-date: /home/temurtas/INS-GPS-ROS2/install/ht_nav_variables/lib/python3.8/site-packages/ht_nav_variables/msg/_ht_nav_deneme_s.c
[1.042s] -- Up-to-date: /home/temurtas/INS-GPS-ROS2/install/ht_nav_variables/lib/python3.8/site-packages/ht_nav_variables/msg/_ht_nav_euler.py
[1.042s] -- Up-to-date: /home/temurtas/INS-GPS-ROS2/install/ht_nav_variables/lib/python3.8/site-packages/ht_nav_variables/msg/_ht_nav_kalman_out.py
[1.043s] -- Up-to-date: /home/temurtas/INS-GPS-ROS2/install/ht_nav_variables/lib/python3.8/site-packages/ht_nav_variables/msg/_ht_nav_error_vector_s.c
[1.043s] -- Up-to-date: /home/temurtas/INS-GPS-ROS2/install/ht_nav_variables/lib/python3.8/site-packages/ht_nav_variables/msg/_ht_nav_error_vector.py
[1.043s] -- Up-to-date: /home/temurtas/INS-GPS-ROS2/install/ht_nav_variables/lib/python3.8/site-packages/ht_nav_variables/msg/_ht_nav_kalman_out_s.c
[1.043s] -- Up-to-date: /home/temurtas/INS-GPS-ROS2/install/ht_nav_variables/lib/python3.8/site-packages/ht_nav_variables/ht_nav_variables_s__rosidl_typesupport_fastrtps_c.cpython-38-x86_64-linux-gnu.so
[1.043s] -- Up-to-date: /home/temurtas/INS-GPS-ROS2/install/ht_nav_variables/lib/python3.8/site-packages/ht_nav_variables/ht_nav_variables_s__rosidl_typesupport_introspection_c.cpython-38-x86_64-linux-gnu.so
[1.044s] -- Up-to-date: /home/temurtas/INS-GPS-ROS2/install/ht_nav_variables/lib/python3.8/site-packages/ht_nav_variables/ht_nav_variables_s__rosidl_typesupport_c.cpython-38-x86_64-linux-gnu.so
[1.045s] -- Up-to-date: /home/temurtas/INS-GPS-ROS2/install/ht_nav_variables/lib/libht_nav_variables__python.so
[1.046s] -- Up-to-date: /home/temurtas/INS-GPS-ROS2/install/ht_nav_variables/share/ht_nav_variables/msg/HtNavErrorVector.idl
[1.047s] -- Up-to-date: /home/temurtas/INS-GPS-ROS2/install/ht_nav_variables/share/ht_nav_variables/msg/HtNavEuler.idl
[1.047s] -- Up-to-date: /home/temurtas/INS-GPS-ROS2/install/ht_nav_variables/share/ht_nav_variables/msg/HtNavGpsData.idl
[1.047s] -- Up-to-date: /home/temurtas/INS-GPS-ROS2/install/ht_nav_variables/share/ht_nav_variables/msg/HtNavImuData.idl
[1.047s] -- Up-to-date: /home/temurtas/INS-GPS-ROS2/install/ht_nav_variables/share/ht_nav_variables/msg/HtNavKalmanOut.idl
[1.047s] -- Up-to-date: /home/temurtas/INS-GPS-ROS2/install/ht_nav_variables/share/ht_nav_variables/msg/HtNavStrapOut.idl
[1.048s] -- Up-to-date: /home/temurtas/INS-GPS-ROS2/install/ht_nav_variables/share/ht_nav_variables/msg/HtNavPoint.idl
[1.048s] -- Up-to-date: /home/temurtas/INS-GPS-ROS2/install/ht_nav_variables/share/ht_nav_variables/msg/HtNavVector3.idl
[1.048s] -- Up-to-date: /home/temurtas/INS-GPS-ROS2/install/ht_nav_variables/share/ht_nav_variables/msg/HtNavQuaternion.idl
[1.048s] -- Up-to-date: /home/temurtas/INS-GPS-ROS2/install/ht_nav_variables/share/ht_nav_variables/msg/HtNavDeneme.idl
[1.048s] -- Up-to-date: /home/temurtas/INS-GPS-ROS2/install/ht_nav_variables/share/ht_nav_variables/msg/HtNavErrorVector.msg
[1.049s] -- Up-to-date: /home/temurtas/INS-GPS-ROS2/install/ht_nav_variables/share/ht_nav_variables/msg/HtNavEuler.msg
[1.049s] -- Up-to-date: /home/temurtas/INS-GPS-ROS2/install/ht_nav_variables/share/ht_nav_variables/msg/HtNavGpsData.msg
[1.049s] -- Up-to-date: /home/temurtas/INS-GPS-ROS2/install/ht_nav_variables/share/ht_nav_variables/msg/HtNavImuData.msg
[1.049s] -- Up-to-date: /home/temurtas/INS-GPS-ROS2/install/ht_nav_variables/share/ht_nav_variables/msg/HtNavKalmanOut.msg
[1.049s] -- Up-to-date: /home/temurtas/INS-GPS-ROS2/install/ht_nav_variables/share/ht_nav_variables/msg/HtNavStrapOut.msg
[1.049s] -- Up-to-date: /home/temurtas/INS-GPS-ROS2/install/ht_nav_variables/share/ht_nav_variables/msg/HtNavPoint.msg
[1.050s] -- Up-to-date: /home/temurtas/INS-GPS-ROS2/install/ht_nav_variables/share/ht_nav_variables/msg/HtNavVector3.msg
[1.050s] -- Up-to-date: /home/temurtas/INS-GPS-ROS2/install/ht_nav_variables/share/ht_nav_variables/msg/HtNavQuaternion.msg
[1.050s] -- Up-to-date: /home/temurtas/INS-GPS-ROS2/install/ht_nav_variables/share/ht_nav_variables/msg/HtNavDeneme.msg
[1.050s] -- Up-to-date: /home/temurtas/INS-GPS-ROS2/install/ht_nav_variables/share/ament_index/resource_index/package_run_dependencies/ht_nav_variables
[1.050s] -- Up-to-date: /home/temurtas/INS-GPS-ROS2/install/ht_nav_variables/share/ament_index/resource_index/parent_prefix_path/ht_nav_variables
[1.051s] -- Up-to-date: /home/temurtas/INS-GPS-ROS2/install/ht_nav_variables/share/ht_nav_variables/environment/ament_prefix_path.sh
[1.051s] -- Up-to-date: /home/temurtas/INS-GPS-ROS2/install/ht_nav_variables/share/ht_nav_variables/environment/ament_prefix_path.dsv
[1.051s] -- Up-to-date: /home/temurtas/INS-GPS-ROS2/install/ht_nav_variables/share/ht_nav_variables/environment/path.sh
[1.051s] -- Up-to-date: /home/temurtas/INS-GPS-ROS2/install/ht_nav_variables/share/ht_nav_variables/environment/path.dsv
[1.051s] -- Up-to-date: /home/temurtas/INS-GPS-ROS2/install/ht_nav_variables/share/ht_nav_variables/local_setup.bash
[1.051s] -- Up-to-date: /home/temurtas/INS-GPS-ROS2/install/ht_nav_variables/share/ht_nav_variables/local_setup.sh
[1.051s] -- Up-to-date: /home/temurtas/INS-GPS-ROS2/install/ht_nav_variables/share/ht_nav_variables/local_setup.zsh
[1.052s] -- Up-to-date: /home/temurtas/INS-GPS-ROS2/install/ht_nav_variables/share/ht_nav_variables/local_setup.dsv
[1.052s] -- Installing: /home/temurtas/INS-GPS-ROS2/install/ht_nav_variables/share/ht_nav_variables/package.dsv
[1.052s] -- Up-to-date: /home/temurtas/INS-GPS-ROS2/install/ht_nav_variables/share/ament_index/resource_index/packages/ht_nav_variables
[1.052s] -- Up-to-date: /home/temurtas/INS-GPS-ROS2/install/ht_nav_variables/share/ht_nav_variables/cmake/ht_nav_variables__rosidl_generator_cExport.cmake
[1.052s] -- Up-to-date: /home/temurtas/INS-GPS-ROS2/install/ht_nav_variables/share/ht_nav_variables/cmake/ht_nav_variables__rosidl_generator_cExport-noconfig.cmake
[1.053s] -- Up-to-date: /home/temurtas/INS-GPS-ROS2/install/ht_nav_variables/share/ht_nav_variables/cmake/ht_nav_variables__rosidl_typesupport_introspection_cExport.cmake
[1.053s] -- Up-to-date: /home/temurtas/INS-GPS-ROS2/install/ht_nav_variables/share/ht_nav_variables/cmake/ht_nav_variables__rosidl_typesupport_introspection_cExport-noconfig.cmake
[1.053s] -- Up-to-date: /home/temurtas/INS-GPS-ROS2/install/ht_nav_variables/share/ht_nav_variables/cmake/ht_nav_variables__rosidl_typesupport_cExport.cmake
[1.053s] -- Up-to-date: /home/temurtas/INS-GPS-ROS2/install/ht_nav_variables/share/ht_nav_variables/cmake/ht_nav_variables__rosidl_typesupport_cExport-noconfig.cmake
[1.053s] -- Up-to-date: /home/temurtas/INS-GPS-ROS2/install/ht_nav_variables/share/ht_nav_variables/cmake/ht_nav_variables__rosidl_generator_cppExport.cmake
[1.053s] -- Up-to-date: /home/temurtas/INS-GPS-ROS2/install/ht_nav_variables/share/ht_nav_variables/cmake/ht_nav_variables__rosidl_typesupport_introspection_cppExport.cmake
[1.053s] -- Up-to-date: /home/temurtas/INS-GPS-ROS2/install/ht_nav_variables/share/ht_nav_variables/cmake/ht_nav_variables__rosidl_typesupport_introspection_cppExport-noconfig.cmake
[1.053s] -- Up-to-date: /home/temurtas/INS-GPS-ROS2/install/ht_nav_variables/share/ht_nav_variables/cmake/ht_nav_variables__rosidl_typesupport_cppExport.cmake
[1.054s] -- Up-to-date: /home/temurtas/INS-GPS-ROS2/install/ht_nav_variables/share/ht_nav_variables/cmake/ht_nav_variables__rosidl_typesupport_cppExport-noconfig.cmake
[1.054s] -- Up-to-date: /home/temurtas/INS-GPS-ROS2/install/ht_nav_variables/share/ht_nav_variables/cmake/rosidl_cmake-extras.cmake
[1.054s] -- Up-to-date: /home/temurtas/INS-GPS-ROS2/install/ht_nav_variables/share/ht_nav_variables/cmake/ament_cmake_export_dependencies-extras.cmake
[1.054s] -- Up-to-date: /home/temurtas/INS-GPS-ROS2/install/ht_nav_variables/share/ht_nav_variables/cmake/ament_cmake_export_libraries-extras.cmake
[1.054s] -- Up-to-date: /home/temurtas/INS-GPS-ROS2/install/ht_nav_variables/share/ht_nav_variables/cmake/ament_cmake_export_targets-extras.cmake
[1.054s] -- Up-to-date: /home/temurtas/INS-GPS-ROS2/install/ht_nav_variables/share/ht_nav_variables/cmake/ament_cmake_export_include_directories-extras.cmake
[1.055s] -- Up-to-date: /home/temurtas/INS-GPS-ROS2/install/ht_nav_variables/share/ht_nav_variables/cmake/rosidl_cmake_export_typesupport_libraries-extras.cmake
[1.055s] -- Up-to-date: /home/temurtas/INS-GPS-ROS2/install/ht_nav_variables/share/ht_nav_variables/cmake/rosidl_cmake_export_typesupport_targets-extras.cmake
[1.056s] -- Up-to-date: /home/temurtas/INS-GPS-ROS2/install/ht_nav_variables/share/ht_nav_variables/cmake/ht_nav_variablesConfig.cmake
[1.056s] -- Up-to-date: /home/temurtas/INS-GPS-ROS2/install/ht_nav_variables/share/ht_nav_variables/cmake/ht_nav_variablesConfig-version.cmake
[1.057s] -- Up-to-date: /home/temurtas/INS-GPS-ROS2/install/ht_nav_variables/share/ht_nav_variables/package.xml
[1.060s] Invoked command in '/home/temurtas/INS-GPS-ROS2/build/ht_nav_variables' returned '0': CMAKE_PREFIX_PATH=${CMAKE_PREFIX_PATH}:/home/temurtas/ws/install/opencv_tests:/opt/ros/foxy /usr/bin/cmake --install /home/temurtas/INS-GPS-ROS2/build/ht_nav_variables
