[0.252s] Invoking command in '/home/temurtas/INS-GPS-ROS2/src/ht_strap_package': PYTHONPATH=/home/temurtas/INS-GPS-ROS2/install/ht_strap_package/lib/python3.8/site-packages:/home/temurtas/INS-GPS-ROS2/install/ht_nav_variables/lib/python3.8/site-packages:/home/temurtas/INS-GPS-ROS2/install/ht_strap_package/lib/python3.8/site-packages:/opt/ros/foxy/lib/python3.8/site-packages /usr/bin/python3 setup.py egg_info --egg-base ../../build/ht_strap_package build --build-base /home/temurtas/INS-GPS-ROS2/build/ht_strap_package/build install --prefix /home/temurtas/INS-GPS-ROS2/install/ht_strap_package --record /home/temurtas/INS-GPS-ROS2/build/ht_strap_package/install.log --single-version-externally-managed
[0.429s] running egg_info
[0.430s] writing ../../build/ht_strap_package/ht_strap_package.egg-info/PKG-INFO
[0.431s] writing dependency_links to ../../build/ht_strap_package/ht_strap_package.egg-info/dependency_links.txt
[0.431s] writing entry points to ../../build/ht_strap_package/ht_strap_package.egg-info/entry_points.txt
[0.431s] writing requirements to ../../build/ht_strap_package/ht_strap_package.egg-info/requires.txt
[0.431s] writing top-level names to ../../build/ht_strap_package/ht_strap_package.egg-info/top_level.txt
[0.463s] reading manifest file '../../build/ht_strap_package/ht_strap_package.egg-info/SOURCES.txt'
[0.464s] writing manifest file '../../build/ht_strap_package/ht_strap_package.egg-info/SOURCES.txt'
[0.464s] running build
[0.464s] running build_py
[0.465s] running install
[0.466s] running install_lib
[0.468s] running install_data
[0.468s] running install_egg_info
[0.470s] removing '/home/temurtas/INS-GPS-ROS2/install/ht_strap_package/lib/python3.8/site-packages/ht_strap_package-0.0.0-py3.8.egg-info' (and everything under it)
[0.470s] Copying ../../build/ht_strap_package/ht_strap_package.egg-info to /home/temurtas/INS-GPS-ROS2/install/ht_strap_package/lib/python3.8/site-packages/ht_strap_package-0.0.0-py3.8.egg-info
[0.471s] running install_scripts
[0.486s] Installing gps_data_publisher_node script to /home/temurtas/INS-GPS-ROS2/install/ht_strap_package/lib/ht_strap_package
[0.487s] Installing imu_data_publisher_node script to /home/temurtas/INS-GPS-ROS2/install/ht_strap_package/lib/ht_strap_package
[0.487s] Installing ins_gps_node script to /home/temurtas/INS-GPS-ROS2/install/ht_strap_package/lib/ht_strap_package
[0.487s] Installing listener script to /home/temurtas/INS-GPS-ROS2/install/ht_strap_package/lib/ht_strap_package
[0.487s] Installing strap_node script to /home/temurtas/INS-GPS-ROS2/install/ht_strap_package/lib/ht_strap_package
[0.487s] Installing strap_w_kalman_node script to /home/temurtas/INS-GPS-ROS2/install/ht_strap_package/lib/ht_strap_package
[0.488s] writing list of installed files to '/home/temurtas/INS-GPS-ROS2/build/ht_strap_package/install.log'
[0.520s] Invoked command in '/home/temurtas/INS-GPS-ROS2/src/ht_strap_package' returned '0': PYTHONPATH=/home/temurtas/INS-GPS-ROS2/install/ht_strap_package/lib/python3.8/site-packages:/home/temurtas/INS-GPS-ROS2/install/ht_nav_variables/lib/python3.8/site-packages:/home/temurtas/INS-GPS-ROS2/install/ht_strap_package/lib/python3.8/site-packages:/opt/ros/foxy/lib/python3.8/site-packages /usr/bin/python3 setup.py egg_info --egg-base ../../build/ht_strap_package build --build-base /home/temurtas/INS-GPS-ROS2/build/ht_strap_package/build install --prefix /home/temurtas/INS-GPS-ROS2/install/ht_strap_package --record /home/temurtas/INS-GPS-ROS2/build/ht_strap_package/install.log --single-version-externally-managed
