[0.245s] Invoking command in '/home/temur/INS-GPS-ROS2/src/ht_strap_package': PYTHONPATH=/home/temur/INS-GPS-ROS2/install/ht_strap_package/lib/python3.8/site-packages:/home/temur/INS-GPS-ROS2/install/ht_nav_variables/lib/python3.8/site-packages:/home/temur/INS-GPS-ROS2/install/ht_strap_package/lib/python3.8/site-packages:/home/temur/ws/build/opencv_tests:/home/temur/ws/install/opencv_tests/lib/python3.8/site-packages:/home/temur/ws/install/image_geometry/lib/python3.8/site-packages:/home/temur/ws/install/gazebo_ros/lib/python3.8/site-packages:/home/temur/ws/install/gazebo_msgs/lib/python3.8/site-packages:/home/temur/ws/install/cv_bridge/lib/python3.8/site-packages:/opt/ros/foxy/lib/python3.8/site-packages /usr/bin/python3 setup.py egg_info --egg-base ../../build/ht_strap_package build --build-base /home/temur/INS-GPS-ROS2/build/ht_strap_package/build install --prefix /home/temur/INS-GPS-ROS2/install/ht_strap_package --record /home/temur/INS-GPS-ROS2/build/ht_strap_package/install.log --single-version-externally-managed
[0.446s] running egg_info
[0.446s] writing ../../build/ht_strap_package/ht_strap_package.egg-info/PKG-INFO
[0.446s] writing dependency_links to ../../build/ht_strap_package/ht_strap_package.egg-info/dependency_links.txt
[0.447s] writing entry points to ../../build/ht_strap_package/ht_strap_package.egg-info/entry_points.txt
[0.447s] writing requirements to ../../build/ht_strap_package/ht_strap_package.egg-info/requires.txt
[0.447s] writing top-level names to ../../build/ht_strap_package/ht_strap_package.egg-info/top_level.txt
[0.479s] reading manifest file '../../build/ht_strap_package/ht_strap_package.egg-info/SOURCES.txt'
[0.480s] writing manifest file '../../build/ht_strap_package/ht_strap_package.egg-info/SOURCES.txt'
[0.480s] running build
[0.480s] running build_py
[0.481s] copying ht_strap_package/ins_gps_strap_node_function.py -> /home/temur/INS-GPS-ROS2/build/ht_strap_package/build/lib/ht_strap_package
[0.481s] running install
[0.482s] running install_lib
[0.483s] copying /home/temur/INS-GPS-ROS2/build/ht_strap_package/build/lib/ht_strap_package/ins_gps_strap_node_function.py -> /home/temur/INS-GPS-ROS2/install/ht_strap_package/lib/python3.8/site-packages/ht_strap_package
[0.484s] byte-compiling /home/temur/INS-GPS-ROS2/install/ht_strap_package/lib/python3.8/site-packages/ht_strap_package/ins_gps_strap_node_function.py to ins_gps_strap_node_function.cpython-38.pyc
[0.488s] running install_data
[0.489s] running install_egg_info
[0.491s] removing '/home/temur/INS-GPS-ROS2/install/ht_strap_package/lib/python3.8/site-packages/ht_strap_package-0.0.0-py3.8.egg-info' (and everything under it)
[0.492s] Copying ../../build/ht_strap_package/ht_strap_package.egg-info to /home/temur/INS-GPS-ROS2/install/ht_strap_package/lib/python3.8/site-packages/ht_strap_package-0.0.0-py3.8.egg-info
[0.493s] running install_scripts
[0.508s] Installing gps_data_converter_node script to /home/temur/INS-GPS-ROS2/install/ht_strap_package/lib/ht_strap_package
[0.509s] Installing gps_data_publisher_node script to /home/temur/INS-GPS-ROS2/install/ht_strap_package/lib/ht_strap_package
[0.509s] Installing ideal_gps_data_converter_node script to /home/temur/INS-GPS-ROS2/install/ht_strap_package/lib/ht_strap_package
[0.509s] Installing imu_data_converter_node script to /home/temur/INS-GPS-ROS2/install/ht_strap_package/lib/ht_strap_package
[0.510s] Installing imu_data_publisher_node script to /home/temur/INS-GPS-ROS2/install/ht_strap_package/lib/ht_strap_package
[0.510s] Installing ins_gps_node script to /home/temur/INS-GPS-ROS2/install/ht_strap_package/lib/ht_strap_package
[0.510s] Installing listener script to /home/temur/INS-GPS-ROS2/install/ht_strap_package/lib/ht_strap_package
[0.510s] Installing my_teleop script to /home/temur/INS-GPS-ROS2/install/ht_strap_package/lib/ht_strap_package
[0.510s] Installing strap_ins_gps_node script to /home/temur/INS-GPS-ROS2/install/ht_strap_package/lib/ht_strap_package
[0.510s] Installing strap_node script to /home/temur/INS-GPS-ROS2/install/ht_strap_package/lib/ht_strap_package
[0.511s] Installing strap_w_kalman_node script to /home/temur/INS-GPS-ROS2/install/ht_strap_package/lib/ht_strap_package
[0.511s] writing list of installed files to '/home/temur/INS-GPS-ROS2/build/ht_strap_package/install.log'
[0.542s] Invoked command in '/home/temur/INS-GPS-ROS2/src/ht_strap_package' returned '0': PYTHONPATH=/home/temur/INS-GPS-ROS2/install/ht_strap_package/lib/python3.8/site-packages:/home/temur/INS-GPS-ROS2/install/ht_nav_variables/lib/python3.8/site-packages:/home/temur/INS-GPS-ROS2/install/ht_strap_package/lib/python3.8/site-packages:/home/temur/ws/build/opencv_tests:/home/temur/ws/install/opencv_tests/lib/python3.8/site-packages:/home/temur/ws/install/image_geometry/lib/python3.8/site-packages:/home/temur/ws/install/gazebo_ros/lib/python3.8/site-packages:/home/temur/ws/install/gazebo_msgs/lib/python3.8/site-packages:/home/temur/ws/install/cv_bridge/lib/python3.8/site-packages:/opt/ros/foxy/lib/python3.8/site-packages /usr/bin/python3 setup.py egg_info --egg-base ../../build/ht_strap_package build --build-base /home/temur/INS-GPS-ROS2/build/ht_strap_package/build install --prefix /home/temur/INS-GPS-ROS2/install/ht_strap_package --record /home/temur/INS-GPS-ROS2/build/ht_strap_package/install.log --single-version-externally-managed
