/home/temurtas/INS-GPS-ROS2/install/ht_strap_package/lib/python3.8/site-packages/ht_strap_package/__init__.py
/home/temurtas/INS-GPS-ROS2/install/ht_strap_package/lib/python3.8/site-packages/ht_strap_package/subscriber_member_function.py
/home/temurtas/INS-GPS-ROS2/install/ht_strap_package/lib/python3.8/site-packages/ht_strap_package/ht_pub_sub_deneme.py
/home/temurtas/INS-GPS-ROS2/install/ht_strap_package/lib/python3.8/site-packages/ht_strap_package/publisher_member_function.py
/home/temurtas/INS-GPS-ROS2/install/ht_strap_package/lib/python3.8/site-packages/ht_strap_package/__pycache__/__init__.cpython-38.pyc
/home/temurtas/INS-GPS-ROS2/install/ht_strap_package/lib/python3.8/site-packages/ht_strap_package/__pycache__/subscriber_member_function.cpython-38.pyc
/home/temurtas/INS-GPS-ROS2/install/ht_strap_package/lib/python3.8/site-packages/ht_strap_package/__pycache__/ht_pub_sub_deneme.cpython-38.pyc
/home/temurtas/INS-GPS-ROS2/install/ht_strap_package/lib/python3.8/site-packages/ht_strap_package/__pycache__/publisher_member_function.cpython-38.pyc
/home/temurtas/INS-GPS-ROS2/install/ht_strap_package/share/ament_index/resource_index/packages/ht_strap_package
/home/temurtas/INS-GPS-ROS2/install/ht_strap_package/share/ht_strap_package/package.xml
/home/temurtas/INS-GPS-ROS2/install/ht_strap_package/lib/python3.8/site-packages/ht_strap_package-0.0.0-py3.8.egg-info/entry_points.txt
/home/temurtas/INS-GPS-ROS2/install/ht_strap_package/lib/python3.8/site-packages/ht_strap_package-0.0.0-py3.8.egg-info/requires.txt
/home/temurtas/INS-GPS-ROS2/install/ht_strap_package/lib/python3.8/site-packages/ht_strap_package-0.0.0-py3.8.egg-info/zip-safe
/home/temurtas/INS-GPS-ROS2/install/ht_strap_package/lib/python3.8/site-packages/ht_strap_package-0.0.0-py3.8.egg-info/SOURCES.txt
/home/temurtas/INS-GPS-ROS2/install/ht_strap_package/lib/python3.8/site-packages/ht_strap_package-0.0.0-py3.8.egg-info/top_level.txt
/home/temurtas/INS-GPS-ROS2/install/ht_strap_package/lib/python3.8/site-packages/ht_strap_package-0.0.0-py3.8.egg-info/dependency_links.txt
/home/temurtas/INS-GPS-ROS2/install/ht_strap_package/lib/python3.8/site-packages/ht_strap_package-0.0.0-py3.8.egg-info/PKG-INFO
/home/temurtas/INS-GPS-ROS2/install/ht_strap_package/lib/ht_strap_package/listener
/home/temurtas/INS-GPS-ROS2/install/ht_strap_package/lib/ht_strap_package/middle_man
/home/temurtas/INS-GPS-ROS2/install/ht_strap_package/lib/ht_strap_package/talker
