[0.254s] Invoking command in '/home/temur/INS-GPS-ROS2/src/ht_strap_package': PYTHONPATH=/home/temur/INS-GPS-ROS2/install/ht_strap_package/lib/python3.8/site-packages:/home/temur/INS-GPS-ROS2/install/ht_nav_variables/lib/python3.8/site-packages:/home/temur/INS-GPS-ROS2/install/ht_strap_package/lib/python3.8/site-packages:/home/temur/kobra_mk2_ws/install/turtlesim/lib/python3.8/site-packages:/home/temur/kobra_mk2_ws/install/teleop_twist_keyboard/lib/python3.8/site-packages:/home/temur/kobra_mk2_ws/install/my_teleop/lib/python3.8/site-packages:/home/temur/kobra_mk2_ws/install/cmd_vel_pub/lib/python3.8/site-packages:/home/temur/kobra_mk2_ws/install/cmd_acc_pub/lib/python3.8/site-packages:/home/temur/ws/build/opencv_tests:/home/temur/ws/install/opencv_tests/lib/python3.8/site-packages:/home/temur/ws/install/image_geometry/lib/python3.8/site-packages:/home/temur/ws/install/gazebo_ros/lib/python3.8/site-packages:/home/temur/ws/install/gazebo_msgs/lib/python3.8/site-packages:/home/temur/ws/install/cv_bridge/lib/python3.8/site-packages:/opt/ros/foxy/lib/python3.8/site-packages /usr/bin/python3 setup.py egg_info --egg-base ../../build/ht_strap_package build --build-base /home/temur/INS-GPS-ROS2/build/ht_strap_package/build install --prefix /home/temur/INS-GPS-ROS2/install/ht_strap_package --record /home/temur/INS-GPS-ROS2/build/ht_strap_package/install.log --single-version-externally-managed
[0.442s] running egg_info
[0.443s] writing ../../build/ht_strap_package/ht_strap_package.egg-info/PKG-INFO
[0.443s] writing dependency_links to ../../build/ht_strap_package/ht_strap_package.egg-info/dependency_links.txt
[0.444s] writing entry points to ../../build/ht_strap_package/ht_strap_package.egg-info/entry_points.txt
[0.444s] writing requirements to ../../build/ht_strap_package/ht_strap_package.egg-info/requires.txt
[0.444s] writing top-level names to ../../build/ht_strap_package/ht_strap_package.egg-info/top_level.txt
[0.475s] reading manifest file '../../build/ht_strap_package/ht_strap_package.egg-info/SOURCES.txt'
[0.476s] writing manifest file '../../build/ht_strap_package/ht_strap_package.egg-info/SOURCES.txt'
[0.476s] running build
[0.477s] running build_py
[0.477s] running install
[0.478s] running install_lib
[0.480s] running install_data
[0.481s] copying launch/ht_gazebo_package.launch.py -> /home/temur/INS-GPS-ROS2/install/ht_strap_package/share/ht_strap_package/launch
[0.481s] running install_egg_info
[0.483s] removing '/home/temur/INS-GPS-ROS2/install/ht_strap_package/lib/python3.8/site-packages/ht_strap_package-0.0.0-py3.8.egg-info' (and everything under it)
[0.483s] Copying ../../build/ht_strap_package/ht_strap_package.egg-info to /home/temur/INS-GPS-ROS2/install/ht_strap_package/lib/python3.8/site-packages/ht_strap_package-0.0.0-py3.8.egg-info
[0.483s] running install_scripts
[0.499s] Installing gps_data_converter_node script to /home/temur/INS-GPS-ROS2/install/ht_strap_package/lib/ht_strap_package
[0.499s] Installing gps_data_publisher_node script to /home/temur/INS-GPS-ROS2/install/ht_strap_package/lib/ht_strap_package
[0.499s] Installing imu_data_converter_node script to /home/temur/INS-GPS-ROS2/install/ht_strap_package/lib/ht_strap_package
[0.500s] Installing imu_data_publisher_node script to /home/temur/INS-GPS-ROS2/install/ht_strap_package/lib/ht_strap_package
[0.500s] Installing ins_gps_node script to /home/temur/INS-GPS-ROS2/install/ht_strap_package/lib/ht_strap_package
[0.500s] Installing listener script to /home/temur/INS-GPS-ROS2/install/ht_strap_package/lib/ht_strap_package
[0.501s] Installing my_teleop script to /home/temur/INS-GPS-ROS2/install/ht_strap_package/lib/ht_strap_package
[0.501s] Installing strap_node script to /home/temur/INS-GPS-ROS2/install/ht_strap_package/lib/ht_strap_package
[0.501s] Installing strap_w_kalman_node script to /home/temur/INS-GPS-ROS2/install/ht_strap_package/lib/ht_strap_package
[0.501s] writing list of installed files to '/home/temur/INS-GPS-ROS2/build/ht_strap_package/install.log'
[0.527s] Invoked command in '/home/temur/INS-GPS-ROS2/src/ht_strap_package' returned '0': PYTHONPATH=/home/temur/INS-GPS-ROS2/install/ht_strap_package/lib/python3.8/site-packages:/home/temur/INS-GPS-ROS2/install/ht_nav_variables/lib/python3.8/site-packages:/home/temur/INS-GPS-ROS2/install/ht_strap_package/lib/python3.8/site-packages:/home/temur/kobra_mk2_ws/install/turtlesim/lib/python3.8/site-packages:/home/temur/kobra_mk2_ws/install/teleop_twist_keyboard/lib/python3.8/site-packages:/home/temur/kobra_mk2_ws/install/my_teleop/lib/python3.8/site-packages:/home/temur/kobra_mk2_ws/install/cmd_vel_pub/lib/python3.8/site-packages:/home/temur/kobra_mk2_ws/install/cmd_acc_pub/lib/python3.8/site-packages:/home/temur/ws/build/opencv_tests:/home/temur/ws/install/opencv_tests/lib/python3.8/site-packages:/home/temur/ws/install/image_geometry/lib/python3.8/site-packages:/home/temur/ws/install/gazebo_ros/lib/python3.8/site-packages:/home/temur/ws/install/gazebo_msgs/lib/python3.8/site-packages:/home/temur/ws/install/cv_bridge/lib/python3.8/site-packages:/opt/ros/foxy/lib/python3.8/site-packages /usr/bin/python3 setup.py egg_info --egg-base ../../build/ht_strap_package build --build-base /home/temur/INS-GPS-ROS2/build/ht_strap_package/build install --prefix /home/temur/INS-GPS-ROS2/install/ht_strap_package --record /home/temur/INS-GPS-ROS2/build/ht_strap_package/install.log --single-version-externally-managed
