[0.227s] Invoking command in '/home/temur/INS-GPS-ROS2/src/ht_strap_package': PYTHONPATH=/home/temur/INS-GPS-ROS2/install/ht_strap_package/lib/python3.8/site-packages:/home/temur/INS-GPS-ROS2/install/ht_nav_variables/lib/python3.8/site-packages:/home/temur/INS-GPS-ROS2/install/ht_strap_package/lib/python3.8/site-packages:/opt/ros/foxy/lib/python3.8/site-packages /usr/bin/python3 setup.py egg_info --egg-base ../../build/ht_strap_package build --build-base /home/temur/INS-GPS-ROS2/build/ht_strap_package/build install --prefix /home/temur/INS-GPS-ROS2/install/ht_strap_package --record /home/temur/INS-GPS-ROS2/build/ht_strap_package/install.log --single-version-externally-managed
[0.411s] running egg_info
[0.411s] writing ../../build/ht_strap_package/ht_strap_package.egg-info/PKG-INFO
[0.412s] writing dependency_links to ../../build/ht_strap_package/ht_strap_package.egg-info/dependency_links.txt
[0.412s] writing entry points to ../../build/ht_strap_package/ht_strap_package.egg-info/entry_points.txt
[0.413s] writing requirements to ../../build/ht_strap_package/ht_strap_package.egg-info/requires.txt
[0.413s] writing top-level names to ../../build/ht_strap_package/ht_strap_package.egg-info/top_level.txt
[0.441s] reading manifest file '../../build/ht_strap_package/ht_strap_package.egg-info/SOURCES.txt'
[0.442s] writing manifest file '../../build/ht_strap_package/ht_strap_package.egg-info/SOURCES.txt'
[0.442s] running build
[0.442s] running build_py
[0.443s] running install
[0.444s] running install_lib
[0.446s] running install_data
[0.446s] running install_egg_info
[0.448s] removing '/home/temur/INS-GPS-ROS2/install/ht_strap_package/lib/python3.8/site-packages/ht_strap_package-0.0.0-py3.8.egg-info' (and everything under it)
[0.448s] Copying ../../build/ht_strap_package/ht_strap_package.egg-info to /home/temur/INS-GPS-ROS2/install/ht_strap_package/lib/python3.8/site-packages/ht_strap_package-0.0.0-py3.8.egg-info
[0.449s] running install_scripts
[0.465s] Installing gps_data_publisher_node script to /home/temur/INS-GPS-ROS2/install/ht_strap_package/lib/ht_strap_package
[0.465s] Installing imu_data_publisher_node script to /home/temur/INS-GPS-ROS2/install/ht_strap_package/lib/ht_strap_package
[0.465s] Installing ins_gps_node script to /home/temur/INS-GPS-ROS2/install/ht_strap_package/lib/ht_strap_package
[0.465s] Installing listener script to /home/temur/INS-GPS-ROS2/install/ht_strap_package/lib/ht_strap_package
[0.466s] Installing strap_node script to /home/temur/INS-GPS-ROS2/install/ht_strap_package/lib/ht_strap_package
[0.466s] Installing strap_w_kalman_node script to /home/temur/INS-GPS-ROS2/install/ht_strap_package/lib/ht_strap_package
[0.466s] writing list of installed files to '/home/temur/INS-GPS-ROS2/build/ht_strap_package/install.log'
[0.493s] Invoked command in '/home/temur/INS-GPS-ROS2/src/ht_strap_package' returned '0': PYTHONPATH=/home/temur/INS-GPS-ROS2/install/ht_strap_package/lib/python3.8/site-packages:/home/temur/INS-GPS-ROS2/install/ht_nav_variables/lib/python3.8/site-packages:/home/temur/INS-GPS-ROS2/install/ht_strap_package/lib/python3.8/site-packages:/opt/ros/foxy/lib/python3.8/site-packages /usr/bin/python3 setup.py egg_info --egg-base ../../build/ht_strap_package build --build-base /home/temur/INS-GPS-ROS2/build/ht_strap_package/build install --prefix /home/temur/INS-GPS-ROS2/install/ht_strap_package --record /home/temur/INS-GPS-ROS2/build/ht_strap_package/install.log --single-version-externally-managed
