[0.020s] Invoking command in '/home/temur/INS-GPS-ROS2/build/ht_nav_variables': CMAKE_PREFIX_PATH=${CMAKE_PREFIX_PATH}:/home/temur/INS-GPS-ROS2/install/ht_strap_package:/opt/ros/foxy /usr/bin/cmake --build /home/temur/INS-GPS-ROS2/build/ht_nav_variables -- -j12 -l12
[0.061s] -- Found ament_cmake: 0.9.9 (/opt/ros/foxy/share/ament_cmake/cmake)
[0.089s] -- Found PythonInterp: /usr/bin/python3 (found suitable version "3.8.10", minimum required is "3") 
[0.089s] -- Using PYTHON_EXECUTABLE: /usr/bin/python3
[0.241s] -- Found rosidl_default_generators: 1.0.1 (/opt/ros/foxy/share/rosidl_default_generators/cmake)
[0.244s] -- Using all available rosidl_typesupport_c: rosidl_typesupport_fastrtps_c;rosidl_typesupport_introspection_c
[0.246s] -- Found rosidl_adapter: 1.2.1 (/opt/ros/foxy/share/rosidl_adapter/cmake)
[0.396s] -- Using all available rosidl_typesupport_cpp: rosidl_typesupport_fastrtps_cpp;rosidl_typesupport_introspection_cpp
[0.432s] -- Found rclcpp: 2.4.1 (/opt/ros/foxy/share/rclcpp/cmake)
[0.473s] -- Found rmw_implementation_cmake: 1.0.3 (/opt/ros/foxy/share/rmw_implementation_cmake/cmake)
[0.474s] -- Using RMW implementation 'rmw_cyclonedds_cpp' as default
[0.639s] -- Found PythonInterp: /usr/bin/python3 (found version "3.8.10") 
[0.827s] -- Found ament_cmake_ros: 0.9.2 (/opt/ros/foxy/share/ament_cmake_ros/cmake)
[0.952s] -- Using all available rosidl_typesupport_c: rosidl_typesupport_fastrtps_c;rosidl_typesupport_introspection_c
[0.962s] -- Using all available rosidl_typesupport_cpp: rosidl_typesupport_fastrtps_cpp;rosidl_typesupport_introspection_cpp
[0.986s] -- Found PythonInterp: /usr/bin/python3 (found suitable version "3.8.10", minimum required is "3.5") 
[0.987s] -- Found python_cmake_module: 0.8.1 (/opt/ros/foxy/share/python_cmake_module/cmake)
[1.014s] -- Using PYTHON_EXECUTABLE: /usr/bin/python3
[1.015s] -- Using PYTHON_INCLUDE_DIRS: /usr/include/python3.8
[1.015s] -- Using PYTHON_LIBRARIES: /usr/lib/x86_64-linux-gnu/libpython3.8.so
[1.034s] -- Found ament_lint_auto: 0.9.6 (/opt/ros/foxy/share/ament_lint_auto/cmake)
[1.047s] -- Added test 'copyright' to check source files copyright and LICENSE
[1.049s] -- Added test 'lint_cmake' to check CMake code style
[1.051s] -- Added test 'xmllint' to check XML markup files
[1.055s] -- Configuring done
[1.132s] -- Generating done
[1.135s] -- Build files have been written to: /home/temur/INS-GPS-ROS2/build/ht_nav_variables
[1.166s] [  1%] [34m[1mGenerating C code for ROS interfaces[0m
[1.167s] [35m[1mScanning dependencies of target ht_nav_variables__cpp[0m
[1.180s] [  1%] [34m[1mGenerating C++ code for ROS interfaces[0m
[2.132s] [  1%] Built target ht_nav_variables__cpp
[2.148s] [  1%] [34m[1mGenerating C++ introspection for ROS interfaces[0m
[2.150s] [  3%] [34m[1mGenerating C++ type support for eProsima Fast-RTPS[0m
[2.150s] [  3%] [34m[1mGenerating C++ type support dispatch for ROS interfaces[0m
[2.233s] [35m[1mScanning dependencies of target ht_nav_variables__rosidl_generator_c[0m
[2.256s] [  5%] [32mBuilding C object CMakeFiles/ht_nav_variables__rosidl_generator_c.dir/rosidl_generator_c/ht_nav_variables/msg/detail/ht_nav_error_vector__functions.c.o[0m
[2.256s] [  5%] [32mBuilding C object CMakeFiles/ht_nav_variables__rosidl_generator_c.dir/rosidl_generator_c/ht_nav_variables/msg/detail/ht_nav_contact_states__functions.c.o[0m
[2.256s] [  5%] [32mBuilding C object CMakeFiles/ht_nav_variables__rosidl_generator_c.dir/rosidl_generator_c/ht_nav_variables/msg/detail/ht_nav_contact_state__functions.c.o[0m
[2.258s] [  5%] [32mBuilding C object CMakeFiles/ht_nav_variables__rosidl_generator_c.dir/rosidl_generator_c/ht_nav_variables/msg/detail/ht_nav_imu_data__functions.c.o[0m
[2.258s] [  5%] [32mBuilding C object CMakeFiles/ht_nav_variables__rosidl_generator_c.dir/rosidl_generator_c/ht_nav_variables/msg/detail/ht_nav_euler__functions.c.o[0m
[2.259s] [  7%] [32mBuilding C object CMakeFiles/ht_nav_variables__rosidl_generator_c.dir/rosidl_generator_c/ht_nav_variables/msg/detail/ht_nav_gps_data__functions.c.o[0m
[2.259s] [  7%] [32mBuilding C object CMakeFiles/ht_nav_variables__rosidl_generator_c.dir/rosidl_generator_c/ht_nav_variables/msg/detail/ht_nav_kalman_out__functions.c.o[0m
[2.259s] [  8%] [32mBuilding C object CMakeFiles/ht_nav_variables__rosidl_generator_c.dir/rosidl_generator_c/ht_nav_variables/msg/detail/ht_nav_strap_out__functions.c.o[0m
[2.270s] [  8%] [32mBuilding C object CMakeFiles/ht_nav_variables__rosidl_generator_c.dir/rosidl_generator_c/ht_nav_variables/msg/detail/ht_nav_strap_car_out__functions.c.o[0m
[2.319s] [ 10%] [32mBuilding C object CMakeFiles/ht_nav_variables__rosidl_generator_c.dir/rosidl_generator_c/ht_nav_variables/msg/detail/ht_nav_vector3__functions.c.o[0m
[2.319s] [ 10%] [32mBuilding C object CMakeFiles/ht_nav_variables__rosidl_generator_c.dir/rosidl_generator_c/ht_nav_variables/msg/detail/ht_nav_point__functions.c.o[0m
[2.326s] [ 11%] [32mBuilding C object CMakeFiles/ht_nav_variables__rosidl_generator_c.dir/rosidl_generator_c/ht_nav_variables/msg/detail/ht_nav_deneme__functions.c.o[0m
[2.327s] [ 11%] [32mBuilding C object CMakeFiles/ht_nav_variables__rosidl_generator_c.dir/rosidl_generator_c/ht_nav_variables/msg/detail/ht_nav_joint_state__functions.c.o[0m
[2.327s] [ 12%] [32mBuilding C object CMakeFiles/ht_nav_variables__rosidl_generator_c.dir/rosidl_generator_c/ht_nav_variables/msg/detail/ht_nav_quaternion__functions.c.o[0m
[2.327s] [ 12%] [32mBuilding C object CMakeFiles/ht_nav_variables__rosidl_generator_c.dir/rosidl_generator_c/ht_nav_variables/msg/detail/ht_nav_wheel_vector__functions.c.o[0m
[2.339s] [ 13%] [32mBuilding C object CMakeFiles/ht_nav_variables__rosidl_generator_c.dir/rosidl_generator_c/ht_nav_variables/msg/detail/ht_nav_tire_out__functions.c.o[0m
[2.340s] [ 13%] [32mBuilding C object CMakeFiles/ht_nav_variables__rosidl_generator_c.dir/rosidl_generator_c/ht_nav_variables/msg/detail/ht_nav_vehicle_debug__functions.c.o[0m
[2.383s] [ 14%] [32m[1mLinking C shared library libht_nav_variables__rosidl_generator_c.so[0m
[2.432s] [ 14%] Built target ht_nav_variables__rosidl_generator_c
[2.446s] [ 15%] [34m[1mGenerating C type support dispatch for ROS interfaces[0m
[2.449s] [ 16%] [34m[1mGenerating C introspection for ROS interfaces[0m
[2.956s] [35m[1mScanning dependencies of target ht_nav_variables__rosidl_typesupport_cpp[0m
[2.980s] [ 17%] [32mBuilding CXX object CMakeFiles/ht_nav_variables__rosidl_typesupport_cpp.dir/rosidl_typesupport_cpp/ht_nav_variables/msg/ht_nav_contact_states__type_support.cpp.o[0m
[2.981s] [ 17%] [32mBuilding CXX object CMakeFiles/ht_nav_variables__rosidl_typesupport_cpp.dir/rosidl_typesupport_cpp/ht_nav_variables/msg/ht_nav_euler__type_support.cpp.o[0m
[2.981s] [ 18%] [32mBuilding CXX object CMakeFiles/ht_nav_variables__rosidl_typesupport_cpp.dir/rosidl_typesupport_cpp/ht_nav_variables/msg/ht_nav_gps_data__type_support.cpp.o[0m
[2.981s] [ 19%] [32mBuilding CXX object CMakeFiles/ht_nav_variables__rosidl_typesupport_cpp.dir/rosidl_typesupport_cpp/ht_nav_variables/msg/ht_nav_error_vector__type_support.cpp.o[0m
[2.983s] [ 20%] [32mBuilding CXX object CMakeFiles/ht_nav_variables__rosidl_typesupport_cpp.dir/rosidl_typesupport_cpp/ht_nav_variables/msg/ht_nav_imu_data__type_support.cpp.o[0m
[2.983s] [ 20%] [32mBuilding CXX object CMakeFiles/ht_nav_variables__rosidl_typesupport_cpp.dir/rosidl_typesupport_cpp/ht_nav_variables/msg/ht_nav_contact_state__type_support.cpp.o[0m
[2.988s] [ 20%] [32mBuilding CXX object CMakeFiles/ht_nav_variables__rosidl_typesupport_cpp.dir/rosidl_typesupport_cpp/ht_nav_variables/msg/ht_nav_kalman_out__type_support.cpp.o[0m
[2.992s] [ 21%] [32mBuilding CXX object CMakeFiles/ht_nav_variables__rosidl_typesupport_cpp.dir/rosidl_typesupport_cpp/ht_nav_variables/msg/ht_nav_strap_out__type_support.cpp.o[0m
[3.352s] [ 22%] [32mBuilding CXX object CMakeFiles/ht_nav_variables__rosidl_typesupport_cpp.dir/rosidl_typesupport_cpp/ht_nav_variables/msg/ht_nav_strap_car_out__type_support.cpp.o[0m
[3.371s] [ 23%] [32mBuilding CXX object CMakeFiles/ht_nav_variables__rosidl_typesupport_cpp.dir/rosidl_typesupport_cpp/ht_nav_variables/msg/ht_nav_vector3__type_support.cpp.o[0m
[3.381s] [ 23%] [32mBuilding CXX object CMakeFiles/ht_nav_variables__rosidl_typesupport_cpp.dir/rosidl_typesupport_cpp/ht_nav_variables/msg/ht_nav_point__type_support.cpp.o[0m
[3.416s] [ 23%] [32mBuilding CXX object CMakeFiles/ht_nav_variables__rosidl_typesupport_cpp.dir/rosidl_typesupport_cpp/ht_nav_variables/msg/ht_nav_quaternion__type_support.cpp.o[0m
[3.438s] [ 24%] [32mBuilding CXX object CMakeFiles/ht_nav_variables__rosidl_typesupport_cpp.dir/rosidl_typesupport_cpp/ht_nav_variables/msg/ht_nav_wheel_vector__type_support.cpp.o[0m
[3.441s] [ 25%] [32mBuilding CXX object CMakeFiles/ht_nav_variables__rosidl_typesupport_cpp.dir/rosidl_typesupport_cpp/ht_nav_variables/msg/ht_nav_deneme__type_support.cpp.o[0m
[3.443s] [ 25%] [32mBuilding CXX object CMakeFiles/ht_nav_variables__rosidl_typesupport_cpp.dir/rosidl_typesupport_cpp/ht_nav_variables/msg/ht_nav_joint_state__type_support.cpp.o[0m
[3.519s] [35m[1mScanning dependencies of target ht_nav_variables__rosidl_typesupport_c[0m
[3.553s] [ 25%] [32mBuilding CXX object CMakeFiles/ht_nav_variables__rosidl_typesupport_c.dir/rosidl_typesupport_c/ht_nav_variables/msg/ht_nav_contact_state__type_support.cpp.o[0m
[3.580s] [ 26%] [32mBuilding CXX object CMakeFiles/ht_nav_variables__rosidl_typesupport_c.dir/rosidl_typesupport_c/ht_nav_variables/msg/ht_nav_contact_states__type_support.cpp.o[0m
[3.636s] [ 27%] [32mBuilding CXX object CMakeFiles/ht_nav_variables__rosidl_typesupport_c.dir/rosidl_typesupport_c/ht_nav_variables/msg/ht_nav_error_vector__type_support.cpp.o[0m
[3.676s] [ 27%] [32mBuilding CXX object CMakeFiles/ht_nav_variables__rosidl_typesupport_c.dir/rosidl_typesupport_c/ht_nav_variables/msg/ht_nav_euler__type_support.cpp.o[0m
[3.682s] [ 28%] [32mBuilding CXX object CMakeFiles/ht_nav_variables__rosidl_typesupport_c.dir/rosidl_typesupport_c/ht_nav_variables/msg/ht_nav_gps_data__type_support.cpp.o[0m
[3.688s] [35m[1mScanning dependencies of target ht_nav_variables__rosidl_typesupport_introspection_cpp[0m
[3.715s] [ 29%] [32mBuilding CXX object CMakeFiles/ht_nav_variables__rosidl_typesupport_introspection_cpp.dir/rosidl_typesupport_introspection_cpp/ht_nav_variables/msg/detail/ht_nav_contact_state__type_support.cpp.o[0m
[3.718s] [ 29%] [32mBuilding CXX object CMakeFiles/ht_nav_variables__rosidl_typesupport_c.dir/rosidl_typesupport_c/ht_nav_variables/msg/ht_nav_imu_data__type_support.cpp.o[0m
[3.728s] [ 30%] [32mBuilding CXX object CMakeFiles/ht_nav_variables__rosidl_typesupport_c.dir/rosidl_typesupport_c/ht_nav_variables/msg/ht_nav_kalman_out__type_support.cpp.o[0m
[3.760s] [ 31%] [32mBuilding CXX object CMakeFiles/ht_nav_variables__rosidl_typesupport_c.dir/rosidl_typesupport_c/ht_nav_variables/msg/ht_nav_strap_out__type_support.cpp.o[0m
[3.762s] [ 32%] [32mBuilding CXX object CMakeFiles/ht_nav_variables__rosidl_typesupport_cpp.dir/rosidl_typesupport_cpp/ht_nav_variables/msg/ht_nav_tire_out__type_support.cpp.o[0m
[3.777s] [ 32%] [32mBuilding CXX object CMakeFiles/ht_nav_variables__rosidl_typesupport_c.dir/rosidl_typesupport_c/ht_nav_variables/msg/ht_nav_strap_car_out__type_support.cpp.o[0m
[3.780s] [ 33%] [32mBuilding CXX object CMakeFiles/ht_nav_variables__rosidl_typesupport_c.dir/rosidl_typesupport_c/ht_nav_variables/msg/ht_nav_point__type_support.cpp.o[0m
[3.797s] [ 34%] [32mBuilding CXX object CMakeFiles/ht_nav_variables__rosidl_typesupport_cpp.dir/rosidl_typesupport_cpp/ht_nav_variables/msg/ht_nav_vehicle_debug__type_support.cpp.o[0m
[3.804s] [ 34%] [32mBuilding CXX object CMakeFiles/ht_nav_variables__rosidl_typesupport_c.dir/rosidl_typesupport_c/ht_nav_variables/msg/ht_nav_quaternion__type_support.cpp.o[0m
[3.805s] [ 35%] [32mBuilding CXX object CMakeFiles/ht_nav_variables__rosidl_typesupport_c.dir/rosidl_typesupport_c/ht_nav_variables/msg/ht_nav_vector3__type_support.cpp.o[0m
[3.823s] [ 36%] [32mBuilding CXX object CMakeFiles/ht_nav_variables__rosidl_typesupport_introspection_cpp.dir/rosidl_typesupport_introspection_cpp/ht_nav_variables/msg/detail/ht_nav_contact_states__type_support.cpp.o[0m
[3.823s] [ 36%] [32mBuilding CXX object CMakeFiles/ht_nav_variables__rosidl_typesupport_c.dir/rosidl_typesupport_c/ht_nav_variables/msg/ht_nav_deneme__type_support.cpp.o[0m
[3.835s] [ 36%] [32mBuilding CXX object CMakeFiles/ht_nav_variables__rosidl_typesupport_c.dir/rosidl_typesupport_c/ht_nav_variables/msg/ht_nav_wheel_vector__type_support.cpp.o[0m
[3.836s] [ 37%] [32mBuilding CXX object CMakeFiles/ht_nav_variables__rosidl_typesupport_introspection_cpp.dir/rosidl_typesupport_introspection_cpp/ht_nav_variables/msg/detail/ht_nav_error_vector__type_support.cpp.o[0m
[3.841s] [ 38%] [32mBuilding CXX object CMakeFiles/ht_nav_variables__rosidl_typesupport_introspection_cpp.dir/rosidl_typesupport_introspection_cpp/ht_nav_variables/msg/detail/ht_nav_euler__type_support.cpp.o[0m
[3.846s] [ 39%] [32mBuilding CXX object CMakeFiles/ht_nav_variables__rosidl_typesupport_introspection_cpp.dir/rosidl_typesupport_introspection_cpp/ht_nav_variables/msg/detail/ht_nav_gps_data__type_support.cpp.o[0m
[3.846s] [ 39%] [32mBuilding CXX object CMakeFiles/ht_nav_variables__rosidl_typesupport_c.dir/rosidl_typesupport_c/ht_nav_variables/msg/ht_nav_joint_state__type_support.cpp.o[0m
[3.866s] [ 40%] [32mBuilding CXX object CMakeFiles/ht_nav_variables__rosidl_typesupport_introspection_cpp.dir/rosidl_typesupport_introspection_cpp/ht_nav_variables/msg/detail/ht_nav_imu_data__type_support.cpp.o[0m
[3.874s] [35m[1mScanning dependencies of target ht_nav_variables__rosidl_typesupport_introspection_c[0m
[3.877s] [ 41%] [32mBuilding CXX object CMakeFiles/ht_nav_variables__rosidl_typesupport_c.dir/rosidl_typesupport_c/ht_nav_variables/msg/ht_nav_tire_out__type_support.cpp.o[0m
[3.891s] [ 41%] [32mBuilding CXX object CMakeFiles/ht_nav_variables__rosidl_typesupport_c.dir/rosidl_typesupport_c/ht_nav_variables/msg/ht_nav_vehicle_debug__type_support.cpp.o[0m
[3.912s] [ 42%] [32mBuilding C object CMakeFiles/ht_nav_variables__rosidl_typesupport_introspection_c.dir/rosidl_typesupport_introspection_c/ht_nav_variables/msg/detail/ht_nav_contact_state__type_support.c.o[0m
[3.920s] [ 43%] [32mBuilding CXX object CMakeFiles/ht_nav_variables__rosidl_typesupport_introspection_cpp.dir/rosidl_typesupport_introspection_cpp/ht_nav_variables/msg/detail/ht_nav_kalman_out__type_support.cpp.o[0m
[3.932s] [ 44%] [32m[1mLinking CXX shared library libht_nav_variables__rosidl_typesupport_c.so[0m
[3.946s] [35m[1mScanning dependencies of target ht_nav_variables__rosidl_typesupport_fastrtps_cpp[0m
[3.960s] [ 44%] [32mBuilding C object CMakeFiles/ht_nav_variables__rosidl_typesupport_introspection_c.dir/rosidl_typesupport_introspection_c/ht_nav_variables/msg/detail/ht_nav_contact_states__type_support.c.o[0m
[4.009s] [ 45%] [32mBuilding C object CMakeFiles/ht_nav_variables__rosidl_typesupport_introspection_c.dir/rosidl_typesupport_introspection_c/ht_nav_variables/msg/detail/ht_nav_error_vector__type_support.c.o[0m
[4.011s] [ 46%] [32mBuilding CXX object CMakeFiles/ht_nav_variables__rosidl_typesupport_fastrtps_cpp.dir/rosidl_typesupport_fastrtps_cpp/ht_nav_variables/msg/detail/dds_fastrtps/ht_nav_contact_state__type_support.cpp.o[0m
[4.018s] [ 46%] Built target ht_nav_variables__rosidl_typesupport_c
[4.031s] [ 46%] [32mBuilding CXX object CMakeFiles/ht_nav_variables__rosidl_typesupport_fastrtps_cpp.dir/rosidl_typesupport_fastrtps_cpp/ht_nav_variables/msg/detail/dds_fastrtps/ht_nav_contact_states__type_support.cpp.o[0m
[4.058s] [ 46%] [32mBuilding C object CMakeFiles/ht_nav_variables__rosidl_typesupport_introspection_c.dir/rosidl_typesupport_introspection_c/ht_nav_variables/msg/detail/ht_nav_euler__type_support.c.o[0m
[4.103s] [ 47%] [32mBuilding C object CMakeFiles/ht_nav_variables__rosidl_typesupport_introspection_c.dir/rosidl_typesupport_introspection_c/ht_nav_variables/msg/detail/ht_nav_gps_data__type_support.c.o[0m
[4.121s] [ 47%] [32mBuilding CXX object CMakeFiles/ht_nav_variables__rosidl_typesupport_introspection_cpp.dir/rosidl_typesupport_introspection_cpp/ht_nav_variables/msg/detail/ht_nav_strap_out__type_support.cpp.o[0m
[4.150s] [ 48%] [32mBuilding C object CMakeFiles/ht_nav_variables__rosidl_typesupport_introspection_c.dir/rosidl_typesupport_introspection_c/ht_nav_variables/msg/detail/ht_nav_imu_data__type_support.c.o[0m
[4.176s] [ 48%] [32mBuilding C object CMakeFiles/ht_nav_variables__rosidl_typesupport_introspection_c.dir/rosidl_typesupport_introspection_c/ht_nav_variables/msg/detail/ht_nav_kalman_out__type_support.c.o[0m
[4.196s] [ 48%] [32m[1mLinking CXX shared library libht_nav_variables__rosidl_typesupport_cpp.so[0m
[4.201s] [ 49%] [32mBuilding C object CMakeFiles/ht_nav_variables__rosidl_typesupport_introspection_c.dir/rosidl_typesupport_introspection_c/ht_nav_variables/msg/detail/ht_nav_strap_out__type_support.c.o[0m
[4.204s] [ 50%] [32mBuilding CXX object CMakeFiles/ht_nav_variables__rosidl_typesupport_introspection_cpp.dir/rosidl_typesupport_introspection_cpp/ht_nav_variables/msg/detail/ht_nav_strap_car_out__type_support.cpp.o[0m
[4.219s] [ 50%] [32mBuilding CXX object CMakeFiles/ht_nav_variables__rosidl_typesupport_introspection_cpp.dir/rosidl_typesupport_introspection_cpp/ht_nav_variables/msg/detail/ht_nav_point__type_support.cpp.o[0m
[4.225s] [ 51%] [32mBuilding CXX object CMakeFiles/ht_nav_variables__rosidl_typesupport_introspection_cpp.dir/rosidl_typesupport_introspection_cpp/ht_nav_variables/msg/detail/ht_nav_vector3__type_support.cpp.o[0m
[4.249s] [ 52%] [32mBuilding CXX object CMakeFiles/ht_nav_variables__rosidl_typesupport_introspection_cpp.dir/rosidl_typesupport_introspection_cpp/ht_nav_variables/msg/detail/ht_nav_quaternion__type_support.cpp.o[0m
[4.253s] [ 52%] [32mBuilding CXX object CMakeFiles/ht_nav_variables__rosidl_typesupport_introspection_cpp.dir/rosidl_typesupport_introspection_cpp/ht_nav_variables/msg/detail/ht_nav_deneme__type_support.cpp.o[0m
[4.255s] [ 53%] [32mBuilding C object CMakeFiles/ht_nav_variables__rosidl_typesupport_introspection_c.dir/rosidl_typesupport_introspection_c/ht_nav_variables/msg/detail/ht_nav_strap_car_out__type_support.c.o[0m
[4.271s] [ 54%] [32mBuilding CXX object CMakeFiles/ht_nav_variables__rosidl_typesupport_fastrtps_cpp.dir/rosidl_typesupport_fastrtps_cpp/ht_nav_variables/msg/detail/dds_fastrtps/ht_nav_error_vector__type_support.cpp.o[0m
[4.273s] [ 54%] Built target ht_nav_variables__rosidl_typesupport_cpp
[4.288s] [ 55%] [32mBuilding CXX object CMakeFiles/ht_nav_variables__rosidl_typesupport_fastrtps_cpp.dir/rosidl_typesupport_fastrtps_cpp/ht_nav_variables/msg/detail/dds_fastrtps/ht_nav_euler__type_support.cpp.o[0m
[4.301s] [ 55%] [32mBuilding C object CMakeFiles/ht_nav_variables__rosidl_typesupport_introspection_c.dir/rosidl_typesupport_introspection_c/ht_nav_variables/msg/detail/ht_nav_point__type_support.c.o[0m
[4.312s] [ 56%] [32mBuilding CXX object CMakeFiles/ht_nav_variables__rosidl_typesupport_introspection_cpp.dir/rosidl_typesupport_introspection_cpp/ht_nav_variables/msg/detail/ht_nav_wheel_vector__type_support.cpp.o[0m
[4.344s] [ 57%] [32mBuilding C object CMakeFiles/ht_nav_variables__rosidl_typesupport_introspection_c.dir/rosidl_typesupport_introspection_c/ht_nav_variables/msg/detail/ht_nav_vector3__type_support.c.o[0m
[4.392s] [ 58%] [32mBuilding C object CMakeFiles/ht_nav_variables__rosidl_typesupport_introspection_c.dir/rosidl_typesupport_introspection_c/ht_nav_variables/msg/detail/ht_nav_quaternion__type_support.c.o[0m
[4.437s] [ 58%] [32mBuilding C object CMakeFiles/ht_nav_variables__rosidl_typesupport_introspection_c.dir/rosidl_typesupport_introspection_c/ht_nav_variables/msg/detail/ht_nav_deneme__type_support.c.o[0m
[4.482s] [ 59%] [32mBuilding C object CMakeFiles/ht_nav_variables__rosidl_typesupport_introspection_c.dir/rosidl_typesupport_introspection_c/ht_nav_variables/msg/detail/ht_nav_wheel_vector__type_support.c.o[0m
[4.515s] [ 60%] [32mBuilding CXX object CMakeFiles/ht_nav_variables__rosidl_typesupport_introspection_cpp.dir/rosidl_typesupport_introspection_cpp/ht_nav_variables/msg/detail/ht_nav_joint_state__type_support.cpp.o[0m
[4.528s] [ 60%] [32mBuilding C object CMakeFiles/ht_nav_variables__rosidl_typesupport_introspection_c.dir/rosidl_typesupport_introspection_c/ht_nav_variables/msg/detail/ht_nav_joint_state__type_support.c.o[0m
[4.574s] [ 61%] [32mBuilding C object CMakeFiles/ht_nav_variables__rosidl_typesupport_introspection_c.dir/rosidl_typesupport_introspection_c/ht_nav_variables/msg/detail/ht_nav_tire_out__type_support.c.o[0m
[4.609s] [ 61%] [32mBuilding CXX object CMakeFiles/ht_nav_variables__rosidl_typesupport_fastrtps_cpp.dir/rosidl_typesupport_fastrtps_cpp/ht_nav_variables/msg/detail/dds_fastrtps/ht_nav_gps_data__type_support.cpp.o[0m
[4.619s] [ 61%] [32mBuilding CXX object CMakeFiles/ht_nav_variables__rosidl_typesupport_introspection_cpp.dir/rosidl_typesupport_introspection_cpp/ht_nav_variables/msg/detail/ht_nav_tire_out__type_support.cpp.o[0m
[4.620s] [ 62%] [32mBuilding CXX object CMakeFiles/ht_nav_variables__rosidl_typesupport_fastrtps_cpp.dir/rosidl_typesupport_fastrtps_cpp/ht_nav_variables/msg/detail/dds_fastrtps/ht_nav_imu_data__type_support.cpp.o[0m
[4.620s] [ 61%] [32mBuilding CXX object CMakeFiles/ht_nav_variables__rosidl_typesupport_fastrtps_cpp.dir/rosidl_typesupport_fastrtps_cpp/ht_nav_variables/msg/detail/dds_fastrtps/ht_nav_kalman_out__type_support.cpp.o[0m
[4.622s] [ 63%] [32mBuilding CXX object CMakeFiles/ht_nav_variables__rosidl_typesupport_introspection_cpp.dir/rosidl_typesupport_introspection_cpp/ht_nav_variables/msg/detail/ht_nav_vehicle_debug__type_support.cpp.o[0m
[4.628s] [ 64%] [32mBuilding C object CMakeFiles/ht_nav_variables__rosidl_typesupport_introspection_c.dir/rosidl_typesupport_introspection_c/ht_nav_variables/msg/detail/ht_nav_vehicle_debug__type_support.c.o[0m
[4.651s] [ 65%] [32mBuilding CXX object CMakeFiles/ht_nav_variables__rosidl_typesupport_fastrtps_cpp.dir/rosidl_typesupport_fastrtps_cpp/ht_nav_variables/msg/detail/dds_fastrtps/ht_nav_strap_out__type_support.cpp.o[0m
[4.652s] [ 66%] [32mBuilding CXX object CMakeFiles/ht_nav_variables__rosidl_typesupport_fastrtps_cpp.dir/rosidl_typesupport_fastrtps_cpp/ht_nav_variables/msg/detail/dds_fastrtps/ht_nav_strap_car_out__type_support.cpp.o[0m
[4.677s] [ 66%] [32m[1mLinking C shared library libht_nav_variables__rosidl_typesupport_introspection_c.so[0m
[4.695s] [ 66%] [32mBuilding CXX object CMakeFiles/ht_nav_variables__rosidl_typesupport_fastrtps_cpp.dir/rosidl_typesupport_fastrtps_cpp/ht_nav_variables/msg/detail/dds_fastrtps/ht_nav_point__type_support.cpp.o[0m
[4.724s] [ 66%] Built target ht_nav_variables__rosidl_typesupport_introspection_c
[4.739s] [ 67%] [32mBuilding CXX object CMakeFiles/ht_nav_variables__rosidl_typesupport_fastrtps_cpp.dir/rosidl_typesupport_fastrtps_cpp/ht_nav_variables/msg/detail/dds_fastrtps/ht_nav_vector3__type_support.cpp.o[0m
[4.882s] [ 68%] [32mBuilding CXX object CMakeFiles/ht_nav_variables__rosidl_typesupport_fastrtps_cpp.dir/rosidl_typesupport_fastrtps_cpp/ht_nav_variables/msg/detail/dds_fastrtps/ht_nav_quaternion__type_support.cpp.o[0m
[4.889s] [ 68%] [32mBuilding CXX object CMakeFiles/ht_nav_variables__rosidl_typesupport_fastrtps_cpp.dir/rosidl_typesupport_fastrtps_cpp/ht_nav_variables/msg/detail/dds_fastrtps/ht_nav_deneme__type_support.cpp.o[0m
[4.910s] [ 69%] [32mBuilding CXX object CMakeFiles/ht_nav_variables__rosidl_typesupport_fastrtps_cpp.dir/rosidl_typesupport_fastrtps_cpp/ht_nav_variables/msg/detail/dds_fastrtps/ht_nav_wheel_vector__type_support.cpp.o[0m
[5.021s] [ 69%] [32mBuilding CXX object CMakeFiles/ht_nav_variables__rosidl_typesupport_fastrtps_cpp.dir/rosidl_typesupport_fastrtps_cpp/ht_nav_variables/msg/detail/dds_fastrtps/ht_nav_joint_state__type_support.cpp.o[0m
[5.052s] [ 70%] [32m[1mLinking CXX shared library libht_nav_variables__rosidl_typesupport_introspection_cpp.so[0m
[5.188s] [ 71%] [32mBuilding CXX object CMakeFiles/ht_nav_variables__rosidl_typesupport_fastrtps_cpp.dir/rosidl_typesupport_fastrtps_cpp/ht_nav_variables/msg/detail/dds_fastrtps/ht_nav_tire_out__type_support.cpp.o[0m
[5.196s] [ 71%] Built target ht_nav_variables__rosidl_typesupport_introspection_cpp
[5.200s] [ 72%] [32mBuilding CXX object CMakeFiles/ht_nav_variables__rosidl_typesupport_fastrtps_cpp.dir/rosidl_typesupport_fastrtps_cpp/ht_nav_variables/msg/detail/dds_fastrtps/ht_nav_vehicle_debug__type_support.cpp.o[0m
[5.635s] [ 72%] [32m[1mLinking CXX shared library libht_nav_variables__rosidl_typesupport_fastrtps_cpp.so[0m
[5.745s] [ 72%] Built target ht_nav_variables__rosidl_typesupport_fastrtps_cpp
[5.764s] [ 73%] [34m[1mGenerating C type support for eProsima Fast-RTPS[0m
[6.573s] [35m[1mScanning dependencies of target ht_nav_variables__rosidl_typesupport_fastrtps_c[0m
[6.604s] [ 74%] [32mBuilding CXX object CMakeFiles/ht_nav_variables__rosidl_typesupport_fastrtps_c.dir/rosidl_typesupport_fastrtps_c/ht_nav_variables/msg/detail/ht_nav_imu_data__type_support_c.cpp.o[0m
[6.606s] [ 74%] [32mBuilding CXX object CMakeFiles/ht_nav_variables__rosidl_typesupport_fastrtps_c.dir/rosidl_typesupport_fastrtps_c/ht_nav_variables/msg/detail/ht_nav_quaternion__type_support_c.cpp.o[0m
[6.606s] [ 74%] [32mBuilding CXX object CMakeFiles/ht_nav_variables__rosidl_typesupport_fastrtps_c.dir/rosidl_typesupport_fastrtps_c/ht_nav_variables/msg/detail/ht_nav_euler__type_support_c.cpp.o[0m
[6.607s] [ 75%] [32mBuilding CXX object CMakeFiles/ht_nav_variables__rosidl_typesupport_fastrtps_c.dir/rosidl_typesupport_fastrtps_c/ht_nav_variables/msg/detail/ht_nav_contact_state__type_support_c.cpp.o[0m
[6.607s] [ 75%] [32mBuilding CXX object CMakeFiles/ht_nav_variables__rosidl_typesupport_fastrtps_c.dir/rosidl_typesupport_fastrtps_c/ht_nav_variables/msg/detail/ht_nav_error_vector__type_support_c.cpp.o[0m
[6.607s] [ 75%] [32mBuilding CXX object CMakeFiles/ht_nav_variables__rosidl_typesupport_fastrtps_c.dir/rosidl_typesupport_fastrtps_c/ht_nav_variables/msg/detail/ht_nav_strap_car_out__type_support_c.cpp.o[0m
[6.607s] [ 76%] [32mBuilding CXX object CMakeFiles/ht_nav_variables__rosidl_typesupport_fastrtps_c.dir/rosidl_typesupport_fastrtps_c/ht_nav_variables/msg/detail/ht_nav_gps_data__type_support_c.cpp.o[0m
[6.608s] [ 78%] [32mBuilding CXX object CMakeFiles/ht_nav_variables__rosidl_typesupport_fastrtps_c.dir/rosidl_typesupport_fastrtps_c/ht_nav_variables/msg/detail/ht_nav_vector3__type_support_c.cpp.o[0m
[6.608s] [ 78%] [32mBuilding CXX object CMakeFiles/ht_nav_variables__rosidl_typesupport_fastrtps_c.dir/rosidl_typesupport_fastrtps_c/ht_nav_variables/msg/detail/ht_nav_kalman_out__type_support_c.cpp.o[0m
[6.608s] [ 78%] [32mBuilding CXX object CMakeFiles/ht_nav_variables__rosidl_typesupport_fastrtps_c.dir/rosidl_typesupport_fastrtps_c/ht_nav_variables/msg/detail/ht_nav_strap_out__type_support_c.cpp.o[0m
[6.609s] [ 79%] [32mBuilding CXX object CMakeFiles/ht_nav_variables__rosidl_typesupport_fastrtps_c.dir/rosidl_typesupport_fastrtps_c/ht_nav_variables/msg/detail/ht_nav_contact_states__type_support_c.cpp.o[0m
[6.611s] [ 80%] [32mBuilding CXX object CMakeFiles/ht_nav_variables__rosidl_typesupport_fastrtps_c.dir/rosidl_typesupport_fastrtps_c/ht_nav_variables/msg/detail/ht_nav_point__type_support_c.cpp.o[0m
[7.092s] [ 82%] [32mBuilding CXX object CMakeFiles/ht_nav_variables__rosidl_typesupport_fastrtps_c.dir/rosidl_typesupport_fastrtps_c/ht_nav_variables/msg/detail/ht_nav_joint_state__type_support_c.cpp.o[0m
[7.092s] [ 82%] [32mBuilding CXX object CMakeFiles/ht_nav_variables__rosidl_typesupport_fastrtps_c.dir/rosidl_typesupport_fastrtps_c/ht_nav_variables/msg/detail/ht_nav_deneme__type_support_c.cpp.o[0m
[7.092s] [ 82%] [32mBuilding CXX object CMakeFiles/ht_nav_variables__rosidl_typesupport_fastrtps_c.dir/rosidl_typesupport_fastrtps_c/ht_nav_variables/msg/detail/ht_nav_wheel_vector__type_support_c.cpp.o[0m
[7.096s] [ 83%] [32mBuilding CXX object CMakeFiles/ht_nav_variables__rosidl_typesupport_fastrtps_c.dir/rosidl_typesupport_fastrtps_c/ht_nav_variables/msg/detail/ht_nav_tire_out__type_support_c.cpp.o[0m
[7.096s] [ 84%] [32mBuilding CXX object CMakeFiles/ht_nav_variables__rosidl_typesupport_fastrtps_c.dir/rosidl_typesupport_fastrtps_c/ht_nav_variables/msg/detail/ht_nav_vehicle_debug__type_support_c.cpp.o[0m
[7.416s] [ 84%] [32m[1mLinking CXX shared library libht_nav_variables__rosidl_typesupport_fastrtps_c.so[0m
[7.532s] [ 84%] Built target ht_nav_variables__rosidl_typesupport_fastrtps_c
[7.561s] [ 84%] Built target ht_nav_variables
[7.576s] [35m[1mScanning dependencies of target ht_nav_variables__py[0m
[7.585s] [ 85%] [34m[1mGenerating Python code for ROS interfaces[0m
[9.364s] [ 85%] Built target ht_nav_variables__py
[9.384s] [35m[1mScanning dependencies of target ht_nav_variables__python[0m
[9.443s] [ 87%] [32mBuilding C object CMakeFiles/ht_nav_variables__python.dir/rosidl_generator_py/ht_nav_variables/msg/_ht_nav_contact_states_s.c.o[0m
[9.443s] [ 87%] [32mBuilding C object CMakeFiles/ht_nav_variables__python.dir/rosidl_generator_py/ht_nav_variables/msg/_ht_nav_imu_data_s.c.o[0m
[9.445s] [ 87%] [32mBuilding C object CMakeFiles/ht_nav_variables__python.dir/rosidl_generator_py/ht_nav_variables/msg/_ht_nav_euler_s.c.o[0m
[9.447s] [ 87%] [32mBuilding C object CMakeFiles/ht_nav_variables__python.dir/rosidl_generator_py/ht_nav_variables/msg/_ht_nav_kalman_out_s.c.o[0m
[9.447s] [ 88%] [32mBuilding C object CMakeFiles/ht_nav_variables__python.dir/rosidl_generator_py/ht_nav_variables/msg/_ht_nav_error_vector_s.c.o[0m
[9.450s] [ 90%] [32mBuilding C object CMakeFiles/ht_nav_variables__python.dir/rosidl_generator_py/ht_nav_variables/msg/_ht_nav_strap_out_s.c.o[0m
[9.450s] [ 90%] [32mBuilding C object CMakeFiles/ht_nav_variables__python.dir/rosidl_generator_py/ht_nav_variables/msg/_ht_nav_gps_data_s.c.o[0m
[9.450s] [ 90%] [32mBuilding C object CMakeFiles/ht_nav_variables__python.dir/rosidl_generator_py/ht_nav_variables/msg/_ht_nav_strap_car_out_s.c.o[0m
[9.451s] [ 90%] [32mBuilding C object CMakeFiles/ht_nav_variables__python.dir/rosidl_generator_py/ht_nav_variables/msg/_ht_nav_contact_state_s.c.o[0m
[9.458s] [ 90%] [32mBuilding C object CMakeFiles/ht_nav_variables__python.dir/rosidl_generator_py/ht_nav_variables/msg/_ht_nav_quaternion_s.c.o[0m
[9.461s] [ 91%] [32mBuilding C object CMakeFiles/ht_nav_variables__python.dir/rosidl_generator_py/ht_nav_variables/msg/_ht_nav_vector3_s.c.o[0m
[9.462s] [ 92%] [32mBuilding C object CMakeFiles/ht_nav_variables__python.dir/rosidl_generator_py/ht_nav_variables/msg/_ht_nav_point_s.c.o[0m
[9.596s] [ 93%] [32mBuilding C object CMakeFiles/ht_nav_variables__python.dir/rosidl_generator_py/ht_nav_variables/msg/_ht_nav_wheel_vector_s.c.o[0m
[9.596s] [ 94%] [32mBuilding C object CMakeFiles/ht_nav_variables__python.dir/rosidl_generator_py/ht_nav_variables/msg/_ht_nav_deneme_s.c.o[0m
[9.598s] [ 94%] [32mBuilding C object CMakeFiles/ht_nav_variables__python.dir/rosidl_generator_py/ht_nav_variables/msg/_ht_nav_joint_state_s.c.o[0m
[9.598s] [ 95%] [32mBuilding C object CMakeFiles/ht_nav_variables__python.dir/rosidl_generator_py/ht_nav_variables/msg/_ht_nav_tire_out_s.c.o[0m
[9.599s] [ 95%] [32mBuilding C object CMakeFiles/ht_nav_variables__python.dir/rosidl_generator_py/ht_nav_variables/msg/_ht_nav_vehicle_debug_s.c.o[0m
[9.716s] [ 96%] [32m[1mLinking C shared library rosidl_generator_py/ht_nav_variables/libht_nav_variables__python.so[0m
[9.765s] [ 96%] Built target ht_nav_variables__python
[9.779s] [35m[1mScanning dependencies of target ht_nav_variables__rosidl_typesupport_fastrtps_c__pyext[0m
[9.780s] [35m[1mScanning dependencies of target ht_nav_variables__rosidl_typesupport_c__pyext[0m
[9.783s] [35m[1mScanning dependencies of target ht_nav_variables__rosidl_typesupport_introspection_c__pyext[0m
[9.802s] [ 97%] [32mBuilding C object CMakeFiles/ht_nav_variables__rosidl_typesupport_fastrtps_c__pyext.dir/rosidl_generator_py/ht_nav_variables/_ht_nav_variables_s.ep.rosidl_typesupport_fastrtps_c.c.o[0m
[9.805s] [ 99%] [32mBuilding C object CMakeFiles/ht_nav_variables__rosidl_typesupport_c__pyext.dir/rosidl_generator_py/ht_nav_variables/_ht_nav_variables_s.ep.rosidl_typesupport_c.c.o[0m
[9.805s] [ 99%] [32mBuilding C object CMakeFiles/ht_nav_variables__rosidl_typesupport_introspection_c__pyext.dir/rosidl_generator_py/ht_nav_variables/_ht_nav_variables_s.ep.rosidl_typesupport_introspection_c.c.o[0m
[9.927s] [100%] [32m[1mLinking C shared library rosidl_generator_py/ht_nav_variables/ht_nav_variables_s__rosidl_typesupport_introspection_c.cpython-38-x86_64-linux-gnu.so[0m
[9.931s] [100%] [32m[1mLinking C shared library rosidl_generator_py/ht_nav_variables/ht_nav_variables_s__rosidl_typesupport_c.cpython-38-x86_64-linux-gnu.so[0m
[9.935s] [100%] [32m[1mLinking CXX shared library rosidl_generator_py/ht_nav_variables/ht_nav_variables_s__rosidl_typesupport_fastrtps_c.cpython-38-x86_64-linux-gnu.so[0m
[9.967s] [100%] Built target ht_nav_variables__rosidl_typesupport_introspection_c__pyext
[9.968s] [100%] Built target ht_nav_variables__rosidl_typesupport_c__pyext
[10.003s] [100%] Built target ht_nav_variables__rosidl_typesupport_fastrtps_c__pyext
[10.019s] Invoked command in '/home/temur/INS-GPS-ROS2/build/ht_nav_variables' returned '0': CMAKE_PREFIX_PATH=${CMAKE_PREFIX_PATH}:/home/temur/INS-GPS-ROS2/install/ht_strap_package:/opt/ros/foxy /usr/bin/cmake --build /home/temur/INS-GPS-ROS2/build/ht_nav_variables -- -j12 -l12
[10.274s] Invoking command in '/home/temur/INS-GPS-ROS2/build/ht_nav_variables': CMAKE_PREFIX_PATH=${CMAKE_PREFIX_PATH}:/home/temur/INS-GPS-ROS2/install/ht_strap_package:/opt/ros/foxy /usr/bin/cmake --install /home/temur/INS-GPS-ROS2/build/ht_nav_variables
[10.285s] -- Install configuration: ""
[10.286s] -- Installing: /home/temur/INS-GPS-ROS2/install/ht_nav_variables/share/ament_index/resource_index/rosidl_interfaces/ht_nav_variables
[10.286s] -- Up-to-date: /home/temur/INS-GPS-ROS2/install/ht_nav_variables/include/ht_nav_variables
[10.286s] -- Up-to-date: /home/temur/INS-GPS-ROS2/install/ht_nav_variables/include/ht_nav_variables/msg
[10.286s] -- Installing: /home/temur/INS-GPS-ROS2/install/ht_nav_variables/include/ht_nav_variables/msg/ht_nav_imu_data.h
[10.287s] -- Installing: /home/temur/INS-GPS-ROS2/install/ht_nav_variables/include/ht_nav_variables/msg/ht_nav_vector3.h
[10.287s] -- Up-to-date: /home/temur/INS-GPS-ROS2/install/ht_nav_variables/include/ht_nav_variables/msg/detail
[10.287s] -- Installing: /home/temur/INS-GPS-ROS2/install/ht_nav_variables/include/ht_nav_variables/msg/detail/ht_nav_strap_out__functions.h
[10.287s] -- Installing: /home/temur/INS-GPS-ROS2/install/ht_nav_variables/include/ht_nav_variables/msg/detail/ht_nav_imu_data__struct.h
[10.288s] -- Installing: /home/temur/INS-GPS-ROS2/install/ht_nav_variables/include/ht_nav_variables/msg/detail/ht_nav_error_vector__functions.h
[10.288s] -- Installing: /home/temur/INS-GPS-ROS2/install/ht_nav_variables/include/ht_nav_variables/msg/detail/ht_nav_tire_out__functions.c
[10.288s] -- Installing: /home/temur/INS-GPS-ROS2/install/ht_nav_variables/include/ht_nav_variables/msg/detail/ht_nav_error_vector__type_support.h
[10.288s] -- Installing: /home/temur/INS-GPS-ROS2/install/ht_nav_variables/include/ht_nav_variables/msg/detail/ht_nav_contact_states__type_support.h
[10.288s] -- Installing: /home/temur/INS-GPS-ROS2/install/ht_nav_variables/include/ht_nav_variables/msg/detail/ht_nav_wheel_vector__functions.c
[10.289s] -- Installing: /home/temur/INS-GPS-ROS2/install/ht_nav_variables/include/ht_nav_variables/msg/detail/ht_nav_vehicle_debug__functions.h
[10.289s] -- Installing: /home/temur/INS-GPS-ROS2/install/ht_nav_variables/include/ht_nav_variables/msg/detail/ht_nav_contact_states__functions.h
[10.289s] -- Installing: /home/temur/INS-GPS-ROS2/install/ht_nav_variables/include/ht_nav_variables/msg/detail/ht_nav_point__struct.h
[10.289s] -- Installing: /home/temur/INS-GPS-ROS2/install/ht_nav_variables/include/ht_nav_variables/msg/detail/ht_nav_quaternion__functions.c
[10.289s] -- Installing: /home/temur/INS-GPS-ROS2/install/ht_nav_variables/include/ht_nav_variables/msg/detail/ht_nav_deneme__type_support.h
[10.289s] -- Installing: /home/temur/INS-GPS-ROS2/install/ht_nav_variables/include/ht_nav_variables/msg/detail/ht_nav_joint_state__functions.c
[10.290s] -- Installing: /home/temur/INS-GPS-ROS2/install/ht_nav_variables/include/ht_nav_variables/msg/detail/ht_nav_contact_states__struct.h
[10.290s] -- Installing: /home/temur/INS-GPS-ROS2/install/ht_nav_variables/include/ht_nav_variables/msg/detail/ht_nav_gps_data__functions.h
[10.290s] -- Installing: /home/temur/INS-GPS-ROS2/install/ht_nav_variables/include/ht_nav_variables/msg/detail/ht_nav_gps_data__functions.c
[10.290s] -- Installing: /home/temur/INS-GPS-ROS2/install/ht_nav_variables/include/ht_nav_variables/msg/detail/ht_nav_kalman_out__type_support.h
[10.290s] -- Installing: /home/temur/INS-GPS-ROS2/install/ht_nav_variables/include/ht_nav_variables/msg/detail/ht_nav_wheel_vector__functions.h
[10.291s] -- Installing: /home/temur/INS-GPS-ROS2/install/ht_nav_variables/include/ht_nav_variables/msg/detail/ht_nav_vehicle_debug__type_support.h
[10.291s] -- Installing: /home/temur/INS-GPS-ROS2/install/ht_nav_variables/include/ht_nav_variables/msg/detail/ht_nav_strap_car_out__struct.h
[10.291s] -- Installing: /home/temur/INS-GPS-ROS2/install/ht_nav_variables/include/ht_nav_variables/msg/detail/ht_nav_kalman_out__functions.h
[10.291s] -- Installing: /home/temur/INS-GPS-ROS2/install/ht_nav_variables/include/ht_nav_variables/msg/detail/ht_nav_contact_state__functions.c
[10.292s] -- Installing: /home/temur/INS-GPS-ROS2/install/ht_nav_variables/include/ht_nav_variables/msg/detail/ht_nav_strap_out__type_support.h
[10.292s] -- Installing: /home/temur/INS-GPS-ROS2/install/ht_nav_variables/include/ht_nav_variables/msg/detail/ht_nav_contact_state__functions.h
[10.292s] -- Installing: /home/temur/INS-GPS-ROS2/install/ht_nav_variables/include/ht_nav_variables/msg/detail/ht_nav_tire_out__functions.h
[10.292s] -- Installing: /home/temur/INS-GPS-ROS2/install/ht_nav_variables/include/ht_nav_variables/msg/detail/ht_nav_deneme__functions.c
[10.292s] -- Installing: /home/temur/INS-GPS-ROS2/install/ht_nav_variables/include/ht_nav_variables/msg/detail/ht_nav_euler__type_support.h
[10.292s] -- Installing: /home/temur/INS-GPS-ROS2/install/ht_nav_variables/include/ht_nav_variables/msg/detail/ht_nav_joint_state__functions.h
[10.293s] -- Installing: /home/temur/INS-GPS-ROS2/install/ht_nav_variables/include/ht_nav_variables/msg/detail/ht_nav_strap_car_out__functions.c
[10.293s] -- Installing: /home/temur/INS-GPS-ROS2/install/ht_nav_variables/include/ht_nav_variables/msg/detail/ht_nav_joint_state__struct.h
[10.293s] -- Installing: /home/temur/INS-GPS-ROS2/install/ht_nav_variables/include/ht_nav_variables/msg/detail/ht_nav_error_vector__struct.h
[10.293s] -- Installing: /home/temur/INS-GPS-ROS2/install/ht_nav_variables/include/ht_nav_variables/msg/detail/ht_nav_imu_data__functions.h
[10.294s] -- Installing: /home/temur/INS-GPS-ROS2/install/ht_nav_variables/include/ht_nav_variables/msg/detail/ht_nav_deneme__functions.h
[10.294s] -- Installing: /home/temur/INS-GPS-ROS2/install/ht_nav_variables/include/ht_nav_variables/msg/detail/ht_nav_vector3__type_support.h
[10.294s] -- Installing: /home/temur/INS-GPS-ROS2/install/ht_nav_variables/include/ht_nav_variables/msg/detail/ht_nav_vehicle_debug__struct.h
[10.294s] -- Installing: /home/temur/INS-GPS-ROS2/install/ht_nav_variables/include/ht_nav_variables/msg/detail/ht_nav_contact_state__struct.h
[10.294s] -- Installing: /home/temur/INS-GPS-ROS2/install/ht_nav_variables/include/ht_nav_variables/msg/detail/ht_nav_point__type_support.h
[10.294s] -- Installing: /home/temur/INS-GPS-ROS2/install/ht_nav_variables/include/ht_nav_variables/msg/detail/ht_nav_tire_out__type_support.h
[10.295s] -- Installing: /home/temur/INS-GPS-ROS2/install/ht_nav_variables/include/ht_nav_variables/msg/detail/ht_nav_euler__functions.c
[10.295s] -- Installing: /home/temur/INS-GPS-ROS2/install/ht_nav_variables/include/ht_nav_variables/msg/detail/ht_nav_kalman_out__functions.c
[10.295s] -- Installing: /home/temur/INS-GPS-ROS2/install/ht_nav_variables/include/ht_nav_variables/msg/detail/ht_nav_contact_states__functions.c
[10.295s] -- Installing: /home/temur/INS-GPS-ROS2/install/ht_nav_variables/include/ht_nav_variables/msg/detail/ht_nav_quaternion__struct.h
[10.295s] -- Installing: /home/temur/INS-GPS-ROS2/install/ht_nav_variables/include/ht_nav_variables/msg/detail/ht_nav_point__functions.h
[10.296s] -- Installing: /home/temur/INS-GPS-ROS2/install/ht_nav_variables/include/ht_nav_variables/msg/detail/ht_nav_vector3__functions.c
[10.296s] -- Installing: /home/temur/INS-GPS-ROS2/install/ht_nav_variables/include/ht_nav_variables/msg/detail/ht_nav_joint_state__type_support.h
[10.296s] -- Installing: /home/temur/INS-GPS-ROS2/install/ht_nav_variables/include/ht_nav_variables/msg/detail/ht_nav_strap_out__functions.c
[10.296s] -- Installing: /home/temur/INS-GPS-ROS2/install/ht_nav_variables/include/ht_nav_variables/msg/detail/ht_nav_gps_data__struct.h
[10.296s] -- Installing: /home/temur/INS-GPS-ROS2/install/ht_nav_variables/include/ht_nav_variables/msg/detail/ht_nav_vector3__struct.h
[10.296s] -- Installing: /home/temur/INS-GPS-ROS2/install/ht_nav_variables/include/ht_nav_variables/msg/detail/ht_nav_tire_out__struct.h
[10.297s] -- Installing: /home/temur/INS-GPS-ROS2/install/ht_nav_variables/include/ht_nav_variables/msg/detail/ht_nav_euler__functions.h
[10.297s] -- Installing: /home/temur/INS-GPS-ROS2/install/ht_nav_variables/include/ht_nav_variables/msg/detail/ht_nav_strap_car_out__type_support.h
[10.297s] -- Installing: /home/temur/INS-GPS-ROS2/install/ht_nav_variables/include/ht_nav_variables/msg/detail/ht_nav_strap_out__struct.h
[10.297s] -- Installing: /home/temur/INS-GPS-ROS2/install/ht_nav_variables/include/ht_nav_variables/msg/detail/ht_nav_point__functions.c
[10.297s] -- Installing: /home/temur/INS-GPS-ROS2/install/ht_nav_variables/include/ht_nav_variables/msg/detail/ht_nav_contact_state__type_support.h
[10.297s] -- Installing: /home/temur/INS-GPS-ROS2/install/ht_nav_variables/include/ht_nav_variables/msg/detail/ht_nav_strap_car_out__functions.h
[10.297s] -- Installing: /home/temur/INS-GPS-ROS2/install/ht_nav_variables/include/ht_nav_variables/msg/detail/ht_nav_vector3__functions.h
[10.297s] -- Installing: /home/temur/INS-GPS-ROS2/install/ht_nav_variables/include/ht_nav_variables/msg/detail/ht_nav_quaternion__functions.h
[10.297s] -- Installing: /home/temur/INS-GPS-ROS2/install/ht_nav_variables/include/ht_nav_variables/msg/detail/ht_nav_error_vector__functions.c
[10.297s] -- Installing: /home/temur/INS-GPS-ROS2/install/ht_nav_variables/include/ht_nav_variables/msg/detail/ht_nav_deneme__struct.h
[10.297s] -- Installing: /home/temur/INS-GPS-ROS2/install/ht_nav_variables/include/ht_nav_variables/msg/detail/ht_nav_euler__struct.h
[10.297s] -- Installing: /home/temur/INS-GPS-ROS2/install/ht_nav_variables/include/ht_nav_variables/msg/detail/ht_nav_imu_data__functions.c
[10.298s] -- Installing: /home/temur/INS-GPS-ROS2/install/ht_nav_variables/include/ht_nav_variables/msg/detail/ht_nav_wheel_vector__struct.h
[10.298s] -- Installing: /home/temur/INS-GPS-ROS2/install/ht_nav_variables/include/ht_nav_variables/msg/detail/ht_nav_wheel_vector__type_support.h
[10.298s] -- Installing: /home/temur/INS-GPS-ROS2/install/ht_nav_variables/include/ht_nav_variables/msg/detail/ht_nav_imu_data__type_support.h
[10.298s] -- Installing: /home/temur/INS-GPS-ROS2/install/ht_nav_variables/include/ht_nav_variables/msg/detail/ht_nav_kalman_out__struct.h
[10.298s] -- Installing: /home/temur/INS-GPS-ROS2/install/ht_nav_variables/include/ht_nav_variables/msg/detail/ht_nav_gps_data__type_support.h
[10.298s] -- Installing: /home/temur/INS-GPS-ROS2/install/ht_nav_variables/include/ht_nav_variables/msg/detail/ht_nav_quaternion__type_support.h
[10.298s] -- Installing: /home/temur/INS-GPS-ROS2/install/ht_nav_variables/include/ht_nav_variables/msg/detail/ht_nav_vehicle_debug__functions.c
[10.298s] -- Installing: /home/temur/INS-GPS-ROS2/install/ht_nav_variables/include/ht_nav_variables/msg/ht_nav_wheel_vector.h
[10.298s] -- Installing: /home/temur/INS-GPS-ROS2/install/ht_nav_variables/include/ht_nav_variables/msg/ht_nav_strap_car_out.h
[10.298s] -- Installing: /home/temur/INS-GPS-ROS2/install/ht_nav_variables/include/ht_nav_variables/msg/ht_nav_quaternion.h
[10.298s] -- Installing: /home/temur/INS-GPS-ROS2/install/ht_nav_variables/include/ht_nav_variables/msg/ht_nav_strap_out.h
[10.298s] -- Installing: /home/temur/INS-GPS-ROS2/install/ht_nav_variables/include/ht_nav_variables/msg/ht_nav_kalman_out.h
[10.299s] -- Installing: /home/temur/INS-GPS-ROS2/install/ht_nav_variables/include/ht_nav_variables/msg/ht_nav_contact_states.h
[10.299s] -- Installing: /home/temur/INS-GPS-ROS2/install/ht_nav_variables/include/ht_nav_variables/msg/ht_nav_error_vector.h
[10.299s] -- Installing: /home/temur/INS-GPS-ROS2/install/ht_nav_variables/include/ht_nav_variables/msg/ht_nav_contact_state.h
[10.299s] -- Installing: /home/temur/INS-GPS-ROS2/install/ht_nav_variables/include/ht_nav_variables/msg/ht_nav_deneme.h
[10.299s] -- Installing: /home/temur/INS-GPS-ROS2/install/ht_nav_variables/include/ht_nav_variables/msg/ht_nav_gps_data.h
[10.299s] -- Up-to-date: /home/temur/INS-GPS-ROS2/install/ht_nav_variables/include/ht_nav_variables/msg/rosidl_generator_c__visibility_control.h
[10.299s] -- Installing: /home/temur/INS-GPS-ROS2/install/ht_nav_variables/include/ht_nav_variables/msg/ht_nav_point.h
[10.299s] -- Installing: /home/temur/INS-GPS-ROS2/install/ht_nav_variables/include/ht_nav_variables/msg/ht_nav_vehicle_debug.h
[10.299s] -- Installing: /home/temur/INS-GPS-ROS2/install/ht_nav_variables/include/ht_nav_variables/msg/ht_nav_euler.h
[10.299s] -- Installing: /home/temur/INS-GPS-ROS2/install/ht_nav_variables/include/ht_nav_variables/msg/ht_nav_joint_state.h
[10.299s] -- Installing: /home/temur/INS-GPS-ROS2/install/ht_nav_variables/include/ht_nav_variables/msg/ht_nav_tire_out.h
[10.299s] -- Up-to-date: /home/temur/INS-GPS-ROS2/install/ht_nav_variables/share/ht_nav_variables/environment/library_path.sh
[10.300s] -- Installing: /home/temur/INS-GPS-ROS2/install/ht_nav_variables/share/ht_nav_variables/environment/library_path.dsv
[10.300s] -- Installing: /home/temur/INS-GPS-ROS2/install/ht_nav_variables/lib/libht_nav_variables__rosidl_generator_c.so
[10.300s] -- Set runtime path of "/home/temur/INS-GPS-ROS2/install/ht_nav_variables/lib/libht_nav_variables__rosidl_generator_c.so" to ""
[10.300s] -- Up-to-date: /home/temur/INS-GPS-ROS2/install/ht_nav_variables/include/ht_nav_variables
[10.300s] -- Up-to-date: /home/temur/INS-GPS-ROS2/install/ht_nav_variables/include/ht_nav_variables/msg
[10.300s] -- Up-to-date: /home/temur/INS-GPS-ROS2/install/ht_nav_variables/include/ht_nav_variables/msg/detail
[10.300s] -- Installing: /home/temur/INS-GPS-ROS2/install/ht_nav_variables/include/ht_nav_variables/msg/detail/ht_nav_point__rosidl_typesupport_fastrtps_c.h
[10.300s] -- Installing: /home/temur/INS-GPS-ROS2/install/ht_nav_variables/include/ht_nav_variables/msg/detail/ht_nav_strap_out__rosidl_typesupport_fastrtps_c.h
[10.300s] -- Installing: /home/temur/INS-GPS-ROS2/install/ht_nav_variables/include/ht_nav_variables/msg/detail/ht_nav_vehicle_debug__rosidl_typesupport_fastrtps_c.h
[10.300s] -- Installing: /home/temur/INS-GPS-ROS2/install/ht_nav_variables/include/ht_nav_variables/msg/detail/ht_nav_quaternion__rosidl_typesupport_fastrtps_c.h
[10.300s] -- Installing: /home/temur/INS-GPS-ROS2/install/ht_nav_variables/include/ht_nav_variables/msg/detail/ht_nav_imu_data__rosidl_typesupport_fastrtps_c.h
[10.300s] -- Installing: /home/temur/INS-GPS-ROS2/install/ht_nav_variables/include/ht_nav_variables/msg/detail/ht_nav_contact_state__rosidl_typesupport_fastrtps_c.h
[10.300s] -- Installing: /home/temur/INS-GPS-ROS2/install/ht_nav_variables/include/ht_nav_variables/msg/detail/ht_nav_gps_data__rosidl_typesupport_fastrtps_c.h
[10.300s] -- Installing: /home/temur/INS-GPS-ROS2/install/ht_nav_variables/include/ht_nav_variables/msg/detail/ht_nav_joint_state__rosidl_typesupport_fastrtps_c.h
[10.301s] -- Installing: /home/temur/INS-GPS-ROS2/install/ht_nav_variables/include/ht_nav_variables/msg/detail/ht_nav_kalman_out__rosidl_typesupport_fastrtps_c.h
[10.301s] -- Installing: /home/temur/INS-GPS-ROS2/install/ht_nav_variables/include/ht_nav_variables/msg/detail/ht_nav_euler__rosidl_typesupport_fastrtps_c.h
[10.301s] -- Installing: /home/temur/INS-GPS-ROS2/install/ht_nav_variables/include/ht_nav_variables/msg/detail/ht_nav_tire_out__rosidl_typesupport_fastrtps_c.h
[10.301s] -- Installing: /home/temur/INS-GPS-ROS2/install/ht_nav_variables/include/ht_nav_variables/msg/detail/ht_nav_wheel_vector__rosidl_typesupport_fastrtps_c.h
[10.301s] -- Installing: /home/temur/INS-GPS-ROS2/install/ht_nav_variables/include/ht_nav_variables/msg/detail/ht_nav_error_vector__rosidl_typesupport_fastrtps_c.h
[10.301s] -- Installing: /home/temur/INS-GPS-ROS2/install/ht_nav_variables/include/ht_nav_variables/msg/detail/ht_nav_strap_car_out__rosidl_typesupport_fastrtps_c.h
[10.301s] -- Installing: /home/temur/INS-GPS-ROS2/install/ht_nav_variables/include/ht_nav_variables/msg/detail/ht_nav_contact_states__rosidl_typesupport_fastrtps_c.h
[10.301s] -- Installing: /home/temur/INS-GPS-ROS2/install/ht_nav_variables/include/ht_nav_variables/msg/detail/ht_nav_deneme__rosidl_typesupport_fastrtps_c.h
[10.301s] -- Installing: /home/temur/INS-GPS-ROS2/install/ht_nav_variables/include/ht_nav_variables/msg/detail/ht_nav_vector3__rosidl_typesupport_fastrtps_c.h
[10.301s] -- Up-to-date: /home/temur/INS-GPS-ROS2/install/ht_nav_variables/include/ht_nav_variables/msg/rosidl_typesupport_fastrtps_c__visibility_control.h
[10.301s] -- Installing: /home/temur/INS-GPS-ROS2/install/ht_nav_variables/lib/libht_nav_variables__rosidl_typesupport_fastrtps_c.so
[10.301s] -- Set runtime path of "/home/temur/INS-GPS-ROS2/install/ht_nav_variables/lib/libht_nav_variables__rosidl_typesupport_fastrtps_c.so" to ""
[10.301s] -- Up-to-date: /home/temur/INS-GPS-ROS2/install/ht_nav_variables/include/ht_nav_variables
[10.302s] -- Up-to-date: /home/temur/INS-GPS-ROS2/install/ht_nav_variables/include/ht_nav_variables/msg
[10.302s] -- Up-to-date: /home/temur/INS-GPS-ROS2/install/ht_nav_variables/include/ht_nav_variables/msg/detail
[10.302s] -- Installing: /home/temur/INS-GPS-ROS2/install/ht_nav_variables/include/ht_nav_variables/msg/detail/ht_nav_error_vector__rosidl_typesupport_fastrtps_cpp.hpp
[10.302s] -- Installing: /home/temur/INS-GPS-ROS2/install/ht_nav_variables/include/ht_nav_variables/msg/detail/ht_nav_kalman_out__rosidl_typesupport_fastrtps_cpp.hpp
[10.302s] -- Installing: /home/temur/INS-GPS-ROS2/install/ht_nav_variables/include/ht_nav_variables/msg/detail/ht_nav_wheel_vector__rosidl_typesupport_fastrtps_cpp.hpp
[10.302s] -- Installing: /home/temur/INS-GPS-ROS2/install/ht_nav_variables/include/ht_nav_variables/msg/detail/ht_nav_quaternion__rosidl_typesupport_fastrtps_cpp.hpp
[10.302s] -- Up-to-date: /home/temur/INS-GPS-ROS2/install/ht_nav_variables/include/ht_nav_variables/msg/detail/dds_fastrtps
[10.302s] -- Installing: /home/temur/INS-GPS-ROS2/install/ht_nav_variables/include/ht_nav_variables/msg/detail/ht_nav_imu_data__rosidl_typesupport_fastrtps_cpp.hpp
[10.302s] -- Installing: /home/temur/INS-GPS-ROS2/install/ht_nav_variables/include/ht_nav_variables/msg/detail/ht_nav_vehicle_debug__rosidl_typesupport_fastrtps_cpp.hpp
[10.302s] -- Installing: /home/temur/INS-GPS-ROS2/install/ht_nav_variables/include/ht_nav_variables/msg/detail/ht_nav_strap_out__rosidl_typesupport_fastrtps_cpp.hpp
[10.302s] -- Installing: /home/temur/INS-GPS-ROS2/install/ht_nav_variables/include/ht_nav_variables/msg/detail/ht_nav_vector3__rosidl_typesupport_fastrtps_cpp.hpp
[10.302s] -- Installing: /home/temur/INS-GPS-ROS2/install/ht_nav_variables/include/ht_nav_variables/msg/detail/ht_nav_contact_state__rosidl_typesupport_fastrtps_cpp.hpp
[10.303s] -- Installing: /home/temur/INS-GPS-ROS2/install/ht_nav_variables/include/ht_nav_variables/msg/detail/ht_nav_euler__rosidl_typesupport_fastrtps_cpp.hpp
[10.303s] -- Installing: /home/temur/INS-GPS-ROS2/install/ht_nav_variables/include/ht_nav_variables/msg/detail/ht_nav_contact_states__rosidl_typesupport_fastrtps_cpp.hpp
[10.303s] -- Installing: /home/temur/INS-GPS-ROS2/install/ht_nav_variables/include/ht_nav_variables/msg/detail/ht_nav_strap_car_out__rosidl_typesupport_fastrtps_cpp.hpp
[10.303s] -- Installing: /home/temur/INS-GPS-ROS2/install/ht_nav_variables/include/ht_nav_variables/msg/detail/ht_nav_gps_data__rosidl_typesupport_fastrtps_cpp.hpp
[10.303s] -- Installing: /home/temur/INS-GPS-ROS2/install/ht_nav_variables/include/ht_nav_variables/msg/detail/ht_nav_joint_state__rosidl_typesupport_fastrtps_cpp.hpp
[10.303s] -- Installing: /home/temur/INS-GPS-ROS2/install/ht_nav_variables/include/ht_nav_variables/msg/detail/ht_nav_tire_out__rosidl_typesupport_fastrtps_cpp.hpp
[10.303s] -- Installing: /home/temur/INS-GPS-ROS2/install/ht_nav_variables/include/ht_nav_variables/msg/detail/ht_nav_point__rosidl_typesupport_fastrtps_cpp.hpp
[10.303s] -- Installing: /home/temur/INS-GPS-ROS2/install/ht_nav_variables/include/ht_nav_variables/msg/detail/ht_nav_deneme__rosidl_typesupport_fastrtps_cpp.hpp
[10.303s] -- Up-to-date: /home/temur/INS-GPS-ROS2/install/ht_nav_variables/include/ht_nav_variables/msg/rosidl_typesupport_fastrtps_cpp__visibility_control.h
[10.303s] -- Installing: /home/temur/INS-GPS-ROS2/install/ht_nav_variables/lib/libht_nav_variables__rosidl_typesupport_fastrtps_cpp.so
[10.303s] -- Set runtime path of "/home/temur/INS-GPS-ROS2/install/ht_nav_variables/lib/libht_nav_variables__rosidl_typesupport_fastrtps_cpp.so" to ""
[10.303s] -- Up-to-date: /home/temur/INS-GPS-ROS2/install/ht_nav_variables/include/ht_nav_variables
[10.304s] -- Up-to-date: /home/temur/INS-GPS-ROS2/install/ht_nav_variables/include/ht_nav_variables/msg
[10.304s] -- Up-to-date: /home/temur/INS-GPS-ROS2/install/ht_nav_variables/include/ht_nav_variables/msg/detail
[10.304s] -- Installing: /home/temur/INS-GPS-ROS2/install/ht_nav_variables/include/ht_nav_variables/msg/detail/ht_nav_tire_out__type_support.c
[10.304s] -- Installing: /home/temur/INS-GPS-ROS2/install/ht_nav_variables/include/ht_nav_variables/msg/detail/ht_nav_gps_data__rosidl_typesupport_introspection_c.h
[10.304s] -- Installing: /home/temur/INS-GPS-ROS2/install/ht_nav_variables/include/ht_nav_variables/msg/detail/ht_nav_gps_data__type_support.c
[10.304s] -- Installing: /home/temur/INS-GPS-ROS2/install/ht_nav_variables/include/ht_nav_variables/msg/detail/ht_nav_joint_state__rosidl_typesupport_introspection_c.h
[10.304s] -- Installing: /home/temur/INS-GPS-ROS2/install/ht_nav_variables/include/ht_nav_variables/msg/detail/ht_nav_joint_state__type_support.c
[10.304s] -- Installing: /home/temur/INS-GPS-ROS2/install/ht_nav_variables/include/ht_nav_variables/msg/detail/ht_nav_vector3__rosidl_typesupport_introspection_c.h
[10.304s] -- Installing: /home/temur/INS-GPS-ROS2/install/ht_nav_variables/include/ht_nav_variables/msg/detail/ht_nav_kalman_out__type_support.c
[10.304s] -- Installing: /home/temur/INS-GPS-ROS2/install/ht_nav_variables/include/ht_nav_variables/msg/detail/ht_nav_imu_data__type_support.c
[10.304s] -- Installing: /home/temur/INS-GPS-ROS2/install/ht_nav_variables/include/ht_nav_variables/msg/detail/ht_nav_contact_states__type_support.c
[10.304s] -- Installing: /home/temur/INS-GPS-ROS2/install/ht_nav_variables/include/ht_nav_variables/msg/detail/ht_nav_kalman_out__rosidl_typesupport_introspection_c.h
[10.304s] -- Installing: /home/temur/INS-GPS-ROS2/install/ht_nav_variables/include/ht_nav_variables/msg/detail/ht_nav_contact_state__rosidl_typesupport_introspection_c.h
[10.305s] -- Installing: /home/temur/INS-GPS-ROS2/install/ht_nav_variables/include/ht_nav_variables/msg/detail/ht_nav_error_vector__type_support.c
[10.305s] -- Installing: /home/temur/INS-GPS-ROS2/install/ht_nav_variables/include/ht_nav_variables/msg/detail/ht_nav_contact_states__rosidl_typesupport_introspection_c.h
[10.305s] -- Installing: /home/temur/INS-GPS-ROS2/install/ht_nav_variables/include/ht_nav_variables/msg/detail/ht_nav_vehicle_debug__rosidl_typesupport_introspection_c.h
[10.305s] -- Installing: /home/temur/INS-GPS-ROS2/install/ht_nav_variables/include/ht_nav_variables/msg/detail/ht_nav_vector3__type_support.c
[10.305s] -- Installing: /home/temur/INS-GPS-ROS2/install/ht_nav_variables/include/ht_nav_variables/msg/detail/ht_nav_contact_state__type_support.c
[10.305s] -- Installing: /home/temur/INS-GPS-ROS2/install/ht_nav_variables/include/ht_nav_variables/msg/detail/ht_nav_strap_out__type_support.c
[10.305s] -- Installing: /home/temur/INS-GPS-ROS2/install/ht_nav_variables/include/ht_nav_variables/msg/detail/ht_nav_wheel_vector__rosidl_typesupport_introspection_c.h
[10.305s] -- Installing: /home/temur/INS-GPS-ROS2/install/ht_nav_variables/include/ht_nav_variables/msg/detail/ht_nav_strap_out__rosidl_typesupport_introspection_c.h
[10.305s] -- Installing: /home/temur/INS-GPS-ROS2/install/ht_nav_variables/include/ht_nav_variables/msg/detail/ht_nav_euler__type_support.c
[10.305s] -- Installing: /home/temur/INS-GPS-ROS2/install/ht_nav_variables/include/ht_nav_variables/msg/detail/ht_nav_strap_car_out__type_support.c
[10.305s] -- Installing: /home/temur/INS-GPS-ROS2/install/ht_nav_variables/include/ht_nav_variables/msg/detail/ht_nav_deneme__rosidl_typesupport_introspection_c.h
[10.306s] -- Installing: /home/temur/INS-GPS-ROS2/install/ht_nav_variables/include/ht_nav_variables/msg/detail/ht_nav_tire_out__rosidl_typesupport_introspection_c.h
[10.306s] -- Installing: /home/temur/INS-GPS-ROS2/install/ht_nav_variables/include/ht_nav_variables/msg/detail/ht_nav_euler__rosidl_typesupport_introspection_c.h
[10.306s] -- Installing: /home/temur/INS-GPS-ROS2/install/ht_nav_variables/include/ht_nav_variables/msg/detail/ht_nav_vehicle_debug__type_support.c
[10.306s] -- Installing: /home/temur/INS-GPS-ROS2/install/ht_nav_variables/include/ht_nav_variables/msg/detail/ht_nav_point__rosidl_typesupport_introspection_c.h
[10.306s] -- Installing: /home/temur/INS-GPS-ROS2/install/ht_nav_variables/include/ht_nav_variables/msg/detail/ht_nav_wheel_vector__type_support.c
[10.306s] -- Installing: /home/temur/INS-GPS-ROS2/install/ht_nav_variables/include/ht_nav_variables/msg/detail/ht_nav_quaternion__rosidl_typesupport_introspection_c.h
[10.306s] -- Installing: /home/temur/INS-GPS-ROS2/install/ht_nav_variables/include/ht_nav_variables/msg/detail/ht_nav_error_vector__rosidl_typesupport_introspection_c.h
[10.306s] -- Installing: /home/temur/INS-GPS-ROS2/install/ht_nav_variables/include/ht_nav_variables/msg/detail/ht_nav_point__type_support.c
[10.306s] -- Installing: /home/temur/INS-GPS-ROS2/install/ht_nav_variables/include/ht_nav_variables/msg/detail/ht_nav_imu_data__rosidl_typesupport_introspection_c.h
[10.306s] -- Installing: /home/temur/INS-GPS-ROS2/install/ht_nav_variables/include/ht_nav_variables/msg/detail/ht_nav_strap_car_out__rosidl_typesupport_introspection_c.h
[10.306s] -- Installing: /home/temur/INS-GPS-ROS2/install/ht_nav_variables/include/ht_nav_variables/msg/detail/ht_nav_deneme__type_support.c
[10.306s] -- Installing: /home/temur/INS-GPS-ROS2/install/ht_nav_variables/include/ht_nav_variables/msg/detail/ht_nav_quaternion__type_support.c
[10.307s] -- Up-to-date: /home/temur/INS-GPS-ROS2/install/ht_nav_variables/include/ht_nav_variables/msg/rosidl_typesupport_introspection_c__visibility_control.h
[10.307s] -- Installing: /home/temur/INS-GPS-ROS2/install/ht_nav_variables/lib/libht_nav_variables__rosidl_typesupport_introspection_c.so
[10.307s] -- Set runtime path of "/home/temur/INS-GPS-ROS2/install/ht_nav_variables/lib/libht_nav_variables__rosidl_typesupport_introspection_c.so" to ""
[10.307s] -- Installing: /home/temur/INS-GPS-ROS2/install/ht_nav_variables/lib/libht_nav_variables__rosidl_typesupport_c.so
[10.307s] -- Set runtime path of "/home/temur/INS-GPS-ROS2/install/ht_nav_variables/lib/libht_nav_variables__rosidl_typesupport_c.so" to ""
[10.307s] -- Up-to-date: /home/temur/INS-GPS-ROS2/install/ht_nav_variables/include/ht_nav_variables
[10.307s] -- Up-to-date: /home/temur/INS-GPS-ROS2/install/ht_nav_variables/include/ht_nav_variables/msg
[10.307s] -- Installing: /home/temur/INS-GPS-ROS2/install/ht_nav_variables/include/ht_nav_variables/msg/ht_nav_wheel_vector.hpp
[10.307s] -- Up-to-date: /home/temur/INS-GPS-ROS2/install/ht_nav_variables/include/ht_nav_variables/msg/detail
[10.307s] -- Installing: /home/temur/INS-GPS-ROS2/install/ht_nav_variables/include/ht_nav_variables/msg/detail/ht_nav_point__builder.hpp
[10.307s] -- Installing: /home/temur/INS-GPS-ROS2/install/ht_nav_variables/include/ht_nav_variables/msg/detail/ht_nav_kalman_out__traits.hpp
[10.307s] -- Installing: /home/temur/INS-GPS-ROS2/install/ht_nav_variables/include/ht_nav_variables/msg/detail/ht_nav_contact_states__traits.hpp
[10.307s] -- Installing: /home/temur/INS-GPS-ROS2/install/ht_nav_variables/include/ht_nav_variables/msg/detail/ht_nav_wheel_vector__struct.hpp
[10.308s] -- Installing: /home/temur/INS-GPS-ROS2/install/ht_nav_variables/include/ht_nav_variables/msg/detail/ht_nav_strap_car_out__builder.hpp
[10.308s] -- Installing: /home/temur/INS-GPS-ROS2/install/ht_nav_variables/include/ht_nav_variables/msg/detail/ht_nav_gps_data__traits.hpp
[10.308s] -- Installing: /home/temur/INS-GPS-ROS2/install/ht_nav_variables/include/ht_nav_variables/msg/detail/ht_nav_point__traits.hpp
[10.308s] -- Installing: /home/temur/INS-GPS-ROS2/install/ht_nav_variables/include/ht_nav_variables/msg/detail/ht_nav_point__struct.hpp
[10.308s] -- Installing: /home/temur/INS-GPS-ROS2/install/ht_nav_variables/include/ht_nav_variables/msg/detail/ht_nav_strap_out__builder.hpp
[10.308s] -- Installing: /home/temur/INS-GPS-ROS2/install/ht_nav_variables/include/ht_nav_variables/msg/detail/ht_nav_imu_data__traits.hpp
[10.308s] -- Installing: /home/temur/INS-GPS-ROS2/install/ht_nav_variables/include/ht_nav_variables/msg/detail/ht_nav_deneme__builder.hpp
[10.308s] -- Installing: /home/temur/INS-GPS-ROS2/install/ht_nav_variables/include/ht_nav_variables/msg/detail/ht_nav_strap_out__traits.hpp
[10.308s] -- Installing: /home/temur/INS-GPS-ROS2/install/ht_nav_variables/include/ht_nav_variables/msg/detail/ht_nav_euler__struct.hpp
[10.308s] -- Installing: /home/temur/INS-GPS-ROS2/install/ht_nav_variables/include/ht_nav_variables/msg/detail/ht_nav_strap_car_out__traits.hpp
[10.308s] -- Installing: /home/temur/INS-GPS-ROS2/install/ht_nav_variables/include/ht_nav_variables/msg/detail/ht_nav_tire_out__builder.hpp
[10.308s] -- Installing: /home/temur/INS-GPS-ROS2/install/ht_nav_variables/include/ht_nav_variables/msg/detail/ht_nav_strap_out__struct.hpp
[10.309s] -- Installing: /home/temur/INS-GPS-ROS2/install/ht_nav_variables/include/ht_nav_variables/msg/detail/ht_nav_joint_state__struct.hpp
[10.309s] -- Installing: /home/temur/INS-GPS-ROS2/install/ht_nav_variables/include/ht_nav_variables/msg/detail/ht_nav_gps_data__builder.hpp
[10.309s] -- Installing: /home/temur/INS-GPS-ROS2/install/ht_nav_variables/include/ht_nav_variables/msg/detail/ht_nav_euler__builder.hpp
[10.309s] -- Installing: /home/temur/INS-GPS-ROS2/install/ht_nav_variables/include/ht_nav_variables/msg/detail/ht_nav_gps_data__struct.hpp
[10.309s] -- Installing: /home/temur/INS-GPS-ROS2/install/ht_nav_variables/include/ht_nav_variables/msg/detail/ht_nav_joint_state__traits.hpp
[10.309s] -- Installing: /home/temur/INS-GPS-ROS2/install/ht_nav_variables/include/ht_nav_variables/msg/detail/ht_nav_error_vector__struct.hpp
[10.309s] -- Installing: /home/temur/INS-GPS-ROS2/install/ht_nav_variables/include/ht_nav_variables/msg/detail/ht_nav_tire_out__traits.hpp
[10.309s] -- Installing: /home/temur/INS-GPS-ROS2/install/ht_nav_variables/include/ht_nav_variables/msg/detail/ht_nav_wheel_vector__traits.hpp
[10.309s] -- Installing: /home/temur/INS-GPS-ROS2/install/ht_nav_variables/include/ht_nav_variables/msg/detail/ht_nav_deneme__struct.hpp
[10.309s] -- Installing: /home/temur/INS-GPS-ROS2/install/ht_nav_variables/include/ht_nav_variables/msg/detail/ht_nav_imu_data__builder.hpp
[10.309s] -- Installing: /home/temur/INS-GPS-ROS2/install/ht_nav_variables/include/ht_nav_variables/msg/detail/ht_nav_quaternion__builder.hpp
[10.309s] -- Installing: /home/temur/INS-GPS-ROS2/install/ht_nav_variables/include/ht_nav_variables/msg/detail/ht_nav_vehicle_debug__struct.hpp
[10.310s] -- Installing: /home/temur/INS-GPS-ROS2/install/ht_nav_variables/include/ht_nav_variables/msg/detail/ht_nav_vector3__traits.hpp
[10.310s] -- Installing: /home/temur/INS-GPS-ROS2/install/ht_nav_variables/include/ht_nav_variables/msg/detail/ht_nav_kalman_out__struct.hpp
[10.310s] -- Installing: /home/temur/INS-GPS-ROS2/install/ht_nav_variables/include/ht_nav_variables/msg/detail/ht_nav_contact_state__struct.hpp
[10.310s] -- Installing: /home/temur/INS-GPS-ROS2/install/ht_nav_variables/include/ht_nav_variables/msg/detail/ht_nav_strap_car_out__struct.hpp
[10.310s] -- Installing: /home/temur/INS-GPS-ROS2/install/ht_nav_variables/include/ht_nav_variables/msg/detail/ht_nav_vector3__struct.hpp
[10.310s] -- Installing: /home/temur/INS-GPS-ROS2/install/ht_nav_variables/include/ht_nav_variables/msg/detail/ht_nav_imu_data__struct.hpp
[10.310s] -- Installing: /home/temur/INS-GPS-ROS2/install/ht_nav_variables/include/ht_nav_variables/msg/detail/ht_nav_quaternion__struct.hpp
[10.310s] -- Installing: /home/temur/INS-GPS-ROS2/install/ht_nav_variables/include/ht_nav_variables/msg/detail/ht_nav_vehicle_debug__traits.hpp
[10.310s] -- Installing: /home/temur/INS-GPS-ROS2/install/ht_nav_variables/include/ht_nav_variables/msg/detail/ht_nav_tire_out__struct.hpp
[10.310s] -- Installing: /home/temur/INS-GPS-ROS2/install/ht_nav_variables/include/ht_nav_variables/msg/detail/ht_nav_deneme__traits.hpp
[10.310s] -- Installing: /home/temur/INS-GPS-ROS2/install/ht_nav_variables/include/ht_nav_variables/msg/detail/ht_nav_kalman_out__builder.hpp
[10.310s] -- Installing: /home/temur/INS-GPS-ROS2/install/ht_nav_variables/include/ht_nav_variables/msg/detail/ht_nav_contact_states__struct.hpp
[10.310s] -- Installing: /home/temur/INS-GPS-ROS2/install/ht_nav_variables/include/ht_nav_variables/msg/detail/ht_nav_vector3__builder.hpp
[10.310s] -- Installing: /home/temur/INS-GPS-ROS2/install/ht_nav_variables/include/ht_nav_variables/msg/detail/ht_nav_euler__traits.hpp
[10.310s] -- Installing: /home/temur/INS-GPS-ROS2/install/ht_nav_variables/include/ht_nav_variables/msg/detail/ht_nav_quaternion__traits.hpp
[10.311s] -- Installing: /home/temur/INS-GPS-ROS2/install/ht_nav_variables/include/ht_nav_variables/msg/detail/ht_nav_wheel_vector__builder.hpp
[10.311s] -- Installing: /home/temur/INS-GPS-ROS2/install/ht_nav_variables/include/ht_nav_variables/msg/detail/ht_nav_contact_state__traits.hpp
[10.311s] -- Installing: /home/temur/INS-GPS-ROS2/install/ht_nav_variables/include/ht_nav_variables/msg/detail/ht_nav_vehicle_debug__builder.hpp
[10.311s] -- Installing: /home/temur/INS-GPS-ROS2/install/ht_nav_variables/include/ht_nav_variables/msg/detail/ht_nav_error_vector__builder.hpp
[10.311s] -- Installing: /home/temur/INS-GPS-ROS2/install/ht_nav_variables/include/ht_nav_variables/msg/detail/ht_nav_contact_state__builder.hpp
[10.311s] -- Installing: /home/temur/INS-GPS-ROS2/install/ht_nav_variables/include/ht_nav_variables/msg/detail/ht_nav_error_vector__traits.hpp
[10.311s] -- Installing: /home/temur/INS-GPS-ROS2/install/ht_nav_variables/include/ht_nav_variables/msg/detail/ht_nav_contact_states__builder.hpp
[10.311s] -- Installing: /home/temur/INS-GPS-ROS2/install/ht_nav_variables/include/ht_nav_variables/msg/detail/ht_nav_joint_state__builder.hpp
[10.311s] -- Installing: /home/temur/INS-GPS-ROS2/install/ht_nav_variables/include/ht_nav_variables/msg/ht_nav_imu_data.hpp
[10.311s] -- Installing: /home/temur/INS-GPS-ROS2/install/ht_nav_variables/include/ht_nav_variables/msg/ht_nav_deneme.hpp
[10.311s] -- Installing: /home/temur/INS-GPS-ROS2/install/ht_nav_variables/include/ht_nav_variables/msg/ht_nav_contact_states.hpp
[10.311s] -- Installing: /home/temur/INS-GPS-ROS2/install/ht_nav_variables/include/ht_nav_variables/msg/ht_nav_gps_data.hpp
[10.311s] -- Installing: /home/temur/INS-GPS-ROS2/install/ht_nav_variables/include/ht_nav_variables/msg/ht_nav_kalman_out.hpp
[10.311s] -- Installing: /home/temur/INS-GPS-ROS2/install/ht_nav_variables/include/ht_nav_variables/msg/ht_nav_euler.hpp
[10.311s] -- Installing: /home/temur/INS-GPS-ROS2/install/ht_nav_variables/include/ht_nav_variables/msg/ht_nav_tire_out.hpp
[10.312s] -- Installing: /home/temur/INS-GPS-ROS2/install/ht_nav_variables/include/ht_nav_variables/msg/ht_nav_vehicle_debug.hpp
[10.312s] -- Installing: /home/temur/INS-GPS-ROS2/install/ht_nav_variables/include/ht_nav_variables/msg/ht_nav_contact_state.hpp
[10.312s] -- Installing: /home/temur/INS-GPS-ROS2/install/ht_nav_variables/include/ht_nav_variables/msg/ht_nav_strap_car_out.hpp
[10.312s] -- Installing: /home/temur/INS-GPS-ROS2/install/ht_nav_variables/include/ht_nav_variables/msg/ht_nav_joint_state.hpp
[10.312s] -- Installing: /home/temur/INS-GPS-ROS2/install/ht_nav_variables/include/ht_nav_variables/msg/ht_nav_strap_out.hpp
[10.312s] -- Installing: /home/temur/INS-GPS-ROS2/install/ht_nav_variables/include/ht_nav_variables/msg/ht_nav_point.hpp
[10.312s] -- Installing: /home/temur/INS-GPS-ROS2/install/ht_nav_variables/include/ht_nav_variables/msg/ht_nav_error_vector.hpp
[10.312s] -- Installing: /home/temur/INS-GPS-ROS2/install/ht_nav_variables/include/ht_nav_variables/msg/ht_nav_quaternion.hpp
[10.312s] -- Installing: /home/temur/INS-GPS-ROS2/install/ht_nav_variables/include/ht_nav_variables/msg/ht_nav_vector3.hpp
[10.312s] -- Up-to-date: /home/temur/INS-GPS-ROS2/install/ht_nav_variables/include/ht_nav_variables
[10.312s] -- Up-to-date: /home/temur/INS-GPS-ROS2/install/ht_nav_variables/include/ht_nav_variables/msg
[10.312s] -- Up-to-date: /home/temur/INS-GPS-ROS2/install/ht_nav_variables/include/ht_nav_variables/msg/detail
[10.312s] -- Installing: /home/temur/INS-GPS-ROS2/install/ht_nav_variables/include/ht_nav_variables/msg/detail/ht_nav_quaternion__type_support.cpp
[10.312s] -- Installing: /home/temur/INS-GPS-ROS2/install/ht_nav_variables/include/ht_nav_variables/msg/detail/ht_nav_euler__type_support.cpp
[10.312s] -- Installing: /home/temur/INS-GPS-ROS2/install/ht_nav_variables/include/ht_nav_variables/msg/detail/ht_nav_joint_state__rosidl_typesupport_introspection_cpp.hpp
[10.313s] -- Installing: /home/temur/INS-GPS-ROS2/install/ht_nav_variables/include/ht_nav_variables/msg/detail/ht_nav_deneme__rosidl_typesupport_introspection_cpp.hpp
[10.313s] -- Installing: /home/temur/INS-GPS-ROS2/install/ht_nav_variables/include/ht_nav_variables/msg/detail/ht_nav_vector3__type_support.cpp
[10.313s] -- Installing: /home/temur/INS-GPS-ROS2/install/ht_nav_variables/include/ht_nav_variables/msg/detail/ht_nav_strap_car_out__rosidl_typesupport_introspection_cpp.hpp
[10.313s] -- Installing: /home/temur/INS-GPS-ROS2/install/ht_nav_variables/include/ht_nav_variables/msg/detail/ht_nav_tire_out__type_support.cpp
[10.313s] -- Installing: /home/temur/INS-GPS-ROS2/install/ht_nav_variables/include/ht_nav_variables/msg/detail/ht_nav_vehicle_debug__rosidl_typesupport_introspection_cpp.hpp
[10.313s] -- Installing: /home/temur/INS-GPS-ROS2/install/ht_nav_variables/include/ht_nav_variables/msg/detail/ht_nav_quaternion__rosidl_typesupport_introspection_cpp.hpp
[10.313s] -- Installing: /home/temur/INS-GPS-ROS2/install/ht_nav_variables/include/ht_nav_variables/msg/detail/ht_nav_tire_out__rosidl_typesupport_introspection_cpp.hpp
[10.314s] -- Installing: /home/temur/INS-GPS-ROS2/install/ht_nav_variables/include/ht_nav_variables/msg/detail/ht_nav_gps_data__rosidl_typesupport_introspection_cpp.hpp
[10.314s] -- Installing: /home/temur/INS-GPS-ROS2/install/ht_nav_variables/include/ht_nav_variables/msg/detail/ht_nav_vehicle_debug__type_support.cpp
[10.314s] -- Installing: /home/temur/INS-GPS-ROS2/install/ht_nav_variables/include/ht_nav_variables/msg/detail/ht_nav_contact_state__type_support.cpp
[10.314s] -- Installing: /home/temur/INS-GPS-ROS2/install/ht_nav_variables/include/ht_nav_variables/msg/detail/ht_nav_contact_states__rosidl_typesupport_introspection_cpp.hpp
[10.314s] -- Installing: /home/temur/INS-GPS-ROS2/install/ht_nav_variables/include/ht_nav_variables/msg/detail/ht_nav_point__rosidl_typesupport_introspection_cpp.hpp
[10.314s] -- Installing: /home/temur/INS-GPS-ROS2/install/ht_nav_variables/include/ht_nav_variables/msg/detail/ht_nav_contact_states__type_support.cpp
[10.314s] -- Installing: /home/temur/INS-GPS-ROS2/install/ht_nav_variables/include/ht_nav_variables/msg/detail/ht_nav_strap_out__rosidl_typesupport_introspection_cpp.hpp
[10.314s] -- Installing: /home/temur/INS-GPS-ROS2/install/ht_nav_variables/include/ht_nav_variables/msg/detail/ht_nav_kalman_out__rosidl_typesupport_introspection_cpp.hpp
[10.314s] -- Installing: /home/temur/INS-GPS-ROS2/install/ht_nav_variables/include/ht_nav_variables/msg/detail/ht_nav_gps_data__type_support.cpp
[10.314s] -- Installing: /home/temur/INS-GPS-ROS2/install/ht_nav_variables/include/ht_nav_variables/msg/detail/ht_nav_error_vector__rosidl_typesupport_introspection_cpp.hpp
[10.314s] -- Installing: /home/temur/INS-GPS-ROS2/install/ht_nav_variables/include/ht_nav_variables/msg/detail/ht_nav_point__type_support.cpp
[10.314s] -- Installing: /home/temur/INS-GPS-ROS2/install/ht_nav_variables/include/ht_nav_variables/msg/detail/ht_nav_deneme__type_support.cpp
[10.314s] -- Installing: /home/temur/INS-GPS-ROS2/install/ht_nav_variables/include/ht_nav_variables/msg/detail/ht_nav_strap_car_out__type_support.cpp
[10.314s] -- Installing: /home/temur/INS-GPS-ROS2/install/ht_nav_variables/include/ht_nav_variables/msg/detail/ht_nav_wheel_vector__rosidl_typesupport_introspection_cpp.hpp
[10.315s] -- Installing: /home/temur/INS-GPS-ROS2/install/ht_nav_variables/include/ht_nav_variables/msg/detail/ht_nav_imu_data__rosidl_typesupport_introspection_cpp.hpp
[10.315s] -- Installing: /home/temur/INS-GPS-ROS2/install/ht_nav_variables/include/ht_nav_variables/msg/detail/ht_nav_joint_state__type_support.cpp
[10.315s] -- Installing: /home/temur/INS-GPS-ROS2/install/ht_nav_variables/include/ht_nav_variables/msg/detail/ht_nav_wheel_vector__type_support.cpp
[10.315s] -- Installing: /home/temur/INS-GPS-ROS2/install/ht_nav_variables/include/ht_nav_variables/msg/detail/ht_nav_kalman_out__type_support.cpp
[10.315s] -- Installing: /home/temur/INS-GPS-ROS2/install/ht_nav_variables/include/ht_nav_variables/msg/detail/ht_nav_euler__rosidl_typesupport_introspection_cpp.hpp
[10.315s] -- Installing: /home/temur/INS-GPS-ROS2/install/ht_nav_variables/include/ht_nav_variables/msg/detail/ht_nav_vector3__rosidl_typesupport_introspection_cpp.hpp
[10.315s] -- Installing: /home/temur/INS-GPS-ROS2/install/ht_nav_variables/include/ht_nav_variables/msg/detail/ht_nav_contact_state__rosidl_typesupport_introspection_cpp.hpp
[10.315s] -- Installing: /home/temur/INS-GPS-ROS2/install/ht_nav_variables/include/ht_nav_variables/msg/detail/ht_nav_strap_out__type_support.cpp
[10.315s] -- Installing: /home/temur/INS-GPS-ROS2/install/ht_nav_variables/include/ht_nav_variables/msg/detail/ht_nav_imu_data__type_support.cpp
[10.315s] -- Installing: /home/temur/INS-GPS-ROS2/install/ht_nav_variables/include/ht_nav_variables/msg/detail/ht_nav_error_vector__type_support.cpp
[10.315s] -- Installing: /home/temur/INS-GPS-ROS2/install/ht_nav_variables/lib/libht_nav_variables__rosidl_typesupport_introspection_cpp.so
[10.315s] -- Set runtime path of "/home/temur/INS-GPS-ROS2/install/ht_nav_variables/lib/libht_nav_variables__rosidl_typesupport_introspection_cpp.so" to ""
[10.315s] -- Installing: /home/temur/INS-GPS-ROS2/install/ht_nav_variables/lib/libht_nav_variables__rosidl_typesupport_cpp.so
[10.315s] -- Set runtime path of "/home/temur/INS-GPS-ROS2/install/ht_nav_variables/lib/libht_nav_variables__rosidl_typesupport_cpp.so" to ""
[10.315s] -- Up-to-date: /home/temur/INS-GPS-ROS2/install/ht_nav_variables/share/ht_nav_variables/environment/pythonpath.sh
[10.315s] -- Installing: /home/temur/INS-GPS-ROS2/install/ht_nav_variables/share/ht_nav_variables/environment/pythonpath.dsv
[10.315s] -- Installing: /home/temur/INS-GPS-ROS2/install/ht_nav_variables/lib/python3.8/site-packages/ht_nav_variables/__init__.py
[10.344s] Compiling '/home/temur/INS-GPS-ROS2/install/ht_nav_variables/lib/python3.8/site-packages/ht_nav_variables/__init__.py'...
[10.348s] -- Up-to-date: /home/temur/INS-GPS-ROS2/install/ht_nav_variables/lib/python3.8/site-packages/ht_nav_variables/msg
[10.348s] -- Installing: /home/temur/INS-GPS-ROS2/install/ht_nav_variables/lib/python3.8/site-packages/ht_nav_variables/msg/_ht_nav_deneme.py
[10.349s] -- Installing: /home/temur/INS-GPS-ROS2/install/ht_nav_variables/lib/python3.8/site-packages/ht_nav_variables/msg/_ht_nav_kalman_out.py
[10.349s] -- Installing: /home/temur/INS-GPS-ROS2/install/ht_nav_variables/lib/python3.8/site-packages/ht_nav_variables/msg/_ht_nav_imu_data_s.c
[10.349s] -- Installing: /home/temur/INS-GPS-ROS2/install/ht_nav_variables/lib/python3.8/site-packages/ht_nav_variables/msg/_ht_nav_wheel_vector.py
[10.350s] -- Installing: /home/temur/INS-GPS-ROS2/install/ht_nav_variables/lib/python3.8/site-packages/ht_nav_variables/msg/_ht_nav_joint_state_s.c
[10.350s] -- Installing: /home/temur/INS-GPS-ROS2/install/ht_nav_variables/lib/python3.8/site-packages/ht_nav_variables/msg/_ht_nav_tire_out.py
[10.350s] -- Installing: /home/temur/INS-GPS-ROS2/install/ht_nav_variables/lib/python3.8/site-packages/ht_nav_variables/msg/_ht_nav_imu_data.py
[10.350s] -- Installing: /home/temur/INS-GPS-ROS2/install/ht_nav_variables/lib/python3.8/site-packages/ht_nav_variables/msg/_ht_nav_strap_out_s.c
[10.350s] -- Installing: /home/temur/INS-GPS-ROS2/install/ht_nav_variables/lib/python3.8/site-packages/ht_nav_variables/msg/_ht_nav_point.py
[10.351s] -- Installing: /home/temur/INS-GPS-ROS2/install/ht_nav_variables/lib/python3.8/site-packages/ht_nav_variables/msg/_ht_nav_vector3.py
[10.351s] -- Installing: /home/temur/INS-GPS-ROS2/install/ht_nav_variables/lib/python3.8/site-packages/ht_nav_variables/msg/_ht_nav_wheel_vector_s.c
[10.351s] -- Installing: /home/temur/INS-GPS-ROS2/install/ht_nav_variables/lib/python3.8/site-packages/ht_nav_variables/msg/_ht_nav_gps_data.py
[10.351s] -- Installing: /home/temur/INS-GPS-ROS2/install/ht_nav_variables/lib/python3.8/site-packages/ht_nav_variables/msg/_ht_nav_strap_car_out_s.c
[10.351s] -- Installing: /home/temur/INS-GPS-ROS2/install/ht_nav_variables/lib/python3.8/site-packages/ht_nav_variables/msg/_ht_nav_euler.py
[10.352s] -- Installing: /home/temur/INS-GPS-ROS2/install/ht_nav_variables/lib/python3.8/site-packages/ht_nav_variables/msg/_ht_nav_vehicle_debug.py
[10.352s] -- Installing: /home/temur/INS-GPS-ROS2/install/ht_nav_variables/lib/python3.8/site-packages/ht_nav_variables/msg/_ht_nav_contact_states_s.c
[10.352s] -- Installing: /home/temur/INS-GPS-ROS2/install/ht_nav_variables/lib/python3.8/site-packages/ht_nav_variables/msg/_ht_nav_kalman_out_s.c
[10.352s] -- Installing: /home/temur/INS-GPS-ROS2/install/ht_nav_variables/lib/python3.8/site-packages/ht_nav_variables/msg/_ht_nav_quaternion_s.c
[10.352s] -- Installing: /home/temur/INS-GPS-ROS2/install/ht_nav_variables/lib/python3.8/site-packages/ht_nav_variables/msg/_ht_nav_strap_car_out.py
[10.353s] -- Installing: /home/temur/INS-GPS-ROS2/install/ht_nav_variables/lib/python3.8/site-packages/ht_nav_variables/msg/_ht_nav_vehicle_debug_s.c
[10.353s] -- Installing: /home/temur/INS-GPS-ROS2/install/ht_nav_variables/lib/python3.8/site-packages/ht_nav_variables/msg/_ht_nav_contact_state.py
[10.353s] -- Installing: /home/temur/INS-GPS-ROS2/install/ht_nav_variables/lib/python3.8/site-packages/ht_nav_variables/msg/_ht_nav_vector3_s.c
[10.353s] -- Installing: /home/temur/INS-GPS-ROS2/install/ht_nav_variables/lib/python3.8/site-packages/ht_nav_variables/msg/_ht_nav_strap_out.py
[10.353s] -- Installing: /home/temur/INS-GPS-ROS2/install/ht_nav_variables/lib/python3.8/site-packages/ht_nav_variables/msg/_ht_nav_error_vector.py
[10.353s] -- Installing: /home/temur/INS-GPS-ROS2/install/ht_nav_variables/lib/python3.8/site-packages/ht_nav_variables/msg/_ht_nav_gps_data_s.c
[10.354s] -- Installing: /home/temur/INS-GPS-ROS2/install/ht_nav_variables/lib/python3.8/site-packages/ht_nav_variables/msg/_ht_nav_joint_state.py
[10.354s] -- Installing: /home/temur/INS-GPS-ROS2/install/ht_nav_variables/lib/python3.8/site-packages/ht_nav_variables/msg/_ht_nav_error_vector_s.c
[10.354s] -- Installing: /home/temur/INS-GPS-ROS2/install/ht_nav_variables/lib/python3.8/site-packages/ht_nav_variables/msg/_ht_nav_contact_states.py
[10.354s] -- Installing: /home/temur/INS-GPS-ROS2/install/ht_nav_variables/lib/python3.8/site-packages/ht_nav_variables/msg/_ht_nav_euler_s.c
[10.354s] -- Installing: /home/temur/INS-GPS-ROS2/install/ht_nav_variables/lib/python3.8/site-packages/ht_nav_variables/msg/_ht_nav_quaternion.py
[10.355s] -- Installing: /home/temur/INS-GPS-ROS2/install/ht_nav_variables/lib/python3.8/site-packages/ht_nav_variables/msg/_ht_nav_tire_out_s.c
[10.355s] -- Installing: /home/temur/INS-GPS-ROS2/install/ht_nav_variables/lib/python3.8/site-packages/ht_nav_variables/msg/_ht_nav_deneme_s.c
[10.355s] -- Installing: /home/temur/INS-GPS-ROS2/install/ht_nav_variables/lib/python3.8/site-packages/ht_nav_variables/msg/_ht_nav_point_s.c
[10.355s] -- Installing: /home/temur/INS-GPS-ROS2/install/ht_nav_variables/lib/python3.8/site-packages/ht_nav_variables/msg/__init__.py
[10.355s] -- Installing: /home/temur/INS-GPS-ROS2/install/ht_nav_variables/lib/python3.8/site-packages/ht_nav_variables/msg/_ht_nav_contact_state_s.c
[10.356s] -- Installing: /home/temur/INS-GPS-ROS2/install/ht_nav_variables/lib/python3.8/site-packages/ht_nav_variables/ht_nav_variables_s__rosidl_typesupport_fastrtps_c.cpython-38-x86_64-linux-gnu.so
[10.356s] -- Set runtime path of "/home/temur/INS-GPS-ROS2/install/ht_nav_variables/lib/python3.8/site-packages/ht_nav_variables/ht_nav_variables_s__rosidl_typesupport_fastrtps_c.cpython-38-x86_64-linux-gnu.so" to ""
[10.357s] -- Installing: /home/temur/INS-GPS-ROS2/install/ht_nav_variables/lib/python3.8/site-packages/ht_nav_variables/ht_nav_variables_s__rosidl_typesupport_introspection_c.cpython-38-x86_64-linux-gnu.so
[10.358s] -- Set runtime path of "/home/temur/INS-GPS-ROS2/install/ht_nav_variables/lib/python3.8/site-packages/ht_nav_variables/ht_nav_variables_s__rosidl_typesupport_introspection_c.cpython-38-x86_64-linux-gnu.so" to ""
[10.358s] -- Installing: /home/temur/INS-GPS-ROS2/install/ht_nav_variables/lib/python3.8/site-packages/ht_nav_variables/ht_nav_variables_s__rosidl_typesupport_c.cpython-38-x86_64-linux-gnu.so
[10.359s] -- Set runtime path of "/home/temur/INS-GPS-ROS2/install/ht_nav_variables/lib/python3.8/site-packages/ht_nav_variables/ht_nav_variables_s__rosidl_typesupport_c.cpython-38-x86_64-linux-gnu.so" to ""
[10.360s] -- Installing: /home/temur/INS-GPS-ROS2/install/ht_nav_variables/lib/libht_nav_variables__python.so
[10.360s] -- Set runtime path of "/home/temur/INS-GPS-ROS2/install/ht_nav_variables/lib/libht_nav_variables__python.so" to ""
[10.361s] -- Installing: /home/temur/INS-GPS-ROS2/install/ht_nav_variables/share/ht_nav_variables/msg/HtNavContactState.idl
[10.361s] -- Installing: /home/temur/INS-GPS-ROS2/install/ht_nav_variables/share/ht_nav_variables/msg/HtNavContactStates.idl
[10.361s] -- Up-to-date: /home/temur/INS-GPS-ROS2/install/ht_nav_variables/share/ht_nav_variables/msg/HtNavErrorVector.idl
[10.361s] -- Up-to-date: /home/temur/INS-GPS-ROS2/install/ht_nav_variables/share/ht_nav_variables/msg/HtNavEuler.idl
[10.361s] -- Up-to-date: /home/temur/INS-GPS-ROS2/install/ht_nav_variables/share/ht_nav_variables/msg/HtNavGpsData.idl
[10.362s] -- Up-to-date: /home/temur/INS-GPS-ROS2/install/ht_nav_variables/share/ht_nav_variables/msg/HtNavImuData.idl
[10.362s] -- Up-to-date: /home/temur/INS-GPS-ROS2/install/ht_nav_variables/share/ht_nav_variables/msg/HtNavKalmanOut.idl
[10.362s] -- Up-to-date: /home/temur/INS-GPS-ROS2/install/ht_nav_variables/share/ht_nav_variables/msg/HtNavStrapOut.idl
[10.362s] -- Up-to-date: /home/temur/INS-GPS-ROS2/install/ht_nav_variables/share/ht_nav_variables/msg/HtNavStrapCarOut.idl
[10.362s] -- Up-to-date: /home/temur/INS-GPS-ROS2/install/ht_nav_variables/share/ht_nav_variables/msg/HtNavPoint.idl
[10.363s] -- Up-to-date: /home/temur/INS-GPS-ROS2/install/ht_nav_variables/share/ht_nav_variables/msg/HtNavVector3.idl
[10.363s] -- Up-to-date: /home/temur/INS-GPS-ROS2/install/ht_nav_variables/share/ht_nav_variables/msg/HtNavQuaternion.idl
[10.363s] -- Up-to-date: /home/temur/INS-GPS-ROS2/install/ht_nav_variables/share/ht_nav_variables/msg/HtNavDeneme.idl
[10.363s] -- Up-to-date: /home/temur/INS-GPS-ROS2/install/ht_nav_variables/share/ht_nav_variables/msg/HtNavWheelVector.idl
[10.363s] -- Installing: /home/temur/INS-GPS-ROS2/install/ht_nav_variables/share/ht_nav_variables/msg/HtNavJointState.idl
[10.363s] -- Installing: /home/temur/INS-GPS-ROS2/install/ht_nav_variables/share/ht_nav_variables/msg/HtNavTireOut.idl
[10.364s] -- Up-to-date: /home/temur/INS-GPS-ROS2/install/ht_nav_variables/share/ht_nav_variables/msg/HtNavVehicleDebug.idl
[10.364s] -- Installing: /home/temur/INS-GPS-ROS2/install/ht_nav_variables/share/ht_nav_variables/msg/HtNavContactState.msg
[10.364s] -- Installing: /home/temur/INS-GPS-ROS2/install/ht_nav_variables/share/ht_nav_variables/msg/HtNavContactStates.msg
[10.364s] -- Up-to-date: /home/temur/INS-GPS-ROS2/install/ht_nav_variables/share/ht_nav_variables/msg/HtNavErrorVector.msg
[10.364s] -- Up-to-date: /home/temur/INS-GPS-ROS2/install/ht_nav_variables/share/ht_nav_variables/msg/HtNavEuler.msg
[10.365s] -- Up-to-date: /home/temur/INS-GPS-ROS2/install/ht_nav_variables/share/ht_nav_variables/msg/HtNavGpsData.msg
[10.365s] -- Up-to-date: /home/temur/INS-GPS-ROS2/install/ht_nav_variables/share/ht_nav_variables/msg/HtNavImuData.msg
[10.365s] -- Up-to-date: /home/temur/INS-GPS-ROS2/install/ht_nav_variables/share/ht_nav_variables/msg/HtNavKalmanOut.msg
[10.365s] -- Up-to-date: /home/temur/INS-GPS-ROS2/install/ht_nav_variables/share/ht_nav_variables/msg/HtNavStrapOut.msg
[10.366s] -- Up-to-date: /home/temur/INS-GPS-ROS2/install/ht_nav_variables/share/ht_nav_variables/msg/HtNavStrapCarOut.msg
[10.366s] -- Up-to-date: /home/temur/INS-GPS-ROS2/install/ht_nav_variables/share/ht_nav_variables/msg/HtNavPoint.msg
[10.366s] -- Up-to-date: /home/temur/INS-GPS-ROS2/install/ht_nav_variables/share/ht_nav_variables/msg/HtNavVector3.msg
[10.366s] -- Up-to-date: /home/temur/INS-GPS-ROS2/install/ht_nav_variables/share/ht_nav_variables/msg/HtNavQuaternion.msg
[10.367s] -- Up-to-date: /home/temur/INS-GPS-ROS2/install/ht_nav_variables/share/ht_nav_variables/msg/HtNavDeneme.msg
[10.367s] -- Up-to-date: /home/temur/INS-GPS-ROS2/install/ht_nav_variables/share/ht_nav_variables/msg/HtNavWheelVector.msg
[10.367s] -- Installing: /home/temur/INS-GPS-ROS2/install/ht_nav_variables/share/ht_nav_variables/msg/HtNavJointState.msg
[10.367s] -- Installing: /home/temur/INS-GPS-ROS2/install/ht_nav_variables/share/ht_nav_variables/msg/HtNavTireOut.msg
[10.367s] -- Up-to-date: /home/temur/INS-GPS-ROS2/install/ht_nav_variables/share/ht_nav_variables/msg/HtNavVehicleDebug.msg
[10.368s] -- Up-to-date: /home/temur/INS-GPS-ROS2/install/ht_nav_variables/share/ament_index/resource_index/package_run_dependencies/ht_nav_variables
[10.368s] -- Up-to-date: /home/temur/INS-GPS-ROS2/install/ht_nav_variables/share/ament_index/resource_index/parent_prefix_path/ht_nav_variables
[10.368s] -- Up-to-date: /home/temur/INS-GPS-ROS2/install/ht_nav_variables/share/ht_nav_variables/environment/ament_prefix_path.sh
[10.368s] -- Installing: /home/temur/INS-GPS-ROS2/install/ht_nav_variables/share/ht_nav_variables/environment/ament_prefix_path.dsv
[10.368s] -- Up-to-date: /home/temur/INS-GPS-ROS2/install/ht_nav_variables/share/ht_nav_variables/environment/path.sh
[10.369s] -- Installing: /home/temur/INS-GPS-ROS2/install/ht_nav_variables/share/ht_nav_variables/environment/path.dsv
[10.369s] -- Up-to-date: /home/temur/INS-GPS-ROS2/install/ht_nav_variables/share/ht_nav_variables/local_setup.bash
[10.369s] -- Up-to-date: /home/temur/INS-GPS-ROS2/install/ht_nav_variables/share/ht_nav_variables/local_setup.sh
[10.369s] -- Up-to-date: /home/temur/INS-GPS-ROS2/install/ht_nav_variables/share/ht_nav_variables/local_setup.zsh
[10.369s] -- Installing: /home/temur/INS-GPS-ROS2/install/ht_nav_variables/share/ht_nav_variables/local_setup.dsv
[10.370s] -- Installing: /home/temur/INS-GPS-ROS2/install/ht_nav_variables/share/ht_nav_variables/package.dsv
[10.370s] -- Up-to-date: /home/temur/INS-GPS-ROS2/install/ht_nav_variables/share/ament_index/resource_index/packages/ht_nav_variables
[10.370s] -- Up-to-date: /home/temur/INS-GPS-ROS2/install/ht_nav_variables/share/ht_nav_variables/cmake/ht_nav_variables__rosidl_generator_cExport.cmake
[10.370s] -- Installing: /home/temur/INS-GPS-ROS2/install/ht_nav_variables/share/ht_nav_variables/cmake/ht_nav_variables__rosidl_generator_cExport-noconfig.cmake
[10.371s] -- Up-to-date: /home/temur/INS-GPS-ROS2/install/ht_nav_variables/share/ht_nav_variables/cmake/ht_nav_variables__rosidl_typesupport_introspection_cExport.cmake
[10.372s] -- Installing: /home/temur/INS-GPS-ROS2/install/ht_nav_variables/share/ht_nav_variables/cmake/ht_nav_variables__rosidl_typesupport_introspection_cExport-noconfig.cmake
[10.374s] -- Up-to-date: /home/temur/INS-GPS-ROS2/install/ht_nav_variables/share/ht_nav_variables/cmake/ht_nav_variables__rosidl_typesupport_cExport.cmake
[10.375s] -- Installing: /home/temur/INS-GPS-ROS2/install/ht_nav_variables/share/ht_nav_variables/cmake/ht_nav_variables__rosidl_typesupport_cExport-noconfig.cmake
[10.375s] -- Up-to-date: /home/temur/INS-GPS-ROS2/install/ht_nav_variables/share/ht_nav_variables/cmake/ht_nav_variables__rosidl_generator_cppExport.cmake
[10.375s] -- Up-to-date: /home/temur/INS-GPS-ROS2/install/ht_nav_variables/share/ht_nav_variables/cmake/ht_nav_variables__rosidl_typesupport_introspection_cppExport.cmake
[10.375s] -- Installing: /home/temur/INS-GPS-ROS2/install/ht_nav_variables/share/ht_nav_variables/cmake/ht_nav_variables__rosidl_typesupport_introspection_cppExport-noconfig.cmake
[10.376s] -- Up-to-date: /home/temur/INS-GPS-ROS2/install/ht_nav_variables/share/ht_nav_variables/cmake/ht_nav_variables__rosidl_typesupport_cppExport.cmake
[10.376s] -- Installing: /home/temur/INS-GPS-ROS2/install/ht_nav_variables/share/ht_nav_variables/cmake/ht_nav_variables__rosidl_typesupport_cppExport-noconfig.cmake
[10.377s] -- Installing: /home/temur/INS-GPS-ROS2/install/ht_nav_variables/share/ht_nav_variables/cmake/rosidl_cmake-extras.cmake
[10.377s] -- Up-to-date: /home/temur/INS-GPS-ROS2/install/ht_nav_variables/share/ht_nav_variables/cmake/ament_cmake_export_dependencies-extras.cmake
[10.378s] -- Up-to-date: /home/temur/INS-GPS-ROS2/install/ht_nav_variables/share/ht_nav_variables/cmake/ament_cmake_export_libraries-extras.cmake
[10.378s] -- Up-to-date: /home/temur/INS-GPS-ROS2/install/ht_nav_variables/share/ht_nav_variables/cmake/ament_cmake_export_targets-extras.cmake
[10.379s] -- Up-to-date: /home/temur/INS-GPS-ROS2/install/ht_nav_variables/share/ht_nav_variables/cmake/ament_cmake_export_include_directories-extras.cmake
[10.379s] -- Up-to-date: /home/temur/INS-GPS-ROS2/install/ht_nav_variables/share/ht_nav_variables/cmake/rosidl_cmake_export_typesupport_libraries-extras.cmake
[10.380s] -- Up-to-date: /home/temur/INS-GPS-ROS2/install/ht_nav_variables/share/ht_nav_variables/cmake/rosidl_cmake_export_typesupport_targets-extras.cmake
[10.380s] -- Up-to-date: /home/temur/INS-GPS-ROS2/install/ht_nav_variables/share/ht_nav_variables/cmake/ht_nav_variablesConfig.cmake
[10.381s] -- Up-to-date: /home/temur/INS-GPS-ROS2/install/ht_nav_variables/share/ht_nav_variables/cmake/ht_nav_variablesConfig-version.cmake
[10.381s] -- Up-to-date: /home/temur/INS-GPS-ROS2/install/ht_nav_variables/share/ht_nav_variables/package.xml
[10.382s] Invoked command in '/home/temur/INS-GPS-ROS2/build/ht_nav_variables' returned '0': CMAKE_PREFIX_PATH=${CMAKE_PREFIX_PATH}:/home/temur/INS-GPS-ROS2/install/ht_strap_package:/opt/ros/foxy /usr/bin/cmake --install /home/temur/INS-GPS-ROS2/build/ht_nav_variables
