[0.031s] Invoking command in '/home/temurtas/INS-GPS-ROS2/build/ht_nav_variables': CMAKE_PREFIX_PATH=${CMAKE_PREFIX_PATH}:/home/temurtas/kobra_mk2_ws/install/teleop_twist_keyboard:/home/temurtas/kobra_mk2_ws/install/my_teleop:/home/temurtas/kobra_mk2_ws/install/cmd_vel_pub:/home/temurtas/kobra_mk2_ws/install/cmd_acc_pub:/home/temurtas/ws/install/opencv_tests:/opt/ros/foxy /usr/bin/cmake --build /home/temurtas/INS-GPS-ROS2/build/ht_nav_variables -- -j12 -l12
[0.159s] [  0%] Built target ht_nav_variables__cpp
[0.161s] [ 12%] Built target ht_nav_variables__rosidl_generator_c
[0.205s] [ 46%] Built target ht_nav_variables__rosidl_typesupport_c
[0.206s] [ 46%] Built target ht_nav_variables__rosidl_typesupport_cpp
[0.206s] [ 47%] Built target ht_nav_variables__rosidl_typesupport_introspection_cpp
[0.207s] [ 59%] Built target ht_nav_variables__rosidl_typesupport_introspection_c
[0.210s] [ 70%] Built target ht_nav_variables__rosidl_typesupport_fastrtps_cpp
[0.269s] [ 82%] Built target ht_nav_variables__rosidl_typesupport_fastrtps_c
[0.312s] [ 82%] Built target ht_nav_variables
[0.358s] [ 83%] Built target ht_nav_variables__py
[0.384s] [35m[1mScanning dependencies of target ht_nav_variables__python[0m
[0.439s] [ 84%] [32mBuilding C object CMakeFiles/ht_nav_variables__python.dir/rosidl_generator_py/ht_nav_variables/msg/_ht_nav_gps_data_s.c.o[0m
[0.440s] [ 85%] [32mBuilding C object CMakeFiles/ht_nav_variables__python.dir/rosidl_generator_py/ht_nav_variables/msg/_ht_nav_error_vector_s.c.o[0m
[0.443s] [ 89%] [32mBuilding C object CMakeFiles/ht_nav_variables__python.dir/rosidl_generator_py/ht_nav_variables/msg/_ht_nav_quaternion_s.c.o[0m
[0.443s] [ 89%] [32mBuilding C object CMakeFiles/ht_nav_variables__python.dir/rosidl_generator_py/ht_nav_variables/msg/_ht_nav_vector3_s.c.o[0m
[0.443s] [ 89%] [32mBuilding C object CMakeFiles/ht_nav_variables__python.dir/rosidl_generator_py/ht_nav_variables/msg/_ht_nav_strap_out_s.c.o[0m
[0.443s] [ 89%] [32mBuilding C object CMakeFiles/ht_nav_variables__python.dir/rosidl_generator_py/ht_nav_variables/msg/_ht_nav_imu_data_s.c.o[0m
[0.443s] [ 91%] [32mBuilding C object CMakeFiles/ht_nav_variables__python.dir/rosidl_generator_py/ht_nav_variables/msg/_ht_nav_kalman_out_s.c.o[0m
[0.444s] [ 91%] [32mBuilding C object CMakeFiles/ht_nav_variables__python.dir/rosidl_generator_py/ht_nav_variables/msg/_ht_nav_euler_s.c.o[0m
[0.448s] [ 92%] [32mBuilding C object CMakeFiles/ht_nav_variables__python.dir/rosidl_generator_py/ht_nav_variables/msg/_ht_nav_point_s.c.o[0m
[0.452s] [ 93%] [32mBuilding C object CMakeFiles/ht_nav_variables__python.dir/rosidl_generator_py/ht_nav_variables/msg/_ht_nav_deneme_s.c.o[0m
[0.645s] [ 94%] [32m[1mLinking C shared library rosidl_generator_py/ht_nav_variables/libht_nav_variables__python.so[0m
[0.725s] [ 94%] Built target ht_nav_variables__python
[0.748s] [35m[1mScanning dependencies of target ht_nav_variables__rosidl_typesupport_fastrtps_c__pyext[0m
[0.748s] [35m[1mScanning dependencies of target ht_nav_variables__rosidl_typesupport_introspection_c__pyext[0m
[0.753s] [35m[1mScanning dependencies of target ht_nav_variables__rosidl_typesupport_c__pyext[0m
[0.781s] [ 95%] [32mBuilding C object CMakeFiles/ht_nav_variables__rosidl_typesupport_fastrtps_c__pyext.dir/rosidl_generator_py/ht_nav_variables/_ht_nav_variables_s.ep.rosidl_typesupport_fastrtps_c.c.o[0m
[0.783s] [ 96%] [32mBuilding C object CMakeFiles/ht_nav_variables__rosidl_typesupport_introspection_c__pyext.dir/rosidl_generator_py/ht_nav_variables/_ht_nav_variables_s.ep.rosidl_typesupport_introspection_c.c.o[0m
[0.784s] [ 97%] [32mBuilding C object CMakeFiles/ht_nav_variables__rosidl_typesupport_c__pyext.dir/rosidl_generator_py/ht_nav_variables/_ht_nav_variables_s.ep.rosidl_typesupport_c.c.o[0m
[0.968s] [ 98%] [32m[1mLinking C shared library rosidl_generator_py/ht_nav_variables/ht_nav_variables_s__rosidl_typesupport_introspection_c.cpython-38-x86_64-linux-gnu.so[0m
[0.968s] [100%] [32m[1mLinking CXX shared library rosidl_generator_py/ht_nav_variables/ht_nav_variables_s__rosidl_typesupport_fastrtps_c.cpython-38-x86_64-linux-gnu.so[0m
[0.968s] [100%] [32m[1mLinking C shared library rosidl_generator_py/ht_nav_variables/ht_nav_variables_s__rosidl_typesupport_c.cpython-38-x86_64-linux-gnu.so[0m
[1.031s] [100%] Built target ht_nav_variables__rosidl_typesupport_c__pyext
[1.032s] [100%] Built target ht_nav_variables__rosidl_typesupport_introspection_c__pyext
[1.086s] [100%] Built target ht_nav_variables__rosidl_typesupport_fastrtps_c__pyext
[1.113s] Invoked command in '/home/temurtas/INS-GPS-ROS2/build/ht_nav_variables' returned '0': CMAKE_PREFIX_PATH=${CMAKE_PREFIX_PATH}:/home/temurtas/kobra_mk2_ws/install/teleop_twist_keyboard:/home/temurtas/kobra_mk2_ws/install/my_teleop:/home/temurtas/kobra_mk2_ws/install/cmd_vel_pub:/home/temurtas/kobra_mk2_ws/install/cmd_acc_pub:/home/temurtas/ws/install/opencv_tests:/opt/ros/foxy /usr/bin/cmake --build /home/temurtas/INS-GPS-ROS2/build/ht_nav_variables -- -j12 -l12
[1.466s] Invoking command in '/home/temurtas/INS-GPS-ROS2/build/ht_nav_variables': CMAKE_PREFIX_PATH=${CMAKE_PREFIX_PATH}:/home/temurtas/kobra_mk2_ws/install/teleop_twist_keyboard:/home/temurtas/kobra_mk2_ws/install/my_teleop:/home/temurtas/kobra_mk2_ws/install/cmd_vel_pub:/home/temurtas/kobra_mk2_ws/install/cmd_acc_pub:/home/temurtas/ws/install/opencv_tests:/opt/ros/foxy /usr/bin/cmake --install /home/temurtas/INS-GPS-ROS2/build/ht_nav_variables
[1.480s] -- Install configuration: ""
[1.481s] -- Up-to-date: /home/temurtas/INS-GPS-ROS2/install/ht_nav_variables/share/ament_index/resource_index/rosidl_interfaces/ht_nav_variables
[1.482s] -- Up-to-date: /home/temurtas/INS-GPS-ROS2/install/ht_nav_variables/include/ht_nav_variables
[1.482s] -- Up-to-date: /home/temurtas/INS-GPS-ROS2/install/ht_nav_variables/include/ht_nav_variables/msg
[1.482s] -- Up-to-date: /home/temurtas/INS-GPS-ROS2/install/ht_nav_variables/include/ht_nav_variables/msg/ht_nav_point.h
[1.482s] -- Up-to-date: /home/temurtas/INS-GPS-ROS2/install/ht_nav_variables/include/ht_nav_variables/msg/ht_nav_kalman_out.h
[1.482s] -- Up-to-date: /home/temurtas/INS-GPS-ROS2/install/ht_nav_variables/include/ht_nav_variables/msg/ht_nav_strap_out.h
[1.483s] -- Up-to-date: /home/temurtas/INS-GPS-ROS2/install/ht_nav_variables/include/ht_nav_variables/msg/ht_nav_euler.h
[1.483s] -- Up-to-date: /home/temurtas/INS-GPS-ROS2/install/ht_nav_variables/include/ht_nav_variables/msg/ht_nav_quaternion.h
[1.483s] -- Up-to-date: /home/temurtas/INS-GPS-ROS2/install/ht_nav_variables/include/ht_nav_variables/msg/ht_nav_deneme.h
[1.483s] -- Up-to-date: /home/temurtas/INS-GPS-ROS2/install/ht_nav_variables/include/ht_nav_variables/msg/ht_nav_vector3.h
[1.483s] -- Up-to-date: /home/temurtas/INS-GPS-ROS2/install/ht_nav_variables/include/ht_nav_variables/msg/ht_nav_gps_data.h
[1.484s] -- Up-to-date: /home/temurtas/INS-GPS-ROS2/install/ht_nav_variables/include/ht_nav_variables/msg/ht_nav_imu_data.h
[1.484s] -- Up-to-date: /home/temurtas/INS-GPS-ROS2/install/ht_nav_variables/include/ht_nav_variables/msg/rosidl_generator_c__visibility_control.h
[1.484s] -- Up-to-date: /home/temurtas/INS-GPS-ROS2/install/ht_nav_variables/include/ht_nav_variables/msg/ht_nav_error_vector.h
[1.484s] -- Up-to-date: /home/temurtas/INS-GPS-ROS2/install/ht_nav_variables/include/ht_nav_variables/msg/detail
[1.484s] -- Up-to-date: /home/temurtas/INS-GPS-ROS2/install/ht_nav_variables/include/ht_nav_variables/msg/detail/ht_nav_gps_data__functions.h
[1.484s] -- Up-to-date: /home/temurtas/INS-GPS-ROS2/install/ht_nav_variables/include/ht_nav_variables/msg/detail/ht_nav_euler__functions.c
[1.485s] -- Up-to-date: /home/temurtas/INS-GPS-ROS2/install/ht_nav_variables/include/ht_nav_variables/msg/detail/ht_nav_kalman_out__type_support.h
[1.485s] -- Up-to-date: /home/temurtas/INS-GPS-ROS2/install/ht_nav_variables/include/ht_nav_variables/msg/detail/ht_nav_imu_data__type_support.h
[1.485s] -- Up-to-date: /home/temurtas/INS-GPS-ROS2/install/ht_nav_variables/include/ht_nav_variables/msg/detail/ht_nav_point__type_support.h
[1.485s] -- Up-to-date: /home/temurtas/INS-GPS-ROS2/install/ht_nav_variables/include/ht_nav_variables/msg/detail/ht_nav_strap_out__type_support.h
[1.485s] -- Up-to-date: /home/temurtas/INS-GPS-ROS2/install/ht_nav_variables/include/ht_nav_variables/msg/detail/ht_nav_vector3__type_support.h
[1.485s] -- Up-to-date: /home/temurtas/INS-GPS-ROS2/install/ht_nav_variables/include/ht_nav_variables/msg/detail/ht_nav_quaternion__type_support.h
[1.486s] -- Up-to-date: /home/temurtas/INS-GPS-ROS2/install/ht_nav_variables/include/ht_nav_variables/msg/detail/ht_nav_euler__functions.h
[1.486s] -- Up-to-date: /home/temurtas/INS-GPS-ROS2/install/ht_nav_variables/include/ht_nav_variables/msg/detail/ht_nav_euler__struct.h
[1.486s] -- Up-to-date: /home/temurtas/INS-GPS-ROS2/install/ht_nav_variables/include/ht_nav_variables/msg/detail/ht_nav_strap_out__struct.h
[1.486s] -- Up-to-date: /home/temurtas/INS-GPS-ROS2/install/ht_nav_variables/include/ht_nav_variables/msg/detail/ht_nav_gps_data__type_support.h
[1.486s] -- Up-to-date: /home/temurtas/INS-GPS-ROS2/install/ht_nav_variables/include/ht_nav_variables/msg/detail/ht_nav_strap_out__functions.h
[1.486s] -- Up-to-date: /home/temurtas/INS-GPS-ROS2/install/ht_nav_variables/include/ht_nav_variables/msg/detail/ht_nav_deneme__functions.c
[1.487s] -- Up-to-date: /home/temurtas/INS-GPS-ROS2/install/ht_nav_variables/include/ht_nav_variables/msg/detail/ht_nav_error_vector__functions.c
[1.487s] -- Up-to-date: /home/temurtas/INS-GPS-ROS2/install/ht_nav_variables/include/ht_nav_variables/msg/detail/ht_nav_vector3__functions.h
[1.487s] -- Up-to-date: /home/temurtas/INS-GPS-ROS2/install/ht_nav_variables/include/ht_nav_variables/msg/detail/ht_nav_point__struct.h
[1.487s] -- Up-to-date: /home/temurtas/INS-GPS-ROS2/install/ht_nav_variables/include/ht_nav_variables/msg/detail/ht_nav_vector3__functions.c
[1.487s] -- Up-to-date: /home/temurtas/INS-GPS-ROS2/install/ht_nav_variables/include/ht_nav_variables/msg/detail/ht_nav_deneme__functions.h
[1.487s] -- Up-to-date: /home/temurtas/INS-GPS-ROS2/install/ht_nav_variables/include/ht_nav_variables/msg/detail/ht_nav_imu_data__functions.c
[1.487s] -- Up-to-date: /home/temurtas/INS-GPS-ROS2/install/ht_nav_variables/include/ht_nav_variables/msg/detail/ht_nav_strap_out__functions.c
[1.488s] -- Up-to-date: /home/temurtas/INS-GPS-ROS2/install/ht_nav_variables/include/ht_nav_variables/msg/detail/ht_nav_deneme__struct.h
[1.488s] -- Up-to-date: /home/temurtas/INS-GPS-ROS2/install/ht_nav_variables/include/ht_nav_variables/msg/detail/ht_nav_error_vector__type_support.h
[1.488s] -- Up-to-date: /home/temurtas/INS-GPS-ROS2/install/ht_nav_variables/include/ht_nav_variables/msg/detail/ht_nav_deneme__type_support.h
[1.488s] -- Up-to-date: /home/temurtas/INS-GPS-ROS2/install/ht_nav_variables/include/ht_nav_variables/msg/detail/ht_nav_quaternion__functions.h
[1.489s] -- Up-to-date: /home/temurtas/INS-GPS-ROS2/install/ht_nav_variables/include/ht_nav_variables/msg/detail/ht_nav_imu_data__struct.h
[1.489s] -- Up-to-date: /home/temurtas/INS-GPS-ROS2/install/ht_nav_variables/include/ht_nav_variables/msg/detail/ht_nav_quaternion__functions.c
[1.489s] -- Up-to-date: /home/temurtas/INS-GPS-ROS2/install/ht_nav_variables/include/ht_nav_variables/msg/detail/ht_nav_kalman_out__functions.h
[1.489s] -- Up-to-date: /home/temurtas/INS-GPS-ROS2/install/ht_nav_variables/include/ht_nav_variables/msg/detail/ht_nav_point__functions.h
[1.489s] -- Up-to-date: /home/temurtas/INS-GPS-ROS2/install/ht_nav_variables/include/ht_nav_variables/msg/detail/ht_nav_point__functions.c
[1.490s] -- Up-to-date: /home/temurtas/INS-GPS-ROS2/install/ht_nav_variables/include/ht_nav_variables/msg/detail/ht_nav_gps_data__struct.h
[1.490s] -- Up-to-date: /home/temurtas/INS-GPS-ROS2/install/ht_nav_variables/include/ht_nav_variables/msg/detail/ht_nav_gps_data__functions.c
[1.490s] -- Up-to-date: /home/temurtas/INS-GPS-ROS2/install/ht_nav_variables/include/ht_nav_variables/msg/detail/ht_nav_kalman_out__struct.h
[1.490s] -- Up-to-date: /home/temurtas/INS-GPS-ROS2/install/ht_nav_variables/include/ht_nav_variables/msg/detail/ht_nav_imu_data__functions.h
[1.490s] -- Up-to-date: /home/temurtas/INS-GPS-ROS2/install/ht_nav_variables/include/ht_nav_variables/msg/detail/ht_nav_error_vector__functions.h
[1.490s] -- Up-to-date: /home/temurtas/INS-GPS-ROS2/install/ht_nav_variables/include/ht_nav_variables/msg/detail/ht_nav_error_vector__struct.h
[1.490s] -- Up-to-date: /home/temurtas/INS-GPS-ROS2/install/ht_nav_variables/include/ht_nav_variables/msg/detail/ht_nav_quaternion__struct.h
[1.491s] -- Up-to-date: /home/temurtas/INS-GPS-ROS2/install/ht_nav_variables/include/ht_nav_variables/msg/detail/ht_nav_kalman_out__functions.c
[1.491s] -- Up-to-date: /home/temurtas/INS-GPS-ROS2/install/ht_nav_variables/include/ht_nav_variables/msg/detail/ht_nav_euler__type_support.h
[1.491s] -- Up-to-date: /home/temurtas/INS-GPS-ROS2/install/ht_nav_variables/include/ht_nav_variables/msg/detail/ht_nav_vector3__struct.h
[1.491s] -- Up-to-date: /home/temurtas/INS-GPS-ROS2/install/ht_nav_variables/share/ht_nav_variables/environment/library_path.sh
[1.491s] -- Up-to-date: /home/temurtas/INS-GPS-ROS2/install/ht_nav_variables/share/ht_nav_variables/environment/library_path.dsv
[1.491s] -- Up-to-date: /home/temurtas/INS-GPS-ROS2/install/ht_nav_variables/lib/libht_nav_variables__rosidl_generator_c.so
[1.491s] -- Up-to-date: /home/temurtas/INS-GPS-ROS2/install/ht_nav_variables/include/ht_nav_variables
[1.492s] -- Up-to-date: /home/temurtas/INS-GPS-ROS2/install/ht_nav_variables/include/ht_nav_variables/msg
[1.492s] -- Up-to-date: /home/temurtas/INS-GPS-ROS2/install/ht_nav_variables/include/ht_nav_variables/msg/rosidl_typesupport_fastrtps_c__visibility_control.h
[1.492s] -- Up-to-date: /home/temurtas/INS-GPS-ROS2/install/ht_nav_variables/include/ht_nav_variables/msg/detail
[1.492s] -- Up-to-date: /home/temurtas/INS-GPS-ROS2/install/ht_nav_variables/include/ht_nav_variables/msg/detail/ht_nav_strap_out__rosidl_typesupport_fastrtps_c.h
[1.492s] -- Up-to-date: /home/temurtas/INS-GPS-ROS2/install/ht_nav_variables/include/ht_nav_variables/msg/detail/ht_nav_gps_data__rosidl_typesupport_fastrtps_c.h
[1.492s] -- Up-to-date: /home/temurtas/INS-GPS-ROS2/install/ht_nav_variables/include/ht_nav_variables/msg/detail/ht_nav_error_vector__rosidl_typesupport_fastrtps_c.h
[1.492s] -- Up-to-date: /home/temurtas/INS-GPS-ROS2/install/ht_nav_variables/include/ht_nav_variables/msg/detail/ht_nav_vector3__rosidl_typesupport_fastrtps_c.h
[1.492s] -- Up-to-date: /home/temurtas/INS-GPS-ROS2/install/ht_nav_variables/include/ht_nav_variables/msg/detail/ht_nav_kalman_out__rosidl_typesupport_fastrtps_c.h
[1.492s] -- Up-to-date: /home/temurtas/INS-GPS-ROS2/install/ht_nav_variables/include/ht_nav_variables/msg/detail/ht_nav_quaternion__rosidl_typesupport_fastrtps_c.h
[1.493s] -- Up-to-date: /home/temurtas/INS-GPS-ROS2/install/ht_nav_variables/include/ht_nav_variables/msg/detail/ht_nav_deneme__rosidl_typesupport_fastrtps_c.h
[1.493s] -- Up-to-date: /home/temurtas/INS-GPS-ROS2/install/ht_nav_variables/include/ht_nav_variables/msg/detail/ht_nav_point__rosidl_typesupport_fastrtps_c.h
[1.493s] -- Up-to-date: /home/temurtas/INS-GPS-ROS2/install/ht_nav_variables/include/ht_nav_variables/msg/detail/ht_nav_euler__rosidl_typesupport_fastrtps_c.h
[1.493s] -- Up-to-date: /home/temurtas/INS-GPS-ROS2/install/ht_nav_variables/include/ht_nav_variables/msg/detail/ht_nav_imu_data__rosidl_typesupport_fastrtps_c.h
[1.493s] -- Up-to-date: /home/temurtas/INS-GPS-ROS2/install/ht_nav_variables/lib/libht_nav_variables__rosidl_typesupport_fastrtps_c.so
[1.493s] -- Up-to-date: /home/temurtas/INS-GPS-ROS2/install/ht_nav_variables/include/ht_nav_variables
[1.493s] -- Up-to-date: /home/temurtas/INS-GPS-ROS2/install/ht_nav_variables/include/ht_nav_variables/msg
[1.493s] -- Up-to-date: /home/temurtas/INS-GPS-ROS2/install/ht_nav_variables/include/ht_nav_variables/msg/rosidl_typesupport_fastrtps_cpp__visibility_control.h
[1.494s] -- Up-to-date: /home/temurtas/INS-GPS-ROS2/install/ht_nav_variables/include/ht_nav_variables/msg/detail
[1.494s] -- Up-to-date: /home/temurtas/INS-GPS-ROS2/install/ht_nav_variables/include/ht_nav_variables/msg/detail/ht_nav_deneme__rosidl_typesupport_fastrtps_cpp.hpp
[1.494s] -- Up-to-date: /home/temurtas/INS-GPS-ROS2/install/ht_nav_variables/include/ht_nav_variables/msg/detail/ht_nav_point__rosidl_typesupport_fastrtps_cpp.hpp
[1.494s] -- Up-to-date: /home/temurtas/INS-GPS-ROS2/install/ht_nav_variables/include/ht_nav_variables/msg/detail/ht_nav_vector3__rosidl_typesupport_fastrtps_cpp.hpp
[1.494s] -- Up-to-date: /home/temurtas/INS-GPS-ROS2/install/ht_nav_variables/include/ht_nav_variables/msg/detail/ht_nav_error_vector__rosidl_typesupport_fastrtps_cpp.hpp
[1.494s] -- Up-to-date: /home/temurtas/INS-GPS-ROS2/install/ht_nav_variables/include/ht_nav_variables/msg/detail/ht_nav_gps_data__rosidl_typesupport_fastrtps_cpp.hpp
[1.494s] -- Up-to-date: /home/temurtas/INS-GPS-ROS2/install/ht_nav_variables/include/ht_nav_variables/msg/detail/ht_nav_kalman_out__rosidl_typesupport_fastrtps_cpp.hpp
[1.494s] -- Up-to-date: /home/temurtas/INS-GPS-ROS2/install/ht_nav_variables/include/ht_nav_variables/msg/detail/ht_nav_imu_data__rosidl_typesupport_fastrtps_cpp.hpp
[1.494s] -- Up-to-date: /home/temurtas/INS-GPS-ROS2/install/ht_nav_variables/include/ht_nav_variables/msg/detail/ht_nav_strap_out__rosidl_typesupport_fastrtps_cpp.hpp
[1.494s] -- Up-to-date: /home/temurtas/INS-GPS-ROS2/install/ht_nav_variables/include/ht_nav_variables/msg/detail/ht_nav_quaternion__rosidl_typesupport_fastrtps_cpp.hpp
[1.494s] -- Up-to-date: /home/temurtas/INS-GPS-ROS2/install/ht_nav_variables/include/ht_nav_variables/msg/detail/ht_nav_euler__rosidl_typesupport_fastrtps_cpp.hpp
[1.494s] -- Up-to-date: /home/temurtas/INS-GPS-ROS2/install/ht_nav_variables/include/ht_nav_variables/msg/detail/dds_fastrtps
[1.495s] -- Up-to-date: /home/temurtas/INS-GPS-ROS2/install/ht_nav_variables/lib/libht_nav_variables__rosidl_typesupport_fastrtps_cpp.so
[1.495s] -- Up-to-date: /home/temurtas/INS-GPS-ROS2/install/ht_nav_variables/include/ht_nav_variables
[1.495s] -- Up-to-date: /home/temurtas/INS-GPS-ROS2/install/ht_nav_variables/include/ht_nav_variables/msg
[1.495s] -- Up-to-date: /home/temurtas/INS-GPS-ROS2/install/ht_nav_variables/include/ht_nav_variables/msg/rosidl_typesupport_introspection_c__visibility_control.h
[1.495s] -- Up-to-date: /home/temurtas/INS-GPS-ROS2/install/ht_nav_variables/include/ht_nav_variables/msg/detail
[1.495s] -- Up-to-date: /home/temurtas/INS-GPS-ROS2/install/ht_nav_variables/include/ht_nav_variables/msg/detail/ht_nav_imu_data__rosidl_typesupport_introspection_c.h
[1.495s] -- Up-to-date: /home/temurtas/INS-GPS-ROS2/install/ht_nav_variables/include/ht_nav_variables/msg/detail/ht_nav_error_vector__rosidl_typesupport_introspection_c.h
[1.495s] -- Up-to-date: /home/temurtas/INS-GPS-ROS2/install/ht_nav_variables/include/ht_nav_variables/msg/detail/ht_nav_vector3__rosidl_typesupport_introspection_c.h
[1.495s] -- Up-to-date: /home/temurtas/INS-GPS-ROS2/install/ht_nav_variables/include/ht_nav_variables/msg/detail/ht_nav_euler__rosidl_typesupport_introspection_c.h
[1.495s] -- Up-to-date: /home/temurtas/INS-GPS-ROS2/install/ht_nav_variables/include/ht_nav_variables/msg/detail/ht_nav_deneme__type_support.c
[1.495s] -- Up-to-date: /home/temurtas/INS-GPS-ROS2/install/ht_nav_variables/include/ht_nav_variables/msg/detail/ht_nav_euler__type_support.c
[1.496s] -- Up-to-date: /home/temurtas/INS-GPS-ROS2/install/ht_nav_variables/include/ht_nav_variables/msg/detail/ht_nav_imu_data__type_support.c
[1.496s] -- Up-to-date: /home/temurtas/INS-GPS-ROS2/install/ht_nav_variables/include/ht_nav_variables/msg/detail/ht_nav_strap_out__type_support.c
[1.496s] -- Up-to-date: /home/temurtas/INS-GPS-ROS2/install/ht_nav_variables/include/ht_nav_variables/msg/detail/ht_nav_point__rosidl_typesupport_introspection_c.h
[1.496s] -- Up-to-date: /home/temurtas/INS-GPS-ROS2/install/ht_nav_variables/include/ht_nav_variables/msg/detail/ht_nav_error_vector__type_support.c
[1.496s] -- Up-to-date: /home/temurtas/INS-GPS-ROS2/install/ht_nav_variables/include/ht_nav_variables/msg/detail/ht_nav_deneme__rosidl_typesupport_introspection_c.h
[1.496s] -- Up-to-date: /home/temurtas/INS-GPS-ROS2/install/ht_nav_variables/include/ht_nav_variables/msg/detail/ht_nav_quaternion__rosidl_typesupport_introspection_c.h
[1.496s] -- Up-to-date: /home/temurtas/INS-GPS-ROS2/install/ht_nav_variables/include/ht_nav_variables/msg/detail/ht_nav_gps_data__type_support.c
[1.496s] -- Up-to-date: /home/temurtas/INS-GPS-ROS2/install/ht_nav_variables/include/ht_nav_variables/msg/detail/ht_nav_strap_out__rosidl_typesupport_introspection_c.h
[1.496s] -- Up-to-date: /home/temurtas/INS-GPS-ROS2/install/ht_nav_variables/include/ht_nav_variables/msg/detail/ht_nav_point__type_support.c
[1.496s] -- Up-to-date: /home/temurtas/INS-GPS-ROS2/install/ht_nav_variables/include/ht_nav_variables/msg/detail/ht_nav_gps_data__rosidl_typesupport_introspection_c.h
[1.496s] -- Up-to-date: /home/temurtas/INS-GPS-ROS2/install/ht_nav_variables/include/ht_nav_variables/msg/detail/ht_nav_kalman_out__type_support.c
[1.496s] -- Up-to-date: /home/temurtas/INS-GPS-ROS2/install/ht_nav_variables/include/ht_nav_variables/msg/detail/ht_nav_quaternion__type_support.c
[1.497s] -- Up-to-date: /home/temurtas/INS-GPS-ROS2/install/ht_nav_variables/include/ht_nav_variables/msg/detail/ht_nav_kalman_out__rosidl_typesupport_introspection_c.h
[1.497s] -- Up-to-date: /home/temurtas/INS-GPS-ROS2/install/ht_nav_variables/include/ht_nav_variables/msg/detail/ht_nav_vector3__type_support.c
[1.497s] -- Up-to-date: /home/temurtas/INS-GPS-ROS2/install/ht_nav_variables/lib/libht_nav_variables__rosidl_typesupport_introspection_c.so
[1.497s] -- Up-to-date: /home/temurtas/INS-GPS-ROS2/install/ht_nav_variables/lib/libht_nav_variables__rosidl_typesupport_c.so
[1.497s] -- Up-to-date: /home/temurtas/INS-GPS-ROS2/install/ht_nav_variables/include/ht_nav_variables
[1.497s] -- Up-to-date: /home/temurtas/INS-GPS-ROS2/install/ht_nav_variables/include/ht_nav_variables/msg
[1.497s] -- Up-to-date: /home/temurtas/INS-GPS-ROS2/install/ht_nav_variables/include/ht_nav_variables/msg/ht_nav_euler.hpp
[1.497s] -- Up-to-date: /home/temurtas/INS-GPS-ROS2/install/ht_nav_variables/include/ht_nav_variables/msg/ht_nav_error_vector.hpp
[1.497s] -- Up-to-date: /home/temurtas/INS-GPS-ROS2/install/ht_nav_variables/include/ht_nav_variables/msg/ht_nav_deneme.hpp
[1.498s] -- Up-to-date: /home/temurtas/INS-GPS-ROS2/install/ht_nav_variables/include/ht_nav_variables/msg/ht_nav_strap_out.hpp
[1.498s] -- Up-to-date: /home/temurtas/INS-GPS-ROS2/install/ht_nav_variables/include/ht_nav_variables/msg/ht_nav_vector3.hpp
[1.498s] -- Up-to-date: /home/temurtas/INS-GPS-ROS2/install/ht_nav_variables/include/ht_nav_variables/msg/ht_nav_kalman_out.hpp
[1.498s] -- Up-to-date: /home/temurtas/INS-GPS-ROS2/install/ht_nav_variables/include/ht_nav_variables/msg/ht_nav_point.hpp
[1.498s] -- Up-to-date: /home/temurtas/INS-GPS-ROS2/install/ht_nav_variables/include/ht_nav_variables/msg/ht_nav_imu_data.hpp
[1.498s] -- Up-to-date: /home/temurtas/INS-GPS-ROS2/install/ht_nav_variables/include/ht_nav_variables/msg/ht_nav_gps_data.hpp
[1.498s] -- Up-to-date: /home/temurtas/INS-GPS-ROS2/install/ht_nav_variables/include/ht_nav_variables/msg/ht_nav_quaternion.hpp
[1.498s] -- Up-to-date: /home/temurtas/INS-GPS-ROS2/install/ht_nav_variables/include/ht_nav_variables/msg/detail
[1.498s] -- Up-to-date: /home/temurtas/INS-GPS-ROS2/install/ht_nav_variables/include/ht_nav_variables/msg/detail/ht_nav_deneme__builder.hpp
[1.498s] -- Up-to-date: /home/temurtas/INS-GPS-ROS2/install/ht_nav_variables/include/ht_nav_variables/msg/detail/ht_nav_vector3__builder.hpp
[1.498s] -- Up-to-date: /home/temurtas/INS-GPS-ROS2/install/ht_nav_variables/include/ht_nav_variables/msg/detail/ht_nav_deneme__traits.hpp
[1.498s] -- Up-to-date: /home/temurtas/INS-GPS-ROS2/install/ht_nav_variables/include/ht_nav_variables/msg/detail/ht_nav_imu_data__builder.hpp
[1.499s] -- Up-to-date: /home/temurtas/INS-GPS-ROS2/install/ht_nav_variables/include/ht_nav_variables/msg/detail/ht_nav_vector3__traits.hpp
[1.499s] -- Up-to-date: /home/temurtas/INS-GPS-ROS2/install/ht_nav_variables/include/ht_nav_variables/msg/detail/ht_nav_deneme__struct.hpp
[1.499s] -- Up-to-date: /home/temurtas/INS-GPS-ROS2/install/ht_nav_variables/include/ht_nav_variables/msg/detail/ht_nav_quaternion__struct.hpp
[1.499s] -- Up-to-date: /home/temurtas/INS-GPS-ROS2/install/ht_nav_variables/include/ht_nav_variables/msg/detail/ht_nav_gps_data__struct.hpp
[1.499s] -- Up-to-date: /home/temurtas/INS-GPS-ROS2/install/ht_nav_variables/include/ht_nav_variables/msg/detail/ht_nav_strap_out__struct.hpp
[1.499s] -- Up-to-date: /home/temurtas/INS-GPS-ROS2/install/ht_nav_variables/include/ht_nav_variables/msg/detail/ht_nav_point__builder.hpp
[1.499s] -- Up-to-date: /home/temurtas/INS-GPS-ROS2/install/ht_nav_variables/include/ht_nav_variables/msg/detail/ht_nav_quaternion__traits.hpp
[1.499s] -- Up-to-date: /home/temurtas/INS-GPS-ROS2/install/ht_nav_variables/include/ht_nav_variables/msg/detail/ht_nav_strap_out__builder.hpp
[1.499s] -- Up-to-date: /home/temurtas/INS-GPS-ROS2/install/ht_nav_variables/include/ht_nav_variables/msg/detail/ht_nav_euler__struct.hpp
[1.499s] -- Up-to-date: /home/temurtas/INS-GPS-ROS2/install/ht_nav_variables/include/ht_nav_variables/msg/detail/ht_nav_imu_data__struct.hpp
[1.499s] -- Up-to-date: /home/temurtas/INS-GPS-ROS2/install/ht_nav_variables/include/ht_nav_variables/msg/detail/ht_nav_error_vector__traits.hpp
[1.500s] -- Up-to-date: /home/temurtas/INS-GPS-ROS2/install/ht_nav_variables/include/ht_nav_variables/msg/detail/ht_nav_error_vector__builder.hpp
[1.500s] -- Up-to-date: /home/temurtas/INS-GPS-ROS2/install/ht_nav_variables/include/ht_nav_variables/msg/detail/ht_nav_vector3__struct.hpp
[1.500s] -- Up-to-date: /home/temurtas/INS-GPS-ROS2/install/ht_nav_variables/include/ht_nav_variables/msg/detail/ht_nav_kalman_out__struct.hpp
[1.500s] -- Up-to-date: /home/temurtas/INS-GPS-ROS2/install/ht_nav_variables/include/ht_nav_variables/msg/detail/ht_nav_euler__builder.hpp
[1.500s] -- Up-to-date: /home/temurtas/INS-GPS-ROS2/install/ht_nav_variables/include/ht_nav_variables/msg/detail/ht_nav_gps_data__traits.hpp
[1.500s] -- Up-to-date: /home/temurtas/INS-GPS-ROS2/install/ht_nav_variables/include/ht_nav_variables/msg/detail/ht_nav_point__struct.hpp
[1.500s] -- Up-to-date: /home/temurtas/INS-GPS-ROS2/install/ht_nav_variables/include/ht_nav_variables/msg/detail/ht_nav_kalman_out__traits.hpp
[1.500s] -- Up-to-date: /home/temurtas/INS-GPS-ROS2/install/ht_nav_variables/include/ht_nav_variables/msg/detail/ht_nav_quaternion__builder.hpp
[1.500s] -- Up-to-date: /home/temurtas/INS-GPS-ROS2/install/ht_nav_variables/include/ht_nav_variables/msg/detail/ht_nav_error_vector__struct.hpp
[1.500s] -- Up-to-date: /home/temurtas/INS-GPS-ROS2/install/ht_nav_variables/include/ht_nav_variables/msg/detail/ht_nav_kalman_out__builder.hpp
[1.500s] -- Up-to-date: /home/temurtas/INS-GPS-ROS2/install/ht_nav_variables/include/ht_nav_variables/msg/detail/ht_nav_point__traits.hpp
[1.500s] -- Up-to-date: /home/temurtas/INS-GPS-ROS2/install/ht_nav_variables/include/ht_nav_variables/msg/detail/ht_nav_strap_out__traits.hpp
[1.501s] -- Up-to-date: /home/temurtas/INS-GPS-ROS2/install/ht_nav_variables/include/ht_nav_variables/msg/detail/ht_nav_gps_data__builder.hpp
[1.501s] -- Up-to-date: /home/temurtas/INS-GPS-ROS2/install/ht_nav_variables/include/ht_nav_variables/msg/detail/ht_nav_imu_data__traits.hpp
[1.501s] -- Up-to-date: /home/temurtas/INS-GPS-ROS2/install/ht_nav_variables/include/ht_nav_variables/msg/detail/ht_nav_euler__traits.hpp
[1.501s] -- Up-to-date: /home/temurtas/INS-GPS-ROS2/install/ht_nav_variables/include/ht_nav_variables
[1.501s] -- Up-to-date: /home/temurtas/INS-GPS-ROS2/install/ht_nav_variables/include/ht_nav_variables/msg
[1.501s] -- Up-to-date: /home/temurtas/INS-GPS-ROS2/install/ht_nav_variables/include/ht_nav_variables/msg/detail
[1.501s] -- Up-to-date: /home/temurtas/INS-GPS-ROS2/install/ht_nav_variables/include/ht_nav_variables/msg/detail/ht_nav_gps_data__type_support.cpp
[1.501s] -- Up-to-date: /home/temurtas/INS-GPS-ROS2/install/ht_nav_variables/include/ht_nav_variables/msg/detail/ht_nav_quaternion__rosidl_typesupport_introspection_cpp.hpp
[1.501s] -- Up-to-date: /home/temurtas/INS-GPS-ROS2/install/ht_nav_variables/include/ht_nav_variables/msg/detail/ht_nav_strap_out__rosidl_typesupport_introspection_cpp.hpp
[1.501s] -- Up-to-date: /home/temurtas/INS-GPS-ROS2/install/ht_nav_variables/include/ht_nav_variables/msg/detail/ht_nav_imu_data__rosidl_typesupport_introspection_cpp.hpp
[1.502s] -- Up-to-date: /home/temurtas/INS-GPS-ROS2/install/ht_nav_variables/include/ht_nav_variables/msg/detail/ht_nav_imu_data__type_support.cpp
[1.502s] -- Up-to-date: /home/temurtas/INS-GPS-ROS2/install/ht_nav_variables/include/ht_nav_variables/msg/detail/ht_nav_deneme__type_support.cpp
[1.502s] -- Up-to-date: /home/temurtas/INS-GPS-ROS2/install/ht_nav_variables/include/ht_nav_variables/msg/detail/ht_nav_quaternion__type_support.cpp
[1.502s] -- Up-to-date: /home/temurtas/INS-GPS-ROS2/install/ht_nav_variables/include/ht_nav_variables/msg/detail/ht_nav_kalman_out__type_support.cpp
[1.502s] -- Up-to-date: /home/temurtas/INS-GPS-ROS2/install/ht_nav_variables/include/ht_nav_variables/msg/detail/ht_nav_vector3__type_support.cpp
[1.502s] -- Up-to-date: /home/temurtas/INS-GPS-ROS2/install/ht_nav_variables/include/ht_nav_variables/msg/detail/ht_nav_deneme__rosidl_typesupport_introspection_cpp.hpp
[1.502s] -- Up-to-date: /home/temurtas/INS-GPS-ROS2/install/ht_nav_variables/include/ht_nav_variables/msg/detail/ht_nav_error_vector__type_support.cpp
[1.502s] -- Up-to-date: /home/temurtas/INS-GPS-ROS2/install/ht_nav_variables/include/ht_nav_variables/msg/detail/ht_nav_euler__type_support.cpp
[1.503s] -- Up-to-date: /home/temurtas/INS-GPS-ROS2/install/ht_nav_variables/include/ht_nav_variables/msg/detail/ht_nav_gps_data__rosidl_typesupport_introspection_cpp.hpp
[1.503s] -- Up-to-date: /home/temurtas/INS-GPS-ROS2/install/ht_nav_variables/include/ht_nav_variables/msg/detail/ht_nav_euler__rosidl_typesupport_introspection_cpp.hpp
[1.503s] -- Up-to-date: /home/temurtas/INS-GPS-ROS2/install/ht_nav_variables/include/ht_nav_variables/msg/detail/ht_nav_strap_out__type_support.cpp
[1.503s] -- Up-to-date: /home/temurtas/INS-GPS-ROS2/install/ht_nav_variables/include/ht_nav_variables/msg/detail/ht_nav_error_vector__rosidl_typesupport_introspection_cpp.hpp
[1.503s] -- Up-to-date: /home/temurtas/INS-GPS-ROS2/install/ht_nav_variables/include/ht_nav_variables/msg/detail/ht_nav_kalman_out__rosidl_typesupport_introspection_cpp.hpp
[1.503s] -- Up-to-date: /home/temurtas/INS-GPS-ROS2/install/ht_nav_variables/include/ht_nav_variables/msg/detail/ht_nav_point__rosidl_typesupport_introspection_cpp.hpp
[1.503s] -- Up-to-date: /home/temurtas/INS-GPS-ROS2/install/ht_nav_variables/include/ht_nav_variables/msg/detail/ht_nav_vector3__rosidl_typesupport_introspection_cpp.hpp
[1.503s] -- Up-to-date: /home/temurtas/INS-GPS-ROS2/install/ht_nav_variables/include/ht_nav_variables/msg/detail/ht_nav_point__type_support.cpp
[1.503s] -- Up-to-date: /home/temurtas/INS-GPS-ROS2/install/ht_nav_variables/lib/libht_nav_variables__rosidl_typesupport_introspection_cpp.so
[1.503s] -- Up-to-date: /home/temurtas/INS-GPS-ROS2/install/ht_nav_variables/lib/libht_nav_variables__rosidl_typesupport_cpp.so
[1.503s] -- Up-to-date: /home/temurtas/INS-GPS-ROS2/install/ht_nav_variables/share/ht_nav_variables/environment/pythonpath.sh
[1.504s] -- Up-to-date: /home/temurtas/INS-GPS-ROS2/install/ht_nav_variables/share/ht_nav_variables/environment/pythonpath.dsv
[1.504s] -- Up-to-date: /home/temurtas/INS-GPS-ROS2/install/ht_nav_variables/lib/python3.8/site-packages/ht_nav_variables/__init__.py
[1.553s] -- Up-to-date: /home/temurtas/INS-GPS-ROS2/install/ht_nav_variables/lib/python3.8/site-packages/ht_nav_variables/msg
[1.553s] -- Up-to-date: /home/temurtas/INS-GPS-ROS2/install/ht_nav_variables/lib/python3.8/site-packages/ht_nav_variables/msg/_ht_nav_imu_data_s.c
[1.554s] -- Up-to-date: /home/temurtas/INS-GPS-ROS2/install/ht_nav_variables/lib/python3.8/site-packages/ht_nav_variables/msg/_ht_nav_vector3.py
[1.554s] -- Up-to-date: /home/temurtas/INS-GPS-ROS2/install/ht_nav_variables/lib/python3.8/site-packages/ht_nav_variables/msg/_ht_nav_vector3_s.c
[1.554s] -- Up-to-date: /home/temurtas/INS-GPS-ROS2/install/ht_nav_variables/lib/python3.8/site-packages/ht_nav_variables/msg/_ht_nav_point_s.c
[1.554s] -- Up-to-date: /home/temurtas/INS-GPS-ROS2/install/ht_nav_variables/lib/python3.8/site-packages/ht_nav_variables/msg/_ht_nav_gps_data_s.c
[1.555s] -- Up-to-date: /home/temurtas/INS-GPS-ROS2/install/ht_nav_variables/lib/python3.8/site-packages/ht_nav_variables/msg/_ht_nav_gps_data.py
[1.555s] -- Up-to-date: /home/temurtas/INS-GPS-ROS2/install/ht_nav_variables/lib/python3.8/site-packages/ht_nav_variables/msg/_ht_nav_deneme.py
[1.555s] -- Up-to-date: /home/temurtas/INS-GPS-ROS2/install/ht_nav_variables/lib/python3.8/site-packages/ht_nav_variables/msg/_ht_nav_imu_data.py
[1.556s] -- Up-to-date: /home/temurtas/INS-GPS-ROS2/install/ht_nav_variables/lib/python3.8/site-packages/ht_nav_variables/msg/__init__.py
[1.556s] -- Up-to-date: /home/temurtas/INS-GPS-ROS2/install/ht_nav_variables/lib/python3.8/site-packages/ht_nav_variables/msg/_ht_nav_point.py
[1.556s] -- Up-to-date: /home/temurtas/INS-GPS-ROS2/install/ht_nav_variables/lib/python3.8/site-packages/ht_nav_variables/msg/_ht_nav_strap_out.py
[1.556s] -- Up-to-date: /home/temurtas/INS-GPS-ROS2/install/ht_nav_variables/lib/python3.8/site-packages/ht_nav_variables/msg/_ht_nav_quaternion.py
[1.557s] -- Up-to-date: /home/temurtas/INS-GPS-ROS2/install/ht_nav_variables/lib/python3.8/site-packages/ht_nav_variables/msg/_ht_nav_quaternion_s.c
[1.557s] -- Up-to-date: /home/temurtas/INS-GPS-ROS2/install/ht_nav_variables/lib/python3.8/site-packages/ht_nav_variables/msg/_ht_nav_euler_s.c
[1.557s] -- Up-to-date: /home/temurtas/INS-GPS-ROS2/install/ht_nav_variables/lib/python3.8/site-packages/ht_nav_variables/msg/_ht_nav_strap_out_s.c
[1.557s] -- Up-to-date: /home/temurtas/INS-GPS-ROS2/install/ht_nav_variables/lib/python3.8/site-packages/ht_nav_variables/msg/_ht_nav_deneme_s.c
[1.558s] -- Up-to-date: /home/temurtas/INS-GPS-ROS2/install/ht_nav_variables/lib/python3.8/site-packages/ht_nav_variables/msg/_ht_nav_euler.py
[1.558s] -- Up-to-date: /home/temurtas/INS-GPS-ROS2/install/ht_nav_variables/lib/python3.8/site-packages/ht_nav_variables/msg/_ht_nav_kalman_out.py
[1.558s] -- Up-to-date: /home/temurtas/INS-GPS-ROS2/install/ht_nav_variables/lib/python3.8/site-packages/ht_nav_variables/msg/_ht_nav_error_vector_s.c
[1.558s] -- Up-to-date: /home/temurtas/INS-GPS-ROS2/install/ht_nav_variables/lib/python3.8/site-packages/ht_nav_variables/msg/_ht_nav_error_vector.py
[1.559s] -- Up-to-date: /home/temurtas/INS-GPS-ROS2/install/ht_nav_variables/lib/python3.8/site-packages/ht_nav_variables/msg/_ht_nav_kalman_out_s.c
[1.559s] -- Installing: /home/temurtas/INS-GPS-ROS2/install/ht_nav_variables/lib/python3.8/site-packages/ht_nav_variables/ht_nav_variables_s__rosidl_typesupport_fastrtps_c.cpython-38-x86_64-linux-gnu.so
[1.559s] -- Set runtime path of "/home/temurtas/INS-GPS-ROS2/install/ht_nav_variables/lib/python3.8/site-packages/ht_nav_variables/ht_nav_variables_s__rosidl_typesupport_fastrtps_c.cpython-38-x86_64-linux-gnu.so" to ""
[1.559s] -- Installing: /home/temurtas/INS-GPS-ROS2/install/ht_nav_variables/lib/python3.8/site-packages/ht_nav_variables/ht_nav_variables_s__rosidl_typesupport_introspection_c.cpython-38-x86_64-linux-gnu.so
[1.560s] -- Set runtime path of "/home/temurtas/INS-GPS-ROS2/install/ht_nav_variables/lib/python3.8/site-packages/ht_nav_variables/ht_nav_variables_s__rosidl_typesupport_introspection_c.cpython-38-x86_64-linux-gnu.so" to ""
[1.561s] -- Installing: /home/temurtas/INS-GPS-ROS2/install/ht_nav_variables/lib/python3.8/site-packages/ht_nav_variables/ht_nav_variables_s__rosidl_typesupport_c.cpython-38-x86_64-linux-gnu.so
[1.562s] -- Set runtime path of "/home/temurtas/INS-GPS-ROS2/install/ht_nav_variables/lib/python3.8/site-packages/ht_nav_variables/ht_nav_variables_s__rosidl_typesupport_c.cpython-38-x86_64-linux-gnu.so" to ""
[1.562s] -- Installing: /home/temurtas/INS-GPS-ROS2/install/ht_nav_variables/lib/libht_nav_variables__python.so
[1.563s] -- Set runtime path of "/home/temurtas/INS-GPS-ROS2/install/ht_nav_variables/lib/libht_nav_variables__python.so" to ""
[1.563s] -- Up-to-date: /home/temurtas/INS-GPS-ROS2/install/ht_nav_variables/share/ht_nav_variables/msg/HtNavErrorVector.idl
[1.563s] -- Up-to-date: /home/temurtas/INS-GPS-ROS2/install/ht_nav_variables/share/ht_nav_variables/msg/HtNavEuler.idl
[1.563s] -- Up-to-date: /home/temurtas/INS-GPS-ROS2/install/ht_nav_variables/share/ht_nav_variables/msg/HtNavGpsData.idl
[1.564s] -- Up-to-date: /home/temurtas/INS-GPS-ROS2/install/ht_nav_variables/share/ht_nav_variables/msg/HtNavImuData.idl
[1.564s] -- Up-to-date: /home/temurtas/INS-GPS-ROS2/install/ht_nav_variables/share/ht_nav_variables/msg/HtNavKalmanOut.idl
[1.564s] -- Up-to-date: /home/temurtas/INS-GPS-ROS2/install/ht_nav_variables/share/ht_nav_variables/msg/HtNavStrapOut.idl
[1.564s] -- Up-to-date: /home/temurtas/INS-GPS-ROS2/install/ht_nav_variables/share/ht_nav_variables/msg/HtNavPoint.idl
[1.564s] -- Up-to-date: /home/temurtas/INS-GPS-ROS2/install/ht_nav_variables/share/ht_nav_variables/msg/HtNavVector3.idl
[1.564s] -- Up-to-date: /home/temurtas/INS-GPS-ROS2/install/ht_nav_variables/share/ht_nav_variables/msg/HtNavQuaternion.idl
[1.565s] -- Up-to-date: /home/temurtas/INS-GPS-ROS2/install/ht_nav_variables/share/ht_nav_variables/msg/HtNavDeneme.idl
[1.565s] -- Up-to-date: /home/temurtas/INS-GPS-ROS2/install/ht_nav_variables/share/ht_nav_variables/msg/HtNavErrorVector.msg
[1.565s] -- Up-to-date: /home/temurtas/INS-GPS-ROS2/install/ht_nav_variables/share/ht_nav_variables/msg/HtNavEuler.msg
[1.565s] -- Up-to-date: /home/temurtas/INS-GPS-ROS2/install/ht_nav_variables/share/ht_nav_variables/msg/HtNavGpsData.msg
[1.565s] -- Up-to-date: /home/temurtas/INS-GPS-ROS2/install/ht_nav_variables/share/ht_nav_variables/msg/HtNavImuData.msg
[1.565s] -- Up-to-date: /home/temurtas/INS-GPS-ROS2/install/ht_nav_variables/share/ht_nav_variables/msg/HtNavKalmanOut.msg
[1.566s] -- Up-to-date: /home/temurtas/INS-GPS-ROS2/install/ht_nav_variables/share/ht_nav_variables/msg/HtNavStrapOut.msg
[1.566s] -- Up-to-date: /home/temurtas/INS-GPS-ROS2/install/ht_nav_variables/share/ht_nav_variables/msg/HtNavPoint.msg
[1.566s] -- Up-to-date: /home/temurtas/INS-GPS-ROS2/install/ht_nav_variables/share/ht_nav_variables/msg/HtNavVector3.msg
[1.566s] -- Up-to-date: /home/temurtas/INS-GPS-ROS2/install/ht_nav_variables/share/ht_nav_variables/msg/HtNavQuaternion.msg
[1.566s] -- Up-to-date: /home/temurtas/INS-GPS-ROS2/install/ht_nav_variables/share/ht_nav_variables/msg/HtNavDeneme.msg
[1.566s] -- Up-to-date: /home/temurtas/INS-GPS-ROS2/install/ht_nav_variables/share/ament_index/resource_index/package_run_dependencies/ht_nav_variables
[1.566s] -- Up-to-date: /home/temurtas/INS-GPS-ROS2/install/ht_nav_variables/share/ament_index/resource_index/parent_prefix_path/ht_nav_variables
[1.566s] -- Up-to-date: /home/temurtas/INS-GPS-ROS2/install/ht_nav_variables/share/ht_nav_variables/environment/ament_prefix_path.sh
[1.567s] -- Up-to-date: /home/temurtas/INS-GPS-ROS2/install/ht_nav_variables/share/ht_nav_variables/environment/ament_prefix_path.dsv
[1.567s] -- Up-to-date: /home/temurtas/INS-GPS-ROS2/install/ht_nav_variables/share/ht_nav_variables/environment/path.sh
[1.567s] -- Up-to-date: /home/temurtas/INS-GPS-ROS2/install/ht_nav_variables/share/ht_nav_variables/environment/path.dsv
[1.567s] -- Up-to-date: /home/temurtas/INS-GPS-ROS2/install/ht_nav_variables/share/ht_nav_variables/local_setup.bash
[1.567s] -- Up-to-date: /home/temurtas/INS-GPS-ROS2/install/ht_nav_variables/share/ht_nav_variables/local_setup.sh
[1.567s] -- Up-to-date: /home/temurtas/INS-GPS-ROS2/install/ht_nav_variables/share/ht_nav_variables/local_setup.zsh
[1.567s] -- Up-to-date: /home/temurtas/INS-GPS-ROS2/install/ht_nav_variables/share/ht_nav_variables/local_setup.dsv
[1.567s] -- Installing: /home/temurtas/INS-GPS-ROS2/install/ht_nav_variables/share/ht_nav_variables/package.dsv
[1.568s] -- Up-to-date: /home/temurtas/INS-GPS-ROS2/install/ht_nav_variables/share/ament_index/resource_index/packages/ht_nav_variables
[1.568s] -- Up-to-date: /home/temurtas/INS-GPS-ROS2/install/ht_nav_variables/share/ht_nav_variables/cmake/ht_nav_variables__rosidl_generator_cExport.cmake
[1.568s] -- Up-to-date: /home/temurtas/INS-GPS-ROS2/install/ht_nav_variables/share/ht_nav_variables/cmake/ht_nav_variables__rosidl_generator_cExport-noconfig.cmake
[1.568s] -- Up-to-date: /home/temurtas/INS-GPS-ROS2/install/ht_nav_variables/share/ht_nav_variables/cmake/ht_nav_variables__rosidl_typesupport_introspection_cExport.cmake
[1.568s] -- Up-to-date: /home/temurtas/INS-GPS-ROS2/install/ht_nav_variables/share/ht_nav_variables/cmake/ht_nav_variables__rosidl_typesupport_introspection_cExport-noconfig.cmake
[1.568s] -- Up-to-date: /home/temurtas/INS-GPS-ROS2/install/ht_nav_variables/share/ht_nav_variables/cmake/ht_nav_variables__rosidl_typesupport_cExport.cmake
[1.568s] -- Up-to-date: /home/temurtas/INS-GPS-ROS2/install/ht_nav_variables/share/ht_nav_variables/cmake/ht_nav_variables__rosidl_typesupport_cExport-noconfig.cmake
[1.569s] -- Up-to-date: /home/temurtas/INS-GPS-ROS2/install/ht_nav_variables/share/ht_nav_variables/cmake/ht_nav_variables__rosidl_generator_cppExport.cmake
[1.569s] -- Up-to-date: /home/temurtas/INS-GPS-ROS2/install/ht_nav_variables/share/ht_nav_variables/cmake/ht_nav_variables__rosidl_typesupport_introspection_cppExport.cmake
[1.569s] -- Up-to-date: /home/temurtas/INS-GPS-ROS2/install/ht_nav_variables/share/ht_nav_variables/cmake/ht_nav_variables__rosidl_typesupport_introspection_cppExport-noconfig.cmake
[1.570s] -- Up-to-date: /home/temurtas/INS-GPS-ROS2/install/ht_nav_variables/share/ht_nav_variables/cmake/ht_nav_variables__rosidl_typesupport_cppExport.cmake
[1.570s] -- Up-to-date: /home/temurtas/INS-GPS-ROS2/install/ht_nav_variables/share/ht_nav_variables/cmake/ht_nav_variables__rosidl_typesupport_cppExport-noconfig.cmake
[1.570s] -- Up-to-date: /home/temurtas/INS-GPS-ROS2/install/ht_nav_variables/share/ht_nav_variables/cmake/rosidl_cmake-extras.cmake
[1.570s] -- Up-to-date: /home/temurtas/INS-GPS-ROS2/install/ht_nav_variables/share/ht_nav_variables/cmake/ament_cmake_export_dependencies-extras.cmake
[1.570s] -- Up-to-date: /home/temurtas/INS-GPS-ROS2/install/ht_nav_variables/share/ht_nav_variables/cmake/ament_cmake_export_libraries-extras.cmake
[1.570s] -- Up-to-date: /home/temurtas/INS-GPS-ROS2/install/ht_nav_variables/share/ht_nav_variables/cmake/ament_cmake_export_targets-extras.cmake
[1.571s] -- Up-to-date: /home/temurtas/INS-GPS-ROS2/install/ht_nav_variables/share/ht_nav_variables/cmake/ament_cmake_export_include_directories-extras.cmake
[1.571s] -- Up-to-date: /home/temurtas/INS-GPS-ROS2/install/ht_nav_variables/share/ht_nav_variables/cmake/rosidl_cmake_export_typesupport_libraries-extras.cmake
[1.571s] -- Up-to-date: /home/temurtas/INS-GPS-ROS2/install/ht_nav_variables/share/ht_nav_variables/cmake/rosidl_cmake_export_typesupport_targets-extras.cmake
[1.571s] -- Up-to-date: /home/temurtas/INS-GPS-ROS2/install/ht_nav_variables/share/ht_nav_variables/cmake/ht_nav_variablesConfig.cmake
[1.571s] -- Up-to-date: /home/temurtas/INS-GPS-ROS2/install/ht_nav_variables/share/ht_nav_variables/cmake/ht_nav_variablesConfig-version.cmake
[1.571s] -- Up-to-date: /home/temurtas/INS-GPS-ROS2/install/ht_nav_variables/share/ht_nav_variables/package.xml
[1.577s] Invoked command in '/home/temurtas/INS-GPS-ROS2/build/ht_nav_variables' returned '0': CMAKE_PREFIX_PATH=${CMAKE_PREFIX_PATH}:/home/temurtas/kobra_mk2_ws/install/teleop_twist_keyboard:/home/temurtas/kobra_mk2_ws/install/my_teleop:/home/temurtas/kobra_mk2_ws/install/cmd_vel_pub:/home/temurtas/kobra_mk2_ws/install/cmd_acc_pub:/home/temurtas/ws/install/opencv_tests:/opt/ros/foxy /usr/bin/cmake --install /home/temurtas/INS-GPS-ROS2/build/ht_nav_variables
