[0.254s] Invoking command in '/home/temurtas/INS-GPS-ROS2/src/ht_strap_package': PYTHONPATH=/home/temurtas/INS-GPS-ROS2/install/ht_strap_package/lib/python3.8/site-packages:/home/temurtas/INS-GPS-ROS2/install/ht_nav_variables/lib/python3.8/site-packages:/home/temurtas/INS-GPS-ROS2/install/ht_strap_package/lib/python3.8/site-packages:/home/temurtas/kobra_mk2_ws/install/turtlesim/lib/python3.8/site-packages:/home/temurtas/kobra_mk2_ws/install/teleop_twist_keyboard/lib/python3.8/site-packages:/home/temurtas/kobra_mk2_ws/install/my_teleop/lib/python3.8/site-packages:/home/temurtas/kobra_mk2_ws/install/cmd_vel_pub/lib/python3.8/site-packages:/home/temurtas/kobra_mk2_ws/install/cmd_acc_pub/lib/python3.8/site-packages:/home/temurtas/ws/build/opencv_tests:/home/temurtas/ws/install/opencv_tests/lib/python3.8/site-packages:/home/temurtas/ws/install/image_geometry/lib/python3.8/site-packages:/home/temurtas/ws/install/gazebo_ros/lib/python3.8/site-packages:/home/temurtas/ws/install/gazebo_msgs/lib/python3.8/site-packages:/home/temurtas/ws/install/cv_bridge/lib/python3.8/site-packages:/opt/ros/foxy/lib/python3.8/site-packages /usr/bin/python3 setup.py egg_info --egg-base ../../build/ht_strap_package build --build-base /home/temurtas/INS-GPS-ROS2/build/ht_strap_package/build install --prefix /home/temurtas/INS-GPS-ROS2/install/ht_strap_package --record /home/temurtas/INS-GPS-ROS2/build/ht_strap_package/install.log --single-version-externally-managed
[0.447s] running egg_info
[0.448s] writing ../../build/ht_strap_package/ht_strap_package.egg-info/PKG-INFO
[0.448s] writing dependency_links to ../../build/ht_strap_package/ht_strap_package.egg-info/dependency_links.txt
[0.449s] writing entry points to ../../build/ht_strap_package/ht_strap_package.egg-info/entry_points.txt
[0.449s] writing requirements to ../../build/ht_strap_package/ht_strap_package.egg-info/requires.txt
[0.449s] writing top-level names to ../../build/ht_strap_package/ht_strap_package.egg-info/top_level.txt
[0.482s] reading manifest file '../../build/ht_strap_package/ht_strap_package.egg-info/SOURCES.txt'
[0.483s] writing manifest file '../../build/ht_strap_package/ht_strap_package.egg-info/SOURCES.txt'
[0.483s] running build
[0.484s] running build_py
[0.484s] copying ht_strap_package/imu_data_converter_function.py -> /home/temurtas/INS-GPS-ROS2/build/ht_strap_package/build/lib/ht_strap_package
[0.485s] copying ht_strap_package/gps_data_converter_function.py -> /home/temurtas/INS-GPS-ROS2/build/ht_strap_package/build/lib/ht_strap_package
[0.485s] copying ht_strap_package/config.py -> /home/temurtas/INS-GPS-ROS2/build/ht_strap_package/build/lib/ht_strap_package
[0.485s] running install
[0.485s] running install_lib
[0.487s] copying /home/temurtas/INS-GPS-ROS2/build/ht_strap_package/build/lib/ht_strap_package/imu_data_converter_function.py -> /home/temurtas/INS-GPS-ROS2/install/ht_strap_package/lib/python3.8/site-packages/ht_strap_package
[0.487s] copying /home/temurtas/INS-GPS-ROS2/build/ht_strap_package/build/lib/ht_strap_package/gps_data_converter_function.py -> /home/temurtas/INS-GPS-ROS2/install/ht_strap_package/lib/python3.8/site-packages/ht_strap_package
[0.487s] copying /home/temurtas/INS-GPS-ROS2/build/ht_strap_package/build/lib/ht_strap_package/config.py -> /home/temurtas/INS-GPS-ROS2/install/ht_strap_package/lib/python3.8/site-packages/ht_strap_package
[0.488s] byte-compiling /home/temurtas/INS-GPS-ROS2/install/ht_strap_package/lib/python3.8/site-packages/ht_strap_package/imu_data_converter_function.py to imu_data_converter_function.cpython-38.pyc
[0.490s] byte-compiling /home/temurtas/INS-GPS-ROS2/install/ht_strap_package/lib/python3.8/site-packages/ht_strap_package/gps_data_converter_function.py to gps_data_converter_function.cpython-38.pyc
[0.490s] byte-compiling /home/temurtas/INS-GPS-ROS2/install/ht_strap_package/lib/python3.8/site-packages/ht_strap_package/config.py to config.cpython-38.pyc
[0.491s] running install_data
[0.491s] copying launch/ht_gazebo_package.launch.py -> /home/temurtas/INS-GPS-ROS2/install/ht_strap_package/share/ht_strap_package/launch
[0.491s] running install_egg_info
[0.493s] removing '/home/temurtas/INS-GPS-ROS2/install/ht_strap_package/lib/python3.8/site-packages/ht_strap_package-0.0.0-py3.8.egg-info' (and everything under it)
[0.493s] Copying ../../build/ht_strap_package/ht_strap_package.egg-info to /home/temurtas/INS-GPS-ROS2/install/ht_strap_package/lib/python3.8/site-packages/ht_strap_package-0.0.0-py3.8.egg-info
[0.494s] running install_scripts
[0.510s] Installing gps_data_publisher_node script to /home/temurtas/INS-GPS-ROS2/install/ht_strap_package/lib/ht_strap_package
[0.510s] Installing imu_data_converter_node script to /home/temurtas/INS-GPS-ROS2/install/ht_strap_package/lib/ht_strap_package
[0.510s] Installing imu_data_publisher_node script to /home/temurtas/INS-GPS-ROS2/install/ht_strap_package/lib/ht_strap_package
[0.510s] Installing ins_gps_node script to /home/temurtas/INS-GPS-ROS2/install/ht_strap_package/lib/ht_strap_package
[0.511s] Installing listener script to /home/temurtas/INS-GPS-ROS2/install/ht_strap_package/lib/ht_strap_package
[0.511s] Installing my_teleop script to /home/temurtas/INS-GPS-ROS2/install/ht_strap_package/lib/ht_strap_package
[0.511s] Installing strap_node script to /home/temurtas/INS-GPS-ROS2/install/ht_strap_package/lib/ht_strap_package
[0.511s] Installing strap_w_kalman_node script to /home/temurtas/INS-GPS-ROS2/install/ht_strap_package/lib/ht_strap_package
[0.511s] writing list of installed files to '/home/temurtas/INS-GPS-ROS2/build/ht_strap_package/install.log'
[0.540s] Invoked command in '/home/temurtas/INS-GPS-ROS2/src/ht_strap_package' returned '0': PYTHONPATH=/home/temurtas/INS-GPS-ROS2/install/ht_strap_package/lib/python3.8/site-packages:/home/temurtas/INS-GPS-ROS2/install/ht_nav_variables/lib/python3.8/site-packages:/home/temurtas/INS-GPS-ROS2/install/ht_strap_package/lib/python3.8/site-packages:/home/temurtas/kobra_mk2_ws/install/turtlesim/lib/python3.8/site-packages:/home/temurtas/kobra_mk2_ws/install/teleop_twist_keyboard/lib/python3.8/site-packages:/home/temurtas/kobra_mk2_ws/install/my_teleop/lib/python3.8/site-packages:/home/temurtas/kobra_mk2_ws/install/cmd_vel_pub/lib/python3.8/site-packages:/home/temurtas/kobra_mk2_ws/install/cmd_acc_pub/lib/python3.8/site-packages:/home/temurtas/ws/build/opencv_tests:/home/temurtas/ws/install/opencv_tests/lib/python3.8/site-packages:/home/temurtas/ws/install/image_geometry/lib/python3.8/site-packages:/home/temurtas/ws/install/gazebo_ros/lib/python3.8/site-packages:/home/temurtas/ws/install/gazebo_msgs/lib/python3.8/site-packages:/home/temurtas/ws/install/cv_bridge/lib/python3.8/site-packages:/opt/ros/foxy/lib/python3.8/site-packages /usr/bin/python3 setup.py egg_info --egg-base ../../build/ht_strap_package build --build-base /home/temurtas/INS-GPS-ROS2/build/ht_strap_package/build install --prefix /home/temurtas/INS-GPS-ROS2/install/ht_strap_package --record /home/temurtas/INS-GPS-ROS2/build/ht_strap_package/install.log --single-version-externally-managed
