[0.232s] Invoking command in '/home/temurtas/INS-GPS-ROS2/src/ht_strap_package': PYTHONPATH=/home/temurtas/INS-GPS-ROS2/install/ht_strap_package/lib/python3.8/site-packages:${PYTHONPATH} /usr/bin/python3 setup.py egg_info --egg-base ../../build/ht_strap_package build --build-base /home/temurtas/INS-GPS-ROS2/build/ht_strap_package/build install --prefix /home/temurtas/INS-GPS-ROS2/install/ht_strap_package --record /home/temurtas/INS-GPS-ROS2/build/ht_strap_package/install.log --single-version-externally-managed
[0.406s] running egg_info
[0.406s] writing ../../build/ht_strap_package/ht_strap_package.egg-info/PKG-INFO
[0.407s] writing dependency_links to ../../build/ht_strap_package/ht_strap_package.egg-info/dependency_links.txt
[0.407s] writing entry points to ../../build/ht_strap_package/ht_strap_package.egg-info/entry_points.txt
[0.407s] writing requirements to ../../build/ht_strap_package/ht_strap_package.egg-info/requires.txt
[0.407s] writing top-level names to ../../build/ht_strap_package/ht_strap_package.egg-info/top_level.txt
[0.437s] reading manifest file '../../build/ht_strap_package/ht_strap_package.egg-info/SOURCES.txt'
[0.438s] writing manifest file '../../build/ht_strap_package/ht_strap_package.egg-info/SOURCES.txt'
[0.439s] running build
[0.439s] running build_py
[0.439s] copying ht_strap_package/subscriber_member_function.py -> /home/temurtas/INS-GPS-ROS2/build/ht_strap_package/build/lib/ht_strap_package
[0.439s] copying ht_strap_package/ht_pub_sub_deneme.py -> /home/temurtas/INS-GPS-ROS2/build/ht_strap_package/build/lib/ht_strap_package
[0.439s] copying ht_strap_package/publisher_member_function.py -> /home/temurtas/INS-GPS-ROS2/build/ht_strap_package/build/lib/ht_strap_package
[0.439s] running install
[0.440s] running install_lib
[0.441s] copying /home/temurtas/INS-GPS-ROS2/build/ht_strap_package/build/lib/ht_strap_package/subscriber_member_function.py -> /home/temurtas/INS-GPS-ROS2/install/ht_strap_package/lib/python3.8/site-packages/ht_strap_package
[0.441s] copying /home/temurtas/INS-GPS-ROS2/build/ht_strap_package/build/lib/ht_strap_package/ht_pub_sub_deneme.py -> /home/temurtas/INS-GPS-ROS2/install/ht_strap_package/lib/python3.8/site-packages/ht_strap_package
[0.441s] copying /home/temurtas/INS-GPS-ROS2/build/ht_strap_package/build/lib/ht_strap_package/publisher_member_function.py -> /home/temurtas/INS-GPS-ROS2/install/ht_strap_package/lib/python3.8/site-packages/ht_strap_package
[0.442s] byte-compiling /home/temurtas/INS-GPS-ROS2/install/ht_strap_package/lib/python3.8/site-packages/ht_strap_package/subscriber_member_function.py to subscriber_member_function.cpython-38.pyc
[0.443s] byte-compiling /home/temurtas/INS-GPS-ROS2/install/ht_strap_package/lib/python3.8/site-packages/ht_strap_package/ht_pub_sub_deneme.py to ht_pub_sub_deneme.cpython-38.pyc
[0.443s] byte-compiling /home/temurtas/INS-GPS-ROS2/install/ht_strap_package/lib/python3.8/site-packages/ht_strap_package/publisher_member_function.py to publisher_member_function.cpython-38.pyc
[0.444s] running install_data
[0.444s] running install_egg_info
[0.446s] removing '/home/temurtas/INS-GPS-ROS2/install/ht_strap_package/lib/python3.8/site-packages/ht_strap_package-0.0.0-py3.8.egg-info' (and everything under it)
[0.446s] Copying ../../build/ht_strap_package/ht_strap_package.egg-info to /home/temurtas/INS-GPS-ROS2/install/ht_strap_package/lib/python3.8/site-packages/ht_strap_package-0.0.0-py3.8.egg-info
[0.447s] running install_scripts
[0.462s] Installing listener script to /home/temurtas/INS-GPS-ROS2/install/ht_strap_package/lib/ht_strap_package
[0.462s] Installing middle_man script to /home/temurtas/INS-GPS-ROS2/install/ht_strap_package/lib/ht_strap_package
[0.462s] Installing talker script to /home/temurtas/INS-GPS-ROS2/install/ht_strap_package/lib/ht_strap_package
[0.462s] writing list of installed files to '/home/temurtas/INS-GPS-ROS2/build/ht_strap_package/install.log'
[0.487s] Invoked command in '/home/temurtas/INS-GPS-ROS2/src/ht_strap_package' returned '0': PYTHONPATH=/home/temurtas/INS-GPS-ROS2/install/ht_strap_package/lib/python3.8/site-packages:${PYTHONPATH} /usr/bin/python3 setup.py egg_info --egg-base ../../build/ht_strap_package build --build-base /home/temurtas/INS-GPS-ROS2/build/ht_strap_package/build install --prefix /home/temurtas/INS-GPS-ROS2/install/ht_strap_package --record /home/temurtas/INS-GPS-ROS2/build/ht_strap_package/install.log --single-version-externally-managed
