[0.590s] Invoking command in '/home/temur/INS-GPS-ROS2/src/ht_strap_package': PYTHONPATH=/home/temur/INS-GPS-ROS2/install/ht_strap_package/lib/python3.8/site-packages:/home/temur/INS-GPS-ROS2/install/ht_nav_variables/lib/python3.8/site-packages:/home/temur/INS-GPS-ROS2/install/ht_strap_package/lib/python3.8/site-packages:/opt/ros/foxy/lib/python3.8/site-packages /usr/bin/python3 setup.py egg_info --egg-base ../../build/ht_strap_package build --build-base /home/temur/INS-GPS-ROS2/build/ht_strap_package/build install --prefix /home/temur/INS-GPS-ROS2/install/ht_strap_package --record /home/temur/INS-GPS-ROS2/build/ht_strap_package/install.log --single-version-externally-managed
[0.757s] running egg_info
[0.758s] writing ../../build/ht_strap_package/ht_strap_package.egg-info/PKG-INFO
[0.758s] writing dependency_links to ../../build/ht_strap_package/ht_strap_package.egg-info/dependency_links.txt
[0.758s] writing entry points to ../../build/ht_strap_package/ht_strap_package.egg-info/entry_points.txt
[0.759s] writing requirements to ../../build/ht_strap_package/ht_strap_package.egg-info/requires.txt
[0.759s] writing top-level names to ../../build/ht_strap_package/ht_strap_package.egg-info/top_level.txt
[0.792s] reading manifest file '../../build/ht_strap_package/ht_strap_package.egg-info/SOURCES.txt'
[0.793s] writing manifest file '../../build/ht_strap_package/ht_strap_package.egg-info/SOURCES.txt'
[0.793s] running build
[0.793s] running build_py
[0.794s] copying ht_strap_package/robot_listener_function.py -> /home/temur/INS-GPS-ROS2/build/ht_strap_package/build/lib/ht_strap_package
[0.795s] running install
[0.796s] running install_lib
[0.797s] copying /home/temur/INS-GPS-ROS2/build/ht_strap_package/build/lib/ht_strap_package/robot_listener_function.py -> /home/temur/INS-GPS-ROS2/install/ht_strap_package/lib/python3.8/site-packages/ht_strap_package
[0.798s] byte-compiling /home/temur/INS-GPS-ROS2/install/ht_strap_package/lib/python3.8/site-packages/ht_strap_package/robot_listener_function.py to robot_listener_function.cpython-38.pyc
[0.803s] running install_data
[0.804s] running install_egg_info
[0.805s] removing '/home/temur/INS-GPS-ROS2/install/ht_strap_package/lib/python3.8/site-packages/ht_strap_package-0.0.0-py3.8.egg-info' (and everything under it)
[0.805s] Copying ../../build/ht_strap_package/ht_strap_package.egg-info to /home/temur/INS-GPS-ROS2/install/ht_strap_package/lib/python3.8/site-packages/ht_strap_package-0.0.0-py3.8.egg-info
[0.806s] running install_scripts
[0.821s] Installing data_collector script to /home/temur/INS-GPS-ROS2/install/ht_strap_package/lib/ht_strap_package
[0.822s] Installing gps_data_converter_node script to /home/temur/INS-GPS-ROS2/install/ht_strap_package/lib/ht_strap_package
[0.822s] Installing gps_data_publisher_node script to /home/temur/INS-GPS-ROS2/install/ht_strap_package/lib/ht_strap_package
[0.822s] Installing ideal_gps_data_converter_node script to /home/temur/INS-GPS-ROS2/install/ht_strap_package/lib/ht_strap_package
[0.823s] Installing imu_data_converter_node script to /home/temur/INS-GPS-ROS2/install/ht_strap_package/lib/ht_strap_package
[0.823s] Installing imu_data_ideal_converter_node script to /home/temur/INS-GPS-ROS2/install/ht_strap_package/lib/ht_strap_package
[0.823s] Installing imu_data_publisher_node script to /home/temur/INS-GPS-ROS2/install/ht_strap_package/lib/ht_strap_package
[0.823s] Installing ins_gps_node script to /home/temur/INS-GPS-ROS2/install/ht_strap_package/lib/ht_strap_package
[0.824s] Installing listener script to /home/temur/INS-GPS-ROS2/install/ht_strap_package/lib/ht_strap_package
[0.824s] Installing my_teleop script to /home/temur/INS-GPS-ROS2/install/ht_strap_package/lib/ht_strap_package
[0.824s] Installing pseudo_controller script to /home/temur/INS-GPS-ROS2/install/ht_strap_package/lib/ht_strap_package
[0.825s] Installing robot_listener script to /home/temur/INS-GPS-ROS2/install/ht_strap_package/lib/ht_strap_package
[0.825s] Installing robot_state_listener script to /home/temur/INS-GPS-ROS2/install/ht_strap_package/lib/ht_strap_package
[0.825s] Installing strap_ideal_node script to /home/temur/INS-GPS-ROS2/install/ht_strap_package/lib/ht_strap_package
[0.825s] Installing strap_ins_gps_cartesian_node script to /home/temur/INS-GPS-ROS2/install/ht_strap_package/lib/ht_strap_package
[0.826s] Installing strap_ins_gps_cartesian_pv_node script to /home/temur/INS-GPS-ROS2/install/ht_strap_package/lib/ht_strap_package
[0.826s] Installing strap_ins_gps_node script to /home/temur/INS-GPS-ROS2/install/ht_strap_package/lib/ht_strap_package
[0.826s] Installing strap_node script to /home/temur/INS-GPS-ROS2/install/ht_strap_package/lib/ht_strap_package
[0.826s] Installing strap_onlyins_node script to /home/temur/INS-GPS-ROS2/install/ht_strap_package/lib/ht_strap_package
[0.826s] Installing strap_w_kalman_node script to /home/temur/INS-GPS-ROS2/install/ht_strap_package/lib/ht_strap_package
[0.826s] Installing teleop_constant script to /home/temur/INS-GPS-ROS2/install/ht_strap_package/lib/ht_strap_package
[0.826s] Installing teleop_controller script to /home/temur/INS-GPS-ROS2/install/ht_strap_package/lib/ht_strap_package
[0.827s] Installing tire_force_calc_node script to /home/temur/INS-GPS-ROS2/install/ht_strap_package/lib/ht_strap_package
[0.827s] writing list of installed files to '/home/temur/INS-GPS-ROS2/build/ht_strap_package/install.log'
[0.859s] Invoked command in '/home/temur/INS-GPS-ROS2/src/ht_strap_package' returned '0': PYTHONPATH=/home/temur/INS-GPS-ROS2/install/ht_strap_package/lib/python3.8/site-packages:/home/temur/INS-GPS-ROS2/install/ht_nav_variables/lib/python3.8/site-packages:/home/temur/INS-GPS-ROS2/install/ht_strap_package/lib/python3.8/site-packages:/opt/ros/foxy/lib/python3.8/site-packages /usr/bin/python3 setup.py egg_info --egg-base ../../build/ht_strap_package build --build-base /home/temur/INS-GPS-ROS2/build/ht_strap_package/build install --prefix /home/temur/INS-GPS-ROS2/install/ht_strap_package --record /home/temur/INS-GPS-ROS2/build/ht_strap_package/install.log --single-version-externally-managed
