[0.030s] Invoking command in '/home/temur/INS-GPS-ROS2/build/ht_nav_variables': CMAKE_PREFIX_PATH=${CMAKE_PREFIX_PATH}:/home/temur/INS-GPS-ROS2/install/ht_strap_package:/opt/ros/foxy /usr/bin/cmake --build /home/temur/INS-GPS-ROS2/build/ht_nav_variables -- -j12 -l12
[0.135s] [  0%] Built target ht_nav_variables__cpp
[0.139s] [ 12%] Built target ht_nav_variables__rosidl_generator_c
[0.177s] [ 24%] Built target ht_nav_variables__rosidl_typesupport_cpp
[0.179s] [ 36%] Built target ht_nav_variables__rosidl_typesupport_introspection_cpp
[0.180s] [ 58%] Built target ht_nav_variables__rosidl_typesupport_c
[0.181s] [ 60%] Built target ht_nav_variables__rosidl_typesupport_introspection_c
[0.187s] [ 72%] Built target ht_nav_variables__rosidl_typesupport_fastrtps_cpp
[0.245s] [ 84%] Built target ht_nav_variables__rosidl_typesupport_fastrtps_c
[0.281s] [ 84%] Built target ht_nav_variables
[0.320s] [ 85%] Built target ht_nav_variables__py
[0.385s] [ 96%] Built target ht_nav_variables__python
[0.431s] [ 97%] Built target ht_nav_variables__rosidl_typesupport_fastrtps_c__pyext
[0.432s] [ 99%] Built target ht_nav_variables__rosidl_typesupport_introspection_c__pyext
[0.434s] [100%] Built target ht_nav_variables__rosidl_typesupport_c__pyext
[0.458s] Invoked command in '/home/temur/INS-GPS-ROS2/build/ht_nav_variables' returned '0': CMAKE_PREFIX_PATH=${CMAKE_PREFIX_PATH}:/home/temur/INS-GPS-ROS2/install/ht_strap_package:/opt/ros/foxy /usr/bin/cmake --build /home/temur/INS-GPS-ROS2/build/ht_nav_variables -- -j12 -l12
[0.865s] Invoking command in '/home/temur/INS-GPS-ROS2/build/ht_nav_variables': CMAKE_PREFIX_PATH=${CMAKE_PREFIX_PATH}:/home/temur/INS-GPS-ROS2/install/ht_strap_package:/opt/ros/foxy /usr/bin/cmake --install /home/temur/INS-GPS-ROS2/build/ht_nav_variables
[0.880s] -- Install configuration: ""
[0.881s] -- Up-to-date: /home/temur/INS-GPS-ROS2/install/ht_nav_variables/share/ament_index/resource_index/rosidl_interfaces/ht_nav_variables
[0.882s] -- Up-to-date: /home/temur/INS-GPS-ROS2/install/ht_nav_variables/include/ht_nav_variables
[0.883s] -- Up-to-date: /home/temur/INS-GPS-ROS2/install/ht_nav_variables/include/ht_nav_variables/msg
[0.883s] -- Up-to-date: /home/temur/INS-GPS-ROS2/install/ht_nav_variables/include/ht_nav_variables/msg/ht_nav_imu_data.h
[0.884s] -- Up-to-date: /home/temur/INS-GPS-ROS2/install/ht_nav_variables/include/ht_nav_variables/msg/ht_nav_vector3.h
[0.884s] -- Up-to-date: /home/temur/INS-GPS-ROS2/install/ht_nav_variables/include/ht_nav_variables/msg/detail
[0.884s] -- Up-to-date: /home/temur/INS-GPS-ROS2/install/ht_nav_variables/include/ht_nav_variables/msg/detail/ht_nav_strap_out__functions.h
[0.884s] -- Up-to-date: /home/temur/INS-GPS-ROS2/install/ht_nav_variables/include/ht_nav_variables/msg/detail/ht_nav_imu_data__struct.h
[0.884s] -- Up-to-date: /home/temur/INS-GPS-ROS2/install/ht_nav_variables/include/ht_nav_variables/msg/detail/ht_nav_error_vector__functions.h
[0.885s] -- Up-to-date: /home/temur/INS-GPS-ROS2/install/ht_nav_variables/include/ht_nav_variables/msg/detail/ht_nav_tire_out__functions.c
[0.885s] -- Up-to-date: /home/temur/INS-GPS-ROS2/install/ht_nav_variables/include/ht_nav_variables/msg/detail/ht_nav_error_vector__type_support.h
[0.885s] -- Up-to-date: /home/temur/INS-GPS-ROS2/install/ht_nav_variables/include/ht_nav_variables/msg/detail/ht_nav_wheel_vector__functions.c
[0.885s] -- Up-to-date: /home/temur/INS-GPS-ROS2/install/ht_nav_variables/include/ht_nav_variables/msg/detail/ht_nav_point__struct.h
[0.886s] -- Up-to-date: /home/temur/INS-GPS-ROS2/install/ht_nav_variables/include/ht_nav_variables/msg/detail/ht_nav_quaternion__functions.c
[0.886s] -- Up-to-date: /home/temur/INS-GPS-ROS2/install/ht_nav_variables/include/ht_nav_variables/msg/detail/ht_nav_deneme__type_support.h
[0.886s] -- Up-to-date: /home/temur/INS-GPS-ROS2/install/ht_nav_variables/include/ht_nav_variables/msg/detail/ht_nav_joint_state__functions.c
[0.886s] -- Up-to-date: /home/temur/INS-GPS-ROS2/install/ht_nav_variables/include/ht_nav_variables/msg/detail/ht_nav_gps_data__functions.h
[0.887s] -- Up-to-date: /home/temur/INS-GPS-ROS2/install/ht_nav_variables/include/ht_nav_variables/msg/detail/ht_nav_gps_data__functions.c
[0.887s] -- Up-to-date: /home/temur/INS-GPS-ROS2/install/ht_nav_variables/include/ht_nav_variables/msg/detail/ht_nav_kalman_out__type_support.h
[0.887s] -- Up-to-date: /home/temur/INS-GPS-ROS2/install/ht_nav_variables/include/ht_nav_variables/msg/detail/ht_nav_wheel_vector__functions.h
[0.887s] -- Up-to-date: /home/temur/INS-GPS-ROS2/install/ht_nav_variables/include/ht_nav_variables/msg/detail/ht_nav_kalman_out__functions.h
[0.888s] -- Up-to-date: /home/temur/INS-GPS-ROS2/install/ht_nav_variables/include/ht_nav_variables/msg/detail/ht_nav_strap_out__type_support.h
[0.888s] -- Up-to-date: /home/temur/INS-GPS-ROS2/install/ht_nav_variables/include/ht_nav_variables/msg/detail/ht_nav_tire_out__functions.h
[0.888s] -- Up-to-date: /home/temur/INS-GPS-ROS2/install/ht_nav_variables/include/ht_nav_variables/msg/detail/ht_nav_deneme__functions.c
[0.888s] -- Up-to-date: /home/temur/INS-GPS-ROS2/install/ht_nav_variables/include/ht_nav_variables/msg/detail/ht_nav_euler__type_support.h
[0.888s] -- Up-to-date: /home/temur/INS-GPS-ROS2/install/ht_nav_variables/include/ht_nav_variables/msg/detail/ht_nav_joint_state__functions.h
[0.889s] -- Up-to-date: /home/temur/INS-GPS-ROS2/install/ht_nav_variables/include/ht_nav_variables/msg/detail/ht_nav_joint_state__struct.h
[0.889s] -- Up-to-date: /home/temur/INS-GPS-ROS2/install/ht_nav_variables/include/ht_nav_variables/msg/detail/ht_nav_error_vector__struct.h
[0.889s] -- Up-to-date: /home/temur/INS-GPS-ROS2/install/ht_nav_variables/include/ht_nav_variables/msg/detail/ht_nav_imu_data__functions.h
[0.889s] -- Up-to-date: /home/temur/INS-GPS-ROS2/install/ht_nav_variables/include/ht_nav_variables/msg/detail/ht_nav_deneme__functions.h
[0.890s] -- Up-to-date: /home/temur/INS-GPS-ROS2/install/ht_nav_variables/include/ht_nav_variables/msg/detail/ht_nav_vector3__type_support.h
[0.890s] -- Up-to-date: /home/temur/INS-GPS-ROS2/install/ht_nav_variables/include/ht_nav_variables/msg/detail/ht_nav_point__type_support.h
[0.890s] -- Up-to-date: /home/temur/INS-GPS-ROS2/install/ht_nav_variables/include/ht_nav_variables/msg/detail/ht_nav_tire_out__type_support.h
[0.891s] -- Up-to-date: /home/temur/INS-GPS-ROS2/install/ht_nav_variables/include/ht_nav_variables/msg/detail/ht_nav_euler__functions.c
[0.892s] -- Up-to-date: /home/temur/INS-GPS-ROS2/install/ht_nav_variables/include/ht_nav_variables/msg/detail/ht_nav_kalman_out__functions.c
[0.892s] -- Up-to-date: /home/temur/INS-GPS-ROS2/install/ht_nav_variables/include/ht_nav_variables/msg/detail/ht_nav_quaternion__struct.h
[0.892s] -- Up-to-date: /home/temur/INS-GPS-ROS2/install/ht_nav_variables/include/ht_nav_variables/msg/detail/ht_nav_point__functions.h
[0.892s] -- Up-to-date: /home/temur/INS-GPS-ROS2/install/ht_nav_variables/include/ht_nav_variables/msg/detail/ht_nav_vector3__functions.c
[0.892s] -- Up-to-date: /home/temur/INS-GPS-ROS2/install/ht_nav_variables/include/ht_nav_variables/msg/detail/ht_nav_joint_state__type_support.h
[0.892s] -- Up-to-date: /home/temur/INS-GPS-ROS2/install/ht_nav_variables/include/ht_nav_variables/msg/detail/ht_nav_strap_out__functions.c
[0.892s] -- Up-to-date: /home/temur/INS-GPS-ROS2/install/ht_nav_variables/include/ht_nav_variables/msg/detail/ht_nav_gps_data__struct.h
[0.893s] -- Up-to-date: /home/temur/INS-GPS-ROS2/install/ht_nav_variables/include/ht_nav_variables/msg/detail/ht_nav_vector3__struct.h
[0.893s] -- Up-to-date: /home/temur/INS-GPS-ROS2/install/ht_nav_variables/include/ht_nav_variables/msg/detail/ht_nav_tire_out__struct.h
[0.893s] -- Up-to-date: /home/temur/INS-GPS-ROS2/install/ht_nav_variables/include/ht_nav_variables/msg/detail/ht_nav_euler__functions.h
[0.893s] -- Up-to-date: /home/temur/INS-GPS-ROS2/install/ht_nav_variables/include/ht_nav_variables/msg/detail/ht_nav_strap_out__struct.h
[0.893s] -- Up-to-date: /home/temur/INS-GPS-ROS2/install/ht_nav_variables/include/ht_nav_variables/msg/detail/ht_nav_point__functions.c
[0.893s] -- Up-to-date: /home/temur/INS-GPS-ROS2/install/ht_nav_variables/include/ht_nav_variables/msg/detail/ht_nav_vector3__functions.h
[0.894s] -- Up-to-date: /home/temur/INS-GPS-ROS2/install/ht_nav_variables/include/ht_nav_variables/msg/detail/ht_nav_quaternion__functions.h
[0.894s] -- Up-to-date: /home/temur/INS-GPS-ROS2/install/ht_nav_variables/include/ht_nav_variables/msg/detail/ht_nav_error_vector__functions.c
[0.894s] -- Up-to-date: /home/temur/INS-GPS-ROS2/install/ht_nav_variables/include/ht_nav_variables/msg/detail/ht_nav_deneme__struct.h
[0.894s] -- Up-to-date: /home/temur/INS-GPS-ROS2/install/ht_nav_variables/include/ht_nav_variables/msg/detail/ht_nav_euler__struct.h
[0.894s] -- Up-to-date: /home/temur/INS-GPS-ROS2/install/ht_nav_variables/include/ht_nav_variables/msg/detail/ht_nav_imu_data__functions.c
[0.895s] -- Up-to-date: /home/temur/INS-GPS-ROS2/install/ht_nav_variables/include/ht_nav_variables/msg/detail/ht_nav_wheel_vector__struct.h
[0.895s] -- Up-to-date: /home/temur/INS-GPS-ROS2/install/ht_nav_variables/include/ht_nav_variables/msg/detail/ht_nav_wheel_vector__type_support.h
[0.895s] -- Up-to-date: /home/temur/INS-GPS-ROS2/install/ht_nav_variables/include/ht_nav_variables/msg/detail/ht_nav_imu_data__type_support.h
[0.895s] -- Up-to-date: /home/temur/INS-GPS-ROS2/install/ht_nav_variables/include/ht_nav_variables/msg/detail/ht_nav_kalman_out__struct.h
[0.895s] -- Up-to-date: /home/temur/INS-GPS-ROS2/install/ht_nav_variables/include/ht_nav_variables/msg/detail/ht_nav_gps_data__type_support.h
[0.895s] -- Up-to-date: /home/temur/INS-GPS-ROS2/install/ht_nav_variables/include/ht_nav_variables/msg/detail/ht_nav_quaternion__type_support.h
[0.895s] -- Up-to-date: /home/temur/INS-GPS-ROS2/install/ht_nav_variables/include/ht_nav_variables/msg/ht_nav_wheel_vector.h
[0.896s] -- Up-to-date: /home/temur/INS-GPS-ROS2/install/ht_nav_variables/include/ht_nav_variables/msg/ht_nav_quaternion.h
[0.896s] -- Up-to-date: /home/temur/INS-GPS-ROS2/install/ht_nav_variables/include/ht_nav_variables/msg/ht_nav_strap_out.h
[0.896s] -- Up-to-date: /home/temur/INS-GPS-ROS2/install/ht_nav_variables/include/ht_nav_variables/msg/ht_nav_kalman_out.h
[0.896s] -- Up-to-date: /home/temur/INS-GPS-ROS2/install/ht_nav_variables/include/ht_nav_variables/msg/ht_nav_error_vector.h
[0.896s] -- Up-to-date: /home/temur/INS-GPS-ROS2/install/ht_nav_variables/include/ht_nav_variables/msg/ht_nav_deneme.h
[0.896s] -- Up-to-date: /home/temur/INS-GPS-ROS2/install/ht_nav_variables/include/ht_nav_variables/msg/ht_nav_gps_data.h
[0.896s] -- Up-to-date: /home/temur/INS-GPS-ROS2/install/ht_nav_variables/include/ht_nav_variables/msg/rosidl_generator_c__visibility_control.h
[0.896s] -- Up-to-date: /home/temur/INS-GPS-ROS2/install/ht_nav_variables/include/ht_nav_variables/msg/ht_nav_point.h
[0.897s] -- Up-to-date: /home/temur/INS-GPS-ROS2/install/ht_nav_variables/include/ht_nav_variables/msg/ht_nav_euler.h
[0.897s] -- Up-to-date: /home/temur/INS-GPS-ROS2/install/ht_nav_variables/include/ht_nav_variables/msg/ht_nav_joint_state.h
[0.897s] -- Up-to-date: /home/temur/INS-GPS-ROS2/install/ht_nav_variables/include/ht_nav_variables/msg/ht_nav_tire_out.h
[0.897s] -- Up-to-date: /home/temur/INS-GPS-ROS2/install/ht_nav_variables/share/ht_nav_variables/environment/library_path.sh
[0.897s] -- Up-to-date: /home/temur/INS-GPS-ROS2/install/ht_nav_variables/share/ht_nav_variables/environment/library_path.dsv
[0.897s] -- Up-to-date: /home/temur/INS-GPS-ROS2/install/ht_nav_variables/lib/libht_nav_variables__rosidl_generator_c.so
[0.897s] -- Up-to-date: /home/temur/INS-GPS-ROS2/install/ht_nav_variables/include/ht_nav_variables
[0.898s] -- Up-to-date: /home/temur/INS-GPS-ROS2/install/ht_nav_variables/include/ht_nav_variables/msg
[0.898s] -- Up-to-date: /home/temur/INS-GPS-ROS2/install/ht_nav_variables/include/ht_nav_variables/msg/detail
[0.898s] -- Up-to-date: /home/temur/INS-GPS-ROS2/install/ht_nav_variables/include/ht_nav_variables/msg/detail/ht_nav_point__rosidl_typesupport_fastrtps_c.h
[0.898s] -- Up-to-date: /home/temur/INS-GPS-ROS2/install/ht_nav_variables/include/ht_nav_variables/msg/detail/ht_nav_strap_out__rosidl_typesupport_fastrtps_c.h
[0.898s] -- Up-to-date: /home/temur/INS-GPS-ROS2/install/ht_nav_variables/include/ht_nav_variables/msg/detail/ht_nav_quaternion__rosidl_typesupport_fastrtps_c.h
[0.898s] -- Up-to-date: /home/temur/INS-GPS-ROS2/install/ht_nav_variables/include/ht_nav_variables/msg/detail/ht_nav_imu_data__rosidl_typesupport_fastrtps_c.h
[0.899s] -- Up-to-date: /home/temur/INS-GPS-ROS2/install/ht_nav_variables/include/ht_nav_variables/msg/detail/ht_nav_gps_data__rosidl_typesupport_fastrtps_c.h
[0.899s] -- Up-to-date: /home/temur/INS-GPS-ROS2/install/ht_nav_variables/include/ht_nav_variables/msg/detail/ht_nav_joint_state__rosidl_typesupport_fastrtps_c.h
[0.899s] -- Up-to-date: /home/temur/INS-GPS-ROS2/install/ht_nav_variables/include/ht_nav_variables/msg/detail/ht_nav_kalman_out__rosidl_typesupport_fastrtps_c.h
[0.899s] -- Up-to-date: /home/temur/INS-GPS-ROS2/install/ht_nav_variables/include/ht_nav_variables/msg/detail/ht_nav_euler__rosidl_typesupport_fastrtps_c.h
[0.899s] -- Up-to-date: /home/temur/INS-GPS-ROS2/install/ht_nav_variables/include/ht_nav_variables/msg/detail/ht_nav_tire_out__rosidl_typesupport_fastrtps_c.h
[0.899s] -- Up-to-date: /home/temur/INS-GPS-ROS2/install/ht_nav_variables/include/ht_nav_variables/msg/detail/ht_nav_wheel_vector__rosidl_typesupport_fastrtps_c.h
[0.900s] -- Up-to-date: /home/temur/INS-GPS-ROS2/install/ht_nav_variables/include/ht_nav_variables/msg/detail/ht_nav_error_vector__rosidl_typesupport_fastrtps_c.h
[0.900s] -- Up-to-date: /home/temur/INS-GPS-ROS2/install/ht_nav_variables/include/ht_nav_variables/msg/detail/ht_nav_deneme__rosidl_typesupport_fastrtps_c.h
[0.900s] -- Up-to-date: /home/temur/INS-GPS-ROS2/install/ht_nav_variables/include/ht_nav_variables/msg/detail/ht_nav_vector3__rosidl_typesupport_fastrtps_c.h
[0.900s] -- Up-to-date: /home/temur/INS-GPS-ROS2/install/ht_nav_variables/include/ht_nav_variables/msg/rosidl_typesupport_fastrtps_c__visibility_control.h
[0.900s] -- Up-to-date: /home/temur/INS-GPS-ROS2/install/ht_nav_variables/lib/libht_nav_variables__rosidl_typesupport_fastrtps_c.so
[0.900s] -- Up-to-date: /home/temur/INS-GPS-ROS2/install/ht_nav_variables/include/ht_nav_variables
[0.900s] -- Up-to-date: /home/temur/INS-GPS-ROS2/install/ht_nav_variables/include/ht_nav_variables/msg
[0.901s] -- Up-to-date: /home/temur/INS-GPS-ROS2/install/ht_nav_variables/include/ht_nav_variables/msg/detail
[0.901s] -- Up-to-date: /home/temur/INS-GPS-ROS2/install/ht_nav_variables/include/ht_nav_variables/msg/detail/ht_nav_error_vector__rosidl_typesupport_fastrtps_cpp.hpp
[0.901s] -- Up-to-date: /home/temur/INS-GPS-ROS2/install/ht_nav_variables/include/ht_nav_variables/msg/detail/ht_nav_kalman_out__rosidl_typesupport_fastrtps_cpp.hpp
[0.901s] -- Up-to-date: /home/temur/INS-GPS-ROS2/install/ht_nav_variables/include/ht_nav_variables/msg/detail/ht_nav_wheel_vector__rosidl_typesupport_fastrtps_cpp.hpp
[0.901s] -- Up-to-date: /home/temur/INS-GPS-ROS2/install/ht_nav_variables/include/ht_nav_variables/msg/detail/ht_nav_quaternion__rosidl_typesupport_fastrtps_cpp.hpp
[0.901s] -- Up-to-date: /home/temur/INS-GPS-ROS2/install/ht_nav_variables/include/ht_nav_variables/msg/detail/dds_fastrtps
[0.901s] -- Up-to-date: /home/temur/INS-GPS-ROS2/install/ht_nav_variables/include/ht_nav_variables/msg/detail/ht_nav_imu_data__rosidl_typesupport_fastrtps_cpp.hpp
[0.901s] -- Up-to-date: /home/temur/INS-GPS-ROS2/install/ht_nav_variables/include/ht_nav_variables/msg/detail/ht_nav_strap_out__rosidl_typesupport_fastrtps_cpp.hpp
[0.902s] -- Up-to-date: /home/temur/INS-GPS-ROS2/install/ht_nav_variables/include/ht_nav_variables/msg/detail/ht_nav_vector3__rosidl_typesupport_fastrtps_cpp.hpp
[0.902s] -- Up-to-date: /home/temur/INS-GPS-ROS2/install/ht_nav_variables/include/ht_nav_variables/msg/detail/ht_nav_euler__rosidl_typesupport_fastrtps_cpp.hpp
[0.902s] -- Up-to-date: /home/temur/INS-GPS-ROS2/install/ht_nav_variables/include/ht_nav_variables/msg/detail/ht_nav_gps_data__rosidl_typesupport_fastrtps_cpp.hpp
[0.902s] -- Up-to-date: /home/temur/INS-GPS-ROS2/install/ht_nav_variables/include/ht_nav_variables/msg/detail/ht_nav_joint_state__rosidl_typesupport_fastrtps_cpp.hpp
[0.902s] -- Up-to-date: /home/temur/INS-GPS-ROS2/install/ht_nav_variables/include/ht_nav_variables/msg/detail/ht_nav_tire_out__rosidl_typesupport_fastrtps_cpp.hpp
[0.903s] -- Up-to-date: /home/temur/INS-GPS-ROS2/install/ht_nav_variables/include/ht_nav_variables/msg/detail/ht_nav_point__rosidl_typesupport_fastrtps_cpp.hpp
[0.903s] -- Up-to-date: /home/temur/INS-GPS-ROS2/install/ht_nav_variables/include/ht_nav_variables/msg/detail/ht_nav_deneme__rosidl_typesupport_fastrtps_cpp.hpp
[0.903s] -- Up-to-date: /home/temur/INS-GPS-ROS2/install/ht_nav_variables/include/ht_nav_variables/msg/rosidl_typesupport_fastrtps_cpp__visibility_control.h
[0.903s] -- Up-to-date: /home/temur/INS-GPS-ROS2/install/ht_nav_variables/lib/libht_nav_variables__rosidl_typesupport_fastrtps_cpp.so
[0.903s] -- Up-to-date: /home/temur/INS-GPS-ROS2/install/ht_nav_variables/include/ht_nav_variables
[0.903s] -- Up-to-date: /home/temur/INS-GPS-ROS2/install/ht_nav_variables/include/ht_nav_variables/msg
[0.903s] -- Up-to-date: /home/temur/INS-GPS-ROS2/install/ht_nav_variables/include/ht_nav_variables/msg/detail
[0.903s] -- Up-to-date: /home/temur/INS-GPS-ROS2/install/ht_nav_variables/include/ht_nav_variables/msg/detail/ht_nav_tire_out__type_support.c
[0.904s] -- Up-to-date: /home/temur/INS-GPS-ROS2/install/ht_nav_variables/include/ht_nav_variables/msg/detail/ht_nav_gps_data__rosidl_typesupport_introspection_c.h
[0.904s] -- Up-to-date: /home/temur/INS-GPS-ROS2/install/ht_nav_variables/include/ht_nav_variables/msg/detail/ht_nav_gps_data__type_support.c
[0.904s] -- Up-to-date: /home/temur/INS-GPS-ROS2/install/ht_nav_variables/include/ht_nav_variables/msg/detail/ht_nav_joint_state__rosidl_typesupport_introspection_c.h
[0.904s] -- Up-to-date: /home/temur/INS-GPS-ROS2/install/ht_nav_variables/include/ht_nav_variables/msg/detail/ht_nav_joint_state__type_support.c
[0.904s] -- Up-to-date: /home/temur/INS-GPS-ROS2/install/ht_nav_variables/include/ht_nav_variables/msg/detail/ht_nav_vector3__rosidl_typesupport_introspection_c.h
[0.904s] -- Up-to-date: /home/temur/INS-GPS-ROS2/install/ht_nav_variables/include/ht_nav_variables/msg/detail/ht_nav_kalman_out__type_support.c
[0.904s] -- Up-to-date: /home/temur/INS-GPS-ROS2/install/ht_nav_variables/include/ht_nav_variables/msg/detail/ht_nav_imu_data__type_support.c
[0.905s] -- Up-to-date: /home/temur/INS-GPS-ROS2/install/ht_nav_variables/include/ht_nav_variables/msg/detail/ht_nav_kalman_out__rosidl_typesupport_introspection_c.h
[0.905s] -- Up-to-date: /home/temur/INS-GPS-ROS2/install/ht_nav_variables/include/ht_nav_variables/msg/detail/ht_nav_error_vector__type_support.c
[0.905s] -- Up-to-date: /home/temur/INS-GPS-ROS2/install/ht_nav_variables/include/ht_nav_variables/msg/detail/ht_nav_vector3__type_support.c
[0.905s] -- Up-to-date: /home/temur/INS-GPS-ROS2/install/ht_nav_variables/include/ht_nav_variables/msg/detail/ht_nav_strap_out__type_support.c
[0.905s] -- Up-to-date: /home/temur/INS-GPS-ROS2/install/ht_nav_variables/include/ht_nav_variables/msg/detail/ht_nav_wheel_vector__rosidl_typesupport_introspection_c.h
[0.905s] -- Up-to-date: /home/temur/INS-GPS-ROS2/install/ht_nav_variables/include/ht_nav_variables/msg/detail/ht_nav_strap_out__rosidl_typesupport_introspection_c.h
[0.905s] -- Up-to-date: /home/temur/INS-GPS-ROS2/install/ht_nav_variables/include/ht_nav_variables/msg/detail/ht_nav_euler__type_support.c
[0.905s] -- Up-to-date: /home/temur/INS-GPS-ROS2/install/ht_nav_variables/include/ht_nav_variables/msg/detail/ht_nav_deneme__rosidl_typesupport_introspection_c.h
[0.906s] -- Up-to-date: /home/temur/INS-GPS-ROS2/install/ht_nav_variables/include/ht_nav_variables/msg/detail/ht_nav_tire_out__rosidl_typesupport_introspection_c.h
[0.906s] -- Up-to-date: /home/temur/INS-GPS-ROS2/install/ht_nav_variables/include/ht_nav_variables/msg/detail/ht_nav_euler__rosidl_typesupport_introspection_c.h
[0.906s] -- Up-to-date: /home/temur/INS-GPS-ROS2/install/ht_nav_variables/include/ht_nav_variables/msg/detail/ht_nav_point__rosidl_typesupport_introspection_c.h
[0.906s] -- Up-to-date: /home/temur/INS-GPS-ROS2/install/ht_nav_variables/include/ht_nav_variables/msg/detail/ht_nav_wheel_vector__type_support.c
[0.906s] -- Up-to-date: /home/temur/INS-GPS-ROS2/install/ht_nav_variables/include/ht_nav_variables/msg/detail/ht_nav_quaternion__rosidl_typesupport_introspection_c.h
[0.906s] -- Up-to-date: /home/temur/INS-GPS-ROS2/install/ht_nav_variables/include/ht_nav_variables/msg/detail/ht_nav_error_vector__rosidl_typesupport_introspection_c.h
[0.907s] -- Up-to-date: /home/temur/INS-GPS-ROS2/install/ht_nav_variables/include/ht_nav_variables/msg/detail/ht_nav_point__type_support.c
[0.907s] -- Up-to-date: /home/temur/INS-GPS-ROS2/install/ht_nav_variables/include/ht_nav_variables/msg/detail/ht_nav_imu_data__rosidl_typesupport_introspection_c.h
[0.907s] -- Up-to-date: /home/temur/INS-GPS-ROS2/install/ht_nav_variables/include/ht_nav_variables/msg/detail/ht_nav_deneme__type_support.c
[0.908s] -- Up-to-date: /home/temur/INS-GPS-ROS2/install/ht_nav_variables/include/ht_nav_variables/msg/detail/ht_nav_quaternion__type_support.c
[0.908s] -- Up-to-date: /home/temur/INS-GPS-ROS2/install/ht_nav_variables/include/ht_nav_variables/msg/rosidl_typesupport_introspection_c__visibility_control.h
[0.908s] -- Up-to-date: /home/temur/INS-GPS-ROS2/install/ht_nav_variables/lib/libht_nav_variables__rosidl_typesupport_introspection_c.so
[0.908s] -- Up-to-date: /home/temur/INS-GPS-ROS2/install/ht_nav_variables/lib/libht_nav_variables__rosidl_typesupport_c.so
[0.908s] -- Up-to-date: /home/temur/INS-GPS-ROS2/install/ht_nav_variables/include/ht_nav_variables
[0.908s] -- Up-to-date: /home/temur/INS-GPS-ROS2/install/ht_nav_variables/include/ht_nav_variables/msg
[0.909s] -- Up-to-date: /home/temur/INS-GPS-ROS2/install/ht_nav_variables/include/ht_nav_variables/msg/ht_nav_wheel_vector.hpp
[0.909s] -- Up-to-date: /home/temur/INS-GPS-ROS2/install/ht_nav_variables/include/ht_nav_variables/msg/detail
[0.909s] -- Up-to-date: /home/temur/INS-GPS-ROS2/install/ht_nav_variables/include/ht_nav_variables/msg/detail/ht_nav_point__builder.hpp
[0.909s] -- Up-to-date: /home/temur/INS-GPS-ROS2/install/ht_nav_variables/include/ht_nav_variables/msg/detail/ht_nav_kalman_out__traits.hpp
[0.909s] -- Up-to-date: /home/temur/INS-GPS-ROS2/install/ht_nav_variables/include/ht_nav_variables/msg/detail/ht_nav_wheel_vector__struct.hpp
[0.909s] -- Up-to-date: /home/temur/INS-GPS-ROS2/install/ht_nav_variables/include/ht_nav_variables/msg/detail/ht_nav_gps_data__traits.hpp
[0.909s] -- Up-to-date: /home/temur/INS-GPS-ROS2/install/ht_nav_variables/include/ht_nav_variables/msg/detail/ht_nav_point__traits.hpp
[0.909s] -- Up-to-date: /home/temur/INS-GPS-ROS2/install/ht_nav_variables/include/ht_nav_variables/msg/detail/ht_nav_point__struct.hpp
[0.910s] -- Up-to-date: /home/temur/INS-GPS-ROS2/install/ht_nav_variables/include/ht_nav_variables/msg/detail/ht_nav_strap_out__builder.hpp
[0.910s] -- Up-to-date: /home/temur/INS-GPS-ROS2/install/ht_nav_variables/include/ht_nav_variables/msg/detail/ht_nav_imu_data__traits.hpp
[0.910s] -- Up-to-date: /home/temur/INS-GPS-ROS2/install/ht_nav_variables/include/ht_nav_variables/msg/detail/ht_nav_deneme__builder.hpp
[0.910s] -- Up-to-date: /home/temur/INS-GPS-ROS2/install/ht_nav_variables/include/ht_nav_variables/msg/detail/ht_nav_strap_out__traits.hpp
[0.910s] -- Up-to-date: /home/temur/INS-GPS-ROS2/install/ht_nav_variables/include/ht_nav_variables/msg/detail/ht_nav_euler__struct.hpp
[0.910s] -- Up-to-date: /home/temur/INS-GPS-ROS2/install/ht_nav_variables/include/ht_nav_variables/msg/detail/ht_nav_tire_out__builder.hpp
[0.911s] -- Up-to-date: /home/temur/INS-GPS-ROS2/install/ht_nav_variables/include/ht_nav_variables/msg/detail/ht_nav_strap_out__struct.hpp
[0.911s] -- Up-to-date: /home/temur/INS-GPS-ROS2/install/ht_nav_variables/include/ht_nav_variables/msg/detail/ht_nav_joint_state__struct.hpp
[0.911s] -- Up-to-date: /home/temur/INS-GPS-ROS2/install/ht_nav_variables/include/ht_nav_variables/msg/detail/ht_nav_gps_data__builder.hpp
[0.911s] -- Up-to-date: /home/temur/INS-GPS-ROS2/install/ht_nav_variables/include/ht_nav_variables/msg/detail/ht_nav_euler__builder.hpp
[0.911s] -- Up-to-date: /home/temur/INS-GPS-ROS2/install/ht_nav_variables/include/ht_nav_variables/msg/detail/ht_nav_gps_data__struct.hpp
[0.911s] -- Up-to-date: /home/temur/INS-GPS-ROS2/install/ht_nav_variables/include/ht_nav_variables/msg/detail/ht_nav_joint_state__traits.hpp
[0.911s] -- Up-to-date: /home/temur/INS-GPS-ROS2/install/ht_nav_variables/include/ht_nav_variables/msg/detail/ht_nav_error_vector__struct.hpp
[0.911s] -- Up-to-date: /home/temur/INS-GPS-ROS2/install/ht_nav_variables/include/ht_nav_variables/msg/detail/ht_nav_tire_out__traits.hpp
[0.911s] -- Up-to-date: /home/temur/INS-GPS-ROS2/install/ht_nav_variables/include/ht_nav_variables/msg/detail/ht_nav_wheel_vector__traits.hpp
[0.912s] -- Up-to-date: /home/temur/INS-GPS-ROS2/install/ht_nav_variables/include/ht_nav_variables/msg/detail/ht_nav_deneme__struct.hpp
[0.912s] -- Up-to-date: /home/temur/INS-GPS-ROS2/install/ht_nav_variables/include/ht_nav_variables/msg/detail/ht_nav_imu_data__builder.hpp
[0.912s] -- Up-to-date: /home/temur/INS-GPS-ROS2/install/ht_nav_variables/include/ht_nav_variables/msg/detail/ht_nav_quaternion__builder.hpp
[0.912s] -- Up-to-date: /home/temur/INS-GPS-ROS2/install/ht_nav_variables/include/ht_nav_variables/msg/detail/ht_nav_vector3__traits.hpp
[0.912s] -- Up-to-date: /home/temur/INS-GPS-ROS2/install/ht_nav_variables/include/ht_nav_variables/msg/detail/ht_nav_kalman_out__struct.hpp
[0.912s] -- Up-to-date: /home/temur/INS-GPS-ROS2/install/ht_nav_variables/include/ht_nav_variables/msg/detail/ht_nav_vector3__struct.hpp
[0.912s] -- Up-to-date: /home/temur/INS-GPS-ROS2/install/ht_nav_variables/include/ht_nav_variables/msg/detail/ht_nav_imu_data__struct.hpp
[0.912s] -- Up-to-date: /home/temur/INS-GPS-ROS2/install/ht_nav_variables/include/ht_nav_variables/msg/detail/ht_nav_quaternion__struct.hpp
[0.912s] -- Up-to-date: /home/temur/INS-GPS-ROS2/install/ht_nav_variables/include/ht_nav_variables/msg/detail/ht_nav_tire_out__struct.hpp
[0.912s] -- Up-to-date: /home/temur/INS-GPS-ROS2/install/ht_nav_variables/include/ht_nav_variables/msg/detail/ht_nav_deneme__traits.hpp
[0.912s] -- Up-to-date: /home/temur/INS-GPS-ROS2/install/ht_nav_variables/include/ht_nav_variables/msg/detail/ht_nav_kalman_out__builder.hpp
[0.912s] -- Up-to-date: /home/temur/INS-GPS-ROS2/install/ht_nav_variables/include/ht_nav_variables/msg/detail/ht_nav_vector3__builder.hpp
[0.913s] -- Up-to-date: /home/temur/INS-GPS-ROS2/install/ht_nav_variables/include/ht_nav_variables/msg/detail/ht_nav_euler__traits.hpp
[0.913s] -- Up-to-date: /home/temur/INS-GPS-ROS2/install/ht_nav_variables/include/ht_nav_variables/msg/detail/ht_nav_quaternion__traits.hpp
[0.913s] -- Up-to-date: /home/temur/INS-GPS-ROS2/install/ht_nav_variables/include/ht_nav_variables/msg/detail/ht_nav_wheel_vector__builder.hpp
[0.913s] -- Up-to-date: /home/temur/INS-GPS-ROS2/install/ht_nav_variables/include/ht_nav_variables/msg/detail/ht_nav_error_vector__builder.hpp
[0.913s] -- Up-to-date: /home/temur/INS-GPS-ROS2/install/ht_nav_variables/include/ht_nav_variables/msg/detail/ht_nav_error_vector__traits.hpp
[0.913s] -- Up-to-date: /home/temur/INS-GPS-ROS2/install/ht_nav_variables/include/ht_nav_variables/msg/detail/ht_nav_joint_state__builder.hpp
[0.913s] -- Up-to-date: /home/temur/INS-GPS-ROS2/install/ht_nav_variables/include/ht_nav_variables/msg/ht_nav_imu_data.hpp
[0.913s] -- Up-to-date: /home/temur/INS-GPS-ROS2/install/ht_nav_variables/include/ht_nav_variables/msg/ht_nav_deneme.hpp
[0.913s] -- Up-to-date: /home/temur/INS-GPS-ROS2/install/ht_nav_variables/include/ht_nav_variables/msg/ht_nav_gps_data.hpp
[0.913s] -- Up-to-date: /home/temur/INS-GPS-ROS2/install/ht_nav_variables/include/ht_nav_variables/msg/ht_nav_kalman_out.hpp
[0.913s] -- Up-to-date: /home/temur/INS-GPS-ROS2/install/ht_nav_variables/include/ht_nav_variables/msg/ht_nav_euler.hpp
[0.914s] -- Up-to-date: /home/temur/INS-GPS-ROS2/install/ht_nav_variables/include/ht_nav_variables/msg/ht_nav_tire_out.hpp
[0.914s] -- Up-to-date: /home/temur/INS-GPS-ROS2/install/ht_nav_variables/include/ht_nav_variables/msg/ht_nav_joint_state.hpp
[0.914s] -- Up-to-date: /home/temur/INS-GPS-ROS2/install/ht_nav_variables/include/ht_nav_variables/msg/ht_nav_strap_out.hpp
[0.914s] -- Up-to-date: /home/temur/INS-GPS-ROS2/install/ht_nav_variables/include/ht_nav_variables/msg/ht_nav_point.hpp
[0.914s] -- Up-to-date: /home/temur/INS-GPS-ROS2/install/ht_nav_variables/include/ht_nav_variables/msg/ht_nav_error_vector.hpp
[0.914s] -- Up-to-date: /home/temur/INS-GPS-ROS2/install/ht_nav_variables/include/ht_nav_variables/msg/ht_nav_quaternion.hpp
[0.914s] -- Up-to-date: /home/temur/INS-GPS-ROS2/install/ht_nav_variables/include/ht_nav_variables/msg/ht_nav_vector3.hpp
[0.914s] -- Up-to-date: /home/temur/INS-GPS-ROS2/install/ht_nav_variables/include/ht_nav_variables
[0.915s] -- Up-to-date: /home/temur/INS-GPS-ROS2/install/ht_nav_variables/include/ht_nav_variables/msg
[0.915s] -- Up-to-date: /home/temur/INS-GPS-ROS2/install/ht_nav_variables/include/ht_nav_variables/msg/detail
[0.915s] -- Up-to-date: /home/temur/INS-GPS-ROS2/install/ht_nav_variables/include/ht_nav_variables/msg/detail/ht_nav_quaternion__type_support.cpp
[0.915s] -- Up-to-date: /home/temur/INS-GPS-ROS2/install/ht_nav_variables/include/ht_nav_variables/msg/detail/ht_nav_euler__type_support.cpp
[0.915s] -- Up-to-date: /home/temur/INS-GPS-ROS2/install/ht_nav_variables/include/ht_nav_variables/msg/detail/ht_nav_joint_state__rosidl_typesupport_introspection_cpp.hpp
[0.915s] -- Up-to-date: /home/temur/INS-GPS-ROS2/install/ht_nav_variables/include/ht_nav_variables/msg/detail/ht_nav_deneme__rosidl_typesupport_introspection_cpp.hpp
[0.915s] -- Up-to-date: /home/temur/INS-GPS-ROS2/install/ht_nav_variables/include/ht_nav_variables/msg/detail/ht_nav_vector3__type_support.cpp
[0.915s] -- Up-to-date: /home/temur/INS-GPS-ROS2/install/ht_nav_variables/include/ht_nav_variables/msg/detail/ht_nav_tire_out__type_support.cpp
[0.915s] -- Up-to-date: /home/temur/INS-GPS-ROS2/install/ht_nav_variables/include/ht_nav_variables/msg/detail/ht_nav_quaternion__rosidl_typesupport_introspection_cpp.hpp
[0.916s] -- Up-to-date: /home/temur/INS-GPS-ROS2/install/ht_nav_variables/include/ht_nav_variables/msg/detail/ht_nav_tire_out__rosidl_typesupport_introspection_cpp.hpp
[0.916s] -- Up-to-date: /home/temur/INS-GPS-ROS2/install/ht_nav_variables/include/ht_nav_variables/msg/detail/ht_nav_gps_data__rosidl_typesupport_introspection_cpp.hpp
[0.916s] -- Up-to-date: /home/temur/INS-GPS-ROS2/install/ht_nav_variables/include/ht_nav_variables/msg/detail/ht_nav_point__rosidl_typesupport_introspection_cpp.hpp
[0.916s] -- Up-to-date: /home/temur/INS-GPS-ROS2/install/ht_nav_variables/include/ht_nav_variables/msg/detail/ht_nav_strap_out__rosidl_typesupport_introspection_cpp.hpp
[0.916s] -- Up-to-date: /home/temur/INS-GPS-ROS2/install/ht_nav_variables/include/ht_nav_variables/msg/detail/ht_nav_kalman_out__rosidl_typesupport_introspection_cpp.hpp
[0.916s] -- Up-to-date: /home/temur/INS-GPS-ROS2/install/ht_nav_variables/include/ht_nav_variables/msg/detail/ht_nav_gps_data__type_support.cpp
[0.916s] -- Up-to-date: /home/temur/INS-GPS-ROS2/install/ht_nav_variables/include/ht_nav_variables/msg/detail/ht_nav_error_vector__rosidl_typesupport_introspection_cpp.hpp
[0.916s] -- Up-to-date: /home/temur/INS-GPS-ROS2/install/ht_nav_variables/include/ht_nav_variables/msg/detail/ht_nav_point__type_support.cpp
[0.916s] -- Up-to-date: /home/temur/INS-GPS-ROS2/install/ht_nav_variables/include/ht_nav_variables/msg/detail/ht_nav_deneme__type_support.cpp
[0.916s] -- Up-to-date: /home/temur/INS-GPS-ROS2/install/ht_nav_variables/include/ht_nav_variables/msg/detail/ht_nav_wheel_vector__rosidl_typesupport_introspection_cpp.hpp
[0.916s] -- Up-to-date: /home/temur/INS-GPS-ROS2/install/ht_nav_variables/include/ht_nav_variables/msg/detail/ht_nav_imu_data__rosidl_typesupport_introspection_cpp.hpp
[0.917s] -- Up-to-date: /home/temur/INS-GPS-ROS2/install/ht_nav_variables/include/ht_nav_variables/msg/detail/ht_nav_joint_state__type_support.cpp
[0.917s] -- Up-to-date: /home/temur/INS-GPS-ROS2/install/ht_nav_variables/include/ht_nav_variables/msg/detail/ht_nav_wheel_vector__type_support.cpp
[0.917s] -- Up-to-date: /home/temur/INS-GPS-ROS2/install/ht_nav_variables/include/ht_nav_variables/msg/detail/ht_nav_kalman_out__type_support.cpp
[0.917s] -- Up-to-date: /home/temur/INS-GPS-ROS2/install/ht_nav_variables/include/ht_nav_variables/msg/detail/ht_nav_euler__rosidl_typesupport_introspection_cpp.hpp
[0.917s] -- Up-to-date: /home/temur/INS-GPS-ROS2/install/ht_nav_variables/include/ht_nav_variables/msg/detail/ht_nav_vector3__rosidl_typesupport_introspection_cpp.hpp
[0.917s] -- Up-to-date: /home/temur/INS-GPS-ROS2/install/ht_nav_variables/include/ht_nav_variables/msg/detail/ht_nav_strap_out__type_support.cpp
[0.917s] -- Up-to-date: /home/temur/INS-GPS-ROS2/install/ht_nav_variables/include/ht_nav_variables/msg/detail/ht_nav_imu_data__type_support.cpp
[0.917s] -- Up-to-date: /home/temur/INS-GPS-ROS2/install/ht_nav_variables/include/ht_nav_variables/msg/detail/ht_nav_error_vector__type_support.cpp
[0.917s] -- Up-to-date: /home/temur/INS-GPS-ROS2/install/ht_nav_variables/lib/libht_nav_variables__rosidl_typesupport_introspection_cpp.so
[0.917s] -- Up-to-date: /home/temur/INS-GPS-ROS2/install/ht_nav_variables/lib/libht_nav_variables__rosidl_typesupport_cpp.so
[0.917s] -- Up-to-date: /home/temur/INS-GPS-ROS2/install/ht_nav_variables/share/ht_nav_variables/environment/pythonpath.sh
[0.917s] -- Up-to-date: /home/temur/INS-GPS-ROS2/install/ht_nav_variables/share/ht_nav_variables/environment/pythonpath.dsv
[0.918s] -- Up-to-date: /home/temur/INS-GPS-ROS2/install/ht_nav_variables/lib/python3.8/site-packages/ht_nav_variables/__init__.py
[0.957s] -- Up-to-date: /home/temur/INS-GPS-ROS2/install/ht_nav_variables/lib/python3.8/site-packages/ht_nav_variables/msg
[0.958s] -- Up-to-date: /home/temur/INS-GPS-ROS2/install/ht_nav_variables/lib/python3.8/site-packages/ht_nav_variables/msg/_ht_nav_deneme.py
[0.958s] -- Up-to-date: /home/temur/INS-GPS-ROS2/install/ht_nav_variables/lib/python3.8/site-packages/ht_nav_variables/msg/_ht_nav_kalman_out.py
[0.958s] -- Up-to-date: /home/temur/INS-GPS-ROS2/install/ht_nav_variables/lib/python3.8/site-packages/ht_nav_variables/msg/_ht_nav_imu_data_s.c
[0.958s] -- Up-to-date: /home/temur/INS-GPS-ROS2/install/ht_nav_variables/lib/python3.8/site-packages/ht_nav_variables/msg/_ht_nav_wheel_vector.py
[0.958s] -- Up-to-date: /home/temur/INS-GPS-ROS2/install/ht_nav_variables/lib/python3.8/site-packages/ht_nav_variables/msg/_ht_nav_joint_state_s.c
[0.958s] -- Up-to-date: /home/temur/INS-GPS-ROS2/install/ht_nav_variables/lib/python3.8/site-packages/ht_nav_variables/msg/_ht_nav_tire_out.py
[0.959s] -- Up-to-date: /home/temur/INS-GPS-ROS2/install/ht_nav_variables/lib/python3.8/site-packages/ht_nav_variables/msg/_ht_nav_imu_data.py
[0.959s] -- Up-to-date: /home/temur/INS-GPS-ROS2/install/ht_nav_variables/lib/python3.8/site-packages/ht_nav_variables/msg/_ht_nav_strap_out_s.c
[0.959s] -- Up-to-date: /home/temur/INS-GPS-ROS2/install/ht_nav_variables/lib/python3.8/site-packages/ht_nav_variables/msg/_ht_nav_point.py
[0.959s] -- Up-to-date: /home/temur/INS-GPS-ROS2/install/ht_nav_variables/lib/python3.8/site-packages/ht_nav_variables/msg/_ht_nav_vector3.py
[0.959s] -- Up-to-date: /home/temur/INS-GPS-ROS2/install/ht_nav_variables/lib/python3.8/site-packages/ht_nav_variables/msg/_ht_nav_wheel_vector_s.c
[0.959s] -- Up-to-date: /home/temur/INS-GPS-ROS2/install/ht_nav_variables/lib/python3.8/site-packages/ht_nav_variables/msg/_ht_nav_gps_data.py
[0.960s] -- Up-to-date: /home/temur/INS-GPS-ROS2/install/ht_nav_variables/lib/python3.8/site-packages/ht_nav_variables/msg/_ht_nav_euler.py
[0.960s] -- Up-to-date: /home/temur/INS-GPS-ROS2/install/ht_nav_variables/lib/python3.8/site-packages/ht_nav_variables/msg/_ht_nav_kalman_out_s.c
[0.960s] -- Up-to-date: /home/temur/INS-GPS-ROS2/install/ht_nav_variables/lib/python3.8/site-packages/ht_nav_variables/msg/_ht_nav_quaternion_s.c
[0.960s] -- Up-to-date: /home/temur/INS-GPS-ROS2/install/ht_nav_variables/lib/python3.8/site-packages/ht_nav_variables/msg/_ht_nav_vector3_s.c
[0.960s] -- Up-to-date: /home/temur/INS-GPS-ROS2/install/ht_nav_variables/lib/python3.8/site-packages/ht_nav_variables/msg/_ht_nav_strap_out.py
[0.960s] -- Up-to-date: /home/temur/INS-GPS-ROS2/install/ht_nav_variables/lib/python3.8/site-packages/ht_nav_variables/msg/_ht_nav_error_vector.py
[0.961s] -- Up-to-date: /home/temur/INS-GPS-ROS2/install/ht_nav_variables/lib/python3.8/site-packages/ht_nav_variables/msg/_ht_nav_gps_data_s.c
[0.961s] -- Up-to-date: /home/temur/INS-GPS-ROS2/install/ht_nav_variables/lib/python3.8/site-packages/ht_nav_variables/msg/_ht_nav_joint_state.py
[0.961s] -- Up-to-date: /home/temur/INS-GPS-ROS2/install/ht_nav_variables/lib/python3.8/site-packages/ht_nav_variables/msg/_ht_nav_error_vector_s.c
[0.961s] -- Up-to-date: /home/temur/INS-GPS-ROS2/install/ht_nav_variables/lib/python3.8/site-packages/ht_nav_variables/msg/_ht_nav_euler_s.c
[0.961s] -- Up-to-date: /home/temur/INS-GPS-ROS2/install/ht_nav_variables/lib/python3.8/site-packages/ht_nav_variables/msg/_ht_nav_quaternion.py
[0.961s] -- Up-to-date: /home/temur/INS-GPS-ROS2/install/ht_nav_variables/lib/python3.8/site-packages/ht_nav_variables/msg/_ht_nav_tire_out_s.c
[0.961s] -- Up-to-date: /home/temur/INS-GPS-ROS2/install/ht_nav_variables/lib/python3.8/site-packages/ht_nav_variables/msg/_ht_nav_deneme_s.c
[0.961s] -- Up-to-date: /home/temur/INS-GPS-ROS2/install/ht_nav_variables/lib/python3.8/site-packages/ht_nav_variables/msg/_ht_nav_point_s.c
[0.962s] -- Up-to-date: /home/temur/INS-GPS-ROS2/install/ht_nav_variables/lib/python3.8/site-packages/ht_nav_variables/msg/__init__.py
[0.962s] -- Up-to-date: /home/temur/INS-GPS-ROS2/install/ht_nav_variables/lib/python3.8/site-packages/ht_nav_variables/ht_nav_variables_s__rosidl_typesupport_fastrtps_c.cpython-38-x86_64-linux-gnu.so
[0.962s] -- Up-to-date: /home/temur/INS-GPS-ROS2/install/ht_nav_variables/lib/python3.8/site-packages/ht_nav_variables/ht_nav_variables_s__rosidl_typesupport_introspection_c.cpython-38-x86_64-linux-gnu.so
[0.962s] -- Up-to-date: /home/temur/INS-GPS-ROS2/install/ht_nav_variables/lib/python3.8/site-packages/ht_nav_variables/ht_nav_variables_s__rosidl_typesupport_c.cpython-38-x86_64-linux-gnu.so
[0.963s] -- Up-to-date: /home/temur/INS-GPS-ROS2/install/ht_nav_variables/lib/libht_nav_variables__python.so
[0.964s] -- Up-to-date: /home/temur/INS-GPS-ROS2/install/ht_nav_variables/share/ht_nav_variables/msg/HtNavErrorVector.idl
[0.964s] -- Up-to-date: /home/temur/INS-GPS-ROS2/install/ht_nav_variables/share/ht_nav_variables/msg/HtNavEuler.idl
[0.965s] -- Up-to-date: /home/temur/INS-GPS-ROS2/install/ht_nav_variables/share/ht_nav_variables/msg/HtNavGpsData.idl
[0.965s] -- Up-to-date: /home/temur/INS-GPS-ROS2/install/ht_nav_variables/share/ht_nav_variables/msg/HtNavImuData.idl
[0.965s] -- Up-to-date: /home/temur/INS-GPS-ROS2/install/ht_nav_variables/share/ht_nav_variables/msg/HtNavKalmanOut.idl
[0.966s] -- Up-to-date: /home/temur/INS-GPS-ROS2/install/ht_nav_variables/share/ht_nav_variables/msg/HtNavStrapOut.idl
[0.966s] -- Up-to-date: /home/temur/INS-GPS-ROS2/install/ht_nav_variables/share/ht_nav_variables/msg/HtNavPoint.idl
[0.966s] -- Up-to-date: /home/temur/INS-GPS-ROS2/install/ht_nav_variables/share/ht_nav_variables/msg/HtNavVector3.idl
[0.966s] -- Up-to-date: /home/temur/INS-GPS-ROS2/install/ht_nav_variables/share/ht_nav_variables/msg/HtNavQuaternion.idl
[0.967s] -- Up-to-date: /home/temur/INS-GPS-ROS2/install/ht_nav_variables/share/ht_nav_variables/msg/HtNavDeneme.idl
[0.967s] -- Up-to-date: /home/temur/INS-GPS-ROS2/install/ht_nav_variables/share/ht_nav_variables/msg/HtNavWheelVector.idl
[0.967s] -- Up-to-date: /home/temur/INS-GPS-ROS2/install/ht_nav_variables/share/ht_nav_variables/msg/HtNavJointState.idl
[0.967s] -- Up-to-date: /home/temur/INS-GPS-ROS2/install/ht_nav_variables/share/ht_nav_variables/msg/HtNavTireOut.idl
[0.968s] -- Up-to-date: /home/temur/INS-GPS-ROS2/install/ht_nav_variables/share/ht_nav_variables/msg/HtNavErrorVector.msg
[0.968s] -- Up-to-date: /home/temur/INS-GPS-ROS2/install/ht_nav_variables/share/ht_nav_variables/msg/HtNavEuler.msg
[0.968s] -- Up-to-date: /home/temur/INS-GPS-ROS2/install/ht_nav_variables/share/ht_nav_variables/msg/HtNavGpsData.msg
[0.968s] -- Up-to-date: /home/temur/INS-GPS-ROS2/install/ht_nav_variables/share/ht_nav_variables/msg/HtNavImuData.msg
[0.968s] -- Up-to-date: /home/temur/INS-GPS-ROS2/install/ht_nav_variables/share/ht_nav_variables/msg/HtNavKalmanOut.msg
[0.968s] -- Up-to-date: /home/temur/INS-GPS-ROS2/install/ht_nav_variables/share/ht_nav_variables/msg/HtNavStrapOut.msg
[0.968s] -- Up-to-date: /home/temur/INS-GPS-ROS2/install/ht_nav_variables/share/ht_nav_variables/msg/HtNavPoint.msg
[0.969s] -- Up-to-date: /home/temur/INS-GPS-ROS2/install/ht_nav_variables/share/ht_nav_variables/msg/HtNavVector3.msg
[0.969s] -- Up-to-date: /home/temur/INS-GPS-ROS2/install/ht_nav_variables/share/ht_nav_variables/msg/HtNavQuaternion.msg
[0.969s] -- Up-to-date: /home/temur/INS-GPS-ROS2/install/ht_nav_variables/share/ht_nav_variables/msg/HtNavDeneme.msg
[0.969s] -- Up-to-date: /home/temur/INS-GPS-ROS2/install/ht_nav_variables/share/ht_nav_variables/msg/HtNavWheelVector.msg
[0.969s] -- Up-to-date: /home/temur/INS-GPS-ROS2/install/ht_nav_variables/share/ht_nav_variables/msg/HtNavJointState.msg
[0.969s] -- Up-to-date: /home/temur/INS-GPS-ROS2/install/ht_nav_variables/share/ht_nav_variables/msg/HtNavTireOut.msg
[0.970s] -- Up-to-date: /home/temur/INS-GPS-ROS2/install/ht_nav_variables/share/ament_index/resource_index/package_run_dependencies/ht_nav_variables
[0.970s] -- Up-to-date: /home/temur/INS-GPS-ROS2/install/ht_nav_variables/share/ament_index/resource_index/parent_prefix_path/ht_nav_variables
[0.970s] -- Up-to-date: /home/temur/INS-GPS-ROS2/install/ht_nav_variables/share/ht_nav_variables/environment/ament_prefix_path.sh
[0.970s] -- Up-to-date: /home/temur/INS-GPS-ROS2/install/ht_nav_variables/share/ht_nav_variables/environment/ament_prefix_path.dsv
[0.971s] -- Up-to-date: /home/temur/INS-GPS-ROS2/install/ht_nav_variables/share/ht_nav_variables/environment/path.sh
[0.971s] -- Up-to-date: /home/temur/INS-GPS-ROS2/install/ht_nav_variables/share/ht_nav_variables/environment/path.dsv
[0.971s] -- Up-to-date: /home/temur/INS-GPS-ROS2/install/ht_nav_variables/share/ht_nav_variables/local_setup.bash
[0.971s] -- Up-to-date: /home/temur/INS-GPS-ROS2/install/ht_nav_variables/share/ht_nav_variables/local_setup.sh
[0.972s] -- Up-to-date: /home/temur/INS-GPS-ROS2/install/ht_nav_variables/share/ht_nav_variables/local_setup.zsh
[0.972s] -- Up-to-date: /home/temur/INS-GPS-ROS2/install/ht_nav_variables/share/ht_nav_variables/local_setup.dsv
[0.972s] -- Installing: /home/temur/INS-GPS-ROS2/install/ht_nav_variables/share/ht_nav_variables/package.dsv
[0.972s] -- Up-to-date: /home/temur/INS-GPS-ROS2/install/ht_nav_variables/share/ament_index/resource_index/packages/ht_nav_variables
[0.972s] -- Up-to-date: /home/temur/INS-GPS-ROS2/install/ht_nav_variables/share/ht_nav_variables/cmake/ht_nav_variables__rosidl_generator_cExport.cmake
[0.972s] -- Up-to-date: /home/temur/INS-GPS-ROS2/install/ht_nav_variables/share/ht_nav_variables/cmake/ht_nav_variables__rosidl_generator_cExport-noconfig.cmake
[0.973s] -- Up-to-date: /home/temur/INS-GPS-ROS2/install/ht_nav_variables/share/ht_nav_variables/cmake/ht_nav_variables__rosidl_typesupport_introspection_cExport.cmake
[0.973s] -- Up-to-date: /home/temur/INS-GPS-ROS2/install/ht_nav_variables/share/ht_nav_variables/cmake/ht_nav_variables__rosidl_typesupport_introspection_cExport-noconfig.cmake
[0.973s] -- Up-to-date: /home/temur/INS-GPS-ROS2/install/ht_nav_variables/share/ht_nav_variables/cmake/ht_nav_variables__rosidl_typesupport_cExport.cmake
[0.974s] -- Up-to-date: /home/temur/INS-GPS-ROS2/install/ht_nav_variables/share/ht_nav_variables/cmake/ht_nav_variables__rosidl_typesupport_cExport-noconfig.cmake
[0.974s] -- Up-to-date: /home/temur/INS-GPS-ROS2/install/ht_nav_variables/share/ht_nav_variables/cmake/ht_nav_variables__rosidl_generator_cppExport.cmake
[0.974s] -- Up-to-date: /home/temur/INS-GPS-ROS2/install/ht_nav_variables/share/ht_nav_variables/cmake/ht_nav_variables__rosidl_typesupport_introspection_cppExport.cmake
[0.974s] -- Up-to-date: /home/temur/INS-GPS-ROS2/install/ht_nav_variables/share/ht_nav_variables/cmake/ht_nav_variables__rosidl_typesupport_introspection_cppExport-noconfig.cmake
[0.975s] -- Up-to-date: /home/temur/INS-GPS-ROS2/install/ht_nav_variables/share/ht_nav_variables/cmake/ht_nav_variables__rosidl_typesupport_cppExport.cmake
[0.976s] -- Up-to-date: /home/temur/INS-GPS-ROS2/install/ht_nav_variables/share/ht_nav_variables/cmake/ht_nav_variables__rosidl_typesupport_cppExport-noconfig.cmake
[0.976s] -- Up-to-date: /home/temur/INS-GPS-ROS2/install/ht_nav_variables/share/ht_nav_variables/cmake/rosidl_cmake-extras.cmake
[0.976s] -- Up-to-date: /home/temur/INS-GPS-ROS2/install/ht_nav_variables/share/ht_nav_variables/cmake/ament_cmake_export_dependencies-extras.cmake
[0.976s] -- Up-to-date: /home/temur/INS-GPS-ROS2/install/ht_nav_variables/share/ht_nav_variables/cmake/ament_cmake_export_libraries-extras.cmake
[0.976s] -- Up-to-date: /home/temur/INS-GPS-ROS2/install/ht_nav_variables/share/ht_nav_variables/cmake/ament_cmake_export_targets-extras.cmake
[0.977s] -- Up-to-date: /home/temur/INS-GPS-ROS2/install/ht_nav_variables/share/ht_nav_variables/cmake/ament_cmake_export_include_directories-extras.cmake
[0.977s] -- Up-to-date: /home/temur/INS-GPS-ROS2/install/ht_nav_variables/share/ht_nav_variables/cmake/rosidl_cmake_export_typesupport_libraries-extras.cmake
[0.977s] -- Up-to-date: /home/temur/INS-GPS-ROS2/install/ht_nav_variables/share/ht_nav_variables/cmake/rosidl_cmake_export_typesupport_targets-extras.cmake
[0.977s] -- Up-to-date: /home/temur/INS-GPS-ROS2/install/ht_nav_variables/share/ht_nav_variables/cmake/ht_nav_variablesConfig.cmake
[0.977s] -- Up-to-date: /home/temur/INS-GPS-ROS2/install/ht_nav_variables/share/ht_nav_variables/cmake/ht_nav_variablesConfig-version.cmake
[0.977s] -- Up-to-date: /home/temur/INS-GPS-ROS2/install/ht_nav_variables/share/ht_nav_variables/package.xml
[0.983s] Invoked command in '/home/temur/INS-GPS-ROS2/build/ht_nav_variables' returned '0': CMAKE_PREFIX_PATH=${CMAKE_PREFIX_PATH}:/home/temur/INS-GPS-ROS2/install/ht_strap_package:/opt/ros/foxy /usr/bin/cmake --install /home/temur/INS-GPS-ROS2/build/ht_nav_variables
